<?xml version="1.0" encoding="UTF-8" ?>
<testsuite tests="11" failures="2" name="TestSuite" time="87,662.25" errors="0" skipped="5">
  <properties>
    <property name="java.runtime.name" value="Java(TM) SE Runtime Environment"/>
    <property name="sun.boot.library.path" value="C:\Program Files\Java\jdk1.8.0_131\jre\bin"/>
    <property name="java.vm.version" value="25.131-b11"/>
    <property name="java.vm.vendor" value="Oracle Corporation"/>
    <property name="maven.multiModuleProjectDirectory" value="C:\Users\nikil kaarthi\workspace\FreeCRM"/>
    <property name="java.vendor.url" value="http://java.oracle.com/"/>
    <property name="path.separator" value=";"/>
    <property name="guice.disable.misplaced.annotation.check" value="true"/>
    <property name="java.vm.name" value="Java HotSpot(TM) 64-Bit Server VM"/>
    <property name="file.encoding.pkg" value="sun.io"/>
    <property name="user.script" value=""/>
    <property name="user.country" value="US"/>
    <property name="sun.java.launcher" value="SUN_STANDARD"/>
    <property name="sun.os.patch.level" value=""/>
    <property name="java.vm.specification.name" value="Java Virtual Machine Specification"/>
    <property name="user.dir" value="C:\Users\nikil kaarthi\workspace\FreeCRM"/>
    <property name="java.runtime.version" value="1.8.0_131-b11"/>
    <property name="java.awt.graphicsenv" value="sun.awt.Win32GraphicsEnvironment"/>
    <property name="java.endorsed.dirs" value="C:\Program Files\Java\jdk1.8.0_131\jre\lib\endorsed"/>
    <property name="os.arch" value="amd64"/>
    <property name="java.io.tmpdir" value="C:\Users\NIKILK~1\AppData\Local\Temp\"/>
    <property name="line.separator" value="
"/>
    <property name="java.vm.specification.vendor" value="Oracle Corporation"/>
    <property name="user.variant" value=""/>
    <property name="os.name" value="Windows 8.1"/>
    <property name="classworlds.conf" value="C:\Users\nikil kaarthi\workspace\.metadata\.plugins\org.eclipse.m2e.launching\launches\m2conf8685344699019419378.tmp"/>
    <property name="sun.jnu.encoding" value="Cp1252"/>
    <property name="java.library.path" value="C:\Program Files\Java\jdk1.8.0_131\bin;C:\Windows\Sun\Java\bin;C:\Windows\system32;C:\Windows;C:/Program Files/java/jdk1.8.0_131/bin/../jre/bin/server;C:/Program Files/java/jdk1.8.0_131/bin/../jre/bin;C:/Program Files/java/jdk1.8.0_131/bin/../jre/lib/amd64;C:\Program Files\Broadcom\Broadcom 802.11;C:\oraclexe\app\oracle\product\11.2.0\server\bin;C:\Users\nikil kaarthi\Downloads\instantclient_12_1;C:\ProgramData\Oracle\Java\javapath;C:\Program Files (x86)\Intel\iCLS Client\;C:\Program Files\Intel\iCLS Client\;C:\Windows\system32;C:\Windows;C:\Windows\System32\Wbem;C:\Windows\System32\WindowsPowerShell\v1.0\;C:\Program Files\Hewlett-Packard\SimplePass\;C:\Program Files\Intel\Intel(R) Management Engine Components\DAL;C:\Program Files\Intel\Intel(R) Management Engine Components\IPT;C:\Program Files (x86)\Intel\Intel(R) Management Engine Components\DAL;C:\Program Files (x86)\Intel\Intel(R) Management Engine Components\IPT;C:\apache-maven-3.2.5\bin;c:\Program Files (x86)\Microsoft SQL Server\100\Tools\Binn\;c:\Program Files\Microsoft SQL Server\100\Tools\Binn\;c:\Program Files\Microsoft SQL Server\100\DTS\Binn\;C:\Program Files\Microsoft SQL Server\Client SDK\ODBC\110\Tools\Binn\;C:\Program Files (x86)\Microsoft SQL Server\120\Tools\Binn\;C:\Program Files\Microsoft SQL Server\120\Tools\Binn\;C:\Program Files\Microsoft SQL Server\120\DTS\Binn\;C:\Program Files (x86)\Microsoft SQL Server\120\Tools\Binn\ManagementStudio\;C:\Program Files (x86)\Microsoft SQL Server\120\DTS\Binn;C:\apache-ant-1.9.5\bin;C:\Program Files\java\jdk1.8.0_45;C:\Users\nikil kaarthi\Downloads\apache-maven-3.2.5\bin;c:\Program Files (x86)\Microsoft SQL Server\120\DTS\Binn\;C:\Program Files\java\jdk1.8.0_131\bin;C:\Users\nikil kaarthi\apache-maven-3.5.0\bin;C:\apache-ant-1.10.1\bin;C:\Users\nikil kaarthi\Downloads\geckodriver.exe;%ANDROID_HOME%build-tools%ANDROID_HOME%platform-tools%ANDROID_HOME%tools;C:\Program Files\nodejs\;C:\Users\nikil kaarthi\AppData\Roaming\npm;C:\Program Files\Microsoft VS Code\bin;C:\Users\nikil kaarthi\Desktop;;."/>
    <property name="java.specification.name" value="Java Platform API Specification"/>
    <property name="java.class.version" value="52.0"/>
    <property name="sun.management.compiler" value="HotSpot 64-Bit Tiered Compilers"/>
    <property name="os.version" value="6.3"/>
    <property name="user.home" value="C:\Users\nikil kaarthi"/>
    <property name="user.timezone" value="America/New_York"/>
    <property name="java.awt.printerjob" value="sun.awt.windows.WPrinterJob"/>
    <property name="java.specification.version" value="1.8"/>
    <property name="file.encoding" value="Cp1252"/>
    <property name="user.name" value="nikil kaarthi"/>
    <property name="java.class.path" value="/C:/Users/nikil kaarthi/eclipse/java-neon/eclipse/../../../.p2/pool/plugins/org.eclipse.m2e.maven.runtime_1.7.0.20160603-1931/jars/plexus-classworlds-2.5.2.jar"/>
    <property name="java.vm.specification.version" value="1.8"/>
    <property name="sun.arch.data.model" value="64"/>
    <property name="java.home" value="C:\Program Files\Java\jdk1.8.0_131\jre"/>
    <property name="sun.java.command" value="org.codehaus.plexus.classworlds.launcher.Launcher -B install"/>
    <property name="java.specification.vendor" value="Oracle Corporation"/>
    <property name="user.language" value="en"/>
    <property name="awt.toolkit" value="sun.awt.windows.WToolkit"/>
    <property name="java.vm.info" value="mixed mode"/>
    <property name="java.version" value="1.8.0_131"/>
    <property name="java.ext.dirs" value="C:\Program Files\Java\jdk1.8.0_131\jre\lib\ext;C:\Windows\Sun\Java\lib\ext"/>
    <property name="sun.boot.class.path" value="C:\Program Files\Java\jdk1.8.0_131\jre\lib\resources.jar;C:\Program Files\Java\jdk1.8.0_131\jre\lib\rt.jar;C:\Program Files\Java\jdk1.8.0_131\jre\lib\sunrsasign.jar;C:\Program Files\Java\jdk1.8.0_131\jre\lib\jsse.jar;C:\Program Files\Java\jdk1.8.0_131\jre\lib\jce.jar;C:\Program Files\Java\jdk1.8.0_131\jre\lib\charsets.jar;C:\Program Files\Java\jdk1.8.0_131\jre\lib\jfr.jar;C:\Program Files\Java\jdk1.8.0_131\jre\classes"/>
    <property name="java.vendor" value="Oracle Corporation"/>
    <property name="maven.home" value="C:\Users\nikil kaarthi\workspace\FreeCRM\EMBEDDED"/>
    <property name="file.separator" value="\"/>
    <property name="java.vendor.url.bug" value="http://bugreport.sun.com/bugreport/"/>
    <property name="sun.cpu.endian" value="little"/>
    <property name="sun.io.unicode.encoding" value="UnicodeLittle"/>
    <property name="sun.desktop" value="windows"/>
    <property name="sun.cpu.isalist" value="amd64"/>
  </properties>
  <testcase classname="com.crm.testcases.ContactsPageTest" name="setup" time="85,652.422">
    <failure type="java.lang.StackOverflowError">java.lang.StackOverflowError
	at sun.reflect.Reflection.quickCheckMemberAccess(Reflection.java:84)
	at java.lang.reflect.Method.invoke(Method.java:489)
	at org.openqa.selenium.support.events.EventFiringWebDriver$2.invoke(EventFiringWebDriver.java:103)
	at com.sun.proxy.$Proxy6.getScreenshotAs(Unknown Source)
	at org.openqa.selenium.support.events.EventFiringWebDriver.getScreenshotAs(EventFiringWebDriver.java:270)
	at com.crm.util.TestUtil.takeScreenshotAtEndOfTest(TestUtil.java:52)
	at com.crm.util.WebEventListener.onException(WebEventListener.java:55)
	at sun.reflect.GeneratedMethodAccessor1.invoke(Unknown Source)
	at sun.reflect.DelegatingMethodAccessorImpl.invoke(DelegatingMethodAccessorImpl.java:43)
	at java.lang.reflect.Method.invoke(Method.java:498)
	at org.openqa.selenium.support.events.EventFiringWebDriver$1.invoke(EventFiringWebDriver.java:80)
	at com.sun.proxy.$Proxy5.onException(Unknown Source)
	at org.openqa.selenium.support.events.EventFiringWebDriver$2.invoke(EventFiringWebDriver.java:105)
	at com.sun.proxy.$Proxy6.getScreenshotAs(Unknown Source)
	at org.openqa.selenium.support.events.EventFiringWebDriver.getScreenshotAs(EventFiringWebDriver.java:270)
	at com.crm.util.TestUtil.takeScreenshotAtEndOfTest(TestUtil.java:52)
	at com.crm.util.WebEventListener.onException(WebEventListener.java:55)
	at sun.reflect.GeneratedMethodAccessor1.invoke(Unknown Source)
	at sun.reflect.DelegatingMethodAccessorImpl.invoke(DelegatingMethodAccessorImpl.java:43)
	at java.lang.reflect.Method.invoke(Method.java:498)
	at org.openqa.selenium.support.events.EventFiringWebDriver$1.invoke(EventFiringWebDriver.java:80)
	at com.sun.proxy.$Proxy5.onException(Unknown Source)
	at org.openqa.selenium.support.events.EventFiringWebDriver$2.invoke(EventFiringWebDriver.java:105)
	at com.sun.proxy.$Proxy6.getScreenshotAs(Unknown Source)
	at org.openqa.selenium.support.events.EventFiringWebDriver.getScreenshotAs(EventFiringWebDriver.java:270)
	at com.crm.util.TestUtil.takeScreenshotAtEndOfTest(TestUtil.java:52)
	at com.crm.util.WebEventListener.onException(WebEventListener.java:55)
	at sun.reflect.GeneratedMethodAccessor1.invoke(Unknown Source)
	at sun.reflect.DelegatingMethodAccessorImpl.invoke(DelegatingMethodAccessorImpl.java:43)
	at java.lang.reflect.Method.invoke(Method.java:498)
	at org.openqa.selenium.support.events.EventFiringWebDriver$1.invoke(EventFiringWebDriver.java:80)
	at com.sun.proxy.$Proxy5.onException(Unknown Source)
	at org.openqa.selenium.support.events.EventFiringWebDriver$2.invoke(EventFiringWebDriver.java:105)
	at com.sun.proxy.$Proxy6.getScreenshotAs(Unknown Source)
	at org.openqa.selenium.support.events.EventFiringWebDriver.getScreenshotAs(EventFiringWebDriver.java:270)
	at com.crm.util.TestUtil.takeScreenshotAtEndOfTest(TestUtil.java:52)
	at com.crm.util.WebEventListener.onException(WebEventListener.java:55)
	at sun.reflect.GeneratedMethodAccessor1.invoke(Unknown Source)
	at sun.reflect.DelegatingMethodAccessorImpl.invoke(DelegatingMethodAccessorImpl.java:43)
	at java.lang.reflect.Method.invoke(Method.java:498)
	at org.openqa.selenium.support.events.EventFiringWebDriver$1.invoke(EventFiringWebDriver.java:80)
	at com.sun.proxy.$Proxy5.onException(Unknown Source)
	at org.openqa.selenium.support.events.EventFiringWebDriver$2.invoke(EventFiringWebDriver.java:105)
	at com.sun.proxy.$Proxy6.getScreenshotAs(Unknown Source)
	at org.openqa.selenium.support.events.EventFiringWebDriver.getScreenshotAs(EventFiringWebDriver.java:270)
	at com.crm.util.TestUtil.takeScreenshotAtEndOfTest(TestUtil.java:52)
	at com.crm.util.WebEventListener.onException(WebEventListener.java:55)
	at sun.reflect.GeneratedMethodAccessor1.invoke(Unknown Source)
	at sun.reflect.DelegatingMethodAccessorImpl.invoke(DelegatingMethodAccessorImpl.java:43)
	at java.lang.reflect.Method.invoke(Method.java:498)
	at org.openqa.selenium.support.events.EventFiringWebDriver$1.invoke(EventFiringWebDriver.java:80)
	at com.sun.proxy.$Proxy5.onException(Unknown Source)
	at org.openqa.selenium.support.events.EventFiringWebDriver$2.invoke(EventFiringWebDriver.java:105)
	at com.sun.proxy.$Proxy6.getScreenshotAs(Unknown Source)
	at org.openqa.selenium.support.events.EventFiringWebDriver.getScreenshotAs(EventFiringWebDriver.java:270)
	at com.crm.util.TestUtil.takeScreenshotAtEndOfTest(TestUtil.java:52)
	at com.crm.util.WebEventListener.onException(WebEventListener.java:55)
	at sun.reflect.GeneratedMethodAccessor1.invoke(Unknown Source)
	at sun.reflect.DelegatingMethodAccessorImpl.invoke(DelegatingMethodAccessorImpl.java:43)
	at java.lang.reflect.Method.invoke(Method.java:498)
	at org.openqa.selenium.support.events.EventFiringWebDriver$1.invoke(EventFiringWebDriver.java:80)
	at com.sun.proxy.$Proxy5.onException(Unknown Source)
	at org.openqa.selenium.support.events.EventFiringWebDriver$2.invoke(EventFiringWebDriver.java:105)
	at com.sun.proxy.$Proxy6.getScreenshotAs(Unknown Source)
	at org.openqa.selenium.support.events.EventFiringWebDriver.getScreenshotAs(EventFiringWebDriver.java:270)
	at com.crm.util.TestUtil.takeScreenshotAtEndOfTest(TestUtil.java:52)
	at com.crm.util.WebEventListener.onException(WebEventListener.java:55)
	at sun.reflect.GeneratedMethodAccessor1.invoke(Unknown Source)
	at sun.reflect.DelegatingMethodAccessorImpl.invoke(DelegatingMethodAccessorImpl.java:43)
	at java.lang.reflect.Method.invoke(Method.java:498)
	at org.openqa.selenium.support.events.EventFiringWebDriver$1.invoke(EventFiringWebDriver.java:80)
	at com.sun.proxy.$Proxy5.onException(Unknown Source)
	at org.openqa.selenium.support.events.EventFiringWebDriver$2.invoke(EventFiringWebDriver.java:105)
	at com.sun.proxy.$Proxy6.getScreenshotAs(Unknown Source)
	at org.openqa.selenium.support.events.EventFiringWebDriver.getScreenshotAs(EventFiringWebDriver.java:270)
	at com.crm.util.TestUtil.takeScreenshotAtEndOfTest(TestUtil.java:52)
	at com.crm.util.WebEventListener.onException(WebEventListener.java:55)
	at sun.reflect.GeneratedMethodAccessor1.invoke(Unknown Source)
	at sun.reflect.DelegatingMethodAccessorImpl.invoke(DelegatingMethodAccessorImpl.java:43)
	at java.lang.reflect.Method.invoke(Method.java:498)
	at org.openqa.selenium.support.events.EventFiringWebDriver$1.invoke(EventFiringWebDriver.java:80)
	at com.sun.proxy.$Proxy5.onException(Unknown Source)
	at org.openqa.selenium.support.events.EventFiringWebDriver$2.invoke(EventFiringWebDriver.java:105)
	at com.sun.proxy.$Proxy6.getScreenshotAs(Unknown Source)
	at org.openqa.selenium.support.events.EventFiringWebDriver.getScreenshotAs(EventFiringWebDriver.java:270)
	at com.crm.util.TestUtil.takeScreenshotAtEndOfTest(TestUtil.java:52)
	at com.crm.util.WebEventListener.onException(WebEventListener.java:55)
	at sun.reflect.GeneratedMethodAccessor1.invoke(Unknown Source)
	at sun.reflect.DelegatingMethodAccessorImpl.invoke(DelegatingMethodAccessorImpl.java:43)
	at java.lang.reflect.Method.invoke(Method.java:498)
	at org.openqa.selenium.support.events.EventFiringWebDriver$1.invoke(EventFiringWebDriver.java:80)
	at com.sun.proxy.$Proxy5.onException(Unknown Source)
	at org.openqa.selenium.support.events.EventFiringWebDriver$2.invoke(EventFiringWebDriver.java:105)
	at com.sun.proxy.$Proxy6.getScreenshotAs(Unknown Source)
	at org.openqa.selenium.support.events.EventFiringWebDriver.getScreenshotAs(EventFiringWebDriver.java:270)
	at com.crm.util.TestUtil.takeScreenshotAtEndOfTest(TestUtil.java:52)
	at com.crm.util.WebEventListener.onException(WebEventListener.java:55)
	at sun.reflect.GeneratedMethodAccessor1.invoke(Unknown Source)
	at sun.reflect.DelegatingMethodAccessorImpl.invoke(DelegatingMethodAccessorImpl.java:43)
	at java.lang.reflect.Method.invoke(Method.java:498)
	at org.openqa.selenium.support.events.EventFiringWebDriver$1.invoke(EventFiringWebDriver.java:80)
	at com.sun.proxy.$Proxy5.onException(Unknown Source)
	at org.openqa.selenium.support.events.EventFiringWebDriver$2.invoke(EventFiringWebDriver.java:105)
	at com.sun.proxy.$Proxy6.getScreenshotAs(Unknown Source)
	at org.openqa.selenium.support.events.EventFiringWebDriver.getScreenshotAs(EventFiringWebDriver.java:270)
	at com.crm.util.TestUtil.takeScreenshotAtEndOfTest(TestUtil.java:52)
	at com.crm.util.WebEventListener.onException(WebEventListener.java:55)
	at sun.reflect.GeneratedMethodAccessor1.invoke(Unknown Source)
	at sun.reflect.DelegatingMethodAccessorImpl.invoke(DelegatingMethodAccessorImpl.java:43)
	at java.lang.reflect.Method.invoke(Method.java:498)
	at org.openqa.selenium.support.events.EventFiringWebDriver$1.invoke(EventFiringWebDriver.java:80)
	at com.sun.proxy.$Proxy5.onException(Unknown Source)
	at org.openqa.selenium.support.events.EventFiringWebDriver$2.invoke(EventFiringWebDriver.java:105)
	at com.sun.proxy.$Proxy6.getScreenshotAs(Unknown Source)
	at org.openqa.selenium.support.events.EventFiringWebDriver.getScreenshotAs(EventFiringWebDriver.java:270)
	at com.crm.util.TestUtil.takeScreenshotAtEndOfTest(TestUtil.java:52)
	at com.crm.util.WebEventListener.onException(WebEventListener.java:55)
	at sun.reflect.GeneratedMethodAccessor1.invoke(Unknown Source)
	at sun.reflect.DelegatingMethodAccessorImpl.invoke(DelegatingMethodAccessorImpl.java:43)
	at java.lang.reflect.Method.invoke(Method.java:498)
	at org.openqa.selenium.support.events.EventFiringWebDriver$1.invoke(EventFiringWebDriver.java:80)
	at com.sun.proxy.$Proxy5.onException(Unknown Source)
	at org.openqa.selenium.support.events.EventFiringWebDriver$2.invoke(EventFiringWebDriver.java:105)
	at com.sun.proxy.$Proxy6.getScreenshotAs(Unknown Source)
	at org.openqa.selenium.support.events.EventFiringWebDriver.getScreenshotAs(EventFiringWebDriver.java:270)
	at com.crm.util.TestUtil.takeScreenshotAtEndOfTest(TestUtil.java:52)
	at com.crm.util.WebEventListener.onException(WebEventListener.java:55)
	at sun.reflect.GeneratedMethodAccessor1.invoke(Unknown Source)
	at sun.reflect.DelegatingMethodAccessorImpl.invoke(DelegatingMethodAccessorImpl.java:43)
	at java.lang.reflect.Method.invoke(Method.java:498)
	at org.openqa.selenium.support.events.EventFiringWebDriver$1.invoke(EventFiringWebDriver.java:80)
	at com.sun.proxy.$Proxy5.onException(Unknown Source)
	at org.openqa.selenium.support.events.EventFiringWebDriver$2.invoke(EventFiringWebDriver.java:105)
	at com.sun.proxy.$Proxy6.getScreenshotAs(Unknown Source)
	at org.openqa.selenium.support.events.EventFiringWebDriver.getScreenshotAs(EventFiringWebDriver.java:270)
	at com.crm.util.TestUtil.takeScreenshotAtEndOfTest(TestUtil.java:52)
	at com.crm.util.WebEventListener.onException(WebEventListener.java:55)
	at sun.reflect.GeneratedMethodAccessor1.invoke(Unknown Source)
	at sun.reflect.DelegatingMethodAccessorImpl.invoke(DelegatingMethodAccessorImpl.java:43)
	at java.lang.reflect.Method.invoke(Method.java:498)
	at org.openqa.selenium.support.events.EventFiringWebDriver$1.invoke(EventFiringWebDriver.java:80)
	at com.sun.proxy.$Proxy5.onException(Unknown Source)
	at org.openqa.selenium.support.events.EventFiringWebDriver$2.invoke(EventFiringWebDriver.java:105)
	at com.sun.proxy.$Proxy6.getScreenshotAs(Unknown Source)
	at org.openqa.selenium.support.events.EventFiringWebDriver.getScreenshotAs(EventFiringWebDriver.java:270)
	at com.crm.util.TestUtil.takeScreenshotAtEndOfTest(TestUtil.java:52)
	at com.crm.util.WebEventListener.onException(WebEventListener.java:55)
	at sun.reflect.GeneratedMethodAccessor1.invoke(Unknown Source)
	at sun.reflect.DelegatingMethodAccessorImpl.invoke(DelegatingMethodAccessorImpl.java:43)
	at java.lang.reflect.Method.invoke(Method.java:498)
	at org.openqa.selenium.support.events.EventFiringWebDriver$1.invoke(EventFiringWebDriver.java:80)
	at com.sun.proxy.$Proxy5.onException(Unknown Source)
	at org.openqa.selenium.support.events.EventFiringWebDriver$2.invoke(EventFiringWebDriver.java:105)
	at com.sun.proxy.$Proxy6.getScreenshotAs(Unknown Source)
	at org.openqa.selenium.support.events.EventFiringWebDriver.getScreenshotAs(EventFiringWebDriver.java:270)
	at com.crm.util.TestUtil.takeScreenshotAtEndOfTest(TestUtil.java:52)
	at com.crm.util.WebEventListener.onException(WebEventListener.java:55)
	at sun.reflect.GeneratedMethodAccessor1.invoke(Unknown Source)
	at sun.reflect.DelegatingMethodAccessorImpl.invoke(DelegatingMethodAccessorImpl.java:43)
	at java.lang.reflect.Method.invoke(Method.java:498)
	at org.openqa.selenium.support.events.EventFiringWebDriver$1.invoke(EventFiringWebDriver.java:80)
	at com.sun.proxy.$Proxy5.onException(Unknown Source)
	at org.openqa.selenium.support.events.EventFiringWebDriver$2.invoke(EventFiringWebDriver.java:105)
	at com.sun.proxy.$Proxy6.getScreenshotAs(Unknown Source)
	at org.openqa.selenium.support.events.EventFiringWebDriver.getScreenshotAs(EventFiringWebDriver.java:270)
	at com.crm.util.TestUtil.takeScreenshotAtEndOfTest(TestUtil.java:52)
	at com.crm.util.WebEventListener.onException(WebEventListener.java:55)
	at sun.reflect.GeneratedMethodAccessor1.invoke(Unknown Source)
	at sun.reflect.DelegatingMethodAccessorImpl.invoke(DelegatingMethodAccessorImpl.java:43)
	at java.lang.reflect.Method.invoke(Method.java:498)
	at org.openqa.selenium.support.events.EventFiringWebDriver$1.invoke(EventFiringWebDriver.java:80)
	at com.sun.proxy.$Proxy5.onException(Unknown Source)
	at org.openqa.selenium.support.events.EventFiringWebDriver$2.invoke(EventFiringWebDriver.java:105)
	at com.sun.proxy.$Proxy6.getScreenshotAs(Unknown Source)
	at org.openqa.selenium.support.events.EventFiringWebDriver.getScreenshotAs(EventFiringWebDriver.java:270)
	at com.crm.util.TestUtil.takeScreenshotAtEndOfTest(TestUtil.java:52)
	at com.crm.util.WebEventListener.onException(WebEventListener.java:55)
	at sun.reflect.GeneratedMethodAccessor1.invoke(Unknown Source)
	at sun.reflect.DelegatingMethodAccessorImpl.invoke(DelegatingMethodAccessorImpl.java:43)
	at java.lang.reflect.Method.invoke(Method.java:498)
	at org.openqa.selenium.support.events.EventFiringWebDriver$1.invoke(EventFiringWebDriver.java:80)
	at com.sun.proxy.$Proxy5.onException(Unknown Source)
	at org.openqa.selenium.support.events.EventFiringWebDriver$2.invoke(EventFiringWebDriver.java:105)
	at com.sun.proxy.$Proxy6.getScreenshotAs(Unknown Source)
	at org.openqa.selenium.support.events.EventFiringWebDriver.getScreenshotAs(EventFiringWebDriver.java:270)
	at com.crm.util.TestUtil.takeScreenshotAtEndOfTest(TestUtil.java:52)
	at com.crm.util.WebEventListener.onException(WebEventListener.java:55)
	at sun.reflect.GeneratedMethodAccessor1.invoke(Unknown Source)
	at sun.reflect.DelegatingMethodAccessorImpl.invoke(DelegatingMethodAccessorImpl.java:43)
	at java.lang.reflect.Method.invoke(Method.java:498)
	at org.openqa.selenium.support.events.EventFiringWebDriver$1.invoke(EventFiringWebDriver.java:80)
	at com.sun.proxy.$Proxy5.onException(Unknown Source)
	at org.openqa.selenium.support.events.EventFiringWebDriver$2.invoke(EventFiringWebDriver.java:105)
	at com.sun.proxy.$Proxy6.getScreenshotAs(Unknown Source)
	at org.openqa.selenium.support.events.EventFiringWebDriver.getScreenshotAs(EventFiringWebDriver.java:270)
	at com.crm.util.TestUtil.takeScreenshotAtEndOfTest(TestUtil.java:52)
	at com.crm.util.WebEventListener.onException(WebEventListener.java:55)
	at sun.reflect.GeneratedMethodAccessor1.invoke(Unknown Source)
	at sun.reflect.DelegatingMethodAccessorImpl.invoke(DelegatingMethodAccessorImpl.java:43)
	at java.lang.reflect.Method.invoke(Method.java:498)
	at org.openqa.selenium.support.events.EventFiringWebDriver$1.invoke(EventFiringWebDriver.java:80)
	at com.sun.proxy.$Proxy5.onException(Unknown Source)
	at org.openqa.selenium.support.events.EventFiringWebDriver$2.invoke(EventFiringWebDriver.java:105)
	at com.sun.proxy.$Proxy6.getScreenshotAs(Unknown Source)
	at org.openqa.selenium.support.events.EventFiringWebDriver.getScreenshotAs(EventFiringWebDriver.java:270)
	at com.crm.util.TestUtil.takeScreenshotAtEndOfTest(TestUtil.java:52)
	at com.crm.util.WebEventListener.onException(WebEventListener.java:55)
	at sun.reflect.GeneratedMethodAccessor1.invoke(Unknown Source)
	at sun.reflect.DelegatingMethodAccessorImpl.invoke(DelegatingMethodAccessorImpl.java:43)
	at java.lang.reflect.Method.invoke(Method.java:498)
	at org.openqa.selenium.support.events.EventFiringWebDriver$1.invoke(EventFiringWebDriver.java:80)
	at com.sun.proxy.$Proxy5.onException(Unknown Source)
	at org.openqa.selenium.support.events.EventFiringWebDriver$2.invoke(EventFiringWebDriver.java:105)
	at com.sun.proxy.$Proxy6.getScreenshotAs(Unknown Source)
	at org.openqa.selenium.support.events.EventFiringWebDriver.getScreenshotAs(EventFiringWebDriver.java:270)
	at com.crm.util.TestUtil.takeScreenshotAtEndOfTest(TestUtil.java:52)
	at com.crm.util.WebEventListener.onException(WebEventListener.java:55)
	at sun.reflect.GeneratedMethodAccessor1.invoke(Unknown Source)
	at sun.reflect.DelegatingMethodAccessorImpl.invoke(DelegatingMethodAccessorImpl.java:43)
	at java.lang.reflect.Method.invoke(Method.java:498)
	at org.openqa.selenium.support.events.EventFiringWebDriver$1.invoke(EventFiringWebDriver.java:80)
	at com.sun.proxy.$Proxy5.onException(Unknown Source)
	at org.openqa.selenium.support.events.EventFiringWebDriver$2.invoke(EventFiringWebDriver.java:105)
	at com.sun.proxy.$Proxy6.getScreenshotAs(Unknown Source)
	at org.openqa.selenium.support.events.EventFiringWebDriver.getScreenshotAs(EventFiringWebDriver.java:270)
	at com.crm.util.TestUtil.takeScreenshotAtEndOfTest(TestUtil.java:52)
	at com.crm.util.WebEventListener.onException(WebEventListener.java:55)
	at sun.reflect.GeneratedMethodAccessor1.invoke(Unknown Source)
	at sun.reflect.DelegatingMethodAccessorImpl.invoke(DelegatingMethodAccessorImpl.java:43)
	at java.lang.reflect.Method.invoke(Method.java:498)
	at org.openqa.selenium.support.events.EventFiringWebDriver$1.invoke(EventFiringWebDriver.java:80)
	at com.sun.proxy.$Proxy5.onException(Unknown Source)
	at org.openqa.selenium.support.events.EventFiringWebDriver$2.invoke(EventFiringWebDriver.java:105)
	at com.sun.proxy.$Proxy6.getScreenshotAs(Unknown Source)
	at org.openqa.selenium.support.events.EventFiringWebDriver.getScreenshotAs(EventFiringWebDriver.java:270)
	at com.crm.util.TestUtil.takeScreenshotAtEndOfTest(TestUtil.java:52)
	at com.crm.util.WebEventListener.onException(WebEventListener.java:55)
	at sun.reflect.GeneratedMethodAccessor1.invoke(Unknown Source)
	at sun.reflect.DelegatingMethodAccessorImpl.invoke(DelegatingMethodAccessorImpl.java:43)
	at java.lang.reflect.Method.invoke(Method.java:498)
	at org.openqa.selenium.support.events.EventFiringWebDriver$1.invoke(EventFiringWebDriver.java:80)
	at com.sun.proxy.$Proxy5.onException(Unknown Source)
	at org.openqa.selenium.support.events.EventFiringWebDriver$2.invoke(EventFiringWebDriver.java:105)
	at com.sun.proxy.$Proxy6.getScreenshotAs(Unknown Source)
	at org.openqa.selenium.support.events.EventFiringWebDriver.getScreenshotAs(EventFiringWebDriver.java:270)
	at com.crm.util.TestUtil.takeScreenshotAtEndOfTest(TestUtil.java:52)
	at com.crm.util.WebEventListener.onException(WebEventListener.java:55)
	at sun.reflect.GeneratedMethodAccessor1.invoke(Unknown Source)
	at sun.reflect.DelegatingMethodAccessorImpl.invoke(DelegatingMethodAccessorImpl.java:43)
	at java.lang.reflect.Method.invoke(Method.java:498)
	at org.openqa.selenium.support.events.EventFiringWebDriver$1.invoke(EventFiringWebDriver.java:80)
	at com.sun.proxy.$Proxy5.onException(Unknown Source)
	at org.openqa.selenium.support.events.EventFiringWebDriver$2.invoke(EventFiringWebDriver.java:105)
	at com.sun.proxy.$Proxy6.getScreenshotAs(Unknown Source)
	at org.openqa.selenium.support.events.EventFiringWebDriver.getScreenshotAs(EventFiringWebDriver.java:270)
	at com.crm.util.TestUtil.takeScreenshotAtEndOfTest(TestUtil.java:52)
	at com.crm.util.WebEventListener.onException(WebEventListener.java:55)
	at sun.reflect.GeneratedMethodAccessor1.invoke(Unknown Source)
	at sun.reflect.DelegatingMethodAccessorImpl.invoke(DelegatingMethodAccessorImpl.java:43)
	at java.lang.reflect.Method.invoke(Method.java:498)
	at org.openqa.selenium.support.events.EventFiringWebDriver$1.invoke(EventFiringWebDriver.java:80)
	at com.sun.proxy.$Proxy5.onException(Unknown Source)
	at org.openqa.selenium.support.events.EventFiringWebDriver$2.invoke(EventFiringWebDriver.java:105)
	at com.sun.proxy.$Proxy6.getScreenshotAs(Unknown Source)
	at org.openqa.selenium.support.events.EventFiringWebDriver.getScreenshotAs(EventFiringWebDriver.java:270)
	at com.crm.util.TestUtil.takeScreenshotAtEndOfTest(TestUtil.java:52)
	at com.crm.util.WebEventListener.onException(WebEventListener.java:55)
	at sun.reflect.GeneratedMethodAccessor1.invoke(Unknown Source)
	at sun.reflect.DelegatingMethodAccessorImpl.invoke(DelegatingMethodAccessorImpl.java:43)
	at java.lang.reflect.Method.invoke(Method.java:498)
	at org.openqa.selenium.support.events.EventFiringWebDriver$1.invoke(EventFiringWebDriver.java:80)
	at com.sun.proxy.$Proxy5.onException(Unknown Source)
	at org.openqa.selenium.support.events.EventFiringWebDriver$2.invoke(EventFiringWebDriver.java:105)
	at com.sun.proxy.$Proxy6.getScreenshotAs(Unknown Source)
	at org.openqa.selenium.support.events.EventFiringWebDriver.getScreenshotAs(EventFiringWebDriver.java:270)
	at com.crm.util.TestUtil.takeScreenshotAtEndOfTest(TestUtil.java:52)
	at com.crm.util.WebEventListener.onException(WebEventListener.java:55)
	at sun.reflect.GeneratedMethodAccessor1.invoke(Unknown Source)
	at sun.reflect.DelegatingMethodAccessorImpl.invoke(DelegatingMethodAccessorImpl.java:43)
	at java.lang.reflect.Method.invoke(Method.java:498)
	at org.openqa.selenium.support.events.EventFiringWebDriver$1.invoke(EventFiringWebDriver.java:80)
	at com.sun.proxy.$Proxy5.onException(Unknown Source)
	at org.openqa.selenium.support.events.EventFiringWebDriver$2.invoke(EventFiringWebDriver.java:105)
	at com.sun.proxy.$Proxy6.getScreenshotAs(Unknown Source)
	at org.openqa.selenium.support.events.EventFiringWebDriver.getScreenshotAs(EventFiringWebDriver.java:270)
	at com.crm.util.TestUtil.takeScreenshotAtEndOfTest(TestUtil.java:52)
	at com.crm.util.WebEventListener.onException(WebEventListener.java:55)
	at sun.reflect.GeneratedMethodAccessor1.invoke(Unknown Source)
	at sun.reflect.DelegatingMethodAccessorImpl.invoke(DelegatingMethodAccessorImpl.java:43)
	at java.lang.reflect.Method.invoke(Method.java:498)
	at org.openqa.selenium.support.events.EventFiringWebDriver$1.invoke(EventFiringWebDriver.java:80)
	at com.sun.proxy.$Proxy5.onException(Unknown Source)
	at org.openqa.selenium.support.events.EventFiringWebDriver$2.invoke(EventFiringWebDriver.java:105)
	at com.sun.proxy.$Proxy6.getScreenshotAs(Unknown Source)
	at org.openqa.selenium.support.events.EventFiringWebDriver.getScreenshotAs(EventFiringWebDriver.java:270)
	at com.crm.util.TestUtil.takeScreenshotAtEndOfTest(TestUtil.java:52)
	at com.crm.util.WebEventListener.onException(WebEventListener.java:55)
	at sun.reflect.GeneratedMethodAccessor1.invoke(Unknown Source)
	at sun.reflect.DelegatingMethodAccessorImpl.invoke(DelegatingMethodAccessorImpl.java:43)
	at java.lang.reflect.Method.invoke(Method.java:498)
	at org.openqa.selenium.support.events.EventFiringWebDriver$1.invoke(EventFiringWebDriver.java:80)
	at com.sun.proxy.$Proxy5.onException(Unknown Source)
	at org.openqa.selenium.support.events.EventFiringWebDriver$2.invoke(EventFiringWebDriver.java:105)
	at com.sun.proxy.$Proxy6.getScreenshotAs(Unknown Source)
	at org.openqa.selenium.support.events.EventFiringWebDriver.getScreenshotAs(EventFiringWebDriver.java:270)
	at com.crm.util.TestUtil.takeScreenshotAtEndOfTest(TestUtil.java:52)
	at com.crm.util.WebEventListener.onException(WebEventListener.java:55)
	at sun.reflect.GeneratedMethodAccessor1.invoke(Unknown Source)
	at sun.reflect.DelegatingMethodAccessorImpl.invoke(DelegatingMethodAccessorImpl.java:43)
	at java.lang.reflect.Method.invoke(Method.java:498)
	at org.openqa.selenium.support.events.EventFiringWebDriver$1.invoke(EventFiringWebDriver.java:80)
	at com.sun.proxy.$Proxy5.onException(Unknown Source)
	at org.openqa.selenium.support.events.EventFiringWebDriver$2.invoke(EventFiringWebDriver.java:105)
	at com.sun.proxy.$Proxy6.getScreenshotAs(Unknown Source)
	at org.openqa.selenium.support.events.EventFiringWebDriver.getScreenshotAs(EventFiringWebDriver.java:270)
	at com.crm.util.TestUtil.takeScreenshotAtEndOfTest(TestUtil.java:52)
	at com.crm.util.WebEventListener.onException(WebEventListener.java:55)
	at sun.reflect.GeneratedMethodAccessor1.invoke(Unknown Source)
	at sun.reflect.DelegatingMethodAccessorImpl.invoke(DelegatingMethodAccessorImpl.java:43)
	at java.lang.reflect.Method.invoke(Method.java:498)
	at org.openqa.selenium.support.events.EventFiringWebDriver$1.invoke(EventFiringWebDriver.java:80)
	at com.sun.proxy.$Proxy5.onException(Unknown Source)
	at org.openqa.selenium.support.events.EventFiringWebDriver$2.invoke(EventFiringWebDriver.java:105)
	at com.sun.proxy.$Proxy6.getScreenshotAs(Unknown Source)
	at org.openqa.selenium.support.events.EventFiringWebDriver.getScreenshotAs(EventFiringWebDriver.java:270)
	at com.crm.util.TestUtil.takeScreenshotAtEndOfTest(TestUtil.java:52)
	at com.crm.util.WebEventListener.onException(WebEventListener.java:55)
	at sun.reflect.GeneratedMethodAccessor1.invoke(Unknown Source)
	at sun.reflect.DelegatingMethodAccessorImpl.invoke(DelegatingMethodAccessorImpl.java:43)
	at java.lang.reflect.Method.invoke(Method.java:498)
	at org.openqa.selenium.support.events.EventFiringWebDriver$1.invoke(EventFiringWebDriver.java:80)
	at com.sun.proxy.$Proxy5.onException(Unknown Source)
	at org.openqa.selenium.support.events.EventFiringWebDriver$2.invoke(EventFiringWebDriver.java:105)
	at com.sun.proxy.$Proxy6.getScreenshotAs(Unknown Source)
	at org.openqa.selenium.support.events.EventFiringWebDriver.getScreenshotAs(EventFiringWebDriver.java:270)
	at com.crm.util.TestUtil.takeScreenshotAtEndOfTest(TestUtil.java:52)
	at com.crm.util.WebEventListener.onException(WebEventListener.java:55)
	at sun.reflect.GeneratedMethodAccessor1.invoke(Unknown Source)
	at sun.reflect.DelegatingMethodAccessorImpl.invoke(DelegatingMethodAccessorImpl.java:43)
	at java.lang.reflect.Method.invoke(Method.java:498)
	at org.openqa.selenium.support.events.EventFiringWebDriver$1.invoke(EventFiringWebDriver.java:80)
	at com.sun.proxy.$Proxy5.onException(Unknown Source)
	at org.openqa.selenium.support.events.EventFiringWebDriver$2.invoke(EventFiringWebDriver.java:105)
	at com.sun.proxy.$Proxy6.getScreenshotAs(Unknown Source)
	at org.openqa.selenium.support.events.EventFiringWebDriver.getScreenshotAs(EventFiringWebDriver.java:270)
	at com.crm.util.TestUtil.takeScreenshotAtEndOfTest(TestUtil.java:52)
	at com.crm.util.WebEventListener.onException(WebEventListener.java:55)
	at sun.reflect.GeneratedMethodAccessor1.invoke(Unknown Source)
	at sun.reflect.DelegatingMethodAccessorImpl.invoke(DelegatingMethodAccessorImpl.java:43)
	at java.lang.reflect.Method.invoke(Method.java:498)
	at org.openqa.selenium.support.events.EventFiringWebDriver$1.invoke(EventFiringWebDriver.java:80)
	at com.sun.proxy.$Proxy5.onException(Unknown Source)
	at org.openqa.selenium.support.events.EventFiringWebDriver$2.invoke(EventFiringWebDriver.java:105)
	at com.sun.proxy.$Proxy6.getScreenshotAs(Unknown Source)
	at org.openqa.selenium.support.events.EventFiringWebDriver.getScreenshotAs(EventFiringWebDriver.java:270)
	at com.crm.util.TestUtil.takeScreenshotAtEndOfTest(TestUtil.java:52)
	at com.crm.util.WebEventListener.onException(WebEventListener.java:55)
	at sun.reflect.GeneratedMethodAccessor1.invoke(Unknown Source)
	at sun.reflect.DelegatingMethodAccessorImpl.invoke(DelegatingMethodAccessorImpl.java:43)
	at java.lang.reflect.Method.invoke(Method.java:498)
	at org.openqa.selenium.support.events.EventFiringWebDriver$1.invoke(EventFiringWebDriver.java:80)
	at com.sun.proxy.$Proxy5.onException(Unknown Source)
	at org.openqa.selenium.support.events.EventFiringWebDriver$2.invoke(EventFiringWebDriver.java:105)
	at com.sun.proxy.$Proxy6.getScreenshotAs(Unknown Source)
	at org.openqa.selenium.support.events.EventFiringWebDriver.getScreenshotAs(EventFiringWebDriver.java:270)
	at com.crm.util.TestUtil.takeScreenshotAtEndOfTest(TestUtil.java:52)
	at com.crm.util.WebEventListener.onException(WebEventListener.java:55)
	at sun.reflect.GeneratedMethodAccessor1.invoke(Unknown Source)
	at sun.reflect.DelegatingMethodAccessorImpl.invoke(DelegatingMethodAccessorImpl.java:43)
	at java.lang.reflect.Method.invoke(Method.java:498)
	at org.openqa.selenium.support.events.EventFiringWebDriver$1.invoke(EventFiringWebDriver.java:80)
	at com.sun.proxy.$Proxy5.onException(Unknown Source)
	at org.openqa.selenium.support.events.EventFiringWebDriver$2.invoke(EventFiringWebDriver.java:105)
	at com.sun.proxy.$Proxy6.getScreenshotAs(Unknown Source)
	at org.openqa.selenium.support.events.EventFiringWebDriver.getScreenshotAs(EventFiringWebDriver.java:270)
	at com.crm.util.TestUtil.takeScreenshotAtEndOfTest(TestUtil.java:52)
	at com.crm.util.WebEventListener.onException(WebEventListener.java:55)
	at sun.reflect.GeneratedMethodAccessor1.invoke(Unknown Source)
	at sun.reflect.DelegatingMethodAccessorImpl.invoke(DelegatingMethodAccessorImpl.java:43)
	at java.lang.reflect.Method.invoke(Method.java:498)
	at org.openqa.selenium.support.events.EventFiringWebDriver$1.invoke(EventFiringWebDriver.java:80)
	at com.sun.proxy.$Proxy5.onException(Unknown Source)
	at org.openqa.selenium.support.events.EventFiringWebDriver$2.invoke(EventFiringWebDriver.java:105)
	at com.sun.proxy.$Proxy6.getScreenshotAs(Unknown Source)
	at org.openqa.selenium.support.events.EventFiringWebDriver.getScreenshotAs(EventFiringWebDriver.java:270)
	at com.crm.util.TestUtil.takeScreenshotAtEndOfTest(TestUtil.java:52)
	at com.crm.util.WebEventListener.onException(WebEventListener.java:55)
	at sun.reflect.GeneratedMethodAccessor1.invoke(Unknown Source)
	at sun.reflect.DelegatingMethodAccessorImpl.invoke(DelegatingMethodAccessorImpl.java:43)
	at java.lang.reflect.Method.invoke(Method.java:498)
	at org.openqa.selenium.support.events.EventFiringWebDriver$1.invoke(EventFiringWebDriver.java:80)
	at com.sun.proxy.$Proxy5.onException(Unknown Source)
	at org.openqa.selenium.support.events.EventFiringWebDriver$2.invoke(EventFiringWebDriver.java:105)
	at com.sun.proxy.$Proxy6.getScreenshotAs(Unknown Source)
	at org.openqa.selenium.support.events.EventFiringWebDriver.getScreenshotAs(EventFiringWebDriver.java:270)
	at com.crm.util.TestUtil.takeScreenshotAtEndOfTest(TestUtil.java:52)
	at com.crm.util.WebEventListener.onException(WebEventListener.java:55)
	at sun.reflect.GeneratedMethodAccessor1.invoke(Unknown Source)
	at sun.reflect.DelegatingMethodAccessorImpl.invoke(DelegatingMethodAccessorImpl.java:43)
	at java.lang.reflect.Method.invoke(Method.java:498)
	at org.openqa.selenium.support.events.EventFiringWebDriver$1.invoke(EventFiringWebDriver.java:80)
	at com.sun.proxy.$Proxy5.onException(Unknown Source)
	at org.openqa.selenium.support.events.EventFiringWebDriver$2.invoke(EventFiringWebDriver.java:105)
	at com.sun.proxy.$Proxy6.getScreenshotAs(Unknown Source)
	at org.openqa.selenium.support.events.EventFiringWebDriver.getScreenshotAs(EventFiringWebDriver.java:270)
	at com.crm.util.TestUtil.takeScreenshotAtEndOfTest(TestUtil.java:52)
	at com.crm.util.WebEventListener.onException(WebEventListener.java:55)
	at sun.reflect.GeneratedMethodAccessor1.invoke(Unknown Source)
	at sun.reflect.DelegatingMethodAccessorImpl.invoke(DelegatingMethodAccessorImpl.java:43)
	at java.lang.reflect.Method.invoke(Method.java:498)
	at org.openqa.selenium.support.events.EventFiringWebDriver$1.invoke(EventFiringWebDriver.java:80)
	at com.sun.proxy.$Proxy5.onException(Unknown Source)
	at org.openqa.selenium.support.events.EventFiringWebDriver$2.invoke(EventFiringWebDriver.java:105)
	at com.sun.proxy.$Proxy6.getScreenshotAs(Unknown Source)
	at org.openqa.selenium.support.events.EventFiringWebDriver.getScreenshotAs(EventFiringWebDriver.java:270)
	at com.crm.util.TestUtil.takeScreenshotAtEndOfTest(TestUtil.java:52)
	at com.crm.util.WebEventListener.onException(WebEventListener.java:55)
	at sun.reflect.GeneratedMethodAccessor1.invoke(Unknown Source)
	at sun.reflect.DelegatingMethodAccessorImpl.invoke(DelegatingMethodAccessorImpl.java:43)
	at java.lang.reflect.Method.invoke(Method.java:498)
	at org.openqa.selenium.support.events.EventFiringWebDriver$1.invoke(EventFiringWebDriver.java:80)
	at com.sun.proxy.$Proxy5.onException(Unknown Source)
	at org.openqa.selenium.support.events.EventFiringWebDriver$2.invoke(EventFiringWebDriver.java:105)
	at com.sun.proxy.$Proxy6.getScreenshotAs(Unknown Source)
	at org.openqa.selenium.support.events.EventFiringWebDriver.getScreenshotAs(EventFiringWebDriver.java:270)
	at com.crm.util.TestUtil.takeScreenshotAtEndOfTest(TestUtil.java:52)
	at com.crm.util.WebEventListener.onException(WebEventListener.java:55)
	at sun.reflect.GeneratedMethodAccessor1.invoke(Unknown Source)
	at sun.reflect.DelegatingMethodAccessorImpl.invoke(DelegatingMethodAccessorImpl.java:43)
	at java.lang.reflect.Method.invoke(Method.java:498)
	at org.openqa.selenium.support.events.EventFiringWebDriver$1.invoke(EventFiringWebDriver.java:80)
	at com.sun.proxy.$Proxy5.onException(Unknown Source)
	at org.openqa.selenium.support.events.EventFiringWebDriver$2.invoke(EventFiringWebDriver.java:105)
	at com.sun.proxy.$Proxy6.getScreenshotAs(Unknown Source)
	at org.openqa.selenium.support.events.EventFiringWebDriver.getScreenshotAs(EventFiringWebDriver.java:270)
	at com.crm.util.TestUtil.takeScreenshotAtEndOfTest(TestUtil.java:52)
	at com.crm.util.WebEventListener.onException(WebEventListener.java:55)
	at sun.reflect.GeneratedMethodAccessor1.invoke(Unknown Source)
	at sun.reflect.DelegatingMethodAccessorImpl.invoke(DelegatingMethodAccessorImpl.java:43)
	at java.lang.reflect.Method.invoke(Method.java:498)
	at org.openqa.selenium.support.events.EventFiringWebDriver$1.invoke(EventFiringWebDriver.java:80)
	at com.sun.proxy.$Proxy5.onException(Unknown Source)
	at org.openqa.selenium.support.events.EventFiringWebDriver$2.invoke(EventFiringWebDriver.java:105)
	at com.sun.proxy.$Proxy6.getScreenshotAs(Unknown Source)
	at org.openqa.selenium.support.events.EventFiringWebDriver.getScreenshotAs(EventFiringWebDriver.java:270)
	at com.crm.util.TestUtil.takeScreenshotAtEndOfTest(TestUtil.java:52)
	at com.crm.util.WebEventListener.onException(WebEventListener.java:55)
	at sun.reflect.GeneratedMethodAccessor1.invoke(Unknown Source)
	at sun.reflect.DelegatingMethodAccessorImpl.invoke(DelegatingMethodAccessorImpl.java:43)
	at java.lang.reflect.Method.invoke(Method.java:498)
	at org.openqa.selenium.support.events.EventFiringWebDriver$1.invoke(EventFiringWebDriver.java:80)
	at com.sun.proxy.$Proxy5.onException(Unknown Source)
	at org.openqa.selenium.support.events.EventFiringWebDriver$2.invoke(EventFiringWebDriver.java:105)
	at com.sun.proxy.$Proxy6.getScreenshotAs(Unknown Source)
	at org.openqa.selenium.support.events.EventFiringWebDriver.getScreenshotAs(EventFiringWebDriver.java:270)
	at com.crm.util.TestUtil.takeScreenshotAtEndOfTest(TestUtil.java:52)
	at com.crm.util.WebEventListener.onException(WebEventListener.java:55)
	at sun.reflect.GeneratedMethodAccessor1.invoke(Unknown Source)
	at sun.reflect.DelegatingMethodAccessorImpl.invoke(DelegatingMethodAccessorImpl.java:43)
	at java.lang.reflect.Method.invoke(Method.java:498)
	at org.openqa.selenium.support.events.EventFiringWebDriver$1.invoke(EventFiringWebDriver.java:80)
	at com.sun.proxy.$Proxy5.onException(Unknown Source)
	at org.openqa.selenium.support.events.EventFiringWebDriver$2.invoke(EventFiringWebDriver.java:105)
	at com.sun.proxy.$Proxy6.getScreenshotAs(Unknown Source)
	at org.openqa.selenium.support.events.EventFiringWebDriver.getScreenshotAs(EventFiringWebDriver.java:270)
	at com.crm.util.TestUtil.takeScreenshotAtEndOfTest(TestUtil.java:52)
	at com.crm.util.WebEventListener.onException(WebEventListener.java:55)
	at sun.reflect.GeneratedMethodAccessor1.invoke(Unknown Source)
	at sun.reflect.DelegatingMethodAccessorImpl.invoke(DelegatingMethodAccessorImpl.java:43)
	at java.lang.reflect.Method.invoke(Method.java:498)
	at org.openqa.selenium.support.events.EventFiringWebDriver$1.invoke(EventFiringWebDriver.java:80)
	at com.sun.proxy.$Proxy5.onException(Unknown Source)
	at org.openqa.selenium.support.events.EventFiringWebDriver$2.invoke(EventFiringWebDriver.java:105)
	at com.sun.proxy.$Proxy6.getScreenshotAs(Unknown Source)
	at org.openqa.selenium.support.events.EventFiringWebDriver.getScreenshotAs(EventFiringWebDriver.java:270)
	at com.crm.util.TestUtil.takeScreenshotAtEndOfTest(TestUtil.java:52)
	at com.crm.util.WebEventListener.onException(WebEventListener.java:55)
	at sun.reflect.GeneratedMethodAccessor1.invoke(Unknown Source)
	at sun.reflect.DelegatingMethodAccessorImpl.invoke(DelegatingMethodAccessorImpl.java:43)
	at java.lang.reflect.Method.invoke(Method.java:498)
	at org.openqa.selenium.support.events.EventFiringWebDriver$1.invoke(EventFiringWebDriver.java:80)
	at com.sun.proxy.$Proxy5.onException(Unknown Source)
	at org.openqa.selenium.support.events.EventFiringWebDriver$2.invoke(EventFiringWebDriver.java:105)
	at com.sun.proxy.$Proxy6.getScreenshotAs(Unknown Source)
	at org.openqa.selenium.support.events.EventFiringWebDriver.getScreenshotAs(EventFiringWebDriver.java:270)
	at com.crm.util.TestUtil.takeScreenshotAtEndOfTest(TestUtil.java:52)
	at com.crm.util.WebEventListener.onException(WebEventListener.java:55)
	at sun.reflect.GeneratedMethodAccessor1.invoke(Unknown Source)
	at sun.reflect.DelegatingMethodAccessorImpl.invoke(DelegatingMethodAccessorImpl.java:43)
	at java.lang.reflect.Method.invoke(Method.java:498)
	at org.openqa.selenium.support.events.EventFiringWebDriver$1.invoke(EventFiringWebDriver.java:80)
	at com.sun.proxy.$Proxy5.onException(Unknown Source)
	at org.openqa.selenium.support.events.EventFiringWebDriver$2.invoke(EventFiringWebDriver.java:105)
	at com.sun.proxy.$Proxy6.getScreenshotAs(Unknown Source)
	at org.openqa.selenium.support.events.EventFiringWebDriver.getScreenshotAs(EventFiringWebDriver.java:270)
	at com.crm.util.TestUtil.takeScreenshotAtEndOfTest(TestUtil.java:52)
	at com.crm.util.WebEventListener.onException(WebEventListener.java:55)
	at sun.reflect.GeneratedMethodAccessor1.invoke(Unknown Source)
	at sun.reflect.DelegatingMethodAccessorImpl.invoke(DelegatingMethodAccessorImpl.java:43)
	at java.lang.reflect.Method.invoke(Method.java:498)
	at org.openqa.selenium.support.events.EventFiringWebDriver$1.invoke(EventFiringWebDriver.java:80)
	at com.sun.proxy.$Proxy5.onException(Unknown Source)
	at org.openqa.selenium.support.events.EventFiringWebDriver$2.invoke(EventFiringWebDriver.java:105)
	at com.sun.proxy.$Proxy6.getScreenshotAs(Unknown Source)
	at org.openqa.selenium.support.events.EventFiringWebDriver.getScreenshotAs(EventFiringWebDriver.java:270)
	at com.crm.util.TestUtil.takeScreenshotAtEndOfTest(TestUtil.java:52)
	at com.crm.util.WebEventListener.onException(WebEventListener.java:55)
	at sun.reflect.GeneratedMethodAccessor1.invoke(Unknown Source)
	at sun.reflect.DelegatingMethodAccessorImpl.invoke(DelegatingMethodAccessorImpl.java:43)
	at java.lang.reflect.Method.invoke(Method.java:498)
	at org.openqa.selenium.support.events.EventFiringWebDriver$1.invoke(EventFiringWebDriver.java:80)
	at com.sun.proxy.$Proxy5.onException(Unknown Source)
	at org.openqa.selenium.support.events.EventFiringWebDriver$2.invoke(EventFiringWebDriver.java:105)
	at com.sun.proxy.$Proxy6.getScreenshotAs(Unknown Source)
	at org.openqa.selenium.support.events.EventFiringWebDriver.getScreenshotAs(EventFiringWebDriver.java:270)
	at com.crm.util.TestUtil.takeScreenshotAtEndOfTest(TestUtil.java:52)
	at com.crm.util.WebEventListener.onException(WebEventListener.java:55)
	at sun.reflect.GeneratedMethodAccessor1.invoke(Unknown Source)
	at sun.reflect.DelegatingMethodAccessorImpl.invoke(DelegatingMethodAccessorImpl.java:43)
	at java.lang.reflect.Method.invoke(Method.java:498)
	at org.openqa.selenium.support.events.EventFiringWebDriver$1.invoke(EventFiringWebDriver.java:80)
	at com.sun.proxy.$Proxy5.onException(Unknown Source)
	at org.openqa.selenium.support.events.EventFiringWebDriver$2.invoke(EventFiringWebDriver.java:105)
	at com.sun.proxy.$Proxy6.getScreenshotAs(Unknown Source)
	at org.openqa.selenium.support.events.EventFiringWebDriver.getScreenshotAs(EventFiringWebDriver.java:270)
	at com.crm.util.TestUtil.takeScreenshotAtEndOfTest(TestUtil.java:52)
	at com.crm.util.WebEventListener.onException(WebEventListener.java:55)
	at sun.reflect.GeneratedMethodAccessor1.invoke(Unknown Source)
	at sun.reflect.DelegatingMethodAccessorImpl.invoke(DelegatingMethodAccessorImpl.java:43)
	at java.lang.reflect.Method.invoke(Method.java:498)
	at org.openqa.selenium.support.events.EventFiringWebDriver$1.invoke(EventFiringWebDriver.java:80)
	at com.sun.proxy.$Proxy5.onException(Unknown Source)
	at org.openqa.selenium.support.events.EventFiringWebDriver$2.invoke(EventFiringWebDriver.java:105)
	at com.sun.proxy.$Proxy6.getScreenshotAs(Unknown Source)
	at org.openqa.selenium.support.events.EventFiringWebDriver.getScreenshotAs(EventFiringWebDriver.java:270)
	at com.crm.util.TestUtil.takeScreenshotAtEndOfTest(TestUtil.java:52)
	at com.crm.util.WebEventListener.onException(WebEventListener.java:55)
	at sun.reflect.GeneratedMethodAccessor1.invoke(Unknown Source)
	at sun.reflect.DelegatingMethodAccessorImpl.invoke(DelegatingMethodAccessorImpl.java:43)
	at java.lang.reflect.Method.invoke(Method.java:498)
	at org.openqa.selenium.support.events.EventFiringWebDriver$1.invoke(EventFiringWebDriver.java:80)
	at com.sun.proxy.$Proxy5.onException(Unknown Source)
	at org.openqa.selenium.support.events.EventFiringWebDriver$2.invoke(EventFiringWebDriver.java:105)
	at com.sun.proxy.$Proxy6.getScreenshotAs(Unknown Source)
	at org.openqa.selenium.support.events.EventFiringWebDriver.getScreenshotAs(EventFiringWebDriver.java:270)
	at com.crm.util.TestUtil.takeScreenshotAtEndOfTest(TestUtil.java:52)
	at com.crm.util.WebEventListener.onException(WebEventListener.java:55)
	at sun.reflect.GeneratedMethodAccessor1.invoke(Unknown Source)
	at sun.reflect.DelegatingMethodAccessorImpl.invoke(DelegatingMethodAccessorImpl.java:43)
	at java.lang.reflect.Method.invoke(Method.java:498)
	at org.openqa.selenium.support.events.EventFiringWebDriver$1.invoke(EventFiringWebDriver.java:80)
	at com.sun.proxy.$Proxy5.onException(Unknown Source)
	at org.openqa.selenium.support.events.EventFiringWebDriver$2.invoke(EventFiringWebDriver.java:105)
	at com.sun.proxy.$Proxy6.getScreenshotAs(Unknown Source)
	at org.openqa.selenium.support.events.EventFiringWebDriver.getScreenshotAs(EventFiringWebDriver.java:270)
	at com.crm.util.TestUtil.takeScreenshotAtEndOfTest(TestUtil.java:52)
	at com.crm.util.WebEventListener.onException(WebEventListener.java:55)
	at sun.reflect.GeneratedMethodAccessor1.invoke(Unknown Source)
	at sun.reflect.DelegatingMethodAccessorImpl.invoke(DelegatingMethodAccessorImpl.java:43)
	at java.lang.reflect.Method.invoke(Method.java:498)
	at org.openqa.selenium.support.events.EventFiringWebDriver$1.invoke(EventFiringWebDriver.java:80)
	at com.sun.proxy.$Proxy5.onException(Unknown Source)
	at org.openqa.selenium.support.events.EventFiringWebDriver$2.invoke(EventFiringWebDriver.java:105)
	at com.sun.proxy.$Proxy6.getScreenshotAs(Unknown Source)
	at org.openqa.selenium.support.events.EventFiringWebDriver.getScreenshotAs(EventFiringWebDriver.java:270)
	at com.crm.util.TestUtil.takeScreenshotAtEndOfTest(TestUtil.java:52)
	at com.crm.util.WebEventListener.onException(WebEventListener.java:55)
	at sun.reflect.GeneratedMethodAccessor1.invoke(Unknown Source)
	at sun.reflect.DelegatingMethodAccessorImpl.invoke(DelegatingMethodAccessorImpl.java:43)
	at java.lang.reflect.Method.invoke(Method.java:498)
	at org.openqa.selenium.support.events.EventFiringWebDriver$1.invoke(EventFiringWebDriver.java:80)
	at com.sun.proxy.$Proxy5.onException(Unknown Source)
	at org.openqa.selenium.support.events.EventFiringWebDriver$2.invoke(EventFiringWebDriver.java:105)
	at com.sun.proxy.$Proxy6.getScreenshotAs(Unknown Source)
	at org.openqa.selenium.support.events.EventFiringWebDriver.getScreenshotAs(EventFiringWebDriver.java:270)
	at com.crm.util.TestUtil.takeScreenshotAtEndOfTest(TestUtil.java:52)
	at com.crm.util.WebEventListener.onException(WebEventListener.java:55)
	at sun.reflect.GeneratedMethodAccessor1.invoke(Unknown Source)
	at sun.reflect.DelegatingMethodAccessorImpl.invoke(DelegatingMethodAccessorImpl.java:43)
	at java.lang.reflect.Method.invoke(Method.java:498)
	at org.openqa.selenium.support.events.EventFiringWebDriver$1.invoke(EventFiringWebDriver.java:80)
	at com.sun.proxy.$Proxy5.onException(Unknown Source)
	at org.openqa.selenium.support.events.EventFiringWebDriver$2.invoke(EventFiringWebDriver.java:105)
	at com.sun.proxy.$Proxy6.getScreenshotAs(Unknown Source)
	at org.openqa.selenium.support.events.EventFiringWebDriver.getScreenshotAs(EventFiringWebDriver.java:270)
	at com.crm.util.TestUtil.takeScreenshotAtEndOfTest(TestUtil.java:52)
	at com.crm.util.WebEventListener.onException(WebEventListener.java:55)
	at sun.reflect.GeneratedMethodAccessor1.invoke(Unknown Source)
	at sun.reflect.DelegatingMethodAccessorImpl.invoke(DelegatingMethodAccessorImpl.java:43)
	at java.lang.reflect.Method.invoke(Method.java:498)
	at org.openqa.selenium.support.events.EventFiringWebDriver$1.invoke(EventFiringWebDriver.java:80)
	at com.sun.proxy.$Proxy5.onException(Unknown Source)
	at org.openqa.selenium.support.events.EventFiringWebDriver$2.invoke(EventFiringWebDriver.java:105)
	at com.sun.proxy.$Proxy6.getScreenshotAs(Unknown Source)
	at org.openqa.selenium.support.events.EventFiringWebDriver.getScreenshotAs(EventFiringWebDriver.java:270)
	at com.crm.util.TestUtil.takeScreenshotAtEndOfTest(TestUtil.java:52)
	at com.crm.util.WebEventListener.onException(WebEventListener.java:55)
	at sun.reflect.GeneratedMethodAccessor1.invoke(Unknown Source)
	at sun.reflect.DelegatingMethodAccessorImpl.invoke(DelegatingMethodAccessorImpl.java:43)
	at java.lang.reflect.Method.invoke(Method.java:498)
	at org.openqa.selenium.support.events.EventFiringWebDriver$1.invoke(EventFiringWebDriver.java:80)
	at com.sun.proxy.$Proxy5.onException(Unknown Source)
	at org.openqa.selenium.support.events.EventFiringWebDriver$2.invoke(EventFiringWebDriver.java:105)
	at com.sun.proxy.$Proxy6.getScreenshotAs(Unknown Source)
	at org.openqa.selenium.support.events.EventFiringWebDriver.getScreenshotAs(EventFiringWebDriver.java:270)
	at com.crm.util.TestUtil.takeScreenshotAtEndOfTest(TestUtil.java:52)
	at com.crm.util.WebEventListener.onException(WebEventListener.java:55)
	at sun.reflect.GeneratedMethodAccessor1.invoke(Unknown Source)
	at sun.reflect.DelegatingMethodAccessorImpl.invoke(DelegatingMethodAccessorImpl.java:43)
	at java.lang.reflect.Method.invoke(Method.java:498)
	at org.openqa.selenium.support.events.EventFiringWebDriver$1.invoke(EventFiringWebDriver.java:80)
	at com.sun.proxy.$Proxy5.onException(Unknown Source)
	at org.openqa.selenium.support.events.EventFiringWebDriver$2.invoke(EventFiringWebDriver.java:105)
	at com.sun.proxy.$Proxy6.getScreenshotAs(Unknown Source)
	at org.openqa.selenium.support.events.EventFiringWebDriver.getScreenshotAs(EventFiringWebDriver.java:270)
	at com.crm.util.TestUtil.takeScreenshotAtEndOfTest(TestUtil.java:52)
	at com.crm.util.WebEventListener.onException(WebEventListener.java:55)
	at sun.reflect.GeneratedMethodAccessor1.invoke(Unknown Source)
	at sun.reflect.DelegatingMethodAccessorImpl.invoke(DelegatingMethodAccessorImpl.java:43)
	at java.lang.reflect.Method.invoke(Method.java:498)
	at org.openqa.selenium.support.events.EventFiringWebDriver$1.invoke(EventFiringWebDriver.java:80)
	at com.sun.proxy.$Proxy5.onException(Unknown Source)
	at org.openqa.selenium.support.events.EventFiringWebDriver$2.invoke(EventFiringWebDriver.java:105)
	at com.sun.proxy.$Proxy6.getScreenshotAs(Unknown Source)
	at org.openqa.selenium.support.events.EventFiringWebDriver.getScreenshotAs(EventFiringWebDriver.java:270)
	at com.crm.util.TestUtil.takeScreenshotAtEndOfTest(TestUtil.java:52)
	at com.crm.util.WebEventListener.onException(WebEventListener.java:55)
	at sun.reflect.GeneratedMethodAccessor1.invoke(Unknown Source)
	at sun.reflect.DelegatingMethodAccessorImpl.invoke(DelegatingMethodAccessorImpl.java:43)
	at java.lang.reflect.Method.invoke(Method.java:498)
	at org.openqa.selenium.support.events.EventFiringWebDriver$1.invoke(EventFiringWebDriver.java:80)
	at com.sun.proxy.$Proxy5.onException(Unknown Source)
	at org.openqa.selenium.support.events.EventFiringWebDriver$2.invoke(EventFiringWebDriver.java:105)
	at com.sun.proxy.$Proxy6.getScreenshotAs(Unknown Source)
	at org.openqa.selenium.support.events.EventFiringWebDriver.getScreenshotAs(EventFiringWebDriver.java:270)
	at com.crm.util.TestUtil.takeScreenshotAtEndOfTest(TestUtil.java:52)
	at com.crm.util.WebEventListener.onException(WebEventListener.java:55)
	at sun.reflect.GeneratedMethodAccessor1.invoke(Unknown Source)
	at sun.reflect.DelegatingMethodAccessorImpl.invoke(DelegatingMethodAccessorImpl.java:43)
	at java.lang.reflect.Method.invoke(Method.java:498)
	at org.openqa.selenium.support.events.EventFiringWebDriver$1.invoke(EventFiringWebDriver.java:80)
	at com.sun.proxy.$Proxy5.onException(Unknown Source)
	at org.openqa.selenium.support.events.EventFiringWebDriver$2.invoke(EventFiringWebDriver.java:105)
	at com.sun.proxy.$Proxy6.getScreenshotAs(Unknown Source)
	at org.openqa.selenium.support.events.EventFiringWebDriver.getScreenshotAs(EventFiringWebDriver.java:270)
	at com.crm.util.TestUtil.takeScreenshotAtEndOfTest(TestUtil.java:52)
	at com.crm.util.WebEventListener.onException(WebEventListener.java:55)
	at sun.reflect.GeneratedMethodAccessor1.invoke(Unknown Source)
	at sun.reflect.DelegatingMethodAccessorImpl.invoke(DelegatingMethodAccessorImpl.java:43)
	at java.lang.reflect.Method.invoke(Method.java:498)
	at org.openqa.selenium.support.events.EventFiringWebDriver$1.invoke(EventFiringWebDriver.java:80)
	at com.sun.proxy.$Proxy5.onException(Unknown Source)
	at org.openqa.selenium.support.events.EventFiringWebDriver$2.invoke(EventFiringWebDriver.java:105)
	at com.sun.proxy.$Proxy6.getScreenshotAs(Unknown Source)
	at org.openqa.selenium.support.events.EventFiringWebDriver.getScreenshotAs(EventFiringWebDriver.java:270)
	at com.crm.util.TestUtil.takeScreenshotAtEndOfTest(TestUtil.java:52)
	at com.crm.util.WebEventListener.onException(WebEventListener.java:55)
	at sun.reflect.GeneratedMethodAccessor1.invoke(Unknown Source)
	at sun.reflect.DelegatingMethodAccessorImpl.invoke(DelegatingMethodAccessorImpl.java:43)
	at java.lang.reflect.Method.invoke(Method.java:498)
	at org.openqa.selenium.support.events.EventFiringWebDriver$1.invoke(EventFiringWebDriver.java:80)
	at com.sun.proxy.$Proxy5.onException(Unknown Source)
	at org.openqa.selenium.support.events.EventFiringWebDriver$2.invoke(EventFiringWebDriver.java:105)
	at com.sun.proxy.$Proxy6.getScreenshotAs(Unknown Source)
	at org.openqa.selenium.support.events.EventFiringWebDriver.getScreenshotAs(EventFiringWebDriver.java:270)
	at com.crm.util.TestUtil.takeScreenshotAtEndOfTest(TestUtil.java:52)
	at com.crm.util.WebEventListener.onException(WebEventListener.java:55)
	at sun.reflect.GeneratedMethodAccessor1.invoke(Unknown Source)
	at sun.reflect.DelegatingMethodAccessorImpl.invoke(DelegatingMethodAccessorImpl.java:43)
	at java.lang.reflect.Method.invoke(Method.java:498)
	at org.openqa.selenium.support.events.EventFiringWebDriver$1.invoke(EventFiringWebDriver.java:80)
	at com.sun.proxy.$Proxy5.onException(Unknown Source)
	at org.openqa.selenium.support.events.EventFiringWebDriver$2.invoke(EventFiringWebDriver.java:105)
	at com.sun.proxy.$Proxy6.getScreenshotAs(Unknown Source)
	at org.openqa.selenium.support.events.EventFiringWebDriver.getScreenshotAs(EventFiringWebDriver.java:270)
	at com.crm.util.TestUtil.takeScreenshotAtEndOfTest(TestUtil.java:52)
	at com.crm.util.WebEventListener.onException(WebEventListener.java:55)
	at sun.reflect.GeneratedMethodAccessor1.invoke(Unknown Source)
	at sun.reflect.DelegatingMethodAccessorImpl.invoke(DelegatingMethodAccessorImpl.java:43)
	at java.lang.reflect.Method.invoke(Method.java:498)
	at org.openqa.selenium.support.events.EventFiringWebDriver$1.invoke(EventFiringWebDriver.java:80)
	at com.sun.proxy.$Proxy5.onException(Unknown Source)
	at org.openqa.selenium.support.events.EventFiringWebDriver$2.invoke(EventFiringWebDriver.java:105)
	at com.sun.proxy.$Proxy6.getScreenshotAs(Unknown Source)
	at org.openqa.selenium.support.events.EventFiringWebDriver.getScreenshotAs(EventFiringWebDriver.java:270)
	at com.crm.util.TestUtil.takeScreenshotAtEndOfTest(TestUtil.java:52)
	at com.crm.util.WebEventListener.onException(WebEventListener.java:55)
	at sun.reflect.GeneratedMethodAccessor1.invoke(Unknown Source)
	at sun.reflect.DelegatingMethodAccessorImpl.invoke(DelegatingMethodAccessorImpl.java:43)
	at java.lang.reflect.Method.invoke(Method.java:498)
	at org.openqa.selenium.support.events.EventFiringWebDriver$1.invoke(EventFiringWebDriver.java:80)
	at com.sun.proxy.$Proxy5.onException(Unknown Source)
	at org.openqa.selenium.support.events.EventFiringWebDriver$2.invoke(EventFiringWebDriver.java:105)
	at com.sun.proxy.$Proxy6.getScreenshotAs(Unknown Source)
	at org.openqa.selenium.support.events.EventFiringWebDriver.getScreenshotAs(EventFiringWebDriver.java:270)
	at com.crm.util.TestUtil.takeScreenshotAtEndOfTest(TestUtil.java:52)
	at com.crm.util.WebEventListener.onException(WebEventListener.java:55)
	at sun.reflect.GeneratedMethodAccessor1.invoke(Unknown Source)
	at sun.reflect.DelegatingMethodAccessorImpl.invoke(DelegatingMethodAccessorImpl.java:43)
	at java.lang.reflect.Method.invoke(Method.java:498)
	at org.openqa.selenium.support.events.EventFiringWebDriver$1.invoke(EventFiringWebDriver.java:80)
	at com.sun.proxy.$Proxy5.onException(Unknown Source)
	at org.openqa.selenium.support.events.EventFiringWebDriver$2.invoke(EventFiringWebDriver.java:105)
	at com.sun.proxy.$Proxy6.getScreenshotAs(Unknown Source)
	at org.openqa.selenium.support.events.EventFiringWebDriver.getScreenshotAs(EventFiringWebDriver.java:270)
	at com.crm.util.TestUtil.takeScreenshotAtEndOfTest(TestUtil.java:52)
	at com.crm.util.WebEventListener.onException(WebEventListener.java:55)
	at sun.reflect.GeneratedMethodAccessor1.invoke(Unknown Source)
	at sun.reflect.DelegatingMethodAccessorImpl.invoke(DelegatingMethodAccessorImpl.java:43)
	at java.lang.reflect.Method.invoke(Method.java:498)
	at org.openqa.selenium.support.events.EventFiringWebDriver$1.invoke(EventFiringWebDriver.java:80)
	at com.sun.proxy.$Proxy5.onException(Unknown Source)
	at org.openqa.selenium.support.events.EventFiringWebDriver$2.invoke(EventFiringWebDriver.java:105)
	at com.sun.proxy.$Proxy6.getScreenshotAs(Unknown Source)
	at org.openqa.selenium.support.events.EventFiringWebDriver.getScreenshotAs(EventFiringWebDriver.java:270)
	at com.crm.util.TestUtil.takeScreenshotAtEndOfTest(TestUtil.java:52)
	at com.crm.util.WebEventListener.onException(WebEventListener.java:55)
	at sun.reflect.GeneratedMethodAccessor1.invoke(Unknown Source)
	at sun.reflect.DelegatingMethodAccessorImpl.invoke(DelegatingMethodAccessorImpl.java:43)
	at java.lang.reflect.Method.invoke(Method.java:498)
	at org.openqa.selenium.support.events.EventFiringWebDriver$1.invoke(EventFiringWebDriver.java:80)
	at com.sun.proxy.$Proxy5.onException(Unknown Source)
	at org.openqa.selenium.support.events.EventFiringWebDriver$2.invoke(EventFiringWebDriver.java:105)
	at com.sun.proxy.$Proxy6.getScreenshotAs(Unknown Source)
	at org.openqa.selenium.support.events.EventFiringWebDriver.getScreenshotAs(EventFiringWebDriver.java:270)
	at com.crm.util.TestUtil.takeScreenshotAtEndOfTest(TestUtil.java:52)
	at com.crm.util.WebEventListener.onException(WebEventListener.java:55)
	at sun.reflect.GeneratedMethodAccessor1.invoke(Unknown Source)
	at sun.reflect.DelegatingMethodAccessorImpl.invoke(DelegatingMethodAccessorImpl.java:43)
	at java.lang.reflect.Method.invoke(Method.java:498)
	at org.openqa.selenium.support.events.EventFiringWebDriver$1.invoke(EventFiringWebDriver.java:80)
	at com.sun.proxy.$Proxy5.onException(Unknown Source)
	at org.openqa.selenium.support.events.EventFiringWebDriver$2.invoke(EventFiringWebDriver.java:105)
	at com.sun.proxy.$Proxy6.getScreenshotAs(Unknown Source)
	at org.openqa.selenium.support.events.EventFiringWebDriver.getScreenshotAs(EventFiringWebDriver.java:270)
	at com.crm.util.TestUtil.takeScreenshotAtEndOfTest(TestUtil.java:52)
	at com.crm.util.WebEventListener.onException(WebEventListener.java:55)
	at sun.reflect.GeneratedMethodAccessor1.invoke(Unknown Source)
	at sun.reflect.DelegatingMethodAccessorImpl.invoke(DelegatingMethodAccessorImpl.java:43)
	at java.lang.reflect.Method.invoke(Method.java:498)
	at org.openqa.selenium.support.events.EventFiringWebDriver$1.invoke(EventFiringWebDriver.java:80)
	at com.sun.proxy.$Proxy5.onException(Unknown Source)
	at org.openqa.selenium.support.events.EventFiringWebDriver$2.invoke(EventFiringWebDriver.java:105)
	at com.sun.proxy.$Proxy6.getScreenshotAs(Unknown Source)
	at org.openqa.selenium.support.events.EventFiringWebDriver.getScreenshotAs(EventFiringWebDriver.java:270)
	at com.crm.util.TestUtil.takeScreenshotAtEndOfTest(TestUtil.java:52)
	at com.crm.util.WebEventListener.onException(WebEventListener.java:55)
	at sun.reflect.GeneratedMethodAccessor1.invoke(Unknown Source)
	at sun.reflect.DelegatingMethodAccessorImpl.invoke(DelegatingMethodAccessorImpl.java:43)
	at java.lang.reflect.Method.invoke(Method.java:498)
	at org.openqa.selenium.support.events.EventFiringWebDriver$1.invoke(EventFiringWebDriver.java:80)
	at com.sun.proxy.$Proxy5.onException(Unknown Source)
	at org.openqa.selenium.support.events.EventFiringWebDriver$2.invoke(EventFiringWebDriver.java:105)
	at com.sun.proxy.$Proxy6.getScreenshotAs(Unknown Source)
	at org.openqa.selenium.support.events.EventFiringWebDriver.getScreenshotAs(EventFiringWebDriver.java:270)
	at com.crm.util.TestUtil.takeScreenshotAtEndOfTest(TestUtil.java:52)
	at com.crm.util.WebEventListener.onException(WebEventListener.java:55)
	at sun.reflect.GeneratedMethodAccessor1.invoke(Unknown Source)
	at sun.reflect.DelegatingMethodAccessorImpl.invoke(DelegatingMethodAccessorImpl.java:43)
	at java.lang.reflect.Method.invoke(Method.java:498)
	at org.openqa.selenium.support.events.EventFiringWebDriver$1.invoke(EventFiringWebDriver.java:80)
	at com.sun.proxy.$Proxy5.onException(Unknown Source)
	at org.openqa.selenium.support.events.EventFiringWebDriver$2.invoke(EventFiringWebDriver.java:105)
	at com.sun.proxy.$Proxy6.getScreenshotAs(Unknown Source)
	at org.openqa.selenium.support.events.EventFiringWebDriver.getScreenshotAs(EventFiringWebDriver.java:270)
	at com.crm.util.TestUtil.takeScreenshotAtEndOfTest(TestUtil.java:52)
	at com.crm.util.WebEventListener.onException(WebEventListener.java:55)
	at sun.reflect.GeneratedMethodAccessor1.invoke(Unknown Source)
	at sun.reflect.DelegatingMethodAccessorImpl.invoke(DelegatingMethodAccessorImpl.java:43)
	at java.lang.reflect.Method.invoke(Method.java:498)
	at org.openqa.selenium.support.events.EventFiringWebDriver$1.invoke(EventFiringWebDriver.java:80)
	at com.sun.proxy.$Proxy5.onException(Unknown Source)
	at org.openqa.selenium.support.events.EventFiringWebDriver$2.invoke(EventFiringWebDriver.java:105)
	at com.sun.proxy.$Proxy6.getScreenshotAs(Unknown Source)
	at org.openqa.selenium.support.events.EventFiringWebDriver.getScreenshotAs(EventFiringWebDriver.java:270)
	at com.crm.util.TestUtil.takeScreenshotAtEndOfTest(TestUtil.java:52)
	at com.crm.util.WebEventListener.onException(WebEventListener.java:55)
	at sun.reflect.GeneratedMethodAccessor1.invoke(Unknown Source)
	at sun.reflect.DelegatingMethodAccessorImpl.invoke(DelegatingMethodAccessorImpl.java:43)
	at java.lang.reflect.Method.invoke(Method.java:498)
	at org.openqa.selenium.support.events.EventFiringWebDriver$1.invoke(EventFiringWebDriver.java:80)
	at com.sun.proxy.$Proxy5.onException(Unknown Source)
	at org.openqa.selenium.support.events.EventFiringWebDriver$2.invoke(EventFiringWebDriver.java:105)
	at com.sun.proxy.$Proxy6.getScreenshotAs(Unknown Source)
	at org.openqa.selenium.support.events.EventFiringWebDriver.getScreenshotAs(EventFiringWebDriver.java:270)
	at com.crm.util.TestUtil.takeScreenshotAtEndOfTest(TestUtil.java:52)
	at com.crm.util.WebEventListener.onException(WebEventListener.java:55)
	at sun.reflect.GeneratedMethodAccessor1.invoke(Unknown Source)
	at sun.reflect.DelegatingMethodAccessorImpl.invoke(DelegatingMethodAccessorImpl.java:43)
	at java.lang.reflect.Method.invoke(Method.java:498)
	at org.openqa.selenium.support.events.EventFiringWebDriver$1.invoke(EventFiringWebDriver.java:80)
	at com.sun.proxy.$Proxy5.onException(Unknown Source)
	at org.openqa.selenium.support.events.EventFiringWebDriver$2.invoke(EventFiringWebDriver.java:105)
	at com.sun.proxy.$Proxy6.getScreenshotAs(Unknown Source)
	at org.openqa.selenium.support.events.EventFiringWebDriver.getScreenshotAs(EventFiringWebDriver.java:270)
	at com.crm.util.TestUtil.takeScreenshotAtEndOfTest(TestUtil.java:52)
	at com.crm.util.WebEventListener.onException(WebEventListener.java:55)
	at sun.reflect.GeneratedMethodAccessor1.invoke(Unknown Source)
	at sun.reflect.DelegatingMethodAccessorImpl.invoke(DelegatingMethodAccessorImpl.java:43)
	at java.lang.reflect.Method.invoke(Method.java:498)
	at org.openqa.selenium.support.events.EventFiringWebDriver$1.invoke(EventFiringWebDriver.java:80)
	at com.sun.proxy.$Proxy5.onException(Unknown Source)
	at org.openqa.selenium.support.events.EventFiringWebDriver$2.invoke(EventFiringWebDriver.java:105)
	at com.sun.proxy.$Proxy6.getScreenshotAs(Unknown Source)
	at org.openqa.selenium.support.events.EventFiringWebDriver.getScreenshotAs(EventFiringWebDriver.java:270)
	at com.crm.util.TestUtil.takeScreenshotAtEndOfTest(TestUtil.java:52)
	at com.crm.util.WebEventListener.onException(WebEventListener.java:55)
	at sun.reflect.GeneratedMethodAccessor1.invoke(Unknown Source)
	at sun.reflect.DelegatingMethodAccessorImpl.invoke(DelegatingMethodAccessorImpl.java:43)
	at java.lang.reflect.Method.invoke(Method.java:498)
	at org.openqa.selenium.support.events.EventFiringWebDriver$1.invoke(EventFiringWebDriver.java:80)
	at com.sun.proxy.$Proxy5.onException(Unknown Source)
	at org.openqa.selenium.support.events.EventFiringWebDriver$2.invoke(EventFiringWebDriver.java:105)
	at com.sun.proxy.$Proxy6.getScreenshotAs(Unknown Source)
	at org.openqa.selenium.support.events.EventFiringWebDriver.getScreenshotAs(EventFiringWebDriver.java:270)
	at com.crm.util.TestUtil.takeScreenshotAtEndOfTest(TestUtil.java:52)
	at com.crm.util.WebEventListener.onException(WebEventListener.java:55)
	at sun.reflect.GeneratedMethodAccessor1.invoke(Unknown Source)
	at sun.reflect.DelegatingMethodAccessorImpl.invoke(DelegatingMethodAccessorImpl.java:43)
	at java.lang.reflect.Method.invoke(Method.java:498)
	at org.openqa.selenium.support.events.EventFiringWebDriver$1.invoke(EventFiringWebDriver.java:80)
	at com.sun.proxy.$Proxy5.onException(Unknown Source)
	at org.openqa.selenium.support.events.EventFiringWebDriver$2.invoke(EventFiringWebDriver.java:105)
	at com.sun.proxy.$Proxy6.getScreenshotAs(Unknown Source)
	at org.openqa.selenium.support.events.EventFiringWebDriver.getScreenshotAs(EventFiringWebDriver.java:270)
	at com.crm.util.TestUtil.takeScreenshotAtEndOfTest(TestUtil.java:52)
	at com.crm.util.WebEventListener.onException(WebEventListener.java:55)
	at sun.reflect.GeneratedMethodAccessor1.invoke(Unknown Source)
	at sun.reflect.DelegatingMethodAccessorImpl.invoke(DelegatingMethodAccessorImpl.java:43)
	at java.lang.reflect.Method.invoke(Method.java:498)
	at org.openqa.selenium.support.events.EventFiringWebDriver$1.invoke(EventFiringWebDriver.java:80)
	at com.sun.proxy.$Proxy5.onException(Unknown Source)
	at org.openqa.selenium.support.events.EventFiringWebDriver$2.invoke(EventFiringWebDriver.java:105)
	at com.sun.proxy.$Proxy6.getScreenshotAs(Unknown Source)
	at org.openqa.selenium.support.events.EventFiringWebDriver.getScreenshotAs(EventFiringWebDriver.java:270)
	at com.crm.util.TestUtil.takeScreenshotAtEndOfTest(TestUtil.java:52)
	at com.crm.util.WebEventListener.onException(WebEventListener.java:55)
	at sun.reflect.GeneratedMethodAccessor1.invoke(Unknown Source)
	at sun.reflect.DelegatingMethodAccessorImpl.invoke(DelegatingMethodAccessorImpl.java:43)
	at java.lang.reflect.Method.invoke(Method.java:498)
	at org.openqa.selenium.support.events.EventFiringWebDriver$1.invoke(EventFiringWebDriver.java:80)
	at com.sun.proxy.$Proxy5.onException(Unknown Source)
	at org.openqa.selenium.support.events.EventFiringWebDriver$2.invoke(EventFiringWebDriver.java:105)
	at com.sun.proxy.$Proxy6.getScreenshotAs(Unknown Source)
	at org.openqa.selenium.support.events.EventFiringWebDriver.getScreenshotAs(EventFiringWebDriver.java:270)
	at com.crm.util.TestUtil.takeScreenshotAtEndOfTest(TestUtil.java:52)
	at com.crm.util.WebEventListener.onException(WebEventListener.java:55)
	at sun.reflect.GeneratedMethodAccessor1.invoke(Unknown Source)
	at sun.reflect.DelegatingMethodAccessorImpl.invoke(DelegatingMethodAccessorImpl.java:43)
	at java.lang.reflect.Method.invoke(Method.java:498)
	at org.openqa.selenium.support.events.EventFiringWebDriver$1.invoke(EventFiringWebDriver.java:80)
	at com.sun.proxy.$Proxy5.onException(Unknown Source)
	at org.openqa.selenium.support.events.EventFiringWebDriver$2.invoke(EventFiringWebDriver.java:105)
	at com.sun.proxy.$Proxy6.getScreenshotAs(Unknown Source)
	at org.openqa.selenium.support.events.EventFiringWebDriver.getScreenshotAs(EventFiringWebDriver.java:270)
	at com.crm.util.TestUtil.takeScreenshotAtEndOfTest(TestUtil.java:52)
	at com.crm.util.WebEventListener.onException(WebEventListener.java:55)
	at sun.reflect.GeneratedMethodAccessor1.invoke(Unknown Source)
	at sun.reflect.DelegatingMethodAccessorImpl.invoke(DelegatingMethodAccessorImpl.java:43)
	at java.lang.reflect.Method.invoke(Method.java:498)
	at org.openqa.selenium.support.events.EventFiringWebDriver$1.invoke(EventFiringWebDriver.java:80)
	at com.sun.proxy.$Proxy5.onException(Unknown Source)
	at org.openqa.selenium.support.events.EventFiringWebDriver$2.invoke(EventFiringWebDriver.java:105)
	at com.sun.proxy.$Proxy6.getScreenshotAs(Unknown Source)
	at org.openqa.selenium.support.events.EventFiringWebDriver.getScreenshotAs(EventFiringWebDriver.java:270)
	at com.crm.util.TestUtil.takeScreenshotAtEndOfTest(TestUtil.java:52)
	at com.crm.util.WebEventListener.onException(WebEventListener.java:55)
	at sun.reflect.GeneratedMethodAccessor1.invoke(Unknown Source)
	at sun.reflect.DelegatingMethodAccessorImpl.invoke(DelegatingMethodAccessorImpl.java:43)
	at java.lang.reflect.Method.invoke(Method.java:498)
	at org.openqa.selenium.support.events.EventFiringWebDriver$1.invoke(EventFiringWebDriver.java:80)
	at com.sun.proxy.$Proxy5.onException(Unknown Source)
	at org.openqa.selenium.support.events.EventFiringWebDriver$2.invoke(EventFiringWebDriver.java:105)
	at com.sun.proxy.$Proxy6.getScreenshotAs(Unknown Source)
	at org.openqa.selenium.support.events.EventFiringWebDriver.getScreenshotAs(EventFiringWebDriver.java:270)
	at com.crm.util.TestUtil.takeScreenshotAtEndOfTest(TestUtil.java:52)
	at com.crm.util.WebEventListener.onException(WebEventListener.java:55)
	at sun.reflect.GeneratedMethodAccessor1.invoke(Unknown Source)
	at sun.reflect.DelegatingMethodAccessorImpl.invoke(DelegatingMethodAccessorImpl.java:43)
	at java.lang.reflect.Method.invoke(Method.java:498)
	at org.openqa.selenium.support.events.EventFiringWebDriver$1.invoke(EventFiringWebDriver.java:80)
	at com.sun.proxy.$Proxy5.onException(Unknown Source)
	at org.openqa.selenium.support.events.EventFiringWebDriver$2.invoke(EventFiringWebDriver.java:105)
	at com.sun.proxy.$Proxy6.getScreenshotAs(Unknown Source)
	at org.openqa.selenium.support.events.EventFiringWebDriver.getScreenshotAs(EventFiringWebDriver.java:270)
	at com.crm.util.TestUtil.takeScreenshotAtEndOfTest(TestUtil.java:52)
	at com.crm.util.WebEventListener.onException(WebEventListener.java:55)
	at sun.reflect.GeneratedMethodAccessor1.invoke(Unknown Source)
	at sun.reflect.DelegatingMethodAccessorImpl.invoke(DelegatingMethodAccessorImpl.java:43)
	at java.lang.reflect.Method.invoke(Method.java:498)
	at org.openqa.selenium.support.events.EventFiringWebDriver$1.invoke(EventFiringWebDriver.java:80)
	at com.sun.proxy.$Proxy5.onException(Unknown Source)
	at org.openqa.selenium.support.events.EventFiringWebDriver$2.invoke(EventFiringWebDriver.java:105)
	at com.sun.proxy.$Proxy6.getScreenshotAs(Unknown Source)
	at org.openqa.selenium.support.events.EventFiringWebDriver.getScreenshotAs(EventFiringWebDriver.java:270)
	at com.crm.util.TestUtil.takeScreenshotAtEndOfTest(TestUtil.java:52)
	at com.crm.util.WebEventListener.onException(WebEventListener.java:55)
	at sun.reflect.GeneratedMethodAccessor1.invoke(Unknown Source)
	at sun.reflect.DelegatingMethodAccessorImpl.invoke(DelegatingMethodAccessorImpl.java:43)
	at java.lang.reflect.Method.invoke(Method.java:498)
	at org.openqa.selenium.support.events.EventFiringWebDriver$1.invoke(EventFiringWebDriver.java:80)
	at com.sun.proxy.$Proxy5.onException(Unknown Source)
	at org.openqa.selenium.support.events.EventFiringWebDriver$2.invoke(EventFiringWebDriver.java:105)
	at com.sun.proxy.$Proxy6.getScreenshotAs(Unknown Source)
	at org.openqa.selenium.support.events.EventFiringWebDriver.getScreenshotAs(EventFiringWebDriver.java:270)
	at com.crm.util.TestUtil.takeScreenshotAtEndOfTest(TestUtil.java:52)
	at com.crm.util.WebEventListener.onException(WebEventListener.java:55)
	at sun.reflect.GeneratedMethodAccessor1.invoke(Unknown Source)
	at sun.reflect.DelegatingMethodAccessorImpl.invoke(DelegatingMethodAccessorImpl.java:43)
	at java.lang.reflect.Method.invoke(Method.java:498)
	at org.openqa.selenium.support.events.EventFiringWebDriver$1.invoke(EventFiringWebDriver.java:80)
	at com.sun.proxy.$Proxy5.onException(Unknown Source)
	at org.openqa.selenium.support.events.EventFiringWebDriver$2.invoke(EventFiringWebDriver.java:105)
	at com.sun.proxy.$Proxy6.getScreenshotAs(Unknown Source)
	at org.openqa.selenium.support.events.EventFiringWebDriver.getScreenshotAs(EventFiringWebDriver.java:270)
	at com.crm.util.TestUtil.takeScreenshotAtEndOfTest(TestUtil.java:52)
	at com.crm.util.WebEventListener.onException(WebEventListener.java:55)
	at sun.reflect.GeneratedMethodAccessor1.invoke(Unknown Source)
	at sun.reflect.DelegatingMethodAccessorImpl.invoke(DelegatingMethodAccessorImpl.java:43)
	at java.lang.reflect.Method.invoke(Method.java:498)
	at org.openqa.selenium.support.events.EventFiringWebDriver$1.invoke(EventFiringWebDriver.java:80)
	at com.sun.proxy.$Proxy5.onException(Unknown Source)
	at org.openqa.selenium.support.events.EventFiringWebDriver$2.invoke(EventFiringWebDriver.java:105)
	at com.sun.proxy.$Proxy6.getScreenshotAs(Unknown Source)
	at org.openqa.selenium.support.events.EventFiringWebDriver.getScreenshotAs(EventFiringWebDriver.java:270)
	at com.crm.util.TestUtil.takeScreenshotAtEndOfTest(TestUtil.java:52)
	at com.crm.util.WebEventListener.onException(WebEventListener.java:55)
	at sun.reflect.GeneratedMethodAccessor1.invoke(Unknown Source)
	at sun.reflect.DelegatingMethodAccessorImpl.invoke(DelegatingMethodAccessorImpl.java:43)
	at java.lang.reflect.Method.invoke(Method.java:498)
	at org.openqa.selenium.support.events.EventFiringWebDriver$1.invoke(EventFiringWebDriver.java:80)
	at com.sun.proxy.$Proxy5.onException(Unknown Source)
	at org.openqa.selenium.support.events.EventFiringWebDriver$2.invoke(EventFiringWebDriver.java:105)
	at com.sun.proxy.$Proxy6.getScreenshotAs(Unknown Source)
	at org.openqa.selenium.support.events.EventFiringWebDriver.getScreenshotAs(EventFiringWebDriver.java:270)
	at com.crm.util.TestUtil.takeScreenshotAtEndOfTest(TestUtil.java:52)
	at com.crm.util.WebEventListener.onException(WebEventListener.java:55)
	at sun.reflect.GeneratedMethodAccessor1.invoke(Unknown Source)
	at sun.reflect.DelegatingMethodAccessorImpl.invoke(DelegatingMethodAccessorImpl.java:43)
	at java.lang.reflect.Method.invoke(Method.java:498)
	at org.openqa.selenium.support.events.EventFiringWebDriver$1.invoke(EventFiringWebDriver.java:80)
	at com.sun.proxy.$Proxy5.onException(Unknown Source)
	at org.openqa.selenium.support.events.EventFiringWebDriver$2.invoke(EventFiringWebDriver.java:105)
	at com.sun.proxy.$Proxy6.getScreenshotAs(Unknown Source)
	at org.openqa.selenium.support.events.EventFiringWebDriver.getScreenshotAs(EventFiringWebDriver.java:270)
	at com.crm.util.TestUtil.takeScreenshotAtEndOfTest(TestUtil.java:52)
	at com.crm.util.WebEventListener.onException(WebEventListener.java:55)
	at sun.reflect.GeneratedMethodAccessor1.invoke(Unknown Source)
	at sun.reflect.DelegatingMethodAccessorImpl.invoke(DelegatingMethodAccessorImpl.java:43)
	at java.lang.reflect.Method.invoke(Method.java:498)
	at org.openqa.selenium.support.events.EventFiringWebDriver$1.invoke(EventFiringWebDriver.java:80)
	at com.sun.proxy.$Proxy5.onException(Unknown Source)
	at org.openqa.selenium.support.events.EventFiringWebDriver$2.invoke(EventFiringWebDriver.java:105)
	at com.sun.proxy.$Proxy6.getScreenshotAs(Unknown Source)
	at org.openqa.selenium.support.events.EventFiringWebDriver.getScreenshotAs(EventFiringWebDriver.java:270)
	at com.crm.util.TestUtil.takeScreenshotAtEndOfTest(TestUtil.java:52)
	at com.crm.util.WebEventListener.onException(WebEventListener.java:55)
	at sun.reflect.GeneratedMethodAccessor1.invoke(Unknown Source)
	at sun.reflect.DelegatingMethodAccessorImpl.invoke(DelegatingMethodAccessorImpl.java:43)
	at java.lang.reflect.Method.invoke(Method.java:498)
	at org.openqa.selenium.support.events.EventFiringWebDriver$1.invoke(EventFiringWebDriver.java:80)
	at com.sun.proxy.$Proxy5.onException(Unknown Source)
	at org.openqa.selenium.support.events.EventFiringWebDriver$2.invoke(EventFiringWebDriver.java:105)
	at com.sun.proxy.$Proxy6.getScreenshotAs(Unknown Source)
	at org.openqa.selenium.support.events.EventFiringWebDriver.getScreenshotAs(EventFiringWebDriver.java:270)
	at com.crm.util.TestUtil.takeScreenshotAtEndOfTest(TestUtil.java:52)
	at com.crm.util.WebEventListener.onException(WebEventListener.java:55)
	at sun.reflect.GeneratedMethodAccessor1.invoke(Unknown Source)
	at sun.reflect.DelegatingMethodAccessorImpl.invoke(DelegatingMethodAccessorImpl.java:43)
	at java.lang.reflect.Method.invoke(Method.java:498)
	at org.openqa.selenium.support.events.EventFiringWebDriver$1.invoke(EventFiringWebDriver.java:80)
	at com.sun.proxy.$Proxy5.onException(Unknown Source)
	at org.openqa.selenium.support.events.EventFiringWebDriver$2.invoke(EventFiringWebDriver.java:105)
	at com.sun.proxy.$Proxy6.getScreenshotAs(Unknown Source)
	at org.openqa.selenium.support.events.EventFiringWebDriver.getScreenshotAs(EventFiringWebDriver.java:270)
	at com.crm.util.TestUtil.takeScreenshotAtEndOfTest(TestUtil.java:52)
	at com.crm.util.WebEventListener.onException(WebEventListener.java:55)
	at sun.reflect.GeneratedMethodAccessor1.invoke(Unknown Source)
	at sun.reflect.DelegatingMethodAccessorImpl.invoke(DelegatingMethodAccessorImpl.java:43)
	at java.lang.reflect.Method.invoke(Method.java:498)
	at org.openqa.selenium.support.events.EventFiringWebDriver$1.invoke(EventFiringWebDriver.java:80)
	at com.sun.proxy.$Proxy5.onException(Unknown Source)
	at org.openqa.selenium.support.events.EventFiringWebDriver$2.invoke(EventFiringWebDriver.java:105)
	at com.sun.proxy.$Proxy6.getScreenshotAs(Unknown Source)
	at org.openqa.selenium.support.events.EventFiringWebDriver.getScreenshotAs(EventFiringWebDriver.java:270)
	at com.crm.util.TestUtil.takeScreenshotAtEndOfTest(TestUtil.java:52)
	at com.crm.util.WebEventListener.onException(WebEventListener.java:55)
	at sun.reflect.GeneratedMethodAccessor1.invoke(Unknown Source)
	at sun.reflect.DelegatingMethodAccessorImpl.invoke(DelegatingMethodAccessorImpl.java:43)
	at java.lang.reflect.Method.invoke(Method.java:498)
	at org.openqa.selenium.support.events.EventFiringWebDriver$1.invoke(EventFiringWebDriver.java:80)
	at com.sun.proxy.$Proxy5.onException(Unknown Source)
	at org.openqa.selenium.support.events.EventFiringWebDriver$2.invoke(EventFiringWebDriver.java:105)
	at com.sun.proxy.$Proxy6.getScreenshotAs(Unknown Source)
	at org.openqa.selenium.support.events.EventFiringWebDriver.getScreenshotAs(EventFiringWebDriver.java:270)
	at com.crm.util.TestUtil.takeScreenshotAtEndOfTest(TestUtil.java:52)
	at com.crm.util.WebEventListener.onException(WebEventListener.java:55)
	at sun.reflect.GeneratedMethodAccessor1.invoke(Unknown Source)
	at sun.reflect.DelegatingMethodAccessorImpl.invoke(DelegatingMethodAccessorImpl.java:43)
	at java.lang.reflect.Method.invoke(Method.java:498)
	at org.openqa.selenium.support.events.EventFiringWebDriver$1.invoke(EventFiringWebDriver.java:80)
	at com.sun.proxy.$Proxy5.onException(Unknown Source)
	at org.openqa.selenium.support.events.EventFiringWebDriver$2.invoke(EventFiringWebDriver.java:105)
	at com.sun.proxy.$Proxy6.getScreenshotAs(Unknown Source)
	at org.openqa.selenium.support.events.EventFiringWebDriver.getScreenshotAs(EventFiringWebDriver.java:270)
	at com.crm.util.TestUtil.takeScreenshotAtEndOfTest(TestUtil.java:52)
	at com.crm.util.WebEventListener.onException(WebEventListener.java:55)
	at sun.reflect.GeneratedMethodAccessor1.invoke(Unknown Source)
	at sun.reflect.DelegatingMethodAccessorImpl.invoke(DelegatingMethodAccessorImpl.java:43)
	at java.lang.reflect.Method.invoke(Method.java:498)
	at org.openqa.selenium.support.events.EventFiringWebDriver$1.invoke(EventFiringWebDriver.java:80)
	at com.sun.proxy.$Proxy5.onException(Unknown Source)
	at org.openqa.selenium.support.events.EventFiringWebDriver$2.invoke(EventFiringWebDriver.java:105)
	at com.sun.proxy.$Proxy6.getScreenshotAs(Unknown Source)
	at org.openqa.selenium.support.events.EventFiringWebDriver.getScreenshotAs(EventFiringWebDriver.java:270)
	at com.crm.util.TestUtil.takeScreenshotAtEndOfTest(TestUtil.java:52)
	at com.crm.util.WebEventListener.onException(WebEventListener.java:55)
	at sun.reflect.GeneratedMethodAccessor1.invoke(Unknown Source)
	at sun.reflect.DelegatingMethodAccessorImpl.invoke(DelegatingMethodAccessorImpl.java:43)
	at java.lang.reflect.Method.invoke(Method.java:498)
	at org.openqa.selenium.support.events.EventFiringWebDriver$1.invoke(EventFiringWebDriver.java:80)
	at com.sun.proxy.$Proxy5.onException(Unknown Source)
	at org.openqa.selenium.support.events.EventFiringWebDriver$2.invoke(EventFiringWebDriver.java:105)
	at com.sun.proxy.$Proxy6.getScreenshotAs(Unknown Source)
</failure>
    <system-out>Configuring TestNG with: org.apache.maven.surefire.testng.conf.TestNG652Configurator@7960847b
Name: /xl/worksheets/sheet1.xml - Content Type: application/vnd.openxmlformats-officedocument.spreadsheetml.worksheet+xml
2--------3
Mr.
tom
chris
Mr.
david 
james
Before navigating to: &apos;https://www.freecrm.com/&apos;
Exception occured: org.openqa.selenium.TimeoutException: timeout
  (Session info: chrome=67.0.3396.99)
  (Driver info: chromedriver=2.40.565498 (ea082db3280dd6843ebfb08a625e3eb905c4f5ab),platform=Windows NT 6.3.9600 x86_64) (WARNING: The server did not provide any stacktrace information)
Command duration or timeout: 10.01 seconds
Build info: version: &apos;2.53.0&apos;, revision: &apos;35ae25b1534ae328c771e0856c93e187490ca824&apos;, time: &apos;2016-03-15 10:43:46&apos;
System info: host: &apos;Nikil&apos;, ip: &apos;192.168.254.4&apos;, os.name: &apos;Windows 8.1&apos;, os.arch: &apos;amd64&apos;, os.version: &apos;6.3&apos;, java.version: &apos;1.8.0_131&apos;
Driver info: org.openqa.selenium.chrome.ChromeDriver
Capabilities [{applicationCacheEnabled=false, rotatable=false, mobileEmulationEnabled=false, networkConnectionEnabled=false, chrome={chromedriverVersion=2.40.565498 (ea082db3280dd6843ebfb08a625e3eb905c4f5ab), userDataDir=C:\Users\NIKILK~1\AppData\Local\Temp\scoped_dir13332_9007}, takesHeapSnapshot=true, pageLoadStrategy=normal, databaseEnabled=false, handlesAlerts=true, hasTouchScreen=false, version=67.0.3396.99, platform=WIN8_1, browserConnectionEnabled=false, nativeEvents=true, acceptSslCerts=false, acceptInsecureCerts=false, locationContextEnabled=true, webStorageEnabled=true, browserName=chrome, takesScreenshot=true, javascriptEnabled=true, cssSelectorsEnabled=true, setWindowRect=true, unexpectedAlertBehaviour=}]
Session ID: 0310d83ee2a38065a6f344275d2497a3
Exception occured: org.openqa.selenium.TimeoutException: timeout
  (Session info: chrome=67.0.3396.99)
  (Driver info: chromedriver=2.40.565498 (ea082db3280dd6843ebfb08a625e3eb905c4f5ab),platform=Windows NT 6.3.9600 x86_64) (WARNING: The server did not provide any stacktrace information)
Command duration or timeout: 10.01 seconds
Build info: version: &apos;2.53.0&apos;, revision: &apos;35ae25b1534ae328c771e0856c93e187490ca824&apos;, time: &apos;2016-03-15 10:43:46&apos;
System info: host: &apos;Nikil&apos;, ip: &apos;192.168.254.4&apos;, os.name: &apos;Windows 8.1&apos;, os.arch: &apos;amd64&apos;, os.version: &apos;6.3&apos;, java.version: &apos;1.8.0_131&apos;
Driver info: org.openqa.selenium.chrome.ChromeDriver
Capabilities [{applicationCacheEnabled=false, rotatable=false, mobileEmulationEnabled=false, networkConnectionEnabled=false, chrome={chromedriverVersion=2.40.565498 (ea082db3280dd6843ebfb08a625e3eb905c4f5ab), userDataDir=C:\Users\NIKILK~1\AppData\Local\Temp\scoped_dir13332_9007}, takesHeapSnapshot=true, pageLoadStrategy=normal, databaseEnabled=false, handlesAlerts=true, hasTouchScreen=false, version=67.0.3396.99, platform=WIN8_1, browserConnectionEnabled=false, nativeEvents=true, acceptSslCerts=false, acceptInsecureCerts=false, locationContextEnabled=true, webStorageEnabled=true, browserName=chrome, takesScreenshot=true, javascriptEnabled=true, cssSelectorsEnabled=true, setWindowRect=true, unexpectedAlertBehaviour=}]
Session ID: 0310d83ee2a38065a6f344275d2497a3
Exception occured: org.openqa.selenium.TimeoutException: timeout
  (Session info: chrome=67.0.3396.99)
  (Driver info: chromedriver=2.40.565498 (ea082db3280dd6843ebfb08a625e3eb905c4f5ab),platform=Windows NT 6.3.9600 x86_64) (WARNING: The server did not provide any stacktrace information)
Command duration or timeout: 10.01 seconds
Build info: version: &apos;2.53.0&apos;, revision: &apos;35ae25b1534ae328c771e0856c93e187490ca824&apos;, time: &apos;2016-03-15 10:43:46&apos;
System info: host: &apos;Nikil&apos;, ip: &apos;192.168.254.4&apos;, os.name: &apos;Windows 8.1&apos;, os.arch: &apos;amd64&apos;, os.version: &apos;6.3&apos;, java.version: &apos;1.8.0_131&apos;
Driver info: org.openqa.selenium.chrome.ChromeDriver
Capabilities [{applicationCacheEnabled=false, rotatable=false, mobileEmulationEnabled=false, networkConnectionEnabled=false, chrome={chromedriverVersion=2.40.565498 (ea082db3280dd6843ebfb08a625e3eb905c4f5ab), userDataDir=C:\Users\NIKILK~1\AppData\Local\Temp\scoped_dir13332_9007}, takesHeapSnapshot=true, pageLoadStrategy=normal, databaseEnabled=false, handlesAlerts=true, hasTouchScreen=false, version=67.0.3396.99, platform=WIN8_1, browserConnectionEnabled=false, nativeEvents=true, acceptSslCerts=false, acceptInsecureCerts=false, locationContextEnabled=true, webStorageEnabled=true, browserName=chrome, takesScreenshot=true, javascriptEnabled=true, cssSelectorsEnabled=true, setWindowRect=true, unexpectedAlertBehaviour=}]
Session ID: 0310d83ee2a38065a6f344275d2497a3
Exception occured: org.openqa.selenium.TimeoutException: timeout
  (Session info: chrome=67.0.3396.99)
  (Driver info: chromedriver=2.40.565498 (ea082db3280dd6843ebfb08a625e3eb905c4f5ab),platform=Windows NT 6.3.9600 x86_64) (WARNING: The server did not provide any stacktrace information)
Command duration or timeout: 10.01 seconds
Build info: version: &apos;2.53.0&apos;, revision: &apos;35ae25b1534ae328c771e0856c93e187490ca824&apos;, time: &apos;2016-03-15 10:43:46&apos;
System info: host: &apos;Nikil&apos;, ip: &apos;192.168.254.4&apos;, os.name: &apos;Windows 8.1&apos;, os.arch: &apos;amd64&apos;, os.version: &apos;6.3&apos;, java.version: &apos;1.8.0_131&apos;
Driver info: org.openqa.selenium.chrome.ChromeDriver
Capabilities [{applicationCacheEnabled=false, rotatable=false, mobileEmulationEnabled=false, networkConnectionEnabled=false, chrome={chromedriverVersion=2.40.565498 (ea082db3280dd6843ebfb08a625e3eb905c4f5ab), userDataDir=C:\Users\NIKILK~1\AppData\Local\Temp\scoped_dir13332_9007}, takesHeapSnapshot=true, pageLoadStrategy=normal, databaseEnabled=false, handlesAlerts=true, hasTouchScreen=false, version=67.0.3396.99, platform=WIN8_1, browserConnectionEnabled=false, nativeEvents=true, acceptSslCerts=false, acceptInsecureCerts=false, locationContextEnabled=true, webStorageEnabled=true, browserName=chrome, takesScreenshot=true, javascriptEnabled=true, cssSelectorsEnabled=true, setWindowRect=true, unexpectedAlertBehaviour=}]
Session ID: 0310d83ee2a38065a6f344275d2497a3
Exception occured: org.openqa.selenium.TimeoutException: timeout
  (Session info: chrome=67.0.3396.99)
  (Driver info: chromedriver=2.40.565498 (ea082db3280dd6843ebfb08a625e3eb905c4f5ab),platform=Windows NT 6.3.9600 x86_64) (WARNING: The server did not provide any stacktrace information)
Command duration or timeout: 10.02 seconds
Build info: version: &apos;2.53.0&apos;, revision: &apos;35ae25b1534ae328c771e0856c93e187490ca824&apos;, time: &apos;2016-03-15 10:43:46&apos;
System info: host: &apos;Nikil&apos;, ip: &apos;192.168.254.4&apos;, os.name: &apos;Windows 8.1&apos;, os.arch: &apos;amd64&apos;, os.version: &apos;6.3&apos;, java.version: &apos;1.8.0_131&apos;
Driver info: org.openqa.selenium.chrome.ChromeDriver
Capabilities [{applicationCacheEnabled=false, rotatable=false, mobileEmulationEnabled=false, networkConnectionEnabled=false, chrome={chromedriverVersion=2.40.565498 (ea082db3280dd6843ebfb08a625e3eb905c4f5ab), userDataDir=C:\Users\NIKILK~1\AppData\Local\Temp\scoped_dir13332_9007}, takesHeapSnapshot=true, pageLoadStrategy=normal, databaseEnabled=false, handlesAlerts=true, hasTouchScreen=false, version=67.0.3396.99, platform=WIN8_1, browserConnectionEnabled=false, nativeEvents=true, acceptSslCerts=false, acceptInsecureCerts=false, locationContextEnabled=true, webStorageEnabled=true, browserName=chrome, takesScreenshot=true, javascriptEnabled=true, cssSelectorsEnabled=true, setWindowRect=true, unexpectedAlertBehaviour=}]
Session ID: 0310d83ee2a38065a6f344275d2497a3
Exception occured: org.openqa.selenium.TimeoutException: timeout
  (Session info: chrome=67.0.3396.99)
  (Driver info: chromedriver=2.40.565498 (ea082db3280dd6843ebfb08a625e3eb905c4f5ab),platform=Windows NT 6.3.9600 x86_64) (WARNING: The server did not provide any stacktrace information)
Command duration or timeout: 10.01 seconds
Build info: version: &apos;2.53.0&apos;, revision: &apos;35ae25b1534ae328c771e0856c93e187490ca824&apos;, time: &apos;2016-03-15 10:43:46&apos;
System info: host: &apos;Nikil&apos;, ip: &apos;192.168.254.4&apos;, os.name: &apos;Windows 8.1&apos;, os.arch: &apos;amd64&apos;, os.version: &apos;6.3&apos;, java.version: &apos;1.8.0_131&apos;
Driver info: org.openqa.selenium.chrome.ChromeDriver
Capabilities [{applicationCacheEnabled=false, rotatable=false, mobileEmulationEnabled=false, networkConnectionEnabled=false, chrome={chromedriverVersion=2.40.565498 (ea082db3280dd6843ebfb08a625e3eb905c4f5ab), userDataDir=C:\Users\NIKILK~1\AppData\Local\Temp\scoped_dir13332_9007}, takesHeapSnapshot=true, pageLoadStrategy=normal, databaseEnabled=false, handlesAlerts=true, hasTouchScreen=false, version=67.0.3396.99, platform=WIN8_1, browserConnectionEnabled=false, nativeEvents=true, acceptSslCerts=false, acceptInsecureCerts=false, locationContextEnabled=true, webStorageEnabled=true, browserName=chrome, takesScreenshot=true, javascriptEnabled=true, cssSelectorsEnabled=true, setWindowRect=true, unexpectedAlertBehaviour=}]
Session ID: 0310d83ee2a38065a6f344275d2497a3
Exception occured: org.openqa.selenium.TimeoutException: timeout
  (Session info: chrome=67.0.3396.99)
  (Driver info: chromedriver=2.40.565498 (ea082db3280dd6843ebfb08a625e3eb905c4f5ab),platform=Windows NT 6.3.9600 x86_64) (WARNING: The server did not provide any stacktrace information)
Command duration or timeout: 10.01 seconds
Build info: version: &apos;2.53.0&apos;, revision: &apos;35ae25b1534ae328c771e0856c93e187490ca824&apos;, time: &apos;2016-03-15 10:43:46&apos;
System info: host: &apos;Nikil&apos;, ip: &apos;192.168.254.4&apos;, os.name: &apos;Windows 8.1&apos;, os.arch: &apos;amd64&apos;, os.version: &apos;6.3&apos;, java.version: &apos;1.8.0_131&apos;
Driver info: org.openqa.selenium.chrome.ChromeDriver
Capabilities [{applicationCacheEnabled=false, rotatable=false, mobileEmulationEnabled=false, networkConnectionEnabled=false, chrome={chromedriverVersion=2.40.565498 (ea082db3280dd6843ebfb08a625e3eb905c4f5ab), userDataDir=C:\Users\NIKILK~1\AppData\Local\Temp\scoped_dir13332_9007}, takesHeapSnapshot=true, pageLoadStrategy=normal, databaseEnabled=false, handlesAlerts=true, hasTouchScreen=false, version=67.0.3396.99, platform=WIN8_1, browserConnectionEnabled=false, nativeEvents=true, acceptSslCerts=false, acceptInsecureCerts=false, locationContextEnabled=true, webStorageEnabled=true, browserName=chrome, takesScreenshot=true, javascriptEnabled=true, cssSelectorsEnabled=true, setWindowRect=true, unexpectedAlertBehaviour=}]
Session ID: 0310d83ee2a38065a6f344275d2497a3
Exception occured: org.openqa.selenium.TimeoutException: timeout
  (Session info: chrome=67.0.3396.99)
  (Driver info: chromedriver=2.40.565498 (ea082db3280dd6843ebfb08a625e3eb905c4f5ab),platform=Windows NT 6.3.9600 x86_64) (WARNING: The server did not provide any stacktrace information)
Command duration or timeout: 10.02 seconds
Build info: version: &apos;2.53.0&apos;, revision: &apos;35ae25b1534ae328c771e0856c93e187490ca824&apos;, time: &apos;2016-03-15 10:43:46&apos;
System info: host: &apos;Nikil&apos;, ip: &apos;192.168.254.4&apos;, os.name: &apos;Windows 8.1&apos;, os.arch: &apos;amd64&apos;, os.version: &apos;6.3&apos;, java.version: &apos;1.8.0_131&apos;
Driver info: org.openqa.selenium.chrome.ChromeDriver
Capabilities [{applicationCacheEnabled=false, rotatable=false, mobileEmulationEnabled=false, networkConnectionEnabled=false, chrome={chromedriverVersion=2.40.565498 (ea082db3280dd6843ebfb08a625e3eb905c4f5ab), userDataDir=C:\Users\NIKILK~1\AppData\Local\Temp\scoped_dir13332_9007}, takesHeapSnapshot=true, pageLoadStrategy=normal, databaseEnabled=false, handlesAlerts=true, hasTouchScreen=false, version=67.0.3396.99, platform=WIN8_1, browserConnectionEnabled=false, nativeEvents=true, acceptSslCerts=false, acceptInsecureCerts=false, locationContextEnabled=true, webStorageEnabled=true, browserName=chrome, takesScreenshot=true, javascriptEnabled=true, cssSelectorsEnabled=true, setWindowRect=true, unexpectedAlertBehaviour=}]
Session ID: 0310d83ee2a38065a6f344275d2497a3
Exception occured: org.openqa.selenium.TimeoutException: timeout
  (Session info: chrome=67.0.3396.99)
  (Driver info: chromedriver=2.40.565498 (ea082db3280dd6843ebfb08a625e3eb905c4f5ab),platform=Windows NT 6.3.9600 x86_64) (WARNING: The server did not provide any stacktrace information)
Command duration or timeout: 10.03 seconds
Build info: version: &apos;2.53.0&apos;, revision: &apos;35ae25b1534ae328c771e0856c93e187490ca824&apos;, time: &apos;2016-03-15 10:43:46&apos;
System info: host: &apos;Nikil&apos;, ip: &apos;192.168.254.4&apos;, os.name: &apos;Windows 8.1&apos;, os.arch: &apos;amd64&apos;, os.version: &apos;6.3&apos;, java.version: &apos;1.8.0_131&apos;
Driver info: org.openqa.selenium.chrome.ChromeDriver
Capabilities [{applicationCacheEnabled=false, rotatable=false, mobileEmulationEnabled=false, networkConnectionEnabled=false, chrome={chromedriverVersion=2.40.565498 (ea082db3280dd6843ebfb08a625e3eb905c4f5ab), userDataDir=C:\Users\NIKILK~1\AppData\Local\Temp\scoped_dir13332_9007}, takesHeapSnapshot=true, pageLoadStrategy=normal, databaseEnabled=false, handlesAlerts=true, hasTouchScreen=false, version=67.0.3396.99, platform=WIN8_1, browserConnectionEnabled=false, nativeEvents=true, acceptSslCerts=false, acceptInsecureCerts=false, locationContextEnabled=true, webStorageEnabled=true, browserName=chrome, takesScreenshot=true, javascriptEnabled=true, cssSelectorsEnabled=true, setWindowRect=true, unexpectedAlertBehaviour=}]
Session ID: 0310d83ee2a38065a6f344275d2497a3
Exception occured: org.openqa.selenium.TimeoutException: timeout
  (Session info: chrome=67.0.3396.99)
  (Driver info: chromedriver=2.40.565498 (ea082db3280dd6843ebfb08a625e3eb905c4f5ab),platform=Windows NT 6.3.9600 x86_64) (WARNING: The server did not provide any stacktrace information)
Command duration or timeout: 10.01 seconds
Build info: version: &apos;2.53.0&apos;, revision: &apos;35ae25b1534ae328c771e0856c93e187490ca824&apos;, time: &apos;2016-03-15 10:43:46&apos;
System info: host: &apos;Nikil&apos;, ip: &apos;192.168.254.4&apos;, os.name: &apos;Windows 8.1&apos;, os.arch: &apos;amd64&apos;, os.version: &apos;6.3&apos;, java.version: &apos;1.8.0_131&apos;
Driver info: org.openqa.selenium.chrome.ChromeDriver
Capabilities [{applicationCacheEnabled=false, rotatable=false, mobileEmulationEnabled=false, networkConnectionEnabled=false, chrome={chromedriverVersion=2.40.565498 (ea082db3280dd6843ebfb08a625e3eb905c4f5ab), userDataDir=C:\Users\NIKILK~1\AppData\Local\Temp\scoped_dir13332_9007}, takesHeapSnapshot=true, pageLoadStrategy=normal, databaseEnabled=false, handlesAlerts=true, hasTouchScreen=false, version=67.0.3396.99, platform=WIN8_1, browserConnectionEnabled=false, nativeEvents=true, acceptSslCerts=false, acceptInsecureCerts=false, locationContextEnabled=true, webStorageEnabled=true, browserName=chrome, takesScreenshot=true, javascriptEnabled=true, cssSelectorsEnabled=true, setWindowRect=true, unexpectedAlertBehaviour=}]
Session ID: 0310d83ee2a38065a6f344275d2497a3
Exception occured: org.openqa.selenium.TimeoutException: timeout
  (Session info: chrome=67.0.3396.99)
  (Driver info: chromedriver=2.40.565498 (ea082db3280dd6843ebfb08a625e3eb905c4f5ab),platform=Windows NT 6.3.9600 x86_64) (WARNING: The server did not provide any stacktrace information)
Command duration or timeout: 10.01 seconds
Build info: version: &apos;2.53.0&apos;, revision: &apos;35ae25b1534ae328c771e0856c93e187490ca824&apos;, time: &apos;2016-03-15 10:43:46&apos;
System info: host: &apos;Nikil&apos;, ip: &apos;192.168.254.4&apos;, os.name: &apos;Windows 8.1&apos;, os.arch: &apos;amd64&apos;, os.version: &apos;6.3&apos;, java.version: &apos;1.8.0_131&apos;
Driver info: org.openqa.selenium.chrome.ChromeDriver
Capabilities [{applicationCacheEnabled=false, rotatable=false, mobileEmulationEnabled=false, networkConnectionEnabled=false, chrome={chromedriverVersion=2.40.565498 (ea082db3280dd6843ebfb08a625e3eb905c4f5ab), userDataDir=C:\Users\NIKILK~1\AppData\Local\Temp\scoped_dir13332_9007}, takesHeapSnapshot=true, pageLoadStrategy=normal, databaseEnabled=false, handlesAlerts=true, hasTouchScreen=false, version=67.0.3396.99, platform=WIN8_1, browserConnectionEnabled=false, nativeEvents=true, acceptSslCerts=false, acceptInsecureCerts=false, locationContextEnabled=true, webStorageEnabled=true, browserName=chrome, takesScreenshot=true, javascriptEnabled=true, cssSelectorsEnabled=true, setWindowRect=true, unexpectedAlertBehaviour=}]
Session ID: 0310d83ee2a38065a6f344275d2497a3
Exception occured: org.openqa.selenium.TimeoutException: timeout
  (Session info: chrome=67.0.3396.99)
  (Driver info: chromedriver=2.40.565498 (ea082db3280dd6843ebfb08a625e3eb905c4f5ab),platform=Windows NT 6.3.9600 x86_64) (WARNING: The server did not provide any stacktrace information)
Command duration or timeout: 10.01 seconds
Build info: version: &apos;2.53.0&apos;, revision: &apos;35ae25b1534ae328c771e0856c93e187490ca824&apos;, time: &apos;2016-03-15 10:43:46&apos;
System info: host: &apos;Nikil&apos;, ip: &apos;192.168.254.4&apos;, os.name: &apos;Windows 8.1&apos;, os.arch: &apos;amd64&apos;, os.version: &apos;6.3&apos;, java.version: &apos;1.8.0_131&apos;
Driver info: org.openqa.selenium.chrome.ChromeDriver
Capabilities [{applicationCacheEnabled=false, rotatable=false, mobileEmulationEnabled=false, networkConnectionEnabled=false, chrome={chromedriverVersion=2.40.565498 (ea082db3280dd6843ebfb08a625e3eb905c4f5ab), userDataDir=C:\Users\NIKILK~1\AppData\Local\Temp\scoped_dir13332_9007}, takesHeapSnapshot=true, pageLoadStrategy=normal, databaseEnabled=false, handlesAlerts=true, hasTouchScreen=false, version=67.0.3396.99, platform=WIN8_1, browserConnectionEnabled=false, nativeEvents=true, acceptSslCerts=false, acceptInsecureCerts=false, locationContextEnabled=true, webStorageEnabled=true, browserName=chrome, takesScreenshot=true, javascriptEnabled=true, cssSelectorsEnabled=true, setWindowRect=true, unexpectedAlertBehaviour=}]
Session ID: 0310d83ee2a38065a6f344275d2497a3
Exception occured: org.openqa.selenium.TimeoutException: timeout
  (Session info: chrome=67.0.3396.99)
  (Driver info: chromedriver=2.40.565498 (ea082db3280dd6843ebfb08a625e3eb905c4f5ab),platform=Windows NT 6.3.9600 x86_64) (WARNING: The server did not provide any stacktrace information)
Command duration or timeout: 10.01 seconds
Build info: version: &apos;2.53.0&apos;, revision: &apos;35ae25b1534ae328c771e0856c93e187490ca824&apos;, time: &apos;2016-03-15 10:43:46&apos;
System info: host: &apos;Nikil&apos;, ip: &apos;192.168.254.4&apos;, os.name: &apos;Windows 8.1&apos;, os.arch: &apos;amd64&apos;, os.version: &apos;6.3&apos;, java.version: &apos;1.8.0_131&apos;
Driver info: org.openqa.selenium.chrome.ChromeDriver
Capabilities [{applicationCacheEnabled=false, rotatable=false, mobileEmulationEnabled=false, networkConnectionEnabled=false, chrome={chromedriverVersion=2.40.565498 (ea082db3280dd6843ebfb08a625e3eb905c4f5ab), userDataDir=C:\Users\NIKILK~1\AppData\Local\Temp\scoped_dir13332_9007}, takesHeapSnapshot=true, pageLoadStrategy=normal, databaseEnabled=false, handlesAlerts=true, hasTouchScreen=false, version=67.0.3396.99, platform=WIN8_1, browserConnectionEnabled=false, nativeEvents=true, acceptSslCerts=false, acceptInsecureCerts=false, locationContextEnabled=true, webStorageEnabled=true, browserName=chrome, takesScreenshot=true, javascriptEnabled=true, cssSelectorsEnabled=true, setWindowRect=true, unexpectedAlertBehaviour=}]
Session ID: 0310d83ee2a38065a6f344275d2497a3
Exception occured: org.openqa.selenium.TimeoutException: timeout
  (Session info: chrome=67.0.3396.99)
  (Driver info: chromedriver=2.40.565498 (ea082db3280dd6843ebfb08a625e3eb905c4f5ab),platform=Windows NT 6.3.9600 x86_64) (WARNING: The server did not provide any stacktrace information)
Command duration or timeout: 10.02 seconds
Build info: version: &apos;2.53.0&apos;, revision: &apos;35ae25b1534ae328c771e0856c93e187490ca824&apos;, time: &apos;2016-03-15 10:43:46&apos;
System info: host: &apos;Nikil&apos;, ip: &apos;192.168.254.4&apos;, os.name: &apos;Windows 8.1&apos;, os.arch: &apos;amd64&apos;, os.version: &apos;6.3&apos;, java.version: &apos;1.8.0_131&apos;
Driver info: org.openqa.selenium.chrome.ChromeDriver
Capabilities [{applicationCacheEnabled=false, rotatable=false, mobileEmulationEnabled=false, networkConnectionEnabled=false, chrome={chromedriverVersion=2.40.565498 (ea082db3280dd6843ebfb08a625e3eb905c4f5ab), userDataDir=C:\Users\NIKILK~1\AppData\Local\Temp\scoped_dir13332_9007}, takesHeapSnapshot=true, pageLoadStrategy=normal, databaseEnabled=false, handlesAlerts=true, hasTouchScreen=false, version=67.0.3396.99, platform=WIN8_1, browserConnectionEnabled=false, nativeEvents=true, acceptSslCerts=false, acceptInsecureCerts=false, locationContextEnabled=true, webStorageEnabled=true, browserName=chrome, takesScreenshot=true, javascriptEnabled=true, cssSelectorsEnabled=true, setWindowRect=true, unexpectedAlertBehaviour=}]
Session ID: 0310d83ee2a38065a6f344275d2497a3
Exception occured: org.openqa.selenium.TimeoutException: timeout
  (Session info: chrome=67.0.3396.99)
  (Driver info: chromedriver=2.40.565498 (ea082db3280dd6843ebfb08a625e3eb905c4f5ab),platform=Windows NT 6.3.9600 x86_64) (WARNING: The server did not provide any stacktrace information)
Command duration or timeout: 10.02 seconds
Build info: version: &apos;2.53.0&apos;, revision: &apos;35ae25b1534ae328c771e0856c93e187490ca824&apos;, time: &apos;2016-03-15 10:43:46&apos;
System info: host: &apos;Nikil&apos;, ip: &apos;192.168.254.4&apos;, os.name: &apos;Windows 8.1&apos;, os.arch: &apos;amd64&apos;, os.version: &apos;6.3&apos;, java.version: &apos;1.8.0_131&apos;
Driver info: org.openqa.selenium.chrome.ChromeDriver
Capabilities [{applicationCacheEnabled=false, rotatable=false, mobileEmulationEnabled=false, networkConnectionEnabled=false, chrome={chromedriverVersion=2.40.565498 (ea082db3280dd6843ebfb08a625e3eb905c4f5ab), userDataDir=C:\Users\NIKILK~1\AppData\Local\Temp\scoped_dir13332_9007}, takesHeapSnapshot=true, pageLoadStrategy=normal, databaseEnabled=false, handlesAlerts=true, hasTouchScreen=false, version=67.0.3396.99, platform=WIN8_1, browserConnectionEnabled=false, nativeEvents=true, acceptSslCerts=false, acceptInsecureCerts=false, locationContextEnabled=true, webStorageEnabled=true, browserName=chrome, takesScreenshot=true, javascriptEnabled=true, cssSelectorsEnabled=true, setWindowRect=true, unexpectedAlertBehaviour=}]
Session ID: 0310d83ee2a38065a6f344275d2497a3
Exception occured: org.openqa.selenium.TimeoutException: timeout
  (Session info: chrome=67.0.3396.99)
  (Driver info: chromedriver=2.40.565498 (ea082db3280dd6843ebfb08a625e3eb905c4f5ab),platform=Windows NT 6.3.9600 x86_64) (WARNING: The server did not provide any stacktrace information)
Command duration or timeout: 10.01 seconds
Build info: version: &apos;2.53.0&apos;, revision: &apos;35ae25b1534ae328c771e0856c93e187490ca824&apos;, time: &apos;2016-03-15 10:43:46&apos;
System info: host: &apos;Nikil&apos;, ip: &apos;192.168.254.4&apos;, os.name: &apos;Windows 8.1&apos;, os.arch: &apos;amd64&apos;, os.version: &apos;6.3&apos;, java.version: &apos;1.8.0_131&apos;
Driver info: org.openqa.selenium.chrome.ChromeDriver
Capabilities [{applicationCacheEnabled=false, rotatable=false, mobileEmulationEnabled=false, networkConnectionEnabled=false, chrome={chromedriverVersion=2.40.565498 (ea082db3280dd6843ebfb08a625e3eb905c4f5ab), userDataDir=C:\Users\NIKILK~1\AppData\Local\Temp\scoped_dir13332_9007}, takesHeapSnapshot=true, pageLoadStrategy=normal, databaseEnabled=false, handlesAlerts=true, hasTouchScreen=false, version=67.0.3396.99, platform=WIN8_1, browserConnectionEnabled=false, nativeEvents=true, acceptSslCerts=false, acceptInsecureCerts=false, locationContextEnabled=true, webStorageEnabled=true, browserName=chrome, takesScreenshot=true, javascriptEnabled=true, cssSelectorsEnabled=true, setWindowRect=true, unexpectedAlertBehaviour=}]
Session ID: 0310d83ee2a38065a6f344275d2497a3
Exception occured: org.openqa.selenium.TimeoutException: timeout
  (Session info: chrome=67.0.3396.99)
  (Driver info: chromedriver=2.40.565498 (ea082db3280dd6843ebfb08a625e3eb905c4f5ab),platform=Windows NT 6.3.9600 x86_64) (WARNING: The server did not provide any stacktrace information)
Command duration or timeout: 10.01 seconds
Build info: version: &apos;2.53.0&apos;, revision: &apos;35ae25b1534ae328c771e0856c93e187490ca824&apos;, time: &apos;2016-03-15 10:43:46&apos;
System info: host: &apos;Nikil&apos;, ip: &apos;192.168.254.4&apos;, os.name: &apos;Windows 8.1&apos;, os.arch: &apos;amd64&apos;, os.version: &apos;6.3&apos;, java.version: &apos;1.8.0_131&apos;
Driver info: org.openqa.selenium.chrome.ChromeDriver
Capabilities [{applicationCacheEnabled=false, rotatable=false, mobileEmulationEnabled=false, networkConnectionEnabled=false, chrome={chromedriverVersion=2.40.565498 (ea082db3280dd6843ebfb08a625e3eb905c4f5ab), userDataDir=C:\Users\NIKILK~1\AppData\Local\Temp\scoped_dir13332_9007}, takesHeapSnapshot=true, pageLoadStrategy=normal, databaseEnabled=false, handlesAlerts=true, hasTouchScreen=false, version=67.0.3396.99, platform=WIN8_1, browserConnectionEnabled=false, nativeEvents=true, acceptSslCerts=false, acceptInsecureCerts=false, locationContextEnabled=true, webStorageEnabled=true, browserName=chrome, takesScreenshot=true, javascriptEnabled=true, cssSelectorsEnabled=true, setWindowRect=true, unexpectedAlertBehaviour=}]
Session ID: 0310d83ee2a38065a6f344275d2497a3
Exception occured: org.openqa.selenium.TimeoutException: timeout
  (Session info: chrome=67.0.3396.99)
  (Driver info: chromedriver=2.40.565498 (ea082db3280dd6843ebfb08a625e3eb905c4f5ab),platform=Windows NT 6.3.9600 x86_64) (WARNING: The server did not provide any stacktrace information)
Command duration or timeout: 10.01 seconds
Build info: version: &apos;2.53.0&apos;, revision: &apos;35ae25b1534ae328c771e0856c93e187490ca824&apos;, time: &apos;2016-03-15 10:43:46&apos;
System info: host: &apos;Nikil&apos;, ip: &apos;192.168.254.4&apos;, os.name: &apos;Windows 8.1&apos;, os.arch: &apos;amd64&apos;, os.version: &apos;6.3&apos;, java.version: &apos;1.8.0_131&apos;
Driver info: org.openqa.selenium.chrome.ChromeDriver
Capabilities [{applicationCacheEnabled=false, rotatable=false, mobileEmulationEnabled=false, networkConnectionEnabled=false, chrome={chromedriverVersion=2.40.565498 (ea082db3280dd6843ebfb08a625e3eb905c4f5ab), userDataDir=C:\Users\NIKILK~1\AppData\Local\Temp\scoped_dir13332_9007}, takesHeapSnapshot=true, pageLoadStrategy=normal, databaseEnabled=false, handlesAlerts=true, hasTouchScreen=false, version=67.0.3396.99, platform=WIN8_1, browserConnectionEnabled=false, nativeEvents=true, acceptSslCerts=false, acceptInsecureCerts=false, locationContextEnabled=true, webStorageEnabled=true, browserName=chrome, takesScreenshot=true, javascriptEnabled=true, cssSelectorsEnabled=true, setWindowRect=true, unexpectedAlertBehaviour=}]
Session ID: 0310d83ee2a38065a6f344275d2497a3
Exception occured: org.openqa.selenium.TimeoutException: timeout
  (Session info: chrome=67.0.3396.99)
  (Driver info: chromedriver=2.40.565498 (ea082db3280dd6843ebfb08a625e3eb905c4f5ab),platform=Windows NT 6.3.9600 x86_64) (WARNING: The server did not provide any stacktrace information)
Command duration or timeout: 10.03 seconds
Build info: version: &apos;2.53.0&apos;, revision: &apos;35ae25b1534ae328c771e0856c93e187490ca824&apos;, time: &apos;2016-03-15 10:43:46&apos;
System info: host: &apos;Nikil&apos;, ip: &apos;192.168.254.4&apos;, os.name: &apos;Windows 8.1&apos;, os.arch: &apos;amd64&apos;, os.version: &apos;6.3&apos;, java.version: &apos;1.8.0_131&apos;
Driver info: org.openqa.selenium.chrome.ChromeDriver
Capabilities [{applicationCacheEnabled=false, rotatable=false, mobileEmulationEnabled=false, networkConnectionEnabled=false, chrome={chromedriverVersion=2.40.565498 (ea082db3280dd6843ebfb08a625e3eb905c4f5ab), userDataDir=C:\Users\NIKILK~1\AppData\Local\Temp\scoped_dir13332_9007}, takesHeapSnapshot=true, pageLoadStrategy=normal, databaseEnabled=false, handlesAlerts=true, hasTouchScreen=false, version=67.0.3396.99, platform=WIN8_1, browserConnectionEnabled=false, nativeEvents=true, acceptSslCerts=false, acceptInsecureCerts=false, locationContextEnabled=true, webStorageEnabled=true, browserName=chrome, takesScreenshot=true, javascriptEnabled=true, cssSelectorsEnabled=true, setWindowRect=true, unexpectedAlertBehaviour=}]
Session ID: 0310d83ee2a38065a6f344275d2497a3
Exception occured: org.openqa.selenium.TimeoutException: timeout
  (Session info: chrome=67.0.3396.99)
  (Driver info: chromedriver=2.40.565498 (ea082db3280dd6843ebfb08a625e3eb905c4f5ab),platform=Windows NT 6.3.9600 x86_64) (WARNING: The server did not provide any stacktrace information)
Command duration or timeout: 10.03 seconds
Build info: version: &apos;2.53.0&apos;, revision: &apos;35ae25b1534ae328c771e0856c93e187490ca824&apos;, time: &apos;2016-03-15 10:43:46&apos;
System info: host: &apos;Nikil&apos;, ip: &apos;192.168.254.4&apos;, os.name: &apos;Windows 8.1&apos;, os.arch: &apos;amd64&apos;, os.version: &apos;6.3&apos;, java.version: &apos;1.8.0_131&apos;
Driver info: org.openqa.selenium.chrome.ChromeDriver
Capabilities [{applicationCacheEnabled=false, rotatable=false, mobileEmulationEnabled=false, networkConnectionEnabled=false, chrome={chromedriverVersion=2.40.565498 (ea082db3280dd6843ebfb08a625e3eb905c4f5ab), userDataDir=C:\Users\NIKILK~1\AppData\Local\Temp\scoped_dir13332_9007}, takesHeapSnapshot=true, pageLoadStrategy=normal, databaseEnabled=false, handlesAlerts=true, hasTouchScreen=false, version=67.0.3396.99, platform=WIN8_1, browserConnectionEnabled=false, nativeEvents=true, acceptSslCerts=false, acceptInsecureCerts=false, locationContextEnabled=true, webStorageEnabled=true, browserName=chrome, takesScreenshot=true, javascriptEnabled=true, cssSelectorsEnabled=true, setWindowRect=true, unexpectedAlertBehaviour=}]
Session ID: 0310d83ee2a38065a6f344275d2497a3
Exception occured: org.openqa.selenium.TimeoutException: timeout
  (Session info: chrome=67.0.3396.99)
  (Driver info: chromedriver=2.40.565498 (ea082db3280dd6843ebfb08a625e3eb905c4f5ab),platform=Windows NT 6.3.9600 x86_64) (WARNING: The server did not provide any stacktrace information)
Command duration or timeout: 10.01 seconds
Build info: version: &apos;2.53.0&apos;, revision: &apos;35ae25b1534ae328c771e0856c93e187490ca824&apos;, time: &apos;2016-03-15 10:43:46&apos;
System info: host: &apos;Nikil&apos;, ip: &apos;192.168.254.4&apos;, os.name: &apos;Windows 8.1&apos;, os.arch: &apos;amd64&apos;, os.version: &apos;6.3&apos;, java.version: &apos;1.8.0_131&apos;
Driver info: org.openqa.selenium.chrome.ChromeDriver
Capabilities [{applicationCacheEnabled=false, rotatable=false, mobileEmulationEnabled=false, networkConnectionEnabled=false, chrome={chromedriverVersion=2.40.565498 (ea082db3280dd6843ebfb08a625e3eb905c4f5ab), userDataDir=C:\Users\NIKILK~1\AppData\Local\Temp\scoped_dir13332_9007}, takesHeapSnapshot=true, pageLoadStrategy=normal, databaseEnabled=false, handlesAlerts=true, hasTouchScreen=false, version=67.0.3396.99, platform=WIN8_1, browserConnectionEnabled=false, nativeEvents=true, acceptSslCerts=false, acceptInsecureCerts=false, locationContextEnabled=true, webStorageEnabled=true, browserName=chrome, takesScreenshot=true, javascriptEnabled=true, cssSelectorsEnabled=true, setWindowRect=true, unexpectedAlertBehaviour=}]
Session ID: 0310d83ee2a38065a6f344275d2497a3
Exception occured: org.openqa.selenium.TimeoutException: timeout
  (Session info: chrome=67.0.3396.99)
  (Driver info: chromedriver=2.40.565498 (ea082db3280dd6843ebfb08a625e3eb905c4f5ab),platform=Windows NT 6.3.9600 x86_64) (WARNING: The server did not provide any stacktrace information)
Command duration or timeout: 10.01 seconds
Build info: version: &apos;2.53.0&apos;, revision: &apos;35ae25b1534ae328c771e0856c93e187490ca824&apos;, time: &apos;2016-03-15 10:43:46&apos;
System info: host: &apos;Nikil&apos;, ip: &apos;192.168.254.4&apos;, os.name: &apos;Windows 8.1&apos;, os.arch: &apos;amd64&apos;, os.version: &apos;6.3&apos;, java.version: &apos;1.8.0_131&apos;
Driver info: org.openqa.selenium.chrome.ChromeDriver
Capabilities [{applicationCacheEnabled=false, rotatable=false, mobileEmulationEnabled=false, networkConnectionEnabled=false, chrome={chromedriverVersion=2.40.565498 (ea082db3280dd6843ebfb08a625e3eb905c4f5ab), userDataDir=C:\Users\NIKILK~1\AppData\Local\Temp\scoped_dir13332_9007}, takesHeapSnapshot=true, pageLoadStrategy=normal, databaseEnabled=false, handlesAlerts=true, hasTouchScreen=false, version=67.0.3396.99, platform=WIN8_1, browserConnectionEnabled=false, nativeEvents=true, acceptSslCerts=false, acceptInsecureCerts=false, locationContextEnabled=true, webStorageEnabled=true, browserName=chrome, takesScreenshot=true, javascriptEnabled=true, cssSelectorsEnabled=true, setWindowRect=true, unexpectedAlertBehaviour=}]
Session ID: 0310d83ee2a38065a6f344275d2497a3
Exception occured: org.openqa.selenium.TimeoutException: timeout
  (Session info: chrome=67.0.3396.99)
  (Driver info: chromedriver=2.40.565498 (ea082db3280dd6843ebfb08a625e3eb905c4f5ab),platform=Windows NT 6.3.9600 x86_64) (WARNING: The server did not provide any stacktrace information)
Command duration or timeout: 10.01 seconds
Build info: version: &apos;2.53.0&apos;, revision: &apos;35ae25b1534ae328c771e0856c93e187490ca824&apos;, time: &apos;2016-03-15 10:43:46&apos;
System info: host: &apos;Nikil&apos;, ip: &apos;192.168.254.4&apos;, os.name: &apos;Windows 8.1&apos;, os.arch: &apos;amd64&apos;, os.version: &apos;6.3&apos;, java.version: &apos;1.8.0_131&apos;
Driver info: org.openqa.selenium.chrome.ChromeDriver
Capabilities [{applicationCacheEnabled=false, rotatable=false, mobileEmulationEnabled=false, networkConnectionEnabled=false, chrome={chromedriverVersion=2.40.565498 (ea082db3280dd6843ebfb08a625e3eb905c4f5ab), userDataDir=C:\Users\NIKILK~1\AppData\Local\Temp\scoped_dir13332_9007}, takesHeapSnapshot=true, pageLoadStrategy=normal, databaseEnabled=false, handlesAlerts=true, hasTouchScreen=false, version=67.0.3396.99, platform=WIN8_1, browserConnectionEnabled=false, nativeEvents=true, acceptSslCerts=false, acceptInsecureCerts=false, locationContextEnabled=true, webStorageEnabled=true, browserName=chrome, takesScreenshot=true, javascriptEnabled=true, cssSelectorsEnabled=true, setWindowRect=true, unexpectedAlertBehaviour=}]
Session ID: 0310d83ee2a38065a6f344275d2497a3
Exception occured: org.openqa.selenium.TimeoutException: timeout
  (Session info: chrome=67.0.3396.99)
  (Driver info: chromedriver=2.40.565498 (ea082db3280dd6843ebfb08a625e3eb905c4f5ab),platform=Windows NT 6.3.9600 x86_64) (WARNING: The server did not provide any stacktrace information)
Command duration or timeout: 10.01 seconds
Build info: version: &apos;2.53.0&apos;, revision: &apos;35ae25b1534ae328c771e0856c93e187490ca824&apos;, time: &apos;2016-03-15 10:43:46&apos;
System info: host: &apos;Nikil&apos;, ip: &apos;192.168.254.4&apos;, os.name: &apos;Windows 8.1&apos;, os.arch: &apos;amd64&apos;, os.version: &apos;6.3&apos;, java.version: &apos;1.8.0_131&apos;
Driver info: org.openqa.selenium.chrome.ChromeDriver
Capabilities [{applicationCacheEnabled=false, rotatable=false, mobileEmulationEnabled=false, networkConnectionEnabled=false, chrome={chromedriverVersion=2.40.565498 (ea082db3280dd6843ebfb08a625e3eb905c4f5ab), userDataDir=C:\Users\NIKILK~1\AppData\Local\Temp\scoped_dir13332_9007}, takesHeapSnapshot=true, pageLoadStrategy=normal, databaseEnabled=false, handlesAlerts=true, hasTouchScreen=false, version=67.0.3396.99, platform=WIN8_1, browserConnectionEnabled=false, nativeEvents=true, acceptSslCerts=false, acceptInsecureCerts=false, locationContextEnabled=true, webStorageEnabled=true, browserName=chrome, takesScreenshot=true, javascriptEnabled=true, cssSelectorsEnabled=true, setWindowRect=true, unexpectedAlertBehaviour=}]
Session ID: 0310d83ee2a38065a6f344275d2497a3
Exception occured: org.openqa.selenium.TimeoutException: timeout
  (Session info: chrome=67.0.3396.99)
  (Driver info: chromedriver=2.40.565498 (ea082db3280dd6843ebfb08a625e3eb905c4f5ab),platform=Windows NT 6.3.9600 x86_64) (WARNING: The server did not provide any stacktrace information)
Command duration or timeout: 10.01 seconds
Build info: version: &apos;2.53.0&apos;, revision: &apos;35ae25b1534ae328c771e0856c93e187490ca824&apos;, time: &apos;2016-03-15 10:43:46&apos;
System info: host: &apos;Nikil&apos;, ip: &apos;192.168.254.4&apos;, os.name: &apos;Windows 8.1&apos;, os.arch: &apos;amd64&apos;, os.version: &apos;6.3&apos;, java.version: &apos;1.8.0_131&apos;
Driver info: org.openqa.selenium.chrome.ChromeDriver
Capabilities [{applicationCacheEnabled=false, rotatable=false, mobileEmulationEnabled=false, networkConnectionEnabled=false, chrome={chromedriverVersion=2.40.565498 (ea082db3280dd6843ebfb08a625e3eb905c4f5ab), userDataDir=C:\Users\NIKILK~1\AppData\Local\Temp\scoped_dir13332_9007}, takesHeapSnapshot=true, pageLoadStrategy=normal, databaseEnabled=false, handlesAlerts=true, hasTouchScreen=false, version=67.0.3396.99, platform=WIN8_1, browserConnectionEnabled=false, nativeEvents=true, acceptSslCerts=false, acceptInsecureCerts=false, locationContextEnabled=true, webStorageEnabled=true, browserName=chrome, takesScreenshot=true, javascriptEnabled=true, cssSelectorsEnabled=true, setWindowRect=true, unexpectedAlertBehaviour=}]
Session ID: 0310d83ee2a38065a6f344275d2497a3
Exception occured: org.openqa.selenium.TimeoutException: timeout
  (Session info: chrome=67.0.3396.99)
  (Driver info: chromedriver=2.40.565498 (ea082db3280dd6843ebfb08a625e3eb905c4f5ab),platform=Windows NT 6.3.9600 x86_64) (WARNING: The server did not provide any stacktrace information)
Command duration or timeout: 10.04 seconds
Build info: version: &apos;2.53.0&apos;, revision: &apos;35ae25b1534ae328c771e0856c93e187490ca824&apos;, time: &apos;2016-03-15 10:43:46&apos;
System info: host: &apos;Nikil&apos;, ip: &apos;192.168.254.4&apos;, os.name: &apos;Windows 8.1&apos;, os.arch: &apos;amd64&apos;, os.version: &apos;6.3&apos;, java.version: &apos;1.8.0_131&apos;
Driver info: org.openqa.selenium.chrome.ChromeDriver
Capabilities [{applicationCacheEnabled=false, rotatable=false, mobileEmulationEnabled=false, networkConnectionEnabled=false, chrome={chromedriverVersion=2.40.565498 (ea082db3280dd6843ebfb08a625e3eb905c4f5ab), userDataDir=C:\Users\NIKILK~1\AppData\Local\Temp\scoped_dir13332_9007}, takesHeapSnapshot=true, pageLoadStrategy=normal, databaseEnabled=false, handlesAlerts=true, hasTouchScreen=false, version=67.0.3396.99, platform=WIN8_1, browserConnectionEnabled=false, nativeEvents=true, acceptSslCerts=false, acceptInsecureCerts=false, locationContextEnabled=true, webStorageEnabled=true, browserName=chrome, takesScreenshot=true, javascriptEnabled=true, cssSelectorsEnabled=true, setWindowRect=true, unexpectedAlertBehaviour=}]
Session ID: 0310d83ee2a38065a6f344275d2497a3
Exception occured: org.openqa.selenium.TimeoutException: timeout
  (Session info: chrome=67.0.3396.99)
  (Driver info: chromedriver=2.40.565498 (ea082db3280dd6843ebfb08a625e3eb905c4f5ab),platform=Windows NT 6.3.9600 x86_64) (WARNING: The server did not provide any stacktrace information)
Command duration or timeout: 10.01 seconds
Build info: version: &apos;2.53.0&apos;, revision: &apos;35ae25b1534ae328c771e0856c93e187490ca824&apos;, time: &apos;2016-03-15 10:43:46&apos;
System info: host: &apos;Nikil&apos;, ip: &apos;192.168.254.4&apos;, os.name: &apos;Windows 8.1&apos;, os.arch: &apos;amd64&apos;, os.version: &apos;6.3&apos;, java.version: &apos;1.8.0_131&apos;
Driver info: org.openqa.selenium.chrome.ChromeDriver
Capabilities [{applicationCacheEnabled=false, rotatable=false, mobileEmulationEnabled=false, networkConnectionEnabled=false, chrome={chromedriverVersion=2.40.565498 (ea082db3280dd6843ebfb08a625e3eb905c4f5ab), userDataDir=C:\Users\NIKILK~1\AppData\Local\Temp\scoped_dir13332_9007}, takesHeapSnapshot=true, pageLoadStrategy=normal, databaseEnabled=false, handlesAlerts=true, hasTouchScreen=false, version=67.0.3396.99, platform=WIN8_1, browserConnectionEnabled=false, nativeEvents=true, acceptSslCerts=false, acceptInsecureCerts=false, locationContextEnabled=true, webStorageEnabled=true, browserName=chrome, takesScreenshot=true, javascriptEnabled=true, cssSelectorsEnabled=true, setWindowRect=true, unexpectedAlertBehaviour=}]
Session ID: 0310d83ee2a38065a6f344275d2497a3
Exception occured: org.openqa.selenium.TimeoutException: timeout
  (Session info: chrome=67.0.3396.99)
  (Driver info: chromedriver=2.40.565498 (ea082db3280dd6843ebfb08a625e3eb905c4f5ab),platform=Windows NT 6.3.9600 x86_64) (WARNING: The server did not provide any stacktrace information)
Command duration or timeout: 10.01 seconds
Build info: version: &apos;2.53.0&apos;, revision: &apos;35ae25b1534ae328c771e0856c93e187490ca824&apos;, time: &apos;2016-03-15 10:43:46&apos;
System info: host: &apos;Nikil&apos;, ip: &apos;192.168.254.4&apos;, os.name: &apos;Windows 8.1&apos;, os.arch: &apos;amd64&apos;, os.version: &apos;6.3&apos;, java.version: &apos;1.8.0_131&apos;
Driver info: org.openqa.selenium.chrome.ChromeDriver
Capabilities [{applicationCacheEnabled=false, rotatable=false, mobileEmulationEnabled=false, networkConnectionEnabled=false, chrome={chromedriverVersion=2.40.565498 (ea082db3280dd6843ebfb08a625e3eb905c4f5ab), userDataDir=C:\Users\NIKILK~1\AppData\Local\Temp\scoped_dir13332_9007}, takesHeapSnapshot=true, pageLoadStrategy=normal, databaseEnabled=false, handlesAlerts=true, hasTouchScreen=false, version=67.0.3396.99, platform=WIN8_1, browserConnectionEnabled=false, nativeEvents=true, acceptSslCerts=false, acceptInsecureCerts=false, locationContextEnabled=true, webStorageEnabled=true, browserName=chrome, takesScreenshot=true, javascriptEnabled=true, cssSelectorsEnabled=true, setWindowRect=true, unexpectedAlertBehaviour=}]
Session ID: 0310d83ee2a38065a6f344275d2497a3
Exception occured: org.openqa.selenium.TimeoutException: timeout
  (Session info: chrome=67.0.3396.99)
  (Driver info: chromedriver=2.40.565498 (ea082db3280dd6843ebfb08a625e3eb905c4f5ab),platform=Windows NT 6.3.9600 x86_64) (WARNING: The server did not provide any stacktrace information)
Command duration or timeout: 10.01 seconds
Build info: version: &apos;2.53.0&apos;, revision: &apos;35ae25b1534ae328c771e0856c93e187490ca824&apos;, time: &apos;2016-03-15 10:43:46&apos;
System info: host: &apos;Nikil&apos;, ip: &apos;192.168.254.4&apos;, os.name: &apos;Windows 8.1&apos;, os.arch: &apos;amd64&apos;, os.version: &apos;6.3&apos;, java.version: &apos;1.8.0_131&apos;
Driver info: org.openqa.selenium.chrome.ChromeDriver
Capabilities [{applicationCacheEnabled=false, rotatable=false, mobileEmulationEnabled=false, networkConnectionEnabled=false, chrome={chromedriverVersion=2.40.565498 (ea082db3280dd6843ebfb08a625e3eb905c4f5ab), userDataDir=C:\Users\NIKILK~1\AppData\Local\Temp\scoped_dir13332_9007}, takesHeapSnapshot=true, pageLoadStrategy=normal, databaseEnabled=false, handlesAlerts=true, hasTouchScreen=false, version=67.0.3396.99, platform=WIN8_1, browserConnectionEnabled=false, nativeEvents=true, acceptSslCerts=false, acceptInsecureCerts=false, locationContextEnabled=true, webStorageEnabled=true, browserName=chrome, takesScreenshot=true, javascriptEnabled=true, cssSelectorsEnabled=true, setWindowRect=true, unexpectedAlertBehaviour=}]
Session ID: 0310d83ee2a38065a6f344275d2497a3
Exception occured: org.openqa.selenium.TimeoutException: timeout
  (Session info: chrome=67.0.3396.99)
  (Driver info: chromedriver=2.40.565498 (ea082db3280dd6843ebfb08a625e3eb905c4f5ab),platform=Windows NT 6.3.9600 x86_64) (WARNING: The server did not provide any stacktrace information)
Command duration or timeout: 10.02 seconds
Build info: version: &apos;2.53.0&apos;, revision: &apos;35ae25b1534ae328c771e0856c93e187490ca824&apos;, time: &apos;2016-03-15 10:43:46&apos;
System info: host: &apos;Nikil&apos;, ip: &apos;192.168.254.4&apos;, os.name: &apos;Windows 8.1&apos;, os.arch: &apos;amd64&apos;, os.version: &apos;6.3&apos;, java.version: &apos;1.8.0_131&apos;
Driver info: org.openqa.selenium.chrome.ChromeDriver
Capabilities [{applicationCacheEnabled=false, rotatable=false, mobileEmulationEnabled=false, networkConnectionEnabled=false, chrome={chromedriverVersion=2.40.565498 (ea082db3280dd6843ebfb08a625e3eb905c4f5ab), userDataDir=C:\Users\NIKILK~1\AppData\Local\Temp\scoped_dir13332_9007}, takesHeapSnapshot=true, pageLoadStrategy=normal, databaseEnabled=false, handlesAlerts=true, hasTouchScreen=false, version=67.0.3396.99, platform=WIN8_1, browserConnectionEnabled=false, nativeEvents=true, acceptSslCerts=false, acceptInsecureCerts=false, locationContextEnabled=true, webStorageEnabled=true, browserName=chrome, takesScreenshot=true, javascriptEnabled=true, cssSelectorsEnabled=true, setWindowRect=true, unexpectedAlertBehaviour=}]
Session ID: 0310d83ee2a38065a6f344275d2497a3
Exception occured: org.openqa.selenium.TimeoutException: timeout
  (Session info: chrome=67.0.3396.99)
  (Driver info: chromedriver=2.40.565498 (ea082db3280dd6843ebfb08a625e3eb905c4f5ab),platform=Windows NT 6.3.9600 x86_64) (WARNING: The server did not provide any stacktrace information)
Command duration or timeout: 10.01 seconds
Build info: version: &apos;2.53.0&apos;, revision: &apos;35ae25b1534ae328c771e0856c93e187490ca824&apos;, time: &apos;2016-03-15 10:43:46&apos;
System info: host: &apos;Nikil&apos;, ip: &apos;192.168.254.4&apos;, os.name: &apos;Windows 8.1&apos;, os.arch: &apos;amd64&apos;, os.version: &apos;6.3&apos;, java.version: &apos;1.8.0_131&apos;
Driver info: org.openqa.selenium.chrome.ChromeDriver
Capabilities [{applicationCacheEnabled=false, rotatable=false, mobileEmulationEnabled=false, networkConnectionEnabled=false, chrome={chromedriverVersion=2.40.565498 (ea082db3280dd6843ebfb08a625e3eb905c4f5ab), userDataDir=C:\Users\NIKILK~1\AppData\Local\Temp\scoped_dir13332_9007}, takesHeapSnapshot=true, pageLoadStrategy=normal, databaseEnabled=false, handlesAlerts=true, hasTouchScreen=false, version=67.0.3396.99, platform=WIN8_1, browserConnectionEnabled=false, nativeEvents=true, acceptSslCerts=false, acceptInsecureCerts=false, locationContextEnabled=true, webStorageEnabled=true, browserName=chrome, takesScreenshot=true, javascriptEnabled=true, cssSelectorsEnabled=true, setWindowRect=true, unexpectedAlertBehaviour=}]
Session ID: 0310d83ee2a38065a6f344275d2497a3
Exception occured: org.openqa.selenium.TimeoutException: timeout
  (Session info: chrome=67.0.3396.99)
  (Driver info: chromedriver=2.40.565498 (ea082db3280dd6843ebfb08a625e3eb905c4f5ab),platform=Windows NT 6.3.9600 x86_64) (WARNING: The server did not provide any stacktrace information)
Command duration or timeout: 10.01 seconds
Build info: version: &apos;2.53.0&apos;, revision: &apos;35ae25b1534ae328c771e0856c93e187490ca824&apos;, time: &apos;2016-03-15 10:43:46&apos;
System info: host: &apos;Nikil&apos;, ip: &apos;192.168.254.4&apos;, os.name: &apos;Windows 8.1&apos;, os.arch: &apos;amd64&apos;, os.version: &apos;6.3&apos;, java.version: &apos;1.8.0_131&apos;
Driver info: org.openqa.selenium.chrome.ChromeDriver
Capabilities [{applicationCacheEnabled=false, rotatable=false, mobileEmulationEnabled=false, networkConnectionEnabled=false, chrome={chromedriverVersion=2.40.565498 (ea082db3280dd6843ebfb08a625e3eb905c4f5ab), userDataDir=C:\Users\NIKILK~1\AppData\Local\Temp\scoped_dir13332_9007}, takesHeapSnapshot=true, pageLoadStrategy=normal, databaseEnabled=false, handlesAlerts=true, hasTouchScreen=false, version=67.0.3396.99, platform=WIN8_1, browserConnectionEnabled=false, nativeEvents=true, acceptSslCerts=false, acceptInsecureCerts=false, locationContextEnabled=true, webStorageEnabled=true, browserName=chrome, takesScreenshot=true, javascriptEnabled=true, cssSelectorsEnabled=true, setWindowRect=true, unexpectedAlertBehaviour=}]
Session ID: 0310d83ee2a38065a6f344275d2497a3
Exception occured: org.openqa.selenium.TimeoutException: timeout
  (Session info: chrome=67.0.3396.99)
  (Driver info: chromedriver=2.40.565498 (ea082db3280dd6843ebfb08a625e3eb905c4f5ab),platform=Windows NT 6.3.9600 x86_64) (WARNING: The server did not provide any stacktrace information)
Command duration or timeout: 10.01 seconds
Build info: version: &apos;2.53.0&apos;, revision: &apos;35ae25b1534ae328c771e0856c93e187490ca824&apos;, time: &apos;2016-03-15 10:43:46&apos;
System info: host: &apos;Nikil&apos;, ip: &apos;192.168.254.4&apos;, os.name: &apos;Windows 8.1&apos;, os.arch: &apos;amd64&apos;, os.version: &apos;6.3&apos;, java.version: &apos;1.8.0_131&apos;
Driver info: org.openqa.selenium.chrome.ChromeDriver
Capabilities [{applicationCacheEnabled=false, rotatable=false, mobileEmulationEnabled=false, networkConnectionEnabled=false, chrome={chromedriverVersion=2.40.565498 (ea082db3280dd6843ebfb08a625e3eb905c4f5ab), userDataDir=C:\Users\NIKILK~1\AppData\Local\Temp\scoped_dir13332_9007}, takesHeapSnapshot=true, pageLoadStrategy=normal, databaseEnabled=false, handlesAlerts=true, hasTouchScreen=false, version=67.0.3396.99, platform=WIN8_1, browserConnectionEnabled=false, nativeEvents=true, acceptSslCerts=false, acceptInsecureCerts=false, locationContextEnabled=true, webStorageEnabled=true, browserName=chrome, takesScreenshot=true, javascriptEnabled=true, cssSelectorsEnabled=true, setWindowRect=true, unexpectedAlertBehaviour=}]
Session ID: 0310d83ee2a38065a6f344275d2497a3
Exception occured: org.openqa.selenium.TimeoutException: timeout
  (Session info: chrome=67.0.3396.99)
  (Driver info: chromedriver=2.40.565498 (ea082db3280dd6843ebfb08a625e3eb905c4f5ab),platform=Windows NT 6.3.9600 x86_64) (WARNING: The server did not provide any stacktrace information)
Command duration or timeout: 10.03 seconds
Build info: version: &apos;2.53.0&apos;, revision: &apos;35ae25b1534ae328c771e0856c93e187490ca824&apos;, time: &apos;2016-03-15 10:43:46&apos;
System info: host: &apos;Nikil&apos;, ip: &apos;192.168.254.4&apos;, os.name: &apos;Windows 8.1&apos;, os.arch: &apos;amd64&apos;, os.version: &apos;6.3&apos;, java.version: &apos;1.8.0_131&apos;
Driver info: org.openqa.selenium.chrome.ChromeDriver
Capabilities [{applicationCacheEnabled=false, rotatable=false, mobileEmulationEnabled=false, networkConnectionEnabled=false, chrome={chromedriverVersion=2.40.565498 (ea082db3280dd6843ebfb08a625e3eb905c4f5ab), userDataDir=C:\Users\NIKILK~1\AppData\Local\Temp\scoped_dir13332_9007}, takesHeapSnapshot=true, pageLoadStrategy=normal, databaseEnabled=false, handlesAlerts=true, hasTouchScreen=false, version=67.0.3396.99, platform=WIN8_1, browserConnectionEnabled=false, nativeEvents=true, acceptSslCerts=false, acceptInsecureCerts=false, locationContextEnabled=true, webStorageEnabled=true, browserName=chrome, takesScreenshot=true, javascriptEnabled=true, cssSelectorsEnabled=true, setWindowRect=true, unexpectedAlertBehaviour=}]
Session ID: 0310d83ee2a38065a6f344275d2497a3
Exception occured: org.openqa.selenium.TimeoutException: timeout
  (Session info: chrome=67.0.3396.99)
  (Driver info: chromedriver=2.40.565498 (ea082db3280dd6843ebfb08a625e3eb905c4f5ab),platform=Windows NT 6.3.9600 x86_64) (WARNING: The server did not provide any stacktrace information)
Command duration or timeout: 10.01 seconds
Build info: version: &apos;2.53.0&apos;, revision: &apos;35ae25b1534ae328c771e0856c93e187490ca824&apos;, time: &apos;2016-03-15 10:43:46&apos;
System info: host: &apos;Nikil&apos;, ip: &apos;192.168.254.4&apos;, os.name: &apos;Windows 8.1&apos;, os.arch: &apos;amd64&apos;, os.version: &apos;6.3&apos;, java.version: &apos;1.8.0_131&apos;
Driver info: org.openqa.selenium.chrome.ChromeDriver
Capabilities [{applicationCacheEnabled=false, rotatable=false, mobileEmulationEnabled=false, networkConnectionEnabled=false, chrome={chromedriverVersion=2.40.565498 (ea082db3280dd6843ebfb08a625e3eb905c4f5ab), userDataDir=C:\Users\NIKILK~1\AppData\Local\Temp\scoped_dir13332_9007}, takesHeapSnapshot=true, pageLoadStrategy=normal, databaseEnabled=false, handlesAlerts=true, hasTouchScreen=false, version=67.0.3396.99, platform=WIN8_1, browserConnectionEnabled=false, nativeEvents=true, acceptSslCerts=false, acceptInsecureCerts=false, locationContextEnabled=true, webStorageEnabled=true, browserName=chrome, takesScreenshot=true, javascriptEnabled=true, cssSelectorsEnabled=true, setWindowRect=true, unexpectedAlertBehaviour=}]
Session ID: 0310d83ee2a38065a6f344275d2497a3
Exception occured: org.openqa.selenium.TimeoutException: timeout
  (Session info: chrome=67.0.3396.99)
  (Driver info: chromedriver=2.40.565498 (ea082db3280dd6843ebfb08a625e3eb905c4f5ab),platform=Windows NT 6.3.9600 x86_64) (WARNING: The server did not provide any stacktrace information)
Command duration or timeout: 10.02 seconds
Build info: version: &apos;2.53.0&apos;, revision: &apos;35ae25b1534ae328c771e0856c93e187490ca824&apos;, time: &apos;2016-03-15 10:43:46&apos;
System info: host: &apos;Nikil&apos;, ip: &apos;192.168.254.4&apos;, os.name: &apos;Windows 8.1&apos;, os.arch: &apos;amd64&apos;, os.version: &apos;6.3&apos;, java.version: &apos;1.8.0_131&apos;
Driver info: org.openqa.selenium.chrome.ChromeDriver
Capabilities [{applicationCacheEnabled=false, rotatable=false, mobileEmulationEnabled=false, networkConnectionEnabled=false, chrome={chromedriverVersion=2.40.565498 (ea082db3280dd6843ebfb08a625e3eb905c4f5ab), userDataDir=C:\Users\NIKILK~1\AppData\Local\Temp\scoped_dir13332_9007}, takesHeapSnapshot=true, pageLoadStrategy=normal, databaseEnabled=false, handlesAlerts=true, hasTouchScreen=false, version=67.0.3396.99, platform=WIN8_1, browserConnectionEnabled=false, nativeEvents=true, acceptSslCerts=false, acceptInsecureCerts=false, locationContextEnabled=true, webStorageEnabled=true, browserName=chrome, takesScreenshot=true, javascriptEnabled=true, cssSelectorsEnabled=true, setWindowRect=true, unexpectedAlertBehaviour=}]
Session ID: 0310d83ee2a38065a6f344275d2497a3
Exception occured: org.openqa.selenium.TimeoutException: timeout
  (Session info: chrome=67.0.3396.99)
  (Driver info: chromedriver=2.40.565498 (ea082db3280dd6843ebfb08a625e3eb905c4f5ab),platform=Windows NT 6.3.9600 x86_64) (WARNING: The server did not provide any stacktrace information)
Command duration or timeout: 10.03 seconds
Build info: version: &apos;2.53.0&apos;, revision: &apos;35ae25b1534ae328c771e0856c93e187490ca824&apos;, time: &apos;2016-03-15 10:43:46&apos;
System info: host: &apos;Nikil&apos;, ip: &apos;192.168.254.4&apos;, os.name: &apos;Windows 8.1&apos;, os.arch: &apos;amd64&apos;, os.version: &apos;6.3&apos;, java.version: &apos;1.8.0_131&apos;
Driver info: org.openqa.selenium.chrome.ChromeDriver
Capabilities [{applicationCacheEnabled=false, rotatable=false, mobileEmulationEnabled=false, networkConnectionEnabled=false, chrome={chromedriverVersion=2.40.565498 (ea082db3280dd6843ebfb08a625e3eb905c4f5ab), userDataDir=C:\Users\NIKILK~1\AppData\Local\Temp\scoped_dir13332_9007}, takesHeapSnapshot=true, pageLoadStrategy=normal, databaseEnabled=false, handlesAlerts=true, hasTouchScreen=false, version=67.0.3396.99, platform=WIN8_1, browserConnectionEnabled=false, nativeEvents=true, acceptSslCerts=false, acceptInsecureCerts=false, locationContextEnabled=true, webStorageEnabled=true, browserName=chrome, takesScreenshot=true, javascriptEnabled=true, cssSelectorsEnabled=true, setWindowRect=true, unexpectedAlertBehaviour=}]
Session ID: 0310d83ee2a38065a6f344275d2497a3
Exception occured: org.openqa.selenium.TimeoutException: timeout
  (Session info: chrome=67.0.3396.99)
  (Driver info: chromedriver=2.40.565498 (ea082db3280dd6843ebfb08a625e3eb905c4f5ab),platform=Windows NT 6.3.9600 x86_64) (WARNING: The server did not provide any stacktrace information)
Command duration or timeout: 10.01 seconds
Build info: version: &apos;2.53.0&apos;, revision: &apos;35ae25b1534ae328c771e0856c93e187490ca824&apos;, time: &apos;2016-03-15 10:43:46&apos;
System info: host: &apos;Nikil&apos;, ip: &apos;192.168.254.4&apos;, os.name: &apos;Windows 8.1&apos;, os.arch: &apos;amd64&apos;, os.version: &apos;6.3&apos;, java.version: &apos;1.8.0_131&apos;
Driver info: org.openqa.selenium.chrome.ChromeDriver
Capabilities [{applicationCacheEnabled=false, rotatable=false, mobileEmulationEnabled=false, networkConnectionEnabled=false, chrome={chromedriverVersion=2.40.565498 (ea082db3280dd6843ebfb08a625e3eb905c4f5ab), userDataDir=C:\Users\NIKILK~1\AppData\Local\Temp\scoped_dir13332_9007}, takesHeapSnapshot=true, pageLoadStrategy=normal, databaseEnabled=false, handlesAlerts=true, hasTouchScreen=false, version=67.0.3396.99, platform=WIN8_1, browserConnectionEnabled=false, nativeEvents=true, acceptSslCerts=false, acceptInsecureCerts=false, locationContextEnabled=true, webStorageEnabled=true, browserName=chrome, takesScreenshot=true, javascriptEnabled=true, cssSelectorsEnabled=true, setWindowRect=true, unexpectedAlertBehaviour=}]
Session ID: 0310d83ee2a38065a6f344275d2497a3
Exception occured: org.openqa.selenium.TimeoutException: timeout
  (Session info: chrome=67.0.3396.99)
  (Driver info: chromedriver=2.40.565498 (ea082db3280dd6843ebfb08a625e3eb905c4f5ab),platform=Windows NT 6.3.9600 x86_64) (WARNING: The server did not provide any stacktrace information)
Command duration or timeout: 10.01 seconds
Build info: version: &apos;2.53.0&apos;, revision: &apos;35ae25b1534ae328c771e0856c93e187490ca824&apos;, time: &apos;2016-03-15 10:43:46&apos;
System info: host: &apos;Nikil&apos;, ip: &apos;192.168.254.4&apos;, os.name: &apos;Windows 8.1&apos;, os.arch: &apos;amd64&apos;, os.version: &apos;6.3&apos;, java.version: &apos;1.8.0_131&apos;
Driver info: org.openqa.selenium.chrome.ChromeDriver
Capabilities [{applicationCacheEnabled=false, rotatable=false, mobileEmulationEnabled=false, networkConnectionEnabled=false, chrome={chromedriverVersion=2.40.565498 (ea082db3280dd6843ebfb08a625e3eb905c4f5ab), userDataDir=C:\Users\NIKILK~1\AppData\Local\Temp\scoped_dir13332_9007}, takesHeapSnapshot=true, pageLoadStrategy=normal, databaseEnabled=false, handlesAlerts=true, hasTouchScreen=false, version=67.0.3396.99, platform=WIN8_1, browserConnectionEnabled=false, nativeEvents=true, acceptSslCerts=false, acceptInsecureCerts=false, locationContextEnabled=true, webStorageEnabled=true, browserName=chrome, takesScreenshot=true, javascriptEnabled=true, cssSelectorsEnabled=true, setWindowRect=true, unexpectedAlertBehaviour=}]
Session ID: 0310d83ee2a38065a6f344275d2497a3
Exception occured: org.openqa.selenium.TimeoutException: timeout
  (Session info: chrome=67.0.3396.99)
  (Driver info: chromedriver=2.40.565498 (ea082db3280dd6843ebfb08a625e3eb905c4f5ab),platform=Windows NT 6.3.9600 x86_64) (WARNING: The server did not provide any stacktrace information)
Command duration or timeout: 10.01 seconds
Build info: version: &apos;2.53.0&apos;, revision: &apos;35ae25b1534ae328c771e0856c93e187490ca824&apos;, time: &apos;2016-03-15 10:43:46&apos;
System info: host: &apos;Nikil&apos;, ip: &apos;192.168.254.4&apos;, os.name: &apos;Windows 8.1&apos;, os.arch: &apos;amd64&apos;, os.version: &apos;6.3&apos;, java.version: &apos;1.8.0_131&apos;
Driver info: org.openqa.selenium.chrome.ChromeDriver
Capabilities [{applicationCacheEnabled=false, rotatable=false, mobileEmulationEnabled=false, networkConnectionEnabled=false, chrome={chromedriverVersion=2.40.565498 (ea082db3280dd6843ebfb08a625e3eb905c4f5ab), userDataDir=C:\Users\NIKILK~1\AppData\Local\Temp\scoped_dir13332_9007}, takesHeapSnapshot=true, pageLoadStrategy=normal, databaseEnabled=false, handlesAlerts=true, hasTouchScreen=false, version=67.0.3396.99, platform=WIN8_1, browserConnectionEnabled=false, nativeEvents=true, acceptSslCerts=false, acceptInsecureCerts=false, locationContextEnabled=true, webStorageEnabled=true, browserName=chrome, takesScreenshot=true, javascriptEnabled=true, cssSelectorsEnabled=true, setWindowRect=true, unexpectedAlertBehaviour=}]
Session ID: 0310d83ee2a38065a6f344275d2497a3
Exception occured: org.openqa.selenium.TimeoutException: timeout
  (Session info: chrome=67.0.3396.99)
  (Driver info: chromedriver=2.40.565498 (ea082db3280dd6843ebfb08a625e3eb905c4f5ab),platform=Windows NT 6.3.9600 x86_64) (WARNING: The server did not provide any stacktrace information)
Command duration or timeout: 10.01 seconds
Build info: version: &apos;2.53.0&apos;, revision: &apos;35ae25b1534ae328c771e0856c93e187490ca824&apos;, time: &apos;2016-03-15 10:43:46&apos;
System info: host: &apos;Nikil&apos;, ip: &apos;192.168.254.4&apos;, os.name: &apos;Windows 8.1&apos;, os.arch: &apos;amd64&apos;, os.version: &apos;6.3&apos;, java.version: &apos;1.8.0_131&apos;
Driver info: org.openqa.selenium.chrome.ChromeDriver
Capabilities [{applicationCacheEnabled=false, rotatable=false, mobileEmulationEnabled=false, networkConnectionEnabled=false, chrome={chromedriverVersion=2.40.565498 (ea082db3280dd6843ebfb08a625e3eb905c4f5ab), userDataDir=C:\Users\NIKILK~1\AppData\Local\Temp\scoped_dir13332_9007}, takesHeapSnapshot=true, pageLoadStrategy=normal, databaseEnabled=false, handlesAlerts=true, hasTouchScreen=false, version=67.0.3396.99, platform=WIN8_1, browserConnectionEnabled=false, nativeEvents=true, acceptSslCerts=false, acceptInsecureCerts=false, locationContextEnabled=true, webStorageEnabled=true, browserName=chrome, takesScreenshot=true, javascriptEnabled=true, cssSelectorsEnabled=true, setWindowRect=true, unexpectedAlertBehaviour=}]
Session ID: 0310d83ee2a38065a6f344275d2497a3
Exception occured: org.openqa.selenium.TimeoutException: timeout
  (Session info: chrome=67.0.3396.99)
  (Driver info: chromedriver=2.40.565498 (ea082db3280dd6843ebfb08a625e3eb905c4f5ab),platform=Windows NT 6.3.9600 x86_64) (WARNING: The server did not provide any stacktrace information)
Command duration or timeout: 10.01 seconds
Build info: version: &apos;2.53.0&apos;, revision: &apos;35ae25b1534ae328c771e0856c93e187490ca824&apos;, time: &apos;2016-03-15 10:43:46&apos;
System info: host: &apos;Nikil&apos;, ip: &apos;192.168.254.4&apos;, os.name: &apos;Windows 8.1&apos;, os.arch: &apos;amd64&apos;, os.version: &apos;6.3&apos;, java.version: &apos;1.8.0_131&apos;
Driver info: org.openqa.selenium.chrome.ChromeDriver
Capabilities [{applicationCacheEnabled=false, rotatable=false, mobileEmulationEnabled=false, networkConnectionEnabled=false, chrome={chromedriverVersion=2.40.565498 (ea082db3280dd6843ebfb08a625e3eb905c4f5ab), userDataDir=C:\Users\NIKILK~1\AppData\Local\Temp\scoped_dir13332_9007}, takesHeapSnapshot=true, pageLoadStrategy=normal, databaseEnabled=false, handlesAlerts=true, hasTouchScreen=false, version=67.0.3396.99, platform=WIN8_1, browserConnectionEnabled=false, nativeEvents=true, acceptSslCerts=false, acceptInsecureCerts=false, locationContextEnabled=true, webStorageEnabled=true, browserName=chrome, takesScreenshot=true, javascriptEnabled=true, cssSelectorsEnabled=true, setWindowRect=true, unexpectedAlertBehaviour=}]
Session ID: 0310d83ee2a38065a6f344275d2497a3
Exception occured: org.openqa.selenium.TimeoutException: timeout
  (Session info: chrome=67.0.3396.99)
  (Driver info: chromedriver=2.40.565498 (ea082db3280dd6843ebfb08a625e3eb905c4f5ab),platform=Windows NT 6.3.9600 x86_64) (WARNING: The server did not provide any stacktrace information)
Command duration or timeout: 10.01 seconds
Build info: version: &apos;2.53.0&apos;, revision: &apos;35ae25b1534ae328c771e0856c93e187490ca824&apos;, time: &apos;2016-03-15 10:43:46&apos;
System info: host: &apos;Nikil&apos;, ip: &apos;192.168.254.4&apos;, os.name: &apos;Windows 8.1&apos;, os.arch: &apos;amd64&apos;, os.version: &apos;6.3&apos;, java.version: &apos;1.8.0_131&apos;
Driver info: org.openqa.selenium.chrome.ChromeDriver
Capabilities [{applicationCacheEnabled=false, rotatable=false, mobileEmulationEnabled=false, networkConnectionEnabled=false, chrome={chromedriverVersion=2.40.565498 (ea082db3280dd6843ebfb08a625e3eb905c4f5ab), userDataDir=C:\Users\NIKILK~1\AppData\Local\Temp\scoped_dir13332_9007}, takesHeapSnapshot=true, pageLoadStrategy=normal, databaseEnabled=false, handlesAlerts=true, hasTouchScreen=false, version=67.0.3396.99, platform=WIN8_1, browserConnectionEnabled=false, nativeEvents=true, acceptSslCerts=false, acceptInsecureCerts=false, locationContextEnabled=true, webStorageEnabled=true, browserName=chrome, takesScreenshot=true, javascriptEnabled=true, cssSelectorsEnabled=true, setWindowRect=true, unexpectedAlertBehaviour=}]
Session ID: 0310d83ee2a38065a6f344275d2497a3
Exception occured: org.openqa.selenium.TimeoutException: timeout
  (Session info: chrome=67.0.3396.99)
  (Driver info: chromedriver=2.40.565498 (ea082db3280dd6843ebfb08a625e3eb905c4f5ab),platform=Windows NT 6.3.9600 x86_64) (WARNING: The server did not provide any stacktrace information)
Command duration or timeout: 10.01 seconds
Build info: version: &apos;2.53.0&apos;, revision: &apos;35ae25b1534ae328c771e0856c93e187490ca824&apos;, time: &apos;2016-03-15 10:43:46&apos;
System info: host: &apos;Nikil&apos;, ip: &apos;192.168.254.4&apos;, os.name: &apos;Windows 8.1&apos;, os.arch: &apos;amd64&apos;, os.version: &apos;6.3&apos;, java.version: &apos;1.8.0_131&apos;
Driver info: org.openqa.selenium.chrome.ChromeDriver
Capabilities [{applicationCacheEnabled=false, rotatable=false, mobileEmulationEnabled=false, networkConnectionEnabled=false, chrome={chromedriverVersion=2.40.565498 (ea082db3280dd6843ebfb08a625e3eb905c4f5ab), userDataDir=C:\Users\NIKILK~1\AppData\Local\Temp\scoped_dir13332_9007}, takesHeapSnapshot=true, pageLoadStrategy=normal, databaseEnabled=false, handlesAlerts=true, hasTouchScreen=false, version=67.0.3396.99, platform=WIN8_1, browserConnectionEnabled=false, nativeEvents=true, acceptSslCerts=false, acceptInsecureCerts=false, locationContextEnabled=true, webStorageEnabled=true, browserName=chrome, takesScreenshot=true, javascriptEnabled=true, cssSelectorsEnabled=true, setWindowRect=true, unexpectedAlertBehaviour=}]
Session ID: 0310d83ee2a38065a6f344275d2497a3
Exception occured: org.openqa.selenium.TimeoutException: timeout
  (Session info: chrome=67.0.3396.99)
  (Driver info: chromedriver=2.40.565498 (ea082db3280dd6843ebfb08a625e3eb905c4f5ab),platform=Windows NT 6.3.9600 x86_64) (WARNING: The server did not provide any stacktrace information)
Command duration or timeout: 10.01 seconds
Build info: version: &apos;2.53.0&apos;, revision: &apos;35ae25b1534ae328c771e0856c93e187490ca824&apos;, time: &apos;2016-03-15 10:43:46&apos;
System info: host: &apos;Nikil&apos;, ip: &apos;192.168.254.4&apos;, os.name: &apos;Windows 8.1&apos;, os.arch: &apos;amd64&apos;, os.version: &apos;6.3&apos;, java.version: &apos;1.8.0_131&apos;
Driver info: org.openqa.selenium.chrome.ChromeDriver
Capabilities [{applicationCacheEnabled=false, rotatable=false, mobileEmulationEnabled=false, networkConnectionEnabled=false, chrome={chromedriverVersion=2.40.565498 (ea082db3280dd6843ebfb08a625e3eb905c4f5ab), userDataDir=C:\Users\NIKILK~1\AppData\Local\Temp\scoped_dir13332_9007}, takesHeapSnapshot=true, pageLoadStrategy=normal, databaseEnabled=false, handlesAlerts=true, hasTouchScreen=false, version=67.0.3396.99, platform=WIN8_1, browserConnectionEnabled=false, nativeEvents=true, acceptSslCerts=false, acceptInsecureCerts=false, locationContextEnabled=true, webStorageEnabled=true, browserName=chrome, takesScreenshot=true, javascriptEnabled=true, cssSelectorsEnabled=true, setWindowRect=true, unexpectedAlertBehaviour=}]
Session ID: 0310d83ee2a38065a6f344275d2497a3
Exception occured: org.openqa.selenium.TimeoutException: timeout
  (Session info: chrome=67.0.3396.99)
  (Driver info: chromedriver=2.40.565498 (ea082db3280dd6843ebfb08a625e3eb905c4f5ab),platform=Windows NT 6.3.9600 x86_64) (WARNING: The server did not provide any stacktrace information)
Command duration or timeout: 10.01 seconds
Build info: version: &apos;2.53.0&apos;, revision: &apos;35ae25b1534ae328c771e0856c93e187490ca824&apos;, time: &apos;2016-03-15 10:43:46&apos;
System info: host: &apos;Nikil&apos;, ip: &apos;192.168.254.4&apos;, os.name: &apos;Windows 8.1&apos;, os.arch: &apos;amd64&apos;, os.version: &apos;6.3&apos;, java.version: &apos;1.8.0_131&apos;
Driver info: org.openqa.selenium.chrome.ChromeDriver
Capabilities [{applicationCacheEnabled=false, rotatable=false, mobileEmulationEnabled=false, networkConnectionEnabled=false, chrome={chromedriverVersion=2.40.565498 (ea082db3280dd6843ebfb08a625e3eb905c4f5ab), userDataDir=C:\Users\NIKILK~1\AppData\Local\Temp\scoped_dir13332_9007}, takesHeapSnapshot=true, pageLoadStrategy=normal, databaseEnabled=false, handlesAlerts=true, hasTouchScreen=false, version=67.0.3396.99, platform=WIN8_1, browserConnectionEnabled=false, nativeEvents=true, acceptSslCerts=false, acceptInsecureCerts=false, locationContextEnabled=true, webStorageEnabled=true, browserName=chrome, takesScreenshot=true, javascriptEnabled=true, cssSelectorsEnabled=true, setWindowRect=true, unexpectedAlertBehaviour=}]
Session ID: 0310d83ee2a38065a6f344275d2497a3
Exception occured: org.openqa.selenium.TimeoutException: timeout
  (Session info: chrome=67.0.3396.99)
  (Driver info: chromedriver=2.40.565498 (ea082db3280dd6843ebfb08a625e3eb905c4f5ab),platform=Windows NT 6.3.9600 x86_64) (WARNING: The server did not provide any stacktrace information)
Command duration or timeout: 10.01 seconds
Build info: version: &apos;2.53.0&apos;, revision: &apos;35ae25b1534ae328c771e0856c93e187490ca824&apos;, time: &apos;2016-03-15 10:43:46&apos;
System info: host: &apos;Nikil&apos;, ip: &apos;192.168.254.4&apos;, os.name: &apos;Windows 8.1&apos;, os.arch: &apos;amd64&apos;, os.version: &apos;6.3&apos;, java.version: &apos;1.8.0_131&apos;
Driver info: org.openqa.selenium.chrome.ChromeDriver
Capabilities [{applicationCacheEnabled=false, rotatable=false, mobileEmulationEnabled=false, networkConnectionEnabled=false, chrome={chromedriverVersion=2.40.565498 (ea082db3280dd6843ebfb08a625e3eb905c4f5ab), userDataDir=C:\Users\NIKILK~1\AppData\Local\Temp\scoped_dir13332_9007}, takesHeapSnapshot=true, pageLoadStrategy=normal, databaseEnabled=false, handlesAlerts=true, hasTouchScreen=false, version=67.0.3396.99, platform=WIN8_1, browserConnectionEnabled=false, nativeEvents=true, acceptSslCerts=false, acceptInsecureCerts=false, locationContextEnabled=true, webStorageEnabled=true, browserName=chrome, takesScreenshot=true, javascriptEnabled=true, cssSelectorsEnabled=true, setWindowRect=true, unexpectedAlertBehaviour=}]
Session ID: 0310d83ee2a38065a6f344275d2497a3
Exception occured: org.openqa.selenium.TimeoutException: timeout
  (Session info: chrome=67.0.3396.99)
  (Driver info: chromedriver=2.40.565498 (ea082db3280dd6843ebfb08a625e3eb905c4f5ab),platform=Windows NT 6.3.9600 x86_64) (WARNING: The server did not provide any stacktrace information)
Command duration or timeout: 10.01 seconds
Build info: version: &apos;2.53.0&apos;, revision: &apos;35ae25b1534ae328c771e0856c93e187490ca824&apos;, time: &apos;2016-03-15 10:43:46&apos;
System info: host: &apos;Nikil&apos;, ip: &apos;192.168.254.4&apos;, os.name: &apos;Windows 8.1&apos;, os.arch: &apos;amd64&apos;, os.version: &apos;6.3&apos;, java.version: &apos;1.8.0_131&apos;
Driver info: org.openqa.selenium.chrome.ChromeDriver
Capabilities [{applicationCacheEnabled=false, rotatable=false, mobileEmulationEnabled=false, networkConnectionEnabled=false, chrome={chromedriverVersion=2.40.565498 (ea082db3280dd6843ebfb08a625e3eb905c4f5ab), userDataDir=C:\Users\NIKILK~1\AppData\Local\Temp\scoped_dir13332_9007}, takesHeapSnapshot=true, pageLoadStrategy=normal, databaseEnabled=false, handlesAlerts=true, hasTouchScreen=false, version=67.0.3396.99, platform=WIN8_1, browserConnectionEnabled=false, nativeEvents=true, acceptSslCerts=false, acceptInsecureCerts=false, locationContextEnabled=true, webStorageEnabled=true, browserName=chrome, takesScreenshot=true, javascriptEnabled=true, cssSelectorsEnabled=true, setWindowRect=true, unexpectedAlertBehaviour=}]
Session ID: 0310d83ee2a38065a6f344275d2497a3
Exception occured: org.openqa.selenium.TimeoutException: timeout
  (Session info: chrome=67.0.3396.99)
  (Driver info: chromedriver=2.40.565498 (ea082db3280dd6843ebfb08a625e3eb905c4f5ab),platform=Windows NT 6.3.9600 x86_64) (WARNING: The server did not provide any stacktrace information)
Command duration or timeout: 10.01 seconds
Build info: version: &apos;2.53.0&apos;, revision: &apos;35ae25b1534ae328c771e0856c93e187490ca824&apos;, time: &apos;2016-03-15 10:43:46&apos;
System info: host: &apos;Nikil&apos;, ip: &apos;192.168.254.4&apos;, os.name: &apos;Windows 8.1&apos;, os.arch: &apos;amd64&apos;, os.version: &apos;6.3&apos;, java.version: &apos;1.8.0_131&apos;
Driver info: org.openqa.selenium.chrome.ChromeDriver
Capabilities [{applicationCacheEnabled=false, rotatable=false, mobileEmulationEnabled=false, networkConnectionEnabled=false, chrome={chromedriverVersion=2.40.565498 (ea082db3280dd6843ebfb08a625e3eb905c4f5ab), userDataDir=C:\Users\NIKILK~1\AppData\Local\Temp\scoped_dir13332_9007}, takesHeapSnapshot=true, pageLoadStrategy=normal, databaseEnabled=false, handlesAlerts=true, hasTouchScreen=false, version=67.0.3396.99, platform=WIN8_1, browserConnectionEnabled=false, nativeEvents=true, acceptSslCerts=false, acceptInsecureCerts=false, locationContextEnabled=true, webStorageEnabled=true, browserName=chrome, takesScreenshot=true, javascriptEnabled=true, cssSelectorsEnabled=true, setWindowRect=true, unexpectedAlertBehaviour=}]
Session ID: 0310d83ee2a38065a6f344275d2497a3
Exception occured: org.openqa.selenium.TimeoutException: timeout
  (Session info: chrome=67.0.3396.99)
  (Driver info: chromedriver=2.40.565498 (ea082db3280dd6843ebfb08a625e3eb905c4f5ab),platform=Windows NT 6.3.9600 x86_64) (WARNING: The server did not provide any stacktrace information)
Command duration or timeout: 10.01 seconds
Build info: version: &apos;2.53.0&apos;, revision: &apos;35ae25b1534ae328c771e0856c93e187490ca824&apos;, time: &apos;2016-03-15 10:43:46&apos;
System info: host: &apos;Nikil&apos;, ip: &apos;192.168.254.4&apos;, os.name: &apos;Windows 8.1&apos;, os.arch: &apos;amd64&apos;, os.version: &apos;6.3&apos;, java.version: &apos;1.8.0_131&apos;
Driver info: org.openqa.selenium.chrome.ChromeDriver
Capabilities [{applicationCacheEnabled=false, rotatable=false, mobileEmulationEnabled=false, networkConnectionEnabled=false, chrome={chromedriverVersion=2.40.565498 (ea082db3280dd6843ebfb08a625e3eb905c4f5ab), userDataDir=C:\Users\NIKILK~1\AppData\Local\Temp\scoped_dir13332_9007}, takesHeapSnapshot=true, pageLoadStrategy=normal, databaseEnabled=false, handlesAlerts=true, hasTouchScreen=false, version=67.0.3396.99, platform=WIN8_1, browserConnectionEnabled=false, nativeEvents=true, acceptSslCerts=false, acceptInsecureCerts=false, locationContextEnabled=true, webStorageEnabled=true, browserName=chrome, takesScreenshot=true, javascriptEnabled=true, cssSelectorsEnabled=true, setWindowRect=true, unexpectedAlertBehaviour=}]
Session ID: 0310d83ee2a38065a6f344275d2497a3
Exception occured: org.openqa.selenium.TimeoutException: timeout
  (Session info: chrome=67.0.3396.99)
  (Driver info: chromedriver=2.40.565498 (ea082db3280dd6843ebfb08a625e3eb905c4f5ab),platform=Windows NT 6.3.9600 x86_64) (WARNING: The server did not provide any stacktrace information)
Command duration or timeout: 10.01 seconds
Build info: version: &apos;2.53.0&apos;, revision: &apos;35ae25b1534ae328c771e0856c93e187490ca824&apos;, time: &apos;2016-03-15 10:43:46&apos;
System info: host: &apos;Nikil&apos;, ip: &apos;192.168.254.4&apos;, os.name: &apos;Windows 8.1&apos;, os.arch: &apos;amd64&apos;, os.version: &apos;6.3&apos;, java.version: &apos;1.8.0_131&apos;
Driver info: org.openqa.selenium.chrome.ChromeDriver
Capabilities [{applicationCacheEnabled=false, rotatable=false, mobileEmulationEnabled=false, networkConnectionEnabled=false, chrome={chromedriverVersion=2.40.565498 (ea082db3280dd6843ebfb08a625e3eb905c4f5ab), userDataDir=C:\Users\NIKILK~1\AppData\Local\Temp\scoped_dir13332_9007}, takesHeapSnapshot=true, pageLoadStrategy=normal, databaseEnabled=false, handlesAlerts=true, hasTouchScreen=false, version=67.0.3396.99, platform=WIN8_1, browserConnectionEnabled=false, nativeEvents=true, acceptSslCerts=false, acceptInsecureCerts=false, locationContextEnabled=true, webStorageEnabled=true, browserName=chrome, takesScreenshot=true, javascriptEnabled=true, cssSelectorsEnabled=true, setWindowRect=true, unexpectedAlertBehaviour=}]
Session ID: 0310d83ee2a38065a6f344275d2497a3
Exception occured: org.openqa.selenium.TimeoutException: timeout
  (Session info: chrome=67.0.3396.99)
  (Driver info: chromedriver=2.40.565498 (ea082db3280dd6843ebfb08a625e3eb905c4f5ab),platform=Windows NT 6.3.9600 x86_64) (WARNING: The server did not provide any stacktrace information)
Command duration or timeout: 10.01 seconds
Build info: version: &apos;2.53.0&apos;, revision: &apos;35ae25b1534ae328c771e0856c93e187490ca824&apos;, time: &apos;2016-03-15 10:43:46&apos;
System info: host: &apos;Nikil&apos;, ip: &apos;192.168.254.4&apos;, os.name: &apos;Windows 8.1&apos;, os.arch: &apos;amd64&apos;, os.version: &apos;6.3&apos;, java.version: &apos;1.8.0_131&apos;
Driver info: org.openqa.selenium.chrome.ChromeDriver
Capabilities [{applicationCacheEnabled=false, rotatable=false, mobileEmulationEnabled=false, networkConnectionEnabled=false, chrome={chromedriverVersion=2.40.565498 (ea082db3280dd6843ebfb08a625e3eb905c4f5ab), userDataDir=C:\Users\NIKILK~1\AppData\Local\Temp\scoped_dir13332_9007}, takesHeapSnapshot=true, pageLoadStrategy=normal, databaseEnabled=false, handlesAlerts=true, hasTouchScreen=false, version=67.0.3396.99, platform=WIN8_1, browserConnectionEnabled=false, nativeEvents=true, acceptSslCerts=false, acceptInsecureCerts=false, locationContextEnabled=true, webStorageEnabled=true, browserName=chrome, takesScreenshot=true, javascriptEnabled=true, cssSelectorsEnabled=true, setWindowRect=true, unexpectedAlertBehaviour=}]
Session ID: 0310d83ee2a38065a6f344275d2497a3
Exception occured: org.openqa.selenium.TimeoutException: timeout
  (Session info: chrome=67.0.3396.99)
  (Driver info: chromedriver=2.40.565498 (ea082db3280dd6843ebfb08a625e3eb905c4f5ab),platform=Windows NT 6.3.9600 x86_64) (WARNING: The server did not provide any stacktrace information)
Command duration or timeout: 10.01 seconds
Build info: version: &apos;2.53.0&apos;, revision: &apos;35ae25b1534ae328c771e0856c93e187490ca824&apos;, time: &apos;2016-03-15 10:43:46&apos;
System info: host: &apos;Nikil&apos;, ip: &apos;192.168.254.4&apos;, os.name: &apos;Windows 8.1&apos;, os.arch: &apos;amd64&apos;, os.version: &apos;6.3&apos;, java.version: &apos;1.8.0_131&apos;
Driver info: org.openqa.selenium.chrome.ChromeDriver
Capabilities [{applicationCacheEnabled=false, rotatable=false, mobileEmulationEnabled=false, networkConnectionEnabled=false, chrome={chromedriverVersion=2.40.565498 (ea082db3280dd6843ebfb08a625e3eb905c4f5ab), userDataDir=C:\Users\NIKILK~1\AppData\Local\Temp\scoped_dir13332_9007}, takesHeapSnapshot=true, pageLoadStrategy=normal, databaseEnabled=false, handlesAlerts=true, hasTouchScreen=false, version=67.0.3396.99, platform=WIN8_1, browserConnectionEnabled=false, nativeEvents=true, acceptSslCerts=false, acceptInsecureCerts=false, locationContextEnabled=true, webStorageEnabled=true, browserName=chrome, takesScreenshot=true, javascriptEnabled=true, cssSelectorsEnabled=true, setWindowRect=true, unexpectedAlertBehaviour=}]
Session ID: 0310d83ee2a38065a6f344275d2497a3
Exception occured: org.openqa.selenium.TimeoutException: timeout
  (Session info: chrome=67.0.3396.99)
  (Driver info: chromedriver=2.40.565498 (ea082db3280dd6843ebfb08a625e3eb905c4f5ab),platform=Windows NT 6.3.9600 x86_64) (WARNING: The server did not provide any stacktrace information)
Command duration or timeout: 10.01 seconds
Build info: version: &apos;2.53.0&apos;, revision: &apos;35ae25b1534ae328c771e0856c93e187490ca824&apos;, time: &apos;2016-03-15 10:43:46&apos;
System info: host: &apos;Nikil&apos;, ip: &apos;192.168.254.4&apos;, os.name: &apos;Windows 8.1&apos;, os.arch: &apos;amd64&apos;, os.version: &apos;6.3&apos;, java.version: &apos;1.8.0_131&apos;
Driver info: org.openqa.selenium.chrome.ChromeDriver
Capabilities [{applicationCacheEnabled=false, rotatable=false, mobileEmulationEnabled=false, networkConnectionEnabled=false, chrome={chromedriverVersion=2.40.565498 (ea082db3280dd6843ebfb08a625e3eb905c4f5ab), userDataDir=C:\Users\NIKILK~1\AppData\Local\Temp\scoped_dir13332_9007}, takesHeapSnapshot=true, pageLoadStrategy=normal, databaseEnabled=false, handlesAlerts=true, hasTouchScreen=false, version=67.0.3396.99, platform=WIN8_1, browserConnectionEnabled=false, nativeEvents=true, acceptSslCerts=false, acceptInsecureCerts=false, locationContextEnabled=true, webStorageEnabled=true, browserName=chrome, takesScreenshot=true, javascriptEnabled=true, cssSelectorsEnabled=true, setWindowRect=true, unexpectedAlertBehaviour=}]
Session ID: 0310d83ee2a38065a6f344275d2497a3
Exception occured: org.openqa.selenium.TimeoutException: timeout
  (Session info: chrome=67.0.3396.99)
  (Driver info: chromedriver=2.40.565498 (ea082db3280dd6843ebfb08a625e3eb905c4f5ab),platform=Windows NT 6.3.9600 x86_64) (WARNING: The server did not provide any stacktrace information)
Command duration or timeout: 10.01 seconds
Build info: version: &apos;2.53.0&apos;, revision: &apos;35ae25b1534ae328c771e0856c93e187490ca824&apos;, time: &apos;2016-03-15 10:43:46&apos;
System info: host: &apos;Nikil&apos;, ip: &apos;192.168.254.4&apos;, os.name: &apos;Windows 8.1&apos;, os.arch: &apos;amd64&apos;, os.version: &apos;6.3&apos;, java.version: &apos;1.8.0_131&apos;
Driver info: org.openqa.selenium.chrome.ChromeDriver
Capabilities [{applicationCacheEnabled=false, rotatable=false, mobileEmulationEnabled=false, networkConnectionEnabled=false, chrome={chromedriverVersion=2.40.565498 (ea082db3280dd6843ebfb08a625e3eb905c4f5ab), userDataDir=C:\Users\NIKILK~1\AppData\Local\Temp\scoped_dir13332_9007}, takesHeapSnapshot=true, pageLoadStrategy=normal, databaseEnabled=false, handlesAlerts=true, hasTouchScreen=false, version=67.0.3396.99, platform=WIN8_1, browserConnectionEnabled=false, nativeEvents=true, acceptSslCerts=false, acceptInsecureCerts=false, locationContextEnabled=true, webStorageEnabled=true, browserName=chrome, takesScreenshot=true, javascriptEnabled=true, cssSelectorsEnabled=true, setWindowRect=true, unexpectedAlertBehaviour=}]
Session ID: 0310d83ee2a38065a6f344275d2497a3
Exception occured: org.openqa.selenium.TimeoutException: timeout
  (Session info: chrome=67.0.3396.99)
  (Driver info: chromedriver=2.40.565498 (ea082db3280dd6843ebfb08a625e3eb905c4f5ab),platform=Windows NT 6.3.9600 x86_64) (WARNING: The server did not provide any stacktrace information)
Command duration or timeout: 10.01 seconds
Build info: version: &apos;2.53.0&apos;, revision: &apos;35ae25b1534ae328c771e0856c93e187490ca824&apos;, time: &apos;2016-03-15 10:43:46&apos;
System info: host: &apos;Nikil&apos;, ip: &apos;192.168.254.4&apos;, os.name: &apos;Windows 8.1&apos;, os.arch: &apos;amd64&apos;, os.version: &apos;6.3&apos;, java.version: &apos;1.8.0_131&apos;
Driver info: org.openqa.selenium.chrome.ChromeDriver
Capabilities [{applicationCacheEnabled=false, rotatable=false, mobileEmulationEnabled=false, networkConnectionEnabled=false, chrome={chromedriverVersion=2.40.565498 (ea082db3280dd6843ebfb08a625e3eb905c4f5ab), userDataDir=C:\Users\NIKILK~1\AppData\Local\Temp\scoped_dir13332_9007}, takesHeapSnapshot=true, pageLoadStrategy=normal, databaseEnabled=false, handlesAlerts=true, hasTouchScreen=false, version=67.0.3396.99, platform=WIN8_1, browserConnectionEnabled=false, nativeEvents=true, acceptSslCerts=false, acceptInsecureCerts=false, locationContextEnabled=true, webStorageEnabled=true, browserName=chrome, takesScreenshot=true, javascriptEnabled=true, cssSelectorsEnabled=true, setWindowRect=true, unexpectedAlertBehaviour=}]
Session ID: 0310d83ee2a38065a6f344275d2497a3
Exception occured: org.openqa.selenium.TimeoutException: timeout
  (Session info: chrome=67.0.3396.99)
  (Driver info: chromedriver=2.40.565498 (ea082db3280dd6843ebfb08a625e3eb905c4f5ab),platform=Windows NT 6.3.9600 x86_64) (WARNING: The server did not provide any stacktrace information)
Command duration or timeout: 10.01 seconds
Build info: version: &apos;2.53.0&apos;, revision: &apos;35ae25b1534ae328c771e0856c93e187490ca824&apos;, time: &apos;2016-03-15 10:43:46&apos;
System info: host: &apos;Nikil&apos;, ip: &apos;192.168.254.4&apos;, os.name: &apos;Windows 8.1&apos;, os.arch: &apos;amd64&apos;, os.version: &apos;6.3&apos;, java.version: &apos;1.8.0_131&apos;
Driver info: org.openqa.selenium.chrome.ChromeDriver
Capabilities [{applicationCacheEnabled=false, rotatable=false, mobileEmulationEnabled=false, networkConnectionEnabled=false, chrome={chromedriverVersion=2.40.565498 (ea082db3280dd6843ebfb08a625e3eb905c4f5ab), userDataDir=C:\Users\NIKILK~1\AppData\Local\Temp\scoped_dir13332_9007}, takesHeapSnapshot=true, pageLoadStrategy=normal, databaseEnabled=false, handlesAlerts=true, hasTouchScreen=false, version=67.0.3396.99, platform=WIN8_1, browserConnectionEnabled=false, nativeEvents=true, acceptSslCerts=false, acceptInsecureCerts=false, locationContextEnabled=true, webStorageEnabled=true, browserName=chrome, takesScreenshot=true, javascriptEnabled=true, cssSelectorsEnabled=true, setWindowRect=true, unexpectedAlertBehaviour=}]
Session ID: 0310d83ee2a38065a6f344275d2497a3
Exception occured: org.openqa.selenium.TimeoutException: timeout
  (Session info: chrome=67.0.3396.99)
  (Driver info: chromedriver=2.40.565498 (ea082db3280dd6843ebfb08a625e3eb905c4f5ab),platform=Windows NT 6.3.9600 x86_64) (WARNING: The server did not provide any stacktrace information)
Command duration or timeout: 10.02 seconds
Build info: version: &apos;2.53.0&apos;, revision: &apos;35ae25b1534ae328c771e0856c93e187490ca824&apos;, time: &apos;2016-03-15 10:43:46&apos;
System info: host: &apos;Nikil&apos;, ip: &apos;192.168.254.4&apos;, os.name: &apos;Windows 8.1&apos;, os.arch: &apos;amd64&apos;, os.version: &apos;6.3&apos;, java.version: &apos;1.8.0_131&apos;
Driver info: org.openqa.selenium.chrome.ChromeDriver
Capabilities [{applicationCacheEnabled=false, rotatable=false, mobileEmulationEnabled=false, networkConnectionEnabled=false, chrome={chromedriverVersion=2.40.565498 (ea082db3280dd6843ebfb08a625e3eb905c4f5ab), userDataDir=C:\Users\NIKILK~1\AppData\Local\Temp\scoped_dir13332_9007}, takesHeapSnapshot=true, pageLoadStrategy=normal, databaseEnabled=false, handlesAlerts=true, hasTouchScreen=false, version=67.0.3396.99, platform=WIN8_1, browserConnectionEnabled=false, nativeEvents=true, acceptSslCerts=false, acceptInsecureCerts=false, locationContextEnabled=true, webStorageEnabled=true, browserName=chrome, takesScreenshot=true, javascriptEnabled=true, cssSelectorsEnabled=true, setWindowRect=true, unexpectedAlertBehaviour=}]
Session ID: 0310d83ee2a38065a6f344275d2497a3
Exception occured: org.openqa.selenium.TimeoutException: timeout
  (Session info: chrome=67.0.3396.99)
  (Driver info: chromedriver=2.40.565498 (ea082db3280dd6843ebfb08a625e3eb905c4f5ab),platform=Windows NT 6.3.9600 x86_64) (WARNING: The server did not provide any stacktrace information)
Command duration or timeout: 10.01 seconds
Build info: version: &apos;2.53.0&apos;, revision: &apos;35ae25b1534ae328c771e0856c93e187490ca824&apos;, time: &apos;2016-03-15 10:43:46&apos;
System info: host: &apos;Nikil&apos;, ip: &apos;192.168.254.4&apos;, os.name: &apos;Windows 8.1&apos;, os.arch: &apos;amd64&apos;, os.version: &apos;6.3&apos;, java.version: &apos;1.8.0_131&apos;
Driver info: org.openqa.selenium.chrome.ChromeDriver
Capabilities [{applicationCacheEnabled=false, rotatable=false, mobileEmulationEnabled=false, networkConnectionEnabled=false, chrome={chromedriverVersion=2.40.565498 (ea082db3280dd6843ebfb08a625e3eb905c4f5ab), userDataDir=C:\Users\NIKILK~1\AppData\Local\Temp\scoped_dir13332_9007}, takesHeapSnapshot=true, pageLoadStrategy=normal, databaseEnabled=false, handlesAlerts=true, hasTouchScreen=false, version=67.0.3396.99, platform=WIN8_1, browserConnectionEnabled=false, nativeEvents=true, acceptSslCerts=false, acceptInsecureCerts=false, locationContextEnabled=true, webStorageEnabled=true, browserName=chrome, takesScreenshot=true, javascriptEnabled=true, cssSelectorsEnabled=true, setWindowRect=true, unexpectedAlertBehaviour=}]
Session ID: 0310d83ee2a38065a6f344275d2497a3
Exception occured: org.openqa.selenium.TimeoutException: timeout
  (Session info: chrome=67.0.3396.99)
  (Driver info: chromedriver=2.40.565498 (ea082db3280dd6843ebfb08a625e3eb905c4f5ab),platform=Windows NT 6.3.9600 x86_64) (WARNING: The server did not provide any stacktrace information)
Command duration or timeout: 10.02 seconds
Build info: version: &apos;2.53.0&apos;, revision: &apos;35ae25b1534ae328c771e0856c93e187490ca824&apos;, time: &apos;2016-03-15 10:43:46&apos;
System info: host: &apos;Nikil&apos;, ip: &apos;192.168.254.4&apos;, os.name: &apos;Windows 8.1&apos;, os.arch: &apos;amd64&apos;, os.version: &apos;6.3&apos;, java.version: &apos;1.8.0_131&apos;
Driver info: org.openqa.selenium.chrome.ChromeDriver
Capabilities [{applicationCacheEnabled=false, rotatable=false, mobileEmulationEnabled=false, networkConnectionEnabled=false, chrome={chromedriverVersion=2.40.565498 (ea082db3280dd6843ebfb08a625e3eb905c4f5ab), userDataDir=C:\Users\NIKILK~1\AppData\Local\Temp\scoped_dir13332_9007}, takesHeapSnapshot=true, pageLoadStrategy=normal, databaseEnabled=false, handlesAlerts=true, hasTouchScreen=false, version=67.0.3396.99, platform=WIN8_1, browserConnectionEnabled=false, nativeEvents=true, acceptSslCerts=false, acceptInsecureCerts=false, locationContextEnabled=true, webStorageEnabled=true, browserName=chrome, takesScreenshot=true, javascriptEnabled=true, cssSelectorsEnabled=true, setWindowRect=true, unexpectedAlertBehaviour=}]
Session ID: 0310d83ee2a38065a6f344275d2497a3
Exception occured: org.openqa.selenium.TimeoutException: timeout
  (Session info: chrome=67.0.3396.99)
  (Driver info: chromedriver=2.40.565498 (ea082db3280dd6843ebfb08a625e3eb905c4f5ab),platform=Windows NT 6.3.9600 x86_64) (WARNING: The server did not provide any stacktrace information)
Command duration or timeout: 10.01 seconds
Build info: version: &apos;2.53.0&apos;, revision: &apos;35ae25b1534ae328c771e0856c93e187490ca824&apos;, time: &apos;2016-03-15 10:43:46&apos;
System info: host: &apos;Nikil&apos;, ip: &apos;192.168.254.4&apos;, os.name: &apos;Windows 8.1&apos;, os.arch: &apos;amd64&apos;, os.version: &apos;6.3&apos;, java.version: &apos;1.8.0_131&apos;
Driver info: org.openqa.selenium.chrome.ChromeDriver
Capabilities [{applicationCacheEnabled=false, rotatable=false, mobileEmulationEnabled=false, networkConnectionEnabled=false, chrome={chromedriverVersion=2.40.565498 (ea082db3280dd6843ebfb08a625e3eb905c4f5ab), userDataDir=C:\Users\NIKILK~1\AppData\Local\Temp\scoped_dir13332_9007}, takesHeapSnapshot=true, pageLoadStrategy=normal, databaseEnabled=false, handlesAlerts=true, hasTouchScreen=false, version=67.0.3396.99, platform=WIN8_1, browserConnectionEnabled=false, nativeEvents=true, acceptSslCerts=false, acceptInsecureCerts=false, locationContextEnabled=true, webStorageEnabled=true, browserName=chrome, takesScreenshot=true, javascriptEnabled=true, cssSelectorsEnabled=true, setWindowRect=true, unexpectedAlertBehaviour=}]
Session ID: 0310d83ee2a38065a6f344275d2497a3
Exception occured: org.openqa.selenium.TimeoutException: timeout
  (Session info: chrome=67.0.3396.99)
  (Driver info: chromedriver=2.40.565498 (ea082db3280dd6843ebfb08a625e3eb905c4f5ab),platform=Windows NT 6.3.9600 x86_64) (WARNING: The server did not provide any stacktrace information)
Command duration or timeout: 10.01 seconds
Build info: version: &apos;2.53.0&apos;, revision: &apos;35ae25b1534ae328c771e0856c93e187490ca824&apos;, time: &apos;2016-03-15 10:43:46&apos;
System info: host: &apos;Nikil&apos;, ip: &apos;192.168.254.4&apos;, os.name: &apos;Windows 8.1&apos;, os.arch: &apos;amd64&apos;, os.version: &apos;6.3&apos;, java.version: &apos;1.8.0_131&apos;
Driver info: org.openqa.selenium.chrome.ChromeDriver
Capabilities [{applicationCacheEnabled=false, rotatable=false, mobileEmulationEnabled=false, networkConnectionEnabled=false, chrome={chromedriverVersion=2.40.565498 (ea082db3280dd6843ebfb08a625e3eb905c4f5ab), userDataDir=C:\Users\NIKILK~1\AppData\Local\Temp\scoped_dir13332_9007}, takesHeapSnapshot=true, pageLoadStrategy=normal, databaseEnabled=false, handlesAlerts=true, hasTouchScreen=false, version=67.0.3396.99, platform=WIN8_1, browserConnectionEnabled=false, nativeEvents=true, acceptSslCerts=false, acceptInsecureCerts=false, locationContextEnabled=true, webStorageEnabled=true, browserName=chrome, takesScreenshot=true, javascriptEnabled=true, cssSelectorsEnabled=true, setWindowRect=true, unexpectedAlertBehaviour=}]
Session ID: 0310d83ee2a38065a6f344275d2497a3
Exception occured: org.openqa.selenium.TimeoutException: timeout
  (Session info: chrome=67.0.3396.99)
  (Driver info: chromedriver=2.40.565498 (ea082db3280dd6843ebfb08a625e3eb905c4f5ab),platform=Windows NT 6.3.9600 x86_64) (WARNING: The server did not provide any stacktrace information)
Command duration or timeout: 10.01 seconds
Build info: version: &apos;2.53.0&apos;, revision: &apos;35ae25b1534ae328c771e0856c93e187490ca824&apos;, time: &apos;2016-03-15 10:43:46&apos;
System info: host: &apos;Nikil&apos;, ip: &apos;192.168.254.4&apos;, os.name: &apos;Windows 8.1&apos;, os.arch: &apos;amd64&apos;, os.version: &apos;6.3&apos;, java.version: &apos;1.8.0_131&apos;
Driver info: org.openqa.selenium.chrome.ChromeDriver
Capabilities [{applicationCacheEnabled=false, rotatable=false, mobileEmulationEnabled=false, networkConnectionEnabled=false, chrome={chromedriverVersion=2.40.565498 (ea082db3280dd6843ebfb08a625e3eb905c4f5ab), userDataDir=C:\Users\NIKILK~1\AppData\Local\Temp\scoped_dir13332_9007}, takesHeapSnapshot=true, pageLoadStrategy=normal, databaseEnabled=false, handlesAlerts=true, hasTouchScreen=false, version=67.0.3396.99, platform=WIN8_1, browserConnectionEnabled=false, nativeEvents=true, acceptSslCerts=false, acceptInsecureCerts=false, locationContextEnabled=true, webStorageEnabled=true, browserName=chrome, takesScreenshot=true, javascriptEnabled=true, cssSelectorsEnabled=true, setWindowRect=true, unexpectedAlertBehaviour=}]
Session ID: 0310d83ee2a38065a6f344275d2497a3
Exception occured: org.openqa.selenium.TimeoutException: timeout
  (Session info: chrome=67.0.3396.99)
  (Driver info: chromedriver=2.40.565498 (ea082db3280dd6843ebfb08a625e3eb905c4f5ab),platform=Windows NT 6.3.9600 x86_64) (WARNING: The server did not provide any stacktrace information)
Command duration or timeout: 10.01 seconds
Build info: version: &apos;2.53.0&apos;, revision: &apos;35ae25b1534ae328c771e0856c93e187490ca824&apos;, time: &apos;2016-03-15 10:43:46&apos;
System info: host: &apos;Nikil&apos;, ip: &apos;192.168.254.4&apos;, os.name: &apos;Windows 8.1&apos;, os.arch: &apos;amd64&apos;, os.version: &apos;6.3&apos;, java.version: &apos;1.8.0_131&apos;
Driver info: org.openqa.selenium.chrome.ChromeDriver
Capabilities [{applicationCacheEnabled=false, rotatable=false, mobileEmulationEnabled=false, networkConnectionEnabled=false, chrome={chromedriverVersion=2.40.565498 (ea082db3280dd6843ebfb08a625e3eb905c4f5ab), userDataDir=C:\Users\NIKILK~1\AppData\Local\Temp\scoped_dir13332_9007}, takesHeapSnapshot=true, pageLoadStrategy=normal, databaseEnabled=false, handlesAlerts=true, hasTouchScreen=false, version=67.0.3396.99, platform=WIN8_1, browserConnectionEnabled=false, nativeEvents=true, acceptSslCerts=false, acceptInsecureCerts=false, locationContextEnabled=true, webStorageEnabled=true, browserName=chrome, takesScreenshot=true, javascriptEnabled=true, cssSelectorsEnabled=true, setWindowRect=true, unexpectedAlertBehaviour=}]
Session ID: 0310d83ee2a38065a6f344275d2497a3
Exception occured: org.openqa.selenium.TimeoutException: timeout
  (Session info: chrome=67.0.3396.99)
  (Driver info: chromedriver=2.40.565498 (ea082db3280dd6843ebfb08a625e3eb905c4f5ab),platform=Windows NT 6.3.9600 x86_64) (WARNING: The server did not provide any stacktrace information)
Command duration or timeout: 10.01 seconds
Build info: version: &apos;2.53.0&apos;, revision: &apos;35ae25b1534ae328c771e0856c93e187490ca824&apos;, time: &apos;2016-03-15 10:43:46&apos;
System info: host: &apos;Nikil&apos;, ip: &apos;192.168.254.4&apos;, os.name: &apos;Windows 8.1&apos;, os.arch: &apos;amd64&apos;, os.version: &apos;6.3&apos;, java.version: &apos;1.8.0_131&apos;
Driver info: org.openqa.selenium.chrome.ChromeDriver
Capabilities [{applicationCacheEnabled=false, rotatable=false, mobileEmulationEnabled=false, networkConnectionEnabled=false, chrome={chromedriverVersion=2.40.565498 (ea082db3280dd6843ebfb08a625e3eb905c4f5ab), userDataDir=C:\Users\NIKILK~1\AppData\Local\Temp\scoped_dir13332_9007}, takesHeapSnapshot=true, pageLoadStrategy=normal, databaseEnabled=false, handlesAlerts=true, hasTouchScreen=false, version=67.0.3396.99, platform=WIN8_1, browserConnectionEnabled=false, nativeEvents=true, acceptSslCerts=false, acceptInsecureCerts=false, locationContextEnabled=true, webStorageEnabled=true, browserName=chrome, takesScreenshot=true, javascriptEnabled=true, cssSelectorsEnabled=true, setWindowRect=true, unexpectedAlertBehaviour=}]
Session ID: 0310d83ee2a38065a6f344275d2497a3
Exception occured: org.openqa.selenium.TimeoutException: timeout
  (Session info: chrome=67.0.3396.99)
  (Driver info: chromedriver=2.40.565498 (ea082db3280dd6843ebfb08a625e3eb905c4f5ab),platform=Windows NT 6.3.9600 x86_64) (WARNING: The server did not provide any stacktrace information)
Command duration or timeout: 10.01 seconds
Build info: version: &apos;2.53.0&apos;, revision: &apos;35ae25b1534ae328c771e0856c93e187490ca824&apos;, time: &apos;2016-03-15 10:43:46&apos;
System info: host: &apos;Nikil&apos;, ip: &apos;192.168.254.4&apos;, os.name: &apos;Windows 8.1&apos;, os.arch: &apos;amd64&apos;, os.version: &apos;6.3&apos;, java.version: &apos;1.8.0_131&apos;
Driver info: org.openqa.selenium.chrome.ChromeDriver
Capabilities [{applicationCacheEnabled=false, rotatable=false, mobileEmulationEnabled=false, networkConnectionEnabled=false, chrome={chromedriverVersion=2.40.565498 (ea082db3280dd6843ebfb08a625e3eb905c4f5ab), userDataDir=C:\Users\NIKILK~1\AppData\Local\Temp\scoped_dir13332_9007}, takesHeapSnapshot=true, pageLoadStrategy=normal, databaseEnabled=false, handlesAlerts=true, hasTouchScreen=false, version=67.0.3396.99, platform=WIN8_1, browserConnectionEnabled=false, nativeEvents=true, acceptSslCerts=false, acceptInsecureCerts=false, locationContextEnabled=true, webStorageEnabled=true, browserName=chrome, takesScreenshot=true, javascriptEnabled=true, cssSelectorsEnabled=true, setWindowRect=true, unexpectedAlertBehaviour=}]
Session ID: 0310d83ee2a38065a6f344275d2497a3
Exception occured: org.openqa.selenium.TimeoutException: timeout
  (Session info: chrome=67.0.3396.99)
  (Driver info: chromedriver=2.40.565498 (ea082db3280dd6843ebfb08a625e3eb905c4f5ab),platform=Windows NT 6.3.9600 x86_64) (WARNING: The server did not provide any stacktrace information)
Command duration or timeout: 10.01 seconds
Build info: version: &apos;2.53.0&apos;, revision: &apos;35ae25b1534ae328c771e0856c93e187490ca824&apos;, time: &apos;2016-03-15 10:43:46&apos;
System info: host: &apos;Nikil&apos;, ip: &apos;192.168.254.4&apos;, os.name: &apos;Windows 8.1&apos;, os.arch: &apos;amd64&apos;, os.version: &apos;6.3&apos;, java.version: &apos;1.8.0_131&apos;
Driver info: org.openqa.selenium.chrome.ChromeDriver
Capabilities [{applicationCacheEnabled=false, rotatable=false, mobileEmulationEnabled=false, networkConnectionEnabled=false, chrome={chromedriverVersion=2.40.565498 (ea082db3280dd6843ebfb08a625e3eb905c4f5ab), userDataDir=C:\Users\NIKILK~1\AppData\Local\Temp\scoped_dir13332_9007}, takesHeapSnapshot=true, pageLoadStrategy=normal, databaseEnabled=false, handlesAlerts=true, hasTouchScreen=false, version=67.0.3396.99, platform=WIN8_1, browserConnectionEnabled=false, nativeEvents=true, acceptSslCerts=false, acceptInsecureCerts=false, locationContextEnabled=true, webStorageEnabled=true, browserName=chrome, takesScreenshot=true, javascriptEnabled=true, cssSelectorsEnabled=true, setWindowRect=true, unexpectedAlertBehaviour=}]
Session ID: 0310d83ee2a38065a6f344275d2497a3
Exception occured: org.openqa.selenium.TimeoutException: timeout
  (Session info: chrome=67.0.3396.99)
  (Driver info: chromedriver=2.40.565498 (ea082db3280dd6843ebfb08a625e3eb905c4f5ab),platform=Windows NT 6.3.9600 x86_64) (WARNING: The server did not provide any stacktrace information)
Command duration or timeout: 10.01 seconds
Build info: version: &apos;2.53.0&apos;, revision: &apos;35ae25b1534ae328c771e0856c93e187490ca824&apos;, time: &apos;2016-03-15 10:43:46&apos;
System info: host: &apos;Nikil&apos;, ip: &apos;192.168.254.4&apos;, os.name: &apos;Windows 8.1&apos;, os.arch: &apos;amd64&apos;, os.version: &apos;6.3&apos;, java.version: &apos;1.8.0_131&apos;
Driver info: org.openqa.selenium.chrome.ChromeDriver
Capabilities [{applicationCacheEnabled=false, rotatable=false, mobileEmulationEnabled=false, networkConnectionEnabled=false, chrome={chromedriverVersion=2.40.565498 (ea082db3280dd6843ebfb08a625e3eb905c4f5ab), userDataDir=C:\Users\NIKILK~1\AppData\Local\Temp\scoped_dir13332_9007}, takesHeapSnapshot=true, pageLoadStrategy=normal, databaseEnabled=false, handlesAlerts=true, hasTouchScreen=false, version=67.0.3396.99, platform=WIN8_1, browserConnectionEnabled=false, nativeEvents=true, acceptSslCerts=false, acceptInsecureCerts=false, locationContextEnabled=true, webStorageEnabled=true, browserName=chrome, takesScreenshot=true, javascriptEnabled=true, cssSelectorsEnabled=true, setWindowRect=true, unexpectedAlertBehaviour=}]
Session ID: 0310d83ee2a38065a6f344275d2497a3
Exception occured: org.openqa.selenium.TimeoutException: timeout
  (Session info: chrome=67.0.3396.99)
  (Driver info: chromedriver=2.40.565498 (ea082db3280dd6843ebfb08a625e3eb905c4f5ab),platform=Windows NT 6.3.9600 x86_64) (WARNING: The server did not provide any stacktrace information)
Command duration or timeout: 10.01 seconds
Build info: version: &apos;2.53.0&apos;, revision: &apos;35ae25b1534ae328c771e0856c93e187490ca824&apos;, time: &apos;2016-03-15 10:43:46&apos;
System info: host: &apos;Nikil&apos;, ip: &apos;192.168.254.4&apos;, os.name: &apos;Windows 8.1&apos;, os.arch: &apos;amd64&apos;, os.version: &apos;6.3&apos;, java.version: &apos;1.8.0_131&apos;
Driver info: org.openqa.selenium.chrome.ChromeDriver
Capabilities [{applicationCacheEnabled=false, rotatable=false, mobileEmulationEnabled=false, networkConnectionEnabled=false, chrome={chromedriverVersion=2.40.565498 (ea082db3280dd6843ebfb08a625e3eb905c4f5ab), userDataDir=C:\Users\NIKILK~1\AppData\Local\Temp\scoped_dir13332_9007}, takesHeapSnapshot=true, pageLoadStrategy=normal, databaseEnabled=false, handlesAlerts=true, hasTouchScreen=false, version=67.0.3396.99, platform=WIN8_1, browserConnectionEnabled=false, nativeEvents=true, acceptSslCerts=false, acceptInsecureCerts=false, locationContextEnabled=true, webStorageEnabled=true, browserName=chrome, takesScreenshot=true, javascriptEnabled=true, cssSelectorsEnabled=true, setWindowRect=true, unexpectedAlertBehaviour=}]
Session ID: 0310d83ee2a38065a6f344275d2497a3
Exception occured: org.openqa.selenium.TimeoutException: timeout
  (Session info: chrome=67.0.3396.99)
  (Driver info: chromedriver=2.40.565498 (ea082db3280dd6843ebfb08a625e3eb905c4f5ab),platform=Windows NT 6.3.9600 x86_64) (WARNING: The server did not provide any stacktrace information)
Command duration or timeout: 10.01 seconds
Build info: version: &apos;2.53.0&apos;, revision: &apos;35ae25b1534ae328c771e0856c93e187490ca824&apos;, time: &apos;2016-03-15 10:43:46&apos;
System info: host: &apos;Nikil&apos;, ip: &apos;192.168.254.4&apos;, os.name: &apos;Windows 8.1&apos;, os.arch: &apos;amd64&apos;, os.version: &apos;6.3&apos;, java.version: &apos;1.8.0_131&apos;
Driver info: org.openqa.selenium.chrome.ChromeDriver
Capabilities [{applicationCacheEnabled=false, rotatable=false, mobileEmulationEnabled=false, networkConnectionEnabled=false, chrome={chromedriverVersion=2.40.565498 (ea082db3280dd6843ebfb08a625e3eb905c4f5ab), userDataDir=C:\Users\NIKILK~1\AppData\Local\Temp\scoped_dir13332_9007}, takesHeapSnapshot=true, pageLoadStrategy=normal, databaseEnabled=false, handlesAlerts=true, hasTouchScreen=false, version=67.0.3396.99, platform=WIN8_1, browserConnectionEnabled=false, nativeEvents=true, acceptSslCerts=false, acceptInsecureCerts=false, locationContextEnabled=true, webStorageEnabled=true, browserName=chrome, takesScreenshot=true, javascriptEnabled=true, cssSelectorsEnabled=true, setWindowRect=true, unexpectedAlertBehaviour=}]
Session ID: 0310d83ee2a38065a6f344275d2497a3
Exception occured: org.openqa.selenium.TimeoutException: timeout
  (Session info: chrome=67.0.3396.99)
  (Driver info: chromedriver=2.40.565498 (ea082db3280dd6843ebfb08a625e3eb905c4f5ab),platform=Windows NT 6.3.9600 x86_64) (WARNING: The server did not provide any stacktrace information)
Command duration or timeout: 10.01 seconds
Build info: version: &apos;2.53.0&apos;, revision: &apos;35ae25b1534ae328c771e0856c93e187490ca824&apos;, time: &apos;2016-03-15 10:43:46&apos;
System info: host: &apos;Nikil&apos;, ip: &apos;192.168.254.4&apos;, os.name: &apos;Windows 8.1&apos;, os.arch: &apos;amd64&apos;, os.version: &apos;6.3&apos;, java.version: &apos;1.8.0_131&apos;
Driver info: org.openqa.selenium.chrome.ChromeDriver
Capabilities [{applicationCacheEnabled=false, rotatable=false, mobileEmulationEnabled=false, networkConnectionEnabled=false, chrome={chromedriverVersion=2.40.565498 (ea082db3280dd6843ebfb08a625e3eb905c4f5ab), userDataDir=C:\Users\NIKILK~1\AppData\Local\Temp\scoped_dir13332_9007}, takesHeapSnapshot=true, pageLoadStrategy=normal, databaseEnabled=false, handlesAlerts=true, hasTouchScreen=false, version=67.0.3396.99, platform=WIN8_1, browserConnectionEnabled=false, nativeEvents=true, acceptSslCerts=false, acceptInsecureCerts=false, locationContextEnabled=true, webStorageEnabled=true, browserName=chrome, takesScreenshot=true, javascriptEnabled=true, cssSelectorsEnabled=true, setWindowRect=true, unexpectedAlertBehaviour=}]
Session ID: 0310d83ee2a38065a6f344275d2497a3
Exception occured: org.openqa.selenium.TimeoutException: timeout
  (Session info: chrome=67.0.3396.99)
  (Driver info: chromedriver=2.40.565498 (ea082db3280dd6843ebfb08a625e3eb905c4f5ab),platform=Windows NT 6.3.9600 x86_64) (WARNING: The server did not provide any stacktrace information)
Command duration or timeout: 10.01 seconds
Build info: version: &apos;2.53.0&apos;, revision: &apos;35ae25b1534ae328c771e0856c93e187490ca824&apos;, time: &apos;2016-03-15 10:43:46&apos;
System info: host: &apos;Nikil&apos;, ip: &apos;192.168.254.4&apos;, os.name: &apos;Windows 8.1&apos;, os.arch: &apos;amd64&apos;, os.version: &apos;6.3&apos;, java.version: &apos;1.8.0_131&apos;
Driver info: org.openqa.selenium.chrome.ChromeDriver
Capabilities [{applicationCacheEnabled=false, rotatable=false, mobileEmulationEnabled=false, networkConnectionEnabled=false, chrome={chromedriverVersion=2.40.565498 (ea082db3280dd6843ebfb08a625e3eb905c4f5ab), userDataDir=C:\Users\NIKILK~1\AppData\Local\Temp\scoped_dir13332_9007}, takesHeapSnapshot=true, pageLoadStrategy=normal, databaseEnabled=false, handlesAlerts=true, hasTouchScreen=false, version=67.0.3396.99, platform=WIN8_1, browserConnectionEnabled=false, nativeEvents=true, acceptSslCerts=false, acceptInsecureCerts=false, locationContextEnabled=true, webStorageEnabled=true, browserName=chrome, takesScreenshot=true, javascriptEnabled=true, cssSelectorsEnabled=true, setWindowRect=true, unexpectedAlertBehaviour=}]
Session ID: 0310d83ee2a38065a6f344275d2497a3
Exception occured: org.openqa.selenium.TimeoutException: timeout
  (Session info: chrome=67.0.3396.99)
  (Driver info: chromedriver=2.40.565498 (ea082db3280dd6843ebfb08a625e3eb905c4f5ab),platform=Windows NT 6.3.9600 x86_64) (WARNING: The server did not provide any stacktrace information)
Command duration or timeout: 10.01 seconds
Build info: version: &apos;2.53.0&apos;, revision: &apos;35ae25b1534ae328c771e0856c93e187490ca824&apos;, time: &apos;2016-03-15 10:43:46&apos;
System info: host: &apos;Nikil&apos;, ip: &apos;192.168.254.4&apos;, os.name: &apos;Windows 8.1&apos;, os.arch: &apos;amd64&apos;, os.version: &apos;6.3&apos;, java.version: &apos;1.8.0_131&apos;
Driver info: org.openqa.selenium.chrome.ChromeDriver
Capabilities [{applicationCacheEnabled=false, rotatable=false, mobileEmulationEnabled=false, networkConnectionEnabled=false, chrome={chromedriverVersion=2.40.565498 (ea082db3280dd6843ebfb08a625e3eb905c4f5ab), userDataDir=C:\Users\NIKILK~1\AppData\Local\Temp\scoped_dir13332_9007}, takesHeapSnapshot=true, pageLoadStrategy=normal, databaseEnabled=false, handlesAlerts=true, hasTouchScreen=false, version=67.0.3396.99, platform=WIN8_1, browserConnectionEnabled=false, nativeEvents=true, acceptSslCerts=false, acceptInsecureCerts=false, locationContextEnabled=true, webStorageEnabled=true, browserName=chrome, takesScreenshot=true, javascriptEnabled=true, cssSelectorsEnabled=true, setWindowRect=true, unexpectedAlertBehaviour=}]
Session ID: 0310d83ee2a38065a6f344275d2497a3
Exception occured: org.openqa.selenium.TimeoutException: timeout
  (Session info: chrome=67.0.3396.99)
  (Driver info: chromedriver=2.40.565498 (ea082db3280dd6843ebfb08a625e3eb905c4f5ab),platform=Windows NT 6.3.9600 x86_64) (WARNING: The server did not provide any stacktrace information)
Command duration or timeout: 10.02 seconds
Build info: version: &apos;2.53.0&apos;, revision: &apos;35ae25b1534ae328c771e0856c93e187490ca824&apos;, time: &apos;2016-03-15 10:43:46&apos;
System info: host: &apos;Nikil&apos;, ip: &apos;192.168.254.4&apos;, os.name: &apos;Windows 8.1&apos;, os.arch: &apos;amd64&apos;, os.version: &apos;6.3&apos;, java.version: &apos;1.8.0_131&apos;
Driver info: org.openqa.selenium.chrome.ChromeDriver
Capabilities [{applicationCacheEnabled=false, rotatable=false, mobileEmulationEnabled=false, networkConnectionEnabled=false, chrome={chromedriverVersion=2.40.565498 (ea082db3280dd6843ebfb08a625e3eb905c4f5ab), userDataDir=C:\Users\NIKILK~1\AppData\Local\Temp\scoped_dir13332_9007}, takesHeapSnapshot=true, pageLoadStrategy=normal, databaseEnabled=false, handlesAlerts=true, hasTouchScreen=false, version=67.0.3396.99, platform=WIN8_1, browserConnectionEnabled=false, nativeEvents=true, acceptSslCerts=false, acceptInsecureCerts=false, locationContextEnabled=true, webStorageEnabled=true, browserName=chrome, takesScreenshot=true, javascriptEnabled=true, cssSelectorsEnabled=true, setWindowRect=true, unexpectedAlertBehaviour=}]
Session ID: 0310d83ee2a38065a6f344275d2497a3
Exception occured: org.openqa.selenium.TimeoutException: timeout
  (Session info: chrome=67.0.3396.99)
  (Driver info: chromedriver=2.40.565498 (ea082db3280dd6843ebfb08a625e3eb905c4f5ab),platform=Windows NT 6.3.9600 x86_64) (WARNING: The server did not provide any stacktrace information)
Command duration or timeout: 10.01 seconds
Build info: version: &apos;2.53.0&apos;, revision: &apos;35ae25b1534ae328c771e0856c93e187490ca824&apos;, time: &apos;2016-03-15 10:43:46&apos;
System info: host: &apos;Nikil&apos;, ip: &apos;192.168.254.4&apos;, os.name: &apos;Windows 8.1&apos;, os.arch: &apos;amd64&apos;, os.version: &apos;6.3&apos;, java.version: &apos;1.8.0_131&apos;
Driver info: org.openqa.selenium.chrome.ChromeDriver
Capabilities [{applicationCacheEnabled=false, rotatable=false, mobileEmulationEnabled=false, networkConnectionEnabled=false, chrome={chromedriverVersion=2.40.565498 (ea082db3280dd6843ebfb08a625e3eb905c4f5ab), userDataDir=C:\Users\NIKILK~1\AppData\Local\Temp\scoped_dir13332_9007}, takesHeapSnapshot=true, pageLoadStrategy=normal, databaseEnabled=false, handlesAlerts=true, hasTouchScreen=false, version=67.0.3396.99, platform=WIN8_1, browserConnectionEnabled=false, nativeEvents=true, acceptSslCerts=false, acceptInsecureCerts=false, locationContextEnabled=true, webStorageEnabled=true, browserName=chrome, takesScreenshot=true, javascriptEnabled=true, cssSelectorsEnabled=true, setWindowRect=true, unexpectedAlertBehaviour=}]
Session ID: 0310d83ee2a38065a6f344275d2497a3
Exception occured: org.openqa.selenium.TimeoutException: timeout
  (Session info: chrome=67.0.3396.99)
  (Driver info: chromedriver=2.40.565498 (ea082db3280dd6843ebfb08a625e3eb905c4f5ab),platform=Windows NT 6.3.9600 x86_64) (WARNING: The server did not provide any stacktrace information)
Command duration or timeout: 10.02 seconds
Build info: version: &apos;2.53.0&apos;, revision: &apos;35ae25b1534ae328c771e0856c93e187490ca824&apos;, time: &apos;2016-03-15 10:43:46&apos;
System info: host: &apos;Nikil&apos;, ip: &apos;192.168.254.4&apos;, os.name: &apos;Windows 8.1&apos;, os.arch: &apos;amd64&apos;, os.version: &apos;6.3&apos;, java.version: &apos;1.8.0_131&apos;
Driver info: org.openqa.selenium.chrome.ChromeDriver
Capabilities [{applicationCacheEnabled=false, rotatable=false, mobileEmulationEnabled=false, networkConnectionEnabled=false, chrome={chromedriverVersion=2.40.565498 (ea082db3280dd6843ebfb08a625e3eb905c4f5ab), userDataDir=C:\Users\NIKILK~1\AppData\Local\Temp\scoped_dir13332_9007}, takesHeapSnapshot=true, pageLoadStrategy=normal, databaseEnabled=false, handlesAlerts=true, hasTouchScreen=false, version=67.0.3396.99, platform=WIN8_1, browserConnectionEnabled=false, nativeEvents=true, acceptSslCerts=false, acceptInsecureCerts=false, locationContextEnabled=true, webStorageEnabled=true, browserName=chrome, takesScreenshot=true, javascriptEnabled=true, cssSelectorsEnabled=true, setWindowRect=true, unexpectedAlertBehaviour=}]
Session ID: 0310d83ee2a38065a6f344275d2497a3
Exception occured: org.openqa.selenium.TimeoutException: timeout
  (Session info: chrome=67.0.3396.99)
  (Driver info: chromedriver=2.40.565498 (ea082db3280dd6843ebfb08a625e3eb905c4f5ab),platform=Windows NT 6.3.9600 x86_64) (WARNING: The server did not provide any stacktrace information)
Command duration or timeout: 10.02 seconds
Build info: version: &apos;2.53.0&apos;, revision: &apos;35ae25b1534ae328c771e0856c93e187490ca824&apos;, time: &apos;2016-03-15 10:43:46&apos;
System info: host: &apos;Nikil&apos;, ip: &apos;192.168.254.4&apos;, os.name: &apos;Windows 8.1&apos;, os.arch: &apos;amd64&apos;, os.version: &apos;6.3&apos;, java.version: &apos;1.8.0_131&apos;
Driver info: org.openqa.selenium.chrome.ChromeDriver
Capabilities [{applicationCacheEnabled=false, rotatable=false, mobileEmulationEnabled=false, networkConnectionEnabled=false, chrome={chromedriverVersion=2.40.565498 (ea082db3280dd6843ebfb08a625e3eb905c4f5ab), userDataDir=C:\Users\NIKILK~1\AppData\Local\Temp\scoped_dir13332_9007}, takesHeapSnapshot=true, pageLoadStrategy=normal, databaseEnabled=false, handlesAlerts=true, hasTouchScreen=false, version=67.0.3396.99, platform=WIN8_1, browserConnectionEnabled=false, nativeEvents=true, acceptSslCerts=false, acceptInsecureCerts=false, locationContextEnabled=true, webStorageEnabled=true, browserName=chrome, takesScreenshot=true, javascriptEnabled=true, cssSelectorsEnabled=true, setWindowRect=true, unexpectedAlertBehaviour=}]
Session ID: 0310d83ee2a38065a6f344275d2497a3
Exception occured: org.openqa.selenium.TimeoutException: timeout
  (Session info: chrome=67.0.3396.99)
  (Driver info: chromedriver=2.40.565498 (ea082db3280dd6843ebfb08a625e3eb905c4f5ab),platform=Windows NT 6.3.9600 x86_64) (WARNING: The server did not provide any stacktrace information)
Command duration or timeout: 10.01 seconds
Build info: version: &apos;2.53.0&apos;, revision: &apos;35ae25b1534ae328c771e0856c93e187490ca824&apos;, time: &apos;2016-03-15 10:43:46&apos;
System info: host: &apos;Nikil&apos;, ip: &apos;192.168.254.4&apos;, os.name: &apos;Windows 8.1&apos;, os.arch: &apos;amd64&apos;, os.version: &apos;6.3&apos;, java.version: &apos;1.8.0_131&apos;
Driver info: org.openqa.selenium.chrome.ChromeDriver
Capabilities [{applicationCacheEnabled=false, rotatable=false, mobileEmulationEnabled=false, networkConnectionEnabled=false, chrome={chromedriverVersion=2.40.565498 (ea082db3280dd6843ebfb08a625e3eb905c4f5ab), userDataDir=C:\Users\NIKILK~1\AppData\Local\Temp\scoped_dir13332_9007}, takesHeapSnapshot=true, pageLoadStrategy=normal, databaseEnabled=false, handlesAlerts=true, hasTouchScreen=false, version=67.0.3396.99, platform=WIN8_1, browserConnectionEnabled=false, nativeEvents=true, acceptSslCerts=false, acceptInsecureCerts=false, locationContextEnabled=true, webStorageEnabled=true, browserName=chrome, takesScreenshot=true, javascriptEnabled=true, cssSelectorsEnabled=true, setWindowRect=true, unexpectedAlertBehaviour=}]
Session ID: 0310d83ee2a38065a6f344275d2497a3
Exception occured: org.openqa.selenium.TimeoutException: timeout
  (Session info: chrome=67.0.3396.99)
  (Driver info: chromedriver=2.40.565498 (ea082db3280dd6843ebfb08a625e3eb905c4f5ab),platform=Windows NT 6.3.9600 x86_64) (WARNING: The server did not provide any stacktrace information)
Command duration or timeout: 10.01 seconds
Build info: version: &apos;2.53.0&apos;, revision: &apos;35ae25b1534ae328c771e0856c93e187490ca824&apos;, time: &apos;2016-03-15 10:43:46&apos;
System info: host: &apos;Nikil&apos;, ip: &apos;192.168.254.4&apos;, os.name: &apos;Windows 8.1&apos;, os.arch: &apos;amd64&apos;, os.version: &apos;6.3&apos;, java.version: &apos;1.8.0_131&apos;
Driver info: org.openqa.selenium.chrome.ChromeDriver
Capabilities [{applicationCacheEnabled=false, rotatable=false, mobileEmulationEnabled=false, networkConnectionEnabled=false, chrome={chromedriverVersion=2.40.565498 (ea082db3280dd6843ebfb08a625e3eb905c4f5ab), userDataDir=C:\Users\NIKILK~1\AppData\Local\Temp\scoped_dir13332_9007}, takesHeapSnapshot=true, pageLoadStrategy=normal, databaseEnabled=false, handlesAlerts=true, hasTouchScreen=false, version=67.0.3396.99, platform=WIN8_1, browserConnectionEnabled=false, nativeEvents=true, acceptSslCerts=false, acceptInsecureCerts=false, locationContextEnabled=true, webStorageEnabled=true, browserName=chrome, takesScreenshot=true, javascriptEnabled=true, cssSelectorsEnabled=true, setWindowRect=true, unexpectedAlertBehaviour=}]
Session ID: 0310d83ee2a38065a6f344275d2497a3
Exception occured: org.openqa.selenium.TimeoutException: timeout
  (Session info: chrome=67.0.3396.99)
  (Driver info: chromedriver=2.40.565498 (ea082db3280dd6843ebfb08a625e3eb905c4f5ab),platform=Windows NT 6.3.9600 x86_64) (WARNING: The server did not provide any stacktrace information)
Command duration or timeout: 10.02 seconds
Build info: version: &apos;2.53.0&apos;, revision: &apos;35ae25b1534ae328c771e0856c93e187490ca824&apos;, time: &apos;2016-03-15 10:43:46&apos;
System info: host: &apos;Nikil&apos;, ip: &apos;192.168.254.4&apos;, os.name: &apos;Windows 8.1&apos;, os.arch: &apos;amd64&apos;, os.version: &apos;6.3&apos;, java.version: &apos;1.8.0_131&apos;
Driver info: org.openqa.selenium.chrome.ChromeDriver
Capabilities [{applicationCacheEnabled=false, rotatable=false, mobileEmulationEnabled=false, networkConnectionEnabled=false, chrome={chromedriverVersion=2.40.565498 (ea082db3280dd6843ebfb08a625e3eb905c4f5ab), userDataDir=C:\Users\NIKILK~1\AppData\Local\Temp\scoped_dir13332_9007}, takesHeapSnapshot=true, pageLoadStrategy=normal, databaseEnabled=false, handlesAlerts=true, hasTouchScreen=false, version=67.0.3396.99, platform=WIN8_1, browserConnectionEnabled=false, nativeEvents=true, acceptSslCerts=false, acceptInsecureCerts=false, locationContextEnabled=true, webStorageEnabled=true, browserName=chrome, takesScreenshot=true, javascriptEnabled=true, cssSelectorsEnabled=true, setWindowRect=true, unexpectedAlertBehaviour=}]
Session ID: 0310d83ee2a38065a6f344275d2497a3
Exception occured: org.openqa.selenium.TimeoutException: timeout
  (Session info: chrome=67.0.3396.99)
  (Driver info: chromedriver=2.40.565498 (ea082db3280dd6843ebfb08a625e3eb905c4f5ab),platform=Windows NT 6.3.9600 x86_64) (WARNING: The server did not provide any stacktrace information)
Command duration or timeout: 10.01 seconds
Build info: version: &apos;2.53.0&apos;, revision: &apos;35ae25b1534ae328c771e0856c93e187490ca824&apos;, time: &apos;2016-03-15 10:43:46&apos;
System info: host: &apos;Nikil&apos;, ip: &apos;192.168.254.4&apos;, os.name: &apos;Windows 8.1&apos;, os.arch: &apos;amd64&apos;, os.version: &apos;6.3&apos;, java.version: &apos;1.8.0_131&apos;
Driver info: org.openqa.selenium.chrome.ChromeDriver
Capabilities [{applicationCacheEnabled=false, rotatable=false, mobileEmulationEnabled=false, networkConnectionEnabled=false, chrome={chromedriverVersion=2.40.565498 (ea082db3280dd6843ebfb08a625e3eb905c4f5ab), userDataDir=C:\Users\NIKILK~1\AppData\Local\Temp\scoped_dir13332_9007}, takesHeapSnapshot=true, pageLoadStrategy=normal, databaseEnabled=false, handlesAlerts=true, hasTouchScreen=false, version=67.0.3396.99, platform=WIN8_1, browserConnectionEnabled=false, nativeEvents=true, acceptSslCerts=false, acceptInsecureCerts=false, locationContextEnabled=true, webStorageEnabled=true, browserName=chrome, takesScreenshot=true, javascriptEnabled=true, cssSelectorsEnabled=true, setWindowRect=true, unexpectedAlertBehaviour=}]
Session ID: 0310d83ee2a38065a6f344275d2497a3
Exception occured: org.openqa.selenium.TimeoutException: timeout
  (Session info: chrome=67.0.3396.99)
  (Driver info: chromedriver=2.40.565498 (ea082db3280dd6843ebfb08a625e3eb905c4f5ab),platform=Windows NT 6.3.9600 x86_64) (WARNING: The server did not provide any stacktrace information)
Command duration or timeout: 10.01 seconds
Build info: version: &apos;2.53.0&apos;, revision: &apos;35ae25b1534ae328c771e0856c93e187490ca824&apos;, time: &apos;2016-03-15 10:43:46&apos;
System info: host: &apos;Nikil&apos;, ip: &apos;192.168.254.4&apos;, os.name: &apos;Windows 8.1&apos;, os.arch: &apos;amd64&apos;, os.version: &apos;6.3&apos;, java.version: &apos;1.8.0_131&apos;
Driver info: org.openqa.selenium.chrome.ChromeDriver
Capabilities [{applicationCacheEnabled=false, rotatable=false, mobileEmulationEnabled=false, networkConnectionEnabled=false, chrome={chromedriverVersion=2.40.565498 (ea082db3280dd6843ebfb08a625e3eb905c4f5ab), userDataDir=C:\Users\NIKILK~1\AppData\Local\Temp\scoped_dir13332_9007}, takesHeapSnapshot=true, pageLoadStrategy=normal, databaseEnabled=false, handlesAlerts=true, hasTouchScreen=false, version=67.0.3396.99, platform=WIN8_1, browserConnectionEnabled=false, nativeEvents=true, acceptSslCerts=false, acceptInsecureCerts=false, locationContextEnabled=true, webStorageEnabled=true, browserName=chrome, takesScreenshot=true, javascriptEnabled=true, cssSelectorsEnabled=true, setWindowRect=true, unexpectedAlertBehaviour=}]
Session ID: 0310d83ee2a38065a6f344275d2497a3
Exception occured: org.openqa.selenium.TimeoutException: timeout
  (Session info: chrome=67.0.3396.99)
  (Driver info: chromedriver=2.40.565498 (ea082db3280dd6843ebfb08a625e3eb905c4f5ab),platform=Windows NT 6.3.9600 x86_64) (WARNING: The server did not provide any stacktrace information)
Command duration or timeout: 10.02 seconds
Build info: version: &apos;2.53.0&apos;, revision: &apos;35ae25b1534ae328c771e0856c93e187490ca824&apos;, time: &apos;2016-03-15 10:43:46&apos;
System info: host: &apos;Nikil&apos;, ip: &apos;192.168.254.4&apos;, os.name: &apos;Windows 8.1&apos;, os.arch: &apos;amd64&apos;, os.version: &apos;6.3&apos;, java.version: &apos;1.8.0_131&apos;
Driver info: org.openqa.selenium.chrome.ChromeDriver
Capabilities [{applicationCacheEnabled=false, rotatable=false, mobileEmulationEnabled=false, networkConnectionEnabled=false, chrome={chromedriverVersion=2.40.565498 (ea082db3280dd6843ebfb08a625e3eb905c4f5ab), userDataDir=C:\Users\NIKILK~1\AppData\Local\Temp\scoped_dir13332_9007}, takesHeapSnapshot=true, pageLoadStrategy=normal, databaseEnabled=false, handlesAlerts=true, hasTouchScreen=false, version=67.0.3396.99, platform=WIN8_1, browserConnectionEnabled=false, nativeEvents=true, acceptSslCerts=false, acceptInsecureCerts=false, locationContextEnabled=true, webStorageEnabled=true, browserName=chrome, takesScreenshot=true, javascriptEnabled=true, cssSelectorsEnabled=true, setWindowRect=true, unexpectedAlertBehaviour=}]
Session ID: 0310d83ee2a38065a6f344275d2497a3
Exception occured: org.openqa.selenium.TimeoutException: timeout
  (Session info: chrome=67.0.3396.99)
  (Driver info: chromedriver=2.40.565498 (ea082db3280dd6843ebfb08a625e3eb905c4f5ab),platform=Windows NT 6.3.9600 x86_64) (WARNING: The server did not provide any stacktrace information)
Command duration or timeout: 10.01 seconds
Build info: version: &apos;2.53.0&apos;, revision: &apos;35ae25b1534ae328c771e0856c93e187490ca824&apos;, time: &apos;2016-03-15 10:43:46&apos;
System info: host: &apos;Nikil&apos;, ip: &apos;192.168.254.4&apos;, os.name: &apos;Windows 8.1&apos;, os.arch: &apos;amd64&apos;, os.version: &apos;6.3&apos;, java.version: &apos;1.8.0_131&apos;
Driver info: org.openqa.selenium.chrome.ChromeDriver
Capabilities [{applicationCacheEnabled=false, rotatable=false, mobileEmulationEnabled=false, networkConnectionEnabled=false, chrome={chromedriverVersion=2.40.565498 (ea082db3280dd6843ebfb08a625e3eb905c4f5ab), userDataDir=C:\Users\NIKILK~1\AppData\Local\Temp\scoped_dir13332_9007}, takesHeapSnapshot=true, pageLoadStrategy=normal, databaseEnabled=false, handlesAlerts=true, hasTouchScreen=false, version=67.0.3396.99, platform=WIN8_1, browserConnectionEnabled=false, nativeEvents=true, acceptSslCerts=false, acceptInsecureCerts=false, locationContextEnabled=true, webStorageEnabled=true, browserName=chrome, takesScreenshot=true, javascriptEnabled=true, cssSelectorsEnabled=true, setWindowRect=true, unexpectedAlertBehaviour=}]
Session ID: 0310d83ee2a38065a6f344275d2497a3
Exception occured: org.openqa.selenium.TimeoutException: timeout
  (Session info: chrome=67.0.3396.99)
  (Driver info: chromedriver=2.40.565498 (ea082db3280dd6843ebfb08a625e3eb905c4f5ab),platform=Windows NT 6.3.9600 x86_64) (WARNING: The server did not provide any stacktrace information)
Command duration or timeout: 10.01 seconds
Build info: version: &apos;2.53.0&apos;, revision: &apos;35ae25b1534ae328c771e0856c93e187490ca824&apos;, time: &apos;2016-03-15 10:43:46&apos;
System info: host: &apos;Nikil&apos;, ip: &apos;192.168.254.4&apos;, os.name: &apos;Windows 8.1&apos;, os.arch: &apos;amd64&apos;, os.version: &apos;6.3&apos;, java.version: &apos;1.8.0_131&apos;
Driver info: org.openqa.selenium.chrome.ChromeDriver
Capabilities [{applicationCacheEnabled=false, rotatable=false, mobileEmulationEnabled=false, networkConnectionEnabled=false, chrome={chromedriverVersion=2.40.565498 (ea082db3280dd6843ebfb08a625e3eb905c4f5ab), userDataDir=C:\Users\NIKILK~1\AppData\Local\Temp\scoped_dir13332_9007}, takesHeapSnapshot=true, pageLoadStrategy=normal, databaseEnabled=false, handlesAlerts=true, hasTouchScreen=false, version=67.0.3396.99, platform=WIN8_1, browserConnectionEnabled=false, nativeEvents=true, acceptSslCerts=false, acceptInsecureCerts=false, locationContextEnabled=true, webStorageEnabled=true, browserName=chrome, takesScreenshot=true, javascriptEnabled=true, cssSelectorsEnabled=true, setWindowRect=true, unexpectedAlertBehaviour=}]
Session ID: 0310d83ee2a38065a6f344275d2497a3
Exception occured: org.openqa.selenium.TimeoutException: timeout
  (Session info: chrome=67.0.3396.99)
  (Driver info: chromedriver=2.40.565498 (ea082db3280dd6843ebfb08a625e3eb905c4f5ab),platform=Windows NT 6.3.9600 x86_64) (WARNING: The server did not provide any stacktrace information)
Command duration or timeout: 10.01 seconds
Build info: version: &apos;2.53.0&apos;, revision: &apos;35ae25b1534ae328c771e0856c93e187490ca824&apos;, time: &apos;2016-03-15 10:43:46&apos;
System info: host: &apos;Nikil&apos;, ip: &apos;192.168.254.4&apos;, os.name: &apos;Windows 8.1&apos;, os.arch: &apos;amd64&apos;, os.version: &apos;6.3&apos;, java.version: &apos;1.8.0_131&apos;
Driver info: org.openqa.selenium.chrome.ChromeDriver
Capabilities [{applicationCacheEnabled=false, rotatable=false, mobileEmulationEnabled=false, networkConnectionEnabled=false, chrome={chromedriverVersion=2.40.565498 (ea082db3280dd6843ebfb08a625e3eb905c4f5ab), userDataDir=C:\Users\NIKILK~1\AppData\Local\Temp\scoped_dir13332_9007}, takesHeapSnapshot=true, pageLoadStrategy=normal, databaseEnabled=false, handlesAlerts=true, hasTouchScreen=false, version=67.0.3396.99, platform=WIN8_1, browserConnectionEnabled=false, nativeEvents=true, acceptSslCerts=false, acceptInsecureCerts=false, locationContextEnabled=true, webStorageEnabled=true, browserName=chrome, takesScreenshot=true, javascriptEnabled=true, cssSelectorsEnabled=true, setWindowRect=true, unexpectedAlertBehaviour=}]
Session ID: 0310d83ee2a38065a6f344275d2497a3
Exception occured: org.openqa.selenium.TimeoutException: timeout
  (Session info: chrome=67.0.3396.99)
  (Driver info: chromedriver=2.40.565498 (ea082db3280dd6843ebfb08a625e3eb905c4f5ab),platform=Windows NT 6.3.9600 x86_64) (WARNING: The server did not provide any stacktrace information)
Command duration or timeout: 10.01 seconds
Build info: version: &apos;2.53.0&apos;, revision: &apos;35ae25b1534ae328c771e0856c93e187490ca824&apos;, time: &apos;2016-03-15 10:43:46&apos;
System info: host: &apos;Nikil&apos;, ip: &apos;192.168.254.4&apos;, os.name: &apos;Windows 8.1&apos;, os.arch: &apos;amd64&apos;, os.version: &apos;6.3&apos;, java.version: &apos;1.8.0_131&apos;
Driver info: org.openqa.selenium.chrome.ChromeDriver
Capabilities [{applicationCacheEnabled=false, rotatable=false, mobileEmulationEnabled=false, networkConnectionEnabled=false, chrome={chromedriverVersion=2.40.565498 (ea082db3280dd6843ebfb08a625e3eb905c4f5ab), userDataDir=C:\Users\NIKILK~1\AppData\Local\Temp\scoped_dir13332_9007}, takesHeapSnapshot=true, pageLoadStrategy=normal, databaseEnabled=false, handlesAlerts=true, hasTouchScreen=false, version=67.0.3396.99, platform=WIN8_1, browserConnectionEnabled=false, nativeEvents=true, acceptSslCerts=false, acceptInsecureCerts=false, locationContextEnabled=true, webStorageEnabled=true, browserName=chrome, takesScreenshot=true, javascriptEnabled=true, cssSelectorsEnabled=true, setWindowRect=true, unexpectedAlertBehaviour=}]
Session ID: 0310d83ee2a38065a6f344275d2497a3
Exception occured: org.openqa.selenium.TimeoutException: timeout
  (Session info: chrome=67.0.3396.99)
  (Driver info: chromedriver=2.40.565498 (ea082db3280dd6843ebfb08a625e3eb905c4f5ab),platform=Windows NT 6.3.9600 x86_64) (WARNING: The server did not provide any stacktrace information)
Command duration or timeout: 10.01 seconds
Build info: version: &apos;2.53.0&apos;, revision: &apos;35ae25b1534ae328c771e0856c93e187490ca824&apos;, time: &apos;2016-03-15 10:43:46&apos;
System info: host: &apos;Nikil&apos;, ip: &apos;192.168.254.4&apos;, os.name: &apos;Windows 8.1&apos;, os.arch: &apos;amd64&apos;, os.version: &apos;6.3&apos;, java.version: &apos;1.8.0_131&apos;
Driver info: org.openqa.selenium.chrome.ChromeDriver
Capabilities [{applicationCacheEnabled=false, rotatable=false, mobileEmulationEnabled=false, networkConnectionEnabled=false, chrome={chromedriverVersion=2.40.565498 (ea082db3280dd6843ebfb08a625e3eb905c4f5ab), userDataDir=C:\Users\NIKILK~1\AppData\Local\Temp\scoped_dir13332_9007}, takesHeapSnapshot=true, pageLoadStrategy=normal, databaseEnabled=false, handlesAlerts=true, hasTouchScreen=false, version=67.0.3396.99, platform=WIN8_1, browserConnectionEnabled=false, nativeEvents=true, acceptSslCerts=false, acceptInsecureCerts=false, locationContextEnabled=true, webStorageEnabled=true, browserName=chrome, takesScreenshot=true, javascriptEnabled=true, cssSelectorsEnabled=true, setWindowRect=true, unexpectedAlertBehaviour=}]
Session ID: 0310d83ee2a38065a6f344275d2497a3
Exception occured: org.openqa.selenium.TimeoutException: timeout
  (Session info: chrome=67.0.3396.99)
  (Driver info: chromedriver=2.40.565498 (ea082db3280dd6843ebfb08a625e3eb905c4f5ab),platform=Windows NT 6.3.9600 x86_64) (WARNING: The server did not provide any stacktrace information)
Command duration or timeout: 10.01 seconds
Build info: version: &apos;2.53.0&apos;, revision: &apos;35ae25b1534ae328c771e0856c93e187490ca824&apos;, time: &apos;2016-03-15 10:43:46&apos;
System info: host: &apos;Nikil&apos;, ip: &apos;192.168.254.4&apos;, os.name: &apos;Windows 8.1&apos;, os.arch: &apos;amd64&apos;, os.version: &apos;6.3&apos;, java.version: &apos;1.8.0_131&apos;
Driver info: org.openqa.selenium.chrome.ChromeDriver
Capabilities [{applicationCacheEnabled=false, rotatable=false, mobileEmulationEnabled=false, networkConnectionEnabled=false, chrome={chromedriverVersion=2.40.565498 (ea082db3280dd6843ebfb08a625e3eb905c4f5ab), userDataDir=C:\Users\NIKILK~1\AppData\Local\Temp\scoped_dir13332_9007}, takesHeapSnapshot=true, pageLoadStrategy=normal, databaseEnabled=false, handlesAlerts=true, hasTouchScreen=false, version=67.0.3396.99, platform=WIN8_1, browserConnectionEnabled=false, nativeEvents=true, acceptSslCerts=false, acceptInsecureCerts=false, locationContextEnabled=true, webStorageEnabled=true, browserName=chrome, takesScreenshot=true, javascriptEnabled=true, cssSelectorsEnabled=true, setWindowRect=true, unexpectedAlertBehaviour=}]
Session ID: 0310d83ee2a38065a6f344275d2497a3
Exception occured: org.openqa.selenium.TimeoutException: timeout
  (Session info: chrome=67.0.3396.99)
  (Driver info: chromedriver=2.40.565498 (ea082db3280dd6843ebfb08a625e3eb905c4f5ab),platform=Windows NT 6.3.9600 x86_64) (WARNING: The server did not provide any stacktrace information)
Command duration or timeout: 10.01 seconds
Build info: version: &apos;2.53.0&apos;, revision: &apos;35ae25b1534ae328c771e0856c93e187490ca824&apos;, time: &apos;2016-03-15 10:43:46&apos;
System info: host: &apos;Nikil&apos;, ip: &apos;192.168.254.4&apos;, os.name: &apos;Windows 8.1&apos;, os.arch: &apos;amd64&apos;, os.version: &apos;6.3&apos;, java.version: &apos;1.8.0_131&apos;
Driver info: org.openqa.selenium.chrome.ChromeDriver
Capabilities [{applicationCacheEnabled=false, rotatable=false, mobileEmulationEnabled=false, networkConnectionEnabled=false, chrome={chromedriverVersion=2.40.565498 (ea082db3280dd6843ebfb08a625e3eb905c4f5ab), userDataDir=C:\Users\NIKILK~1\AppData\Local\Temp\scoped_dir13332_9007}, takesHeapSnapshot=true, pageLoadStrategy=normal, databaseEnabled=false, handlesAlerts=true, hasTouchScreen=false, version=67.0.3396.99, platform=WIN8_1, browserConnectionEnabled=false, nativeEvents=true, acceptSslCerts=false, acceptInsecureCerts=false, locationContextEnabled=true, webStorageEnabled=true, browserName=chrome, takesScreenshot=true, javascriptEnabled=true, cssSelectorsEnabled=true, setWindowRect=true, unexpectedAlertBehaviour=}]
Session ID: 0310d83ee2a38065a6f344275d2497a3
Exception occured: org.openqa.selenium.TimeoutException: timeout
  (Session info: chrome=67.0.3396.99)
  (Driver info: chromedriver=2.40.565498 (ea082db3280dd6843ebfb08a625e3eb905c4f5ab),platform=Windows NT 6.3.9600 x86_64) (WARNING: The server did not provide any stacktrace information)
Command duration or timeout: 10.01 seconds
Build info: version: &apos;2.53.0&apos;, revision: &apos;35ae25b1534ae328c771e0856c93e187490ca824&apos;, time: &apos;2016-03-15 10:43:46&apos;
System info: host: &apos;Nikil&apos;, ip: &apos;192.168.254.4&apos;, os.name: &apos;Windows 8.1&apos;, os.arch: &apos;amd64&apos;, os.version: &apos;6.3&apos;, java.version: &apos;1.8.0_131&apos;
Driver info: org.openqa.selenium.chrome.ChromeDriver
Capabilities [{applicationCacheEnabled=false, rotatable=false, mobileEmulationEnabled=false, networkConnectionEnabled=false, chrome={chromedriverVersion=2.40.565498 (ea082db3280dd6843ebfb08a625e3eb905c4f5ab), userDataDir=C:\Users\NIKILK~1\AppData\Local\Temp\scoped_dir13332_9007}, takesHeapSnapshot=true, pageLoadStrategy=normal, databaseEnabled=false, handlesAlerts=true, hasTouchScreen=false, version=67.0.3396.99, platform=WIN8_1, browserConnectionEnabled=false, nativeEvents=true, acceptSslCerts=false, acceptInsecureCerts=false, locationContextEnabled=true, webStorageEnabled=true, browserName=chrome, takesScreenshot=true, javascriptEnabled=true, cssSelectorsEnabled=true, setWindowRect=true, unexpectedAlertBehaviour=}]
Session ID: 0310d83ee2a38065a6f344275d2497a3
Exception occured: org.openqa.selenium.TimeoutException: timeout
  (Session info: chrome=67.0.3396.99)
  (Driver info: chromedriver=2.40.565498 (ea082db3280dd6843ebfb08a625e3eb905c4f5ab),platform=Windows NT 6.3.9600 x86_64) (WARNING: The server did not provide any stacktrace information)
Command duration or timeout: 10.01 seconds
Build info: version: &apos;2.53.0&apos;, revision: &apos;35ae25b1534ae328c771e0856c93e187490ca824&apos;, time: &apos;2016-03-15 10:43:46&apos;
System info: host: &apos;Nikil&apos;, ip: &apos;192.168.254.4&apos;, os.name: &apos;Windows 8.1&apos;, os.arch: &apos;amd64&apos;, os.version: &apos;6.3&apos;, java.version: &apos;1.8.0_131&apos;
Driver info: org.openqa.selenium.chrome.ChromeDriver
Capabilities [{applicationCacheEnabled=false, rotatable=false, mobileEmulationEnabled=false, networkConnectionEnabled=false, chrome={chromedriverVersion=2.40.565498 (ea082db3280dd6843ebfb08a625e3eb905c4f5ab), userDataDir=C:\Users\NIKILK~1\AppData\Local\Temp\scoped_dir13332_9007}, takesHeapSnapshot=true, pageLoadStrategy=normal, databaseEnabled=false, handlesAlerts=true, hasTouchScreen=false, version=67.0.3396.99, platform=WIN8_1, browserConnectionEnabled=false, nativeEvents=true, acceptSslCerts=false, acceptInsecureCerts=false, locationContextEnabled=true, webStorageEnabled=true, browserName=chrome, takesScreenshot=true, javascriptEnabled=true, cssSelectorsEnabled=true, setWindowRect=true, unexpectedAlertBehaviour=}]
Session ID: 0310d83ee2a38065a6f344275d2497a3
Exception occured: org.openqa.selenium.TimeoutException: timeout
  (Session info: chrome=67.0.3396.99)
  (Driver info: chromedriver=2.40.565498 (ea082db3280dd6843ebfb08a625e3eb905c4f5ab),platform=Windows NT 6.3.9600 x86_64) (WARNING: The server did not provide any stacktrace information)
Command duration or timeout: 10.01 seconds
Build info: version: &apos;2.53.0&apos;, revision: &apos;35ae25b1534ae328c771e0856c93e187490ca824&apos;, time: &apos;2016-03-15 10:43:46&apos;
System info: host: &apos;Nikil&apos;, ip: &apos;192.168.254.4&apos;, os.name: &apos;Windows 8.1&apos;, os.arch: &apos;amd64&apos;, os.version: &apos;6.3&apos;, java.version: &apos;1.8.0_131&apos;
Driver info: org.openqa.selenium.chrome.ChromeDriver
Capabilities [{applicationCacheEnabled=false, rotatable=false, mobileEmulationEnabled=false, networkConnectionEnabled=false, chrome={chromedriverVersion=2.40.565498 (ea082db3280dd6843ebfb08a625e3eb905c4f5ab), userDataDir=C:\Users\NIKILK~1\AppData\Local\Temp\scoped_dir13332_9007}, takesHeapSnapshot=true, pageLoadStrategy=normal, databaseEnabled=false, handlesAlerts=true, hasTouchScreen=false, version=67.0.3396.99, platform=WIN8_1, browserConnectionEnabled=false, nativeEvents=true, acceptSslCerts=false, acceptInsecureCerts=false, locationContextEnabled=true, webStorageEnabled=true, browserName=chrome, takesScreenshot=true, javascriptEnabled=true, cssSelectorsEnabled=true, setWindowRect=true, unexpectedAlertBehaviour=}]
Session ID: 0310d83ee2a38065a6f344275d2497a3
Exception occured: org.openqa.selenium.TimeoutException: timeout
  (Session info: chrome=67.0.3396.99)
  (Driver info: chromedriver=2.40.565498 (ea082db3280dd6843ebfb08a625e3eb905c4f5ab),platform=Windows NT 6.3.9600 x86_64) (WARNING: The server did not provide any stacktrace information)
Command duration or timeout: 10.02 seconds
Build info: version: &apos;2.53.0&apos;, revision: &apos;35ae25b1534ae328c771e0856c93e187490ca824&apos;, time: &apos;2016-03-15 10:43:46&apos;
System info: host: &apos;Nikil&apos;, ip: &apos;192.168.254.4&apos;, os.name: &apos;Windows 8.1&apos;, os.arch: &apos;amd64&apos;, os.version: &apos;6.3&apos;, java.version: &apos;1.8.0_131&apos;
Driver info: org.openqa.selenium.chrome.ChromeDriver
Capabilities [{applicationCacheEnabled=false, rotatable=false, mobileEmulationEnabled=false, networkConnectionEnabled=false, chrome={chromedriverVersion=2.40.565498 (ea082db3280dd6843ebfb08a625e3eb905c4f5ab), userDataDir=C:\Users\NIKILK~1\AppData\Local\Temp\scoped_dir13332_9007}, takesHeapSnapshot=true, pageLoadStrategy=normal, databaseEnabled=false, handlesAlerts=true, hasTouchScreen=false, version=67.0.3396.99, platform=WIN8_1, browserConnectionEnabled=false, nativeEvents=true, acceptSslCerts=false, acceptInsecureCerts=false, locationContextEnabled=true, webStorageEnabled=true, browserName=chrome, takesScreenshot=true, javascriptEnabled=true, cssSelectorsEnabled=true, setWindowRect=true, unexpectedAlertBehaviour=}]
Session ID: 0310d83ee2a38065a6f344275d2497a3
Exception occured: org.openqa.selenium.TimeoutException: timeout
  (Session info: chrome=67.0.3396.99)
  (Driver info: chromedriver=2.40.565498 (ea082db3280dd6843ebfb08a625e3eb905c4f5ab),platform=Windows NT 6.3.9600 x86_64) (WARNING: The server did not provide any stacktrace information)
Command duration or timeout: 3447.31 seconds
Build info: version: &apos;2.53.0&apos;, revision: &apos;35ae25b1534ae328c771e0856c93e187490ca824&apos;, time: &apos;2016-03-15 10:43:46&apos;
System info: host: &apos;Nikil&apos;, ip: &apos;192.168.254.4&apos;, os.name: &apos;Windows 8.1&apos;, os.arch: &apos;amd64&apos;, os.version: &apos;6.3&apos;, java.version: &apos;1.8.0_131&apos;
Driver info: org.openqa.selenium.chrome.ChromeDriver
Capabilities [{applicationCacheEnabled=false, rotatable=false, mobileEmulationEnabled=false, networkConnectionEnabled=false, chrome={chromedriverVersion=2.40.565498 (ea082db3280dd6843ebfb08a625e3eb905c4f5ab), userDataDir=C:\Users\NIKILK~1\AppData\Local\Temp\scoped_dir13332_9007}, takesHeapSnapshot=true, pageLoadStrategy=normal, databaseEnabled=false, handlesAlerts=true, hasTouchScreen=false, version=67.0.3396.99, platform=WIN8_1, browserConnectionEnabled=false, nativeEvents=true, acceptSslCerts=false, acceptInsecureCerts=false, locationContextEnabled=true, webStorageEnabled=true, browserName=chrome, takesScreenshot=true, javascriptEnabled=true, cssSelectorsEnabled=true, setWindowRect=true, unexpectedAlertBehaviour=}]
Session ID: 0310d83ee2a38065a6f344275d2497a3
Exception occured: org.openqa.selenium.TimeoutException: timeout
  (Session info: chrome=67.0.3396.99)
  (Driver info: chromedriver=2.40.565498 (ea082db3280dd6843ebfb08a625e3eb905c4f5ab),platform=Windows NT 6.3.9600 x86_64) (WARNING: The server did not provide any stacktrace information)
Command duration or timeout: 10.59 seconds
Build info: version: &apos;2.53.0&apos;, revision: &apos;35ae25b1534ae328c771e0856c93e187490ca824&apos;, time: &apos;2016-03-15 10:43:46&apos;
System info: host: &apos;Nikil&apos;, ip: &apos;192.168.254.4&apos;, os.name: &apos;Windows 8.1&apos;, os.arch: &apos;amd64&apos;, os.version: &apos;6.3&apos;, java.version: &apos;1.8.0_131&apos;
Driver info: org.openqa.selenium.chrome.ChromeDriver
Capabilities [{applicationCacheEnabled=false, rotatable=false, mobileEmulationEnabled=false, networkConnectionEnabled=false, chrome={chromedriverVersion=2.40.565498 (ea082db3280dd6843ebfb08a625e3eb905c4f5ab), userDataDir=C:\Users\NIKILK~1\AppData\Local\Temp\scoped_dir13332_9007}, takesHeapSnapshot=true, pageLoadStrategy=normal, databaseEnabled=false, handlesAlerts=true, hasTouchScreen=false, version=67.0.3396.99, platform=WIN8_1, browserConnectionEnabled=false, nativeEvents=true, acceptSslCerts=false, acceptInsecureCerts=false, locationContextEnabled=true, webStorageEnabled=true, browserName=chrome, takesScreenshot=true, javascriptEnabled=true, cssSelectorsEnabled=true, setWindowRect=true, unexpectedAlertBehaviour=}]
Session ID: 0310d83ee2a38065a6f344275d2497a3
Exception occured: org.openqa.selenium.TimeoutException: timeout
  (Session info: chrome=67.0.3396.99)
  (Driver info: chromedriver=2.40.565498 (ea082db3280dd6843ebfb08a625e3eb905c4f5ab),platform=Windows NT 6.3.9600 x86_64) (WARNING: The server did not provide any stacktrace information)
Command duration or timeout: 10.04 seconds
Build info: version: &apos;2.53.0&apos;, revision: &apos;35ae25b1534ae328c771e0856c93e187490ca824&apos;, time: &apos;2016-03-15 10:43:46&apos;
System info: host: &apos;Nikil&apos;, ip: &apos;192.168.254.4&apos;, os.name: &apos;Windows 8.1&apos;, os.arch: &apos;amd64&apos;, os.version: &apos;6.3&apos;, java.version: &apos;1.8.0_131&apos;
Driver info: org.openqa.selenium.chrome.ChromeDriver
Capabilities [{applicationCacheEnabled=false, rotatable=false, mobileEmulationEnabled=false, networkConnectionEnabled=false, chrome={chromedriverVersion=2.40.565498 (ea082db3280dd6843ebfb08a625e3eb905c4f5ab), userDataDir=C:\Users\NIKILK~1\AppData\Local\Temp\scoped_dir13332_9007}, takesHeapSnapshot=true, pageLoadStrategy=normal, databaseEnabled=false, handlesAlerts=true, hasTouchScreen=false, version=67.0.3396.99, platform=WIN8_1, browserConnectionEnabled=false, nativeEvents=true, acceptSslCerts=false, acceptInsecureCerts=false, locationContextEnabled=true, webStorageEnabled=true, browserName=chrome, takesScreenshot=true, javascriptEnabled=true, cssSelectorsEnabled=true, setWindowRect=true, unexpectedAlertBehaviour=}]
Session ID: 0310d83ee2a38065a6f344275d2497a3
Exception occured: org.openqa.selenium.TimeoutException: timeout
  (Session info: chrome=67.0.3396.99)
  (Driver info: chromedriver=2.40.565498 (ea082db3280dd6843ebfb08a625e3eb905c4f5ab),platform=Windows NT 6.3.9600 x86_64) (WARNING: The server did not provide any stacktrace information)
Command duration or timeout: 10.01 seconds
Build info: version: &apos;2.53.0&apos;, revision: &apos;35ae25b1534ae328c771e0856c93e187490ca824&apos;, time: &apos;2016-03-15 10:43:46&apos;
System info: host: &apos;Nikil&apos;, ip: &apos;192.168.254.4&apos;, os.name: &apos;Windows 8.1&apos;, os.arch: &apos;amd64&apos;, os.version: &apos;6.3&apos;, java.version: &apos;1.8.0_131&apos;
Driver info: org.openqa.selenium.chrome.ChromeDriver
Capabilities [{applicationCacheEnabled=false, rotatable=false, mobileEmulationEnabled=false, networkConnectionEnabled=false, chrome={chromedriverVersion=2.40.565498 (ea082db3280dd6843ebfb08a625e3eb905c4f5ab), userDataDir=C:\Users\NIKILK~1\AppData\Local\Temp\scoped_dir13332_9007}, takesHeapSnapshot=true, pageLoadStrategy=normal, databaseEnabled=false, handlesAlerts=true, hasTouchScreen=false, version=67.0.3396.99, platform=WIN8_1, browserConnectionEnabled=false, nativeEvents=true, acceptSslCerts=false, acceptInsecureCerts=false, locationContextEnabled=true, webStorageEnabled=true, browserName=chrome, takesScreenshot=true, javascriptEnabled=true, cssSelectorsEnabled=true, setWindowRect=true, unexpectedAlertBehaviour=}]
Session ID: 0310d83ee2a38065a6f344275d2497a3
Exception occured: org.openqa.selenium.TimeoutException: timeout
  (Session info: chrome=67.0.3396.99)
  (Driver info: chromedriver=2.40.565498 (ea082db3280dd6843ebfb08a625e3eb905c4f5ab),platform=Windows NT 6.3.9600 x86_64) (WARNING: The server did not provide any stacktrace information)
Command duration or timeout: 10.02 seconds
Build info: version: &apos;2.53.0&apos;, revision: &apos;35ae25b1534ae328c771e0856c93e187490ca824&apos;, time: &apos;2016-03-15 10:43:46&apos;
System info: host: &apos;Nikil&apos;, ip: &apos;192.168.254.4&apos;, os.name: &apos;Windows 8.1&apos;, os.arch: &apos;amd64&apos;, os.version: &apos;6.3&apos;, java.version: &apos;1.8.0_131&apos;
Driver info: org.openqa.selenium.chrome.ChromeDriver
Capabilities [{applicationCacheEnabled=false, rotatable=false, mobileEmulationEnabled=false, networkConnectionEnabled=false, chrome={chromedriverVersion=2.40.565498 (ea082db3280dd6843ebfb08a625e3eb905c4f5ab), userDataDir=C:\Users\NIKILK~1\AppData\Local\Temp\scoped_dir13332_9007}, takesHeapSnapshot=true, pageLoadStrategy=normal, databaseEnabled=false, handlesAlerts=true, hasTouchScreen=false, version=67.0.3396.99, platform=WIN8_1, browserConnectionEnabled=false, nativeEvents=true, acceptSslCerts=false, acceptInsecureCerts=false, locationContextEnabled=true, webStorageEnabled=true, browserName=chrome, takesScreenshot=true, javascriptEnabled=true, cssSelectorsEnabled=true, setWindowRect=true, unexpectedAlertBehaviour=}]
Session ID: 0310d83ee2a38065a6f344275d2497a3
Exception occured: org.openqa.selenium.TimeoutException: timeout
  (Session info: chrome=67.0.3396.99)
  (Driver info: chromedriver=2.40.565498 (ea082db3280dd6843ebfb08a625e3eb905c4f5ab),platform=Windows NT 6.3.9600 x86_64) (WARNING: The server did not provide any stacktrace information)
Command duration or timeout: 10.02 seconds
Build info: version: &apos;2.53.0&apos;, revision: &apos;35ae25b1534ae328c771e0856c93e187490ca824&apos;, time: &apos;2016-03-15 10:43:46&apos;
System info: host: &apos;Nikil&apos;, ip: &apos;192.168.254.4&apos;, os.name: &apos;Windows 8.1&apos;, os.arch: &apos;amd64&apos;, os.version: &apos;6.3&apos;, java.version: &apos;1.8.0_131&apos;
Driver info: org.openqa.selenium.chrome.ChromeDriver
Capabilities [{applicationCacheEnabled=false, rotatable=false, mobileEmulationEnabled=false, networkConnectionEnabled=false, chrome={chromedriverVersion=2.40.565498 (ea082db3280dd6843ebfb08a625e3eb905c4f5ab), userDataDir=C:\Users\NIKILK~1\AppData\Local\Temp\scoped_dir13332_9007}, takesHeapSnapshot=true, pageLoadStrategy=normal, databaseEnabled=false, handlesAlerts=true, hasTouchScreen=false, version=67.0.3396.99, platform=WIN8_1, browserConnectionEnabled=false, nativeEvents=true, acceptSslCerts=false, acceptInsecureCerts=false, locationContextEnabled=true, webStorageEnabled=true, browserName=chrome, takesScreenshot=true, javascriptEnabled=true, cssSelectorsEnabled=true, setWindowRect=true, unexpectedAlertBehaviour=}]
Session ID: 0310d83ee2a38065a6f344275d2497a3
Exception occured: org.openqa.selenium.TimeoutException: timeout
  (Session info: chrome=67.0.3396.99)
  (Driver info: chromedriver=2.40.565498 (ea082db3280dd6843ebfb08a625e3eb905c4f5ab),platform=Windows NT 6.3.9600 x86_64) (WARNING: The server did not provide any stacktrace information)
Command duration or timeout: 10.02 seconds
Build info: version: &apos;2.53.0&apos;, revision: &apos;35ae25b1534ae328c771e0856c93e187490ca824&apos;, time: &apos;2016-03-15 10:43:46&apos;
System info: host: &apos;Nikil&apos;, ip: &apos;192.168.254.4&apos;, os.name: &apos;Windows 8.1&apos;, os.arch: &apos;amd64&apos;, os.version: &apos;6.3&apos;, java.version: &apos;1.8.0_131&apos;
Driver info: org.openqa.selenium.chrome.ChromeDriver
Capabilities [{applicationCacheEnabled=false, rotatable=false, mobileEmulationEnabled=false, networkConnectionEnabled=false, chrome={chromedriverVersion=2.40.565498 (ea082db3280dd6843ebfb08a625e3eb905c4f5ab), userDataDir=C:\Users\NIKILK~1\AppData\Local\Temp\scoped_dir13332_9007}, takesHeapSnapshot=true, pageLoadStrategy=normal, databaseEnabled=false, handlesAlerts=true, hasTouchScreen=false, version=67.0.3396.99, platform=WIN8_1, browserConnectionEnabled=false, nativeEvents=true, acceptSslCerts=false, acceptInsecureCerts=false, locationContextEnabled=true, webStorageEnabled=true, browserName=chrome, takesScreenshot=true, javascriptEnabled=true, cssSelectorsEnabled=true, setWindowRect=true, unexpectedAlertBehaviour=}]
Session ID: 0310d83ee2a38065a6f344275d2497a3
Exception occured: org.openqa.selenium.TimeoutException: timeout
  (Session info: chrome=67.0.3396.99)
  (Driver info: chromedriver=2.40.565498 (ea082db3280dd6843ebfb08a625e3eb905c4f5ab),platform=Windows NT 6.3.9600 x86_64) (WARNING: The server did not provide any stacktrace information)
Command duration or timeout: 10.01 seconds
Build info: version: &apos;2.53.0&apos;, revision: &apos;35ae25b1534ae328c771e0856c93e187490ca824&apos;, time: &apos;2016-03-15 10:43:46&apos;
System info: host: &apos;Nikil&apos;, ip: &apos;192.168.254.4&apos;, os.name: &apos;Windows 8.1&apos;, os.arch: &apos;amd64&apos;, os.version: &apos;6.3&apos;, java.version: &apos;1.8.0_131&apos;
Driver info: org.openqa.selenium.chrome.ChromeDriver
Capabilities [{applicationCacheEnabled=false, rotatable=false, mobileEmulationEnabled=false, networkConnectionEnabled=false, chrome={chromedriverVersion=2.40.565498 (ea082db3280dd6843ebfb08a625e3eb905c4f5ab), userDataDir=C:\Users\NIKILK~1\AppData\Local\Temp\scoped_dir13332_9007}, takesHeapSnapshot=true, pageLoadStrategy=normal, databaseEnabled=false, handlesAlerts=true, hasTouchScreen=false, version=67.0.3396.99, platform=WIN8_1, browserConnectionEnabled=false, nativeEvents=true, acceptSslCerts=false, acceptInsecureCerts=false, locationContextEnabled=true, webStorageEnabled=true, browserName=chrome, takesScreenshot=true, javascriptEnabled=true, cssSelectorsEnabled=true, setWindowRect=true, unexpectedAlertBehaviour=}]
Session ID: 0310d83ee2a38065a6f344275d2497a3
Exception occured: org.openqa.selenium.TimeoutException: timeout
  (Session info: chrome=67.0.3396.99)
  (Driver info: chromedriver=2.40.565498 (ea082db3280dd6843ebfb08a625e3eb905c4f5ab),platform=Windows NT 6.3.9600 x86_64) (WARNING: The server did not provide any stacktrace information)
Command duration or timeout: 10.01 seconds
Build info: version: &apos;2.53.0&apos;, revision: &apos;35ae25b1534ae328c771e0856c93e187490ca824&apos;, time: &apos;2016-03-15 10:43:46&apos;
System info: host: &apos;Nikil&apos;, ip: &apos;192.168.254.4&apos;, os.name: &apos;Windows 8.1&apos;, os.arch: &apos;amd64&apos;, os.version: &apos;6.3&apos;, java.version: &apos;1.8.0_131&apos;
Driver info: org.openqa.selenium.chrome.ChromeDriver
Capabilities [{applicationCacheEnabled=false, rotatable=false, mobileEmulationEnabled=false, networkConnectionEnabled=false, chrome={chromedriverVersion=2.40.565498 (ea082db3280dd6843ebfb08a625e3eb905c4f5ab), userDataDir=C:\Users\NIKILK~1\AppData\Local\Temp\scoped_dir13332_9007}, takesHeapSnapshot=true, pageLoadStrategy=normal, databaseEnabled=false, handlesAlerts=true, hasTouchScreen=false, version=67.0.3396.99, platform=WIN8_1, browserConnectionEnabled=false, nativeEvents=true, acceptSslCerts=false, acceptInsecureCerts=false, locationContextEnabled=true, webStorageEnabled=true, browserName=chrome, takesScreenshot=true, javascriptEnabled=true, cssSelectorsEnabled=true, setWindowRect=true, unexpectedAlertBehaviour=}]
Session ID: 0310d83ee2a38065a6f344275d2497a3
Exception occured: org.openqa.selenium.TimeoutException: timeout
  (Session info: chrome=67.0.3396.99)
  (Driver info: chromedriver=2.40.565498 (ea082db3280dd6843ebfb08a625e3eb905c4f5ab),platform=Windows NT 6.3.9600 x86_64) (WARNING: The server did not provide any stacktrace information)
Command duration or timeout: 10.01 seconds
Build info: version: &apos;2.53.0&apos;, revision: &apos;35ae25b1534ae328c771e0856c93e187490ca824&apos;, time: &apos;2016-03-15 10:43:46&apos;
System info: host: &apos;Nikil&apos;, ip: &apos;192.168.254.4&apos;, os.name: &apos;Windows 8.1&apos;, os.arch: &apos;amd64&apos;, os.version: &apos;6.3&apos;, java.version: &apos;1.8.0_131&apos;
Driver info: org.openqa.selenium.chrome.ChromeDriver
Capabilities [{applicationCacheEnabled=false, rotatable=false, mobileEmulationEnabled=false, networkConnectionEnabled=false, chrome={chromedriverVersion=2.40.565498 (ea082db3280dd6843ebfb08a625e3eb905c4f5ab), userDataDir=C:\Users\NIKILK~1\AppData\Local\Temp\scoped_dir13332_9007}, takesHeapSnapshot=true, pageLoadStrategy=normal, databaseEnabled=false, handlesAlerts=true, hasTouchScreen=false, version=67.0.3396.99, platform=WIN8_1, browserConnectionEnabled=false, nativeEvents=true, acceptSslCerts=false, acceptInsecureCerts=false, locationContextEnabled=true, webStorageEnabled=true, browserName=chrome, takesScreenshot=true, javascriptEnabled=true, cssSelectorsEnabled=true, setWindowRect=true, unexpectedAlertBehaviour=}]
Session ID: 0310d83ee2a38065a6f344275d2497a3
Exception occured: org.openqa.selenium.TimeoutException: timeout
  (Session info: chrome=67.0.3396.99)
  (Driver info: chromedriver=2.40.565498 (ea082db3280dd6843ebfb08a625e3eb905c4f5ab),platform=Windows NT 6.3.9600 x86_64) (WARNING: The server did not provide any stacktrace information)
Command duration or timeout: 10.01 seconds
Build info: version: &apos;2.53.0&apos;, revision: &apos;35ae25b1534ae328c771e0856c93e187490ca824&apos;, time: &apos;2016-03-15 10:43:46&apos;
System info: host: &apos;Nikil&apos;, ip: &apos;192.168.254.4&apos;, os.name: &apos;Windows 8.1&apos;, os.arch: &apos;amd64&apos;, os.version: &apos;6.3&apos;, java.version: &apos;1.8.0_131&apos;
Driver info: org.openqa.selenium.chrome.ChromeDriver
Capabilities [{applicationCacheEnabled=false, rotatable=false, mobileEmulationEnabled=false, networkConnectionEnabled=false, chrome={chromedriverVersion=2.40.565498 (ea082db3280dd6843ebfb08a625e3eb905c4f5ab), userDataDir=C:\Users\NIKILK~1\AppData\Local\Temp\scoped_dir13332_9007}, takesHeapSnapshot=true, pageLoadStrategy=normal, databaseEnabled=false, handlesAlerts=true, hasTouchScreen=false, version=67.0.3396.99, platform=WIN8_1, browserConnectionEnabled=false, nativeEvents=true, acceptSslCerts=false, acceptInsecureCerts=false, locationContextEnabled=true, webStorageEnabled=true, browserName=chrome, takesScreenshot=true, javascriptEnabled=true, cssSelectorsEnabled=true, setWindowRect=true, unexpectedAlertBehaviour=}]
Session ID: 0310d83ee2a38065a6f344275d2497a3
Exception occured: org.openqa.selenium.TimeoutException: timeout
  (Session info: chrome=67.0.3396.99)
  (Driver info: chromedriver=2.40.565498 (ea082db3280dd6843ebfb08a625e3eb905c4f5ab),platform=Windows NT 6.3.9600 x86_64) (WARNING: The server did not provide any stacktrace information)
Command duration or timeout: 10.03 seconds
Build info: version: &apos;2.53.0&apos;, revision: &apos;35ae25b1534ae328c771e0856c93e187490ca824&apos;, time: &apos;2016-03-15 10:43:46&apos;
System info: host: &apos;Nikil&apos;, ip: &apos;192.168.254.4&apos;, os.name: &apos;Windows 8.1&apos;, os.arch: &apos;amd64&apos;, os.version: &apos;6.3&apos;, java.version: &apos;1.8.0_131&apos;
Driver info: org.openqa.selenium.chrome.ChromeDriver
Capabilities [{applicationCacheEnabled=false, rotatable=false, mobileEmulationEnabled=false, networkConnectionEnabled=false, chrome={chromedriverVersion=2.40.565498 (ea082db3280dd6843ebfb08a625e3eb905c4f5ab), userDataDir=C:\Users\NIKILK~1\AppData\Local\Temp\scoped_dir13332_9007}, takesHeapSnapshot=true, pageLoadStrategy=normal, databaseEnabled=false, handlesAlerts=true, hasTouchScreen=false, version=67.0.3396.99, platform=WIN8_1, browserConnectionEnabled=false, nativeEvents=true, acceptSslCerts=false, acceptInsecureCerts=false, locationContextEnabled=true, webStorageEnabled=true, browserName=chrome, takesScreenshot=true, javascriptEnabled=true, cssSelectorsEnabled=true, setWindowRect=true, unexpectedAlertBehaviour=}]
Session ID: 0310d83ee2a38065a6f344275d2497a3
Exception occured: org.openqa.selenium.TimeoutException: timeout
  (Session info: chrome=67.0.3396.99)
  (Driver info: chromedriver=2.40.565498 (ea082db3280dd6843ebfb08a625e3eb905c4f5ab),platform=Windows NT 6.3.9600 x86_64) (WARNING: The server did not provide any stacktrace information)
Command duration or timeout: 10.01 seconds
Build info: version: &apos;2.53.0&apos;, revision: &apos;35ae25b1534ae328c771e0856c93e187490ca824&apos;, time: &apos;2016-03-15 10:43:46&apos;
System info: host: &apos;Nikil&apos;, ip: &apos;192.168.254.4&apos;, os.name: &apos;Windows 8.1&apos;, os.arch: &apos;amd64&apos;, os.version: &apos;6.3&apos;, java.version: &apos;1.8.0_131&apos;
Driver info: org.openqa.selenium.chrome.ChromeDriver
Capabilities [{applicationCacheEnabled=false, rotatable=false, mobileEmulationEnabled=false, networkConnectionEnabled=false, chrome={chromedriverVersion=2.40.565498 (ea082db3280dd6843ebfb08a625e3eb905c4f5ab), userDataDir=C:\Users\NIKILK~1\AppData\Local\Temp\scoped_dir13332_9007}, takesHeapSnapshot=true, pageLoadStrategy=normal, databaseEnabled=false, handlesAlerts=true, hasTouchScreen=false, version=67.0.3396.99, platform=WIN8_1, browserConnectionEnabled=false, nativeEvents=true, acceptSslCerts=false, acceptInsecureCerts=false, locationContextEnabled=true, webStorageEnabled=true, browserName=chrome, takesScreenshot=true, javascriptEnabled=true, cssSelectorsEnabled=true, setWindowRect=true, unexpectedAlertBehaviour=}]
Session ID: 0310d83ee2a38065a6f344275d2497a3
Exception occured: org.openqa.selenium.TimeoutException: timeout
  (Session info: chrome=67.0.3396.99)
  (Driver info: chromedriver=2.40.565498 (ea082db3280dd6843ebfb08a625e3eb905c4f5ab),platform=Windows NT 6.3.9600 x86_64) (WARNING: The server did not provide any stacktrace information)
Command duration or timeout: 10.01 seconds
Build info: version: &apos;2.53.0&apos;, revision: &apos;35ae25b1534ae328c771e0856c93e187490ca824&apos;, time: &apos;2016-03-15 10:43:46&apos;
System info: host: &apos;Nikil&apos;, ip: &apos;192.168.254.4&apos;, os.name: &apos;Windows 8.1&apos;, os.arch: &apos;amd64&apos;, os.version: &apos;6.3&apos;, java.version: &apos;1.8.0_131&apos;
Driver info: org.openqa.selenium.chrome.ChromeDriver
Capabilities [{applicationCacheEnabled=false, rotatable=false, mobileEmulationEnabled=false, networkConnectionEnabled=false, chrome={chromedriverVersion=2.40.565498 (ea082db3280dd6843ebfb08a625e3eb905c4f5ab), userDataDir=C:\Users\NIKILK~1\AppData\Local\Temp\scoped_dir13332_9007}, takesHeapSnapshot=true, pageLoadStrategy=normal, databaseEnabled=false, handlesAlerts=true, hasTouchScreen=false, version=67.0.3396.99, platform=WIN8_1, browserConnectionEnabled=false, nativeEvents=true, acceptSslCerts=false, acceptInsecureCerts=false, locationContextEnabled=true, webStorageEnabled=true, browserName=chrome, takesScreenshot=true, javascriptEnabled=true, cssSelectorsEnabled=true, setWindowRect=true, unexpectedAlertBehaviour=}]
Session ID: 0310d83ee2a38065a6f344275d2497a3
Exception occured: org.openqa.selenium.TimeoutException: timeout
  (Session info: chrome=67.0.3396.99)
  (Driver info: chromedriver=2.40.565498 (ea082db3280dd6843ebfb08a625e3eb905c4f5ab),platform=Windows NT 6.3.9600 x86_64) (WARNING: The server did not provide any stacktrace information)
Command duration or timeout: 10.01 seconds
Build info: version: &apos;2.53.0&apos;, revision: &apos;35ae25b1534ae328c771e0856c93e187490ca824&apos;, time: &apos;2016-03-15 10:43:46&apos;
System info: host: &apos;Nikil&apos;, ip: &apos;192.168.254.4&apos;, os.name: &apos;Windows 8.1&apos;, os.arch: &apos;amd64&apos;, os.version: &apos;6.3&apos;, java.version: &apos;1.8.0_131&apos;
Driver info: org.openqa.selenium.chrome.ChromeDriver
Capabilities [{applicationCacheEnabled=false, rotatable=false, mobileEmulationEnabled=false, networkConnectionEnabled=false, chrome={chromedriverVersion=2.40.565498 (ea082db3280dd6843ebfb08a625e3eb905c4f5ab), userDataDir=C:\Users\NIKILK~1\AppData\Local\Temp\scoped_dir13332_9007}, takesHeapSnapshot=true, pageLoadStrategy=normal, databaseEnabled=false, handlesAlerts=true, hasTouchScreen=false, version=67.0.3396.99, platform=WIN8_1, browserConnectionEnabled=false, nativeEvents=true, acceptSslCerts=false, acceptInsecureCerts=false, locationContextEnabled=true, webStorageEnabled=true, browserName=chrome, takesScreenshot=true, javascriptEnabled=true, cssSelectorsEnabled=true, setWindowRect=true, unexpectedAlertBehaviour=}]
Session ID: 0310d83ee2a38065a6f344275d2497a3
Exception occured: org.openqa.selenium.TimeoutException: timeout
  (Session info: chrome=67.0.3396.99)
  (Driver info: chromedriver=2.40.565498 (ea082db3280dd6843ebfb08a625e3eb905c4f5ab),platform=Windows NT 6.3.9600 x86_64) (WARNING: The server did not provide any stacktrace information)
Command duration or timeout: 10.01 seconds
Build info: version: &apos;2.53.0&apos;, revision: &apos;35ae25b1534ae328c771e0856c93e187490ca824&apos;, time: &apos;2016-03-15 10:43:46&apos;
System info: host: &apos;Nikil&apos;, ip: &apos;192.168.254.4&apos;, os.name: &apos;Windows 8.1&apos;, os.arch: &apos;amd64&apos;, os.version: &apos;6.3&apos;, java.version: &apos;1.8.0_131&apos;
Driver info: org.openqa.selenium.chrome.ChromeDriver
Capabilities [{applicationCacheEnabled=false, rotatable=false, mobileEmulationEnabled=false, networkConnectionEnabled=false, chrome={chromedriverVersion=2.40.565498 (ea082db3280dd6843ebfb08a625e3eb905c4f5ab), userDataDir=C:\Users\NIKILK~1\AppData\Local\Temp\scoped_dir13332_9007}, takesHeapSnapshot=true, pageLoadStrategy=normal, databaseEnabled=false, handlesAlerts=true, hasTouchScreen=false, version=67.0.3396.99, platform=WIN8_1, browserConnectionEnabled=false, nativeEvents=true, acceptSslCerts=false, acceptInsecureCerts=false, locationContextEnabled=true, webStorageEnabled=true, browserName=chrome, takesScreenshot=true, javascriptEnabled=true, cssSelectorsEnabled=true, setWindowRect=true, unexpectedAlertBehaviour=}]
Session ID: 0310d83ee2a38065a6f344275d2497a3
Exception occured: org.openqa.selenium.TimeoutException: timeout
  (Session info: chrome=67.0.3396.99)
  (Driver info: chromedriver=2.40.565498 (ea082db3280dd6843ebfb08a625e3eb905c4f5ab),platform=Windows NT 6.3.9600 x86_64) (WARNING: The server did not provide any stacktrace information)
Command duration or timeout: 10.01 seconds
Build info: version: &apos;2.53.0&apos;, revision: &apos;35ae25b1534ae328c771e0856c93e187490ca824&apos;, time: &apos;2016-03-15 10:43:46&apos;
System info: host: &apos;Nikil&apos;, ip: &apos;192.168.254.4&apos;, os.name: &apos;Windows 8.1&apos;, os.arch: &apos;amd64&apos;, os.version: &apos;6.3&apos;, java.version: &apos;1.8.0_131&apos;
Driver info: org.openqa.selenium.chrome.ChromeDriver
Capabilities [{applicationCacheEnabled=false, rotatable=false, mobileEmulationEnabled=false, networkConnectionEnabled=false, chrome={chromedriverVersion=2.40.565498 (ea082db3280dd6843ebfb08a625e3eb905c4f5ab), userDataDir=C:\Users\NIKILK~1\AppData\Local\Temp\scoped_dir13332_9007}, takesHeapSnapshot=true, pageLoadStrategy=normal, databaseEnabled=false, handlesAlerts=true, hasTouchScreen=false, version=67.0.3396.99, platform=WIN8_1, browserConnectionEnabled=false, nativeEvents=true, acceptSslCerts=false, acceptInsecureCerts=false, locationContextEnabled=true, webStorageEnabled=true, browserName=chrome, takesScreenshot=true, javascriptEnabled=true, cssSelectorsEnabled=true, setWindowRect=true, unexpectedAlertBehaviour=}]
Session ID: 0310d83ee2a38065a6f344275d2497a3
Exception occured: org.openqa.selenium.TimeoutException: timeout
  (Session info: chrome=67.0.3396.99)
  (Driver info: chromedriver=2.40.565498 (ea082db3280dd6843ebfb08a625e3eb905c4f5ab),platform=Windows NT 6.3.9600 x86_64) (WARNING: The server did not provide any stacktrace information)
Command duration or timeout: 10.04 seconds
Build info: version: &apos;2.53.0&apos;, revision: &apos;35ae25b1534ae328c771e0856c93e187490ca824&apos;, time: &apos;2016-03-15 10:43:46&apos;
System info: host: &apos;Nikil&apos;, ip: &apos;192.168.254.4&apos;, os.name: &apos;Windows 8.1&apos;, os.arch: &apos;amd64&apos;, os.version: &apos;6.3&apos;, java.version: &apos;1.8.0_131&apos;
Driver info: org.openqa.selenium.chrome.ChromeDriver
Capabilities [{applicationCacheEnabled=false, rotatable=false, mobileEmulationEnabled=false, networkConnectionEnabled=false, chrome={chromedriverVersion=2.40.565498 (ea082db3280dd6843ebfb08a625e3eb905c4f5ab), userDataDir=C:\Users\NIKILK~1\AppData\Local\Temp\scoped_dir13332_9007}, takesHeapSnapshot=true, pageLoadStrategy=normal, databaseEnabled=false, handlesAlerts=true, hasTouchScreen=false, version=67.0.3396.99, platform=WIN8_1, browserConnectionEnabled=false, nativeEvents=true, acceptSslCerts=false, acceptInsecureCerts=false, locationContextEnabled=true, webStorageEnabled=true, browserName=chrome, takesScreenshot=true, javascriptEnabled=true, cssSelectorsEnabled=true, setWindowRect=true, unexpectedAlertBehaviour=}]
Session ID: 0310d83ee2a38065a6f344275d2497a3
Exception occured: org.openqa.selenium.TimeoutException: timeout
  (Session info: chrome=67.0.3396.99)
  (Driver info: chromedriver=2.40.565498 (ea082db3280dd6843ebfb08a625e3eb905c4f5ab),platform=Windows NT 6.3.9600 x86_64) (WARNING: The server did not provide any stacktrace information)
Command duration or timeout: 10.01 seconds
Build info: version: &apos;2.53.0&apos;, revision: &apos;35ae25b1534ae328c771e0856c93e187490ca824&apos;, time: &apos;2016-03-15 10:43:46&apos;
System info: host: &apos;Nikil&apos;, ip: &apos;192.168.254.4&apos;, os.name: &apos;Windows 8.1&apos;, os.arch: &apos;amd64&apos;, os.version: &apos;6.3&apos;, java.version: &apos;1.8.0_131&apos;
Driver info: org.openqa.selenium.chrome.ChromeDriver
Capabilities [{applicationCacheEnabled=false, rotatable=false, mobileEmulationEnabled=false, networkConnectionEnabled=false, chrome={chromedriverVersion=2.40.565498 (ea082db3280dd6843ebfb08a625e3eb905c4f5ab), userDataDir=C:\Users\NIKILK~1\AppData\Local\Temp\scoped_dir13332_9007}, takesHeapSnapshot=true, pageLoadStrategy=normal, databaseEnabled=false, handlesAlerts=true, hasTouchScreen=false, version=67.0.3396.99, platform=WIN8_1, browserConnectionEnabled=false, nativeEvents=true, acceptSslCerts=false, acceptInsecureCerts=false, locationContextEnabled=true, webStorageEnabled=true, browserName=chrome, takesScreenshot=true, javascriptEnabled=true, cssSelectorsEnabled=true, setWindowRect=true, unexpectedAlertBehaviour=}]
Session ID: 0310d83ee2a38065a6f344275d2497a3
Exception occured: org.openqa.selenium.TimeoutException: timeout
  (Session info: chrome=67.0.3396.99)
  (Driver info: chromedriver=2.40.565498 (ea082db3280dd6843ebfb08a625e3eb905c4f5ab),platform=Windows NT 6.3.9600 x86_64) (WARNING: The server did not provide any stacktrace information)
Command duration or timeout: 10.01 seconds
Build info: version: &apos;2.53.0&apos;, revision: &apos;35ae25b1534ae328c771e0856c93e187490ca824&apos;, time: &apos;2016-03-15 10:43:46&apos;
System info: host: &apos;Nikil&apos;, ip: &apos;192.168.254.4&apos;, os.name: &apos;Windows 8.1&apos;, os.arch: &apos;amd64&apos;, os.version: &apos;6.3&apos;, java.version: &apos;1.8.0_131&apos;
Driver info: org.openqa.selenium.chrome.ChromeDriver
Capabilities [{applicationCacheEnabled=false, rotatable=false, mobileEmulationEnabled=false, networkConnectionEnabled=false, chrome={chromedriverVersion=2.40.565498 (ea082db3280dd6843ebfb08a625e3eb905c4f5ab), userDataDir=C:\Users\NIKILK~1\AppData\Local\Temp\scoped_dir13332_9007}, takesHeapSnapshot=true, pageLoadStrategy=normal, databaseEnabled=false, handlesAlerts=true, hasTouchScreen=false, version=67.0.3396.99, platform=WIN8_1, browserConnectionEnabled=false, nativeEvents=true, acceptSslCerts=false, acceptInsecureCerts=false, locationContextEnabled=true, webStorageEnabled=true, browserName=chrome, takesScreenshot=true, javascriptEnabled=true, cssSelectorsEnabled=true, setWindowRect=true, unexpectedAlertBehaviour=}]
Session ID: 0310d83ee2a38065a6f344275d2497a3
Exception occured: org.openqa.selenium.TimeoutException: timeout
  (Session info: chrome=67.0.3396.99)
  (Driver info: chromedriver=2.40.565498 (ea082db3280dd6843ebfb08a625e3eb905c4f5ab),platform=Windows NT 6.3.9600 x86_64) (WARNING: The server did not provide any stacktrace information)
Command duration or timeout: 10.01 seconds
Build info: version: &apos;2.53.0&apos;, revision: &apos;35ae25b1534ae328c771e0856c93e187490ca824&apos;, time: &apos;2016-03-15 10:43:46&apos;
System info: host: &apos;Nikil&apos;, ip: &apos;192.168.254.4&apos;, os.name: &apos;Windows 8.1&apos;, os.arch: &apos;amd64&apos;, os.version: &apos;6.3&apos;, java.version: &apos;1.8.0_131&apos;
Driver info: org.openqa.selenium.chrome.ChromeDriver
Capabilities [{applicationCacheEnabled=false, rotatable=false, mobileEmulationEnabled=false, networkConnectionEnabled=false, chrome={chromedriverVersion=2.40.565498 (ea082db3280dd6843ebfb08a625e3eb905c4f5ab), userDataDir=C:\Users\NIKILK~1\AppData\Local\Temp\scoped_dir13332_9007}, takesHeapSnapshot=true, pageLoadStrategy=normal, databaseEnabled=false, handlesAlerts=true, hasTouchScreen=false, version=67.0.3396.99, platform=WIN8_1, browserConnectionEnabled=false, nativeEvents=true, acceptSslCerts=false, acceptInsecureCerts=false, locationContextEnabled=true, webStorageEnabled=true, browserName=chrome, takesScreenshot=true, javascriptEnabled=true, cssSelectorsEnabled=true, setWindowRect=true, unexpectedAlertBehaviour=}]
Session ID: 0310d83ee2a38065a6f344275d2497a3
Exception occured: org.openqa.selenium.TimeoutException: timeout
  (Session info: chrome=67.0.3396.99)
  (Driver info: chromedriver=2.40.565498 (ea082db3280dd6843ebfb08a625e3eb905c4f5ab),platform=Windows NT 6.3.9600 x86_64) (WARNING: The server did not provide any stacktrace information)
Command duration or timeout: 10.01 seconds
Build info: version: &apos;2.53.0&apos;, revision: &apos;35ae25b1534ae328c771e0856c93e187490ca824&apos;, time: &apos;2016-03-15 10:43:46&apos;
System info: host: &apos;Nikil&apos;, ip: &apos;192.168.254.4&apos;, os.name: &apos;Windows 8.1&apos;, os.arch: &apos;amd64&apos;, os.version: &apos;6.3&apos;, java.version: &apos;1.8.0_131&apos;
Driver info: org.openqa.selenium.chrome.ChromeDriver
Capabilities [{applicationCacheEnabled=false, rotatable=false, mobileEmulationEnabled=false, networkConnectionEnabled=false, chrome={chromedriverVersion=2.40.565498 (ea082db3280dd6843ebfb08a625e3eb905c4f5ab), userDataDir=C:\Users\NIKILK~1\AppData\Local\Temp\scoped_dir13332_9007}, takesHeapSnapshot=true, pageLoadStrategy=normal, databaseEnabled=false, handlesAlerts=true, hasTouchScreen=false, version=67.0.3396.99, platform=WIN8_1, browserConnectionEnabled=false, nativeEvents=true, acceptSslCerts=false, acceptInsecureCerts=false, locationContextEnabled=true, webStorageEnabled=true, browserName=chrome, takesScreenshot=true, javascriptEnabled=true, cssSelectorsEnabled=true, setWindowRect=true, unexpectedAlertBehaviour=}]
Session ID: 0310d83ee2a38065a6f344275d2497a3
Exception occured: org.openqa.selenium.TimeoutException: timeout
  (Session info: chrome=67.0.3396.99)
  (Driver info: chromedriver=2.40.565498 (ea082db3280dd6843ebfb08a625e3eb905c4f5ab),platform=Windows NT 6.3.9600 x86_64) (WARNING: The server did not provide any stacktrace information)
Command duration or timeout: 10.01 seconds
Build info: version: &apos;2.53.0&apos;, revision: &apos;35ae25b1534ae328c771e0856c93e187490ca824&apos;, time: &apos;2016-03-15 10:43:46&apos;
System info: host: &apos;Nikil&apos;, ip: &apos;192.168.254.4&apos;, os.name: &apos;Windows 8.1&apos;, os.arch: &apos;amd64&apos;, os.version: &apos;6.3&apos;, java.version: &apos;1.8.0_131&apos;
Driver info: org.openqa.selenium.chrome.ChromeDriver
Capabilities [{applicationCacheEnabled=false, rotatable=false, mobileEmulationEnabled=false, networkConnectionEnabled=false, chrome={chromedriverVersion=2.40.565498 (ea082db3280dd6843ebfb08a625e3eb905c4f5ab), userDataDir=C:\Users\NIKILK~1\AppData\Local\Temp\scoped_dir13332_9007}, takesHeapSnapshot=true, pageLoadStrategy=normal, databaseEnabled=false, handlesAlerts=true, hasTouchScreen=false, version=67.0.3396.99, platform=WIN8_1, browserConnectionEnabled=false, nativeEvents=true, acceptSslCerts=false, acceptInsecureCerts=false, locationContextEnabled=true, webStorageEnabled=true, browserName=chrome, takesScreenshot=true, javascriptEnabled=true, cssSelectorsEnabled=true, setWindowRect=true, unexpectedAlertBehaviour=}]
Session ID: 0310d83ee2a38065a6f344275d2497a3
Exception occured: org.openqa.selenium.TimeoutException: timeout
  (Session info: chrome=67.0.3396.99)
  (Driver info: chromedriver=2.40.565498 (ea082db3280dd6843ebfb08a625e3eb905c4f5ab),platform=Windows NT 6.3.9600 x86_64) (WARNING: The server did not provide any stacktrace information)
Command duration or timeout: 10.01 seconds
Build info: version: &apos;2.53.0&apos;, revision: &apos;35ae25b1534ae328c771e0856c93e187490ca824&apos;, time: &apos;2016-03-15 10:43:46&apos;
System info: host: &apos;Nikil&apos;, ip: &apos;192.168.254.4&apos;, os.name: &apos;Windows 8.1&apos;, os.arch: &apos;amd64&apos;, os.version: &apos;6.3&apos;, java.version: &apos;1.8.0_131&apos;
Driver info: org.openqa.selenium.chrome.ChromeDriver
Capabilities [{applicationCacheEnabled=false, rotatable=false, mobileEmulationEnabled=false, networkConnectionEnabled=false, chrome={chromedriverVersion=2.40.565498 (ea082db3280dd6843ebfb08a625e3eb905c4f5ab), userDataDir=C:\Users\NIKILK~1\AppData\Local\Temp\scoped_dir13332_9007}, takesHeapSnapshot=true, pageLoadStrategy=normal, databaseEnabled=false, handlesAlerts=true, hasTouchScreen=false, version=67.0.3396.99, platform=WIN8_1, browserConnectionEnabled=false, nativeEvents=true, acceptSslCerts=false, acceptInsecureCerts=false, locationContextEnabled=true, webStorageEnabled=true, browserName=chrome, takesScreenshot=true, javascriptEnabled=true, cssSelectorsEnabled=true, setWindowRect=true, unexpectedAlertBehaviour=}]
Session ID: 0310d83ee2a38065a6f344275d2497a3
Exception occured: org.openqa.selenium.TimeoutException: timeout
  (Session info: chrome=67.0.3396.99)
  (Driver info: chromedriver=2.40.565498 (ea082db3280dd6843ebfb08a625e3eb905c4f5ab),platform=Windows NT 6.3.9600 x86_64) (WARNING: The server did not provide any stacktrace information)
Command duration or timeout: 10.01 seconds
Build info: version: &apos;2.53.0&apos;, revision: &apos;35ae25b1534ae328c771e0856c93e187490ca824&apos;, time: &apos;2016-03-15 10:43:46&apos;
System info: host: &apos;Nikil&apos;, ip: &apos;192.168.254.4&apos;, os.name: &apos;Windows 8.1&apos;, os.arch: &apos;amd64&apos;, os.version: &apos;6.3&apos;, java.version: &apos;1.8.0_131&apos;
Driver info: org.openqa.selenium.chrome.ChromeDriver
Capabilities [{applicationCacheEnabled=false, rotatable=false, mobileEmulationEnabled=false, networkConnectionEnabled=false, chrome={chromedriverVersion=2.40.565498 (ea082db3280dd6843ebfb08a625e3eb905c4f5ab), userDataDir=C:\Users\NIKILK~1\AppData\Local\Temp\scoped_dir13332_9007}, takesHeapSnapshot=true, pageLoadStrategy=normal, databaseEnabled=false, handlesAlerts=true, hasTouchScreen=false, version=67.0.3396.99, platform=WIN8_1, browserConnectionEnabled=false, nativeEvents=true, acceptSslCerts=false, acceptInsecureCerts=false, locationContextEnabled=true, webStorageEnabled=true, browserName=chrome, takesScreenshot=true, javascriptEnabled=true, cssSelectorsEnabled=true, setWindowRect=true, unexpectedAlertBehaviour=}]
Session ID: 0310d83ee2a38065a6f344275d2497a3
Exception occured: org.openqa.selenium.TimeoutException: timeout
  (Session info: chrome=67.0.3396.99)
  (Driver info: chromedriver=2.40.565498 (ea082db3280dd6843ebfb08a625e3eb905c4f5ab),platform=Windows NT 6.3.9600 x86_64) (WARNING: The server did not provide any stacktrace information)
Command duration or timeout: 10.01 seconds
Build info: version: &apos;2.53.0&apos;, revision: &apos;35ae25b1534ae328c771e0856c93e187490ca824&apos;, time: &apos;2016-03-15 10:43:46&apos;
System info: host: &apos;Nikil&apos;, ip: &apos;192.168.254.4&apos;, os.name: &apos;Windows 8.1&apos;, os.arch: &apos;amd64&apos;, os.version: &apos;6.3&apos;, java.version: &apos;1.8.0_131&apos;
Driver info: org.openqa.selenium.chrome.ChromeDriver
Capabilities [{applicationCacheEnabled=false, rotatable=false, mobileEmulationEnabled=false, networkConnectionEnabled=false, chrome={chromedriverVersion=2.40.565498 (ea082db3280dd6843ebfb08a625e3eb905c4f5ab), userDataDir=C:\Users\NIKILK~1\AppData\Local\Temp\scoped_dir13332_9007}, takesHeapSnapshot=true, pageLoadStrategy=normal, databaseEnabled=false, handlesAlerts=true, hasTouchScreen=false, version=67.0.3396.99, platform=WIN8_1, browserConnectionEnabled=false, nativeEvents=true, acceptSslCerts=false, acceptInsecureCerts=false, locationContextEnabled=true, webStorageEnabled=true, browserName=chrome, takesScreenshot=true, javascriptEnabled=true, cssSelectorsEnabled=true, setWindowRect=true, unexpectedAlertBehaviour=}]
Session ID: 0310d83ee2a38065a6f344275d2497a3
Exception occured: org.openqa.selenium.TimeoutException: timeout
  (Session info: chrome=67.0.3396.99)
  (Driver info: chromedriver=2.40.565498 (ea082db3280dd6843ebfb08a625e3eb905c4f5ab),platform=Windows NT 6.3.9600 x86_64) (WARNING: The server did not provide any stacktrace information)
Command duration or timeout: 10.01 seconds
Build info: version: &apos;2.53.0&apos;, revision: &apos;35ae25b1534ae328c771e0856c93e187490ca824&apos;, time: &apos;2016-03-15 10:43:46&apos;
System info: host: &apos;Nikil&apos;, ip: &apos;192.168.254.4&apos;, os.name: &apos;Windows 8.1&apos;, os.arch: &apos;amd64&apos;, os.version: &apos;6.3&apos;, java.version: &apos;1.8.0_131&apos;
Driver info: org.openqa.selenium.chrome.ChromeDriver
Capabilities [{applicationCacheEnabled=false, rotatable=false, mobileEmulationEnabled=false, networkConnectionEnabled=false, chrome={chromedriverVersion=2.40.565498 (ea082db3280dd6843ebfb08a625e3eb905c4f5ab), userDataDir=C:\Users\NIKILK~1\AppData\Local\Temp\scoped_dir13332_9007}, takesHeapSnapshot=true, pageLoadStrategy=normal, databaseEnabled=false, handlesAlerts=true, hasTouchScreen=false, version=67.0.3396.99, platform=WIN8_1, browserConnectionEnabled=false, nativeEvents=true, acceptSslCerts=false, acceptInsecureCerts=false, locationContextEnabled=true, webStorageEnabled=true, browserName=chrome, takesScreenshot=true, javascriptEnabled=true, cssSelectorsEnabled=true, setWindowRect=true, unexpectedAlertBehaviour=}]
Session ID: 0310d83ee2a38065a6f344275d2497a3
Exception occured: org.openqa.selenium.TimeoutException: timeout
  (Session info: chrome=67.0.3396.99)
  (Driver info: chromedriver=2.40.565498 (ea082db3280dd6843ebfb08a625e3eb905c4f5ab),platform=Windows NT 6.3.9600 x86_64) (WARNING: The server did not provide any stacktrace information)
Command duration or timeout: 10.02 seconds
Build info: version: &apos;2.53.0&apos;, revision: &apos;35ae25b1534ae328c771e0856c93e187490ca824&apos;, time: &apos;2016-03-15 10:43:46&apos;
System info: host: &apos;Nikil&apos;, ip: &apos;192.168.254.4&apos;, os.name: &apos;Windows 8.1&apos;, os.arch: &apos;amd64&apos;, os.version: &apos;6.3&apos;, java.version: &apos;1.8.0_131&apos;
Driver info: org.openqa.selenium.chrome.ChromeDriver
Capabilities [{applicationCacheEnabled=false, rotatable=false, mobileEmulationEnabled=false, networkConnectionEnabled=false, chrome={chromedriverVersion=2.40.565498 (ea082db3280dd6843ebfb08a625e3eb905c4f5ab), userDataDir=C:\Users\NIKILK~1\AppData\Local\Temp\scoped_dir13332_9007}, takesHeapSnapshot=true, pageLoadStrategy=normal, databaseEnabled=false, handlesAlerts=true, hasTouchScreen=false, version=67.0.3396.99, platform=WIN8_1, browserConnectionEnabled=false, nativeEvents=true, acceptSslCerts=false, acceptInsecureCerts=false, locationContextEnabled=true, webStorageEnabled=true, browserName=chrome, takesScreenshot=true, javascriptEnabled=true, cssSelectorsEnabled=true, setWindowRect=true, unexpectedAlertBehaviour=}]
Session ID: 0310d83ee2a38065a6f344275d2497a3
Exception occured: org.openqa.selenium.TimeoutException: timeout
  (Session info: chrome=67.0.3396.99)
  (Driver info: chromedriver=2.40.565498 (ea082db3280dd6843ebfb08a625e3eb905c4f5ab),platform=Windows NT 6.3.9600 x86_64) (WARNING: The server did not provide any stacktrace information)
Command duration or timeout: 10.01 seconds
Build info: version: &apos;2.53.0&apos;, revision: &apos;35ae25b1534ae328c771e0856c93e187490ca824&apos;, time: &apos;2016-03-15 10:43:46&apos;
System info: host: &apos;Nikil&apos;, ip: &apos;192.168.254.4&apos;, os.name: &apos;Windows 8.1&apos;, os.arch: &apos;amd64&apos;, os.version: &apos;6.3&apos;, java.version: &apos;1.8.0_131&apos;
Driver info: org.openqa.selenium.chrome.ChromeDriver
Capabilities [{applicationCacheEnabled=false, rotatable=false, mobileEmulationEnabled=false, networkConnectionEnabled=false, chrome={chromedriverVersion=2.40.565498 (ea082db3280dd6843ebfb08a625e3eb905c4f5ab), userDataDir=C:\Users\NIKILK~1\AppData\Local\Temp\scoped_dir13332_9007}, takesHeapSnapshot=true, pageLoadStrategy=normal, databaseEnabled=false, handlesAlerts=true, hasTouchScreen=false, version=67.0.3396.99, platform=WIN8_1, browserConnectionEnabled=false, nativeEvents=true, acceptSslCerts=false, acceptInsecureCerts=false, locationContextEnabled=true, webStorageEnabled=true, browserName=chrome, takesScreenshot=true, javascriptEnabled=true, cssSelectorsEnabled=true, setWindowRect=true, unexpectedAlertBehaviour=}]
Session ID: 0310d83ee2a38065a6f344275d2497a3
Exception occured: org.openqa.selenium.TimeoutException: timeout
  (Session info: chrome=67.0.3396.99)
  (Driver info: chromedriver=2.40.565498 (ea082db3280dd6843ebfb08a625e3eb905c4f5ab),platform=Windows NT 6.3.9600 x86_64) (WARNING: The server did not provide any stacktrace information)
Command duration or timeout: 10.01 seconds
Build info: version: &apos;2.53.0&apos;, revision: &apos;35ae25b1534ae328c771e0856c93e187490ca824&apos;, time: &apos;2016-03-15 10:43:46&apos;
System info: host: &apos;Nikil&apos;, ip: &apos;192.168.254.4&apos;, os.name: &apos;Windows 8.1&apos;, os.arch: &apos;amd64&apos;, os.version: &apos;6.3&apos;, java.version: &apos;1.8.0_131&apos;
Driver info: org.openqa.selenium.chrome.ChromeDriver
Capabilities [{applicationCacheEnabled=false, rotatable=false, mobileEmulationEnabled=false, networkConnectionEnabled=false, chrome={chromedriverVersion=2.40.565498 (ea082db3280dd6843ebfb08a625e3eb905c4f5ab), userDataDir=C:\Users\NIKILK~1\AppData\Local\Temp\scoped_dir13332_9007}, takesHeapSnapshot=true, pageLoadStrategy=normal, databaseEnabled=false, handlesAlerts=true, hasTouchScreen=false, version=67.0.3396.99, platform=WIN8_1, browserConnectionEnabled=false, nativeEvents=true, acceptSslCerts=false, acceptInsecureCerts=false, locationContextEnabled=true, webStorageEnabled=true, browserName=chrome, takesScreenshot=true, javascriptEnabled=true, cssSelectorsEnabled=true, setWindowRect=true, unexpectedAlertBehaviour=}]
Session ID: 0310d83ee2a38065a6f344275d2497a3
Exception occured: org.openqa.selenium.TimeoutException: timeout
  (Session info: chrome=67.0.3396.99)
  (Driver info: chromedriver=2.40.565498 (ea082db3280dd6843ebfb08a625e3eb905c4f5ab),platform=Windows NT 6.3.9600 x86_64) (WARNING: The server did not provide any stacktrace information)
Command duration or timeout: 10.01 seconds
Build info: version: &apos;2.53.0&apos;, revision: &apos;35ae25b1534ae328c771e0856c93e187490ca824&apos;, time: &apos;2016-03-15 10:43:46&apos;
System info: host: &apos;Nikil&apos;, ip: &apos;192.168.254.4&apos;, os.name: &apos;Windows 8.1&apos;, os.arch: &apos;amd64&apos;, os.version: &apos;6.3&apos;, java.version: &apos;1.8.0_131&apos;
Driver info: org.openqa.selenium.chrome.ChromeDriver
Capabilities [{applicationCacheEnabled=false, rotatable=false, mobileEmulationEnabled=false, networkConnectionEnabled=false, chrome={chromedriverVersion=2.40.565498 (ea082db3280dd6843ebfb08a625e3eb905c4f5ab), userDataDir=C:\Users\NIKILK~1\AppData\Local\Temp\scoped_dir13332_9007}, takesHeapSnapshot=true, pageLoadStrategy=normal, databaseEnabled=false, handlesAlerts=true, hasTouchScreen=false, version=67.0.3396.99, platform=WIN8_1, browserConnectionEnabled=false, nativeEvents=true, acceptSslCerts=false, acceptInsecureCerts=false, locationContextEnabled=true, webStorageEnabled=true, browserName=chrome, takesScreenshot=true, javascriptEnabled=true, cssSelectorsEnabled=true, setWindowRect=true, unexpectedAlertBehaviour=}]
Session ID: 0310d83ee2a38065a6f344275d2497a3
Exception occured: org.openqa.selenium.TimeoutException: timeout
  (Session info: chrome=67.0.3396.99)
  (Driver info: chromedriver=2.40.565498 (ea082db3280dd6843ebfb08a625e3eb905c4f5ab),platform=Windows NT 6.3.9600 x86_64) (WARNING: The server did not provide any stacktrace information)
Command duration or timeout: 10.01 seconds
Build info: version: &apos;2.53.0&apos;, revision: &apos;35ae25b1534ae328c771e0856c93e187490ca824&apos;, time: &apos;2016-03-15 10:43:46&apos;
System info: host: &apos;Nikil&apos;, ip: &apos;192.168.254.4&apos;, os.name: &apos;Windows 8.1&apos;, os.arch: &apos;amd64&apos;, os.version: &apos;6.3&apos;, java.version: &apos;1.8.0_131&apos;
Driver info: org.openqa.selenium.chrome.ChromeDriver
Capabilities [{applicationCacheEnabled=false, rotatable=false, mobileEmulationEnabled=false, networkConnectionEnabled=false, chrome={chromedriverVersion=2.40.565498 (ea082db3280dd6843ebfb08a625e3eb905c4f5ab), userDataDir=C:\Users\NIKILK~1\AppData\Local\Temp\scoped_dir13332_9007}, takesHeapSnapshot=true, pageLoadStrategy=normal, databaseEnabled=false, handlesAlerts=true, hasTouchScreen=false, version=67.0.3396.99, platform=WIN8_1, browserConnectionEnabled=false, nativeEvents=true, acceptSslCerts=false, acceptInsecureCerts=false, locationContextEnabled=true, webStorageEnabled=true, browserName=chrome, takesScreenshot=true, javascriptEnabled=true, cssSelectorsEnabled=true, setWindowRect=true, unexpectedAlertBehaviour=}]
Session ID: 0310d83ee2a38065a6f344275d2497a3
Exception occured: org.openqa.selenium.TimeoutException: timeout
  (Session info: chrome=67.0.3396.99)
  (Driver info: chromedriver=2.40.565498 (ea082db3280dd6843ebfb08a625e3eb905c4f5ab),platform=Windows NT 6.3.9600 x86_64) (WARNING: The server did not provide any stacktrace information)
Command duration or timeout: 10.01 seconds
Build info: version: &apos;2.53.0&apos;, revision: &apos;35ae25b1534ae328c771e0856c93e187490ca824&apos;, time: &apos;2016-03-15 10:43:46&apos;
System info: host: &apos;Nikil&apos;, ip: &apos;192.168.254.4&apos;, os.name: &apos;Windows 8.1&apos;, os.arch: &apos;amd64&apos;, os.version: &apos;6.3&apos;, java.version: &apos;1.8.0_131&apos;
Driver info: org.openqa.selenium.chrome.ChromeDriver
Capabilities [{applicationCacheEnabled=false, rotatable=false, mobileEmulationEnabled=false, networkConnectionEnabled=false, chrome={chromedriverVersion=2.40.565498 (ea082db3280dd6843ebfb08a625e3eb905c4f5ab), userDataDir=C:\Users\NIKILK~1\AppData\Local\Temp\scoped_dir13332_9007}, takesHeapSnapshot=true, pageLoadStrategy=normal, databaseEnabled=false, handlesAlerts=true, hasTouchScreen=false, version=67.0.3396.99, platform=WIN8_1, browserConnectionEnabled=false, nativeEvents=true, acceptSslCerts=false, acceptInsecureCerts=false, locationContextEnabled=true, webStorageEnabled=true, browserName=chrome, takesScreenshot=true, javascriptEnabled=true, cssSelectorsEnabled=true, setWindowRect=true, unexpectedAlertBehaviour=}]
Session ID: 0310d83ee2a38065a6f344275d2497a3
Exception occured: org.openqa.selenium.TimeoutException: timeout
  (Session info: chrome=67.0.3396.99)
  (Driver info: chromedriver=2.40.565498 (ea082db3280dd6843ebfb08a625e3eb905c4f5ab),platform=Windows NT 6.3.9600 x86_64) (WARNING: The server did not provide any stacktrace information)
Command duration or timeout: 10.01 seconds
Build info: version: &apos;2.53.0&apos;, revision: &apos;35ae25b1534ae328c771e0856c93e187490ca824&apos;, time: &apos;2016-03-15 10:43:46&apos;
System info: host: &apos;Nikil&apos;, ip: &apos;192.168.254.4&apos;, os.name: &apos;Windows 8.1&apos;, os.arch: &apos;amd64&apos;, os.version: &apos;6.3&apos;, java.version: &apos;1.8.0_131&apos;
Driver info: org.openqa.selenium.chrome.ChromeDriver
Capabilities [{applicationCacheEnabled=false, rotatable=false, mobileEmulationEnabled=false, networkConnectionEnabled=false, chrome={chromedriverVersion=2.40.565498 (ea082db3280dd6843ebfb08a625e3eb905c4f5ab), userDataDir=C:\Users\NIKILK~1\AppData\Local\Temp\scoped_dir13332_9007}, takesHeapSnapshot=true, pageLoadStrategy=normal, databaseEnabled=false, handlesAlerts=true, hasTouchScreen=false, version=67.0.3396.99, platform=WIN8_1, browserConnectionEnabled=false, nativeEvents=true, acceptSslCerts=false, acceptInsecureCerts=false, locationContextEnabled=true, webStorageEnabled=true, browserName=chrome, takesScreenshot=true, javascriptEnabled=true, cssSelectorsEnabled=true, setWindowRect=true, unexpectedAlertBehaviour=}]
Session ID: 0310d83ee2a38065a6f344275d2497a3
Exception occured: org.openqa.selenium.TimeoutException: timeout
  (Session info: chrome=67.0.3396.99)
  (Driver info: chromedriver=2.40.565498 (ea082db3280dd6843ebfb08a625e3eb905c4f5ab),platform=Windows NT 6.3.9600 x86_64) (WARNING: The server did not provide any stacktrace information)
Command duration or timeout: 10.01 seconds
Build info: version: &apos;2.53.0&apos;, revision: &apos;35ae25b1534ae328c771e0856c93e187490ca824&apos;, time: &apos;2016-03-15 10:43:46&apos;
System info: host: &apos;Nikil&apos;, ip: &apos;192.168.254.4&apos;, os.name: &apos;Windows 8.1&apos;, os.arch: &apos;amd64&apos;, os.version: &apos;6.3&apos;, java.version: &apos;1.8.0_131&apos;
Driver info: org.openqa.selenium.chrome.ChromeDriver
Capabilities [{applicationCacheEnabled=false, rotatable=false, mobileEmulationEnabled=false, networkConnectionEnabled=false, chrome={chromedriverVersion=2.40.565498 (ea082db3280dd6843ebfb08a625e3eb905c4f5ab), userDataDir=C:\Users\NIKILK~1\AppData\Local\Temp\scoped_dir13332_9007}, takesHeapSnapshot=true, pageLoadStrategy=normal, databaseEnabled=false, handlesAlerts=true, hasTouchScreen=false, version=67.0.3396.99, platform=WIN8_1, browserConnectionEnabled=false, nativeEvents=true, acceptSslCerts=false, acceptInsecureCerts=false, locationContextEnabled=true, webStorageEnabled=true, browserName=chrome, takesScreenshot=true, javascriptEnabled=true, cssSelectorsEnabled=true, setWindowRect=true, unexpectedAlertBehaviour=}]
Session ID: 0310d83ee2a38065a6f344275d2497a3
Exception occured: org.openqa.selenium.TimeoutException: timeout
  (Session info: chrome=67.0.3396.99)
  (Driver info: chromedriver=2.40.565498 (ea082db3280dd6843ebfb08a625e3eb905c4f5ab),platform=Windows NT 6.3.9600 x86_64) (WARNING: The server did not provide any stacktrace information)
Command duration or timeout: 10.01 seconds
Build info: version: &apos;2.53.0&apos;, revision: &apos;35ae25b1534ae328c771e0856c93e187490ca824&apos;, time: &apos;2016-03-15 10:43:46&apos;
System info: host: &apos;Nikil&apos;, ip: &apos;192.168.254.4&apos;, os.name: &apos;Windows 8.1&apos;, os.arch: &apos;amd64&apos;, os.version: &apos;6.3&apos;, java.version: &apos;1.8.0_131&apos;
Driver info: org.openqa.selenium.chrome.ChromeDriver
Capabilities [{applicationCacheEnabled=false, rotatable=false, mobileEmulationEnabled=false, networkConnectionEnabled=false, chrome={chromedriverVersion=2.40.565498 (ea082db3280dd6843ebfb08a625e3eb905c4f5ab), userDataDir=C:\Users\NIKILK~1\AppData\Local\Temp\scoped_dir13332_9007}, takesHeapSnapshot=true, pageLoadStrategy=normal, databaseEnabled=false, handlesAlerts=true, hasTouchScreen=false, version=67.0.3396.99, platform=WIN8_1, browserConnectionEnabled=false, nativeEvents=true, acceptSslCerts=false, acceptInsecureCerts=false, locationContextEnabled=true, webStorageEnabled=true, browserName=chrome, takesScreenshot=true, javascriptEnabled=true, cssSelectorsEnabled=true, setWindowRect=true, unexpectedAlertBehaviour=}]
Session ID: 0310d83ee2a38065a6f344275d2497a3
Exception occured: org.openqa.selenium.TimeoutException: timeout
  (Session info: chrome=67.0.3396.99)
  (Driver info: chromedriver=2.40.565498 (ea082db3280dd6843ebfb08a625e3eb905c4f5ab),platform=Windows NT 6.3.9600 x86_64) (WARNING: The server did not provide any stacktrace information)
Command duration or timeout: 10.01 seconds
Build info: version: &apos;2.53.0&apos;, revision: &apos;35ae25b1534ae328c771e0856c93e187490ca824&apos;, time: &apos;2016-03-15 10:43:46&apos;
System info: host: &apos;Nikil&apos;, ip: &apos;192.168.254.4&apos;, os.name: &apos;Windows 8.1&apos;, os.arch: &apos;amd64&apos;, os.version: &apos;6.3&apos;, java.version: &apos;1.8.0_131&apos;
Driver info: org.openqa.selenium.chrome.ChromeDriver
Capabilities [{applicationCacheEnabled=false, rotatable=false, mobileEmulationEnabled=false, networkConnectionEnabled=false, chrome={chromedriverVersion=2.40.565498 (ea082db3280dd6843ebfb08a625e3eb905c4f5ab), userDataDir=C:\Users\NIKILK~1\AppData\Local\Temp\scoped_dir13332_9007}, takesHeapSnapshot=true, pageLoadStrategy=normal, databaseEnabled=false, handlesAlerts=true, hasTouchScreen=false, version=67.0.3396.99, platform=WIN8_1, browserConnectionEnabled=false, nativeEvents=true, acceptSslCerts=false, acceptInsecureCerts=false, locationContextEnabled=true, webStorageEnabled=true, browserName=chrome, takesScreenshot=true, javascriptEnabled=true, cssSelectorsEnabled=true, setWindowRect=true, unexpectedAlertBehaviour=}]
Session ID: 0310d83ee2a38065a6f344275d2497a3
Exception occured: org.openqa.selenium.TimeoutException: timeout
  (Session info: chrome=67.0.3396.99)
  (Driver info: chromedriver=2.40.565498 (ea082db3280dd6843ebfb08a625e3eb905c4f5ab),platform=Windows NT 6.3.9600 x86_64) (WARNING: The server did not provide any stacktrace information)
Command duration or timeout: 10.01 seconds
Build info: version: &apos;2.53.0&apos;, revision: &apos;35ae25b1534ae328c771e0856c93e187490ca824&apos;, time: &apos;2016-03-15 10:43:46&apos;
System info: host: &apos;Nikil&apos;, ip: &apos;192.168.254.4&apos;, os.name: &apos;Windows 8.1&apos;, os.arch: &apos;amd64&apos;, os.version: &apos;6.3&apos;, java.version: &apos;1.8.0_131&apos;
Driver info: org.openqa.selenium.chrome.ChromeDriver
Capabilities [{applicationCacheEnabled=false, rotatable=false, mobileEmulationEnabled=false, networkConnectionEnabled=false, chrome={chromedriverVersion=2.40.565498 (ea082db3280dd6843ebfb08a625e3eb905c4f5ab), userDataDir=C:\Users\NIKILK~1\AppData\Local\Temp\scoped_dir13332_9007}, takesHeapSnapshot=true, pageLoadStrategy=normal, databaseEnabled=false, handlesAlerts=true, hasTouchScreen=false, version=67.0.3396.99, platform=WIN8_1, browserConnectionEnabled=false, nativeEvents=true, acceptSslCerts=false, acceptInsecureCerts=false, locationContextEnabled=true, webStorageEnabled=true, browserName=chrome, takesScreenshot=true, javascriptEnabled=true, cssSelectorsEnabled=true, setWindowRect=true, unexpectedAlertBehaviour=}]
Session ID: 0310d83ee2a38065a6f344275d2497a3
Exception occured: org.openqa.selenium.TimeoutException: timeout
  (Session info: chrome=67.0.3396.99)
  (Driver info: chromedriver=2.40.565498 (ea082db3280dd6843ebfb08a625e3eb905c4f5ab),platform=Windows NT 6.3.9600 x86_64) (WARNING: The server did not provide any stacktrace information)
Command duration or timeout: 10.01 seconds
Build info: version: &apos;2.53.0&apos;, revision: &apos;35ae25b1534ae328c771e0856c93e187490ca824&apos;, time: &apos;2016-03-15 10:43:46&apos;
System info: host: &apos;Nikil&apos;, ip: &apos;192.168.254.4&apos;, os.name: &apos;Windows 8.1&apos;, os.arch: &apos;amd64&apos;, os.version: &apos;6.3&apos;, java.version: &apos;1.8.0_131&apos;
Driver info: org.openqa.selenium.chrome.ChromeDriver
Capabilities [{applicationCacheEnabled=false, rotatable=false, mobileEmulationEnabled=false, networkConnectionEnabled=false, chrome={chromedriverVersion=2.40.565498 (ea082db3280dd6843ebfb08a625e3eb905c4f5ab), userDataDir=C:\Users\NIKILK~1\AppData\Local\Temp\scoped_dir13332_9007}, takesHeapSnapshot=true, pageLoadStrategy=normal, databaseEnabled=false, handlesAlerts=true, hasTouchScreen=false, version=67.0.3396.99, platform=WIN8_1, browserConnectionEnabled=false, nativeEvents=true, acceptSslCerts=false, acceptInsecureCerts=false, locationContextEnabled=true, webStorageEnabled=true, browserName=chrome, takesScreenshot=true, javascriptEnabled=true, cssSelectorsEnabled=true, setWindowRect=true, unexpectedAlertBehaviour=}]
Session ID: 0310d83ee2a38065a6f344275d2497a3
Exception occured: org.openqa.selenium.TimeoutException: timeout
  (Session info: chrome=67.0.3396.99)
  (Driver info: chromedriver=2.40.565498 (ea082db3280dd6843ebfb08a625e3eb905c4f5ab),platform=Windows NT 6.3.9600 x86_64) (WARNING: The server did not provide any stacktrace information)
Command duration or timeout: 10.01 seconds
Build info: version: &apos;2.53.0&apos;, revision: &apos;35ae25b1534ae328c771e0856c93e187490ca824&apos;, time: &apos;2016-03-15 10:43:46&apos;
System info: host: &apos;Nikil&apos;, ip: &apos;192.168.254.4&apos;, os.name: &apos;Windows 8.1&apos;, os.arch: &apos;amd64&apos;, os.version: &apos;6.3&apos;, java.version: &apos;1.8.0_131&apos;
Driver info: org.openqa.selenium.chrome.ChromeDriver
Capabilities [{applicationCacheEnabled=false, rotatable=false, mobileEmulationEnabled=false, networkConnectionEnabled=false, chrome={chromedriverVersion=2.40.565498 (ea082db3280dd6843ebfb08a625e3eb905c4f5ab), userDataDir=C:\Users\NIKILK~1\AppData\Local\Temp\scoped_dir13332_9007}, takesHeapSnapshot=true, pageLoadStrategy=normal, databaseEnabled=false, handlesAlerts=true, hasTouchScreen=false, version=67.0.3396.99, platform=WIN8_1, browserConnectionEnabled=false, nativeEvents=true, acceptSslCerts=false, acceptInsecureCerts=false, locationContextEnabled=true, webStorageEnabled=true, browserName=chrome, takesScreenshot=true, javascriptEnabled=true, cssSelectorsEnabled=true, setWindowRect=true, unexpectedAlertBehaviour=}]
Session ID: 0310d83ee2a38065a6f344275d2497a3
Exception occured: org.openqa.selenium.TimeoutException: timeout
  (Session info: chrome=67.0.3396.99)
  (Driver info: chromedriver=2.40.565498 (ea082db3280dd6843ebfb08a625e3eb905c4f5ab),platform=Windows NT 6.3.9600 x86_64) (WARNING: The server did not provide any stacktrace information)
Command duration or timeout: 10.01 seconds
Build info: version: &apos;2.53.0&apos;, revision: &apos;35ae25b1534ae328c771e0856c93e187490ca824&apos;, time: &apos;2016-03-15 10:43:46&apos;
System info: host: &apos;Nikil&apos;, ip: &apos;192.168.254.4&apos;, os.name: &apos;Windows 8.1&apos;, os.arch: &apos;amd64&apos;, os.version: &apos;6.3&apos;, java.version: &apos;1.8.0_131&apos;
Driver info: org.openqa.selenium.chrome.ChromeDriver
Capabilities [{applicationCacheEnabled=false, rotatable=false, mobileEmulationEnabled=false, networkConnectionEnabled=false, chrome={chromedriverVersion=2.40.565498 (ea082db3280dd6843ebfb08a625e3eb905c4f5ab), userDataDir=C:\Users\NIKILK~1\AppData\Local\Temp\scoped_dir13332_9007}, takesHeapSnapshot=true, pageLoadStrategy=normal, databaseEnabled=false, handlesAlerts=true, hasTouchScreen=false, version=67.0.3396.99, platform=WIN8_1, browserConnectionEnabled=false, nativeEvents=true, acceptSslCerts=false, acceptInsecureCerts=false, locationContextEnabled=true, webStorageEnabled=true, browserName=chrome, takesScreenshot=true, javascriptEnabled=true, cssSelectorsEnabled=true, setWindowRect=true, unexpectedAlertBehaviour=}]
Session ID: 0310d83ee2a38065a6f344275d2497a3
Exception occured: org.openqa.selenium.TimeoutException: timeout
  (Session info: chrome=67.0.3396.99)
  (Driver info: chromedriver=2.40.565498 (ea082db3280dd6843ebfb08a625e3eb905c4f5ab),platform=Windows NT 6.3.9600 x86_64) (WARNING: The server did not provide any stacktrace information)
Command duration or timeout: 10.01 seconds
Build info: version: &apos;2.53.0&apos;, revision: &apos;35ae25b1534ae328c771e0856c93e187490ca824&apos;, time: &apos;2016-03-15 10:43:46&apos;
System info: host: &apos;Nikil&apos;, ip: &apos;192.168.254.4&apos;, os.name: &apos;Windows 8.1&apos;, os.arch: &apos;amd64&apos;, os.version: &apos;6.3&apos;, java.version: &apos;1.8.0_131&apos;
Driver info: org.openqa.selenium.chrome.ChromeDriver
Capabilities [{applicationCacheEnabled=false, rotatable=false, mobileEmulationEnabled=false, networkConnectionEnabled=false, chrome={chromedriverVersion=2.40.565498 (ea082db3280dd6843ebfb08a625e3eb905c4f5ab), userDataDir=C:\Users\NIKILK~1\AppData\Local\Temp\scoped_dir13332_9007}, takesHeapSnapshot=true, pageLoadStrategy=normal, databaseEnabled=false, handlesAlerts=true, hasTouchScreen=false, version=67.0.3396.99, platform=WIN8_1, browserConnectionEnabled=false, nativeEvents=true, acceptSslCerts=false, acceptInsecureCerts=false, locationContextEnabled=true, webStorageEnabled=true, browserName=chrome, takesScreenshot=true, javascriptEnabled=true, cssSelectorsEnabled=true, setWindowRect=true, unexpectedAlertBehaviour=}]
Session ID: 0310d83ee2a38065a6f344275d2497a3
Exception occured: org.openqa.selenium.TimeoutException: timeout
  (Session info: chrome=67.0.3396.99)
  (Driver info: chromedriver=2.40.565498 (ea082db3280dd6843ebfb08a625e3eb905c4f5ab),platform=Windows NT 6.3.9600 x86_64) (WARNING: The server did not provide any stacktrace information)
Command duration or timeout: 10.01 seconds
Build info: version: &apos;2.53.0&apos;, revision: &apos;35ae25b1534ae328c771e0856c93e187490ca824&apos;, time: &apos;2016-03-15 10:43:46&apos;
System info: host: &apos;Nikil&apos;, ip: &apos;192.168.254.4&apos;, os.name: &apos;Windows 8.1&apos;, os.arch: &apos;amd64&apos;, os.version: &apos;6.3&apos;, java.version: &apos;1.8.0_131&apos;
Driver info: org.openqa.selenium.chrome.ChromeDriver
Capabilities [{applicationCacheEnabled=false, rotatable=false, mobileEmulationEnabled=false, networkConnectionEnabled=false, chrome={chromedriverVersion=2.40.565498 (ea082db3280dd6843ebfb08a625e3eb905c4f5ab), userDataDir=C:\Users\NIKILK~1\AppData\Local\Temp\scoped_dir13332_9007}, takesHeapSnapshot=true, pageLoadStrategy=normal, databaseEnabled=false, handlesAlerts=true, hasTouchScreen=false, version=67.0.3396.99, platform=WIN8_1, browserConnectionEnabled=false, nativeEvents=true, acceptSslCerts=false, acceptInsecureCerts=false, locationContextEnabled=true, webStorageEnabled=true, browserName=chrome, takesScreenshot=true, javascriptEnabled=true, cssSelectorsEnabled=true, setWindowRect=true, unexpectedAlertBehaviour=}]
Session ID: 0310d83ee2a38065a6f344275d2497a3
Exception occured: org.openqa.selenium.TimeoutException: timeout
  (Session info: chrome=67.0.3396.99)
  (Driver info: chromedriver=2.40.565498 (ea082db3280dd6843ebfb08a625e3eb905c4f5ab),platform=Windows NT 6.3.9600 x86_64) (WARNING: The server did not provide any stacktrace information)
Command duration or timeout: 10.01 seconds
Build info: version: &apos;2.53.0&apos;, revision: &apos;35ae25b1534ae328c771e0856c93e187490ca824&apos;, time: &apos;2016-03-15 10:43:46&apos;
System info: host: &apos;Nikil&apos;, ip: &apos;192.168.254.4&apos;, os.name: &apos;Windows 8.1&apos;, os.arch: &apos;amd64&apos;, os.version: &apos;6.3&apos;, java.version: &apos;1.8.0_131&apos;
Driver info: org.openqa.selenium.chrome.ChromeDriver
Capabilities [{applicationCacheEnabled=false, rotatable=false, mobileEmulationEnabled=false, networkConnectionEnabled=false, chrome={chromedriverVersion=2.40.565498 (ea082db3280dd6843ebfb08a625e3eb905c4f5ab), userDataDir=C:\Users\NIKILK~1\AppData\Local\Temp\scoped_dir13332_9007}, takesHeapSnapshot=true, pageLoadStrategy=normal, databaseEnabled=false, handlesAlerts=true, hasTouchScreen=false, version=67.0.3396.99, platform=WIN8_1, browserConnectionEnabled=false, nativeEvents=true, acceptSslCerts=false, acceptInsecureCerts=false, locationContextEnabled=true, webStorageEnabled=true, browserName=chrome, takesScreenshot=true, javascriptEnabled=true, cssSelectorsEnabled=true, setWindowRect=true, unexpectedAlertBehaviour=}]
Session ID: 0310d83ee2a38065a6f344275d2497a3
Exception occured: org.openqa.selenium.TimeoutException: timeout
  (Session info: chrome=67.0.3396.99)
  (Driver info: chromedriver=2.40.565498 (ea082db3280dd6843ebfb08a625e3eb905c4f5ab),platform=Windows NT 6.3.9600 x86_64) (WARNING: The server did not provide any stacktrace information)
Command duration or timeout: 10.01 seconds
Build info: version: &apos;2.53.0&apos;, revision: &apos;35ae25b1534ae328c771e0856c93e187490ca824&apos;, time: &apos;2016-03-15 10:43:46&apos;
System info: host: &apos;Nikil&apos;, ip: &apos;192.168.254.4&apos;, os.name: &apos;Windows 8.1&apos;, os.arch: &apos;amd64&apos;, os.version: &apos;6.3&apos;, java.version: &apos;1.8.0_131&apos;
Driver info: org.openqa.selenium.chrome.ChromeDriver
Capabilities [{applicationCacheEnabled=false, rotatable=false, mobileEmulationEnabled=false, networkConnectionEnabled=false, chrome={chromedriverVersion=2.40.565498 (ea082db3280dd6843ebfb08a625e3eb905c4f5ab), userDataDir=C:\Users\NIKILK~1\AppData\Local\Temp\scoped_dir13332_9007}, takesHeapSnapshot=true, pageLoadStrategy=normal, databaseEnabled=false, handlesAlerts=true, hasTouchScreen=false, version=67.0.3396.99, platform=WIN8_1, browserConnectionEnabled=false, nativeEvents=true, acceptSslCerts=false, acceptInsecureCerts=false, locationContextEnabled=true, webStorageEnabled=true, browserName=chrome, takesScreenshot=true, javascriptEnabled=true, cssSelectorsEnabled=true, setWindowRect=true, unexpectedAlertBehaviour=}]
Session ID: 0310d83ee2a38065a6f344275d2497a3
Exception occured: org.openqa.selenium.TimeoutException: timeout
  (Session info: chrome=67.0.3396.99)
  (Driver info: chromedriver=2.40.565498 (ea082db3280dd6843ebfb08a625e3eb905c4f5ab),platform=Windows NT 6.3.9600 x86_64) (WARNING: The server did not provide any stacktrace information)
Command duration or timeout: 10.01 seconds
Build info: version: &apos;2.53.0&apos;, revision: &apos;35ae25b1534ae328c771e0856c93e187490ca824&apos;, time: &apos;2016-03-15 10:43:46&apos;
System info: host: &apos;Nikil&apos;, ip: &apos;192.168.254.4&apos;, os.name: &apos;Windows 8.1&apos;, os.arch: &apos;amd64&apos;, os.version: &apos;6.3&apos;, java.version: &apos;1.8.0_131&apos;
Driver info: org.openqa.selenium.chrome.ChromeDriver
Capabilities [{applicationCacheEnabled=false, rotatable=false, mobileEmulationEnabled=false, networkConnectionEnabled=false, chrome={chromedriverVersion=2.40.565498 (ea082db3280dd6843ebfb08a625e3eb905c4f5ab), userDataDir=C:\Users\NIKILK~1\AppData\Local\Temp\scoped_dir13332_9007}, takesHeapSnapshot=true, pageLoadStrategy=normal, databaseEnabled=false, handlesAlerts=true, hasTouchScreen=false, version=67.0.3396.99, platform=WIN8_1, browserConnectionEnabled=false, nativeEvents=true, acceptSslCerts=false, acceptInsecureCerts=false, locationContextEnabled=true, webStorageEnabled=true, browserName=chrome, takesScreenshot=true, javascriptEnabled=true, cssSelectorsEnabled=true, setWindowRect=true, unexpectedAlertBehaviour=}]
Session ID: 0310d83ee2a38065a6f344275d2497a3
Exception occured: org.openqa.selenium.TimeoutException: timeout
  (Session info: chrome=67.0.3396.99)
  (Driver info: chromedriver=2.40.565498 (ea082db3280dd6843ebfb08a625e3eb905c4f5ab),platform=Windows NT 6.3.9600 x86_64) (WARNING: The server did not provide any stacktrace information)
Command duration or timeout: 10.01 seconds
Build info: version: &apos;2.53.0&apos;, revision: &apos;35ae25b1534ae328c771e0856c93e187490ca824&apos;, time: &apos;2016-03-15 10:43:46&apos;
System info: host: &apos;Nikil&apos;, ip: &apos;192.168.254.4&apos;, os.name: &apos;Windows 8.1&apos;, os.arch: &apos;amd64&apos;, os.version: &apos;6.3&apos;, java.version: &apos;1.8.0_131&apos;
Driver info: org.openqa.selenium.chrome.ChromeDriver
Capabilities [{applicationCacheEnabled=false, rotatable=false, mobileEmulationEnabled=false, networkConnectionEnabled=false, chrome={chromedriverVersion=2.40.565498 (ea082db3280dd6843ebfb08a625e3eb905c4f5ab), userDataDir=C:\Users\NIKILK~1\AppData\Local\Temp\scoped_dir13332_9007}, takesHeapSnapshot=true, pageLoadStrategy=normal, databaseEnabled=false, handlesAlerts=true, hasTouchScreen=false, version=67.0.3396.99, platform=WIN8_1, browserConnectionEnabled=false, nativeEvents=true, acceptSslCerts=false, acceptInsecureCerts=false, locationContextEnabled=true, webStorageEnabled=true, browserName=chrome, takesScreenshot=true, javascriptEnabled=true, cssSelectorsEnabled=true, setWindowRect=true, unexpectedAlertBehaviour=}]
Session ID: 0310d83ee2a38065a6f344275d2497a3
Exception occured: org.openqa.selenium.TimeoutException: timeout
  (Session info: chrome=67.0.3396.99)
  (Driver info: chromedriver=2.40.565498 (ea082db3280dd6843ebfb08a625e3eb905c4f5ab),platform=Windows NT 6.3.9600 x86_64) (WARNING: The server did not provide any stacktrace information)
Command duration or timeout: 10.01 seconds
Build info: version: &apos;2.53.0&apos;, revision: &apos;35ae25b1534ae328c771e0856c93e187490ca824&apos;, time: &apos;2016-03-15 10:43:46&apos;
System info: host: &apos;Nikil&apos;, ip: &apos;192.168.254.4&apos;, os.name: &apos;Windows 8.1&apos;, os.arch: &apos;amd64&apos;, os.version: &apos;6.3&apos;, java.version: &apos;1.8.0_131&apos;
Driver info: org.openqa.selenium.chrome.ChromeDriver
Capabilities [{applicationCacheEnabled=false, rotatable=false, mobileEmulationEnabled=false, networkConnectionEnabled=false, chrome={chromedriverVersion=2.40.565498 (ea082db3280dd6843ebfb08a625e3eb905c4f5ab), userDataDir=C:\Users\NIKILK~1\AppData\Local\Temp\scoped_dir13332_9007}, takesHeapSnapshot=true, pageLoadStrategy=normal, databaseEnabled=false, handlesAlerts=true, hasTouchScreen=false, version=67.0.3396.99, platform=WIN8_1, browserConnectionEnabled=false, nativeEvents=true, acceptSslCerts=false, acceptInsecureCerts=false, locationContextEnabled=true, webStorageEnabled=true, browserName=chrome, takesScreenshot=true, javascriptEnabled=true, cssSelectorsEnabled=true, setWindowRect=true, unexpectedAlertBehaviour=}]
Session ID: 0310d83ee2a38065a6f344275d2497a3
Exception occured: org.openqa.selenium.TimeoutException: timeout
  (Session info: chrome=67.0.3396.99)
  (Driver info: chromedriver=2.40.565498 (ea082db3280dd6843ebfb08a625e3eb905c4f5ab),platform=Windows NT 6.3.9600 x86_64) (WARNING: The server did not provide any stacktrace information)
Command duration or timeout: 10.02 seconds
Build info: version: &apos;2.53.0&apos;, revision: &apos;35ae25b1534ae328c771e0856c93e187490ca824&apos;, time: &apos;2016-03-15 10:43:46&apos;
System info: host: &apos;Nikil&apos;, ip: &apos;192.168.254.4&apos;, os.name: &apos;Windows 8.1&apos;, os.arch: &apos;amd64&apos;, os.version: &apos;6.3&apos;, java.version: &apos;1.8.0_131&apos;
Driver info: org.openqa.selenium.chrome.ChromeDriver
Capabilities [{applicationCacheEnabled=false, rotatable=false, mobileEmulationEnabled=false, networkConnectionEnabled=false, chrome={chromedriverVersion=2.40.565498 (ea082db3280dd6843ebfb08a625e3eb905c4f5ab), userDataDir=C:\Users\NIKILK~1\AppData\Local\Temp\scoped_dir13332_9007}, takesHeapSnapshot=true, pageLoadStrategy=normal, databaseEnabled=false, handlesAlerts=true, hasTouchScreen=false, version=67.0.3396.99, platform=WIN8_1, browserConnectionEnabled=false, nativeEvents=true, acceptSslCerts=false, acceptInsecureCerts=false, locationContextEnabled=true, webStorageEnabled=true, browserName=chrome, takesScreenshot=true, javascriptEnabled=true, cssSelectorsEnabled=true, setWindowRect=true, unexpectedAlertBehaviour=}]
Session ID: 0310d83ee2a38065a6f344275d2497a3
Exception occured: org.openqa.selenium.TimeoutException: timeout
  (Session info: chrome=67.0.3396.99)
  (Driver info: chromedriver=2.40.565498 (ea082db3280dd6843ebfb08a625e3eb905c4f5ab),platform=Windows NT 6.3.9600 x86_64) (WARNING: The server did not provide any stacktrace information)
Command duration or timeout: 10.01 seconds
Build info: version: &apos;2.53.0&apos;, revision: &apos;35ae25b1534ae328c771e0856c93e187490ca824&apos;, time: &apos;2016-03-15 10:43:46&apos;
System info: host: &apos;Nikil&apos;, ip: &apos;192.168.254.4&apos;, os.name: &apos;Windows 8.1&apos;, os.arch: &apos;amd64&apos;, os.version: &apos;6.3&apos;, java.version: &apos;1.8.0_131&apos;
Driver info: org.openqa.selenium.chrome.ChromeDriver
Capabilities [{applicationCacheEnabled=false, rotatable=false, mobileEmulationEnabled=false, networkConnectionEnabled=false, chrome={chromedriverVersion=2.40.565498 (ea082db3280dd6843ebfb08a625e3eb905c4f5ab), userDataDir=C:\Users\NIKILK~1\AppData\Local\Temp\scoped_dir13332_9007}, takesHeapSnapshot=true, pageLoadStrategy=normal, databaseEnabled=false, handlesAlerts=true, hasTouchScreen=false, version=67.0.3396.99, platform=WIN8_1, browserConnectionEnabled=false, nativeEvents=true, acceptSslCerts=false, acceptInsecureCerts=false, locationContextEnabled=true, webStorageEnabled=true, browserName=chrome, takesScreenshot=true, javascriptEnabled=true, cssSelectorsEnabled=true, setWindowRect=true, unexpectedAlertBehaviour=}]
Session ID: 0310d83ee2a38065a6f344275d2497a3
Exception occured: org.openqa.selenium.TimeoutException: timeout
  (Session info: chrome=67.0.3396.99)
  (Driver info: chromedriver=2.40.565498 (ea082db3280dd6843ebfb08a625e3eb905c4f5ab),platform=Windows NT 6.3.9600 x86_64) (WARNING: The server did not provide any stacktrace information)
Command duration or timeout: 10.01 seconds
Build info: version: &apos;2.53.0&apos;, revision: &apos;35ae25b1534ae328c771e0856c93e187490ca824&apos;, time: &apos;2016-03-15 10:43:46&apos;
System info: host: &apos;Nikil&apos;, ip: &apos;192.168.254.4&apos;, os.name: &apos;Windows 8.1&apos;, os.arch: &apos;amd64&apos;, os.version: &apos;6.3&apos;, java.version: &apos;1.8.0_131&apos;
Driver info: org.openqa.selenium.chrome.ChromeDriver
Capabilities [{applicationCacheEnabled=false, rotatable=false, mobileEmulationEnabled=false, networkConnectionEnabled=false, chrome={chromedriverVersion=2.40.565498 (ea082db3280dd6843ebfb08a625e3eb905c4f5ab), userDataDir=C:\Users\NIKILK~1\AppData\Local\Temp\scoped_dir13332_9007}, takesHeapSnapshot=true, pageLoadStrategy=normal, databaseEnabled=false, handlesAlerts=true, hasTouchScreen=false, version=67.0.3396.99, platform=WIN8_1, browserConnectionEnabled=false, nativeEvents=true, acceptSslCerts=false, acceptInsecureCerts=false, locationContextEnabled=true, webStorageEnabled=true, browserName=chrome, takesScreenshot=true, javascriptEnabled=true, cssSelectorsEnabled=true, setWindowRect=true, unexpectedAlertBehaviour=}]
Session ID: 0310d83ee2a38065a6f344275d2497a3
Exception occured: org.openqa.selenium.TimeoutException: timeout
  (Session info: chrome=67.0.3396.99)
  (Driver info: chromedriver=2.40.565498 (ea082db3280dd6843ebfb08a625e3eb905c4f5ab),platform=Windows NT 6.3.9600 x86_64) (WARNING: The server did not provide any stacktrace information)
Command duration or timeout: 10.01 seconds
Build info: version: &apos;2.53.0&apos;, revision: &apos;35ae25b1534ae328c771e0856c93e187490ca824&apos;, time: &apos;2016-03-15 10:43:46&apos;
System info: host: &apos;Nikil&apos;, ip: &apos;192.168.254.4&apos;, os.name: &apos;Windows 8.1&apos;, os.arch: &apos;amd64&apos;, os.version: &apos;6.3&apos;, java.version: &apos;1.8.0_131&apos;
Driver info: org.openqa.selenium.chrome.ChromeDriver
Capabilities [{applicationCacheEnabled=false, rotatable=false, mobileEmulationEnabled=false, networkConnectionEnabled=false, chrome={chromedriverVersion=2.40.565498 (ea082db3280dd6843ebfb08a625e3eb905c4f5ab), userDataDir=C:\Users\NIKILK~1\AppData\Local\Temp\scoped_dir13332_9007}, takesHeapSnapshot=true, pageLoadStrategy=normal, databaseEnabled=false, handlesAlerts=true, hasTouchScreen=false, version=67.0.3396.99, platform=WIN8_1, browserConnectionEnabled=false, nativeEvents=true, acceptSslCerts=false, acceptInsecureCerts=false, locationContextEnabled=true, webStorageEnabled=true, browserName=chrome, takesScreenshot=true, javascriptEnabled=true, cssSelectorsEnabled=true, setWindowRect=true, unexpectedAlertBehaviour=}]
Session ID: 0310d83ee2a38065a6f344275d2497a3
Exception occured: org.openqa.selenium.TimeoutException: timeout
  (Session info: chrome=67.0.3396.99)
  (Driver info: chromedriver=2.40.565498 (ea082db3280dd6843ebfb08a625e3eb905c4f5ab),platform=Windows NT 6.3.9600 x86_64) (WARNING: The server did not provide any stacktrace information)
Command duration or timeout: 10.01 seconds
Build info: version: &apos;2.53.0&apos;, revision: &apos;35ae25b1534ae328c771e0856c93e187490ca824&apos;, time: &apos;2016-03-15 10:43:46&apos;
System info: host: &apos;Nikil&apos;, ip: &apos;192.168.254.4&apos;, os.name: &apos;Windows 8.1&apos;, os.arch: &apos;amd64&apos;, os.version: &apos;6.3&apos;, java.version: &apos;1.8.0_131&apos;
Driver info: org.openqa.selenium.chrome.ChromeDriver
Capabilities [{applicationCacheEnabled=false, rotatable=false, mobileEmulationEnabled=false, networkConnectionEnabled=false, chrome={chromedriverVersion=2.40.565498 (ea082db3280dd6843ebfb08a625e3eb905c4f5ab), userDataDir=C:\Users\NIKILK~1\AppData\Local\Temp\scoped_dir13332_9007}, takesHeapSnapshot=true, pageLoadStrategy=normal, databaseEnabled=false, handlesAlerts=true, hasTouchScreen=false, version=67.0.3396.99, platform=WIN8_1, browserConnectionEnabled=false, nativeEvents=true, acceptSslCerts=false, acceptInsecureCerts=false, locationContextEnabled=true, webStorageEnabled=true, browserName=chrome, takesScreenshot=true, javascriptEnabled=true, cssSelectorsEnabled=true, setWindowRect=true, unexpectedAlertBehaviour=}]
Session ID: 0310d83ee2a38065a6f344275d2497a3
Exception occured: org.openqa.selenium.TimeoutException: timeout
  (Session info: chrome=67.0.3396.99)
  (Driver info: chromedriver=2.40.565498 (ea082db3280dd6843ebfb08a625e3eb905c4f5ab),platform=Windows NT 6.3.9600 x86_64) (WARNING: The server did not provide any stacktrace information)
Command duration or timeout: 10.01 seconds
Build info: version: &apos;2.53.0&apos;, revision: &apos;35ae25b1534ae328c771e0856c93e187490ca824&apos;, time: &apos;2016-03-15 10:43:46&apos;
System info: host: &apos;Nikil&apos;, ip: &apos;192.168.254.4&apos;, os.name: &apos;Windows 8.1&apos;, os.arch: &apos;amd64&apos;, os.version: &apos;6.3&apos;, java.version: &apos;1.8.0_131&apos;
Driver info: org.openqa.selenium.chrome.ChromeDriver
Capabilities [{applicationCacheEnabled=false, rotatable=false, mobileEmulationEnabled=false, networkConnectionEnabled=false, chrome={chromedriverVersion=2.40.565498 (ea082db3280dd6843ebfb08a625e3eb905c4f5ab), userDataDir=C:\Users\NIKILK~1\AppData\Local\Temp\scoped_dir13332_9007}, takesHeapSnapshot=true, pageLoadStrategy=normal, databaseEnabled=false, handlesAlerts=true, hasTouchScreen=false, version=67.0.3396.99, platform=WIN8_1, browserConnectionEnabled=false, nativeEvents=true, acceptSslCerts=false, acceptInsecureCerts=false, locationContextEnabled=true, webStorageEnabled=true, browserName=chrome, takesScreenshot=true, javascriptEnabled=true, cssSelectorsEnabled=true, setWindowRect=true, unexpectedAlertBehaviour=}]
Session ID: 0310d83ee2a38065a6f344275d2497a3
Exception occured: org.openqa.selenium.TimeoutException: timeout
  (Session info: chrome=67.0.3396.99)
  (Driver info: chromedriver=2.40.565498 (ea082db3280dd6843ebfb08a625e3eb905c4f5ab),platform=Windows NT 6.3.9600 x86_64) (WARNING: The server did not provide any stacktrace information)
Command duration or timeout: 10.01 seconds
Build info: version: &apos;2.53.0&apos;, revision: &apos;35ae25b1534ae328c771e0856c93e187490ca824&apos;, time: &apos;2016-03-15 10:43:46&apos;
System info: host: &apos;Nikil&apos;, ip: &apos;192.168.254.4&apos;, os.name: &apos;Windows 8.1&apos;, os.arch: &apos;amd64&apos;, os.version: &apos;6.3&apos;, java.version: &apos;1.8.0_131&apos;
Driver info: org.openqa.selenium.chrome.ChromeDriver
Capabilities [{applicationCacheEnabled=false, rotatable=false, mobileEmulationEnabled=false, networkConnectionEnabled=false, chrome={chromedriverVersion=2.40.565498 (ea082db3280dd6843ebfb08a625e3eb905c4f5ab), userDataDir=C:\Users\NIKILK~1\AppData\Local\Temp\scoped_dir13332_9007}, takesHeapSnapshot=true, pageLoadStrategy=normal, databaseEnabled=false, handlesAlerts=true, hasTouchScreen=false, version=67.0.3396.99, platform=WIN8_1, browserConnectionEnabled=false, nativeEvents=true, acceptSslCerts=false, acceptInsecureCerts=false, locationContextEnabled=true, webStorageEnabled=true, browserName=chrome, takesScreenshot=true, javascriptEnabled=true, cssSelectorsEnabled=true, setWindowRect=true, unexpectedAlertBehaviour=}]
Session ID: 0310d83ee2a38065a6f344275d2497a3
Exception occured: org.openqa.selenium.TimeoutException: timeout
  (Session info: chrome=67.0.3396.99)
  (Driver info: chromedriver=2.40.565498 (ea082db3280dd6843ebfb08a625e3eb905c4f5ab),platform=Windows NT 6.3.9600 x86_64) (WARNING: The server did not provide any stacktrace information)
Command duration or timeout: 10.01 seconds
Build info: version: &apos;2.53.0&apos;, revision: &apos;35ae25b1534ae328c771e0856c93e187490ca824&apos;, time: &apos;2016-03-15 10:43:46&apos;
System info: host: &apos;Nikil&apos;, ip: &apos;192.168.254.4&apos;, os.name: &apos;Windows 8.1&apos;, os.arch: &apos;amd64&apos;, os.version: &apos;6.3&apos;, java.version: &apos;1.8.0_131&apos;
Driver info: org.openqa.selenium.chrome.ChromeDriver
Capabilities [{applicationCacheEnabled=false, rotatable=false, mobileEmulationEnabled=false, networkConnectionEnabled=false, chrome={chromedriverVersion=2.40.565498 (ea082db3280dd6843ebfb08a625e3eb905c4f5ab), userDataDir=C:\Users\NIKILK~1\AppData\Local\Temp\scoped_dir13332_9007}, takesHeapSnapshot=true, pageLoadStrategy=normal, databaseEnabled=false, handlesAlerts=true, hasTouchScreen=false, version=67.0.3396.99, platform=WIN8_1, browserConnectionEnabled=false, nativeEvents=true, acceptSslCerts=false, acceptInsecureCerts=false, locationContextEnabled=true, webStorageEnabled=true, browserName=chrome, takesScreenshot=true, javascriptEnabled=true, cssSelectorsEnabled=true, setWindowRect=true, unexpectedAlertBehaviour=}]
Session ID: 0310d83ee2a38065a6f344275d2497a3
Exception occured: org.openqa.selenium.TimeoutException: timeout
  (Session info: chrome=67.0.3396.99)
  (Driver info: chromedriver=2.40.565498 (ea082db3280dd6843ebfb08a625e3eb905c4f5ab),platform=Windows NT 6.3.9600 x86_64) (WARNING: The server did not provide any stacktrace information)
Command duration or timeout: 10.01 seconds
Build info: version: &apos;2.53.0&apos;, revision: &apos;35ae25b1534ae328c771e0856c93e187490ca824&apos;, time: &apos;2016-03-15 10:43:46&apos;
System info: host: &apos;Nikil&apos;, ip: &apos;192.168.254.4&apos;, os.name: &apos;Windows 8.1&apos;, os.arch: &apos;amd64&apos;, os.version: &apos;6.3&apos;, java.version: &apos;1.8.0_131&apos;
Driver info: org.openqa.selenium.chrome.ChromeDriver
Capabilities [{applicationCacheEnabled=false, rotatable=false, mobileEmulationEnabled=false, networkConnectionEnabled=false, chrome={chromedriverVersion=2.40.565498 (ea082db3280dd6843ebfb08a625e3eb905c4f5ab), userDataDir=C:\Users\NIKILK~1\AppData\Local\Temp\scoped_dir13332_9007}, takesHeapSnapshot=true, pageLoadStrategy=normal, databaseEnabled=false, handlesAlerts=true, hasTouchScreen=false, version=67.0.3396.99, platform=WIN8_1, browserConnectionEnabled=false, nativeEvents=true, acceptSslCerts=false, acceptInsecureCerts=false, locationContextEnabled=true, webStorageEnabled=true, browserName=chrome, takesScreenshot=true, javascriptEnabled=true, cssSelectorsEnabled=true, setWindowRect=true, unexpectedAlertBehaviour=}]
Session ID: 0310d83ee2a38065a6f344275d2497a3
Exception occured: org.openqa.selenium.TimeoutException: timeout
  (Session info: chrome=67.0.3396.99)
  (Driver info: chromedriver=2.40.565498 (ea082db3280dd6843ebfb08a625e3eb905c4f5ab),platform=Windows NT 6.3.9600 x86_64) (WARNING: The server did not provide any stacktrace information)
Command duration or timeout: 10.01 seconds
Build info: version: &apos;2.53.0&apos;, revision: &apos;35ae25b1534ae328c771e0856c93e187490ca824&apos;, time: &apos;2016-03-15 10:43:46&apos;
System info: host: &apos;Nikil&apos;, ip: &apos;192.168.254.4&apos;, os.name: &apos;Windows 8.1&apos;, os.arch: &apos;amd64&apos;, os.version: &apos;6.3&apos;, java.version: &apos;1.8.0_131&apos;
Driver info: org.openqa.selenium.chrome.ChromeDriver
Capabilities [{applicationCacheEnabled=false, rotatable=false, mobileEmulationEnabled=false, networkConnectionEnabled=false, chrome={chromedriverVersion=2.40.565498 (ea082db3280dd6843ebfb08a625e3eb905c4f5ab), userDataDir=C:\Users\NIKILK~1\AppData\Local\Temp\scoped_dir13332_9007}, takesHeapSnapshot=true, pageLoadStrategy=normal, databaseEnabled=false, handlesAlerts=true, hasTouchScreen=false, version=67.0.3396.99, platform=WIN8_1, browserConnectionEnabled=false, nativeEvents=true, acceptSslCerts=false, acceptInsecureCerts=false, locationContextEnabled=true, webStorageEnabled=true, browserName=chrome, takesScreenshot=true, javascriptEnabled=true, cssSelectorsEnabled=true, setWindowRect=true, unexpectedAlertBehaviour=}]
Session ID: 0310d83ee2a38065a6f344275d2497a3
Exception occured: org.openqa.selenium.TimeoutException: timeout
  (Session info: chrome=67.0.3396.99)
  (Driver info: chromedriver=2.40.565498 (ea082db3280dd6843ebfb08a625e3eb905c4f5ab),platform=Windows NT 6.3.9600 x86_64) (WARNING: The server did not provide any stacktrace information)
Command duration or timeout: 10.01 seconds
Build info: version: &apos;2.53.0&apos;, revision: &apos;35ae25b1534ae328c771e0856c93e187490ca824&apos;, time: &apos;2016-03-15 10:43:46&apos;
System info: host: &apos;Nikil&apos;, ip: &apos;192.168.254.4&apos;, os.name: &apos;Windows 8.1&apos;, os.arch: &apos;amd64&apos;, os.version: &apos;6.3&apos;, java.version: &apos;1.8.0_131&apos;
Driver info: org.openqa.selenium.chrome.ChromeDriver
Capabilities [{applicationCacheEnabled=false, rotatable=false, mobileEmulationEnabled=false, networkConnectionEnabled=false, chrome={chromedriverVersion=2.40.565498 (ea082db3280dd6843ebfb08a625e3eb905c4f5ab), userDataDir=C:\Users\NIKILK~1\AppData\Local\Temp\scoped_dir13332_9007}, takesHeapSnapshot=true, pageLoadStrategy=normal, databaseEnabled=false, handlesAlerts=true, hasTouchScreen=false, version=67.0.3396.99, platform=WIN8_1, browserConnectionEnabled=false, nativeEvents=true, acceptSslCerts=false, acceptInsecureCerts=false, locationContextEnabled=true, webStorageEnabled=true, browserName=chrome, takesScreenshot=true, javascriptEnabled=true, cssSelectorsEnabled=true, setWindowRect=true, unexpectedAlertBehaviour=}]
Session ID: 0310d83ee2a38065a6f344275d2497a3
Exception occured: org.openqa.selenium.TimeoutException: timeout
  (Session info: chrome=67.0.3396.99)
  (Driver info: chromedriver=2.40.565498 (ea082db3280dd6843ebfb08a625e3eb905c4f5ab),platform=Windows NT 6.3.9600 x86_64) (WARNING: The server did not provide any stacktrace information)
Command duration or timeout: 10.01 seconds
Build info: version: &apos;2.53.0&apos;, revision: &apos;35ae25b1534ae328c771e0856c93e187490ca824&apos;, time: &apos;2016-03-15 10:43:46&apos;
System info: host: &apos;Nikil&apos;, ip: &apos;192.168.254.4&apos;, os.name: &apos;Windows 8.1&apos;, os.arch: &apos;amd64&apos;, os.version: &apos;6.3&apos;, java.version: &apos;1.8.0_131&apos;
Driver info: org.openqa.selenium.chrome.ChromeDriver
Capabilities [{applicationCacheEnabled=false, rotatable=false, mobileEmulationEnabled=false, networkConnectionEnabled=false, chrome={chromedriverVersion=2.40.565498 (ea082db3280dd6843ebfb08a625e3eb905c4f5ab), userDataDir=C:\Users\NIKILK~1\AppData\Local\Temp\scoped_dir13332_9007}, takesHeapSnapshot=true, pageLoadStrategy=normal, databaseEnabled=false, handlesAlerts=true, hasTouchScreen=false, version=67.0.3396.99, platform=WIN8_1, browserConnectionEnabled=false, nativeEvents=true, acceptSslCerts=false, acceptInsecureCerts=false, locationContextEnabled=true, webStorageEnabled=true, browserName=chrome, takesScreenshot=true, javascriptEnabled=true, cssSelectorsEnabled=true, setWindowRect=true, unexpectedAlertBehaviour=}]
Session ID: 0310d83ee2a38065a6f344275d2497a3
Exception occured: org.openqa.selenium.TimeoutException: timeout
  (Session info: chrome=67.0.3396.99)
  (Driver info: chromedriver=2.40.565498 (ea082db3280dd6843ebfb08a625e3eb905c4f5ab),platform=Windows NT 6.3.9600 x86_64) (WARNING: The server did not provide any stacktrace information)
Command duration or timeout: 10.01 seconds
Build info: version: &apos;2.53.0&apos;, revision: &apos;35ae25b1534ae328c771e0856c93e187490ca824&apos;, time: &apos;2016-03-15 10:43:46&apos;
System info: host: &apos;Nikil&apos;, ip: &apos;192.168.254.4&apos;, os.name: &apos;Windows 8.1&apos;, os.arch: &apos;amd64&apos;, os.version: &apos;6.3&apos;, java.version: &apos;1.8.0_131&apos;
Driver info: org.openqa.selenium.chrome.ChromeDriver
Capabilities [{applicationCacheEnabled=false, rotatable=false, mobileEmulationEnabled=false, networkConnectionEnabled=false, chrome={chromedriverVersion=2.40.565498 (ea082db3280dd6843ebfb08a625e3eb905c4f5ab), userDataDir=C:\Users\NIKILK~1\AppData\Local\Temp\scoped_dir13332_9007}, takesHeapSnapshot=true, pageLoadStrategy=normal, databaseEnabled=false, handlesAlerts=true, hasTouchScreen=false, version=67.0.3396.99, platform=WIN8_1, browserConnectionEnabled=false, nativeEvents=true, acceptSslCerts=false, acceptInsecureCerts=false, locationContextEnabled=true, webStorageEnabled=true, browserName=chrome, takesScreenshot=true, javascriptEnabled=true, cssSelectorsEnabled=true, setWindowRect=true, unexpectedAlertBehaviour=}]
Session ID: 0310d83ee2a38065a6f344275d2497a3
Exception occured: org.openqa.selenium.TimeoutException: timeout
  (Session info: chrome=67.0.3396.99)
  (Driver info: chromedriver=2.40.565498 (ea082db3280dd6843ebfb08a625e3eb905c4f5ab),platform=Windows NT 6.3.9600 x86_64) (WARNING: The server did not provide any stacktrace information)
Command duration or timeout: 10.01 seconds
Build info: version: &apos;2.53.0&apos;, revision: &apos;35ae25b1534ae328c771e0856c93e187490ca824&apos;, time: &apos;2016-03-15 10:43:46&apos;
System info: host: &apos;Nikil&apos;, ip: &apos;192.168.254.4&apos;, os.name: &apos;Windows 8.1&apos;, os.arch: &apos;amd64&apos;, os.version: &apos;6.3&apos;, java.version: &apos;1.8.0_131&apos;
Driver info: org.openqa.selenium.chrome.ChromeDriver
Capabilities [{applicationCacheEnabled=false, rotatable=false, mobileEmulationEnabled=false, networkConnectionEnabled=false, chrome={chromedriverVersion=2.40.565498 (ea082db3280dd6843ebfb08a625e3eb905c4f5ab), userDataDir=C:\Users\NIKILK~1\AppData\Local\Temp\scoped_dir13332_9007}, takesHeapSnapshot=true, pageLoadStrategy=normal, databaseEnabled=false, handlesAlerts=true, hasTouchScreen=false, version=67.0.3396.99, platform=WIN8_1, browserConnectionEnabled=false, nativeEvents=true, acceptSslCerts=false, acceptInsecureCerts=false, locationContextEnabled=true, webStorageEnabled=true, browserName=chrome, takesScreenshot=true, javascriptEnabled=true, cssSelectorsEnabled=true, setWindowRect=true, unexpectedAlertBehaviour=}]
Session ID: 0310d83ee2a38065a6f344275d2497a3
Exception occured: org.openqa.selenium.TimeoutException: timeout
  (Session info: chrome=67.0.3396.99)
  (Driver info: chromedriver=2.40.565498 (ea082db3280dd6843ebfb08a625e3eb905c4f5ab),platform=Windows NT 6.3.9600 x86_64) (WARNING: The server did not provide any stacktrace information)
Command duration or timeout: 10.01 seconds
Build info: version: &apos;2.53.0&apos;, revision: &apos;35ae25b1534ae328c771e0856c93e187490ca824&apos;, time: &apos;2016-03-15 10:43:46&apos;
System info: host: &apos;Nikil&apos;, ip: &apos;192.168.254.4&apos;, os.name: &apos;Windows 8.1&apos;, os.arch: &apos;amd64&apos;, os.version: &apos;6.3&apos;, java.version: &apos;1.8.0_131&apos;
Driver info: org.openqa.selenium.chrome.ChromeDriver
Capabilities [{applicationCacheEnabled=false, rotatable=false, mobileEmulationEnabled=false, networkConnectionEnabled=false, chrome={chromedriverVersion=2.40.565498 (ea082db3280dd6843ebfb08a625e3eb905c4f5ab), userDataDir=C:\Users\NIKILK~1\AppData\Local\Temp\scoped_dir13332_9007}, takesHeapSnapshot=true, pageLoadStrategy=normal, databaseEnabled=false, handlesAlerts=true, hasTouchScreen=false, version=67.0.3396.99, platform=WIN8_1, browserConnectionEnabled=false, nativeEvents=true, acceptSslCerts=false, acceptInsecureCerts=false, locationContextEnabled=true, webStorageEnabled=true, browserName=chrome, takesScreenshot=true, javascriptEnabled=true, cssSelectorsEnabled=true, setWindowRect=true, unexpectedAlertBehaviour=}]
Session ID: 0310d83ee2a38065a6f344275d2497a3
Exception occured: org.openqa.selenium.TimeoutException: timeout
  (Session info: chrome=67.0.3396.99)
  (Driver info: chromedriver=2.40.565498 (ea082db3280dd6843ebfb08a625e3eb905c4f5ab),platform=Windows NT 6.3.9600 x86_64) (WARNING: The server did not provide any stacktrace information)
Command duration or timeout: 10.02 seconds
Build info: version: &apos;2.53.0&apos;, revision: &apos;35ae25b1534ae328c771e0856c93e187490ca824&apos;, time: &apos;2016-03-15 10:43:46&apos;
System info: host: &apos;Nikil&apos;, ip: &apos;192.168.254.4&apos;, os.name: &apos;Windows 8.1&apos;, os.arch: &apos;amd64&apos;, os.version: &apos;6.3&apos;, java.version: &apos;1.8.0_131&apos;
Driver info: org.openqa.selenium.chrome.ChromeDriver
Capabilities [{applicationCacheEnabled=false, rotatable=false, mobileEmulationEnabled=false, networkConnectionEnabled=false, chrome={chromedriverVersion=2.40.565498 (ea082db3280dd6843ebfb08a625e3eb905c4f5ab), userDataDir=C:\Users\NIKILK~1\AppData\Local\Temp\scoped_dir13332_9007}, takesHeapSnapshot=true, pageLoadStrategy=normal, databaseEnabled=false, handlesAlerts=true, hasTouchScreen=false, version=67.0.3396.99, platform=WIN8_1, browserConnectionEnabled=false, nativeEvents=true, acceptSslCerts=false, acceptInsecureCerts=false, locationContextEnabled=true, webStorageEnabled=true, browserName=chrome, takesScreenshot=true, javascriptEnabled=true, cssSelectorsEnabled=true, setWindowRect=true, unexpectedAlertBehaviour=}]
Session ID: 0310d83ee2a38065a6f344275d2497a3
Exception occured: org.openqa.selenium.TimeoutException: timeout
  (Session info: chrome=67.0.3396.99)
  (Driver info: chromedriver=2.40.565498 (ea082db3280dd6843ebfb08a625e3eb905c4f5ab),platform=Windows NT 6.3.9600 x86_64) (WARNING: The server did not provide any stacktrace information)
Command duration or timeout: 10.01 seconds
Build info: version: &apos;2.53.0&apos;, revision: &apos;35ae25b1534ae328c771e0856c93e187490ca824&apos;, time: &apos;2016-03-15 10:43:46&apos;
System info: host: &apos;Nikil&apos;, ip: &apos;192.168.254.4&apos;, os.name: &apos;Windows 8.1&apos;, os.arch: &apos;amd64&apos;, os.version: &apos;6.3&apos;, java.version: &apos;1.8.0_131&apos;
Driver info: org.openqa.selenium.chrome.ChromeDriver
Capabilities [{applicationCacheEnabled=false, rotatable=false, mobileEmulationEnabled=false, networkConnectionEnabled=false, chrome={chromedriverVersion=2.40.565498 (ea082db3280dd6843ebfb08a625e3eb905c4f5ab), userDataDir=C:\Users\NIKILK~1\AppData\Local\Temp\scoped_dir13332_9007}, takesHeapSnapshot=true, pageLoadStrategy=normal, databaseEnabled=false, handlesAlerts=true, hasTouchScreen=false, version=67.0.3396.99, platform=WIN8_1, browserConnectionEnabled=false, nativeEvents=true, acceptSslCerts=false, acceptInsecureCerts=false, locationContextEnabled=true, webStorageEnabled=true, browserName=chrome, takesScreenshot=true, javascriptEnabled=true, cssSelectorsEnabled=true, setWindowRect=true, unexpectedAlertBehaviour=}]
Session ID: 0310d83ee2a38065a6f344275d2497a3
Exception occured: org.openqa.selenium.TimeoutException: timeout
  (Session info: chrome=67.0.3396.99)
  (Driver info: chromedriver=2.40.565498 (ea082db3280dd6843ebfb08a625e3eb905c4f5ab),platform=Windows NT 6.3.9600 x86_64) (WARNING: The server did not provide any stacktrace information)
Command duration or timeout: 10.01 seconds
Build info: version: &apos;2.53.0&apos;, revision: &apos;35ae25b1534ae328c771e0856c93e187490ca824&apos;, time: &apos;2016-03-15 10:43:46&apos;
System info: host: &apos;Nikil&apos;, ip: &apos;192.168.254.4&apos;, os.name: &apos;Windows 8.1&apos;, os.arch: &apos;amd64&apos;, os.version: &apos;6.3&apos;, java.version: &apos;1.8.0_131&apos;
Driver info: org.openqa.selenium.chrome.ChromeDriver
Capabilities [{applicationCacheEnabled=false, rotatable=false, mobileEmulationEnabled=false, networkConnectionEnabled=false, chrome={chromedriverVersion=2.40.565498 (ea082db3280dd6843ebfb08a625e3eb905c4f5ab), userDataDir=C:\Users\NIKILK~1\AppData\Local\Temp\scoped_dir13332_9007}, takesHeapSnapshot=true, pageLoadStrategy=normal, databaseEnabled=false, handlesAlerts=true, hasTouchScreen=false, version=67.0.3396.99, platform=WIN8_1, browserConnectionEnabled=false, nativeEvents=true, acceptSslCerts=false, acceptInsecureCerts=false, locationContextEnabled=true, webStorageEnabled=true, browserName=chrome, takesScreenshot=true, javascriptEnabled=true, cssSelectorsEnabled=true, setWindowRect=true, unexpectedAlertBehaviour=}]
Session ID: 0310d83ee2a38065a6f344275d2497a3
Exception occured: org.openqa.selenium.TimeoutException: timeout
  (Session info: chrome=67.0.3396.99)
  (Driver info: chromedriver=2.40.565498 (ea082db3280dd6843ebfb08a625e3eb905c4f5ab),platform=Windows NT 6.3.9600 x86_64) (WARNING: The server did not provide any stacktrace information)
Command duration or timeout: 10.01 seconds
Build info: version: &apos;2.53.0&apos;, revision: &apos;35ae25b1534ae328c771e0856c93e187490ca824&apos;, time: &apos;2016-03-15 10:43:46&apos;
System info: host: &apos;Nikil&apos;, ip: &apos;192.168.254.4&apos;, os.name: &apos;Windows 8.1&apos;, os.arch: &apos;amd64&apos;, os.version: &apos;6.3&apos;, java.version: &apos;1.8.0_131&apos;
Driver info: org.openqa.selenium.chrome.ChromeDriver
Capabilities [{applicationCacheEnabled=false, rotatable=false, mobileEmulationEnabled=false, networkConnectionEnabled=false, chrome={chromedriverVersion=2.40.565498 (ea082db3280dd6843ebfb08a625e3eb905c4f5ab), userDataDir=C:\Users\NIKILK~1\AppData\Local\Temp\scoped_dir13332_9007}, takesHeapSnapshot=true, pageLoadStrategy=normal, databaseEnabled=false, handlesAlerts=true, hasTouchScreen=false, version=67.0.3396.99, platform=WIN8_1, browserConnectionEnabled=false, nativeEvents=true, acceptSslCerts=false, acceptInsecureCerts=false, locationContextEnabled=true, webStorageEnabled=true, browserName=chrome, takesScreenshot=true, javascriptEnabled=true, cssSelectorsEnabled=true, setWindowRect=true, unexpectedAlertBehaviour=}]
Session ID: 0310d83ee2a38065a6f344275d2497a3
Exception occured: org.openqa.selenium.TimeoutException: timeout
  (Session info: chrome=67.0.3396.99)
  (Driver info: chromedriver=2.40.565498 (ea082db3280dd6843ebfb08a625e3eb905c4f5ab),platform=Windows NT 6.3.9600 x86_64) (WARNING: The server did not provide any stacktrace information)
Command duration or timeout: 10.01 seconds
Build info: version: &apos;2.53.0&apos;, revision: &apos;35ae25b1534ae328c771e0856c93e187490ca824&apos;, time: &apos;2016-03-15 10:43:46&apos;
System info: host: &apos;Nikil&apos;, ip: &apos;192.168.254.4&apos;, os.name: &apos;Windows 8.1&apos;, os.arch: &apos;amd64&apos;, os.version: &apos;6.3&apos;, java.version: &apos;1.8.0_131&apos;
Driver info: org.openqa.selenium.chrome.ChromeDriver
Capabilities [{applicationCacheEnabled=false, rotatable=false, mobileEmulationEnabled=false, networkConnectionEnabled=false, chrome={chromedriverVersion=2.40.565498 (ea082db3280dd6843ebfb08a625e3eb905c4f5ab), userDataDir=C:\Users\NIKILK~1\AppData\Local\Temp\scoped_dir13332_9007}, takesHeapSnapshot=true, pageLoadStrategy=normal, databaseEnabled=false, handlesAlerts=true, hasTouchScreen=false, version=67.0.3396.99, platform=WIN8_1, browserConnectionEnabled=false, nativeEvents=true, acceptSslCerts=false, acceptInsecureCerts=false, locationContextEnabled=true, webStorageEnabled=true, browserName=chrome, takesScreenshot=true, javascriptEnabled=true, cssSelectorsEnabled=true, setWindowRect=true, unexpectedAlertBehaviour=}]
Session ID: 0310d83ee2a38065a6f344275d2497a3
Exception occured: org.openqa.selenium.TimeoutException: timeout
  (Session info: chrome=67.0.3396.99)
  (Driver info: chromedriver=2.40.565498 (ea082db3280dd6843ebfb08a625e3eb905c4f5ab),platform=Windows NT 6.3.9600 x86_64) (WARNING: The server did not provide any stacktrace information)
Command duration or timeout: 10.01 seconds
Build info: version: &apos;2.53.0&apos;, revision: &apos;35ae25b1534ae328c771e0856c93e187490ca824&apos;, time: &apos;2016-03-15 10:43:46&apos;
System info: host: &apos;Nikil&apos;, ip: &apos;192.168.254.4&apos;, os.name: &apos;Windows 8.1&apos;, os.arch: &apos;amd64&apos;, os.version: &apos;6.3&apos;, java.version: &apos;1.8.0_131&apos;
Driver info: org.openqa.selenium.chrome.ChromeDriver
Capabilities [{applicationCacheEnabled=false, rotatable=false, mobileEmulationEnabled=false, networkConnectionEnabled=false, chrome={chromedriverVersion=2.40.565498 (ea082db3280dd6843ebfb08a625e3eb905c4f5ab), userDataDir=C:\Users\NIKILK~1\AppData\Local\Temp\scoped_dir13332_9007}, takesHeapSnapshot=true, pageLoadStrategy=normal, databaseEnabled=false, handlesAlerts=true, hasTouchScreen=false, version=67.0.3396.99, platform=WIN8_1, browserConnectionEnabled=false, nativeEvents=true, acceptSslCerts=false, acceptInsecureCerts=false, locationContextEnabled=true, webStorageEnabled=true, browserName=chrome, takesScreenshot=true, javascriptEnabled=true, cssSelectorsEnabled=true, setWindowRect=true, unexpectedAlertBehaviour=}]
Session ID: 0310d83ee2a38065a6f344275d2497a3
Exception occured: org.openqa.selenium.TimeoutException: timeout
  (Session info: chrome=67.0.3396.99)
  (Driver info: chromedriver=2.40.565498 (ea082db3280dd6843ebfb08a625e3eb905c4f5ab),platform=Windows NT 6.3.9600 x86_64) (WARNING: The server did not provide any stacktrace information)
Command duration or timeout: 10.01 seconds
Build info: version: &apos;2.53.0&apos;, revision: &apos;35ae25b1534ae328c771e0856c93e187490ca824&apos;, time: &apos;2016-03-15 10:43:46&apos;
System info: host: &apos;Nikil&apos;, ip: &apos;192.168.254.4&apos;, os.name: &apos;Windows 8.1&apos;, os.arch: &apos;amd64&apos;, os.version: &apos;6.3&apos;, java.version: &apos;1.8.0_131&apos;
Driver info: org.openqa.selenium.chrome.ChromeDriver
Capabilities [{applicationCacheEnabled=false, rotatable=false, mobileEmulationEnabled=false, networkConnectionEnabled=false, chrome={chromedriverVersion=2.40.565498 (ea082db3280dd6843ebfb08a625e3eb905c4f5ab), userDataDir=C:\Users\NIKILK~1\AppData\Local\Temp\scoped_dir13332_9007}, takesHeapSnapshot=true, pageLoadStrategy=normal, databaseEnabled=false, handlesAlerts=true, hasTouchScreen=false, version=67.0.3396.99, platform=WIN8_1, browserConnectionEnabled=false, nativeEvents=true, acceptSslCerts=false, acceptInsecureCerts=false, locationContextEnabled=true, webStorageEnabled=true, browserName=chrome, takesScreenshot=true, javascriptEnabled=true, cssSelectorsEnabled=true, setWindowRect=true, unexpectedAlertBehaviour=}]
Session ID: 0310d83ee2a38065a6f344275d2497a3
Exception occured: org.openqa.selenium.TimeoutException: timeout
  (Session info: chrome=67.0.3396.99)
  (Driver info: chromedriver=2.40.565498 (ea082db3280dd6843ebfb08a625e3eb905c4f5ab),platform=Windows NT 6.3.9600 x86_64) (WARNING: The server did not provide any stacktrace information)
Command duration or timeout: 10.01 seconds
Build info: version: &apos;2.53.0&apos;, revision: &apos;35ae25b1534ae328c771e0856c93e187490ca824&apos;, time: &apos;2016-03-15 10:43:46&apos;
System info: host: &apos;Nikil&apos;, ip: &apos;192.168.254.4&apos;, os.name: &apos;Windows 8.1&apos;, os.arch: &apos;amd64&apos;, os.version: &apos;6.3&apos;, java.version: &apos;1.8.0_131&apos;
Driver info: org.openqa.selenium.chrome.ChromeDriver
Capabilities [{applicationCacheEnabled=false, rotatable=false, mobileEmulationEnabled=false, networkConnectionEnabled=false, chrome={chromedriverVersion=2.40.565498 (ea082db3280dd6843ebfb08a625e3eb905c4f5ab), userDataDir=C:\Users\NIKILK~1\AppData\Local\Temp\scoped_dir13332_9007}, takesHeapSnapshot=true, pageLoadStrategy=normal, databaseEnabled=false, handlesAlerts=true, hasTouchScreen=false, version=67.0.3396.99, platform=WIN8_1, browserConnectionEnabled=false, nativeEvents=true, acceptSslCerts=false, acceptInsecureCerts=false, locationContextEnabled=true, webStorageEnabled=true, browserName=chrome, takesScreenshot=true, javascriptEnabled=true, cssSelectorsEnabled=true, setWindowRect=true, unexpectedAlertBehaviour=}]
Session ID: 0310d83ee2a38065a6f344275d2497a3
Exception occured: org.openqa.selenium.TimeoutException: timeout
  (Session info: chrome=67.0.3396.99)
  (Driver info: chromedriver=2.40.565498 (ea082db3280dd6843ebfb08a625e3eb905c4f5ab),platform=Windows NT 6.3.9600 x86_64) (WARNING: The server did not provide any stacktrace information)
Command duration or timeout: 10.01 seconds
Build info: version: &apos;2.53.0&apos;, revision: &apos;35ae25b1534ae328c771e0856c93e187490ca824&apos;, time: &apos;2016-03-15 10:43:46&apos;
System info: host: &apos;Nikil&apos;, ip: &apos;192.168.254.4&apos;, os.name: &apos;Windows 8.1&apos;, os.arch: &apos;amd64&apos;, os.version: &apos;6.3&apos;, java.version: &apos;1.8.0_131&apos;
Driver info: org.openqa.selenium.chrome.ChromeDriver
Capabilities [{applicationCacheEnabled=false, rotatable=false, mobileEmulationEnabled=false, networkConnectionEnabled=false, chrome={chromedriverVersion=2.40.565498 (ea082db3280dd6843ebfb08a625e3eb905c4f5ab), userDataDir=C:\Users\NIKILK~1\AppData\Local\Temp\scoped_dir13332_9007}, takesHeapSnapshot=true, pageLoadStrategy=normal, databaseEnabled=false, handlesAlerts=true, hasTouchScreen=false, version=67.0.3396.99, platform=WIN8_1, browserConnectionEnabled=false, nativeEvents=true, acceptSslCerts=false, acceptInsecureCerts=false, locationContextEnabled=true, webStorageEnabled=true, browserName=chrome, takesScreenshot=true, javascriptEnabled=true, cssSelectorsEnabled=true, setWindowRect=true, unexpectedAlertBehaviour=}]
Session ID: 0310d83ee2a38065a6f344275d2497a3
Exception occured: org.openqa.selenium.TimeoutException: timeout
  (Session info: chrome=67.0.3396.99)
  (Driver info: chromedriver=2.40.565498 (ea082db3280dd6843ebfb08a625e3eb905c4f5ab),platform=Windows NT 6.3.9600 x86_64) (WARNING: The server did not provide any stacktrace information)
Command duration or timeout: 10.01 seconds
Build info: version: &apos;2.53.0&apos;, revision: &apos;35ae25b1534ae328c771e0856c93e187490ca824&apos;, time: &apos;2016-03-15 10:43:46&apos;
System info: host: &apos;Nikil&apos;, ip: &apos;192.168.254.4&apos;, os.name: &apos;Windows 8.1&apos;, os.arch: &apos;amd64&apos;, os.version: &apos;6.3&apos;, java.version: &apos;1.8.0_131&apos;
Driver info: org.openqa.selenium.chrome.ChromeDriver
Capabilities [{applicationCacheEnabled=false, rotatable=false, mobileEmulationEnabled=false, networkConnectionEnabled=false, chrome={chromedriverVersion=2.40.565498 (ea082db3280dd6843ebfb08a625e3eb905c4f5ab), userDataDir=C:\Users\NIKILK~1\AppData\Local\Temp\scoped_dir13332_9007}, takesHeapSnapshot=true, pageLoadStrategy=normal, databaseEnabled=false, handlesAlerts=true, hasTouchScreen=false, version=67.0.3396.99, platform=WIN8_1, browserConnectionEnabled=false, nativeEvents=true, acceptSslCerts=false, acceptInsecureCerts=false, locationContextEnabled=true, webStorageEnabled=true, browserName=chrome, takesScreenshot=true, javascriptEnabled=true, cssSelectorsEnabled=true, setWindowRect=true, unexpectedAlertBehaviour=}]
Session ID: 0310d83ee2a38065a6f344275d2497a3
Exception occured: org.openqa.selenium.TimeoutException: timeout
  (Session info: chrome=67.0.3396.99)
  (Driver info: chromedriver=2.40.565498 (ea082db3280dd6843ebfb08a625e3eb905c4f5ab),platform=Windows NT 6.3.9600 x86_64) (WARNING: The server did not provide any stacktrace information)
Command duration or timeout: 10.01 seconds
Build info: version: &apos;2.53.0&apos;, revision: &apos;35ae25b1534ae328c771e0856c93e187490ca824&apos;, time: &apos;2016-03-15 10:43:46&apos;
System info: host: &apos;Nikil&apos;, ip: &apos;192.168.254.4&apos;, os.name: &apos;Windows 8.1&apos;, os.arch: &apos;amd64&apos;, os.version: &apos;6.3&apos;, java.version: &apos;1.8.0_131&apos;
Driver info: org.openqa.selenium.chrome.ChromeDriver
Capabilities [{applicationCacheEnabled=false, rotatable=false, mobileEmulationEnabled=false, networkConnectionEnabled=false, chrome={chromedriverVersion=2.40.565498 (ea082db3280dd6843ebfb08a625e3eb905c4f5ab), userDataDir=C:\Users\NIKILK~1\AppData\Local\Temp\scoped_dir13332_9007}, takesHeapSnapshot=true, pageLoadStrategy=normal, databaseEnabled=false, handlesAlerts=true, hasTouchScreen=false, version=67.0.3396.99, platform=WIN8_1, browserConnectionEnabled=false, nativeEvents=true, acceptSslCerts=false, acceptInsecureCerts=false, locationContextEnabled=true, webStorageEnabled=true, browserName=chrome, takesScreenshot=true, javascriptEnabled=true, cssSelectorsEnabled=true, setWindowRect=true, unexpectedAlertBehaviour=}]
Session ID: 0310d83ee2a38065a6f344275d2497a3
Exception occured: org.openqa.selenium.TimeoutException: timeout
  (Session info: chrome=67.0.3396.99)
  (Driver info: chromedriver=2.40.565498 (ea082db3280dd6843ebfb08a625e3eb905c4f5ab),platform=Windows NT 6.3.9600 x86_64) (WARNING: The server did not provide any stacktrace information)
Command duration or timeout: 10.01 seconds
Build info: version: &apos;2.53.0&apos;, revision: &apos;35ae25b1534ae328c771e0856c93e187490ca824&apos;, time: &apos;2016-03-15 10:43:46&apos;
System info: host: &apos;Nikil&apos;, ip: &apos;192.168.254.4&apos;, os.name: &apos;Windows 8.1&apos;, os.arch: &apos;amd64&apos;, os.version: &apos;6.3&apos;, java.version: &apos;1.8.0_131&apos;
Driver info: org.openqa.selenium.chrome.ChromeDriver
Capabilities [{applicationCacheEnabled=false, rotatable=false, mobileEmulationEnabled=false, networkConnectionEnabled=false, chrome={chromedriverVersion=2.40.565498 (ea082db3280dd6843ebfb08a625e3eb905c4f5ab), userDataDir=C:\Users\NIKILK~1\AppData\Local\Temp\scoped_dir13332_9007}, takesHeapSnapshot=true, pageLoadStrategy=normal, databaseEnabled=false, handlesAlerts=true, hasTouchScreen=false, version=67.0.3396.99, platform=WIN8_1, browserConnectionEnabled=false, nativeEvents=true, acceptSslCerts=false, acceptInsecureCerts=false, locationContextEnabled=true, webStorageEnabled=true, browserName=chrome, takesScreenshot=true, javascriptEnabled=true, cssSelectorsEnabled=true, setWindowRect=true, unexpectedAlertBehaviour=}]
Session ID: 0310d83ee2a38065a6f344275d2497a3
Exception occured: org.openqa.selenium.TimeoutException: timeout
  (Session info: chrome=67.0.3396.99)
  (Driver info: chromedriver=2.40.565498 (ea082db3280dd6843ebfb08a625e3eb905c4f5ab),platform=Windows NT 6.3.9600 x86_64) (WARNING: The server did not provide any stacktrace information)
Command duration or timeout: 10.01 seconds
Build info: version: &apos;2.53.0&apos;, revision: &apos;35ae25b1534ae328c771e0856c93e187490ca824&apos;, time: &apos;2016-03-15 10:43:46&apos;
System info: host: &apos;Nikil&apos;, ip: &apos;192.168.254.4&apos;, os.name: &apos;Windows 8.1&apos;, os.arch: &apos;amd64&apos;, os.version: &apos;6.3&apos;, java.version: &apos;1.8.0_131&apos;
Driver info: org.openqa.selenium.chrome.ChromeDriver
Capabilities [{applicationCacheEnabled=false, rotatable=false, mobileEmulationEnabled=false, networkConnectionEnabled=false, chrome={chromedriverVersion=2.40.565498 (ea082db3280dd6843ebfb08a625e3eb905c4f5ab), userDataDir=C:\Users\NIKILK~1\AppData\Local\Temp\scoped_dir13332_9007}, takesHeapSnapshot=true, pageLoadStrategy=normal, databaseEnabled=false, handlesAlerts=true, hasTouchScreen=false, version=67.0.3396.99, platform=WIN8_1, browserConnectionEnabled=false, nativeEvents=true, acceptSslCerts=false, acceptInsecureCerts=false, locationContextEnabled=true, webStorageEnabled=true, browserName=chrome, takesScreenshot=true, javascriptEnabled=true, cssSelectorsEnabled=true, setWindowRect=true, unexpectedAlertBehaviour=}]
Session ID: 0310d83ee2a38065a6f344275d2497a3
Exception occured: org.openqa.selenium.TimeoutException: timeout
  (Session info: chrome=67.0.3396.99)
  (Driver info: chromedriver=2.40.565498 (ea082db3280dd6843ebfb08a625e3eb905c4f5ab),platform=Windows NT 6.3.9600 x86_64) (WARNING: The server did not provide any stacktrace information)
Command duration or timeout: 10.01 seconds
Build info: version: &apos;2.53.0&apos;, revision: &apos;35ae25b1534ae328c771e0856c93e187490ca824&apos;, time: &apos;2016-03-15 10:43:46&apos;
System info: host: &apos;Nikil&apos;, ip: &apos;192.168.254.4&apos;, os.name: &apos;Windows 8.1&apos;, os.arch: &apos;amd64&apos;, os.version: &apos;6.3&apos;, java.version: &apos;1.8.0_131&apos;
Driver info: org.openqa.selenium.chrome.ChromeDriver
Capabilities [{applicationCacheEnabled=false, rotatable=false, mobileEmulationEnabled=false, networkConnectionEnabled=false, chrome={chromedriverVersion=2.40.565498 (ea082db3280dd6843ebfb08a625e3eb905c4f5ab), userDataDir=C:\Users\NIKILK~1\AppData\Local\Temp\scoped_dir13332_9007}, takesHeapSnapshot=true, pageLoadStrategy=normal, databaseEnabled=false, handlesAlerts=true, hasTouchScreen=false, version=67.0.3396.99, platform=WIN8_1, browserConnectionEnabled=false, nativeEvents=true, acceptSslCerts=false, acceptInsecureCerts=false, locationContextEnabled=true, webStorageEnabled=true, browserName=chrome, takesScreenshot=true, javascriptEnabled=true, cssSelectorsEnabled=true, setWindowRect=true, unexpectedAlertBehaviour=}]
Session ID: 0310d83ee2a38065a6f344275d2497a3
Exception occured: org.openqa.selenium.TimeoutException: timeout
  (Session info: chrome=67.0.3396.99)
  (Driver info: chromedriver=2.40.565498 (ea082db3280dd6843ebfb08a625e3eb905c4f5ab),platform=Windows NT 6.3.9600 x86_64) (WARNING: The server did not provide any stacktrace information)
Command duration or timeout: 10.01 seconds
Build info: version: &apos;2.53.0&apos;, revision: &apos;35ae25b1534ae328c771e0856c93e187490ca824&apos;, time: &apos;2016-03-15 10:43:46&apos;
System info: host: &apos;Nikil&apos;, ip: &apos;192.168.254.4&apos;, os.name: &apos;Windows 8.1&apos;, os.arch: &apos;amd64&apos;, os.version: &apos;6.3&apos;, java.version: &apos;1.8.0_131&apos;
Driver info: org.openqa.selenium.chrome.ChromeDriver
Capabilities [{applicationCacheEnabled=false, rotatable=false, mobileEmulationEnabled=false, networkConnectionEnabled=false, chrome={chromedriverVersion=2.40.565498 (ea082db3280dd6843ebfb08a625e3eb905c4f5ab), userDataDir=C:\Users\NIKILK~1\AppData\Local\Temp\scoped_dir13332_9007}, takesHeapSnapshot=true, pageLoadStrategy=normal, databaseEnabled=false, handlesAlerts=true, hasTouchScreen=false, version=67.0.3396.99, platform=WIN8_1, browserConnectionEnabled=false, nativeEvents=true, acceptSslCerts=false, acceptInsecureCerts=false, locationContextEnabled=true, webStorageEnabled=true, browserName=chrome, takesScreenshot=true, javascriptEnabled=true, cssSelectorsEnabled=true, setWindowRect=true, unexpectedAlertBehaviour=}]
Session ID: 0310d83ee2a38065a6f344275d2497a3
Exception occured: org.openqa.selenium.TimeoutException: timeout
  (Session info: chrome=67.0.3396.99)
  (Driver info: chromedriver=2.40.565498 (ea082db3280dd6843ebfb08a625e3eb905c4f5ab),platform=Windows NT 6.3.9600 x86_64) (WARNING: The server did not provide any stacktrace information)
Command duration or timeout: 10.01 seconds
Build info: version: &apos;2.53.0&apos;, revision: &apos;35ae25b1534ae328c771e0856c93e187490ca824&apos;, time: &apos;2016-03-15 10:43:46&apos;
System info: host: &apos;Nikil&apos;, ip: &apos;192.168.254.4&apos;, os.name: &apos;Windows 8.1&apos;, os.arch: &apos;amd64&apos;, os.version: &apos;6.3&apos;, java.version: &apos;1.8.0_131&apos;
Driver info: org.openqa.selenium.chrome.ChromeDriver
Capabilities [{applicationCacheEnabled=false, rotatable=false, mobileEmulationEnabled=false, networkConnectionEnabled=false, chrome={chromedriverVersion=2.40.565498 (ea082db3280dd6843ebfb08a625e3eb905c4f5ab), userDataDir=C:\Users\NIKILK~1\AppData\Local\Temp\scoped_dir13332_9007}, takesHeapSnapshot=true, pageLoadStrategy=normal, databaseEnabled=false, handlesAlerts=true, hasTouchScreen=false, version=67.0.3396.99, platform=WIN8_1, browserConnectionEnabled=false, nativeEvents=true, acceptSslCerts=false, acceptInsecureCerts=false, locationContextEnabled=true, webStorageEnabled=true, browserName=chrome, takesScreenshot=true, javascriptEnabled=true, cssSelectorsEnabled=true, setWindowRect=true, unexpectedAlertBehaviour=}]
Session ID: 0310d83ee2a38065a6f344275d2497a3
Exception occured: org.openqa.selenium.TimeoutException: timeout
  (Session info: chrome=67.0.3396.99)
  (Driver info: chromedriver=2.40.565498 (ea082db3280dd6843ebfb08a625e3eb905c4f5ab),platform=Windows NT 6.3.9600 x86_64) (WARNING: The server did not provide any stacktrace information)
Command duration or timeout: 10.01 seconds
Build info: version: &apos;2.53.0&apos;, revision: &apos;35ae25b1534ae328c771e0856c93e187490ca824&apos;, time: &apos;2016-03-15 10:43:46&apos;
System info: host: &apos;Nikil&apos;, ip: &apos;192.168.254.4&apos;, os.name: &apos;Windows 8.1&apos;, os.arch: &apos;amd64&apos;, os.version: &apos;6.3&apos;, java.version: &apos;1.8.0_131&apos;
Driver info: org.openqa.selenium.chrome.ChromeDriver
Capabilities [{applicationCacheEnabled=false, rotatable=false, mobileEmulationEnabled=false, networkConnectionEnabled=false, chrome={chromedriverVersion=2.40.565498 (ea082db3280dd6843ebfb08a625e3eb905c4f5ab), userDataDir=C:\Users\NIKILK~1\AppData\Local\Temp\scoped_dir13332_9007}, takesHeapSnapshot=true, pageLoadStrategy=normal, databaseEnabled=false, handlesAlerts=true, hasTouchScreen=false, version=67.0.3396.99, platform=WIN8_1, browserConnectionEnabled=false, nativeEvents=true, acceptSslCerts=false, acceptInsecureCerts=false, locationContextEnabled=true, webStorageEnabled=true, browserName=chrome, takesScreenshot=true, javascriptEnabled=true, cssSelectorsEnabled=true, setWindowRect=true, unexpectedAlertBehaviour=}]
Session ID: 0310d83ee2a38065a6f344275d2497a3
Exception occured: org.openqa.selenium.TimeoutException: timeout
  (Session info: chrome=67.0.3396.99)
  (Driver info: chromedriver=2.40.565498 (ea082db3280dd6843ebfb08a625e3eb905c4f5ab),platform=Windows NT 6.3.9600 x86_64) (WARNING: The server did not provide any stacktrace information)
Command duration or timeout: 10.01 seconds
Build info: version: &apos;2.53.0&apos;, revision: &apos;35ae25b1534ae328c771e0856c93e187490ca824&apos;, time: &apos;2016-03-15 10:43:46&apos;
System info: host: &apos;Nikil&apos;, ip: &apos;192.168.254.4&apos;, os.name: &apos;Windows 8.1&apos;, os.arch: &apos;amd64&apos;, os.version: &apos;6.3&apos;, java.version: &apos;1.8.0_131&apos;
Driver info: org.openqa.selenium.chrome.ChromeDriver
Capabilities [{applicationCacheEnabled=false, rotatable=false, mobileEmulationEnabled=false, networkConnectionEnabled=false, chrome={chromedriverVersion=2.40.565498 (ea082db3280dd6843ebfb08a625e3eb905c4f5ab), userDataDir=C:\Users\NIKILK~1\AppData\Local\Temp\scoped_dir13332_9007}, takesHeapSnapshot=true, pageLoadStrategy=normal, databaseEnabled=false, handlesAlerts=true, hasTouchScreen=false, version=67.0.3396.99, platform=WIN8_1, browserConnectionEnabled=false, nativeEvents=true, acceptSslCerts=false, acceptInsecureCerts=false, locationContextEnabled=true, webStorageEnabled=true, browserName=chrome, takesScreenshot=true, javascriptEnabled=true, cssSelectorsEnabled=true, setWindowRect=true, unexpectedAlertBehaviour=}]
Session ID: 0310d83ee2a38065a6f344275d2497a3
Exception occured: org.openqa.selenium.TimeoutException: timeout
  (Session info: chrome=67.0.3396.99)
  (Driver info: chromedriver=2.40.565498 (ea082db3280dd6843ebfb08a625e3eb905c4f5ab),platform=Windows NT 6.3.9600 x86_64) (WARNING: The server did not provide any stacktrace information)
Command duration or timeout: 10.01 seconds
Build info: version: &apos;2.53.0&apos;, revision: &apos;35ae25b1534ae328c771e0856c93e187490ca824&apos;, time: &apos;2016-03-15 10:43:46&apos;
System info: host: &apos;Nikil&apos;, ip: &apos;192.168.254.4&apos;, os.name: &apos;Windows 8.1&apos;, os.arch: &apos;amd64&apos;, os.version: &apos;6.3&apos;, java.version: &apos;1.8.0_131&apos;
Driver info: org.openqa.selenium.chrome.ChromeDriver
Capabilities [{applicationCacheEnabled=false, rotatable=false, mobileEmulationEnabled=false, networkConnectionEnabled=false, chrome={chromedriverVersion=2.40.565498 (ea082db3280dd6843ebfb08a625e3eb905c4f5ab), userDataDir=C:\Users\NIKILK~1\AppData\Local\Temp\scoped_dir13332_9007}, takesHeapSnapshot=true, pageLoadStrategy=normal, databaseEnabled=false, handlesAlerts=true, hasTouchScreen=false, version=67.0.3396.99, platform=WIN8_1, browserConnectionEnabled=false, nativeEvents=true, acceptSslCerts=false, acceptInsecureCerts=false, locationContextEnabled=true, webStorageEnabled=true, browserName=chrome, takesScreenshot=true, javascriptEnabled=true, cssSelectorsEnabled=true, setWindowRect=true, unexpectedAlertBehaviour=}]
Session ID: 0310d83ee2a38065a6f344275d2497a3
Exception occured: org.openqa.selenium.TimeoutException: timeout
  (Session info: chrome=67.0.3396.99)
  (Driver info: chromedriver=2.40.565498 (ea082db3280dd6843ebfb08a625e3eb905c4f5ab),platform=Windows NT 6.3.9600 x86_64) (WARNING: The server did not provide any stacktrace information)
Command duration or timeout: 10.01 seconds
Build info: version: &apos;2.53.0&apos;, revision: &apos;35ae25b1534ae328c771e0856c93e187490ca824&apos;, time: &apos;2016-03-15 10:43:46&apos;
System info: host: &apos;Nikil&apos;, ip: &apos;192.168.254.4&apos;, os.name: &apos;Windows 8.1&apos;, os.arch: &apos;amd64&apos;, os.version: &apos;6.3&apos;, java.version: &apos;1.8.0_131&apos;
Driver info: org.openqa.selenium.chrome.ChromeDriver
Capabilities [{applicationCacheEnabled=false, rotatable=false, mobileEmulationEnabled=false, networkConnectionEnabled=false, chrome={chromedriverVersion=2.40.565498 (ea082db3280dd6843ebfb08a625e3eb905c4f5ab), userDataDir=C:\Users\NIKILK~1\AppData\Local\Temp\scoped_dir13332_9007}, takesHeapSnapshot=true, pageLoadStrategy=normal, databaseEnabled=false, handlesAlerts=true, hasTouchScreen=false, version=67.0.3396.99, platform=WIN8_1, browserConnectionEnabled=false, nativeEvents=true, acceptSslCerts=false, acceptInsecureCerts=false, locationContextEnabled=true, webStorageEnabled=true, browserName=chrome, takesScreenshot=true, javascriptEnabled=true, cssSelectorsEnabled=true, setWindowRect=true, unexpectedAlertBehaviour=}]
Session ID: 0310d83ee2a38065a6f344275d2497a3
Exception occured: org.openqa.selenium.TimeoutException: timeout
  (Session info: chrome=67.0.3396.99)
  (Driver info: chromedriver=2.40.565498 (ea082db3280dd6843ebfb08a625e3eb905c4f5ab),platform=Windows NT 6.3.9600 x86_64) (WARNING: The server did not provide any stacktrace information)
Command duration or timeout: 10.01 seconds
Build info: version: &apos;2.53.0&apos;, revision: &apos;35ae25b1534ae328c771e0856c93e187490ca824&apos;, time: &apos;2016-03-15 10:43:46&apos;
System info: host: &apos;Nikil&apos;, ip: &apos;192.168.254.4&apos;, os.name: &apos;Windows 8.1&apos;, os.arch: &apos;amd64&apos;, os.version: &apos;6.3&apos;, java.version: &apos;1.8.0_131&apos;
Driver info: org.openqa.selenium.chrome.ChromeDriver
Capabilities [{applicationCacheEnabled=false, rotatable=false, mobileEmulationEnabled=false, networkConnectionEnabled=false, chrome={chromedriverVersion=2.40.565498 (ea082db3280dd6843ebfb08a625e3eb905c4f5ab), userDataDir=C:\Users\NIKILK~1\AppData\Local\Temp\scoped_dir13332_9007}, takesHeapSnapshot=true, pageLoadStrategy=normal, databaseEnabled=false, handlesAlerts=true, hasTouchScreen=false, version=67.0.3396.99, platform=WIN8_1, browserConnectionEnabled=false, nativeEvents=true, acceptSslCerts=false, acceptInsecureCerts=false, locationContextEnabled=true, webStorageEnabled=true, browserName=chrome, takesScreenshot=true, javascriptEnabled=true, cssSelectorsEnabled=true, setWindowRect=true, unexpectedAlertBehaviour=}]
Session ID: 0310d83ee2a38065a6f344275d2497a3
Exception occured: org.openqa.selenium.TimeoutException: timeout
  (Session info: chrome=67.0.3396.99)
  (Driver info: chromedriver=2.40.565498 (ea082db3280dd6843ebfb08a625e3eb905c4f5ab),platform=Windows NT 6.3.9600 x86_64) (WARNING: The server did not provide any stacktrace information)
Command duration or timeout: 10.01 seconds
Build info: version: &apos;2.53.0&apos;, revision: &apos;35ae25b1534ae328c771e0856c93e187490ca824&apos;, time: &apos;2016-03-15 10:43:46&apos;
System info: host: &apos;Nikil&apos;, ip: &apos;192.168.254.4&apos;, os.name: &apos;Windows 8.1&apos;, os.arch: &apos;amd64&apos;, os.version: &apos;6.3&apos;, java.version: &apos;1.8.0_131&apos;
Driver info: org.openqa.selenium.chrome.ChromeDriver
Capabilities [{applicationCacheEnabled=false, rotatable=false, mobileEmulationEnabled=false, networkConnectionEnabled=false, chrome={chromedriverVersion=2.40.565498 (ea082db3280dd6843ebfb08a625e3eb905c4f5ab), userDataDir=C:\Users\NIKILK~1\AppData\Local\Temp\scoped_dir13332_9007}, takesHeapSnapshot=true, pageLoadStrategy=normal, databaseEnabled=false, handlesAlerts=true, hasTouchScreen=false, version=67.0.3396.99, platform=WIN8_1, browserConnectionEnabled=false, nativeEvents=true, acceptSslCerts=false, acceptInsecureCerts=false, locationContextEnabled=true, webStorageEnabled=true, browserName=chrome, takesScreenshot=true, javascriptEnabled=true, cssSelectorsEnabled=true, setWindowRect=true, unexpectedAlertBehaviour=}]
Session ID: 0310d83ee2a38065a6f344275d2497a3
Exception occured: org.openqa.selenium.TimeoutException: timeout
  (Session info: chrome=67.0.3396.99)
  (Driver info: chromedriver=2.40.565498 (ea082db3280dd6843ebfb08a625e3eb905c4f5ab),platform=Windows NT 6.3.9600 x86_64) (WARNING: The server did not provide any stacktrace information)
Command duration or timeout: 10.01 seconds
Build info: version: &apos;2.53.0&apos;, revision: &apos;35ae25b1534ae328c771e0856c93e187490ca824&apos;, time: &apos;2016-03-15 10:43:46&apos;
System info: host: &apos;Nikil&apos;, ip: &apos;192.168.254.4&apos;, os.name: &apos;Windows 8.1&apos;, os.arch: &apos;amd64&apos;, os.version: &apos;6.3&apos;, java.version: &apos;1.8.0_131&apos;
Driver info: org.openqa.selenium.chrome.ChromeDriver
Capabilities [{applicationCacheEnabled=false, rotatable=false, mobileEmulationEnabled=false, networkConnectionEnabled=false, chrome={chromedriverVersion=2.40.565498 (ea082db3280dd6843ebfb08a625e3eb905c4f5ab), userDataDir=C:\Users\NIKILK~1\AppData\Local\Temp\scoped_dir13332_9007}, takesHeapSnapshot=true, pageLoadStrategy=normal, databaseEnabled=false, handlesAlerts=true, hasTouchScreen=false, version=67.0.3396.99, platform=WIN8_1, browserConnectionEnabled=false, nativeEvents=true, acceptSslCerts=false, acceptInsecureCerts=false, locationContextEnabled=true, webStorageEnabled=true, browserName=chrome, takesScreenshot=true, javascriptEnabled=true, cssSelectorsEnabled=true, setWindowRect=true, unexpectedAlertBehaviour=}]
Session ID: 0310d83ee2a38065a6f344275d2497a3
Exception occured: org.openqa.selenium.TimeoutException: timeout
  (Session info: chrome=67.0.3396.99)
  (Driver info: chromedriver=2.40.565498 (ea082db3280dd6843ebfb08a625e3eb905c4f5ab),platform=Windows NT 6.3.9600 x86_64) (WARNING: The server did not provide any stacktrace information)
Command duration or timeout: 10.01 seconds
Build info: version: &apos;2.53.0&apos;, revision: &apos;35ae25b1534ae328c771e0856c93e187490ca824&apos;, time: &apos;2016-03-15 10:43:46&apos;
System info: host: &apos;Nikil&apos;, ip: &apos;192.168.254.4&apos;, os.name: &apos;Windows 8.1&apos;, os.arch: &apos;amd64&apos;, os.version: &apos;6.3&apos;, java.version: &apos;1.8.0_131&apos;
Driver info: org.openqa.selenium.chrome.ChromeDriver
Capabilities [{applicationCacheEnabled=false, rotatable=false, mobileEmulationEnabled=false, networkConnectionEnabled=false, chrome={chromedriverVersion=2.40.565498 (ea082db3280dd6843ebfb08a625e3eb905c4f5ab), userDataDir=C:\Users\NIKILK~1\AppData\Local\Temp\scoped_dir13332_9007}, takesHeapSnapshot=true, pageLoadStrategy=normal, databaseEnabled=false, handlesAlerts=true, hasTouchScreen=false, version=67.0.3396.99, platform=WIN8_1, browserConnectionEnabled=false, nativeEvents=true, acceptSslCerts=false, acceptInsecureCerts=false, locationContextEnabled=true, webStorageEnabled=true, browserName=chrome, takesScreenshot=true, javascriptEnabled=true, cssSelectorsEnabled=true, setWindowRect=true, unexpectedAlertBehaviour=}]
Session ID: 0310d83ee2a38065a6f344275d2497a3
Exception occured: org.openqa.selenium.TimeoutException: timeout
  (Session info: chrome=67.0.3396.99)
  (Driver info: chromedriver=2.40.565498 (ea082db3280dd6843ebfb08a625e3eb905c4f5ab),platform=Windows NT 6.3.9600 x86_64) (WARNING: The server did not provide any stacktrace information)
Command duration or timeout: 10.01 seconds
Build info: version: &apos;2.53.0&apos;, revision: &apos;35ae25b1534ae328c771e0856c93e187490ca824&apos;, time: &apos;2016-03-15 10:43:46&apos;
System info: host: &apos;Nikil&apos;, ip: &apos;192.168.254.4&apos;, os.name: &apos;Windows 8.1&apos;, os.arch: &apos;amd64&apos;, os.version: &apos;6.3&apos;, java.version: &apos;1.8.0_131&apos;
Driver info: org.openqa.selenium.chrome.ChromeDriver
Capabilities [{applicationCacheEnabled=false, rotatable=false, mobileEmulationEnabled=false, networkConnectionEnabled=false, chrome={chromedriverVersion=2.40.565498 (ea082db3280dd6843ebfb08a625e3eb905c4f5ab), userDataDir=C:\Users\NIKILK~1\AppData\Local\Temp\scoped_dir13332_9007}, takesHeapSnapshot=true, pageLoadStrategy=normal, databaseEnabled=false, handlesAlerts=true, hasTouchScreen=false, version=67.0.3396.99, platform=WIN8_1, browserConnectionEnabled=false, nativeEvents=true, acceptSslCerts=false, acceptInsecureCerts=false, locationContextEnabled=true, webStorageEnabled=true, browserName=chrome, takesScreenshot=true, javascriptEnabled=true, cssSelectorsEnabled=true, setWindowRect=true, unexpectedAlertBehaviour=}]
Session ID: 0310d83ee2a38065a6f344275d2497a3
Exception occured: org.openqa.selenium.TimeoutException: timeout
  (Session info: chrome=67.0.3396.99)
  (Driver info: chromedriver=2.40.565498 (ea082db3280dd6843ebfb08a625e3eb905c4f5ab),platform=Windows NT 6.3.9600 x86_64) (WARNING: The server did not provide any stacktrace information)
Command duration or timeout: 10.01 seconds
Build info: version: &apos;2.53.0&apos;, revision: &apos;35ae25b1534ae328c771e0856c93e187490ca824&apos;, time: &apos;2016-03-15 10:43:46&apos;
System info: host: &apos;Nikil&apos;, ip: &apos;192.168.254.4&apos;, os.name: &apos;Windows 8.1&apos;, os.arch: &apos;amd64&apos;, os.version: &apos;6.3&apos;, java.version: &apos;1.8.0_131&apos;
Driver info: org.openqa.selenium.chrome.ChromeDriver
Capabilities [{applicationCacheEnabled=false, rotatable=false, mobileEmulationEnabled=false, networkConnectionEnabled=false, chrome={chromedriverVersion=2.40.565498 (ea082db3280dd6843ebfb08a625e3eb905c4f5ab), userDataDir=C:\Users\NIKILK~1\AppData\Local\Temp\scoped_dir13332_9007}, takesHeapSnapshot=true, pageLoadStrategy=normal, databaseEnabled=false, handlesAlerts=true, hasTouchScreen=false, version=67.0.3396.99, platform=WIN8_1, browserConnectionEnabled=false, nativeEvents=true, acceptSslCerts=false, acceptInsecureCerts=false, locationContextEnabled=true, webStorageEnabled=true, browserName=chrome, takesScreenshot=true, javascriptEnabled=true, cssSelectorsEnabled=true, setWindowRect=true, unexpectedAlertBehaviour=}]
Session ID: 0310d83ee2a38065a6f344275d2497a3
Exception occured: org.openqa.selenium.TimeoutException: timeout
  (Session info: chrome=67.0.3396.99)
  (Driver info: chromedriver=2.40.565498 (ea082db3280dd6843ebfb08a625e3eb905c4f5ab),platform=Windows NT 6.3.9600 x86_64) (WARNING: The server did not provide any stacktrace information)
Command duration or timeout: 10.01 seconds
Build info: version: &apos;2.53.0&apos;, revision: &apos;35ae25b1534ae328c771e0856c93e187490ca824&apos;, time: &apos;2016-03-15 10:43:46&apos;
System info: host: &apos;Nikil&apos;, ip: &apos;192.168.254.4&apos;, os.name: &apos;Windows 8.1&apos;, os.arch: &apos;amd64&apos;, os.version: &apos;6.3&apos;, java.version: &apos;1.8.0_131&apos;
Driver info: org.openqa.selenium.chrome.ChromeDriver
Capabilities [{applicationCacheEnabled=false, rotatable=false, mobileEmulationEnabled=false, networkConnectionEnabled=false, chrome={chromedriverVersion=2.40.565498 (ea082db3280dd6843ebfb08a625e3eb905c4f5ab), userDataDir=C:\Users\NIKILK~1\AppData\Local\Temp\scoped_dir13332_9007}, takesHeapSnapshot=true, pageLoadStrategy=normal, databaseEnabled=false, handlesAlerts=true, hasTouchScreen=false, version=67.0.3396.99, platform=WIN8_1, browserConnectionEnabled=false, nativeEvents=true, acceptSslCerts=false, acceptInsecureCerts=false, locationContextEnabled=true, webStorageEnabled=true, browserName=chrome, takesScreenshot=true, javascriptEnabled=true, cssSelectorsEnabled=true, setWindowRect=true, unexpectedAlertBehaviour=}]
Session ID: 0310d83ee2a38065a6f344275d2497a3
Exception occured: org.openqa.selenium.TimeoutException: timeout
  (Session info: chrome=67.0.3396.99)
  (Driver info: chromedriver=2.40.565498 (ea082db3280dd6843ebfb08a625e3eb905c4f5ab),platform=Windows NT 6.3.9600 x86_64) (WARNING: The server did not provide any stacktrace information)
Command duration or timeout: 10.01 seconds
Build info: version: &apos;2.53.0&apos;, revision: &apos;35ae25b1534ae328c771e0856c93e187490ca824&apos;, time: &apos;2016-03-15 10:43:46&apos;
System info: host: &apos;Nikil&apos;, ip: &apos;192.168.254.4&apos;, os.name: &apos;Windows 8.1&apos;, os.arch: &apos;amd64&apos;, os.version: &apos;6.3&apos;, java.version: &apos;1.8.0_131&apos;
Driver info: org.openqa.selenium.chrome.ChromeDriver
Capabilities [{applicationCacheEnabled=false, rotatable=false, mobileEmulationEnabled=false, networkConnectionEnabled=false, chrome={chromedriverVersion=2.40.565498 (ea082db3280dd6843ebfb08a625e3eb905c4f5ab), userDataDir=C:\Users\NIKILK~1\AppData\Local\Temp\scoped_dir13332_9007}, takesHeapSnapshot=true, pageLoadStrategy=normal, databaseEnabled=false, handlesAlerts=true, hasTouchScreen=false, version=67.0.3396.99, platform=WIN8_1, browserConnectionEnabled=false, nativeEvents=true, acceptSslCerts=false, acceptInsecureCerts=false, locationContextEnabled=true, webStorageEnabled=true, browserName=chrome, takesScreenshot=true, javascriptEnabled=true, cssSelectorsEnabled=true, setWindowRect=true, unexpectedAlertBehaviour=}]
Session ID: 0310d83ee2a38065a6f344275d2497a3
Exception occured: org.openqa.selenium.TimeoutException: timeout
  (Session info: chrome=67.0.3396.99)
  (Driver info: chromedriver=2.40.565498 (ea082db3280dd6843ebfb08a625e3eb905c4f5ab),platform=Windows NT 6.3.9600 x86_64) (WARNING: The server did not provide any stacktrace information)
Command duration or timeout: 10.01 seconds
Build info: version: &apos;2.53.0&apos;, revision: &apos;35ae25b1534ae328c771e0856c93e187490ca824&apos;, time: &apos;2016-03-15 10:43:46&apos;
System info: host: &apos;Nikil&apos;, ip: &apos;192.168.254.4&apos;, os.name: &apos;Windows 8.1&apos;, os.arch: &apos;amd64&apos;, os.version: &apos;6.3&apos;, java.version: &apos;1.8.0_131&apos;
Driver info: org.openqa.selenium.chrome.ChromeDriver
Capabilities [{applicationCacheEnabled=false, rotatable=false, mobileEmulationEnabled=false, networkConnectionEnabled=false, chrome={chromedriverVersion=2.40.565498 (ea082db3280dd6843ebfb08a625e3eb905c4f5ab), userDataDir=C:\Users\NIKILK~1\AppData\Local\Temp\scoped_dir13332_9007}, takesHeapSnapshot=true, pageLoadStrategy=normal, databaseEnabled=false, handlesAlerts=true, hasTouchScreen=false, version=67.0.3396.99, platform=WIN8_1, browserConnectionEnabled=false, nativeEvents=true, acceptSslCerts=false, acceptInsecureCerts=false, locationContextEnabled=true, webStorageEnabled=true, browserName=chrome, takesScreenshot=true, javascriptEnabled=true, cssSelectorsEnabled=true, setWindowRect=true, unexpectedAlertBehaviour=}]
Session ID: 0310d83ee2a38065a6f344275d2497a3
Exception occured: org.openqa.selenium.TimeoutException: timeout
  (Session info: chrome=67.0.3396.99)
  (Driver info: chromedriver=2.40.565498 (ea082db3280dd6843ebfb08a625e3eb905c4f5ab),platform=Windows NT 6.3.9600 x86_64) (WARNING: The server did not provide any stacktrace information)
Command duration or timeout: 10.01 seconds
Build info: version: &apos;2.53.0&apos;, revision: &apos;35ae25b1534ae328c771e0856c93e187490ca824&apos;, time: &apos;2016-03-15 10:43:46&apos;
System info: host: &apos;Nikil&apos;, ip: &apos;192.168.254.4&apos;, os.name: &apos;Windows 8.1&apos;, os.arch: &apos;amd64&apos;, os.version: &apos;6.3&apos;, java.version: &apos;1.8.0_131&apos;
Driver info: org.openqa.selenium.chrome.ChromeDriver
Capabilities [{applicationCacheEnabled=false, rotatable=false, mobileEmulationEnabled=false, networkConnectionEnabled=false, chrome={chromedriverVersion=2.40.565498 (ea082db3280dd6843ebfb08a625e3eb905c4f5ab), userDataDir=C:\Users\NIKILK~1\AppData\Local\Temp\scoped_dir13332_9007}, takesHeapSnapshot=true, pageLoadStrategy=normal, databaseEnabled=false, handlesAlerts=true, hasTouchScreen=false, version=67.0.3396.99, platform=WIN8_1, browserConnectionEnabled=false, nativeEvents=true, acceptSslCerts=false, acceptInsecureCerts=false, locationContextEnabled=true, webStorageEnabled=true, browserName=chrome, takesScreenshot=true, javascriptEnabled=true, cssSelectorsEnabled=true, setWindowRect=true, unexpectedAlertBehaviour=}]
Session ID: 0310d83ee2a38065a6f344275d2497a3
Exception occured: org.openqa.selenium.TimeoutException: timeout
  (Session info: chrome=67.0.3396.99)
  (Driver info: chromedriver=2.40.565498 (ea082db3280dd6843ebfb08a625e3eb905c4f5ab),platform=Windows NT 6.3.9600 x86_64) (WARNING: The server did not provide any stacktrace information)
Command duration or timeout: 10.01 seconds
Build info: version: &apos;2.53.0&apos;, revision: &apos;35ae25b1534ae328c771e0856c93e187490ca824&apos;, time: &apos;2016-03-15 10:43:46&apos;
System info: host: &apos;Nikil&apos;, ip: &apos;192.168.254.4&apos;, os.name: &apos;Windows 8.1&apos;, os.arch: &apos;amd64&apos;, os.version: &apos;6.3&apos;, java.version: &apos;1.8.0_131&apos;
Driver info: org.openqa.selenium.chrome.ChromeDriver
Capabilities [{applicationCacheEnabled=false, rotatable=false, mobileEmulationEnabled=false, networkConnectionEnabled=false, chrome={chromedriverVersion=2.40.565498 (ea082db3280dd6843ebfb08a625e3eb905c4f5ab), userDataDir=C:\Users\NIKILK~1\AppData\Local\Temp\scoped_dir13332_9007}, takesHeapSnapshot=true, pageLoadStrategy=normal, databaseEnabled=false, handlesAlerts=true, hasTouchScreen=false, version=67.0.3396.99, platform=WIN8_1, browserConnectionEnabled=false, nativeEvents=true, acceptSslCerts=false, acceptInsecureCerts=false, locationContextEnabled=true, webStorageEnabled=true, browserName=chrome, takesScreenshot=true, javascriptEnabled=true, cssSelectorsEnabled=true, setWindowRect=true, unexpectedAlertBehaviour=}]
Session ID: 0310d83ee2a38065a6f344275d2497a3
Exception occured: org.openqa.selenium.TimeoutException: timeout
  (Session info: chrome=67.0.3396.99)
  (Driver info: chromedriver=2.40.565498 (ea082db3280dd6843ebfb08a625e3eb905c4f5ab),platform=Windows NT 6.3.9600 x86_64) (WARNING: The server did not provide any stacktrace information)
Command duration or timeout: 10.01 seconds
Build info: version: &apos;2.53.0&apos;, revision: &apos;35ae25b1534ae328c771e0856c93e187490ca824&apos;, time: &apos;2016-03-15 10:43:46&apos;
System info: host: &apos;Nikil&apos;, ip: &apos;192.168.254.4&apos;, os.name: &apos;Windows 8.1&apos;, os.arch: &apos;amd64&apos;, os.version: &apos;6.3&apos;, java.version: &apos;1.8.0_131&apos;
Driver info: org.openqa.selenium.chrome.ChromeDriver
Capabilities [{applicationCacheEnabled=false, rotatable=false, mobileEmulationEnabled=false, networkConnectionEnabled=false, chrome={chromedriverVersion=2.40.565498 (ea082db3280dd6843ebfb08a625e3eb905c4f5ab), userDataDir=C:\Users\NIKILK~1\AppData\Local\Temp\scoped_dir13332_9007}, takesHeapSnapshot=true, pageLoadStrategy=normal, databaseEnabled=false, handlesAlerts=true, hasTouchScreen=false, version=67.0.3396.99, platform=WIN8_1, browserConnectionEnabled=false, nativeEvents=true, acceptSslCerts=false, acceptInsecureCerts=false, locationContextEnabled=true, webStorageEnabled=true, browserName=chrome, takesScreenshot=true, javascriptEnabled=true, cssSelectorsEnabled=true, setWindowRect=true, unexpectedAlertBehaviour=}]
Session ID: 0310d83ee2a38065a6f344275d2497a3
Exception occured: org.openqa.selenium.TimeoutException: timeout
  (Session info: chrome=67.0.3396.99)
  (Driver info: chromedriver=2.40.565498 (ea082db3280dd6843ebfb08a625e3eb905c4f5ab),platform=Windows NT 6.3.9600 x86_64) (WARNING: The server did not provide any stacktrace information)
Command duration or timeout: 10.01 seconds
Build info: version: &apos;2.53.0&apos;, revision: &apos;35ae25b1534ae328c771e0856c93e187490ca824&apos;, time: &apos;2016-03-15 10:43:46&apos;
System info: host: &apos;Nikil&apos;, ip: &apos;192.168.254.4&apos;, os.name: &apos;Windows 8.1&apos;, os.arch: &apos;amd64&apos;, os.version: &apos;6.3&apos;, java.version: &apos;1.8.0_131&apos;
Driver info: org.openqa.selenium.chrome.ChromeDriver
Capabilities [{applicationCacheEnabled=false, rotatable=false, mobileEmulationEnabled=false, networkConnectionEnabled=false, chrome={chromedriverVersion=2.40.565498 (ea082db3280dd6843ebfb08a625e3eb905c4f5ab), userDataDir=C:\Users\NIKILK~1\AppData\Local\Temp\scoped_dir13332_9007}, takesHeapSnapshot=true, pageLoadStrategy=normal, databaseEnabled=false, handlesAlerts=true, hasTouchScreen=false, version=67.0.3396.99, platform=WIN8_1, browserConnectionEnabled=false, nativeEvents=true, acceptSslCerts=false, acceptInsecureCerts=false, locationContextEnabled=true, webStorageEnabled=true, browserName=chrome, takesScreenshot=true, javascriptEnabled=true, cssSelectorsEnabled=true, setWindowRect=true, unexpectedAlertBehaviour=}]
Session ID: 0310d83ee2a38065a6f344275d2497a3
Exception occured: org.openqa.selenium.TimeoutException: timeout
  (Session info: chrome=67.0.3396.99)
  (Driver info: chromedriver=2.40.565498 (ea082db3280dd6843ebfb08a625e3eb905c4f5ab),platform=Windows NT 6.3.9600 x86_64) (WARNING: The server did not provide any stacktrace information)
Command duration or timeout: 10.01 seconds
Build info: version: &apos;2.53.0&apos;, revision: &apos;35ae25b1534ae328c771e0856c93e187490ca824&apos;, time: &apos;2016-03-15 10:43:46&apos;
System info: host: &apos;Nikil&apos;, ip: &apos;192.168.254.4&apos;, os.name: &apos;Windows 8.1&apos;, os.arch: &apos;amd64&apos;, os.version: &apos;6.3&apos;, java.version: &apos;1.8.0_131&apos;
Driver info: org.openqa.selenium.chrome.ChromeDriver
Capabilities [{applicationCacheEnabled=false, rotatable=false, mobileEmulationEnabled=false, networkConnectionEnabled=false, chrome={chromedriverVersion=2.40.565498 (ea082db3280dd6843ebfb08a625e3eb905c4f5ab), userDataDir=C:\Users\NIKILK~1\AppData\Local\Temp\scoped_dir13332_9007}, takesHeapSnapshot=true, pageLoadStrategy=normal, databaseEnabled=false, handlesAlerts=true, hasTouchScreen=false, version=67.0.3396.99, platform=WIN8_1, browserConnectionEnabled=false, nativeEvents=true, acceptSslCerts=false, acceptInsecureCerts=false, locationContextEnabled=true, webStorageEnabled=true, browserName=chrome, takesScreenshot=true, javascriptEnabled=true, cssSelectorsEnabled=true, setWindowRect=true, unexpectedAlertBehaviour=}]
Session ID: 0310d83ee2a38065a6f344275d2497a3
Exception occured: org.openqa.selenium.TimeoutException: timeout
  (Session info: chrome=67.0.3396.99)
  (Driver info: chromedriver=2.40.565498 (ea082db3280dd6843ebfb08a625e3eb905c4f5ab),platform=Windows NT 6.3.9600 x86_64) (WARNING: The server did not provide any stacktrace information)
Command duration or timeout: 10.01 seconds
Build info: version: &apos;2.53.0&apos;, revision: &apos;35ae25b1534ae328c771e0856c93e187490ca824&apos;, time: &apos;2016-03-15 10:43:46&apos;
System info: host: &apos;Nikil&apos;, ip: &apos;192.168.254.4&apos;, os.name: &apos;Windows 8.1&apos;, os.arch: &apos;amd64&apos;, os.version: &apos;6.3&apos;, java.version: &apos;1.8.0_131&apos;
Driver info: org.openqa.selenium.chrome.ChromeDriver
Capabilities [{applicationCacheEnabled=false, rotatable=false, mobileEmulationEnabled=false, networkConnectionEnabled=false, chrome={chromedriverVersion=2.40.565498 (ea082db3280dd6843ebfb08a625e3eb905c4f5ab), userDataDir=C:\Users\NIKILK~1\AppData\Local\Temp\scoped_dir13332_9007}, takesHeapSnapshot=true, pageLoadStrategy=normal, databaseEnabled=false, handlesAlerts=true, hasTouchScreen=false, version=67.0.3396.99, platform=WIN8_1, browserConnectionEnabled=false, nativeEvents=true, acceptSslCerts=false, acceptInsecureCerts=false, locationContextEnabled=true, webStorageEnabled=true, browserName=chrome, takesScreenshot=true, javascriptEnabled=true, cssSelectorsEnabled=true, setWindowRect=true, unexpectedAlertBehaviour=}]
Session ID: 0310d83ee2a38065a6f344275d2497a3
Exception occured: org.openqa.selenium.TimeoutException: timeout
  (Session info: chrome=67.0.3396.99)
  (Driver info: chromedriver=2.40.565498 (ea082db3280dd6843ebfb08a625e3eb905c4f5ab),platform=Windows NT 6.3.9600 x86_64) (WARNING: The server did not provide any stacktrace information)
Command duration or timeout: 10.01 seconds
Build info: version: &apos;2.53.0&apos;, revision: &apos;35ae25b1534ae328c771e0856c93e187490ca824&apos;, time: &apos;2016-03-15 10:43:46&apos;
System info: host: &apos;Nikil&apos;, ip: &apos;192.168.254.4&apos;, os.name: &apos;Windows 8.1&apos;, os.arch: &apos;amd64&apos;, os.version: &apos;6.3&apos;, java.version: &apos;1.8.0_131&apos;
Driver info: org.openqa.selenium.chrome.ChromeDriver
Capabilities [{applicationCacheEnabled=false, rotatable=false, mobileEmulationEnabled=false, networkConnectionEnabled=false, chrome={chromedriverVersion=2.40.565498 (ea082db3280dd6843ebfb08a625e3eb905c4f5ab), userDataDir=C:\Users\NIKILK~1\AppData\Local\Temp\scoped_dir13332_9007}, takesHeapSnapshot=true, pageLoadStrategy=normal, databaseEnabled=false, handlesAlerts=true, hasTouchScreen=false, version=67.0.3396.99, platform=WIN8_1, browserConnectionEnabled=false, nativeEvents=true, acceptSslCerts=false, acceptInsecureCerts=false, locationContextEnabled=true, webStorageEnabled=true, browserName=chrome, takesScreenshot=true, javascriptEnabled=true, cssSelectorsEnabled=true, setWindowRect=true, unexpectedAlertBehaviour=}]
Session ID: 0310d83ee2a38065a6f344275d2497a3
Exception occured: org.openqa.selenium.TimeoutException: timeout
  (Session info: chrome=67.0.3396.99)
  (Driver info: chromedriver=2.40.565498 (ea082db3280dd6843ebfb08a625e3eb905c4f5ab),platform=Windows NT 6.3.9600 x86_64) (WARNING: The server did not provide any stacktrace information)
Command duration or timeout: 10.00 seconds
Build info: version: &apos;2.53.0&apos;, revision: &apos;35ae25b1534ae328c771e0856c93e187490ca824&apos;, time: &apos;2016-03-15 10:43:46&apos;
System info: host: &apos;Nikil&apos;, ip: &apos;192.168.254.4&apos;, os.name: &apos;Windows 8.1&apos;, os.arch: &apos;amd64&apos;, os.version: &apos;6.3&apos;, java.version: &apos;1.8.0_131&apos;
Driver info: org.openqa.selenium.chrome.ChromeDriver
Capabilities [{applicationCacheEnabled=false, rotatable=false, mobileEmulationEnabled=false, networkConnectionEnabled=false, chrome={chromedriverVersion=2.40.565498 (ea082db3280dd6843ebfb08a625e3eb905c4f5ab), userDataDir=C:\Users\NIKILK~1\AppData\Local\Temp\scoped_dir13332_9007}, takesHeapSnapshot=true, pageLoadStrategy=normal, databaseEnabled=false, handlesAlerts=true, hasTouchScreen=false, version=67.0.3396.99, platform=WIN8_1, browserConnectionEnabled=false, nativeEvents=true, acceptSslCerts=false, acceptInsecureCerts=false, locationContextEnabled=true, webStorageEnabled=true, browserName=chrome, takesScreenshot=true, javascriptEnabled=true, cssSelectorsEnabled=true, setWindowRect=true, unexpectedAlertBehaviour=}]
Session ID: 0310d83ee2a38065a6f344275d2497a3
Exception occured: org.openqa.selenium.TimeoutException: timeout
  (Session info: chrome=67.0.3396.99)
  (Driver info: chromedriver=2.40.565498 (ea082db3280dd6843ebfb08a625e3eb905c4f5ab),platform=Windows NT 6.3.9600 x86_64) (WARNING: The server did not provide any stacktrace information)
Command duration or timeout: 10.01 seconds
Build info: version: &apos;2.53.0&apos;, revision: &apos;35ae25b1534ae328c771e0856c93e187490ca824&apos;, time: &apos;2016-03-15 10:43:46&apos;
System info: host: &apos;Nikil&apos;, ip: &apos;192.168.254.4&apos;, os.name: &apos;Windows 8.1&apos;, os.arch: &apos;amd64&apos;, os.version: &apos;6.3&apos;, java.version: &apos;1.8.0_131&apos;
Driver info: org.openqa.selenium.chrome.ChromeDriver
Capabilities [{applicationCacheEnabled=false, rotatable=false, mobileEmulationEnabled=false, networkConnectionEnabled=false, chrome={chromedriverVersion=2.40.565498 (ea082db3280dd6843ebfb08a625e3eb905c4f5ab), userDataDir=C:\Users\NIKILK~1\AppData\Local\Temp\scoped_dir13332_9007}, takesHeapSnapshot=true, pageLoadStrategy=normal, databaseEnabled=false, handlesAlerts=true, hasTouchScreen=false, version=67.0.3396.99, platform=WIN8_1, browserConnectionEnabled=false, nativeEvents=true, acceptSslCerts=false, acceptInsecureCerts=false, locationContextEnabled=true, webStorageEnabled=true, browserName=chrome, takesScreenshot=true, javascriptEnabled=true, cssSelectorsEnabled=true, setWindowRect=true, unexpectedAlertBehaviour=}]
Session ID: 0310d83ee2a38065a6f344275d2497a3
Exception occured: org.openqa.selenium.TimeoutException: timeout
  (Session info: chrome=67.0.3396.99)
  (Driver info: chromedriver=2.40.565498 (ea082db3280dd6843ebfb08a625e3eb905c4f5ab),platform=Windows NT 6.3.9600 x86_64) (WARNING: The server did not provide any stacktrace information)
Command duration or timeout: 10.01 seconds
Build info: version: &apos;2.53.0&apos;, revision: &apos;35ae25b1534ae328c771e0856c93e187490ca824&apos;, time: &apos;2016-03-15 10:43:46&apos;
System info: host: &apos;Nikil&apos;, ip: &apos;192.168.254.4&apos;, os.name: &apos;Windows 8.1&apos;, os.arch: &apos;amd64&apos;, os.version: &apos;6.3&apos;, java.version: &apos;1.8.0_131&apos;
Driver info: org.openqa.selenium.chrome.ChromeDriver
Capabilities [{applicationCacheEnabled=false, rotatable=false, mobileEmulationEnabled=false, networkConnectionEnabled=false, chrome={chromedriverVersion=2.40.565498 (ea082db3280dd6843ebfb08a625e3eb905c4f5ab), userDataDir=C:\Users\NIKILK~1\AppData\Local\Temp\scoped_dir13332_9007}, takesHeapSnapshot=true, pageLoadStrategy=normal, databaseEnabled=false, handlesAlerts=true, hasTouchScreen=false, version=67.0.3396.99, platform=WIN8_1, browserConnectionEnabled=false, nativeEvents=true, acceptSslCerts=false, acceptInsecureCerts=false, locationContextEnabled=true, webStorageEnabled=true, browserName=chrome, takesScreenshot=true, javascriptEnabled=true, cssSelectorsEnabled=true, setWindowRect=true, unexpectedAlertBehaviour=}]
Session ID: 0310d83ee2a38065a6f344275d2497a3
Exception occured: org.openqa.selenium.TimeoutException: timeout
  (Session info: chrome=67.0.3396.99)
  (Driver info: chromedriver=2.40.565498 (ea082db3280dd6843ebfb08a625e3eb905c4f5ab),platform=Windows NT 6.3.9600 x86_64) (WARNING: The server did not provide any stacktrace information)
Command duration or timeout: 10.01 seconds
Build info: version: &apos;2.53.0&apos;, revision: &apos;35ae25b1534ae328c771e0856c93e187490ca824&apos;, time: &apos;2016-03-15 10:43:46&apos;
System info: host: &apos;Nikil&apos;, ip: &apos;192.168.254.4&apos;, os.name: &apos;Windows 8.1&apos;, os.arch: &apos;amd64&apos;, os.version: &apos;6.3&apos;, java.version: &apos;1.8.0_131&apos;
Driver info: org.openqa.selenium.chrome.ChromeDriver
Capabilities [{applicationCacheEnabled=false, rotatable=false, mobileEmulationEnabled=false, networkConnectionEnabled=false, chrome={chromedriverVersion=2.40.565498 (ea082db3280dd6843ebfb08a625e3eb905c4f5ab), userDataDir=C:\Users\NIKILK~1\AppData\Local\Temp\scoped_dir13332_9007}, takesHeapSnapshot=true, pageLoadStrategy=normal, databaseEnabled=false, handlesAlerts=true, hasTouchScreen=false, version=67.0.3396.99, platform=WIN8_1, browserConnectionEnabled=false, nativeEvents=true, acceptSslCerts=false, acceptInsecureCerts=false, locationContextEnabled=true, webStorageEnabled=true, browserName=chrome, takesScreenshot=true, javascriptEnabled=true, cssSelectorsEnabled=true, setWindowRect=true, unexpectedAlertBehaviour=}]
Session ID: 0310d83ee2a38065a6f344275d2497a3
Exception occured: org.openqa.selenium.TimeoutException: timeout
  (Session info: chrome=67.0.3396.99)
  (Driver info: chromedriver=2.40.565498 (ea082db3280dd6843ebfb08a625e3eb905c4f5ab),platform=Windows NT 6.3.9600 x86_64) (WARNING: The server did not provide any stacktrace information)
Command duration or timeout: 10.01 seconds
Build info: version: &apos;2.53.0&apos;, revision: &apos;35ae25b1534ae328c771e0856c93e187490ca824&apos;, time: &apos;2016-03-15 10:43:46&apos;
System info: host: &apos;Nikil&apos;, ip: &apos;192.168.254.4&apos;, os.name: &apos;Windows 8.1&apos;, os.arch: &apos;amd64&apos;, os.version: &apos;6.3&apos;, java.version: &apos;1.8.0_131&apos;
Driver info: org.openqa.selenium.chrome.ChromeDriver
Capabilities [{applicationCacheEnabled=false, rotatable=false, mobileEmulationEnabled=false, networkConnectionEnabled=false, chrome={chromedriverVersion=2.40.565498 (ea082db3280dd6843ebfb08a625e3eb905c4f5ab), userDataDir=C:\Users\NIKILK~1\AppData\Local\Temp\scoped_dir13332_9007}, takesHeapSnapshot=true, pageLoadStrategy=normal, databaseEnabled=false, handlesAlerts=true, hasTouchScreen=false, version=67.0.3396.99, platform=WIN8_1, browserConnectionEnabled=false, nativeEvents=true, acceptSslCerts=false, acceptInsecureCerts=false, locationContextEnabled=true, webStorageEnabled=true, browserName=chrome, takesScreenshot=true, javascriptEnabled=true, cssSelectorsEnabled=true, setWindowRect=true, unexpectedAlertBehaviour=}]
Session ID: 0310d83ee2a38065a6f344275d2497a3
Exception occured: org.openqa.selenium.TimeoutException: timeout
  (Session info: chrome=67.0.3396.99)
  (Driver info: chromedriver=2.40.565498 (ea082db3280dd6843ebfb08a625e3eb905c4f5ab),platform=Windows NT 6.3.9600 x86_64) (WARNING: The server did not provide any stacktrace information)
Command duration or timeout: 10.01 seconds
Build info: version: &apos;2.53.0&apos;, revision: &apos;35ae25b1534ae328c771e0856c93e187490ca824&apos;, time: &apos;2016-03-15 10:43:46&apos;
System info: host: &apos;Nikil&apos;, ip: &apos;192.168.254.4&apos;, os.name: &apos;Windows 8.1&apos;, os.arch: &apos;amd64&apos;, os.version: &apos;6.3&apos;, java.version: &apos;1.8.0_131&apos;
Driver info: org.openqa.selenium.chrome.ChromeDriver
Capabilities [{applicationCacheEnabled=false, rotatable=false, mobileEmulationEnabled=false, networkConnectionEnabled=false, chrome={chromedriverVersion=2.40.565498 (ea082db3280dd6843ebfb08a625e3eb905c4f5ab), userDataDir=C:\Users\NIKILK~1\AppData\Local\Temp\scoped_dir13332_9007}, takesHeapSnapshot=true, pageLoadStrategy=normal, databaseEnabled=false, handlesAlerts=true, hasTouchScreen=false, version=67.0.3396.99, platform=WIN8_1, browserConnectionEnabled=false, nativeEvents=true, acceptSslCerts=false, acceptInsecureCerts=false, locationContextEnabled=true, webStorageEnabled=true, browserName=chrome, takesScreenshot=true, javascriptEnabled=true, cssSelectorsEnabled=true, setWindowRect=true, unexpectedAlertBehaviour=}]
Session ID: 0310d83ee2a38065a6f344275d2497a3
Exception occured: org.openqa.selenium.TimeoutException: timeout
  (Session info: chrome=67.0.3396.99)
  (Driver info: chromedriver=2.40.565498 (ea082db3280dd6843ebfb08a625e3eb905c4f5ab),platform=Windows NT 6.3.9600 x86_64) (WARNING: The server did not provide any stacktrace information)
Command duration or timeout: 10.01 seconds
Build info: version: &apos;2.53.0&apos;, revision: &apos;35ae25b1534ae328c771e0856c93e187490ca824&apos;, time: &apos;2016-03-15 10:43:46&apos;
System info: host: &apos;Nikil&apos;, ip: &apos;192.168.254.4&apos;, os.name: &apos;Windows 8.1&apos;, os.arch: &apos;amd64&apos;, os.version: &apos;6.3&apos;, java.version: &apos;1.8.0_131&apos;
Driver info: org.openqa.selenium.chrome.ChromeDriver
Capabilities [{applicationCacheEnabled=false, rotatable=false, mobileEmulationEnabled=false, networkConnectionEnabled=false, chrome={chromedriverVersion=2.40.565498 (ea082db3280dd6843ebfb08a625e3eb905c4f5ab), userDataDir=C:\Users\NIKILK~1\AppData\Local\Temp\scoped_dir13332_9007}, takesHeapSnapshot=true, pageLoadStrategy=normal, databaseEnabled=false, handlesAlerts=true, hasTouchScreen=false, version=67.0.3396.99, platform=WIN8_1, browserConnectionEnabled=false, nativeEvents=true, acceptSslCerts=false, acceptInsecureCerts=false, locationContextEnabled=true, webStorageEnabled=true, browserName=chrome, takesScreenshot=true, javascriptEnabled=true, cssSelectorsEnabled=true, setWindowRect=true, unexpectedAlertBehaviour=}]
Session ID: 0310d83ee2a38065a6f344275d2497a3
Exception occured: org.openqa.selenium.TimeoutException: timeout
  (Session info: chrome=67.0.3396.99)
  (Driver info: chromedriver=2.40.565498 (ea082db3280dd6843ebfb08a625e3eb905c4f5ab),platform=Windows NT 6.3.9600 x86_64) (WARNING: The server did not provide any stacktrace information)
Command duration or timeout: 10.01 seconds
Build info: version: &apos;2.53.0&apos;, revision: &apos;35ae25b1534ae328c771e0856c93e187490ca824&apos;, time: &apos;2016-03-15 10:43:46&apos;
System info: host: &apos;Nikil&apos;, ip: &apos;192.168.254.4&apos;, os.name: &apos;Windows 8.1&apos;, os.arch: &apos;amd64&apos;, os.version: &apos;6.3&apos;, java.version: &apos;1.8.0_131&apos;
Driver info: org.openqa.selenium.chrome.ChromeDriver
Capabilities [{applicationCacheEnabled=false, rotatable=false, mobileEmulationEnabled=false, networkConnectionEnabled=false, chrome={chromedriverVersion=2.40.565498 (ea082db3280dd6843ebfb08a625e3eb905c4f5ab), userDataDir=C:\Users\NIKILK~1\AppData\Local\Temp\scoped_dir13332_9007}, takesHeapSnapshot=true, pageLoadStrategy=normal, databaseEnabled=false, handlesAlerts=true, hasTouchScreen=false, version=67.0.3396.99, platform=WIN8_1, browserConnectionEnabled=false, nativeEvents=true, acceptSslCerts=false, acceptInsecureCerts=false, locationContextEnabled=true, webStorageEnabled=true, browserName=chrome, takesScreenshot=true, javascriptEnabled=true, cssSelectorsEnabled=true, setWindowRect=true, unexpectedAlertBehaviour=}]
Session ID: 0310d83ee2a38065a6f344275d2497a3
Exception occured: org.openqa.selenium.TimeoutException: timeout
  (Session info: chrome=67.0.3396.99)
  (Driver info: chromedriver=2.40.565498 (ea082db3280dd6843ebfb08a625e3eb905c4f5ab),platform=Windows NT 6.3.9600 x86_64) (WARNING: The server did not provide any stacktrace information)
Command duration or timeout: 10.01 seconds
Build info: version: &apos;2.53.0&apos;, revision: &apos;35ae25b1534ae328c771e0856c93e187490ca824&apos;, time: &apos;2016-03-15 10:43:46&apos;
System info: host: &apos;Nikil&apos;, ip: &apos;192.168.254.4&apos;, os.name: &apos;Windows 8.1&apos;, os.arch: &apos;amd64&apos;, os.version: &apos;6.3&apos;, java.version: &apos;1.8.0_131&apos;
Driver info: org.openqa.selenium.chrome.ChromeDriver
Capabilities [{applicationCacheEnabled=false, rotatable=false, mobileEmulationEnabled=false, networkConnectionEnabled=false, chrome={chromedriverVersion=2.40.565498 (ea082db3280dd6843ebfb08a625e3eb905c4f5ab), userDataDir=C:\Users\NIKILK~1\AppData\Local\Temp\scoped_dir13332_9007}, takesHeapSnapshot=true, pageLoadStrategy=normal, databaseEnabled=false, handlesAlerts=true, hasTouchScreen=false, version=67.0.3396.99, platform=WIN8_1, browserConnectionEnabled=false, nativeEvents=true, acceptSslCerts=false, acceptInsecureCerts=false, locationContextEnabled=true, webStorageEnabled=true, browserName=chrome, takesScreenshot=true, javascriptEnabled=true, cssSelectorsEnabled=true, setWindowRect=true, unexpectedAlertBehaviour=}]
Session ID: 0310d83ee2a38065a6f344275d2497a3
Exception occured: org.openqa.selenium.TimeoutException: timeout
  (Session info: chrome=67.0.3396.99)
  (Driver info: chromedriver=2.40.565498 (ea082db3280dd6843ebfb08a625e3eb905c4f5ab),platform=Windows NT 6.3.9600 x86_64) (WARNING: The server did not provide any stacktrace information)
Command duration or timeout: 10.00 seconds
Build info: version: &apos;2.53.0&apos;, revision: &apos;35ae25b1534ae328c771e0856c93e187490ca824&apos;, time: &apos;2016-03-15 10:43:46&apos;
System info: host: &apos;Nikil&apos;, ip: &apos;192.168.254.4&apos;, os.name: &apos;Windows 8.1&apos;, os.arch: &apos;amd64&apos;, os.version: &apos;6.3&apos;, java.version: &apos;1.8.0_131&apos;
Driver info: org.openqa.selenium.chrome.ChromeDriver
Capabilities [{applicationCacheEnabled=false, rotatable=false, mobileEmulationEnabled=false, networkConnectionEnabled=false, chrome={chromedriverVersion=2.40.565498 (ea082db3280dd6843ebfb08a625e3eb905c4f5ab), userDataDir=C:\Users\NIKILK~1\AppData\Local\Temp\scoped_dir13332_9007}, takesHeapSnapshot=true, pageLoadStrategy=normal, databaseEnabled=false, handlesAlerts=true, hasTouchScreen=false, version=67.0.3396.99, platform=WIN8_1, browserConnectionEnabled=false, nativeEvents=true, acceptSslCerts=false, acceptInsecureCerts=false, locationContextEnabled=true, webStorageEnabled=true, browserName=chrome, takesScreenshot=true, javascriptEnabled=true, cssSelectorsEnabled=true, setWindowRect=true, unexpectedAlertBehaviour=}]
Session ID: 0310d83ee2a38065a6f344275d2497a3
Exception occured: org.openqa.selenium.TimeoutException: timeout
  (Session info: chrome=67.0.3396.99)
  (Driver info: chromedriver=2.40.565498 (ea082db3280dd6843ebfb08a625e3eb905c4f5ab),platform=Windows NT 6.3.9600 x86_64) (WARNING: The server did not provide any stacktrace information)
Command duration or timeout: 10.01 seconds
Build info: version: &apos;2.53.0&apos;, revision: &apos;35ae25b1534ae328c771e0856c93e187490ca824&apos;, time: &apos;2016-03-15 10:43:46&apos;
System info: host: &apos;Nikil&apos;, ip: &apos;192.168.254.4&apos;, os.name: &apos;Windows 8.1&apos;, os.arch: &apos;amd64&apos;, os.version: &apos;6.3&apos;, java.version: &apos;1.8.0_131&apos;
Driver info: org.openqa.selenium.chrome.ChromeDriver
Capabilities [{applicationCacheEnabled=false, rotatable=false, mobileEmulationEnabled=false, networkConnectionEnabled=false, chrome={chromedriverVersion=2.40.565498 (ea082db3280dd6843ebfb08a625e3eb905c4f5ab), userDataDir=C:\Users\NIKILK~1\AppData\Local\Temp\scoped_dir13332_9007}, takesHeapSnapshot=true, pageLoadStrategy=normal, databaseEnabled=false, handlesAlerts=true, hasTouchScreen=false, version=67.0.3396.99, platform=WIN8_1, browserConnectionEnabled=false, nativeEvents=true, acceptSslCerts=false, acceptInsecureCerts=false, locationContextEnabled=true, webStorageEnabled=true, browserName=chrome, takesScreenshot=true, javascriptEnabled=true, cssSelectorsEnabled=true, setWindowRect=true, unexpectedAlertBehaviour=}]
Session ID: 0310d83ee2a38065a6f344275d2497a3
Exception occured: org.openqa.selenium.TimeoutException: timeout
  (Session info: chrome=67.0.3396.99)
  (Driver info: chromedriver=2.40.565498 (ea082db3280dd6843ebfb08a625e3eb905c4f5ab),platform=Windows NT 6.3.9600 x86_64) (WARNING: The server did not provide any stacktrace information)
Command duration or timeout: 10.01 seconds
Build info: version: &apos;2.53.0&apos;, revision: &apos;35ae25b1534ae328c771e0856c93e187490ca824&apos;, time: &apos;2016-03-15 10:43:46&apos;
System info: host: &apos;Nikil&apos;, ip: &apos;192.168.254.4&apos;, os.name: &apos;Windows 8.1&apos;, os.arch: &apos;amd64&apos;, os.version: &apos;6.3&apos;, java.version: &apos;1.8.0_131&apos;
Driver info: org.openqa.selenium.chrome.ChromeDriver
Capabilities [{applicationCacheEnabled=false, rotatable=false, mobileEmulationEnabled=false, networkConnectionEnabled=false, chrome={chromedriverVersion=2.40.565498 (ea082db3280dd6843ebfb08a625e3eb905c4f5ab), userDataDir=C:\Users\NIKILK~1\AppData\Local\Temp\scoped_dir13332_9007}, takesHeapSnapshot=true, pageLoadStrategy=normal, databaseEnabled=false, handlesAlerts=true, hasTouchScreen=false, version=67.0.3396.99, platform=WIN8_1, browserConnectionEnabled=false, nativeEvents=true, acceptSslCerts=false, acceptInsecureCerts=false, locationContextEnabled=true, webStorageEnabled=true, browserName=chrome, takesScreenshot=true, javascriptEnabled=true, cssSelectorsEnabled=true, setWindowRect=true, unexpectedAlertBehaviour=}]
Session ID: 0310d83ee2a38065a6f344275d2497a3
Exception occured: org.openqa.selenium.TimeoutException: timeout
  (Session info: chrome=67.0.3396.99)
  (Driver info: chromedriver=2.40.565498 (ea082db3280dd6843ebfb08a625e3eb905c4f5ab),platform=Windows NT 6.3.9600 x86_64) (WARNING: The server did not provide any stacktrace information)
Command duration or timeout: 10.01 seconds
Build info: version: &apos;2.53.0&apos;, revision: &apos;35ae25b1534ae328c771e0856c93e187490ca824&apos;, time: &apos;2016-03-15 10:43:46&apos;
System info: host: &apos;Nikil&apos;, ip: &apos;192.168.254.4&apos;, os.name: &apos;Windows 8.1&apos;, os.arch: &apos;amd64&apos;, os.version: &apos;6.3&apos;, java.version: &apos;1.8.0_131&apos;
Driver info: org.openqa.selenium.chrome.ChromeDriver
Capabilities [{applicationCacheEnabled=false, rotatable=false, mobileEmulationEnabled=false, networkConnectionEnabled=false, chrome={chromedriverVersion=2.40.565498 (ea082db3280dd6843ebfb08a625e3eb905c4f5ab), userDataDir=C:\Users\NIKILK~1\AppData\Local\Temp\scoped_dir13332_9007}, takesHeapSnapshot=true, pageLoadStrategy=normal, databaseEnabled=false, handlesAlerts=true, hasTouchScreen=false, version=67.0.3396.99, platform=WIN8_1, browserConnectionEnabled=false, nativeEvents=true, acceptSslCerts=false, acceptInsecureCerts=false, locationContextEnabled=true, webStorageEnabled=true, browserName=chrome, takesScreenshot=true, javascriptEnabled=true, cssSelectorsEnabled=true, setWindowRect=true, unexpectedAlertBehaviour=}]
Session ID: 0310d83ee2a38065a6f344275d2497a3
Exception occured: org.openqa.selenium.TimeoutException: timeout
  (Session info: chrome=67.0.3396.99)
  (Driver info: chromedriver=2.40.565498 (ea082db3280dd6843ebfb08a625e3eb905c4f5ab),platform=Windows NT 6.3.9600 x86_64) (WARNING: The server did not provide any stacktrace information)
Command duration or timeout: 10.01 seconds
Build info: version: &apos;2.53.0&apos;, revision: &apos;35ae25b1534ae328c771e0856c93e187490ca824&apos;, time: &apos;2016-03-15 10:43:46&apos;
System info: host: &apos;Nikil&apos;, ip: &apos;192.168.254.4&apos;, os.name: &apos;Windows 8.1&apos;, os.arch: &apos;amd64&apos;, os.version: &apos;6.3&apos;, java.version: &apos;1.8.0_131&apos;
Driver info: org.openqa.selenium.chrome.ChromeDriver
Capabilities [{applicationCacheEnabled=false, rotatable=false, mobileEmulationEnabled=false, networkConnectionEnabled=false, chrome={chromedriverVersion=2.40.565498 (ea082db3280dd6843ebfb08a625e3eb905c4f5ab), userDataDir=C:\Users\NIKILK~1\AppData\Local\Temp\scoped_dir13332_9007}, takesHeapSnapshot=true, pageLoadStrategy=normal, databaseEnabled=false, handlesAlerts=true, hasTouchScreen=false, version=67.0.3396.99, platform=WIN8_1, browserConnectionEnabled=false, nativeEvents=true, acceptSslCerts=false, acceptInsecureCerts=false, locationContextEnabled=true, webStorageEnabled=true, browserName=chrome, takesScreenshot=true, javascriptEnabled=true, cssSelectorsEnabled=true, setWindowRect=true, unexpectedAlertBehaviour=}]
Session ID: 0310d83ee2a38065a6f344275d2497a3
Exception occured: org.openqa.selenium.TimeoutException: timeout
  (Session info: chrome=67.0.3396.99)
  (Driver info: chromedriver=2.40.565498 (ea082db3280dd6843ebfb08a625e3eb905c4f5ab),platform=Windows NT 6.3.9600 x86_64) (WARNING: The server did not provide any stacktrace information)
Command duration or timeout: 10.01 seconds
Build info: version: &apos;2.53.0&apos;, revision: &apos;35ae25b1534ae328c771e0856c93e187490ca824&apos;, time: &apos;2016-03-15 10:43:46&apos;
System info: host: &apos;Nikil&apos;, ip: &apos;192.168.254.4&apos;, os.name: &apos;Windows 8.1&apos;, os.arch: &apos;amd64&apos;, os.version: &apos;6.3&apos;, java.version: &apos;1.8.0_131&apos;
Driver info: org.openqa.selenium.chrome.ChromeDriver
Capabilities [{applicationCacheEnabled=false, rotatable=false, mobileEmulationEnabled=false, networkConnectionEnabled=false, chrome={chromedriverVersion=2.40.565498 (ea082db3280dd6843ebfb08a625e3eb905c4f5ab), userDataDir=C:\Users\NIKILK~1\AppData\Local\Temp\scoped_dir13332_9007}, takesHeapSnapshot=true, pageLoadStrategy=normal, databaseEnabled=false, handlesAlerts=true, hasTouchScreen=false, version=67.0.3396.99, platform=WIN8_1, browserConnectionEnabled=false, nativeEvents=true, acceptSslCerts=false, acceptInsecureCerts=false, locationContextEnabled=true, webStorageEnabled=true, browserName=chrome, takesScreenshot=true, javascriptEnabled=true, cssSelectorsEnabled=true, setWindowRect=true, unexpectedAlertBehaviour=}]
Session ID: 0310d83ee2a38065a6f344275d2497a3
Exception occured: org.openqa.selenium.TimeoutException: timeout
  (Session info: chrome=67.0.3396.99)
  (Driver info: chromedriver=2.40.565498 (ea082db3280dd6843ebfb08a625e3eb905c4f5ab),platform=Windows NT 6.3.9600 x86_64) (WARNING: The server did not provide any stacktrace information)
Command duration or timeout: 10.01 seconds
Build info: version: &apos;2.53.0&apos;, revision: &apos;35ae25b1534ae328c771e0856c93e187490ca824&apos;, time: &apos;2016-03-15 10:43:46&apos;
System info: host: &apos;Nikil&apos;, ip: &apos;192.168.254.4&apos;, os.name: &apos;Windows 8.1&apos;, os.arch: &apos;amd64&apos;, os.version: &apos;6.3&apos;, java.version: &apos;1.8.0_131&apos;
Driver info: org.openqa.selenium.chrome.ChromeDriver
Capabilities [{applicationCacheEnabled=false, rotatable=false, mobileEmulationEnabled=false, networkConnectionEnabled=false, chrome={chromedriverVersion=2.40.565498 (ea082db3280dd6843ebfb08a625e3eb905c4f5ab), userDataDir=C:\Users\NIKILK~1\AppData\Local\Temp\scoped_dir13332_9007}, takesHeapSnapshot=true, pageLoadStrategy=normal, databaseEnabled=false, handlesAlerts=true, hasTouchScreen=false, version=67.0.3396.99, platform=WIN8_1, browserConnectionEnabled=false, nativeEvents=true, acceptSslCerts=false, acceptInsecureCerts=false, locationContextEnabled=true, webStorageEnabled=true, browserName=chrome, takesScreenshot=true, javascriptEnabled=true, cssSelectorsEnabled=true, setWindowRect=true, unexpectedAlertBehaviour=}]
Session ID: 0310d83ee2a38065a6f344275d2497a3
Exception occured: org.openqa.selenium.TimeoutException: timeout
  (Session info: chrome=67.0.3396.99)
  (Driver info: chromedriver=2.40.565498 (ea082db3280dd6843ebfb08a625e3eb905c4f5ab),platform=Windows NT 6.3.9600 x86_64) (WARNING: The server did not provide any stacktrace information)
Command duration or timeout: 10.01 seconds
Build info: version: &apos;2.53.0&apos;, revision: &apos;35ae25b1534ae328c771e0856c93e187490ca824&apos;, time: &apos;2016-03-15 10:43:46&apos;
System info: host: &apos;Nikil&apos;, ip: &apos;192.168.254.4&apos;, os.name: &apos;Windows 8.1&apos;, os.arch: &apos;amd64&apos;, os.version: &apos;6.3&apos;, java.version: &apos;1.8.0_131&apos;
Driver info: org.openqa.selenium.chrome.ChromeDriver
Capabilities [{applicationCacheEnabled=false, rotatable=false, mobileEmulationEnabled=false, networkConnectionEnabled=false, chrome={chromedriverVersion=2.40.565498 (ea082db3280dd6843ebfb08a625e3eb905c4f5ab), userDataDir=C:\Users\NIKILK~1\AppData\Local\Temp\scoped_dir13332_9007}, takesHeapSnapshot=true, pageLoadStrategy=normal, databaseEnabled=false, handlesAlerts=true, hasTouchScreen=false, version=67.0.3396.99, platform=WIN8_1, browserConnectionEnabled=false, nativeEvents=true, acceptSslCerts=false, acceptInsecureCerts=false, locationContextEnabled=true, webStorageEnabled=true, browserName=chrome, takesScreenshot=true, javascriptEnabled=true, cssSelectorsEnabled=true, setWindowRect=true, unexpectedAlertBehaviour=}]
Session ID: 0310d83ee2a38065a6f344275d2497a3
Exception occured: org.openqa.selenium.TimeoutException: timeout
  (Session info: chrome=67.0.3396.99)
  (Driver info: chromedriver=2.40.565498 (ea082db3280dd6843ebfb08a625e3eb905c4f5ab),platform=Windows NT 6.3.9600 x86_64) (WARNING: The server did not provide any stacktrace information)
Command duration or timeout: 10.01 seconds
Build info: version: &apos;2.53.0&apos;, revision: &apos;35ae25b1534ae328c771e0856c93e187490ca824&apos;, time: &apos;2016-03-15 10:43:46&apos;
System info: host: &apos;Nikil&apos;, ip: &apos;192.168.254.4&apos;, os.name: &apos;Windows 8.1&apos;, os.arch: &apos;amd64&apos;, os.version: &apos;6.3&apos;, java.version: &apos;1.8.0_131&apos;
Driver info: org.openqa.selenium.chrome.ChromeDriver
Capabilities [{applicationCacheEnabled=false, rotatable=false, mobileEmulationEnabled=false, networkConnectionEnabled=false, chrome={chromedriverVersion=2.40.565498 (ea082db3280dd6843ebfb08a625e3eb905c4f5ab), userDataDir=C:\Users\NIKILK~1\AppData\Local\Temp\scoped_dir13332_9007}, takesHeapSnapshot=true, pageLoadStrategy=normal, databaseEnabled=false, handlesAlerts=true, hasTouchScreen=false, version=67.0.3396.99, platform=WIN8_1, browserConnectionEnabled=false, nativeEvents=true, acceptSslCerts=false, acceptInsecureCerts=false, locationContextEnabled=true, webStorageEnabled=true, browserName=chrome, takesScreenshot=true, javascriptEnabled=true, cssSelectorsEnabled=true, setWindowRect=true, unexpectedAlertBehaviour=}]
Session ID: 0310d83ee2a38065a6f344275d2497a3
Exception occured: org.openqa.selenium.TimeoutException: timeout
  (Session info: chrome=67.0.3396.99)
  (Driver info: chromedriver=2.40.565498 (ea082db3280dd6843ebfb08a625e3eb905c4f5ab),platform=Windows NT 6.3.9600 x86_64) (WARNING: The server did not provide any stacktrace information)
Command duration or timeout: 10.01 seconds
Build info: version: &apos;2.53.0&apos;, revision: &apos;35ae25b1534ae328c771e0856c93e187490ca824&apos;, time: &apos;2016-03-15 10:43:46&apos;
System info: host: &apos;Nikil&apos;, ip: &apos;192.168.254.4&apos;, os.name: &apos;Windows 8.1&apos;, os.arch: &apos;amd64&apos;, os.version: &apos;6.3&apos;, java.version: &apos;1.8.0_131&apos;
Driver info: org.openqa.selenium.chrome.ChromeDriver
Capabilities [{applicationCacheEnabled=false, rotatable=false, mobileEmulationEnabled=false, networkConnectionEnabled=false, chrome={chromedriverVersion=2.40.565498 (ea082db3280dd6843ebfb08a625e3eb905c4f5ab), userDataDir=C:\Users\NIKILK~1\AppData\Local\Temp\scoped_dir13332_9007}, takesHeapSnapshot=true, pageLoadStrategy=normal, databaseEnabled=false, handlesAlerts=true, hasTouchScreen=false, version=67.0.3396.99, platform=WIN8_1, browserConnectionEnabled=false, nativeEvents=true, acceptSslCerts=false, acceptInsecureCerts=false, locationContextEnabled=true, webStorageEnabled=true, browserName=chrome, takesScreenshot=true, javascriptEnabled=true, cssSelectorsEnabled=true, setWindowRect=true, unexpectedAlertBehaviour=}]
Session ID: 0310d83ee2a38065a6f344275d2497a3
Exception occured: org.openqa.selenium.TimeoutException: timeout
  (Session info: chrome=67.0.3396.99)
  (Driver info: chromedriver=2.40.565498 (ea082db3280dd6843ebfb08a625e3eb905c4f5ab),platform=Windows NT 6.3.9600 x86_64) (WARNING: The server did not provide any stacktrace information)
Command duration or timeout: 10.04 seconds
Build info: version: &apos;2.53.0&apos;, revision: &apos;35ae25b1534ae328c771e0856c93e187490ca824&apos;, time: &apos;2016-03-15 10:43:46&apos;
System info: host: &apos;Nikil&apos;, ip: &apos;192.168.254.4&apos;, os.name: &apos;Windows 8.1&apos;, os.arch: &apos;amd64&apos;, os.version: &apos;6.3&apos;, java.version: &apos;1.8.0_131&apos;
Driver info: org.openqa.selenium.chrome.ChromeDriver
Capabilities [{applicationCacheEnabled=false, rotatable=false, mobileEmulationEnabled=false, networkConnectionEnabled=false, chrome={chromedriverVersion=2.40.565498 (ea082db3280dd6843ebfb08a625e3eb905c4f5ab), userDataDir=C:\Users\NIKILK~1\AppData\Local\Temp\scoped_dir13332_9007}, takesHeapSnapshot=true, pageLoadStrategy=normal, databaseEnabled=false, handlesAlerts=true, hasTouchScreen=false, version=67.0.3396.99, platform=WIN8_1, browserConnectionEnabled=false, nativeEvents=true, acceptSslCerts=false, acceptInsecureCerts=false, locationContextEnabled=true, webStorageEnabled=true, browserName=chrome, takesScreenshot=true, javascriptEnabled=true, cssSelectorsEnabled=true, setWindowRect=true, unexpectedAlertBehaviour=}]
Session ID: 0310d83ee2a38065a6f344275d2497a3
Exception occured: org.openqa.selenium.TimeoutException: timeout
  (Session info: chrome=67.0.3396.99)
  (Driver info: chromedriver=2.40.565498 (ea082db3280dd6843ebfb08a625e3eb905c4f5ab),platform=Windows NT 6.3.9600 x86_64) (WARNING: The server did not provide any stacktrace information)
Command duration or timeout: 10.01 seconds
Build info: version: &apos;2.53.0&apos;, revision: &apos;35ae25b1534ae328c771e0856c93e187490ca824&apos;, time: &apos;2016-03-15 10:43:46&apos;
System info: host: &apos;Nikil&apos;, ip: &apos;192.168.254.4&apos;, os.name: &apos;Windows 8.1&apos;, os.arch: &apos;amd64&apos;, os.version: &apos;6.3&apos;, java.version: &apos;1.8.0_131&apos;
Driver info: org.openqa.selenium.chrome.ChromeDriver
Capabilities [{applicationCacheEnabled=false, rotatable=false, mobileEmulationEnabled=false, networkConnectionEnabled=false, chrome={chromedriverVersion=2.40.565498 (ea082db3280dd6843ebfb08a625e3eb905c4f5ab), userDataDir=C:\Users\NIKILK~1\AppData\Local\Temp\scoped_dir13332_9007}, takesHeapSnapshot=true, pageLoadStrategy=normal, databaseEnabled=false, handlesAlerts=true, hasTouchScreen=false, version=67.0.3396.99, platform=WIN8_1, browserConnectionEnabled=false, nativeEvents=true, acceptSslCerts=false, acceptInsecureCerts=false, locationContextEnabled=true, webStorageEnabled=true, browserName=chrome, takesScreenshot=true, javascriptEnabled=true, cssSelectorsEnabled=true, setWindowRect=true, unexpectedAlertBehaviour=}]
Session ID: 0310d83ee2a38065a6f344275d2497a3
Exception occured: org.openqa.selenium.TimeoutException: timeout
  (Session info: chrome=67.0.3396.99)
  (Driver info: chromedriver=2.40.565498 (ea082db3280dd6843ebfb08a625e3eb905c4f5ab),platform=Windows NT 6.3.9600 x86_64) (WARNING: The server did not provide any stacktrace information)
Command duration or timeout: 10.01 seconds
Build info: version: &apos;2.53.0&apos;, revision: &apos;35ae25b1534ae328c771e0856c93e187490ca824&apos;, time: &apos;2016-03-15 10:43:46&apos;
System info: host: &apos;Nikil&apos;, ip: &apos;192.168.254.4&apos;, os.name: &apos;Windows 8.1&apos;, os.arch: &apos;amd64&apos;, os.version: &apos;6.3&apos;, java.version: &apos;1.8.0_131&apos;
Driver info: org.openqa.selenium.chrome.ChromeDriver
Capabilities [{applicationCacheEnabled=false, rotatable=false, mobileEmulationEnabled=false, networkConnectionEnabled=false, chrome={chromedriverVersion=2.40.565498 (ea082db3280dd6843ebfb08a625e3eb905c4f5ab), userDataDir=C:\Users\NIKILK~1\AppData\Local\Temp\scoped_dir13332_9007}, takesHeapSnapshot=true, pageLoadStrategy=normal, databaseEnabled=false, handlesAlerts=true, hasTouchScreen=false, version=67.0.3396.99, platform=WIN8_1, browserConnectionEnabled=false, nativeEvents=true, acceptSslCerts=false, acceptInsecureCerts=false, locationContextEnabled=true, webStorageEnabled=true, browserName=chrome, takesScreenshot=true, javascriptEnabled=true, cssSelectorsEnabled=true, setWindowRect=true, unexpectedAlertBehaviour=}]
Session ID: 0310d83ee2a38065a6f344275d2497a3
Exception occured: org.openqa.selenium.TimeoutException: timeout
  (Session info: chrome=67.0.3396.99)
  (Driver info: chromedriver=2.40.565498 (ea082db3280dd6843ebfb08a625e3eb905c4f5ab),platform=Windows NT 6.3.9600 x86_64) (WARNING: The server did not provide any stacktrace information)
Command duration or timeout: 10.01 seconds
Build info: version: &apos;2.53.0&apos;, revision: &apos;35ae25b1534ae328c771e0856c93e187490ca824&apos;, time: &apos;2016-03-15 10:43:46&apos;
System info: host: &apos;Nikil&apos;, ip: &apos;192.168.254.4&apos;, os.name: &apos;Windows 8.1&apos;, os.arch: &apos;amd64&apos;, os.version: &apos;6.3&apos;, java.version: &apos;1.8.0_131&apos;
Driver info: org.openqa.selenium.chrome.ChromeDriver
Capabilities [{applicationCacheEnabled=false, rotatable=false, mobileEmulationEnabled=false, networkConnectionEnabled=false, chrome={chromedriverVersion=2.40.565498 (ea082db3280dd6843ebfb08a625e3eb905c4f5ab), userDataDir=C:\Users\NIKILK~1\AppData\Local\Temp\scoped_dir13332_9007}, takesHeapSnapshot=true, pageLoadStrategy=normal, databaseEnabled=false, handlesAlerts=true, hasTouchScreen=false, version=67.0.3396.99, platform=WIN8_1, browserConnectionEnabled=false, nativeEvents=true, acceptSslCerts=false, acceptInsecureCerts=false, locationContextEnabled=true, webStorageEnabled=true, browserName=chrome, takesScreenshot=true, javascriptEnabled=true, cssSelectorsEnabled=true, setWindowRect=true, unexpectedAlertBehaviour=}]
Session ID: 0310d83ee2a38065a6f344275d2497a3
Exception occured: org.openqa.selenium.TimeoutException: timeout
  (Session info: chrome=67.0.3396.99)
  (Driver info: chromedriver=2.40.565498 (ea082db3280dd6843ebfb08a625e3eb905c4f5ab),platform=Windows NT 6.3.9600 x86_64) (WARNING: The server did not provide any stacktrace information)
Command duration or timeout: 10.01 seconds
Build info: version: &apos;2.53.0&apos;, revision: &apos;35ae25b1534ae328c771e0856c93e187490ca824&apos;, time: &apos;2016-03-15 10:43:46&apos;
System info: host: &apos;Nikil&apos;, ip: &apos;192.168.254.4&apos;, os.name: &apos;Windows 8.1&apos;, os.arch: &apos;amd64&apos;, os.version: &apos;6.3&apos;, java.version: &apos;1.8.0_131&apos;
Driver info: org.openqa.selenium.chrome.ChromeDriver
Capabilities [{applicationCacheEnabled=false, rotatable=false, mobileEmulationEnabled=false, networkConnectionEnabled=false, chrome={chromedriverVersion=2.40.565498 (ea082db3280dd6843ebfb08a625e3eb905c4f5ab), userDataDir=C:\Users\NIKILK~1\AppData\Local\Temp\scoped_dir13332_9007}, takesHeapSnapshot=true, pageLoadStrategy=normal, databaseEnabled=false, handlesAlerts=true, hasTouchScreen=false, version=67.0.3396.99, platform=WIN8_1, browserConnectionEnabled=false, nativeEvents=true, acceptSslCerts=false, acceptInsecureCerts=false, locationContextEnabled=true, webStorageEnabled=true, browserName=chrome, takesScreenshot=true, javascriptEnabled=true, cssSelectorsEnabled=true, setWindowRect=true, unexpectedAlertBehaviour=}]
Session ID: 0310d83ee2a38065a6f344275d2497a3
Exception occured: org.openqa.selenium.TimeoutException: timeout
  (Session info: chrome=67.0.3396.99)
  (Driver info: chromedriver=2.40.565498 (ea082db3280dd6843ebfb08a625e3eb905c4f5ab),platform=Windows NT 6.3.9600 x86_64) (WARNING: The server did not provide any stacktrace information)
Command duration or timeout: 10.01 seconds
Build info: version: &apos;2.53.0&apos;, revision: &apos;35ae25b1534ae328c771e0856c93e187490ca824&apos;, time: &apos;2016-03-15 10:43:46&apos;
System info: host: &apos;Nikil&apos;, ip: &apos;192.168.254.4&apos;, os.name: &apos;Windows 8.1&apos;, os.arch: &apos;amd64&apos;, os.version: &apos;6.3&apos;, java.version: &apos;1.8.0_131&apos;
Driver info: org.openqa.selenium.chrome.ChromeDriver
Capabilities [{applicationCacheEnabled=false, rotatable=false, mobileEmulationEnabled=false, networkConnectionEnabled=false, chrome={chromedriverVersion=2.40.565498 (ea082db3280dd6843ebfb08a625e3eb905c4f5ab), userDataDir=C:\Users\NIKILK~1\AppData\Local\Temp\scoped_dir13332_9007}, takesHeapSnapshot=true, pageLoadStrategy=normal, databaseEnabled=false, handlesAlerts=true, hasTouchScreen=false, version=67.0.3396.99, platform=WIN8_1, browserConnectionEnabled=false, nativeEvents=true, acceptSslCerts=false, acceptInsecureCerts=false, locationContextEnabled=true, webStorageEnabled=true, browserName=chrome, takesScreenshot=true, javascriptEnabled=true, cssSelectorsEnabled=true, setWindowRect=true, unexpectedAlertBehaviour=}]
Session ID: 0310d83ee2a38065a6f344275d2497a3
Exception occured: org.openqa.selenium.TimeoutException: timeout
  (Session info: chrome=67.0.3396.99)
  (Driver info: chromedriver=2.40.565498 (ea082db3280dd6843ebfb08a625e3eb905c4f5ab),platform=Windows NT 6.3.9600 x86_64) (WARNING: The server did not provide any stacktrace information)
Command duration or timeout: 10.01 seconds
Build info: version: &apos;2.53.0&apos;, revision: &apos;35ae25b1534ae328c771e0856c93e187490ca824&apos;, time: &apos;2016-03-15 10:43:46&apos;
System info: host: &apos;Nikil&apos;, ip: &apos;192.168.254.4&apos;, os.name: &apos;Windows 8.1&apos;, os.arch: &apos;amd64&apos;, os.version: &apos;6.3&apos;, java.version: &apos;1.8.0_131&apos;
Driver info: org.openqa.selenium.chrome.ChromeDriver
Capabilities [{applicationCacheEnabled=false, rotatable=false, mobileEmulationEnabled=false, networkConnectionEnabled=false, chrome={chromedriverVersion=2.40.565498 (ea082db3280dd6843ebfb08a625e3eb905c4f5ab), userDataDir=C:\Users\NIKILK~1\AppData\Local\Temp\scoped_dir13332_9007}, takesHeapSnapshot=true, pageLoadStrategy=normal, databaseEnabled=false, handlesAlerts=true, hasTouchScreen=false, version=67.0.3396.99, platform=WIN8_1, browserConnectionEnabled=false, nativeEvents=true, acceptSslCerts=false, acceptInsecureCerts=false, locationContextEnabled=true, webStorageEnabled=true, browserName=chrome, takesScreenshot=true, javascriptEnabled=true, cssSelectorsEnabled=true, setWindowRect=true, unexpectedAlertBehaviour=}]
Session ID: 0310d83ee2a38065a6f344275d2497a3
Exception occured: org.openqa.selenium.TimeoutException: timeout
  (Session info: chrome=67.0.3396.99)
  (Driver info: chromedriver=2.40.565498 (ea082db3280dd6843ebfb08a625e3eb905c4f5ab),platform=Windows NT 6.3.9600 x86_64) (WARNING: The server did not provide any stacktrace information)
Command duration or timeout: 10.01 seconds
Build info: version: &apos;2.53.0&apos;, revision: &apos;35ae25b1534ae328c771e0856c93e187490ca824&apos;, time: &apos;2016-03-15 10:43:46&apos;
System info: host: &apos;Nikil&apos;, ip: &apos;192.168.254.4&apos;, os.name: &apos;Windows 8.1&apos;, os.arch: &apos;amd64&apos;, os.version: &apos;6.3&apos;, java.version: &apos;1.8.0_131&apos;
Driver info: org.openqa.selenium.chrome.ChromeDriver
Capabilities [{applicationCacheEnabled=false, rotatable=false, mobileEmulationEnabled=false, networkConnectionEnabled=false, chrome={chromedriverVersion=2.40.565498 (ea082db3280dd6843ebfb08a625e3eb905c4f5ab), userDataDir=C:\Users\NIKILK~1\AppData\Local\Temp\scoped_dir13332_9007}, takesHeapSnapshot=true, pageLoadStrategy=normal, databaseEnabled=false, handlesAlerts=true, hasTouchScreen=false, version=67.0.3396.99, platform=WIN8_1, browserConnectionEnabled=false, nativeEvents=true, acceptSslCerts=false, acceptInsecureCerts=false, locationContextEnabled=true, webStorageEnabled=true, browserName=chrome, takesScreenshot=true, javascriptEnabled=true, cssSelectorsEnabled=true, setWindowRect=true, unexpectedAlertBehaviour=}]
Session ID: 0310d83ee2a38065a6f344275d2497a3
Exception occured: org.openqa.selenium.TimeoutException: timeout
  (Session info: chrome=67.0.3396.99)
  (Driver info: chromedriver=2.40.565498 (ea082db3280dd6843ebfb08a625e3eb905c4f5ab),platform=Windows NT 6.3.9600 x86_64) (WARNING: The server did not provide any stacktrace information)
Command duration or timeout: 10.01 seconds
Build info: version: &apos;2.53.0&apos;, revision: &apos;35ae25b1534ae328c771e0856c93e187490ca824&apos;, time: &apos;2016-03-15 10:43:46&apos;
System info: host: &apos;Nikil&apos;, ip: &apos;192.168.254.4&apos;, os.name: &apos;Windows 8.1&apos;, os.arch: &apos;amd64&apos;, os.version: &apos;6.3&apos;, java.version: &apos;1.8.0_131&apos;
Driver info: org.openqa.selenium.chrome.ChromeDriver
Capabilities [{applicationCacheEnabled=false, rotatable=false, mobileEmulationEnabled=false, networkConnectionEnabled=false, chrome={chromedriverVersion=2.40.565498 (ea082db3280dd6843ebfb08a625e3eb905c4f5ab), userDataDir=C:\Users\NIKILK~1\AppData\Local\Temp\scoped_dir13332_9007}, takesHeapSnapshot=true, pageLoadStrategy=normal, databaseEnabled=false, handlesAlerts=true, hasTouchScreen=false, version=67.0.3396.99, platform=WIN8_1, browserConnectionEnabled=false, nativeEvents=true, acceptSslCerts=false, acceptInsecureCerts=false, locationContextEnabled=true, webStorageEnabled=true, browserName=chrome, takesScreenshot=true, javascriptEnabled=true, cssSelectorsEnabled=true, setWindowRect=true, unexpectedAlertBehaviour=}]
Session ID: 0310d83ee2a38065a6f344275d2497a3
Exception occured: org.openqa.selenium.TimeoutException: timeout
  (Session info: chrome=67.0.3396.99)
  (Driver info: chromedriver=2.40.565498 (ea082db3280dd6843ebfb08a625e3eb905c4f5ab),platform=Windows NT 6.3.9600 x86_64) (WARNING: The server did not provide any stacktrace information)
Command duration or timeout: 10.01 seconds
Build info: version: &apos;2.53.0&apos;, revision: &apos;35ae25b1534ae328c771e0856c93e187490ca824&apos;, time: &apos;2016-03-15 10:43:46&apos;
System info: host: &apos;Nikil&apos;, ip: &apos;192.168.254.4&apos;, os.name: &apos;Windows 8.1&apos;, os.arch: &apos;amd64&apos;, os.version: &apos;6.3&apos;, java.version: &apos;1.8.0_131&apos;
Driver info: org.openqa.selenium.chrome.ChromeDriver
Capabilities [{applicationCacheEnabled=false, rotatable=false, mobileEmulationEnabled=false, networkConnectionEnabled=false, chrome={chromedriverVersion=2.40.565498 (ea082db3280dd6843ebfb08a625e3eb905c4f5ab), userDataDir=C:\Users\NIKILK~1\AppData\Local\Temp\scoped_dir13332_9007}, takesHeapSnapshot=true, pageLoadStrategy=normal, databaseEnabled=false, handlesAlerts=true, hasTouchScreen=false, version=67.0.3396.99, platform=WIN8_1, browserConnectionEnabled=false, nativeEvents=true, acceptSslCerts=false, acceptInsecureCerts=false, locationContextEnabled=true, webStorageEnabled=true, browserName=chrome, takesScreenshot=true, javascriptEnabled=true, cssSelectorsEnabled=true, setWindowRect=true, unexpectedAlertBehaviour=}]
Session ID: 0310d83ee2a38065a6f344275d2497a3
Exception occured: org.openqa.selenium.TimeoutException: timeout
  (Session info: chrome=67.0.3396.99)
  (Driver info: chromedriver=2.40.565498 (ea082db3280dd6843ebfb08a625e3eb905c4f5ab),platform=Windows NT 6.3.9600 x86_64) (WARNING: The server did not provide any stacktrace information)
Command duration or timeout: 10.01 seconds
Build info: version: &apos;2.53.0&apos;, revision: &apos;35ae25b1534ae328c771e0856c93e187490ca824&apos;, time: &apos;2016-03-15 10:43:46&apos;
System info: host: &apos;Nikil&apos;, ip: &apos;192.168.254.4&apos;, os.name: &apos;Windows 8.1&apos;, os.arch: &apos;amd64&apos;, os.version: &apos;6.3&apos;, java.version: &apos;1.8.0_131&apos;
Driver info: org.openqa.selenium.chrome.ChromeDriver
Capabilities [{applicationCacheEnabled=false, rotatable=false, mobileEmulationEnabled=false, networkConnectionEnabled=false, chrome={chromedriverVersion=2.40.565498 (ea082db3280dd6843ebfb08a625e3eb905c4f5ab), userDataDir=C:\Users\NIKILK~1\AppData\Local\Temp\scoped_dir13332_9007}, takesHeapSnapshot=true, pageLoadStrategy=normal, databaseEnabled=false, handlesAlerts=true, hasTouchScreen=false, version=67.0.3396.99, platform=WIN8_1, browserConnectionEnabled=false, nativeEvents=true, acceptSslCerts=false, acceptInsecureCerts=false, locationContextEnabled=true, webStorageEnabled=true, browserName=chrome, takesScreenshot=true, javascriptEnabled=true, cssSelectorsEnabled=true, setWindowRect=true, unexpectedAlertBehaviour=}]
Session ID: 0310d83ee2a38065a6f344275d2497a3
Exception occured: org.openqa.selenium.TimeoutException: timeout
  (Session info: chrome=67.0.3396.99)
  (Driver info: chromedriver=2.40.565498 (ea082db3280dd6843ebfb08a625e3eb905c4f5ab),platform=Windows NT 6.3.9600 x86_64) (WARNING: The server did not provide any stacktrace information)
Command duration or timeout: 10.01 seconds
Build info: version: &apos;2.53.0&apos;, revision: &apos;35ae25b1534ae328c771e0856c93e187490ca824&apos;, time: &apos;2016-03-15 10:43:46&apos;
System info: host: &apos;Nikil&apos;, ip: &apos;192.168.254.4&apos;, os.name: &apos;Windows 8.1&apos;, os.arch: &apos;amd64&apos;, os.version: &apos;6.3&apos;, java.version: &apos;1.8.0_131&apos;
Driver info: org.openqa.selenium.chrome.ChromeDriver
Capabilities [{applicationCacheEnabled=false, rotatable=false, mobileEmulationEnabled=false, networkConnectionEnabled=false, chrome={chromedriverVersion=2.40.565498 (ea082db3280dd6843ebfb08a625e3eb905c4f5ab), userDataDir=C:\Users\NIKILK~1\AppData\Local\Temp\scoped_dir13332_9007}, takesHeapSnapshot=true, pageLoadStrategy=normal, databaseEnabled=false, handlesAlerts=true, hasTouchScreen=false, version=67.0.3396.99, platform=WIN8_1, browserConnectionEnabled=false, nativeEvents=true, acceptSslCerts=false, acceptInsecureCerts=false, locationContextEnabled=true, webStorageEnabled=true, browserName=chrome, takesScreenshot=true, javascriptEnabled=true, cssSelectorsEnabled=true, setWindowRect=true, unexpectedAlertBehaviour=}]
Session ID: 0310d83ee2a38065a6f344275d2497a3
Exception occured: org.openqa.selenium.TimeoutException: timeout
  (Session info: chrome=67.0.3396.99)
  (Driver info: chromedriver=2.40.565498 (ea082db3280dd6843ebfb08a625e3eb905c4f5ab),platform=Windows NT 6.3.9600 x86_64) (WARNING: The server did not provide any stacktrace information)
Command duration or timeout: 10.01 seconds
Build info: version: &apos;2.53.0&apos;, revision: &apos;35ae25b1534ae328c771e0856c93e187490ca824&apos;, time: &apos;2016-03-15 10:43:46&apos;
System info: host: &apos;Nikil&apos;, ip: &apos;192.168.254.4&apos;, os.name: &apos;Windows 8.1&apos;, os.arch: &apos;amd64&apos;, os.version: &apos;6.3&apos;, java.version: &apos;1.8.0_131&apos;
Driver info: org.openqa.selenium.chrome.ChromeDriver
Capabilities [{applicationCacheEnabled=false, rotatable=false, mobileEmulationEnabled=false, networkConnectionEnabled=false, chrome={chromedriverVersion=2.40.565498 (ea082db3280dd6843ebfb08a625e3eb905c4f5ab), userDataDir=C:\Users\NIKILK~1\AppData\Local\Temp\scoped_dir13332_9007}, takesHeapSnapshot=true, pageLoadStrategy=normal, databaseEnabled=false, handlesAlerts=true, hasTouchScreen=false, version=67.0.3396.99, platform=WIN8_1, browserConnectionEnabled=false, nativeEvents=true, acceptSslCerts=false, acceptInsecureCerts=false, locationContextEnabled=true, webStorageEnabled=true, browserName=chrome, takesScreenshot=true, javascriptEnabled=true, cssSelectorsEnabled=true, setWindowRect=true, unexpectedAlertBehaviour=}]
Session ID: 0310d83ee2a38065a6f344275d2497a3
Exception occured: org.openqa.selenium.TimeoutException: timeout
  (Session info: chrome=67.0.3396.99)
  (Driver info: chromedriver=2.40.565498 (ea082db3280dd6843ebfb08a625e3eb905c4f5ab),platform=Windows NT 6.3.9600 x86_64) (WARNING: The server did not provide any stacktrace information)
Command duration or timeout: 10.01 seconds
Build info: version: &apos;2.53.0&apos;, revision: &apos;35ae25b1534ae328c771e0856c93e187490ca824&apos;, time: &apos;2016-03-15 10:43:46&apos;
System info: host: &apos;Nikil&apos;, ip: &apos;192.168.254.4&apos;, os.name: &apos;Windows 8.1&apos;, os.arch: &apos;amd64&apos;, os.version: &apos;6.3&apos;, java.version: &apos;1.8.0_131&apos;
Driver info: org.openqa.selenium.chrome.ChromeDriver
Capabilities [{applicationCacheEnabled=false, rotatable=false, mobileEmulationEnabled=false, networkConnectionEnabled=false, chrome={chromedriverVersion=2.40.565498 (ea082db3280dd6843ebfb08a625e3eb905c4f5ab), userDataDir=C:\Users\NIKILK~1\AppData\Local\Temp\scoped_dir13332_9007}, takesHeapSnapshot=true, pageLoadStrategy=normal, databaseEnabled=false, handlesAlerts=true, hasTouchScreen=false, version=67.0.3396.99, platform=WIN8_1, browserConnectionEnabled=false, nativeEvents=true, acceptSslCerts=false, acceptInsecureCerts=false, locationContextEnabled=true, webStorageEnabled=true, browserName=chrome, takesScreenshot=true, javascriptEnabled=true, cssSelectorsEnabled=true, setWindowRect=true, unexpectedAlertBehaviour=}]
Session ID: 0310d83ee2a38065a6f344275d2497a3
Exception occured: org.openqa.selenium.TimeoutException: timeout
  (Session info: chrome=67.0.3396.99)
  (Driver info: chromedriver=2.40.565498 (ea082db3280dd6843ebfb08a625e3eb905c4f5ab),platform=Windows NT 6.3.9600 x86_64) (WARNING: The server did not provide any stacktrace information)
Command duration or timeout: 10.01 seconds
Build info: version: &apos;2.53.0&apos;, revision: &apos;35ae25b1534ae328c771e0856c93e187490ca824&apos;, time: &apos;2016-03-15 10:43:46&apos;
System info: host: &apos;Nikil&apos;, ip: &apos;192.168.254.4&apos;, os.name: &apos;Windows 8.1&apos;, os.arch: &apos;amd64&apos;, os.version: &apos;6.3&apos;, java.version: &apos;1.8.0_131&apos;
Driver info: org.openqa.selenium.chrome.ChromeDriver
Capabilities [{applicationCacheEnabled=false, rotatable=false, mobileEmulationEnabled=false, networkConnectionEnabled=false, chrome={chromedriverVersion=2.40.565498 (ea082db3280dd6843ebfb08a625e3eb905c4f5ab), userDataDir=C:\Users\NIKILK~1\AppData\Local\Temp\scoped_dir13332_9007}, takesHeapSnapshot=true, pageLoadStrategy=normal, databaseEnabled=false, handlesAlerts=true, hasTouchScreen=false, version=67.0.3396.99, platform=WIN8_1, browserConnectionEnabled=false, nativeEvents=true, acceptSslCerts=false, acceptInsecureCerts=false, locationContextEnabled=true, webStorageEnabled=true, browserName=chrome, takesScreenshot=true, javascriptEnabled=true, cssSelectorsEnabled=true, setWindowRect=true, unexpectedAlertBehaviour=}]
Session ID: 0310d83ee2a38065a6f344275d2497a3
Exception occured: org.openqa.selenium.TimeoutException: timeout
  (Session info: chrome=67.0.3396.99)
  (Driver info: chromedriver=2.40.565498 (ea082db3280dd6843ebfb08a625e3eb905c4f5ab),platform=Windows NT 6.3.9600 x86_64) (WARNING: The server did not provide any stacktrace information)
Command duration or timeout: 10.01 seconds
Build info: version: &apos;2.53.0&apos;, revision: &apos;35ae25b1534ae328c771e0856c93e187490ca824&apos;, time: &apos;2016-03-15 10:43:46&apos;
System info: host: &apos;Nikil&apos;, ip: &apos;192.168.254.4&apos;, os.name: &apos;Windows 8.1&apos;, os.arch: &apos;amd64&apos;, os.version: &apos;6.3&apos;, java.version: &apos;1.8.0_131&apos;
Driver info: org.openqa.selenium.chrome.ChromeDriver
Capabilities [{applicationCacheEnabled=false, rotatable=false, mobileEmulationEnabled=false, networkConnectionEnabled=false, chrome={chromedriverVersion=2.40.565498 (ea082db3280dd6843ebfb08a625e3eb905c4f5ab), userDataDir=C:\Users\NIKILK~1\AppData\Local\Temp\scoped_dir13332_9007}, takesHeapSnapshot=true, pageLoadStrategy=normal, databaseEnabled=false, handlesAlerts=true, hasTouchScreen=false, version=67.0.3396.99, platform=WIN8_1, browserConnectionEnabled=false, nativeEvents=true, acceptSslCerts=false, acceptInsecureCerts=false, locationContextEnabled=true, webStorageEnabled=true, browserName=chrome, takesScreenshot=true, javascriptEnabled=true, cssSelectorsEnabled=true, setWindowRect=true, unexpectedAlertBehaviour=}]
Session ID: 0310d83ee2a38065a6f344275d2497a3
Exception occured: org.openqa.selenium.TimeoutException: timeout
  (Session info: chrome=67.0.3396.99)
  (Driver info: chromedriver=2.40.565498 (ea082db3280dd6843ebfb08a625e3eb905c4f5ab),platform=Windows NT 6.3.9600 x86_64) (WARNING: The server did not provide any stacktrace information)
Command duration or timeout: 10.01 seconds
Build info: version: &apos;2.53.0&apos;, revision: &apos;35ae25b1534ae328c771e0856c93e187490ca824&apos;, time: &apos;2016-03-15 10:43:46&apos;
System info: host: &apos;Nikil&apos;, ip: &apos;192.168.254.4&apos;, os.name: &apos;Windows 8.1&apos;, os.arch: &apos;amd64&apos;, os.version: &apos;6.3&apos;, java.version: &apos;1.8.0_131&apos;
Driver info: org.openqa.selenium.chrome.ChromeDriver
Capabilities [{applicationCacheEnabled=false, rotatable=false, mobileEmulationEnabled=false, networkConnectionEnabled=false, chrome={chromedriverVersion=2.40.565498 (ea082db3280dd6843ebfb08a625e3eb905c4f5ab), userDataDir=C:\Users\NIKILK~1\AppData\Local\Temp\scoped_dir13332_9007}, takesHeapSnapshot=true, pageLoadStrategy=normal, databaseEnabled=false, handlesAlerts=true, hasTouchScreen=false, version=67.0.3396.99, platform=WIN8_1, browserConnectionEnabled=false, nativeEvents=true, acceptSslCerts=false, acceptInsecureCerts=false, locationContextEnabled=true, webStorageEnabled=true, browserName=chrome, takesScreenshot=true, javascriptEnabled=true, cssSelectorsEnabled=true, setWindowRect=true, unexpectedAlertBehaviour=}]
Session ID: 0310d83ee2a38065a6f344275d2497a3
Exception occured: org.openqa.selenium.TimeoutException: timeout
  (Session info: chrome=67.0.3396.99)
  (Driver info: chromedriver=2.40.565498 (ea082db3280dd6843ebfb08a625e3eb905c4f5ab),platform=Windows NT 6.3.9600 x86_64) (WARNING: The server did not provide any stacktrace information)
Command duration or timeout: 10.01 seconds
Build info: version: &apos;2.53.0&apos;, revision: &apos;35ae25b1534ae328c771e0856c93e187490ca824&apos;, time: &apos;2016-03-15 10:43:46&apos;
System info: host: &apos;Nikil&apos;, ip: &apos;192.168.254.4&apos;, os.name: &apos;Windows 8.1&apos;, os.arch: &apos;amd64&apos;, os.version: &apos;6.3&apos;, java.version: &apos;1.8.0_131&apos;
Driver info: org.openqa.selenium.chrome.ChromeDriver
Capabilities [{applicationCacheEnabled=false, rotatable=false, mobileEmulationEnabled=false, networkConnectionEnabled=false, chrome={chromedriverVersion=2.40.565498 (ea082db3280dd6843ebfb08a625e3eb905c4f5ab), userDataDir=C:\Users\NIKILK~1\AppData\Local\Temp\scoped_dir13332_9007}, takesHeapSnapshot=true, pageLoadStrategy=normal, databaseEnabled=false, handlesAlerts=true, hasTouchScreen=false, version=67.0.3396.99, platform=WIN8_1, browserConnectionEnabled=false, nativeEvents=true, acceptSslCerts=false, acceptInsecureCerts=false, locationContextEnabled=true, webStorageEnabled=true, browserName=chrome, takesScreenshot=true, javascriptEnabled=true, cssSelectorsEnabled=true, setWindowRect=true, unexpectedAlertBehaviour=}]
Session ID: 0310d83ee2a38065a6f344275d2497a3
Exception occured: org.openqa.selenium.TimeoutException: timeout
  (Session info: chrome=67.0.3396.99)
  (Driver info: chromedriver=2.40.565498 (ea082db3280dd6843ebfb08a625e3eb905c4f5ab),platform=Windows NT 6.3.9600 x86_64) (WARNING: The server did not provide any stacktrace information)
Command duration or timeout: 10.01 seconds
Build info: version: &apos;2.53.0&apos;, revision: &apos;35ae25b1534ae328c771e0856c93e187490ca824&apos;, time: &apos;2016-03-15 10:43:46&apos;
System info: host: &apos;Nikil&apos;, ip: &apos;192.168.254.4&apos;, os.name: &apos;Windows 8.1&apos;, os.arch: &apos;amd64&apos;, os.version: &apos;6.3&apos;, java.version: &apos;1.8.0_131&apos;
Driver info: org.openqa.selenium.chrome.ChromeDriver
Capabilities [{applicationCacheEnabled=false, rotatable=false, mobileEmulationEnabled=false, networkConnectionEnabled=false, chrome={chromedriverVersion=2.40.565498 (ea082db3280dd6843ebfb08a625e3eb905c4f5ab), userDataDir=C:\Users\NIKILK~1\AppData\Local\Temp\scoped_dir13332_9007}, takesHeapSnapshot=true, pageLoadStrategy=normal, databaseEnabled=false, handlesAlerts=true, hasTouchScreen=false, version=67.0.3396.99, platform=WIN8_1, browserConnectionEnabled=false, nativeEvents=true, acceptSslCerts=false, acceptInsecureCerts=false, locationContextEnabled=true, webStorageEnabled=true, browserName=chrome, takesScreenshot=true, javascriptEnabled=true, cssSelectorsEnabled=true, setWindowRect=true, unexpectedAlertBehaviour=}]
Session ID: 0310d83ee2a38065a6f344275d2497a3
Exception occured: org.openqa.selenium.TimeoutException: timeout
  (Session info: chrome=67.0.3396.99)
  (Driver info: chromedriver=2.40.565498 (ea082db3280dd6843ebfb08a625e3eb905c4f5ab),platform=Windows NT 6.3.9600 x86_64) (WARNING: The server did not provide any stacktrace information)
Command duration or timeout: 10.01 seconds
Build info: version: &apos;2.53.0&apos;, revision: &apos;35ae25b1534ae328c771e0856c93e187490ca824&apos;, time: &apos;2016-03-15 10:43:46&apos;
System info: host: &apos;Nikil&apos;, ip: &apos;192.168.254.4&apos;, os.name: &apos;Windows 8.1&apos;, os.arch: &apos;amd64&apos;, os.version: &apos;6.3&apos;, java.version: &apos;1.8.0_131&apos;
Driver info: org.openqa.selenium.chrome.ChromeDriver
Capabilities [{applicationCacheEnabled=false, rotatable=false, mobileEmulationEnabled=false, networkConnectionEnabled=false, chrome={chromedriverVersion=2.40.565498 (ea082db3280dd6843ebfb08a625e3eb905c4f5ab), userDataDir=C:\Users\NIKILK~1\AppData\Local\Temp\scoped_dir13332_9007}, takesHeapSnapshot=true, pageLoadStrategy=normal, databaseEnabled=false, handlesAlerts=true, hasTouchScreen=false, version=67.0.3396.99, platform=WIN8_1, browserConnectionEnabled=false, nativeEvents=true, acceptSslCerts=false, acceptInsecureCerts=false, locationContextEnabled=true, webStorageEnabled=true, browserName=chrome, takesScreenshot=true, javascriptEnabled=true, cssSelectorsEnabled=true, setWindowRect=true, unexpectedAlertBehaviour=}]
Session ID: 0310d83ee2a38065a6f344275d2497a3
Exception occured: org.openqa.selenium.TimeoutException: timeout
  (Session info: chrome=67.0.3396.99)
  (Driver info: chromedriver=2.40.565498 (ea082db3280dd6843ebfb08a625e3eb905c4f5ab),platform=Windows NT 6.3.9600 x86_64) (WARNING: The server did not provide any stacktrace information)
Command duration or timeout: 10.01 seconds
Build info: version: &apos;2.53.0&apos;, revision: &apos;35ae25b1534ae328c771e0856c93e187490ca824&apos;, time: &apos;2016-03-15 10:43:46&apos;
System info: host: &apos;Nikil&apos;, ip: &apos;192.168.254.4&apos;, os.name: &apos;Windows 8.1&apos;, os.arch: &apos;amd64&apos;, os.version: &apos;6.3&apos;, java.version: &apos;1.8.0_131&apos;
Driver info: org.openqa.selenium.chrome.ChromeDriver
Capabilities [{applicationCacheEnabled=false, rotatable=false, mobileEmulationEnabled=false, networkConnectionEnabled=false, chrome={chromedriverVersion=2.40.565498 (ea082db3280dd6843ebfb08a625e3eb905c4f5ab), userDataDir=C:\Users\NIKILK~1\AppData\Local\Temp\scoped_dir13332_9007}, takesHeapSnapshot=true, pageLoadStrategy=normal, databaseEnabled=false, handlesAlerts=true, hasTouchScreen=false, version=67.0.3396.99, platform=WIN8_1, browserConnectionEnabled=false, nativeEvents=true, acceptSslCerts=false, acceptInsecureCerts=false, locationContextEnabled=true, webStorageEnabled=true, browserName=chrome, takesScreenshot=true, javascriptEnabled=true, cssSelectorsEnabled=true, setWindowRect=true, unexpectedAlertBehaviour=}]
Session ID: 0310d83ee2a38065a6f344275d2497a3
Exception occured: org.openqa.selenium.TimeoutException: timeout
  (Session info: chrome=67.0.3396.99)
  (Driver info: chromedriver=2.40.565498 (ea082db3280dd6843ebfb08a625e3eb905c4f5ab),platform=Windows NT 6.3.9600 x86_64) (WARNING: The server did not provide any stacktrace information)
Command duration or timeout: 10.01 seconds
Build info: version: &apos;2.53.0&apos;, revision: &apos;35ae25b1534ae328c771e0856c93e187490ca824&apos;, time: &apos;2016-03-15 10:43:46&apos;
System info: host: &apos;Nikil&apos;, ip: &apos;192.168.254.4&apos;, os.name: &apos;Windows 8.1&apos;, os.arch: &apos;amd64&apos;, os.version: &apos;6.3&apos;, java.version: &apos;1.8.0_131&apos;
Driver info: org.openqa.selenium.chrome.ChromeDriver
Capabilities [{applicationCacheEnabled=false, rotatable=false, mobileEmulationEnabled=false, networkConnectionEnabled=false, chrome={chromedriverVersion=2.40.565498 (ea082db3280dd6843ebfb08a625e3eb905c4f5ab), userDataDir=C:\Users\NIKILK~1\AppData\Local\Temp\scoped_dir13332_9007}, takesHeapSnapshot=true, pageLoadStrategy=normal, databaseEnabled=false, handlesAlerts=true, hasTouchScreen=false, version=67.0.3396.99, platform=WIN8_1, browserConnectionEnabled=false, nativeEvents=true, acceptSslCerts=false, acceptInsecureCerts=false, locationContextEnabled=true, webStorageEnabled=true, browserName=chrome, takesScreenshot=true, javascriptEnabled=true, cssSelectorsEnabled=true, setWindowRect=true, unexpectedAlertBehaviour=}]
Session ID: 0310d83ee2a38065a6f344275d2497a3
Exception occured: org.openqa.selenium.TimeoutException: timeout
  (Session info: chrome=67.0.3396.99)
  (Driver info: chromedriver=2.40.565498 (ea082db3280dd6843ebfb08a625e3eb905c4f5ab),platform=Windows NT 6.3.9600 x86_64) (WARNING: The server did not provide any stacktrace information)
Command duration or timeout: 10.01 seconds
Build info: version: &apos;2.53.0&apos;, revision: &apos;35ae25b1534ae328c771e0856c93e187490ca824&apos;, time: &apos;2016-03-15 10:43:46&apos;
System info: host: &apos;Nikil&apos;, ip: &apos;192.168.254.4&apos;, os.name: &apos;Windows 8.1&apos;, os.arch: &apos;amd64&apos;, os.version: &apos;6.3&apos;, java.version: &apos;1.8.0_131&apos;
Driver info: org.openqa.selenium.chrome.ChromeDriver
Capabilities [{applicationCacheEnabled=false, rotatable=false, mobileEmulationEnabled=false, networkConnectionEnabled=false, chrome={chromedriverVersion=2.40.565498 (ea082db3280dd6843ebfb08a625e3eb905c4f5ab), userDataDir=C:\Users\NIKILK~1\AppData\Local\Temp\scoped_dir13332_9007}, takesHeapSnapshot=true, pageLoadStrategy=normal, databaseEnabled=false, handlesAlerts=true, hasTouchScreen=false, version=67.0.3396.99, platform=WIN8_1, browserConnectionEnabled=false, nativeEvents=true, acceptSslCerts=false, acceptInsecureCerts=false, locationContextEnabled=true, webStorageEnabled=true, browserName=chrome, takesScreenshot=true, javascriptEnabled=true, cssSelectorsEnabled=true, setWindowRect=true, unexpectedAlertBehaviour=}]
Session ID: 0310d83ee2a38065a6f344275d2497a3
Exception occured: org.openqa.selenium.TimeoutException: timeout
  (Session info: chrome=67.0.3396.99)
  (Driver info: chromedriver=2.40.565498 (ea082db3280dd6843ebfb08a625e3eb905c4f5ab),platform=Windows NT 6.3.9600 x86_64) (WARNING: The server did not provide any stacktrace information)
Command duration or timeout: 10.01 seconds
Build info: version: &apos;2.53.0&apos;, revision: &apos;35ae25b1534ae328c771e0856c93e187490ca824&apos;, time: &apos;2016-03-15 10:43:46&apos;
System info: host: &apos;Nikil&apos;, ip: &apos;192.168.254.4&apos;, os.name: &apos;Windows 8.1&apos;, os.arch: &apos;amd64&apos;, os.version: &apos;6.3&apos;, java.version: &apos;1.8.0_131&apos;
Driver info: org.openqa.selenium.chrome.ChromeDriver
Capabilities [{applicationCacheEnabled=false, rotatable=false, mobileEmulationEnabled=false, networkConnectionEnabled=false, chrome={chromedriverVersion=2.40.565498 (ea082db3280dd6843ebfb08a625e3eb905c4f5ab), userDataDir=C:\Users\NIKILK~1\AppData\Local\Temp\scoped_dir13332_9007}, takesHeapSnapshot=true, pageLoadStrategy=normal, databaseEnabled=false, handlesAlerts=true, hasTouchScreen=false, version=67.0.3396.99, platform=WIN8_1, browserConnectionEnabled=false, nativeEvents=true, acceptSslCerts=false, acceptInsecureCerts=false, locationContextEnabled=true, webStorageEnabled=true, browserName=chrome, takesScreenshot=true, javascriptEnabled=true, cssSelectorsEnabled=true, setWindowRect=true, unexpectedAlertBehaviour=}]
Session ID: 0310d83ee2a38065a6f344275d2497a3
Exception occured: org.openqa.selenium.TimeoutException: timeout
  (Session info: chrome=67.0.3396.99)
  (Driver info: chromedriver=2.40.565498 (ea082db3280dd6843ebfb08a625e3eb905c4f5ab),platform=Windows NT 6.3.9600 x86_64) (WARNING: The server did not provide any stacktrace information)
Command duration or timeout: 10.01 seconds
Build info: version: &apos;2.53.0&apos;, revision: &apos;35ae25b1534ae328c771e0856c93e187490ca824&apos;, time: &apos;2016-03-15 10:43:46&apos;
System info: host: &apos;Nikil&apos;, ip: &apos;192.168.254.4&apos;, os.name: &apos;Windows 8.1&apos;, os.arch: &apos;amd64&apos;, os.version: &apos;6.3&apos;, java.version: &apos;1.8.0_131&apos;
Driver info: org.openqa.selenium.chrome.ChromeDriver
Capabilities [{applicationCacheEnabled=false, rotatable=false, mobileEmulationEnabled=false, networkConnectionEnabled=false, chrome={chromedriverVersion=2.40.565498 (ea082db3280dd6843ebfb08a625e3eb905c4f5ab), userDataDir=C:\Users\NIKILK~1\AppData\Local\Temp\scoped_dir13332_9007}, takesHeapSnapshot=true, pageLoadStrategy=normal, databaseEnabled=false, handlesAlerts=true, hasTouchScreen=false, version=67.0.3396.99, platform=WIN8_1, browserConnectionEnabled=false, nativeEvents=true, acceptSslCerts=false, acceptInsecureCerts=false, locationContextEnabled=true, webStorageEnabled=true, browserName=chrome, takesScreenshot=true, javascriptEnabled=true, cssSelectorsEnabled=true, setWindowRect=true, unexpectedAlertBehaviour=}]
Session ID: 0310d83ee2a38065a6f344275d2497a3
Exception occured: org.openqa.selenium.TimeoutException: timeout
  (Session info: chrome=67.0.3396.99)
  (Driver info: chromedriver=2.40.565498 (ea082db3280dd6843ebfb08a625e3eb905c4f5ab),platform=Windows NT 6.3.9600 x86_64) (WARNING: The server did not provide any stacktrace information)
Command duration or timeout: 10.01 seconds
Build info: version: &apos;2.53.0&apos;, revision: &apos;35ae25b1534ae328c771e0856c93e187490ca824&apos;, time: &apos;2016-03-15 10:43:46&apos;
System info: host: &apos;Nikil&apos;, ip: &apos;192.168.254.4&apos;, os.name: &apos;Windows 8.1&apos;, os.arch: &apos;amd64&apos;, os.version: &apos;6.3&apos;, java.version: &apos;1.8.0_131&apos;
Driver info: org.openqa.selenium.chrome.ChromeDriver
Capabilities [{applicationCacheEnabled=false, rotatable=false, mobileEmulationEnabled=false, networkConnectionEnabled=false, chrome={chromedriverVersion=2.40.565498 (ea082db3280dd6843ebfb08a625e3eb905c4f5ab), userDataDir=C:\Users\NIKILK~1\AppData\Local\Temp\scoped_dir13332_9007}, takesHeapSnapshot=true, pageLoadStrategy=normal, databaseEnabled=false, handlesAlerts=true, hasTouchScreen=false, version=67.0.3396.99, platform=WIN8_1, browserConnectionEnabled=false, nativeEvents=true, acceptSslCerts=false, acceptInsecureCerts=false, locationContextEnabled=true, webStorageEnabled=true, browserName=chrome, takesScreenshot=true, javascriptEnabled=true, cssSelectorsEnabled=true, setWindowRect=true, unexpectedAlertBehaviour=}]
Session ID: 0310d83ee2a38065a6f344275d2497a3
Exception occured: org.openqa.selenium.TimeoutException: timeout
  (Session info: chrome=67.0.3396.99)
  (Driver info: chromedriver=2.40.565498 (ea082db3280dd6843ebfb08a625e3eb905c4f5ab),platform=Windows NT 6.3.9600 x86_64) (WARNING: The server did not provide any stacktrace information)
Command duration or timeout: 10.01 seconds
Build info: version: &apos;2.53.0&apos;, revision: &apos;35ae25b1534ae328c771e0856c93e187490ca824&apos;, time: &apos;2016-03-15 10:43:46&apos;
System info: host: &apos;Nikil&apos;, ip: &apos;192.168.254.4&apos;, os.name: &apos;Windows 8.1&apos;, os.arch: &apos;amd64&apos;, os.version: &apos;6.3&apos;, java.version: &apos;1.8.0_131&apos;
Driver info: org.openqa.selenium.chrome.ChromeDriver
Capabilities [{applicationCacheEnabled=false, rotatable=false, mobileEmulationEnabled=false, networkConnectionEnabled=false, chrome={chromedriverVersion=2.40.565498 (ea082db3280dd6843ebfb08a625e3eb905c4f5ab), userDataDir=C:\Users\NIKILK~1\AppData\Local\Temp\scoped_dir13332_9007}, takesHeapSnapshot=true, pageLoadStrategy=normal, databaseEnabled=false, handlesAlerts=true, hasTouchScreen=false, version=67.0.3396.99, platform=WIN8_1, browserConnectionEnabled=false, nativeEvents=true, acceptSslCerts=false, acceptInsecureCerts=false, locationContextEnabled=true, webStorageEnabled=true, browserName=chrome, takesScreenshot=true, javascriptEnabled=true, cssSelectorsEnabled=true, setWindowRect=true, unexpectedAlertBehaviour=}]
Session ID: 0310d83ee2a38065a6f344275d2497a3
Exception occured: org.openqa.selenium.TimeoutException: timeout
  (Session info: chrome=67.0.3396.99)
  (Driver info: chromedriver=2.40.565498 (ea082db3280dd6843ebfb08a625e3eb905c4f5ab),platform=Windows NT 6.3.9600 x86_64) (WARNING: The server did not provide any stacktrace information)
Command duration or timeout: 10.01 seconds
Build info: version: &apos;2.53.0&apos;, revision: &apos;35ae25b1534ae328c771e0856c93e187490ca824&apos;, time: &apos;2016-03-15 10:43:46&apos;
System info: host: &apos;Nikil&apos;, ip: &apos;192.168.254.4&apos;, os.name: &apos;Windows 8.1&apos;, os.arch: &apos;amd64&apos;, os.version: &apos;6.3&apos;, java.version: &apos;1.8.0_131&apos;
Driver info: org.openqa.selenium.chrome.ChromeDriver
Capabilities [{applicationCacheEnabled=false, rotatable=false, mobileEmulationEnabled=false, networkConnectionEnabled=false, chrome={chromedriverVersion=2.40.565498 (ea082db3280dd6843ebfb08a625e3eb905c4f5ab), userDataDir=C:\Users\NIKILK~1\AppData\Local\Temp\scoped_dir13332_9007}, takesHeapSnapshot=true, pageLoadStrategy=normal, databaseEnabled=false, handlesAlerts=true, hasTouchScreen=false, version=67.0.3396.99, platform=WIN8_1, browserConnectionEnabled=false, nativeEvents=true, acceptSslCerts=false, acceptInsecureCerts=false, locationContextEnabled=true, webStorageEnabled=true, browserName=chrome, takesScreenshot=true, javascriptEnabled=true, cssSelectorsEnabled=true, setWindowRect=true, unexpectedAlertBehaviour=}]
Session ID: 0310d83ee2a38065a6f344275d2497a3
Exception occured: org.openqa.selenium.TimeoutException: timeout
  (Session info: chrome=67.0.3396.99)
  (Driver info: chromedriver=2.40.565498 (ea082db3280dd6843ebfb08a625e3eb905c4f5ab),platform=Windows NT 6.3.9600 x86_64) (WARNING: The server did not provide any stacktrace information)
Command duration or timeout: 10.01 seconds
Build info: version: &apos;2.53.0&apos;, revision: &apos;35ae25b1534ae328c771e0856c93e187490ca824&apos;, time: &apos;2016-03-15 10:43:46&apos;
System info: host: &apos;Nikil&apos;, ip: &apos;192.168.254.4&apos;, os.name: &apos;Windows 8.1&apos;, os.arch: &apos;amd64&apos;, os.version: &apos;6.3&apos;, java.version: &apos;1.8.0_131&apos;
Driver info: org.openqa.selenium.chrome.ChromeDriver
Capabilities [{applicationCacheEnabled=false, rotatable=false, mobileEmulationEnabled=false, networkConnectionEnabled=false, chrome={chromedriverVersion=2.40.565498 (ea082db3280dd6843ebfb08a625e3eb905c4f5ab), userDataDir=C:\Users\NIKILK~1\AppData\Local\Temp\scoped_dir13332_9007}, takesHeapSnapshot=true, pageLoadStrategy=normal, databaseEnabled=false, handlesAlerts=true, hasTouchScreen=false, version=67.0.3396.99, platform=WIN8_1, browserConnectionEnabled=false, nativeEvents=true, acceptSslCerts=false, acceptInsecureCerts=false, locationContextEnabled=true, webStorageEnabled=true, browserName=chrome, takesScreenshot=true, javascriptEnabled=true, cssSelectorsEnabled=true, setWindowRect=true, unexpectedAlertBehaviour=}]
Session ID: 0310d83ee2a38065a6f344275d2497a3
Exception occured: org.openqa.selenium.TimeoutException: timeout
  (Session info: chrome=67.0.3396.99)
  (Driver info: chromedriver=2.40.565498 (ea082db3280dd6843ebfb08a625e3eb905c4f5ab),platform=Windows NT 6.3.9600 x86_64) (WARNING: The server did not provide any stacktrace information)
Command duration or timeout: 10.01 seconds
Build info: version: &apos;2.53.0&apos;, revision: &apos;35ae25b1534ae328c771e0856c93e187490ca824&apos;, time: &apos;2016-03-15 10:43:46&apos;
System info: host: &apos;Nikil&apos;, ip: &apos;192.168.254.4&apos;, os.name: &apos;Windows 8.1&apos;, os.arch: &apos;amd64&apos;, os.version: &apos;6.3&apos;, java.version: &apos;1.8.0_131&apos;
Driver info: org.openqa.selenium.chrome.ChromeDriver
Capabilities [{applicationCacheEnabled=false, rotatable=false, mobileEmulationEnabled=false, networkConnectionEnabled=false, chrome={chromedriverVersion=2.40.565498 (ea082db3280dd6843ebfb08a625e3eb905c4f5ab), userDataDir=C:\Users\NIKILK~1\AppData\Local\Temp\scoped_dir13332_9007}, takesHeapSnapshot=true, pageLoadStrategy=normal, databaseEnabled=false, handlesAlerts=true, hasTouchScreen=false, version=67.0.3396.99, platform=WIN8_1, browserConnectionEnabled=false, nativeEvents=true, acceptSslCerts=false, acceptInsecureCerts=false, locationContextEnabled=true, webStorageEnabled=true, browserName=chrome, takesScreenshot=true, javascriptEnabled=true, cssSelectorsEnabled=true, setWindowRect=true, unexpectedAlertBehaviour=}]
Session ID: 0310d83ee2a38065a6f344275d2497a3
Exception occured: org.openqa.selenium.TimeoutException: timeout
  (Session info: chrome=67.0.3396.99)
  (Driver info: chromedriver=2.40.565498 (ea082db3280dd6843ebfb08a625e3eb905c4f5ab),platform=Windows NT 6.3.9600 x86_64) (WARNING: The server did not provide any stacktrace information)
Command duration or timeout: 10.01 seconds
Build info: version: &apos;2.53.0&apos;, revision: &apos;35ae25b1534ae328c771e0856c93e187490ca824&apos;, time: &apos;2016-03-15 10:43:46&apos;
System info: host: &apos;Nikil&apos;, ip: &apos;192.168.254.4&apos;, os.name: &apos;Windows 8.1&apos;, os.arch: &apos;amd64&apos;, os.version: &apos;6.3&apos;, java.version: &apos;1.8.0_131&apos;
Driver info: org.openqa.selenium.chrome.ChromeDriver
Capabilities [{applicationCacheEnabled=false, rotatable=false, mobileEmulationEnabled=false, networkConnectionEnabled=false, chrome={chromedriverVersion=2.40.565498 (ea082db3280dd6843ebfb08a625e3eb905c4f5ab), userDataDir=C:\Users\NIKILK~1\AppData\Local\Temp\scoped_dir13332_9007}, takesHeapSnapshot=true, pageLoadStrategy=normal, databaseEnabled=false, handlesAlerts=true, hasTouchScreen=false, version=67.0.3396.99, platform=WIN8_1, browserConnectionEnabled=false, nativeEvents=true, acceptSslCerts=false, acceptInsecureCerts=false, locationContextEnabled=true, webStorageEnabled=true, browserName=chrome, takesScreenshot=true, javascriptEnabled=true, cssSelectorsEnabled=true, setWindowRect=true, unexpectedAlertBehaviour=}]
Session ID: 0310d83ee2a38065a6f344275d2497a3
Exception occured: org.openqa.selenium.TimeoutException: timeout
  (Session info: chrome=67.0.3396.99)
  (Driver info: chromedriver=2.40.565498 (ea082db3280dd6843ebfb08a625e3eb905c4f5ab),platform=Windows NT 6.3.9600 x86_64) (WARNING: The server did not provide any stacktrace information)
Command duration or timeout: 10.01 seconds
Build info: version: &apos;2.53.0&apos;, revision: &apos;35ae25b1534ae328c771e0856c93e187490ca824&apos;, time: &apos;2016-03-15 10:43:46&apos;
System info: host: &apos;Nikil&apos;, ip: &apos;192.168.254.4&apos;, os.name: &apos;Windows 8.1&apos;, os.arch: &apos;amd64&apos;, os.version: &apos;6.3&apos;, java.version: &apos;1.8.0_131&apos;
Driver info: org.openqa.selenium.chrome.ChromeDriver
Capabilities [{applicationCacheEnabled=false, rotatable=false, mobileEmulationEnabled=false, networkConnectionEnabled=false, chrome={chromedriverVersion=2.40.565498 (ea082db3280dd6843ebfb08a625e3eb905c4f5ab), userDataDir=C:\Users\NIKILK~1\AppData\Local\Temp\scoped_dir13332_9007}, takesHeapSnapshot=true, pageLoadStrategy=normal, databaseEnabled=false, handlesAlerts=true, hasTouchScreen=false, version=67.0.3396.99, platform=WIN8_1, browserConnectionEnabled=false, nativeEvents=true, acceptSslCerts=false, acceptInsecureCerts=false, locationContextEnabled=true, webStorageEnabled=true, browserName=chrome, takesScreenshot=true, javascriptEnabled=true, cssSelectorsEnabled=true, setWindowRect=true, unexpectedAlertBehaviour=}]
Session ID: 0310d83ee2a38065a6f344275d2497a3
Exception occured: org.openqa.selenium.TimeoutException: timeout
  (Session info: chrome=67.0.3396.99)
  (Driver info: chromedriver=2.40.565498 (ea082db3280dd6843ebfb08a625e3eb905c4f5ab),platform=Windows NT 6.3.9600 x86_64) (WARNING: The server did not provide any stacktrace information)
Command duration or timeout: 10.01 seconds
Build info: version: &apos;2.53.0&apos;, revision: &apos;35ae25b1534ae328c771e0856c93e187490ca824&apos;, time: &apos;2016-03-15 10:43:46&apos;
System info: host: &apos;Nikil&apos;, ip: &apos;192.168.254.4&apos;, os.name: &apos;Windows 8.1&apos;, os.arch: &apos;amd64&apos;, os.version: &apos;6.3&apos;, java.version: &apos;1.8.0_131&apos;
Driver info: org.openqa.selenium.chrome.ChromeDriver
Capabilities [{applicationCacheEnabled=false, rotatable=false, mobileEmulationEnabled=false, networkConnectionEnabled=false, chrome={chromedriverVersion=2.40.565498 (ea082db3280dd6843ebfb08a625e3eb905c4f5ab), userDataDir=C:\Users\NIKILK~1\AppData\Local\Temp\scoped_dir13332_9007}, takesHeapSnapshot=true, pageLoadStrategy=normal, databaseEnabled=false, handlesAlerts=true, hasTouchScreen=false, version=67.0.3396.99, platform=WIN8_1, browserConnectionEnabled=false, nativeEvents=true, acceptSslCerts=false, acceptInsecureCerts=false, locationContextEnabled=true, webStorageEnabled=true, browserName=chrome, takesScreenshot=true, javascriptEnabled=true, cssSelectorsEnabled=true, setWindowRect=true, unexpectedAlertBehaviour=}]
Session ID: 0310d83ee2a38065a6f344275d2497a3
Exception occured: org.openqa.selenium.TimeoutException: timeout
  (Session info: chrome=67.0.3396.99)
  (Driver info: chromedriver=2.40.565498 (ea082db3280dd6843ebfb08a625e3eb905c4f5ab),platform=Windows NT 6.3.9600 x86_64) (WARNING: The server did not provide any stacktrace information)
Command duration or timeout: 10.01 seconds
Build info: version: &apos;2.53.0&apos;, revision: &apos;35ae25b1534ae328c771e0856c93e187490ca824&apos;, time: &apos;2016-03-15 10:43:46&apos;
System info: host: &apos;Nikil&apos;, ip: &apos;192.168.254.4&apos;, os.name: &apos;Windows 8.1&apos;, os.arch: &apos;amd64&apos;, os.version: &apos;6.3&apos;, java.version: &apos;1.8.0_131&apos;
Driver info: org.openqa.selenium.chrome.ChromeDriver
Capabilities [{applicationCacheEnabled=false, rotatable=false, mobileEmulationEnabled=false, networkConnectionEnabled=false, chrome={chromedriverVersion=2.40.565498 (ea082db3280dd6843ebfb08a625e3eb905c4f5ab), userDataDir=C:\Users\NIKILK~1\AppData\Local\Temp\scoped_dir13332_9007}, takesHeapSnapshot=true, pageLoadStrategy=normal, databaseEnabled=false, handlesAlerts=true, hasTouchScreen=false, version=67.0.3396.99, platform=WIN8_1, browserConnectionEnabled=false, nativeEvents=true, acceptSslCerts=false, acceptInsecureCerts=false, locationContextEnabled=true, webStorageEnabled=true, browserName=chrome, takesScreenshot=true, javascriptEnabled=true, cssSelectorsEnabled=true, setWindowRect=true, unexpectedAlertBehaviour=}]
Session ID: 0310d83ee2a38065a6f344275d2497a3
Exception occured: org.openqa.selenium.TimeoutException: timeout
  (Session info: chrome=67.0.3396.99)
  (Driver info: chromedriver=2.40.565498 (ea082db3280dd6843ebfb08a625e3eb905c4f5ab),platform=Windows NT 6.3.9600 x86_64) (WARNING: The server did not provide any stacktrace information)
Command duration or timeout: 10.01 seconds
Build info: version: &apos;2.53.0&apos;, revision: &apos;35ae25b1534ae328c771e0856c93e187490ca824&apos;, time: &apos;2016-03-15 10:43:46&apos;
System info: host: &apos;Nikil&apos;, ip: &apos;192.168.254.4&apos;, os.name: &apos;Windows 8.1&apos;, os.arch: &apos;amd64&apos;, os.version: &apos;6.3&apos;, java.version: &apos;1.8.0_131&apos;
Driver info: org.openqa.selenium.chrome.ChromeDriver
Capabilities [{applicationCacheEnabled=false, rotatable=false, mobileEmulationEnabled=false, networkConnectionEnabled=false, chrome={chromedriverVersion=2.40.565498 (ea082db3280dd6843ebfb08a625e3eb905c4f5ab), userDataDir=C:\Users\NIKILK~1\AppData\Local\Temp\scoped_dir13332_9007}, takesHeapSnapshot=true, pageLoadStrategy=normal, databaseEnabled=false, handlesAlerts=true, hasTouchScreen=false, version=67.0.3396.99, platform=WIN8_1, browserConnectionEnabled=false, nativeEvents=true, acceptSslCerts=false, acceptInsecureCerts=false, locationContextEnabled=true, webStorageEnabled=true, browserName=chrome, takesScreenshot=true, javascriptEnabled=true, cssSelectorsEnabled=true, setWindowRect=true, unexpectedAlertBehaviour=}]
Session ID: 0310d83ee2a38065a6f344275d2497a3
Exception occured: org.openqa.selenium.TimeoutException: timeout
  (Session info: chrome=67.0.3396.99)
  (Driver info: chromedriver=2.40.565498 (ea082db3280dd6843ebfb08a625e3eb905c4f5ab),platform=Windows NT 6.3.9600 x86_64) (WARNING: The server did not provide any stacktrace information)
Command duration or timeout: 10.01 seconds
Build info: version: &apos;2.53.0&apos;, revision: &apos;35ae25b1534ae328c771e0856c93e187490ca824&apos;, time: &apos;2016-03-15 10:43:46&apos;
System info: host: &apos;Nikil&apos;, ip: &apos;192.168.254.4&apos;, os.name: &apos;Windows 8.1&apos;, os.arch: &apos;amd64&apos;, os.version: &apos;6.3&apos;, java.version: &apos;1.8.0_131&apos;
Driver info: org.openqa.selenium.chrome.ChromeDriver
Capabilities [{applicationCacheEnabled=false, rotatable=false, mobileEmulationEnabled=false, networkConnectionEnabled=false, chrome={chromedriverVersion=2.40.565498 (ea082db3280dd6843ebfb08a625e3eb905c4f5ab), userDataDir=C:\Users\NIKILK~1\AppData\Local\Temp\scoped_dir13332_9007}, takesHeapSnapshot=true, pageLoadStrategy=normal, databaseEnabled=false, handlesAlerts=true, hasTouchScreen=false, version=67.0.3396.99, platform=WIN8_1, browserConnectionEnabled=false, nativeEvents=true, acceptSslCerts=false, acceptInsecureCerts=false, locationContextEnabled=true, webStorageEnabled=true, browserName=chrome, takesScreenshot=true, javascriptEnabled=true, cssSelectorsEnabled=true, setWindowRect=true, unexpectedAlertBehaviour=}]
Session ID: 0310d83ee2a38065a6f344275d2497a3
Exception occured: org.openqa.selenium.TimeoutException: timeout
  (Session info: chrome=67.0.3396.99)
  (Driver info: chromedriver=2.40.565498 (ea082db3280dd6843ebfb08a625e3eb905c4f5ab),platform=Windows NT 6.3.9600 x86_64) (WARNING: The server did not provide any stacktrace information)
Command duration or timeout: 10.01 seconds
Build info: version: &apos;2.53.0&apos;, revision: &apos;35ae25b1534ae328c771e0856c93e187490ca824&apos;, time: &apos;2016-03-15 10:43:46&apos;
System info: host: &apos;Nikil&apos;, ip: &apos;192.168.254.4&apos;, os.name: &apos;Windows 8.1&apos;, os.arch: &apos;amd64&apos;, os.version: &apos;6.3&apos;, java.version: &apos;1.8.0_131&apos;
Driver info: org.openqa.selenium.chrome.ChromeDriver
Capabilities [{applicationCacheEnabled=false, rotatable=false, mobileEmulationEnabled=false, networkConnectionEnabled=false, chrome={chromedriverVersion=2.40.565498 (ea082db3280dd6843ebfb08a625e3eb905c4f5ab), userDataDir=C:\Users\NIKILK~1\AppData\Local\Temp\scoped_dir13332_9007}, takesHeapSnapshot=true, pageLoadStrategy=normal, databaseEnabled=false, handlesAlerts=true, hasTouchScreen=false, version=67.0.3396.99, platform=WIN8_1, browserConnectionEnabled=false, nativeEvents=true, acceptSslCerts=false, acceptInsecureCerts=false, locationContextEnabled=true, webStorageEnabled=true, browserName=chrome, takesScreenshot=true, javascriptEnabled=true, cssSelectorsEnabled=true, setWindowRect=true, unexpectedAlertBehaviour=}]
Session ID: 0310d83ee2a38065a6f344275d2497a3
Exception occured: org.openqa.selenium.TimeoutException: timeout
  (Session info: chrome=67.0.3396.99)
  (Driver info: chromedriver=2.40.565498 (ea082db3280dd6843ebfb08a625e3eb905c4f5ab),platform=Windows NT 6.3.9600 x86_64) (WARNING: The server did not provide any stacktrace information)
Command duration or timeout: 10.01 seconds
Build info: version: &apos;2.53.0&apos;, revision: &apos;35ae25b1534ae328c771e0856c93e187490ca824&apos;, time: &apos;2016-03-15 10:43:46&apos;
System info: host: &apos;Nikil&apos;, ip: &apos;192.168.254.4&apos;, os.name: &apos;Windows 8.1&apos;, os.arch: &apos;amd64&apos;, os.version: &apos;6.3&apos;, java.version: &apos;1.8.0_131&apos;
Driver info: org.openqa.selenium.chrome.ChromeDriver
Capabilities [{applicationCacheEnabled=false, rotatable=false, mobileEmulationEnabled=false, networkConnectionEnabled=false, chrome={chromedriverVersion=2.40.565498 (ea082db3280dd6843ebfb08a625e3eb905c4f5ab), userDataDir=C:\Users\NIKILK~1\AppData\Local\Temp\scoped_dir13332_9007}, takesHeapSnapshot=true, pageLoadStrategy=normal, databaseEnabled=false, handlesAlerts=true, hasTouchScreen=false, version=67.0.3396.99, platform=WIN8_1, browserConnectionEnabled=false, nativeEvents=true, acceptSslCerts=false, acceptInsecureCerts=false, locationContextEnabled=true, webStorageEnabled=true, browserName=chrome, takesScreenshot=true, javascriptEnabled=true, cssSelectorsEnabled=true, setWindowRect=true, unexpectedAlertBehaviour=}]
Session ID: 0310d83ee2a38065a6f344275d2497a3
Exception occured: org.openqa.selenium.TimeoutException: timeout
  (Session info: chrome=67.0.3396.99)
  (Driver info: chromedriver=2.40.565498 (ea082db3280dd6843ebfb08a625e3eb905c4f5ab),platform=Windows NT 6.3.9600 x86_64) (WARNING: The server did not provide any stacktrace information)
Command duration or timeout: 10.01 seconds
Build info: version: &apos;2.53.0&apos;, revision: &apos;35ae25b1534ae328c771e0856c93e187490ca824&apos;, time: &apos;2016-03-15 10:43:46&apos;
System info: host: &apos;Nikil&apos;, ip: &apos;192.168.254.4&apos;, os.name: &apos;Windows 8.1&apos;, os.arch: &apos;amd64&apos;, os.version: &apos;6.3&apos;, java.version: &apos;1.8.0_131&apos;
Driver info: org.openqa.selenium.chrome.ChromeDriver
Capabilities [{applicationCacheEnabled=false, rotatable=false, mobileEmulationEnabled=false, networkConnectionEnabled=false, chrome={chromedriverVersion=2.40.565498 (ea082db3280dd6843ebfb08a625e3eb905c4f5ab), userDataDir=C:\Users\NIKILK~1\AppData\Local\Temp\scoped_dir13332_9007}, takesHeapSnapshot=true, pageLoadStrategy=normal, databaseEnabled=false, handlesAlerts=true, hasTouchScreen=false, version=67.0.3396.99, platform=WIN8_1, browserConnectionEnabled=false, nativeEvents=true, acceptSslCerts=false, acceptInsecureCerts=false, locationContextEnabled=true, webStorageEnabled=true, browserName=chrome, takesScreenshot=true, javascriptEnabled=true, cssSelectorsEnabled=true, setWindowRect=true, unexpectedAlertBehaviour=}]
Session ID: 0310d83ee2a38065a6f344275d2497a3
Exception occured: org.openqa.selenium.TimeoutException: timeout
  (Session info: chrome=67.0.3396.99)
  (Driver info: chromedriver=2.40.565498 (ea082db3280dd6843ebfb08a625e3eb905c4f5ab),platform=Windows NT 6.3.9600 x86_64) (WARNING: The server did not provide any stacktrace information)
Command duration or timeout: 10.01 seconds
Build info: version: &apos;2.53.0&apos;, revision: &apos;35ae25b1534ae328c771e0856c93e187490ca824&apos;, time: &apos;2016-03-15 10:43:46&apos;
System info: host: &apos;Nikil&apos;, ip: &apos;192.168.254.4&apos;, os.name: &apos;Windows 8.1&apos;, os.arch: &apos;amd64&apos;, os.version: &apos;6.3&apos;, java.version: &apos;1.8.0_131&apos;
Driver info: org.openqa.selenium.chrome.ChromeDriver
Capabilities [{applicationCacheEnabled=false, rotatable=false, mobileEmulationEnabled=false, networkConnectionEnabled=false, chrome={chromedriverVersion=2.40.565498 (ea082db3280dd6843ebfb08a625e3eb905c4f5ab), userDataDir=C:\Users\NIKILK~1\AppData\Local\Temp\scoped_dir13332_9007}, takesHeapSnapshot=true, pageLoadStrategy=normal, databaseEnabled=false, handlesAlerts=true, hasTouchScreen=false, version=67.0.3396.99, platform=WIN8_1, browserConnectionEnabled=false, nativeEvents=true, acceptSslCerts=false, acceptInsecureCerts=false, locationContextEnabled=true, webStorageEnabled=true, browserName=chrome, takesScreenshot=true, javascriptEnabled=true, cssSelectorsEnabled=true, setWindowRect=true, unexpectedAlertBehaviour=}]
Session ID: 0310d83ee2a38065a6f344275d2497a3
Exception occured: org.openqa.selenium.TimeoutException: timeout
  (Session info: chrome=67.0.3396.99)
  (Driver info: chromedriver=2.40.565498 (ea082db3280dd6843ebfb08a625e3eb905c4f5ab),platform=Windows NT 6.3.9600 x86_64) (WARNING: The server did not provide any stacktrace information)
Command duration or timeout: 10.01 seconds
Build info: version: &apos;2.53.0&apos;, revision: &apos;35ae25b1534ae328c771e0856c93e187490ca824&apos;, time: &apos;2016-03-15 10:43:46&apos;
System info: host: &apos;Nikil&apos;, ip: &apos;192.168.254.4&apos;, os.name: &apos;Windows 8.1&apos;, os.arch: &apos;amd64&apos;, os.version: &apos;6.3&apos;, java.version: &apos;1.8.0_131&apos;
Driver info: org.openqa.selenium.chrome.ChromeDriver
Capabilities [{applicationCacheEnabled=false, rotatable=false, mobileEmulationEnabled=false, networkConnectionEnabled=false, chrome={chromedriverVersion=2.40.565498 (ea082db3280dd6843ebfb08a625e3eb905c4f5ab), userDataDir=C:\Users\NIKILK~1\AppData\Local\Temp\scoped_dir13332_9007}, takesHeapSnapshot=true, pageLoadStrategy=normal, databaseEnabled=false, handlesAlerts=true, hasTouchScreen=false, version=67.0.3396.99, platform=WIN8_1, browserConnectionEnabled=false, nativeEvents=true, acceptSslCerts=false, acceptInsecureCerts=false, locationContextEnabled=true, webStorageEnabled=true, browserName=chrome, takesScreenshot=true, javascriptEnabled=true, cssSelectorsEnabled=true, setWindowRect=true, unexpectedAlertBehaviour=}]
Session ID: 0310d83ee2a38065a6f344275d2497a3
Exception occured: org.openqa.selenium.TimeoutException: timeout
  (Session info: chrome=67.0.3396.99)
  (Driver info: chromedriver=2.40.565498 (ea082db3280dd6843ebfb08a625e3eb905c4f5ab),platform=Windows NT 6.3.9600 x86_64) (WARNING: The server did not provide any stacktrace information)
Command duration or timeout: 10.01 seconds
Build info: version: &apos;2.53.0&apos;, revision: &apos;35ae25b1534ae328c771e0856c93e187490ca824&apos;, time: &apos;2016-03-15 10:43:46&apos;
System info: host: &apos;Nikil&apos;, ip: &apos;192.168.254.4&apos;, os.name: &apos;Windows 8.1&apos;, os.arch: &apos;amd64&apos;, os.version: &apos;6.3&apos;, java.version: &apos;1.8.0_131&apos;
Driver info: org.openqa.selenium.chrome.ChromeDriver
Capabilities [{applicationCacheEnabled=false, rotatable=false, mobileEmulationEnabled=false, networkConnectionEnabled=false, chrome={chromedriverVersion=2.40.565498 (ea082db3280dd6843ebfb08a625e3eb905c4f5ab), userDataDir=C:\Users\NIKILK~1\AppData\Local\Temp\scoped_dir13332_9007}, takesHeapSnapshot=true, pageLoadStrategy=normal, databaseEnabled=false, handlesAlerts=true, hasTouchScreen=false, version=67.0.3396.99, platform=WIN8_1, browserConnectionEnabled=false, nativeEvents=true, acceptSslCerts=false, acceptInsecureCerts=false, locationContextEnabled=true, webStorageEnabled=true, browserName=chrome, takesScreenshot=true, javascriptEnabled=true, cssSelectorsEnabled=true, setWindowRect=true, unexpectedAlertBehaviour=}]
Session ID: 0310d83ee2a38065a6f344275d2497a3
Exception occured: org.openqa.selenium.TimeoutException: timeout
  (Session info: chrome=67.0.3396.99)
  (Driver info: chromedriver=2.40.565498 (ea082db3280dd6843ebfb08a625e3eb905c4f5ab),platform=Windows NT 6.3.9600 x86_64) (WARNING: The server did not provide any stacktrace information)
Command duration or timeout: 10.01 seconds
Build info: version: &apos;2.53.0&apos;, revision: &apos;35ae25b1534ae328c771e0856c93e187490ca824&apos;, time: &apos;2016-03-15 10:43:46&apos;
System info: host: &apos;Nikil&apos;, ip: &apos;192.168.254.4&apos;, os.name: &apos;Windows 8.1&apos;, os.arch: &apos;amd64&apos;, os.version: &apos;6.3&apos;, java.version: &apos;1.8.0_131&apos;
Driver info: org.openqa.selenium.chrome.ChromeDriver
Capabilities [{applicationCacheEnabled=false, rotatable=false, mobileEmulationEnabled=false, networkConnectionEnabled=false, chrome={chromedriverVersion=2.40.565498 (ea082db3280dd6843ebfb08a625e3eb905c4f5ab), userDataDir=C:\Users\NIKILK~1\AppData\Local\Temp\scoped_dir13332_9007}, takesHeapSnapshot=true, pageLoadStrategy=normal, databaseEnabled=false, handlesAlerts=true, hasTouchScreen=false, version=67.0.3396.99, platform=WIN8_1, browserConnectionEnabled=false, nativeEvents=true, acceptSslCerts=false, acceptInsecureCerts=false, locationContextEnabled=true, webStorageEnabled=true, browserName=chrome, takesScreenshot=true, javascriptEnabled=true, cssSelectorsEnabled=true, setWindowRect=true, unexpectedAlertBehaviour=}]
Session ID: 0310d83ee2a38065a6f344275d2497a3
Exception occured: org.openqa.selenium.TimeoutException: timeout
  (Session info: chrome=67.0.3396.99)
  (Driver info: chromedriver=2.40.565498 (ea082db3280dd6843ebfb08a625e3eb905c4f5ab),platform=Windows NT 6.3.9600 x86_64) (WARNING: The server did not provide any stacktrace information)
Command duration or timeout: 10.01 seconds
Build info: version: &apos;2.53.0&apos;, revision: &apos;35ae25b1534ae328c771e0856c93e187490ca824&apos;, time: &apos;2016-03-15 10:43:46&apos;
System info: host: &apos;Nikil&apos;, ip: &apos;192.168.254.4&apos;, os.name: &apos;Windows 8.1&apos;, os.arch: &apos;amd64&apos;, os.version: &apos;6.3&apos;, java.version: &apos;1.8.0_131&apos;
Driver info: org.openqa.selenium.chrome.ChromeDriver
Capabilities [{applicationCacheEnabled=false, rotatable=false, mobileEmulationEnabled=false, networkConnectionEnabled=false, chrome={chromedriverVersion=2.40.565498 (ea082db3280dd6843ebfb08a625e3eb905c4f5ab), userDataDir=C:\Users\NIKILK~1\AppData\Local\Temp\scoped_dir13332_9007}, takesHeapSnapshot=true, pageLoadStrategy=normal, databaseEnabled=false, handlesAlerts=true, hasTouchScreen=false, version=67.0.3396.99, platform=WIN8_1, browserConnectionEnabled=false, nativeEvents=true, acceptSslCerts=false, acceptInsecureCerts=false, locationContextEnabled=true, webStorageEnabled=true, browserName=chrome, takesScreenshot=true, javascriptEnabled=true, cssSelectorsEnabled=true, setWindowRect=true, unexpectedAlertBehaviour=}]
Session ID: 0310d83ee2a38065a6f344275d2497a3
Exception occured: org.openqa.selenium.TimeoutException: timeout
  (Session info: chrome=67.0.3396.99)
  (Driver info: chromedriver=2.40.565498 (ea082db3280dd6843ebfb08a625e3eb905c4f5ab),platform=Windows NT 6.3.9600 x86_64) (WARNING: The server did not provide any stacktrace information)
Command duration or timeout: 10.01 seconds
Build info: version: &apos;2.53.0&apos;, revision: &apos;35ae25b1534ae328c771e0856c93e187490ca824&apos;, time: &apos;2016-03-15 10:43:46&apos;
System info: host: &apos;Nikil&apos;, ip: &apos;192.168.254.4&apos;, os.name: &apos;Windows 8.1&apos;, os.arch: &apos;amd64&apos;, os.version: &apos;6.3&apos;, java.version: &apos;1.8.0_131&apos;
Driver info: org.openqa.selenium.chrome.ChromeDriver
Capabilities [{applicationCacheEnabled=false, rotatable=false, mobileEmulationEnabled=false, networkConnectionEnabled=false, chrome={chromedriverVersion=2.40.565498 (ea082db3280dd6843ebfb08a625e3eb905c4f5ab), userDataDir=C:\Users\NIKILK~1\AppData\Local\Temp\scoped_dir13332_9007}, takesHeapSnapshot=true, pageLoadStrategy=normal, databaseEnabled=false, handlesAlerts=true, hasTouchScreen=false, version=67.0.3396.99, platform=WIN8_1, browserConnectionEnabled=false, nativeEvents=true, acceptSslCerts=false, acceptInsecureCerts=false, locationContextEnabled=true, webStorageEnabled=true, browserName=chrome, takesScreenshot=true, javascriptEnabled=true, cssSelectorsEnabled=true, setWindowRect=true, unexpectedAlertBehaviour=}]
Session ID: 0310d83ee2a38065a6f344275d2497a3
Exception occured: org.openqa.selenium.TimeoutException: timeout
  (Session info: chrome=67.0.3396.99)
  (Driver info: chromedriver=2.40.565498 (ea082db3280dd6843ebfb08a625e3eb905c4f5ab),platform=Windows NT 6.3.9600 x86_64) (WARNING: The server did not provide any stacktrace information)
Command duration or timeout: 10.01 seconds
Build info: version: &apos;2.53.0&apos;, revision: &apos;35ae25b1534ae328c771e0856c93e187490ca824&apos;, time: &apos;2016-03-15 10:43:46&apos;
System info: host: &apos;Nikil&apos;, ip: &apos;192.168.254.4&apos;, os.name: &apos;Windows 8.1&apos;, os.arch: &apos;amd64&apos;, os.version: &apos;6.3&apos;, java.version: &apos;1.8.0_131&apos;
Driver info: org.openqa.selenium.chrome.ChromeDriver
Capabilities [{applicationCacheEnabled=false, rotatable=false, mobileEmulationEnabled=false, networkConnectionEnabled=false, chrome={chromedriverVersion=2.40.565498 (ea082db3280dd6843ebfb08a625e3eb905c4f5ab), userDataDir=C:\Users\NIKILK~1\AppData\Local\Temp\scoped_dir13332_9007}, takesHeapSnapshot=true, pageLoadStrategy=normal, databaseEnabled=false, handlesAlerts=true, hasTouchScreen=false, version=67.0.3396.99, platform=WIN8_1, browserConnectionEnabled=false, nativeEvents=true, acceptSslCerts=false, acceptInsecureCerts=false, locationContextEnabled=true, webStorageEnabled=true, browserName=chrome, takesScreenshot=true, javascriptEnabled=true, cssSelectorsEnabled=true, setWindowRect=true, unexpectedAlertBehaviour=}]
Session ID: 0310d83ee2a38065a6f344275d2497a3
Exception occured: org.openqa.selenium.TimeoutException: timeout
  (Session info: chrome=67.0.3396.99)
  (Driver info: chromedriver=2.40.565498 (ea082db3280dd6843ebfb08a625e3eb905c4f5ab),platform=Windows NT 6.3.9600 x86_64) (WARNING: The server did not provide any stacktrace information)
Command duration or timeout: 10.01 seconds
Build info: version: &apos;2.53.0&apos;, revision: &apos;35ae25b1534ae328c771e0856c93e187490ca824&apos;, time: &apos;2016-03-15 10:43:46&apos;
System info: host: &apos;Nikil&apos;, ip: &apos;192.168.254.4&apos;, os.name: &apos;Windows 8.1&apos;, os.arch: &apos;amd64&apos;, os.version: &apos;6.3&apos;, java.version: &apos;1.8.0_131&apos;
Driver info: org.openqa.selenium.chrome.ChromeDriver
Capabilities [{applicationCacheEnabled=false, rotatable=false, mobileEmulationEnabled=false, networkConnectionEnabled=false, chrome={chromedriverVersion=2.40.565498 (ea082db3280dd6843ebfb08a625e3eb905c4f5ab), userDataDir=C:\Users\NIKILK~1\AppData\Local\Temp\scoped_dir13332_9007}, takesHeapSnapshot=true, pageLoadStrategy=normal, databaseEnabled=false, handlesAlerts=true, hasTouchScreen=false, version=67.0.3396.99, platform=WIN8_1, browserConnectionEnabled=false, nativeEvents=true, acceptSslCerts=false, acceptInsecureCerts=false, locationContextEnabled=true, webStorageEnabled=true, browserName=chrome, takesScreenshot=true, javascriptEnabled=true, cssSelectorsEnabled=true, setWindowRect=true, unexpectedAlertBehaviour=}]
Session ID: 0310d83ee2a38065a6f344275d2497a3
Exception occured: org.openqa.selenium.TimeoutException: timeout
  (Session info: chrome=67.0.3396.99)
  (Driver info: chromedriver=2.40.565498 (ea082db3280dd6843ebfb08a625e3eb905c4f5ab),platform=Windows NT 6.3.9600 x86_64) (WARNING: The server did not provide any stacktrace information)
Command duration or timeout: 10.01 seconds
Build info: version: &apos;2.53.0&apos;, revision: &apos;35ae25b1534ae328c771e0856c93e187490ca824&apos;, time: &apos;2016-03-15 10:43:46&apos;
System info: host: &apos;Nikil&apos;, ip: &apos;192.168.254.4&apos;, os.name: &apos;Windows 8.1&apos;, os.arch: &apos;amd64&apos;, os.version: &apos;6.3&apos;, java.version: &apos;1.8.0_131&apos;
Driver info: org.openqa.selenium.chrome.ChromeDriver
Capabilities [{applicationCacheEnabled=false, rotatable=false, mobileEmulationEnabled=false, networkConnectionEnabled=false, chrome={chromedriverVersion=2.40.565498 (ea082db3280dd6843ebfb08a625e3eb905c4f5ab), userDataDir=C:\Users\NIKILK~1\AppData\Local\Temp\scoped_dir13332_9007}, takesHeapSnapshot=true, pageLoadStrategy=normal, databaseEnabled=false, handlesAlerts=true, hasTouchScreen=false, version=67.0.3396.99, platform=WIN8_1, browserConnectionEnabled=false, nativeEvents=true, acceptSslCerts=false, acceptInsecureCerts=false, locationContextEnabled=true, webStorageEnabled=true, browserName=chrome, takesScreenshot=true, javascriptEnabled=true, cssSelectorsEnabled=true, setWindowRect=true, unexpectedAlertBehaviour=}]
Session ID: 0310d83ee2a38065a6f344275d2497a3
Exception occured: org.openqa.selenium.TimeoutException: timeout
  (Session info: chrome=67.0.3396.99)
  (Driver info: chromedriver=2.40.565498 (ea082db3280dd6843ebfb08a625e3eb905c4f5ab),platform=Windows NT 6.3.9600 x86_64) (WARNING: The server did not provide any stacktrace information)
Command duration or timeout: 10.01 seconds
Build info: version: &apos;2.53.0&apos;, revision: &apos;35ae25b1534ae328c771e0856c93e187490ca824&apos;, time: &apos;2016-03-15 10:43:46&apos;
System info: host: &apos;Nikil&apos;, ip: &apos;192.168.254.4&apos;, os.name: &apos;Windows 8.1&apos;, os.arch: &apos;amd64&apos;, os.version: &apos;6.3&apos;, java.version: &apos;1.8.0_131&apos;
Driver info: org.openqa.selenium.chrome.ChromeDriver
Capabilities [{applicationCacheEnabled=false, rotatable=false, mobileEmulationEnabled=false, networkConnectionEnabled=false, chrome={chromedriverVersion=2.40.565498 (ea082db3280dd6843ebfb08a625e3eb905c4f5ab), userDataDir=C:\Users\NIKILK~1\AppData\Local\Temp\scoped_dir13332_9007}, takesHeapSnapshot=true, pageLoadStrategy=normal, databaseEnabled=false, handlesAlerts=true, hasTouchScreen=false, version=67.0.3396.99, platform=WIN8_1, browserConnectionEnabled=false, nativeEvents=true, acceptSslCerts=false, acceptInsecureCerts=false, locationContextEnabled=true, webStorageEnabled=true, browserName=chrome, takesScreenshot=true, javascriptEnabled=true, cssSelectorsEnabled=true, setWindowRect=true, unexpectedAlertBehaviour=}]
Session ID: 0310d83ee2a38065a6f344275d2497a3
Exception occured: org.openqa.selenium.TimeoutException: timeout
  (Session info: chrome=67.0.3396.99)
  (Driver info: chromedriver=2.40.565498 (ea082db3280dd6843ebfb08a625e3eb905c4f5ab),platform=Windows NT 6.3.9600 x86_64) (WARNING: The server did not provide any stacktrace information)
Command duration or timeout: 10.01 seconds
Build info: version: &apos;2.53.0&apos;, revision: &apos;35ae25b1534ae328c771e0856c93e187490ca824&apos;, time: &apos;2016-03-15 10:43:46&apos;
System info: host: &apos;Nikil&apos;, ip: &apos;192.168.254.4&apos;, os.name: &apos;Windows 8.1&apos;, os.arch: &apos;amd64&apos;, os.version: &apos;6.3&apos;, java.version: &apos;1.8.0_131&apos;
Driver info: org.openqa.selenium.chrome.ChromeDriver
Capabilities [{applicationCacheEnabled=false, rotatable=false, mobileEmulationEnabled=false, networkConnectionEnabled=false, chrome={chromedriverVersion=2.40.565498 (ea082db3280dd6843ebfb08a625e3eb905c4f5ab), userDataDir=C:\Users\NIKILK~1\AppData\Local\Temp\scoped_dir13332_9007}, takesHeapSnapshot=true, pageLoadStrategy=normal, databaseEnabled=false, handlesAlerts=true, hasTouchScreen=false, version=67.0.3396.99, platform=WIN8_1, browserConnectionEnabled=false, nativeEvents=true, acceptSslCerts=false, acceptInsecureCerts=false, locationContextEnabled=true, webStorageEnabled=true, browserName=chrome, takesScreenshot=true, javascriptEnabled=true, cssSelectorsEnabled=true, setWindowRect=true, unexpectedAlertBehaviour=}]
Session ID: 0310d83ee2a38065a6f344275d2497a3
Exception occured: org.openqa.selenium.TimeoutException: timeout
  (Session info: chrome=67.0.3396.99)
  (Driver info: chromedriver=2.40.565498 (ea082db3280dd6843ebfb08a625e3eb905c4f5ab),platform=Windows NT 6.3.9600 x86_64) (WARNING: The server did not provide any stacktrace information)
Command duration or timeout: 10.01 seconds
Build info: version: &apos;2.53.0&apos;, revision: &apos;35ae25b1534ae328c771e0856c93e187490ca824&apos;, time: &apos;2016-03-15 10:43:46&apos;
System info: host: &apos;Nikil&apos;, ip: &apos;192.168.254.4&apos;, os.name: &apos;Windows 8.1&apos;, os.arch: &apos;amd64&apos;, os.version: &apos;6.3&apos;, java.version: &apos;1.8.0_131&apos;
Driver info: org.openqa.selenium.chrome.ChromeDriver
Capabilities [{applicationCacheEnabled=false, rotatable=false, mobileEmulationEnabled=false, networkConnectionEnabled=false, chrome={chromedriverVersion=2.40.565498 (ea082db3280dd6843ebfb08a625e3eb905c4f5ab), userDataDir=C:\Users\NIKILK~1\AppData\Local\Temp\scoped_dir13332_9007}, takesHeapSnapshot=true, pageLoadStrategy=normal, databaseEnabled=false, handlesAlerts=true, hasTouchScreen=false, version=67.0.3396.99, platform=WIN8_1, browserConnectionEnabled=false, nativeEvents=true, acceptSslCerts=false, acceptInsecureCerts=false, locationContextEnabled=true, webStorageEnabled=true, browserName=chrome, takesScreenshot=true, javascriptEnabled=true, cssSelectorsEnabled=true, setWindowRect=true, unexpectedAlertBehaviour=}]
Session ID: 0310d83ee2a38065a6f344275d2497a3
Exception occured: org.openqa.selenium.TimeoutException: timeout
  (Session info: chrome=67.0.3396.99)
  (Driver info: chromedriver=2.40.565498 (ea082db3280dd6843ebfb08a625e3eb905c4f5ab),platform=Windows NT 6.3.9600 x86_64) (WARNING: The server did not provide any stacktrace information)
Command duration or timeout: 10.01 seconds
Build info: version: &apos;2.53.0&apos;, revision: &apos;35ae25b1534ae328c771e0856c93e187490ca824&apos;, time: &apos;2016-03-15 10:43:46&apos;
System info: host: &apos;Nikil&apos;, ip: &apos;192.168.254.4&apos;, os.name: &apos;Windows 8.1&apos;, os.arch: &apos;amd64&apos;, os.version: &apos;6.3&apos;, java.version: &apos;1.8.0_131&apos;
Driver info: org.openqa.selenium.chrome.ChromeDriver
Capabilities [{applicationCacheEnabled=false, rotatable=false, mobileEmulationEnabled=false, networkConnectionEnabled=false, chrome={chromedriverVersion=2.40.565498 (ea082db3280dd6843ebfb08a625e3eb905c4f5ab), userDataDir=C:\Users\NIKILK~1\AppData\Local\Temp\scoped_dir13332_9007}, takesHeapSnapshot=true, pageLoadStrategy=normal, databaseEnabled=false, handlesAlerts=true, hasTouchScreen=false, version=67.0.3396.99, platform=WIN8_1, browserConnectionEnabled=false, nativeEvents=true, acceptSslCerts=false, acceptInsecureCerts=false, locationContextEnabled=true, webStorageEnabled=true, browserName=chrome, takesScreenshot=true, javascriptEnabled=true, cssSelectorsEnabled=true, setWindowRect=true, unexpectedAlertBehaviour=}]
Session ID: 0310d83ee2a38065a6f344275d2497a3
Exception occured: org.openqa.selenium.TimeoutException: timeout
  (Session info: chrome=67.0.3396.99)
  (Driver info: chromedriver=2.40.565498 (ea082db3280dd6843ebfb08a625e3eb905c4f5ab),platform=Windows NT 6.3.9600 x86_64) (WARNING: The server did not provide any stacktrace information)
Command duration or timeout: 10.01 seconds
Build info: version: &apos;2.53.0&apos;, revision: &apos;35ae25b1534ae328c771e0856c93e187490ca824&apos;, time: &apos;2016-03-15 10:43:46&apos;
System info: host: &apos;Nikil&apos;, ip: &apos;192.168.254.4&apos;, os.name: &apos;Windows 8.1&apos;, os.arch: &apos;amd64&apos;, os.version: &apos;6.3&apos;, java.version: &apos;1.8.0_131&apos;
Driver info: org.openqa.selenium.chrome.ChromeDriver
Capabilities [{applicationCacheEnabled=false, rotatable=false, mobileEmulationEnabled=false, networkConnectionEnabled=false, chrome={chromedriverVersion=2.40.565498 (ea082db3280dd6843ebfb08a625e3eb905c4f5ab), userDataDir=C:\Users\NIKILK~1\AppData\Local\Temp\scoped_dir13332_9007}, takesHeapSnapshot=true, pageLoadStrategy=normal, databaseEnabled=false, handlesAlerts=true, hasTouchScreen=false, version=67.0.3396.99, platform=WIN8_1, browserConnectionEnabled=false, nativeEvents=true, acceptSslCerts=false, acceptInsecureCerts=false, locationContextEnabled=true, webStorageEnabled=true, browserName=chrome, takesScreenshot=true, javascriptEnabled=true, cssSelectorsEnabled=true, setWindowRect=true, unexpectedAlertBehaviour=}]
Session ID: 0310d83ee2a38065a6f344275d2497a3
Exception occured: org.openqa.selenium.TimeoutException: timeout
  (Session info: chrome=67.0.3396.99)
  (Driver info: chromedriver=2.40.565498 (ea082db3280dd6843ebfb08a625e3eb905c4f5ab),platform=Windows NT 6.3.9600 x86_64) (WARNING: The server did not provide any stacktrace information)
Command duration or timeout: 10.01 seconds
Build info: version: &apos;2.53.0&apos;, revision: &apos;35ae25b1534ae328c771e0856c93e187490ca824&apos;, time: &apos;2016-03-15 10:43:46&apos;
System info: host: &apos;Nikil&apos;, ip: &apos;192.168.254.4&apos;, os.name: &apos;Windows 8.1&apos;, os.arch: &apos;amd64&apos;, os.version: &apos;6.3&apos;, java.version: &apos;1.8.0_131&apos;
Driver info: org.openqa.selenium.chrome.ChromeDriver
Capabilities [{applicationCacheEnabled=false, rotatable=false, mobileEmulationEnabled=false, networkConnectionEnabled=false, chrome={chromedriverVersion=2.40.565498 (ea082db3280dd6843ebfb08a625e3eb905c4f5ab), userDataDir=C:\Users\NIKILK~1\AppData\Local\Temp\scoped_dir13332_9007}, takesHeapSnapshot=true, pageLoadStrategy=normal, databaseEnabled=false, handlesAlerts=true, hasTouchScreen=false, version=67.0.3396.99, platform=WIN8_1, browserConnectionEnabled=false, nativeEvents=true, acceptSslCerts=false, acceptInsecureCerts=false, locationContextEnabled=true, webStorageEnabled=true, browserName=chrome, takesScreenshot=true, javascriptEnabled=true, cssSelectorsEnabled=true, setWindowRect=true, unexpectedAlertBehaviour=}]
Session ID: 0310d83ee2a38065a6f344275d2497a3
Exception occured: org.openqa.selenium.TimeoutException: timeout
  (Session info: chrome=67.0.3396.99)
  (Driver info: chromedriver=2.40.565498 (ea082db3280dd6843ebfb08a625e3eb905c4f5ab),platform=Windows NT 6.3.9600 x86_64) (WARNING: The server did not provide any stacktrace information)
Command duration or timeout: 10.01 seconds
Build info: version: &apos;2.53.0&apos;, revision: &apos;35ae25b1534ae328c771e0856c93e187490ca824&apos;, time: &apos;2016-03-15 10:43:46&apos;
System info: host: &apos;Nikil&apos;, ip: &apos;192.168.254.4&apos;, os.name: &apos;Windows 8.1&apos;, os.arch: &apos;amd64&apos;, os.version: &apos;6.3&apos;, java.version: &apos;1.8.0_131&apos;
Driver info: org.openqa.selenium.chrome.ChromeDriver
Capabilities [{applicationCacheEnabled=false, rotatable=false, mobileEmulationEnabled=false, networkConnectionEnabled=false, chrome={chromedriverVersion=2.40.565498 (ea082db3280dd6843ebfb08a625e3eb905c4f5ab), userDataDir=C:\Users\NIKILK~1\AppData\Local\Temp\scoped_dir13332_9007}, takesHeapSnapshot=true, pageLoadStrategy=normal, databaseEnabled=false, handlesAlerts=true, hasTouchScreen=false, version=67.0.3396.99, platform=WIN8_1, browserConnectionEnabled=false, nativeEvents=true, acceptSslCerts=false, acceptInsecureCerts=false, locationContextEnabled=true, webStorageEnabled=true, browserName=chrome, takesScreenshot=true, javascriptEnabled=true, cssSelectorsEnabled=true, setWindowRect=true, unexpectedAlertBehaviour=}]
Session ID: 0310d83ee2a38065a6f344275d2497a3
Exception occured: org.openqa.selenium.TimeoutException: timeout
  (Session info: chrome=67.0.3396.99)
  (Driver info: chromedriver=2.40.565498 (ea082db3280dd6843ebfb08a625e3eb905c4f5ab),platform=Windows NT 6.3.9600 x86_64) (WARNING: The server did not provide any stacktrace information)
Command duration or timeout: 10.01 seconds
Build info: version: &apos;2.53.0&apos;, revision: &apos;35ae25b1534ae328c771e0856c93e187490ca824&apos;, time: &apos;2016-03-15 10:43:46&apos;
System info: host: &apos;Nikil&apos;, ip: &apos;192.168.254.4&apos;, os.name: &apos;Windows 8.1&apos;, os.arch: &apos;amd64&apos;, os.version: &apos;6.3&apos;, java.version: &apos;1.8.0_131&apos;
Driver info: org.openqa.selenium.chrome.ChromeDriver
Capabilities [{applicationCacheEnabled=false, rotatable=false, mobileEmulationEnabled=false, networkConnectionEnabled=false, chrome={chromedriverVersion=2.40.565498 (ea082db3280dd6843ebfb08a625e3eb905c4f5ab), userDataDir=C:\Users\NIKILK~1\AppData\Local\Temp\scoped_dir13332_9007}, takesHeapSnapshot=true, pageLoadStrategy=normal, databaseEnabled=false, handlesAlerts=true, hasTouchScreen=false, version=67.0.3396.99, platform=WIN8_1, browserConnectionEnabled=false, nativeEvents=true, acceptSslCerts=false, acceptInsecureCerts=false, locationContextEnabled=true, webStorageEnabled=true, browserName=chrome, takesScreenshot=true, javascriptEnabled=true, cssSelectorsEnabled=true, setWindowRect=true, unexpectedAlertBehaviour=}]
Session ID: 0310d83ee2a38065a6f344275d2497a3
Exception occured: org.openqa.selenium.TimeoutException: timeout
  (Session info: chrome=67.0.3396.99)
  (Driver info: chromedriver=2.40.565498 (ea082db3280dd6843ebfb08a625e3eb905c4f5ab),platform=Windows NT 6.3.9600 x86_64) (WARNING: The server did not provide any stacktrace information)
Command duration or timeout: 10.01 seconds
Build info: version: &apos;2.53.0&apos;, revision: &apos;35ae25b1534ae328c771e0856c93e187490ca824&apos;, time: &apos;2016-03-15 10:43:46&apos;
System info: host: &apos;Nikil&apos;, ip: &apos;192.168.254.4&apos;, os.name: &apos;Windows 8.1&apos;, os.arch: &apos;amd64&apos;, os.version: &apos;6.3&apos;, java.version: &apos;1.8.0_131&apos;
Driver info: org.openqa.selenium.chrome.ChromeDriver
Capabilities [{applicationCacheEnabled=false, rotatable=false, mobileEmulationEnabled=false, networkConnectionEnabled=false, chrome={chromedriverVersion=2.40.565498 (ea082db3280dd6843ebfb08a625e3eb905c4f5ab), userDataDir=C:\Users\NIKILK~1\AppData\Local\Temp\scoped_dir13332_9007}, takesHeapSnapshot=true, pageLoadStrategy=normal, databaseEnabled=false, handlesAlerts=true, hasTouchScreen=false, version=67.0.3396.99, platform=WIN8_1, browserConnectionEnabled=false, nativeEvents=true, acceptSslCerts=false, acceptInsecureCerts=false, locationContextEnabled=true, webStorageEnabled=true, browserName=chrome, takesScreenshot=true, javascriptEnabled=true, cssSelectorsEnabled=true, setWindowRect=true, unexpectedAlertBehaviour=}]
Session ID: 0310d83ee2a38065a6f344275d2497a3
Exception occured: org.openqa.selenium.TimeoutException: timeout
  (Session info: chrome=67.0.3396.99)
  (Driver info: chromedriver=2.40.565498 (ea082db3280dd6843ebfb08a625e3eb905c4f5ab),platform=Windows NT 6.3.9600 x86_64) (WARNING: The server did not provide any stacktrace information)
Command duration or timeout: 10.01 seconds
Build info: version: &apos;2.53.0&apos;, revision: &apos;35ae25b1534ae328c771e0856c93e187490ca824&apos;, time: &apos;2016-03-15 10:43:46&apos;
System info: host: &apos;Nikil&apos;, ip: &apos;192.168.254.4&apos;, os.name: &apos;Windows 8.1&apos;, os.arch: &apos;amd64&apos;, os.version: &apos;6.3&apos;, java.version: &apos;1.8.0_131&apos;
Driver info: org.openqa.selenium.chrome.ChromeDriver
Capabilities [{applicationCacheEnabled=false, rotatable=false, mobileEmulationEnabled=false, networkConnectionEnabled=false, chrome={chromedriverVersion=2.40.565498 (ea082db3280dd6843ebfb08a625e3eb905c4f5ab), userDataDir=C:\Users\NIKILK~1\AppData\Local\Temp\scoped_dir13332_9007}, takesHeapSnapshot=true, pageLoadStrategy=normal, databaseEnabled=false, handlesAlerts=true, hasTouchScreen=false, version=67.0.3396.99, platform=WIN8_1, browserConnectionEnabled=false, nativeEvents=true, acceptSslCerts=false, acceptInsecureCerts=false, locationContextEnabled=true, webStorageEnabled=true, browserName=chrome, takesScreenshot=true, javascriptEnabled=true, cssSelectorsEnabled=true, setWindowRect=true, unexpectedAlertBehaviour=}]
Session ID: 0310d83ee2a38065a6f344275d2497a3
Exception occured: org.openqa.selenium.TimeoutException: timeout
  (Session info: chrome=67.0.3396.99)
  (Driver info: chromedriver=2.40.565498 (ea082db3280dd6843ebfb08a625e3eb905c4f5ab),platform=Windows NT 6.3.9600 x86_64) (WARNING: The server did not provide any stacktrace information)
Command duration or timeout: 10.01 seconds
Build info: version: &apos;2.53.0&apos;, revision: &apos;35ae25b1534ae328c771e0856c93e187490ca824&apos;, time: &apos;2016-03-15 10:43:46&apos;
System info: host: &apos;Nikil&apos;, ip: &apos;192.168.254.4&apos;, os.name: &apos;Windows 8.1&apos;, os.arch: &apos;amd64&apos;, os.version: &apos;6.3&apos;, java.version: &apos;1.8.0_131&apos;
Driver info: org.openqa.selenium.chrome.ChromeDriver
Capabilities [{applicationCacheEnabled=false, rotatable=false, mobileEmulationEnabled=false, networkConnectionEnabled=false, chrome={chromedriverVersion=2.40.565498 (ea082db3280dd6843ebfb08a625e3eb905c4f5ab), userDataDir=C:\Users\NIKILK~1\AppData\Local\Temp\scoped_dir13332_9007}, takesHeapSnapshot=true, pageLoadStrategy=normal, databaseEnabled=false, handlesAlerts=true, hasTouchScreen=false, version=67.0.3396.99, platform=WIN8_1, browserConnectionEnabled=false, nativeEvents=true, acceptSslCerts=false, acceptInsecureCerts=false, locationContextEnabled=true, webStorageEnabled=true, browserName=chrome, takesScreenshot=true, javascriptEnabled=true, cssSelectorsEnabled=true, setWindowRect=true, unexpectedAlertBehaviour=}]
Session ID: 0310d83ee2a38065a6f344275d2497a3
Exception occured: org.openqa.selenium.TimeoutException: timeout
  (Session info: chrome=67.0.3396.99)
  (Driver info: chromedriver=2.40.565498 (ea082db3280dd6843ebfb08a625e3eb905c4f5ab),platform=Windows NT 6.3.9600 x86_64) (WARNING: The server did not provide any stacktrace information)
Command duration or timeout: 10.01 seconds
Build info: version: &apos;2.53.0&apos;, revision: &apos;35ae25b1534ae328c771e0856c93e187490ca824&apos;, time: &apos;2016-03-15 10:43:46&apos;
System info: host: &apos;Nikil&apos;, ip: &apos;192.168.254.4&apos;, os.name: &apos;Windows 8.1&apos;, os.arch: &apos;amd64&apos;, os.version: &apos;6.3&apos;, java.version: &apos;1.8.0_131&apos;
Driver info: org.openqa.selenium.chrome.ChromeDriver
Capabilities [{applicationCacheEnabled=false, rotatable=false, mobileEmulationEnabled=false, networkConnectionEnabled=false, chrome={chromedriverVersion=2.40.565498 (ea082db3280dd6843ebfb08a625e3eb905c4f5ab), userDataDir=C:\Users\NIKILK~1\AppData\Local\Temp\scoped_dir13332_9007}, takesHeapSnapshot=true, pageLoadStrategy=normal, databaseEnabled=false, handlesAlerts=true, hasTouchScreen=false, version=67.0.3396.99, platform=WIN8_1, browserConnectionEnabled=false, nativeEvents=true, acceptSslCerts=false, acceptInsecureCerts=false, locationContextEnabled=true, webStorageEnabled=true, browserName=chrome, takesScreenshot=true, javascriptEnabled=true, cssSelectorsEnabled=true, setWindowRect=true, unexpectedAlertBehaviour=}]
Session ID: 0310d83ee2a38065a6f344275d2497a3
Exception occured: org.openqa.selenium.TimeoutException: timeout
  (Session info: chrome=67.0.3396.99)
  (Driver info: chromedriver=2.40.565498 (ea082db3280dd6843ebfb08a625e3eb905c4f5ab),platform=Windows NT 6.3.9600 x86_64) (WARNING: The server did not provide any stacktrace information)
Command duration or timeout: 10.01 seconds
Build info: version: &apos;2.53.0&apos;, revision: &apos;35ae25b1534ae328c771e0856c93e187490ca824&apos;, time: &apos;2016-03-15 10:43:46&apos;
System info: host: &apos;Nikil&apos;, ip: &apos;192.168.254.4&apos;, os.name: &apos;Windows 8.1&apos;, os.arch: &apos;amd64&apos;, os.version: &apos;6.3&apos;, java.version: &apos;1.8.0_131&apos;
Driver info: org.openqa.selenium.chrome.ChromeDriver
Capabilities [{applicationCacheEnabled=false, rotatable=false, mobileEmulationEnabled=false, networkConnectionEnabled=false, chrome={chromedriverVersion=2.40.565498 (ea082db3280dd6843ebfb08a625e3eb905c4f5ab), userDataDir=C:\Users\NIKILK~1\AppData\Local\Temp\scoped_dir13332_9007}, takesHeapSnapshot=true, pageLoadStrategy=normal, databaseEnabled=false, handlesAlerts=true, hasTouchScreen=false, version=67.0.3396.99, platform=WIN8_1, browserConnectionEnabled=false, nativeEvents=true, acceptSslCerts=false, acceptInsecureCerts=false, locationContextEnabled=true, webStorageEnabled=true, browserName=chrome, takesScreenshot=true, javascriptEnabled=true, cssSelectorsEnabled=true, setWindowRect=true, unexpectedAlertBehaviour=}]
Session ID: 0310d83ee2a38065a6f344275d2497a3
Exception occured: org.openqa.selenium.TimeoutException: timeout
  (Session info: chrome=67.0.3396.99)
  (Driver info: chromedriver=2.40.565498 (ea082db3280dd6843ebfb08a625e3eb905c4f5ab),platform=Windows NT 6.3.9600 x86_64) (WARNING: The server did not provide any stacktrace information)
Command duration or timeout: 10.01 seconds
Build info: version: &apos;2.53.0&apos;, revision: &apos;35ae25b1534ae328c771e0856c93e187490ca824&apos;, time: &apos;2016-03-15 10:43:46&apos;
System info: host: &apos;Nikil&apos;, ip: &apos;192.168.254.4&apos;, os.name: &apos;Windows 8.1&apos;, os.arch: &apos;amd64&apos;, os.version: &apos;6.3&apos;, java.version: &apos;1.8.0_131&apos;
Driver info: org.openqa.selenium.chrome.ChromeDriver
Capabilities [{applicationCacheEnabled=false, rotatable=false, mobileEmulationEnabled=false, networkConnectionEnabled=false, chrome={chromedriverVersion=2.40.565498 (ea082db3280dd6843ebfb08a625e3eb905c4f5ab), userDataDir=C:\Users\NIKILK~1\AppData\Local\Temp\scoped_dir13332_9007}, takesHeapSnapshot=true, pageLoadStrategy=normal, databaseEnabled=false, handlesAlerts=true, hasTouchScreen=false, version=67.0.3396.99, platform=WIN8_1, browserConnectionEnabled=false, nativeEvents=true, acceptSslCerts=false, acceptInsecureCerts=false, locationContextEnabled=true, webStorageEnabled=true, browserName=chrome, takesScreenshot=true, javascriptEnabled=true, cssSelectorsEnabled=true, setWindowRect=true, unexpectedAlertBehaviour=}]
Session ID: 0310d83ee2a38065a6f344275d2497a3
Exception occured: org.openqa.selenium.TimeoutException: timeout
  (Session info: chrome=67.0.3396.99)
  (Driver info: chromedriver=2.40.565498 (ea082db3280dd6843ebfb08a625e3eb905c4f5ab),platform=Windows NT 6.3.9600 x86_64) (WARNING: The server did not provide any stacktrace information)
Command duration or timeout: 10.01 seconds
Build info: version: &apos;2.53.0&apos;, revision: &apos;35ae25b1534ae328c771e0856c93e187490ca824&apos;, time: &apos;2016-03-15 10:43:46&apos;
System info: host: &apos;Nikil&apos;, ip: &apos;192.168.254.4&apos;, os.name: &apos;Windows 8.1&apos;, os.arch: &apos;amd64&apos;, os.version: &apos;6.3&apos;, java.version: &apos;1.8.0_131&apos;
Driver info: org.openqa.selenium.chrome.ChromeDriver
Capabilities [{applicationCacheEnabled=false, rotatable=false, mobileEmulationEnabled=false, networkConnectionEnabled=false, chrome={chromedriverVersion=2.40.565498 (ea082db3280dd6843ebfb08a625e3eb905c4f5ab), userDataDir=C:\Users\NIKILK~1\AppData\Local\Temp\scoped_dir13332_9007}, takesHeapSnapshot=true, pageLoadStrategy=normal, databaseEnabled=false, handlesAlerts=true, hasTouchScreen=false, version=67.0.3396.99, platform=WIN8_1, browserConnectionEnabled=false, nativeEvents=true, acceptSslCerts=false, acceptInsecureCerts=false, locationContextEnabled=true, webStorageEnabled=true, browserName=chrome, takesScreenshot=true, javascriptEnabled=true, cssSelectorsEnabled=true, setWindowRect=true, unexpectedAlertBehaviour=}]
Session ID: 0310d83ee2a38065a6f344275d2497a3
Exception occured: org.openqa.selenium.TimeoutException: timeout
  (Session info: chrome=67.0.3396.99)
  (Driver info: chromedriver=2.40.565498 (ea082db3280dd6843ebfb08a625e3eb905c4f5ab),platform=Windows NT 6.3.9600 x86_64) (WARNING: The server did not provide any stacktrace information)
Command duration or timeout: 10.01 seconds
Build info: version: &apos;2.53.0&apos;, revision: &apos;35ae25b1534ae328c771e0856c93e187490ca824&apos;, time: &apos;2016-03-15 10:43:46&apos;
System info: host: &apos;Nikil&apos;, ip: &apos;192.168.254.4&apos;, os.name: &apos;Windows 8.1&apos;, os.arch: &apos;amd64&apos;, os.version: &apos;6.3&apos;, java.version: &apos;1.8.0_131&apos;
Driver info: org.openqa.selenium.chrome.ChromeDriver
Capabilities [{applicationCacheEnabled=false, rotatable=false, mobileEmulationEnabled=false, networkConnectionEnabled=false, chrome={chromedriverVersion=2.40.565498 (ea082db3280dd6843ebfb08a625e3eb905c4f5ab), userDataDir=C:\Users\NIKILK~1\AppData\Local\Temp\scoped_dir13332_9007}, takesHeapSnapshot=true, pageLoadStrategy=normal, databaseEnabled=false, handlesAlerts=true, hasTouchScreen=false, version=67.0.3396.99, platform=WIN8_1, browserConnectionEnabled=false, nativeEvents=true, acceptSslCerts=false, acceptInsecureCerts=false, locationContextEnabled=true, webStorageEnabled=true, browserName=chrome, takesScreenshot=true, javascriptEnabled=true, cssSelectorsEnabled=true, setWindowRect=true, unexpectedAlertBehaviour=}]
Session ID: 0310d83ee2a38065a6f344275d2497a3
Exception occured: org.openqa.selenium.TimeoutException: timeout
  (Session info: chrome=67.0.3396.99)
  (Driver info: chromedriver=2.40.565498 (ea082db3280dd6843ebfb08a625e3eb905c4f5ab),platform=Windows NT 6.3.9600 x86_64) (WARNING: The server did not provide any stacktrace information)
Command duration or timeout: 10.01 seconds
Build info: version: &apos;2.53.0&apos;, revision: &apos;35ae25b1534ae328c771e0856c93e187490ca824&apos;, time: &apos;2016-03-15 10:43:46&apos;
System info: host: &apos;Nikil&apos;, ip: &apos;192.168.254.4&apos;, os.name: &apos;Windows 8.1&apos;, os.arch: &apos;amd64&apos;, os.version: &apos;6.3&apos;, java.version: &apos;1.8.0_131&apos;
Driver info: org.openqa.selenium.chrome.ChromeDriver
Capabilities [{applicationCacheEnabled=false, rotatable=false, mobileEmulationEnabled=false, networkConnectionEnabled=false, chrome={chromedriverVersion=2.40.565498 (ea082db3280dd6843ebfb08a625e3eb905c4f5ab), userDataDir=C:\Users\NIKILK~1\AppData\Local\Temp\scoped_dir13332_9007}, takesHeapSnapshot=true, pageLoadStrategy=normal, databaseEnabled=false, handlesAlerts=true, hasTouchScreen=false, version=67.0.3396.99, platform=WIN8_1, browserConnectionEnabled=false, nativeEvents=true, acceptSslCerts=false, acceptInsecureCerts=false, locationContextEnabled=true, webStorageEnabled=true, browserName=chrome, takesScreenshot=true, javascriptEnabled=true, cssSelectorsEnabled=true, setWindowRect=true, unexpectedAlertBehaviour=}]
Session ID: 0310d83ee2a38065a6f344275d2497a3
Exception occured: org.openqa.selenium.TimeoutException: timeout
  (Session info: chrome=67.0.3396.99)
  (Driver info: chromedriver=2.40.565498 (ea082db3280dd6843ebfb08a625e3eb905c4f5ab),platform=Windows NT 6.3.9600 x86_64) (WARNING: The server did not provide any stacktrace information)
Command duration or timeout: 10.01 seconds
Build info: version: &apos;2.53.0&apos;, revision: &apos;35ae25b1534ae328c771e0856c93e187490ca824&apos;, time: &apos;2016-03-15 10:43:46&apos;
System info: host: &apos;Nikil&apos;, ip: &apos;192.168.254.4&apos;, os.name: &apos;Windows 8.1&apos;, os.arch: &apos;amd64&apos;, os.version: &apos;6.3&apos;, java.version: &apos;1.8.0_131&apos;
Driver info: org.openqa.selenium.chrome.ChromeDriver
Capabilities [{applicationCacheEnabled=false, rotatable=false, mobileEmulationEnabled=false, networkConnectionEnabled=false, chrome={chromedriverVersion=2.40.565498 (ea082db3280dd6843ebfb08a625e3eb905c4f5ab), userDataDir=C:\Users\NIKILK~1\AppData\Local\Temp\scoped_dir13332_9007}, takesHeapSnapshot=true, pageLoadStrategy=normal, databaseEnabled=false, handlesAlerts=true, hasTouchScreen=false, version=67.0.3396.99, platform=WIN8_1, browserConnectionEnabled=false, nativeEvents=true, acceptSslCerts=false, acceptInsecureCerts=false, locationContextEnabled=true, webStorageEnabled=true, browserName=chrome, takesScreenshot=true, javascriptEnabled=true, cssSelectorsEnabled=true, setWindowRect=true, unexpectedAlertBehaviour=}]
Session ID: 0310d83ee2a38065a6f344275d2497a3
Exception occured: org.openqa.selenium.TimeoutException: timeout
  (Session info: chrome=67.0.3396.99)
  (Driver info: chromedriver=2.40.565498 (ea082db3280dd6843ebfb08a625e3eb905c4f5ab),platform=Windows NT 6.3.9600 x86_64) (WARNING: The server did not provide any stacktrace information)
Command duration or timeout: 10.01 seconds
Build info: version: &apos;2.53.0&apos;, revision: &apos;35ae25b1534ae328c771e0856c93e187490ca824&apos;, time: &apos;2016-03-15 10:43:46&apos;
System info: host: &apos;Nikil&apos;, ip: &apos;192.168.254.4&apos;, os.name: &apos;Windows 8.1&apos;, os.arch: &apos;amd64&apos;, os.version: &apos;6.3&apos;, java.version: &apos;1.8.0_131&apos;
Driver info: org.openqa.selenium.chrome.ChromeDriver
Capabilities [{applicationCacheEnabled=false, rotatable=false, mobileEmulationEnabled=false, networkConnectionEnabled=false, chrome={chromedriverVersion=2.40.565498 (ea082db3280dd6843ebfb08a625e3eb905c4f5ab), userDataDir=C:\Users\NIKILK~1\AppData\Local\Temp\scoped_dir13332_9007}, takesHeapSnapshot=true, pageLoadStrategy=normal, databaseEnabled=false, handlesAlerts=true, hasTouchScreen=false, version=67.0.3396.99, platform=WIN8_1, browserConnectionEnabled=false, nativeEvents=true, acceptSslCerts=false, acceptInsecureCerts=false, locationContextEnabled=true, webStorageEnabled=true, browserName=chrome, takesScreenshot=true, javascriptEnabled=true, cssSelectorsEnabled=true, setWindowRect=true, unexpectedAlertBehaviour=}]
Session ID: 0310d83ee2a38065a6f344275d2497a3
Exception occured: org.openqa.selenium.TimeoutException: timeout
  (Session info: chrome=67.0.3396.99)
  (Driver info: chromedriver=2.40.565498 (ea082db3280dd6843ebfb08a625e3eb905c4f5ab),platform=Windows NT 6.3.9600 x86_64) (WARNING: The server did not provide any stacktrace information)
Command duration or timeout: 10.00 seconds
Build info: version: &apos;2.53.0&apos;, revision: &apos;35ae25b1534ae328c771e0856c93e187490ca824&apos;, time: &apos;2016-03-15 10:43:46&apos;
System info: host: &apos;Nikil&apos;, ip: &apos;192.168.254.4&apos;, os.name: &apos;Windows 8.1&apos;, os.arch: &apos;amd64&apos;, os.version: &apos;6.3&apos;, java.version: &apos;1.8.0_131&apos;
Driver info: org.openqa.selenium.chrome.ChromeDriver
Capabilities [{applicationCacheEnabled=false, rotatable=false, mobileEmulationEnabled=false, networkConnectionEnabled=false, chrome={chromedriverVersion=2.40.565498 (ea082db3280dd6843ebfb08a625e3eb905c4f5ab), userDataDir=C:\Users\NIKILK~1\AppData\Local\Temp\scoped_dir13332_9007}, takesHeapSnapshot=true, pageLoadStrategy=normal, databaseEnabled=false, handlesAlerts=true, hasTouchScreen=false, version=67.0.3396.99, platform=WIN8_1, browserConnectionEnabled=false, nativeEvents=true, acceptSslCerts=false, acceptInsecureCerts=false, locationContextEnabled=true, webStorageEnabled=true, browserName=chrome, takesScreenshot=true, javascriptEnabled=true, cssSelectorsEnabled=true, setWindowRect=true, unexpectedAlertBehaviour=}]
Session ID: 0310d83ee2a38065a6f344275d2497a3
Exception occured: org.openqa.selenium.TimeoutException: timeout
  (Session info: chrome=67.0.3396.99)
  (Driver info: chromedriver=2.40.565498 (ea082db3280dd6843ebfb08a625e3eb905c4f5ab),platform=Windows NT 6.3.9600 x86_64) (WARNING: The server did not provide any stacktrace information)
Command duration or timeout: 10.01 seconds
Build info: version: &apos;2.53.0&apos;, revision: &apos;35ae25b1534ae328c771e0856c93e187490ca824&apos;, time: &apos;2016-03-15 10:43:46&apos;
System info: host: &apos;Nikil&apos;, ip: &apos;192.168.254.4&apos;, os.name: &apos;Windows 8.1&apos;, os.arch: &apos;amd64&apos;, os.version: &apos;6.3&apos;, java.version: &apos;1.8.0_131&apos;
Driver info: org.openqa.selenium.chrome.ChromeDriver
Capabilities [{applicationCacheEnabled=false, rotatable=false, mobileEmulationEnabled=false, networkConnectionEnabled=false, chrome={chromedriverVersion=2.40.565498 (ea082db3280dd6843ebfb08a625e3eb905c4f5ab), userDataDir=C:\Users\NIKILK~1\AppData\Local\Temp\scoped_dir13332_9007}, takesHeapSnapshot=true, pageLoadStrategy=normal, databaseEnabled=false, handlesAlerts=true, hasTouchScreen=false, version=67.0.3396.99, platform=WIN8_1, browserConnectionEnabled=false, nativeEvents=true, acceptSslCerts=false, acceptInsecureCerts=false, locationContextEnabled=true, webStorageEnabled=true, browserName=chrome, takesScreenshot=true, javascriptEnabled=true, cssSelectorsEnabled=true, setWindowRect=true, unexpectedAlertBehaviour=}]
Session ID: 0310d83ee2a38065a6f344275d2497a3
Exception occured: org.openqa.selenium.TimeoutException: timeout
  (Session info: chrome=67.0.3396.99)
  (Driver info: chromedriver=2.40.565498 (ea082db3280dd6843ebfb08a625e3eb905c4f5ab),platform=Windows NT 6.3.9600 x86_64) (WARNING: The server did not provide any stacktrace information)
Command duration or timeout: 10.01 seconds
Build info: version: &apos;2.53.0&apos;, revision: &apos;35ae25b1534ae328c771e0856c93e187490ca824&apos;, time: &apos;2016-03-15 10:43:46&apos;
System info: host: &apos;Nikil&apos;, ip: &apos;192.168.254.4&apos;, os.name: &apos;Windows 8.1&apos;, os.arch: &apos;amd64&apos;, os.version: &apos;6.3&apos;, java.version: &apos;1.8.0_131&apos;
Driver info: org.openqa.selenium.chrome.ChromeDriver
Capabilities [{applicationCacheEnabled=false, rotatable=false, mobileEmulationEnabled=false, networkConnectionEnabled=false, chrome={chromedriverVersion=2.40.565498 (ea082db3280dd6843ebfb08a625e3eb905c4f5ab), userDataDir=C:\Users\NIKILK~1\AppData\Local\Temp\scoped_dir13332_9007}, takesHeapSnapshot=true, pageLoadStrategy=normal, databaseEnabled=false, handlesAlerts=true, hasTouchScreen=false, version=67.0.3396.99, platform=WIN8_1, browserConnectionEnabled=false, nativeEvents=true, acceptSslCerts=false, acceptInsecureCerts=false, locationContextEnabled=true, webStorageEnabled=true, browserName=chrome, takesScreenshot=true, javascriptEnabled=true, cssSelectorsEnabled=true, setWindowRect=true, unexpectedAlertBehaviour=}]
Session ID: 0310d83ee2a38065a6f344275d2497a3
Exception occured: org.openqa.selenium.TimeoutException: timeout
  (Session info: chrome=67.0.3396.99)
  (Driver info: chromedriver=2.40.565498 (ea082db3280dd6843ebfb08a625e3eb905c4f5ab),platform=Windows NT 6.3.9600 x86_64) (WARNING: The server did not provide any stacktrace information)
Command duration or timeout: 10.01 seconds
Build info: version: &apos;2.53.0&apos;, revision: &apos;35ae25b1534ae328c771e0856c93e187490ca824&apos;, time: &apos;2016-03-15 10:43:46&apos;
System info: host: &apos;Nikil&apos;, ip: &apos;192.168.254.4&apos;, os.name: &apos;Windows 8.1&apos;, os.arch: &apos;amd64&apos;, os.version: &apos;6.3&apos;, java.version: &apos;1.8.0_131&apos;
Driver info: org.openqa.selenium.chrome.ChromeDriver
Capabilities [{applicationCacheEnabled=false, rotatable=false, mobileEmulationEnabled=false, networkConnectionEnabled=false, chrome={chromedriverVersion=2.40.565498 (ea082db3280dd6843ebfb08a625e3eb905c4f5ab), userDataDir=C:\Users\NIKILK~1\AppData\Local\Temp\scoped_dir13332_9007}, takesHeapSnapshot=true, pageLoadStrategy=normal, databaseEnabled=false, handlesAlerts=true, hasTouchScreen=false, version=67.0.3396.99, platform=WIN8_1, browserConnectionEnabled=false, nativeEvents=true, acceptSslCerts=false, acceptInsecureCerts=false, locationContextEnabled=true, webStorageEnabled=true, browserName=chrome, takesScreenshot=true, javascriptEnabled=true, cssSelectorsEnabled=true, setWindowRect=true, unexpectedAlertBehaviour=}]
Session ID: 0310d83ee2a38065a6f344275d2497a3
Exception occured: org.openqa.selenium.TimeoutException: timeout
  (Session info: chrome=67.0.3396.99)
  (Driver info: chromedriver=2.40.565498 (ea082db3280dd6843ebfb08a625e3eb905c4f5ab),platform=Windows NT 6.3.9600 x86_64) (WARNING: The server did not provide any stacktrace information)
Command duration or timeout: 10.01 seconds
Build info: version: &apos;2.53.0&apos;, revision: &apos;35ae25b1534ae328c771e0856c93e187490ca824&apos;, time: &apos;2016-03-15 10:43:46&apos;
System info: host: &apos;Nikil&apos;, ip: &apos;192.168.254.4&apos;, os.name: &apos;Windows 8.1&apos;, os.arch: &apos;amd64&apos;, os.version: &apos;6.3&apos;, java.version: &apos;1.8.0_131&apos;
Driver info: org.openqa.selenium.chrome.ChromeDriver
Capabilities [{applicationCacheEnabled=false, rotatable=false, mobileEmulationEnabled=false, networkConnectionEnabled=false, chrome={chromedriverVersion=2.40.565498 (ea082db3280dd6843ebfb08a625e3eb905c4f5ab), userDataDir=C:\Users\NIKILK~1\AppData\Local\Temp\scoped_dir13332_9007}, takesHeapSnapshot=true, pageLoadStrategy=normal, databaseEnabled=false, handlesAlerts=true, hasTouchScreen=false, version=67.0.3396.99, platform=WIN8_1, browserConnectionEnabled=false, nativeEvents=true, acceptSslCerts=false, acceptInsecureCerts=false, locationContextEnabled=true, webStorageEnabled=true, browserName=chrome, takesScreenshot=true, javascriptEnabled=true, cssSelectorsEnabled=true, setWindowRect=true, unexpectedAlertBehaviour=}]
Session ID: 0310d83ee2a38065a6f344275d2497a3
Exception occured: org.openqa.selenium.TimeoutException: timeout
  (Session info: chrome=67.0.3396.99)
  (Driver info: chromedriver=2.40.565498 (ea082db3280dd6843ebfb08a625e3eb905c4f5ab),platform=Windows NT 6.3.9600 x86_64) (WARNING: The server did not provide any stacktrace information)
Command duration or timeout: 10.01 seconds
Build info: version: &apos;2.53.0&apos;, revision: &apos;35ae25b1534ae328c771e0856c93e187490ca824&apos;, time: &apos;2016-03-15 10:43:46&apos;
System info: host: &apos;Nikil&apos;, ip: &apos;192.168.254.4&apos;, os.name: &apos;Windows 8.1&apos;, os.arch: &apos;amd64&apos;, os.version: &apos;6.3&apos;, java.version: &apos;1.8.0_131&apos;
Driver info: org.openqa.selenium.chrome.ChromeDriver
Capabilities [{applicationCacheEnabled=false, rotatable=false, mobileEmulationEnabled=false, networkConnectionEnabled=false, chrome={chromedriverVersion=2.40.565498 (ea082db3280dd6843ebfb08a625e3eb905c4f5ab), userDataDir=C:\Users\NIKILK~1\AppData\Local\Temp\scoped_dir13332_9007}, takesHeapSnapshot=true, pageLoadStrategy=normal, databaseEnabled=false, handlesAlerts=true, hasTouchScreen=false, version=67.0.3396.99, platform=WIN8_1, browserConnectionEnabled=false, nativeEvents=true, acceptSslCerts=false, acceptInsecureCerts=false, locationContextEnabled=true, webStorageEnabled=true, browserName=chrome, takesScreenshot=true, javascriptEnabled=true, cssSelectorsEnabled=true, setWindowRect=true, unexpectedAlertBehaviour=}]
Session ID: 0310d83ee2a38065a6f344275d2497a3
Exception occured: org.openqa.selenium.TimeoutException: timeout
  (Session info: chrome=67.0.3396.99)
  (Driver info: chromedriver=2.40.565498 (ea082db3280dd6843ebfb08a625e3eb905c4f5ab),platform=Windows NT 6.3.9600 x86_64) (WARNING: The server did not provide any stacktrace information)
Command duration or timeout: 10.01 seconds
Build info: version: &apos;2.53.0&apos;, revision: &apos;35ae25b1534ae328c771e0856c93e187490ca824&apos;, time: &apos;2016-03-15 10:43:46&apos;
System info: host: &apos;Nikil&apos;, ip: &apos;192.168.254.4&apos;, os.name: &apos;Windows 8.1&apos;, os.arch: &apos;amd64&apos;, os.version: &apos;6.3&apos;, java.version: &apos;1.8.0_131&apos;
Driver info: org.openqa.selenium.chrome.ChromeDriver
Capabilities [{applicationCacheEnabled=false, rotatable=false, mobileEmulationEnabled=false, networkConnectionEnabled=false, chrome={chromedriverVersion=2.40.565498 (ea082db3280dd6843ebfb08a625e3eb905c4f5ab), userDataDir=C:\Users\NIKILK~1\AppData\Local\Temp\scoped_dir13332_9007}, takesHeapSnapshot=true, pageLoadStrategy=normal, databaseEnabled=false, handlesAlerts=true, hasTouchScreen=false, version=67.0.3396.99, platform=WIN8_1, browserConnectionEnabled=false, nativeEvents=true, acceptSslCerts=false, acceptInsecureCerts=false, locationContextEnabled=true, webStorageEnabled=true, browserName=chrome, takesScreenshot=true, javascriptEnabled=true, cssSelectorsEnabled=true, setWindowRect=true, unexpectedAlertBehaviour=}]
Session ID: 0310d83ee2a38065a6f344275d2497a3
Exception occured: org.openqa.selenium.TimeoutException: timeout
  (Session info: chrome=67.0.3396.99)
  (Driver info: chromedriver=2.40.565498 (ea082db3280dd6843ebfb08a625e3eb905c4f5ab),platform=Windows NT 6.3.9600 x86_64) (WARNING: The server did not provide any stacktrace information)
Command duration or timeout: 10.01 seconds
Build info: version: &apos;2.53.0&apos;, revision: &apos;35ae25b1534ae328c771e0856c93e187490ca824&apos;, time: &apos;2016-03-15 10:43:46&apos;
System info: host: &apos;Nikil&apos;, ip: &apos;192.168.254.4&apos;, os.name: &apos;Windows 8.1&apos;, os.arch: &apos;amd64&apos;, os.version: &apos;6.3&apos;, java.version: &apos;1.8.0_131&apos;
Driver info: org.openqa.selenium.chrome.ChromeDriver
Capabilities [{applicationCacheEnabled=false, rotatable=false, mobileEmulationEnabled=false, networkConnectionEnabled=false, chrome={chromedriverVersion=2.40.565498 (ea082db3280dd6843ebfb08a625e3eb905c4f5ab), userDataDir=C:\Users\NIKILK~1\AppData\Local\Temp\scoped_dir13332_9007}, takesHeapSnapshot=true, pageLoadStrategy=normal, databaseEnabled=false, handlesAlerts=true, hasTouchScreen=false, version=67.0.3396.99, platform=WIN8_1, browserConnectionEnabled=false, nativeEvents=true, acceptSslCerts=false, acceptInsecureCerts=false, locationContextEnabled=true, webStorageEnabled=true, browserName=chrome, takesScreenshot=true, javascriptEnabled=true, cssSelectorsEnabled=true, setWindowRect=true, unexpectedAlertBehaviour=}]
Session ID: 0310d83ee2a38065a6f344275d2497a3
Exception occured: org.openqa.selenium.TimeoutException: timeout
  (Session info: chrome=67.0.3396.99)
  (Driver info: chromedriver=2.40.565498 (ea082db3280dd6843ebfb08a625e3eb905c4f5ab),platform=Windows NT 6.3.9600 x86_64) (WARNING: The server did not provide any stacktrace information)
Command duration or timeout: 10.01 seconds
Build info: version: &apos;2.53.0&apos;, revision: &apos;35ae25b1534ae328c771e0856c93e187490ca824&apos;, time: &apos;2016-03-15 10:43:46&apos;
System info: host: &apos;Nikil&apos;, ip: &apos;192.168.254.4&apos;, os.name: &apos;Windows 8.1&apos;, os.arch: &apos;amd64&apos;, os.version: &apos;6.3&apos;, java.version: &apos;1.8.0_131&apos;
Driver info: org.openqa.selenium.chrome.ChromeDriver
Capabilities [{applicationCacheEnabled=false, rotatable=false, mobileEmulationEnabled=false, networkConnectionEnabled=false, chrome={chromedriverVersion=2.40.565498 (ea082db3280dd6843ebfb08a625e3eb905c4f5ab), userDataDir=C:\Users\NIKILK~1\AppData\Local\Temp\scoped_dir13332_9007}, takesHeapSnapshot=true, pageLoadStrategy=normal, databaseEnabled=false, handlesAlerts=true, hasTouchScreen=false, version=67.0.3396.99, platform=WIN8_1, browserConnectionEnabled=false, nativeEvents=true, acceptSslCerts=false, acceptInsecureCerts=false, locationContextEnabled=true, webStorageEnabled=true, browserName=chrome, takesScreenshot=true, javascriptEnabled=true, cssSelectorsEnabled=true, setWindowRect=true, unexpectedAlertBehaviour=}]
Session ID: 0310d83ee2a38065a6f344275d2497a3
Exception occured: org.openqa.selenium.TimeoutException: timeout
  (Session info: chrome=67.0.3396.99)
  (Driver info: chromedriver=2.40.565498 (ea082db3280dd6843ebfb08a625e3eb905c4f5ab),platform=Windows NT 6.3.9600 x86_64) (WARNING: The server did not provide any stacktrace information)
Command duration or timeout: 10.01 seconds
Build info: version: &apos;2.53.0&apos;, revision: &apos;35ae25b1534ae328c771e0856c93e187490ca824&apos;, time: &apos;2016-03-15 10:43:46&apos;
System info: host: &apos;Nikil&apos;, ip: &apos;192.168.254.4&apos;, os.name: &apos;Windows 8.1&apos;, os.arch: &apos;amd64&apos;, os.version: &apos;6.3&apos;, java.version: &apos;1.8.0_131&apos;
Driver info: org.openqa.selenium.chrome.ChromeDriver
Capabilities [{applicationCacheEnabled=false, rotatable=false, mobileEmulationEnabled=false, networkConnectionEnabled=false, chrome={chromedriverVersion=2.40.565498 (ea082db3280dd6843ebfb08a625e3eb905c4f5ab), userDataDir=C:\Users\NIKILK~1\AppData\Local\Temp\scoped_dir13332_9007}, takesHeapSnapshot=true, pageLoadStrategy=normal, databaseEnabled=false, handlesAlerts=true, hasTouchScreen=false, version=67.0.3396.99, platform=WIN8_1, browserConnectionEnabled=false, nativeEvents=true, acceptSslCerts=false, acceptInsecureCerts=false, locationContextEnabled=true, webStorageEnabled=true, browserName=chrome, takesScreenshot=true, javascriptEnabled=true, cssSelectorsEnabled=true, setWindowRect=true, unexpectedAlertBehaviour=}]
Session ID: 0310d83ee2a38065a6f344275d2497a3
Exception occured: org.openqa.selenium.TimeoutException: timeout
  (Session info: chrome=67.0.3396.99)
  (Driver info: chromedriver=2.40.565498 (ea082db3280dd6843ebfb08a625e3eb905c4f5ab),platform=Windows NT 6.3.9600 x86_64) (WARNING: The server did not provide any stacktrace information)
Command duration or timeout: 10.01 seconds
Build info: version: &apos;2.53.0&apos;, revision: &apos;35ae25b1534ae328c771e0856c93e187490ca824&apos;, time: &apos;2016-03-15 10:43:46&apos;
System info: host: &apos;Nikil&apos;, ip: &apos;192.168.254.4&apos;, os.name: &apos;Windows 8.1&apos;, os.arch: &apos;amd64&apos;, os.version: &apos;6.3&apos;, java.version: &apos;1.8.0_131&apos;
Driver info: org.openqa.selenium.chrome.ChromeDriver
Capabilities [{applicationCacheEnabled=false, rotatable=false, mobileEmulationEnabled=false, networkConnectionEnabled=false, chrome={chromedriverVersion=2.40.565498 (ea082db3280dd6843ebfb08a625e3eb905c4f5ab), userDataDir=C:\Users\NIKILK~1\AppData\Local\Temp\scoped_dir13332_9007}, takesHeapSnapshot=true, pageLoadStrategy=normal, databaseEnabled=false, handlesAlerts=true, hasTouchScreen=false, version=67.0.3396.99, platform=WIN8_1, browserConnectionEnabled=false, nativeEvents=true, acceptSslCerts=false, acceptInsecureCerts=false, locationContextEnabled=true, webStorageEnabled=true, browserName=chrome, takesScreenshot=true, javascriptEnabled=true, cssSelectorsEnabled=true, setWindowRect=true, unexpectedAlertBehaviour=}]
Session ID: 0310d83ee2a38065a6f344275d2497a3
Exception occured: org.openqa.selenium.TimeoutException: timeout
  (Session info: chrome=67.0.3396.99)
  (Driver info: chromedriver=2.40.565498 (ea082db3280dd6843ebfb08a625e3eb905c4f5ab),platform=Windows NT 6.3.9600 x86_64) (WARNING: The server did not provide any stacktrace information)
Command duration or timeout: 10.01 seconds
Build info: version: &apos;2.53.0&apos;, revision: &apos;35ae25b1534ae328c771e0856c93e187490ca824&apos;, time: &apos;2016-03-15 10:43:46&apos;
System info: host: &apos;Nikil&apos;, ip: &apos;192.168.254.4&apos;, os.name: &apos;Windows 8.1&apos;, os.arch: &apos;amd64&apos;, os.version: &apos;6.3&apos;, java.version: &apos;1.8.0_131&apos;
Driver info: org.openqa.selenium.chrome.ChromeDriver
Capabilities [{applicationCacheEnabled=false, rotatable=false, mobileEmulationEnabled=false, networkConnectionEnabled=false, chrome={chromedriverVersion=2.40.565498 (ea082db3280dd6843ebfb08a625e3eb905c4f5ab), userDataDir=C:\Users\NIKILK~1\AppData\Local\Temp\scoped_dir13332_9007}, takesHeapSnapshot=true, pageLoadStrategy=normal, databaseEnabled=false, handlesAlerts=true, hasTouchScreen=false, version=67.0.3396.99, platform=WIN8_1, browserConnectionEnabled=false, nativeEvents=true, acceptSslCerts=false, acceptInsecureCerts=false, locationContextEnabled=true, webStorageEnabled=true, browserName=chrome, takesScreenshot=true, javascriptEnabled=true, cssSelectorsEnabled=true, setWindowRect=true, unexpectedAlertBehaviour=}]
Session ID: 0310d83ee2a38065a6f344275d2497a3
Exception occured: org.openqa.selenium.TimeoutException: timeout
  (Session info: chrome=67.0.3396.99)
  (Driver info: chromedriver=2.40.565498 (ea082db3280dd6843ebfb08a625e3eb905c4f5ab),platform=Windows NT 6.3.9600 x86_64) (WARNING: The server did not provide any stacktrace information)
Command duration or timeout: 10.01 seconds
Build info: version: &apos;2.53.0&apos;, revision: &apos;35ae25b1534ae328c771e0856c93e187490ca824&apos;, time: &apos;2016-03-15 10:43:46&apos;
System info: host: &apos;Nikil&apos;, ip: &apos;192.168.254.4&apos;, os.name: &apos;Windows 8.1&apos;, os.arch: &apos;amd64&apos;, os.version: &apos;6.3&apos;, java.version: &apos;1.8.0_131&apos;
Driver info: org.openqa.selenium.chrome.ChromeDriver
Capabilities [{applicationCacheEnabled=false, rotatable=false, mobileEmulationEnabled=false, networkConnectionEnabled=false, chrome={chromedriverVersion=2.40.565498 (ea082db3280dd6843ebfb08a625e3eb905c4f5ab), userDataDir=C:\Users\NIKILK~1\AppData\Local\Temp\scoped_dir13332_9007}, takesHeapSnapshot=true, pageLoadStrategy=normal, databaseEnabled=false, handlesAlerts=true, hasTouchScreen=false, version=67.0.3396.99, platform=WIN8_1, browserConnectionEnabled=false, nativeEvents=true, acceptSslCerts=false, acceptInsecureCerts=false, locationContextEnabled=true, webStorageEnabled=true, browserName=chrome, takesScreenshot=true, javascriptEnabled=true, cssSelectorsEnabled=true, setWindowRect=true, unexpectedAlertBehaviour=}]
Session ID: 0310d83ee2a38065a6f344275d2497a3
Exception occured: org.openqa.selenium.TimeoutException: timeout
  (Session info: chrome=67.0.3396.99)
  (Driver info: chromedriver=2.40.565498 (ea082db3280dd6843ebfb08a625e3eb905c4f5ab),platform=Windows NT 6.3.9600 x86_64) (WARNING: The server did not provide any stacktrace information)
Command duration or timeout: 10.01 seconds
Build info: version: &apos;2.53.0&apos;, revision: &apos;35ae25b1534ae328c771e0856c93e187490ca824&apos;, time: &apos;2016-03-15 10:43:46&apos;
System info: host: &apos;Nikil&apos;, ip: &apos;192.168.254.4&apos;, os.name: &apos;Windows 8.1&apos;, os.arch: &apos;amd64&apos;, os.version: &apos;6.3&apos;, java.version: &apos;1.8.0_131&apos;
Driver info: org.openqa.selenium.chrome.ChromeDriver
Capabilities [{applicationCacheEnabled=false, rotatable=false, mobileEmulationEnabled=false, networkConnectionEnabled=false, chrome={chromedriverVersion=2.40.565498 (ea082db3280dd6843ebfb08a625e3eb905c4f5ab), userDataDir=C:\Users\NIKILK~1\AppData\Local\Temp\scoped_dir13332_9007}, takesHeapSnapshot=true, pageLoadStrategy=normal, databaseEnabled=false, handlesAlerts=true, hasTouchScreen=false, version=67.0.3396.99, platform=WIN8_1, browserConnectionEnabled=false, nativeEvents=true, acceptSslCerts=false, acceptInsecureCerts=false, locationContextEnabled=true, webStorageEnabled=true, browserName=chrome, takesScreenshot=true, javascriptEnabled=true, cssSelectorsEnabled=true, setWindowRect=true, unexpectedAlertBehaviour=}]
Session ID: 0310d83ee2a38065a6f344275d2497a3
Exception occured: org.openqa.selenium.TimeoutException: timeout
  (Session info: chrome=67.0.3396.99)
  (Driver info: chromedriver=2.40.565498 (ea082db3280dd6843ebfb08a625e3eb905c4f5ab),platform=Windows NT 6.3.9600 x86_64) (WARNING: The server did not provide any stacktrace information)
Command duration or timeout: 10.01 seconds
Build info: version: &apos;2.53.0&apos;, revision: &apos;35ae25b1534ae328c771e0856c93e187490ca824&apos;, time: &apos;2016-03-15 10:43:46&apos;
System info: host: &apos;Nikil&apos;, ip: &apos;192.168.254.4&apos;, os.name: &apos;Windows 8.1&apos;, os.arch: &apos;amd64&apos;, os.version: &apos;6.3&apos;, java.version: &apos;1.8.0_131&apos;
Driver info: org.openqa.selenium.chrome.ChromeDriver
Capabilities [{applicationCacheEnabled=false, rotatable=false, mobileEmulationEnabled=false, networkConnectionEnabled=false, chrome={chromedriverVersion=2.40.565498 (ea082db3280dd6843ebfb08a625e3eb905c4f5ab), userDataDir=C:\Users\NIKILK~1\AppData\Local\Temp\scoped_dir13332_9007}, takesHeapSnapshot=true, pageLoadStrategy=normal, databaseEnabled=false, handlesAlerts=true, hasTouchScreen=false, version=67.0.3396.99, platform=WIN8_1, browserConnectionEnabled=false, nativeEvents=true, acceptSslCerts=false, acceptInsecureCerts=false, locationContextEnabled=true, webStorageEnabled=true, browserName=chrome, takesScreenshot=true, javascriptEnabled=true, cssSelectorsEnabled=true, setWindowRect=true, unexpectedAlertBehaviour=}]
Session ID: 0310d83ee2a38065a6f344275d2497a3
Exception occured: org.openqa.selenium.TimeoutException: timeout
  (Session info: chrome=67.0.3396.99)
  (Driver info: chromedriver=2.40.565498 (ea082db3280dd6843ebfb08a625e3eb905c4f5ab),platform=Windows NT 6.3.9600 x86_64) (WARNING: The server did not provide any stacktrace information)
Command duration or timeout: 10.01 seconds
Build info: version: &apos;2.53.0&apos;, revision: &apos;35ae25b1534ae328c771e0856c93e187490ca824&apos;, time: &apos;2016-03-15 10:43:46&apos;
System info: host: &apos;Nikil&apos;, ip: &apos;192.168.254.4&apos;, os.name: &apos;Windows 8.1&apos;, os.arch: &apos;amd64&apos;, os.version: &apos;6.3&apos;, java.version: &apos;1.8.0_131&apos;
Driver info: org.openqa.selenium.chrome.ChromeDriver
Capabilities [{applicationCacheEnabled=false, rotatable=false, mobileEmulationEnabled=false, networkConnectionEnabled=false, chrome={chromedriverVersion=2.40.565498 (ea082db3280dd6843ebfb08a625e3eb905c4f5ab), userDataDir=C:\Users\NIKILK~1\AppData\Local\Temp\scoped_dir13332_9007}, takesHeapSnapshot=true, pageLoadStrategy=normal, databaseEnabled=false, handlesAlerts=true, hasTouchScreen=false, version=67.0.3396.99, platform=WIN8_1, browserConnectionEnabled=false, nativeEvents=true, acceptSslCerts=false, acceptInsecureCerts=false, locationContextEnabled=true, webStorageEnabled=true, browserName=chrome, takesScreenshot=true, javascriptEnabled=true, cssSelectorsEnabled=true, setWindowRect=true, unexpectedAlertBehaviour=}]
Session ID: 0310d83ee2a38065a6f344275d2497a3
Exception occured: org.openqa.selenium.TimeoutException: timeout
  (Session info: chrome=67.0.3396.99)
  (Driver info: chromedriver=2.40.565498 (ea082db3280dd6843ebfb08a625e3eb905c4f5ab),platform=Windows NT 6.3.9600 x86_64) (WARNING: The server did not provide any stacktrace information)
Command duration or timeout: 10.01 seconds
Build info: version: &apos;2.53.0&apos;, revision: &apos;35ae25b1534ae328c771e0856c93e187490ca824&apos;, time: &apos;2016-03-15 10:43:46&apos;
System info: host: &apos;Nikil&apos;, ip: &apos;192.168.254.4&apos;, os.name: &apos;Windows 8.1&apos;, os.arch: &apos;amd64&apos;, os.version: &apos;6.3&apos;, java.version: &apos;1.8.0_131&apos;
Driver info: org.openqa.selenium.chrome.ChromeDriver
Capabilities [{applicationCacheEnabled=false, rotatable=false, mobileEmulationEnabled=false, networkConnectionEnabled=false, chrome={chromedriverVersion=2.40.565498 (ea082db3280dd6843ebfb08a625e3eb905c4f5ab), userDataDir=C:\Users\NIKILK~1\AppData\Local\Temp\scoped_dir13332_9007}, takesHeapSnapshot=true, pageLoadStrategy=normal, databaseEnabled=false, handlesAlerts=true, hasTouchScreen=false, version=67.0.3396.99, platform=WIN8_1, browserConnectionEnabled=false, nativeEvents=true, acceptSslCerts=false, acceptInsecureCerts=false, locationContextEnabled=true, webStorageEnabled=true, browserName=chrome, takesScreenshot=true, javascriptEnabled=true, cssSelectorsEnabled=true, setWindowRect=true, unexpectedAlertBehaviour=}]
Session ID: 0310d83ee2a38065a6f344275d2497a3
Exception occured: org.openqa.selenium.TimeoutException: timeout
  (Session info: chrome=67.0.3396.99)
  (Driver info: chromedriver=2.40.565498 (ea082db3280dd6843ebfb08a625e3eb905c4f5ab),platform=Windows NT 6.3.9600 x86_64) (WARNING: The server did not provide any stacktrace information)
Command duration or timeout: 10.01 seconds
Build info: version: &apos;2.53.0&apos;, revision: &apos;35ae25b1534ae328c771e0856c93e187490ca824&apos;, time: &apos;2016-03-15 10:43:46&apos;
System info: host: &apos;Nikil&apos;, ip: &apos;192.168.254.4&apos;, os.name: &apos;Windows 8.1&apos;, os.arch: &apos;amd64&apos;, os.version: &apos;6.3&apos;, java.version: &apos;1.8.0_131&apos;
Driver info: org.openqa.selenium.chrome.ChromeDriver
Capabilities [{applicationCacheEnabled=false, rotatable=false, mobileEmulationEnabled=false, networkConnectionEnabled=false, chrome={chromedriverVersion=2.40.565498 (ea082db3280dd6843ebfb08a625e3eb905c4f5ab), userDataDir=C:\Users\NIKILK~1\AppData\Local\Temp\scoped_dir13332_9007}, takesHeapSnapshot=true, pageLoadStrategy=normal, databaseEnabled=false, handlesAlerts=true, hasTouchScreen=false, version=67.0.3396.99, platform=WIN8_1, browserConnectionEnabled=false, nativeEvents=true, acceptSslCerts=false, acceptInsecureCerts=false, locationContextEnabled=true, webStorageEnabled=true, browserName=chrome, takesScreenshot=true, javascriptEnabled=true, cssSelectorsEnabled=true, setWindowRect=true, unexpectedAlertBehaviour=}]
Session ID: 0310d83ee2a38065a6f344275d2497a3
Exception occured: org.openqa.selenium.TimeoutException: timeout
  (Session info: chrome=67.0.3396.99)
  (Driver info: chromedriver=2.40.565498 (ea082db3280dd6843ebfb08a625e3eb905c4f5ab),platform=Windows NT 6.3.9600 x86_64) (WARNING: The server did not provide any stacktrace information)
Command duration or timeout: 10.01 seconds
Build info: version: &apos;2.53.0&apos;, revision: &apos;35ae25b1534ae328c771e0856c93e187490ca824&apos;, time: &apos;2016-03-15 10:43:46&apos;
System info: host: &apos;Nikil&apos;, ip: &apos;192.168.254.4&apos;, os.name: &apos;Windows 8.1&apos;, os.arch: &apos;amd64&apos;, os.version: &apos;6.3&apos;, java.version: &apos;1.8.0_131&apos;
Driver info: org.openqa.selenium.chrome.ChromeDriver
Capabilities [{applicationCacheEnabled=false, rotatable=false, mobileEmulationEnabled=false, networkConnectionEnabled=false, chrome={chromedriverVersion=2.40.565498 (ea082db3280dd6843ebfb08a625e3eb905c4f5ab), userDataDir=C:\Users\NIKILK~1\AppData\Local\Temp\scoped_dir13332_9007}, takesHeapSnapshot=true, pageLoadStrategy=normal, databaseEnabled=false, handlesAlerts=true, hasTouchScreen=false, version=67.0.3396.99, platform=WIN8_1, browserConnectionEnabled=false, nativeEvents=true, acceptSslCerts=false, acceptInsecureCerts=false, locationContextEnabled=true, webStorageEnabled=true, browserName=chrome, takesScreenshot=true, javascriptEnabled=true, cssSelectorsEnabled=true, setWindowRect=true, unexpectedAlertBehaviour=}]
Session ID: 0310d83ee2a38065a6f344275d2497a3
Exception occured: org.openqa.selenium.TimeoutException: timeout
  (Session info: chrome=67.0.3396.99)
  (Driver info: chromedriver=2.40.565498 (ea082db3280dd6843ebfb08a625e3eb905c4f5ab),platform=Windows NT 6.3.9600 x86_64) (WARNING: The server did not provide any stacktrace information)
Command duration or timeout: 10.01 seconds
Build info: version: &apos;2.53.0&apos;, revision: &apos;35ae25b1534ae328c771e0856c93e187490ca824&apos;, time: &apos;2016-03-15 10:43:46&apos;
System info: host: &apos;Nikil&apos;, ip: &apos;192.168.254.4&apos;, os.name: &apos;Windows 8.1&apos;, os.arch: &apos;amd64&apos;, os.version: &apos;6.3&apos;, java.version: &apos;1.8.0_131&apos;
Driver info: org.openqa.selenium.chrome.ChromeDriver
Capabilities [{applicationCacheEnabled=false, rotatable=false, mobileEmulationEnabled=false, networkConnectionEnabled=false, chrome={chromedriverVersion=2.40.565498 (ea082db3280dd6843ebfb08a625e3eb905c4f5ab), userDataDir=C:\Users\NIKILK~1\AppData\Local\Temp\scoped_dir13332_9007}, takesHeapSnapshot=true, pageLoadStrategy=normal, databaseEnabled=false, handlesAlerts=true, hasTouchScreen=false, version=67.0.3396.99, platform=WIN8_1, browserConnectionEnabled=false, nativeEvents=true, acceptSslCerts=false, acceptInsecureCerts=false, locationContextEnabled=true, webStorageEnabled=true, browserName=chrome, takesScreenshot=true, javascriptEnabled=true, cssSelectorsEnabled=true, setWindowRect=true, unexpectedAlertBehaviour=}]
Session ID: 0310d83ee2a38065a6f344275d2497a3
Exception occured: org.openqa.selenium.TimeoutException: timeout
  (Session info: chrome=67.0.3396.99)
  (Driver info: chromedriver=2.40.565498 (ea082db3280dd6843ebfb08a625e3eb905c4f5ab),platform=Windows NT 6.3.9600 x86_64) (WARNING: The server did not provide any stacktrace information)
Command duration or timeout: 10.01 seconds
Build info: version: &apos;2.53.0&apos;, revision: &apos;35ae25b1534ae328c771e0856c93e187490ca824&apos;, time: &apos;2016-03-15 10:43:46&apos;
System info: host: &apos;Nikil&apos;, ip: &apos;192.168.254.4&apos;, os.name: &apos;Windows 8.1&apos;, os.arch: &apos;amd64&apos;, os.version: &apos;6.3&apos;, java.version: &apos;1.8.0_131&apos;
Driver info: org.openqa.selenium.chrome.ChromeDriver
Capabilities [{applicationCacheEnabled=false, rotatable=false, mobileEmulationEnabled=false, networkConnectionEnabled=false, chrome={chromedriverVersion=2.40.565498 (ea082db3280dd6843ebfb08a625e3eb905c4f5ab), userDataDir=C:\Users\NIKILK~1\AppData\Local\Temp\scoped_dir13332_9007}, takesHeapSnapshot=true, pageLoadStrategy=normal, databaseEnabled=false, handlesAlerts=true, hasTouchScreen=false, version=67.0.3396.99, platform=WIN8_1, browserConnectionEnabled=false, nativeEvents=true, acceptSslCerts=false, acceptInsecureCerts=false, locationContextEnabled=true, webStorageEnabled=true, browserName=chrome, takesScreenshot=true, javascriptEnabled=true, cssSelectorsEnabled=true, setWindowRect=true, unexpectedAlertBehaviour=}]
Session ID: 0310d83ee2a38065a6f344275d2497a3
Exception occured: org.openqa.selenium.TimeoutException: timeout
  (Session info: chrome=67.0.3396.99)
  (Driver info: chromedriver=2.40.565498 (ea082db3280dd6843ebfb08a625e3eb905c4f5ab),platform=Windows NT 6.3.9600 x86_64) (WARNING: The server did not provide any stacktrace information)
Command duration or timeout: 10.01 seconds
Build info: version: &apos;2.53.0&apos;, revision: &apos;35ae25b1534ae328c771e0856c93e187490ca824&apos;, time: &apos;2016-03-15 10:43:46&apos;
System info: host: &apos;Nikil&apos;, ip: &apos;192.168.254.4&apos;, os.name: &apos;Windows 8.1&apos;, os.arch: &apos;amd64&apos;, os.version: &apos;6.3&apos;, java.version: &apos;1.8.0_131&apos;
Driver info: org.openqa.selenium.chrome.ChromeDriver
Capabilities [{applicationCacheEnabled=false, rotatable=false, mobileEmulationEnabled=false, networkConnectionEnabled=false, chrome={chromedriverVersion=2.40.565498 (ea082db3280dd6843ebfb08a625e3eb905c4f5ab), userDataDir=C:\Users\NIKILK~1\AppData\Local\Temp\scoped_dir13332_9007}, takesHeapSnapshot=true, pageLoadStrategy=normal, databaseEnabled=false, handlesAlerts=true, hasTouchScreen=false, version=67.0.3396.99, platform=WIN8_1, browserConnectionEnabled=false, nativeEvents=true, acceptSslCerts=false, acceptInsecureCerts=false, locationContextEnabled=true, webStorageEnabled=true, browserName=chrome, takesScreenshot=true, javascriptEnabled=true, cssSelectorsEnabled=true, setWindowRect=true, unexpectedAlertBehaviour=}]
Session ID: 0310d83ee2a38065a6f344275d2497a3
Exception occured: org.openqa.selenium.TimeoutException: timeout
  (Session info: chrome=67.0.3396.99)
  (Driver info: chromedriver=2.40.565498 (ea082db3280dd6843ebfb08a625e3eb905c4f5ab),platform=Windows NT 6.3.9600 x86_64) (WARNING: The server did not provide any stacktrace information)
Command duration or timeout: 10.01 seconds
Build info: version: &apos;2.53.0&apos;, revision: &apos;35ae25b1534ae328c771e0856c93e187490ca824&apos;, time: &apos;2016-03-15 10:43:46&apos;
System info: host: &apos;Nikil&apos;, ip: &apos;192.168.254.4&apos;, os.name: &apos;Windows 8.1&apos;, os.arch: &apos;amd64&apos;, os.version: &apos;6.3&apos;, java.version: &apos;1.8.0_131&apos;
Driver info: org.openqa.selenium.chrome.ChromeDriver
Capabilities [{applicationCacheEnabled=false, rotatable=false, mobileEmulationEnabled=false, networkConnectionEnabled=false, chrome={chromedriverVersion=2.40.565498 (ea082db3280dd6843ebfb08a625e3eb905c4f5ab), userDataDir=C:\Users\NIKILK~1\AppData\Local\Temp\scoped_dir13332_9007}, takesHeapSnapshot=true, pageLoadStrategy=normal, databaseEnabled=false, handlesAlerts=true, hasTouchScreen=false, version=67.0.3396.99, platform=WIN8_1, browserConnectionEnabled=false, nativeEvents=true, acceptSslCerts=false, acceptInsecureCerts=false, locationContextEnabled=true, webStorageEnabled=true, browserName=chrome, takesScreenshot=true, javascriptEnabled=true, cssSelectorsEnabled=true, setWindowRect=true, unexpectedAlertBehaviour=}]
Session ID: 0310d83ee2a38065a6f344275d2497a3
Exception occured: org.openqa.selenium.TimeoutException: timeout
  (Session info: chrome=67.0.3396.99)
  (Driver info: chromedriver=2.40.565498 (ea082db3280dd6843ebfb08a625e3eb905c4f5ab),platform=Windows NT 6.3.9600 x86_64) (WARNING: The server did not provide any stacktrace information)
Command duration or timeout: 10.01 seconds
Build info: version: &apos;2.53.0&apos;, revision: &apos;35ae25b1534ae328c771e0856c93e187490ca824&apos;, time: &apos;2016-03-15 10:43:46&apos;
System info: host: &apos;Nikil&apos;, ip: &apos;192.168.254.4&apos;, os.name: &apos;Windows 8.1&apos;, os.arch: &apos;amd64&apos;, os.version: &apos;6.3&apos;, java.version: &apos;1.8.0_131&apos;
Driver info: org.openqa.selenium.chrome.ChromeDriver
Capabilities [{applicationCacheEnabled=false, rotatable=false, mobileEmulationEnabled=false, networkConnectionEnabled=false, chrome={chromedriverVersion=2.40.565498 (ea082db3280dd6843ebfb08a625e3eb905c4f5ab), userDataDir=C:\Users\NIKILK~1\AppData\Local\Temp\scoped_dir13332_9007}, takesHeapSnapshot=true, pageLoadStrategy=normal, databaseEnabled=false, handlesAlerts=true, hasTouchScreen=false, version=67.0.3396.99, platform=WIN8_1, browserConnectionEnabled=false, nativeEvents=true, acceptSslCerts=false, acceptInsecureCerts=false, locationContextEnabled=true, webStorageEnabled=true, browserName=chrome, takesScreenshot=true, javascriptEnabled=true, cssSelectorsEnabled=true, setWindowRect=true, unexpectedAlertBehaviour=}]
Session ID: 0310d83ee2a38065a6f344275d2497a3
Exception occured: org.openqa.selenium.TimeoutException: timeout
  (Session info: chrome=67.0.3396.99)
  (Driver info: chromedriver=2.40.565498 (ea082db3280dd6843ebfb08a625e3eb905c4f5ab),platform=Windows NT 6.3.9600 x86_64) (WARNING: The server did not provide any stacktrace information)
Command duration or timeout: 10.01 seconds
Build info: version: &apos;2.53.0&apos;, revision: &apos;35ae25b1534ae328c771e0856c93e187490ca824&apos;, time: &apos;2016-03-15 10:43:46&apos;
System info: host: &apos;Nikil&apos;, ip: &apos;192.168.254.4&apos;, os.name: &apos;Windows 8.1&apos;, os.arch: &apos;amd64&apos;, os.version: &apos;6.3&apos;, java.version: &apos;1.8.0_131&apos;
Driver info: org.openqa.selenium.chrome.ChromeDriver
Capabilities [{applicationCacheEnabled=false, rotatable=false, mobileEmulationEnabled=false, networkConnectionEnabled=false, chrome={chromedriverVersion=2.40.565498 (ea082db3280dd6843ebfb08a625e3eb905c4f5ab), userDataDir=C:\Users\NIKILK~1\AppData\Local\Temp\scoped_dir13332_9007}, takesHeapSnapshot=true, pageLoadStrategy=normal, databaseEnabled=false, handlesAlerts=true, hasTouchScreen=false, version=67.0.3396.99, platform=WIN8_1, browserConnectionEnabled=false, nativeEvents=true, acceptSslCerts=false, acceptInsecureCerts=false, locationContextEnabled=true, webStorageEnabled=true, browserName=chrome, takesScreenshot=true, javascriptEnabled=true, cssSelectorsEnabled=true, setWindowRect=true, unexpectedAlertBehaviour=}]
Session ID: 0310d83ee2a38065a6f344275d2497a3
Exception occured: org.openqa.selenium.TimeoutException: timeout
  (Session info: chrome=67.0.3396.99)
  (Driver info: chromedriver=2.40.565498 (ea082db3280dd6843ebfb08a625e3eb905c4f5ab),platform=Windows NT 6.3.9600 x86_64) (WARNING: The server did not provide any stacktrace information)
Command duration or timeout: 10.01 seconds
Build info: version: &apos;2.53.0&apos;, revision: &apos;35ae25b1534ae328c771e0856c93e187490ca824&apos;, time: &apos;2016-03-15 10:43:46&apos;
System info: host: &apos;Nikil&apos;, ip: &apos;192.168.254.4&apos;, os.name: &apos;Windows 8.1&apos;, os.arch: &apos;amd64&apos;, os.version: &apos;6.3&apos;, java.version: &apos;1.8.0_131&apos;
Driver info: org.openqa.selenium.chrome.ChromeDriver
Capabilities [{applicationCacheEnabled=false, rotatable=false, mobileEmulationEnabled=false, networkConnectionEnabled=false, chrome={chromedriverVersion=2.40.565498 (ea082db3280dd6843ebfb08a625e3eb905c4f5ab), userDataDir=C:\Users\NIKILK~1\AppData\Local\Temp\scoped_dir13332_9007}, takesHeapSnapshot=true, pageLoadStrategy=normal, databaseEnabled=false, handlesAlerts=true, hasTouchScreen=false, version=67.0.3396.99, platform=WIN8_1, browserConnectionEnabled=false, nativeEvents=true, acceptSslCerts=false, acceptInsecureCerts=false, locationContextEnabled=true, webStorageEnabled=true, browserName=chrome, takesScreenshot=true, javascriptEnabled=true, cssSelectorsEnabled=true, setWindowRect=true, unexpectedAlertBehaviour=}]
Session ID: 0310d83ee2a38065a6f344275d2497a3
Exception occured: org.openqa.selenium.TimeoutException: timeout
  (Session info: chrome=67.0.3396.99)
  (Driver info: chromedriver=2.40.565498 (ea082db3280dd6843ebfb08a625e3eb905c4f5ab),platform=Windows NT 6.3.9600 x86_64) (WARNING: The server did not provide any stacktrace information)
Command duration or timeout: 10.01 seconds
Build info: version: &apos;2.53.0&apos;, revision: &apos;35ae25b1534ae328c771e0856c93e187490ca824&apos;, time: &apos;2016-03-15 10:43:46&apos;
System info: host: &apos;Nikil&apos;, ip: &apos;192.168.254.4&apos;, os.name: &apos;Windows 8.1&apos;, os.arch: &apos;amd64&apos;, os.version: &apos;6.3&apos;, java.version: &apos;1.8.0_131&apos;
Driver info: org.openqa.selenium.chrome.ChromeDriver
Capabilities [{applicationCacheEnabled=false, rotatable=false, mobileEmulationEnabled=false, networkConnectionEnabled=false, chrome={chromedriverVersion=2.40.565498 (ea082db3280dd6843ebfb08a625e3eb905c4f5ab), userDataDir=C:\Users\NIKILK~1\AppData\Local\Temp\scoped_dir13332_9007}, takesHeapSnapshot=true, pageLoadStrategy=normal, databaseEnabled=false, handlesAlerts=true, hasTouchScreen=false, version=67.0.3396.99, platform=WIN8_1, browserConnectionEnabled=false, nativeEvents=true, acceptSslCerts=false, acceptInsecureCerts=false, locationContextEnabled=true, webStorageEnabled=true, browserName=chrome, takesScreenshot=true, javascriptEnabled=true, cssSelectorsEnabled=true, setWindowRect=true, unexpectedAlertBehaviour=}]
Session ID: 0310d83ee2a38065a6f344275d2497a3
Exception occured: org.openqa.selenium.TimeoutException: timeout
  (Session info: chrome=67.0.3396.99)
  (Driver info: chromedriver=2.40.565498 (ea082db3280dd6843ebfb08a625e3eb905c4f5ab),platform=Windows NT 6.3.9600 x86_64) (WARNING: The server did not provide any stacktrace information)
Command duration or timeout: 10.01 seconds
Build info: version: &apos;2.53.0&apos;, revision: &apos;35ae25b1534ae328c771e0856c93e187490ca824&apos;, time: &apos;2016-03-15 10:43:46&apos;
System info: host: &apos;Nikil&apos;, ip: &apos;192.168.254.4&apos;, os.name: &apos;Windows 8.1&apos;, os.arch: &apos;amd64&apos;, os.version: &apos;6.3&apos;, java.version: &apos;1.8.0_131&apos;
Driver info: org.openqa.selenium.chrome.ChromeDriver
Capabilities [{applicationCacheEnabled=false, rotatable=false, mobileEmulationEnabled=false, networkConnectionEnabled=false, chrome={chromedriverVersion=2.40.565498 (ea082db3280dd6843ebfb08a625e3eb905c4f5ab), userDataDir=C:\Users\NIKILK~1\AppData\Local\Temp\scoped_dir13332_9007}, takesHeapSnapshot=true, pageLoadStrategy=normal, databaseEnabled=false, handlesAlerts=true, hasTouchScreen=false, version=67.0.3396.99, platform=WIN8_1, browserConnectionEnabled=false, nativeEvents=true, acceptSslCerts=false, acceptInsecureCerts=false, locationContextEnabled=true, webStorageEnabled=true, browserName=chrome, takesScreenshot=true, javascriptEnabled=true, cssSelectorsEnabled=true, setWindowRect=true, unexpectedAlertBehaviour=}]
Session ID: 0310d83ee2a38065a6f344275d2497a3
Exception occured: org.openqa.selenium.TimeoutException: timeout
  (Session info: chrome=67.0.3396.99)
  (Driver info: chromedriver=2.40.565498 (ea082db3280dd6843ebfb08a625e3eb905c4f5ab),platform=Windows NT 6.3.9600 x86_64) (WARNING: The server did not provide any stacktrace information)
Command duration or timeout: 10.01 seconds
Build info: version: &apos;2.53.0&apos;, revision: &apos;35ae25b1534ae328c771e0856c93e187490ca824&apos;, time: &apos;2016-03-15 10:43:46&apos;
System info: host: &apos;Nikil&apos;, ip: &apos;192.168.254.4&apos;, os.name: &apos;Windows 8.1&apos;, os.arch: &apos;amd64&apos;, os.version: &apos;6.3&apos;, java.version: &apos;1.8.0_131&apos;
Driver info: org.openqa.selenium.chrome.ChromeDriver
Capabilities [{applicationCacheEnabled=false, rotatable=false, mobileEmulationEnabled=false, networkConnectionEnabled=false, chrome={chromedriverVersion=2.40.565498 (ea082db3280dd6843ebfb08a625e3eb905c4f5ab), userDataDir=C:\Users\NIKILK~1\AppData\Local\Temp\scoped_dir13332_9007}, takesHeapSnapshot=true, pageLoadStrategy=normal, databaseEnabled=false, handlesAlerts=true, hasTouchScreen=false, version=67.0.3396.99, platform=WIN8_1, browserConnectionEnabled=false, nativeEvents=true, acceptSslCerts=false, acceptInsecureCerts=false, locationContextEnabled=true, webStorageEnabled=true, browserName=chrome, takesScreenshot=true, javascriptEnabled=true, cssSelectorsEnabled=true, setWindowRect=true, unexpectedAlertBehaviour=}]
Session ID: 0310d83ee2a38065a6f344275d2497a3
Exception occured: org.openqa.selenium.TimeoutException: timeout
  (Session info: chrome=67.0.3396.99)
  (Driver info: chromedriver=2.40.565498 (ea082db3280dd6843ebfb08a625e3eb905c4f5ab),platform=Windows NT 6.3.9600 x86_64) (WARNING: The server did not provide any stacktrace information)
Command duration or timeout: 10.01 seconds
Build info: version: &apos;2.53.0&apos;, revision: &apos;35ae25b1534ae328c771e0856c93e187490ca824&apos;, time: &apos;2016-03-15 10:43:46&apos;
System info: host: &apos;Nikil&apos;, ip: &apos;192.168.254.4&apos;, os.name: &apos;Windows 8.1&apos;, os.arch: &apos;amd64&apos;, os.version: &apos;6.3&apos;, java.version: &apos;1.8.0_131&apos;
Driver info: org.openqa.selenium.chrome.ChromeDriver
Capabilities [{applicationCacheEnabled=false, rotatable=false, mobileEmulationEnabled=false, networkConnectionEnabled=false, chrome={chromedriverVersion=2.40.565498 (ea082db3280dd6843ebfb08a625e3eb905c4f5ab), userDataDir=C:\Users\NIKILK~1\AppData\Local\Temp\scoped_dir13332_9007}, takesHeapSnapshot=true, pageLoadStrategy=normal, databaseEnabled=false, handlesAlerts=true, hasTouchScreen=false, version=67.0.3396.99, platform=WIN8_1, browserConnectionEnabled=false, nativeEvents=true, acceptSslCerts=false, acceptInsecureCerts=false, locationContextEnabled=true, webStorageEnabled=true, browserName=chrome, takesScreenshot=true, javascriptEnabled=true, cssSelectorsEnabled=true, setWindowRect=true, unexpectedAlertBehaviour=}]
Session ID: 0310d83ee2a38065a6f344275d2497a3
Exception occured: org.openqa.selenium.TimeoutException: timeout
  (Session info: chrome=67.0.3396.99)
  (Driver info: chromedriver=2.40.565498 (ea082db3280dd6843ebfb08a625e3eb905c4f5ab),platform=Windows NT 6.3.9600 x86_64) (WARNING: The server did not provide any stacktrace information)
Command duration or timeout: 10.01 seconds
Build info: version: &apos;2.53.0&apos;, revision: &apos;35ae25b1534ae328c771e0856c93e187490ca824&apos;, time: &apos;2016-03-15 10:43:46&apos;
System info: host: &apos;Nikil&apos;, ip: &apos;192.168.254.4&apos;, os.name: &apos;Windows 8.1&apos;, os.arch: &apos;amd64&apos;, os.version: &apos;6.3&apos;, java.version: &apos;1.8.0_131&apos;
Driver info: org.openqa.selenium.chrome.ChromeDriver
Capabilities [{applicationCacheEnabled=false, rotatable=false, mobileEmulationEnabled=false, networkConnectionEnabled=false, chrome={chromedriverVersion=2.40.565498 (ea082db3280dd6843ebfb08a625e3eb905c4f5ab), userDataDir=C:\Users\NIKILK~1\AppData\Local\Temp\scoped_dir13332_9007}, takesHeapSnapshot=true, pageLoadStrategy=normal, databaseEnabled=false, handlesAlerts=true, hasTouchScreen=false, version=67.0.3396.99, platform=WIN8_1, browserConnectionEnabled=false, nativeEvents=true, acceptSslCerts=false, acceptInsecureCerts=false, locationContextEnabled=true, webStorageEnabled=true, browserName=chrome, takesScreenshot=true, javascriptEnabled=true, cssSelectorsEnabled=true, setWindowRect=true, unexpectedAlertBehaviour=}]
Session ID: 0310d83ee2a38065a6f344275d2497a3
Exception occured: org.openqa.selenium.TimeoutException: timeout
  (Session info: chrome=67.0.3396.99)
  (Driver info: chromedriver=2.40.565498 (ea082db3280dd6843ebfb08a625e3eb905c4f5ab),platform=Windows NT 6.3.9600 x86_64) (WARNING: The server did not provide any stacktrace information)
Command duration or timeout: 10.01 seconds
Build info: version: &apos;2.53.0&apos;, revision: &apos;35ae25b1534ae328c771e0856c93e187490ca824&apos;, time: &apos;2016-03-15 10:43:46&apos;
System info: host: &apos;Nikil&apos;, ip: &apos;192.168.254.4&apos;, os.name: &apos;Windows 8.1&apos;, os.arch: &apos;amd64&apos;, os.version: &apos;6.3&apos;, java.version: &apos;1.8.0_131&apos;
Driver info: org.openqa.selenium.chrome.ChromeDriver
Capabilities [{applicationCacheEnabled=false, rotatable=false, mobileEmulationEnabled=false, networkConnectionEnabled=false, chrome={chromedriverVersion=2.40.565498 (ea082db3280dd6843ebfb08a625e3eb905c4f5ab), userDataDir=C:\Users\NIKILK~1\AppData\Local\Temp\scoped_dir13332_9007}, takesHeapSnapshot=true, pageLoadStrategy=normal, databaseEnabled=false, handlesAlerts=true, hasTouchScreen=false, version=67.0.3396.99, platform=WIN8_1, browserConnectionEnabled=false, nativeEvents=true, acceptSslCerts=false, acceptInsecureCerts=false, locationContextEnabled=true, webStorageEnabled=true, browserName=chrome, takesScreenshot=true, javascriptEnabled=true, cssSelectorsEnabled=true, setWindowRect=true, unexpectedAlertBehaviour=}]
Session ID: 0310d83ee2a38065a6f344275d2497a3
Exception occured: org.openqa.selenium.TimeoutException: timeout
  (Session info: chrome=67.0.3396.99)
  (Driver info: chromedriver=2.40.565498 (ea082db3280dd6843ebfb08a625e3eb905c4f5ab),platform=Windows NT 6.3.9600 x86_64) (WARNING: The server did not provide any stacktrace information)
Command duration or timeout: 10.01 seconds
Build info: version: &apos;2.53.0&apos;, revision: &apos;35ae25b1534ae328c771e0856c93e187490ca824&apos;, time: &apos;2016-03-15 10:43:46&apos;
System info: host: &apos;Nikil&apos;, ip: &apos;192.168.254.4&apos;, os.name: &apos;Windows 8.1&apos;, os.arch: &apos;amd64&apos;, os.version: &apos;6.3&apos;, java.version: &apos;1.8.0_131&apos;
Driver info: org.openqa.selenium.chrome.ChromeDriver
Capabilities [{applicationCacheEnabled=false, rotatable=false, mobileEmulationEnabled=false, networkConnectionEnabled=false, chrome={chromedriverVersion=2.40.565498 (ea082db3280dd6843ebfb08a625e3eb905c4f5ab), userDataDir=C:\Users\NIKILK~1\AppData\Local\Temp\scoped_dir13332_9007}, takesHeapSnapshot=true, pageLoadStrategy=normal, databaseEnabled=false, handlesAlerts=true, hasTouchScreen=false, version=67.0.3396.99, platform=WIN8_1, browserConnectionEnabled=false, nativeEvents=true, acceptSslCerts=false, acceptInsecureCerts=false, locationContextEnabled=true, webStorageEnabled=true, browserName=chrome, takesScreenshot=true, javascriptEnabled=true, cssSelectorsEnabled=true, setWindowRect=true, unexpectedAlertBehaviour=}]
Session ID: 0310d83ee2a38065a6f344275d2497a3
Exception occured: org.openqa.selenium.TimeoutException: timeout
  (Session info: chrome=67.0.3396.99)
  (Driver info: chromedriver=2.40.565498 (ea082db3280dd6843ebfb08a625e3eb905c4f5ab),platform=Windows NT 6.3.9600 x86_64) (WARNING: The server did not provide any stacktrace information)
Command duration or timeout: 10.01 seconds
Build info: version: &apos;2.53.0&apos;, revision: &apos;35ae25b1534ae328c771e0856c93e187490ca824&apos;, time: &apos;2016-03-15 10:43:46&apos;
System info: host: &apos;Nikil&apos;, ip: &apos;192.168.254.4&apos;, os.name: &apos;Windows 8.1&apos;, os.arch: &apos;amd64&apos;, os.version: &apos;6.3&apos;, java.version: &apos;1.8.0_131&apos;
Driver info: org.openqa.selenium.chrome.ChromeDriver
Capabilities [{applicationCacheEnabled=false, rotatable=false, mobileEmulationEnabled=false, networkConnectionEnabled=false, chrome={chromedriverVersion=2.40.565498 (ea082db3280dd6843ebfb08a625e3eb905c4f5ab), userDataDir=C:\Users\NIKILK~1\AppData\Local\Temp\scoped_dir13332_9007}, takesHeapSnapshot=true, pageLoadStrategy=normal, databaseEnabled=false, handlesAlerts=true, hasTouchScreen=false, version=67.0.3396.99, platform=WIN8_1, browserConnectionEnabled=false, nativeEvents=true, acceptSslCerts=false, acceptInsecureCerts=false, locationContextEnabled=true, webStorageEnabled=true, browserName=chrome, takesScreenshot=true, javascriptEnabled=true, cssSelectorsEnabled=true, setWindowRect=true, unexpectedAlertBehaviour=}]
Session ID: 0310d83ee2a38065a6f344275d2497a3
Exception occured: org.openqa.selenium.TimeoutException: timeout
  (Session info: chrome=67.0.3396.99)
  (Driver info: chromedriver=2.40.565498 (ea082db3280dd6843ebfb08a625e3eb905c4f5ab),platform=Windows NT 6.3.9600 x86_64) (WARNING: The server did not provide any stacktrace information)
Command duration or timeout: 10.01 seconds
Build info: version: &apos;2.53.0&apos;, revision: &apos;35ae25b1534ae328c771e0856c93e187490ca824&apos;, time: &apos;2016-03-15 10:43:46&apos;
System info: host: &apos;Nikil&apos;, ip: &apos;192.168.254.4&apos;, os.name: &apos;Windows 8.1&apos;, os.arch: &apos;amd64&apos;, os.version: &apos;6.3&apos;, java.version: &apos;1.8.0_131&apos;
Driver info: org.openqa.selenium.chrome.ChromeDriver
Capabilities [{applicationCacheEnabled=false, rotatable=false, mobileEmulationEnabled=false, networkConnectionEnabled=false, chrome={chromedriverVersion=2.40.565498 (ea082db3280dd6843ebfb08a625e3eb905c4f5ab), userDataDir=C:\Users\NIKILK~1\AppData\Local\Temp\scoped_dir13332_9007}, takesHeapSnapshot=true, pageLoadStrategy=normal, databaseEnabled=false, handlesAlerts=true, hasTouchScreen=false, version=67.0.3396.99, platform=WIN8_1, browserConnectionEnabled=false, nativeEvents=true, acceptSslCerts=false, acceptInsecureCerts=false, locationContextEnabled=true, webStorageEnabled=true, browserName=chrome, takesScreenshot=true, javascriptEnabled=true, cssSelectorsEnabled=true, setWindowRect=true, unexpectedAlertBehaviour=}]
Session ID: 0310d83ee2a38065a6f344275d2497a3
Exception occured: org.openqa.selenium.TimeoutException: timeout
  (Session info: chrome=67.0.3396.99)
  (Driver info: chromedriver=2.40.565498 (ea082db3280dd6843ebfb08a625e3eb905c4f5ab),platform=Windows NT 6.3.9600 x86_64) (WARNING: The server did not provide any stacktrace information)
Command duration or timeout: 10.01 seconds
Build info: version: &apos;2.53.0&apos;, revision: &apos;35ae25b1534ae328c771e0856c93e187490ca824&apos;, time: &apos;2016-03-15 10:43:46&apos;
System info: host: &apos;Nikil&apos;, ip: &apos;192.168.254.4&apos;, os.name: &apos;Windows 8.1&apos;, os.arch: &apos;amd64&apos;, os.version: &apos;6.3&apos;, java.version: &apos;1.8.0_131&apos;
Driver info: org.openqa.selenium.chrome.ChromeDriver
Capabilities [{applicationCacheEnabled=false, rotatable=false, mobileEmulationEnabled=false, networkConnectionEnabled=false, chrome={chromedriverVersion=2.40.565498 (ea082db3280dd6843ebfb08a625e3eb905c4f5ab), userDataDir=C:\Users\NIKILK~1\AppData\Local\Temp\scoped_dir13332_9007}, takesHeapSnapshot=true, pageLoadStrategy=normal, databaseEnabled=false, handlesAlerts=true, hasTouchScreen=false, version=67.0.3396.99, platform=WIN8_1, browserConnectionEnabled=false, nativeEvents=true, acceptSslCerts=false, acceptInsecureCerts=false, locationContextEnabled=true, webStorageEnabled=true, browserName=chrome, takesScreenshot=true, javascriptEnabled=true, cssSelectorsEnabled=true, setWindowRect=true, unexpectedAlertBehaviour=}]
Session ID: 0310d83ee2a38065a6f344275d2497a3
Exception occured: org.openqa.selenium.TimeoutException: timeout
  (Session info: chrome=67.0.3396.99)
  (Driver info: chromedriver=2.40.565498 (ea082db3280dd6843ebfb08a625e3eb905c4f5ab),platform=Windows NT 6.3.9600 x86_64) (WARNING: The server did not provide any stacktrace information)
Command duration or timeout: 10.01 seconds
Build info: version: &apos;2.53.0&apos;, revision: &apos;35ae25b1534ae328c771e0856c93e187490ca824&apos;, time: &apos;2016-03-15 10:43:46&apos;
System info: host: &apos;Nikil&apos;, ip: &apos;192.168.254.4&apos;, os.name: &apos;Windows 8.1&apos;, os.arch: &apos;amd64&apos;, os.version: &apos;6.3&apos;, java.version: &apos;1.8.0_131&apos;
Driver info: org.openqa.selenium.chrome.ChromeDriver
Capabilities [{applicationCacheEnabled=false, rotatable=false, mobileEmulationEnabled=false, networkConnectionEnabled=false, chrome={chromedriverVersion=2.40.565498 (ea082db3280dd6843ebfb08a625e3eb905c4f5ab), userDataDir=C:\Users\NIKILK~1\AppData\Local\Temp\scoped_dir13332_9007}, takesHeapSnapshot=true, pageLoadStrategy=normal, databaseEnabled=false, handlesAlerts=true, hasTouchScreen=false, version=67.0.3396.99, platform=WIN8_1, browserConnectionEnabled=false, nativeEvents=true, acceptSslCerts=false, acceptInsecureCerts=false, locationContextEnabled=true, webStorageEnabled=true, browserName=chrome, takesScreenshot=true, javascriptEnabled=true, cssSelectorsEnabled=true, setWindowRect=true, unexpectedAlertBehaviour=}]
Session ID: 0310d83ee2a38065a6f344275d2497a3
Exception occured: org.openqa.selenium.TimeoutException: timeout
  (Session info: chrome=67.0.3396.99)
  (Driver info: chromedriver=2.40.565498 (ea082db3280dd6843ebfb08a625e3eb905c4f5ab),platform=Windows NT 6.3.9600 x86_64) (WARNING: The server did not provide any stacktrace information)
Command duration or timeout: 10.01 seconds
Build info: version: &apos;2.53.0&apos;, revision: &apos;35ae25b1534ae328c771e0856c93e187490ca824&apos;, time: &apos;2016-03-15 10:43:46&apos;
System info: host: &apos;Nikil&apos;, ip: &apos;192.168.254.4&apos;, os.name: &apos;Windows 8.1&apos;, os.arch: &apos;amd64&apos;, os.version: &apos;6.3&apos;, java.version: &apos;1.8.0_131&apos;
Driver info: org.openqa.selenium.chrome.ChromeDriver
Capabilities [{applicationCacheEnabled=false, rotatable=false, mobileEmulationEnabled=false, networkConnectionEnabled=false, chrome={chromedriverVersion=2.40.565498 (ea082db3280dd6843ebfb08a625e3eb905c4f5ab), userDataDir=C:\Users\NIKILK~1\AppData\Local\Temp\scoped_dir13332_9007}, takesHeapSnapshot=true, pageLoadStrategy=normal, databaseEnabled=false, handlesAlerts=true, hasTouchScreen=false, version=67.0.3396.99, platform=WIN8_1, browserConnectionEnabled=false, nativeEvents=true, acceptSslCerts=false, acceptInsecureCerts=false, locationContextEnabled=true, webStorageEnabled=true, browserName=chrome, takesScreenshot=true, javascriptEnabled=true, cssSelectorsEnabled=true, setWindowRect=true, unexpectedAlertBehaviour=}]
Session ID: 0310d83ee2a38065a6f344275d2497a3
Exception occured: org.openqa.selenium.TimeoutException: timeout
  (Session info: chrome=67.0.3396.99)
  (Driver info: chromedriver=2.40.565498 (ea082db3280dd6843ebfb08a625e3eb905c4f5ab),platform=Windows NT 6.3.9600 x86_64) (WARNING: The server did not provide any stacktrace information)
Command duration or timeout: 10.01 seconds
Build info: version: &apos;2.53.0&apos;, revision: &apos;35ae25b1534ae328c771e0856c93e187490ca824&apos;, time: &apos;2016-03-15 10:43:46&apos;
System info: host: &apos;Nikil&apos;, ip: &apos;192.168.254.4&apos;, os.name: &apos;Windows 8.1&apos;, os.arch: &apos;amd64&apos;, os.version: &apos;6.3&apos;, java.version: &apos;1.8.0_131&apos;
Driver info: org.openqa.selenium.chrome.ChromeDriver
Capabilities [{applicationCacheEnabled=false, rotatable=false, mobileEmulationEnabled=false, networkConnectionEnabled=false, chrome={chromedriverVersion=2.40.565498 (ea082db3280dd6843ebfb08a625e3eb905c4f5ab), userDataDir=C:\Users\NIKILK~1\AppData\Local\Temp\scoped_dir13332_9007}, takesHeapSnapshot=true, pageLoadStrategy=normal, databaseEnabled=false, handlesAlerts=true, hasTouchScreen=false, version=67.0.3396.99, platform=WIN8_1, browserConnectionEnabled=false, nativeEvents=true, acceptSslCerts=false, acceptInsecureCerts=false, locationContextEnabled=true, webStorageEnabled=true, browserName=chrome, takesScreenshot=true, javascriptEnabled=true, cssSelectorsEnabled=true, setWindowRect=true, unexpectedAlertBehaviour=}]
Session ID: 0310d83ee2a38065a6f344275d2497a3
Exception occured: org.openqa.selenium.TimeoutException: timeout
  (Session info: chrome=67.0.3396.99)
  (Driver info: chromedriver=2.40.565498 (ea082db3280dd6843ebfb08a625e3eb905c4f5ab),platform=Windows NT 6.3.9600 x86_64) (WARNING: The server did not provide any stacktrace information)
Command duration or timeout: 10.01 seconds
Build info: version: &apos;2.53.0&apos;, revision: &apos;35ae25b1534ae328c771e0856c93e187490ca824&apos;, time: &apos;2016-03-15 10:43:46&apos;
System info: host: &apos;Nikil&apos;, ip: &apos;192.168.254.4&apos;, os.name: &apos;Windows 8.1&apos;, os.arch: &apos;amd64&apos;, os.version: &apos;6.3&apos;, java.version: &apos;1.8.0_131&apos;
Driver info: org.openqa.selenium.chrome.ChromeDriver
Capabilities [{applicationCacheEnabled=false, rotatable=false, mobileEmulationEnabled=false, networkConnectionEnabled=false, chrome={chromedriverVersion=2.40.565498 (ea082db3280dd6843ebfb08a625e3eb905c4f5ab), userDataDir=C:\Users\NIKILK~1\AppData\Local\Temp\scoped_dir13332_9007}, takesHeapSnapshot=true, pageLoadStrategy=normal, databaseEnabled=false, handlesAlerts=true, hasTouchScreen=false, version=67.0.3396.99, platform=WIN8_1, browserConnectionEnabled=false, nativeEvents=true, acceptSslCerts=false, acceptInsecureCerts=false, locationContextEnabled=true, webStorageEnabled=true, browserName=chrome, takesScreenshot=true, javascriptEnabled=true, cssSelectorsEnabled=true, setWindowRect=true, unexpectedAlertBehaviour=}]
Session ID: 0310d83ee2a38065a6f344275d2497a3
Exception occured: org.openqa.selenium.TimeoutException: timeout
  (Session info: chrome=67.0.3396.99)
  (Driver info: chromedriver=2.40.565498 (ea082db3280dd6843ebfb08a625e3eb905c4f5ab),platform=Windows NT 6.3.9600 x86_64) (WARNING: The server did not provide any stacktrace information)
Command duration or timeout: 10.01 seconds
Build info: version: &apos;2.53.0&apos;, revision: &apos;35ae25b1534ae328c771e0856c93e187490ca824&apos;, time: &apos;2016-03-15 10:43:46&apos;
System info: host: &apos;Nikil&apos;, ip: &apos;192.168.254.4&apos;, os.name: &apos;Windows 8.1&apos;, os.arch: &apos;amd64&apos;, os.version: &apos;6.3&apos;, java.version: &apos;1.8.0_131&apos;
Driver info: org.openqa.selenium.chrome.ChromeDriver
Capabilities [{applicationCacheEnabled=false, rotatable=false, mobileEmulationEnabled=false, networkConnectionEnabled=false, chrome={chromedriverVersion=2.40.565498 (ea082db3280dd6843ebfb08a625e3eb905c4f5ab), userDataDir=C:\Users\NIKILK~1\AppData\Local\Temp\scoped_dir13332_9007}, takesHeapSnapshot=true, pageLoadStrategy=normal, databaseEnabled=false, handlesAlerts=true, hasTouchScreen=false, version=67.0.3396.99, platform=WIN8_1, browserConnectionEnabled=false, nativeEvents=true, acceptSslCerts=false, acceptInsecureCerts=false, locationContextEnabled=true, webStorageEnabled=true, browserName=chrome, takesScreenshot=true, javascriptEnabled=true, cssSelectorsEnabled=true, setWindowRect=true, unexpectedAlertBehaviour=}]
Session ID: 0310d83ee2a38065a6f344275d2497a3
Exception occured: org.openqa.selenium.TimeoutException: timeout
  (Session info: chrome=67.0.3396.99)
  (Driver info: chromedriver=2.40.565498 (ea082db3280dd6843ebfb08a625e3eb905c4f5ab),platform=Windows NT 6.3.9600 x86_64) (WARNING: The server did not provide any stacktrace information)
Command duration or timeout: 10.01 seconds
Build info: version: &apos;2.53.0&apos;, revision: &apos;35ae25b1534ae328c771e0856c93e187490ca824&apos;, time: &apos;2016-03-15 10:43:46&apos;
System info: host: &apos;Nikil&apos;, ip: &apos;192.168.254.4&apos;, os.name: &apos;Windows 8.1&apos;, os.arch: &apos;amd64&apos;, os.version: &apos;6.3&apos;, java.version: &apos;1.8.0_131&apos;
Driver info: org.openqa.selenium.chrome.ChromeDriver
Capabilities [{applicationCacheEnabled=false, rotatable=false, mobileEmulationEnabled=false, networkConnectionEnabled=false, chrome={chromedriverVersion=2.40.565498 (ea082db3280dd6843ebfb08a625e3eb905c4f5ab), userDataDir=C:\Users\NIKILK~1\AppData\Local\Temp\scoped_dir13332_9007}, takesHeapSnapshot=true, pageLoadStrategy=normal, databaseEnabled=false, handlesAlerts=true, hasTouchScreen=false, version=67.0.3396.99, platform=WIN8_1, browserConnectionEnabled=false, nativeEvents=true, acceptSslCerts=false, acceptInsecureCerts=false, locationContextEnabled=true, webStorageEnabled=true, browserName=chrome, takesScreenshot=true, javascriptEnabled=true, cssSelectorsEnabled=true, setWindowRect=true, unexpectedAlertBehaviour=}]
Session ID: 0310d83ee2a38065a6f344275d2497a3
Exception occured: org.openqa.selenium.TimeoutException: timeout
  (Session info: chrome=67.0.3396.99)
  (Driver info: chromedriver=2.40.565498 (ea082db3280dd6843ebfb08a625e3eb905c4f5ab),platform=Windows NT 6.3.9600 x86_64) (WARNING: The server did not provide any stacktrace information)
Command duration or timeout: 10.01 seconds
Build info: version: &apos;2.53.0&apos;, revision: &apos;35ae25b1534ae328c771e0856c93e187490ca824&apos;, time: &apos;2016-03-15 10:43:46&apos;
System info: host: &apos;Nikil&apos;, ip: &apos;192.168.254.4&apos;, os.name: &apos;Windows 8.1&apos;, os.arch: &apos;amd64&apos;, os.version: &apos;6.3&apos;, java.version: &apos;1.8.0_131&apos;
Driver info: org.openqa.selenium.chrome.ChromeDriver
Capabilities [{applicationCacheEnabled=false, rotatable=false, mobileEmulationEnabled=false, networkConnectionEnabled=false, chrome={chromedriverVersion=2.40.565498 (ea082db3280dd6843ebfb08a625e3eb905c4f5ab), userDataDir=C:\Users\NIKILK~1\AppData\Local\Temp\scoped_dir13332_9007}, takesHeapSnapshot=true, pageLoadStrategy=normal, databaseEnabled=false, handlesAlerts=true, hasTouchScreen=false, version=67.0.3396.99, platform=WIN8_1, browserConnectionEnabled=false, nativeEvents=true, acceptSslCerts=false, acceptInsecureCerts=false, locationContextEnabled=true, webStorageEnabled=true, browserName=chrome, takesScreenshot=true, javascriptEnabled=true, cssSelectorsEnabled=true, setWindowRect=true, unexpectedAlertBehaviour=}]
Session ID: 0310d83ee2a38065a6f344275d2497a3
Exception occured: org.openqa.selenium.TimeoutException: timeout
  (Session info: chrome=67.0.3396.99)
  (Driver info: chromedriver=2.40.565498 (ea082db3280dd6843ebfb08a625e3eb905c4f5ab),platform=Windows NT 6.3.9600 x86_64) (WARNING: The server did not provide any stacktrace information)
Command duration or timeout: 10.01 seconds
Build info: version: &apos;2.53.0&apos;, revision: &apos;35ae25b1534ae328c771e0856c93e187490ca824&apos;, time: &apos;2016-03-15 10:43:46&apos;
System info: host: &apos;Nikil&apos;, ip: &apos;192.168.254.4&apos;, os.name: &apos;Windows 8.1&apos;, os.arch: &apos;amd64&apos;, os.version: &apos;6.3&apos;, java.version: &apos;1.8.0_131&apos;
Driver info: org.openqa.selenium.chrome.ChromeDriver
Capabilities [{applicationCacheEnabled=false, rotatable=false, mobileEmulationEnabled=false, networkConnectionEnabled=false, chrome={chromedriverVersion=2.40.565498 (ea082db3280dd6843ebfb08a625e3eb905c4f5ab), userDataDir=C:\Users\NIKILK~1\AppData\Local\Temp\scoped_dir13332_9007}, takesHeapSnapshot=true, pageLoadStrategy=normal, databaseEnabled=false, handlesAlerts=true, hasTouchScreen=false, version=67.0.3396.99, platform=WIN8_1, browserConnectionEnabled=false, nativeEvents=true, acceptSslCerts=false, acceptInsecureCerts=false, locationContextEnabled=true, webStorageEnabled=true, browserName=chrome, takesScreenshot=true, javascriptEnabled=true, cssSelectorsEnabled=true, setWindowRect=true, unexpectedAlertBehaviour=}]
Session ID: 0310d83ee2a38065a6f344275d2497a3
Exception occured: org.openqa.selenium.TimeoutException: timeout
  (Session info: chrome=67.0.3396.99)
  (Driver info: chromedriver=2.40.565498 (ea082db3280dd6843ebfb08a625e3eb905c4f5ab),platform=Windows NT 6.3.9600 x86_64) (WARNING: The server did not provide any stacktrace information)
Command duration or timeout: 10.01 seconds
Build info: version: &apos;2.53.0&apos;, revision: &apos;35ae25b1534ae328c771e0856c93e187490ca824&apos;, time: &apos;2016-03-15 10:43:46&apos;
System info: host: &apos;Nikil&apos;, ip: &apos;192.168.254.4&apos;, os.name: &apos;Windows 8.1&apos;, os.arch: &apos;amd64&apos;, os.version: &apos;6.3&apos;, java.version: &apos;1.8.0_131&apos;
Driver info: org.openqa.selenium.chrome.ChromeDriver
Capabilities [{applicationCacheEnabled=false, rotatable=false, mobileEmulationEnabled=false, networkConnectionEnabled=false, chrome={chromedriverVersion=2.40.565498 (ea082db3280dd6843ebfb08a625e3eb905c4f5ab), userDataDir=C:\Users\NIKILK~1\AppData\Local\Temp\scoped_dir13332_9007}, takesHeapSnapshot=true, pageLoadStrategy=normal, databaseEnabled=false, handlesAlerts=true, hasTouchScreen=false, version=67.0.3396.99, platform=WIN8_1, browserConnectionEnabled=false, nativeEvents=true, acceptSslCerts=false, acceptInsecureCerts=false, locationContextEnabled=true, webStorageEnabled=true, browserName=chrome, takesScreenshot=true, javascriptEnabled=true, cssSelectorsEnabled=true, setWindowRect=true, unexpectedAlertBehaviour=}]
Session ID: 0310d83ee2a38065a6f344275d2497a3
Exception occured: org.openqa.selenium.TimeoutException: timeout
  (Session info: chrome=67.0.3396.99)
  (Driver info: chromedriver=2.40.565498 (ea082db3280dd6843ebfb08a625e3eb905c4f5ab),platform=Windows NT 6.3.9600 x86_64) (WARNING: The server did not provide any stacktrace information)
Command duration or timeout: 10.01 seconds
Build info: version: &apos;2.53.0&apos;, revision: &apos;35ae25b1534ae328c771e0856c93e187490ca824&apos;, time: &apos;2016-03-15 10:43:46&apos;
System info: host: &apos;Nikil&apos;, ip: &apos;192.168.254.4&apos;, os.name: &apos;Windows 8.1&apos;, os.arch: &apos;amd64&apos;, os.version: &apos;6.3&apos;, java.version: &apos;1.8.0_131&apos;
Driver info: org.openqa.selenium.chrome.ChromeDriver
Capabilities [{applicationCacheEnabled=false, rotatable=false, mobileEmulationEnabled=false, networkConnectionEnabled=false, chrome={chromedriverVersion=2.40.565498 (ea082db3280dd6843ebfb08a625e3eb905c4f5ab), userDataDir=C:\Users\NIKILK~1\AppData\Local\Temp\scoped_dir13332_9007}, takesHeapSnapshot=true, pageLoadStrategy=normal, databaseEnabled=false, handlesAlerts=true, hasTouchScreen=false, version=67.0.3396.99, platform=WIN8_1, browserConnectionEnabled=false, nativeEvents=true, acceptSslCerts=false, acceptInsecureCerts=false, locationContextEnabled=true, webStorageEnabled=true, browserName=chrome, takesScreenshot=true, javascriptEnabled=true, cssSelectorsEnabled=true, setWindowRect=true, unexpectedAlertBehaviour=}]
Session ID: 0310d83ee2a38065a6f344275d2497a3
Exception occured: org.openqa.selenium.TimeoutException: timeout
  (Session info: chrome=67.0.3396.99)
  (Driver info: chromedriver=2.40.565498 (ea082db3280dd6843ebfb08a625e3eb905c4f5ab),platform=Windows NT 6.3.9600 x86_64) (WARNING: The server did not provide any stacktrace information)
Command duration or timeout: 10.00 seconds
Build info: version: &apos;2.53.0&apos;, revision: &apos;35ae25b1534ae328c771e0856c93e187490ca824&apos;, time: &apos;2016-03-15 10:43:46&apos;
System info: host: &apos;Nikil&apos;, ip: &apos;192.168.254.4&apos;, os.name: &apos;Windows 8.1&apos;, os.arch: &apos;amd64&apos;, os.version: &apos;6.3&apos;, java.version: &apos;1.8.0_131&apos;
Driver info: org.openqa.selenium.chrome.ChromeDriver
Capabilities [{applicationCacheEnabled=false, rotatable=false, mobileEmulationEnabled=false, networkConnectionEnabled=false, chrome={chromedriverVersion=2.40.565498 (ea082db3280dd6843ebfb08a625e3eb905c4f5ab), userDataDir=C:\Users\NIKILK~1\AppData\Local\Temp\scoped_dir13332_9007}, takesHeapSnapshot=true, pageLoadStrategy=normal, databaseEnabled=false, handlesAlerts=true, hasTouchScreen=false, version=67.0.3396.99, platform=WIN8_1, browserConnectionEnabled=false, nativeEvents=true, acceptSslCerts=false, acceptInsecureCerts=false, locationContextEnabled=true, webStorageEnabled=true, browserName=chrome, takesScreenshot=true, javascriptEnabled=true, cssSelectorsEnabled=true, setWindowRect=true, unexpectedAlertBehaviour=}]
Session ID: 0310d83ee2a38065a6f344275d2497a3
Exception occured: org.openqa.selenium.TimeoutException: timeout
  (Session info: chrome=67.0.3396.99)
  (Driver info: chromedriver=2.40.565498 (ea082db3280dd6843ebfb08a625e3eb905c4f5ab),platform=Windows NT 6.3.9600 x86_64) (WARNING: The server did not provide any stacktrace information)
Command duration or timeout: 10.01 seconds
Build info: version: &apos;2.53.0&apos;, revision: &apos;35ae25b1534ae328c771e0856c93e187490ca824&apos;, time: &apos;2016-03-15 10:43:46&apos;
System info: host: &apos;Nikil&apos;, ip: &apos;192.168.254.4&apos;, os.name: &apos;Windows 8.1&apos;, os.arch: &apos;amd64&apos;, os.version: &apos;6.3&apos;, java.version: &apos;1.8.0_131&apos;
Driver info: org.openqa.selenium.chrome.ChromeDriver
Capabilities [{applicationCacheEnabled=false, rotatable=false, mobileEmulationEnabled=false, networkConnectionEnabled=false, chrome={chromedriverVersion=2.40.565498 (ea082db3280dd6843ebfb08a625e3eb905c4f5ab), userDataDir=C:\Users\NIKILK~1\AppData\Local\Temp\scoped_dir13332_9007}, takesHeapSnapshot=true, pageLoadStrategy=normal, databaseEnabled=false, handlesAlerts=true, hasTouchScreen=false, version=67.0.3396.99, platform=WIN8_1, browserConnectionEnabled=false, nativeEvents=true, acceptSslCerts=false, acceptInsecureCerts=false, locationContextEnabled=true, webStorageEnabled=true, browserName=chrome, takesScreenshot=true, javascriptEnabled=true, cssSelectorsEnabled=true, setWindowRect=true, unexpectedAlertBehaviour=}]
Session ID: 0310d83ee2a38065a6f344275d2497a3
Exception occured: org.openqa.selenium.TimeoutException: timeout
  (Session info: chrome=67.0.3396.99)
  (Driver info: chromedriver=2.40.565498 (ea082db3280dd6843ebfb08a625e3eb905c4f5ab),platform=Windows NT 6.3.9600 x86_64) (WARNING: The server did not provide any stacktrace information)
Command duration or timeout: 10.01 seconds
Build info: version: &apos;2.53.0&apos;, revision: &apos;35ae25b1534ae328c771e0856c93e187490ca824&apos;, time: &apos;2016-03-15 10:43:46&apos;
System info: host: &apos;Nikil&apos;, ip: &apos;192.168.254.4&apos;, os.name: &apos;Windows 8.1&apos;, os.arch: &apos;amd64&apos;, os.version: &apos;6.3&apos;, java.version: &apos;1.8.0_131&apos;
Driver info: org.openqa.selenium.chrome.ChromeDriver
Capabilities [{applicationCacheEnabled=false, rotatable=false, mobileEmulationEnabled=false, networkConnectionEnabled=false, chrome={chromedriverVersion=2.40.565498 (ea082db3280dd6843ebfb08a625e3eb905c4f5ab), userDataDir=C:\Users\NIKILK~1\AppData\Local\Temp\scoped_dir13332_9007}, takesHeapSnapshot=true, pageLoadStrategy=normal, databaseEnabled=false, handlesAlerts=true, hasTouchScreen=false, version=67.0.3396.99, platform=WIN8_1, browserConnectionEnabled=false, nativeEvents=true, acceptSslCerts=false, acceptInsecureCerts=false, locationContextEnabled=true, webStorageEnabled=true, browserName=chrome, takesScreenshot=true, javascriptEnabled=true, cssSelectorsEnabled=true, setWindowRect=true, unexpectedAlertBehaviour=}]
Session ID: 0310d83ee2a38065a6f344275d2497a3
Exception occured: org.openqa.selenium.TimeoutException: timeout
  (Session info: chrome=67.0.3396.99)
  (Driver info: chromedriver=2.40.565498 (ea082db3280dd6843ebfb08a625e3eb905c4f5ab),platform=Windows NT 6.3.9600 x86_64) (WARNING: The server did not provide any stacktrace information)
Command duration or timeout: 10.01 seconds
Build info: version: &apos;2.53.0&apos;, revision: &apos;35ae25b1534ae328c771e0856c93e187490ca824&apos;, time: &apos;2016-03-15 10:43:46&apos;
System info: host: &apos;Nikil&apos;, ip: &apos;192.168.254.4&apos;, os.name: &apos;Windows 8.1&apos;, os.arch: &apos;amd64&apos;, os.version: &apos;6.3&apos;, java.version: &apos;1.8.0_131&apos;
Driver info: org.openqa.selenium.chrome.ChromeDriver
Capabilities [{applicationCacheEnabled=false, rotatable=false, mobileEmulationEnabled=false, networkConnectionEnabled=false, chrome={chromedriverVersion=2.40.565498 (ea082db3280dd6843ebfb08a625e3eb905c4f5ab), userDataDir=C:\Users\NIKILK~1\AppData\Local\Temp\scoped_dir13332_9007}, takesHeapSnapshot=true, pageLoadStrategy=normal, databaseEnabled=false, handlesAlerts=true, hasTouchScreen=false, version=67.0.3396.99, platform=WIN8_1, browserConnectionEnabled=false, nativeEvents=true, acceptSslCerts=false, acceptInsecureCerts=false, locationContextEnabled=true, webStorageEnabled=true, browserName=chrome, takesScreenshot=true, javascriptEnabled=true, cssSelectorsEnabled=true, setWindowRect=true, unexpectedAlertBehaviour=}]
Session ID: 0310d83ee2a38065a6f344275d2497a3
Exception occured: org.openqa.selenium.TimeoutException: timeout
  (Session info: chrome=67.0.3396.99)
  (Driver info: chromedriver=2.40.565498 (ea082db3280dd6843ebfb08a625e3eb905c4f5ab),platform=Windows NT 6.3.9600 x86_64) (WARNING: The server did not provide any stacktrace information)
Command duration or timeout: 10.01 seconds
Build info: version: &apos;2.53.0&apos;, revision: &apos;35ae25b1534ae328c771e0856c93e187490ca824&apos;, time: &apos;2016-03-15 10:43:46&apos;
System info: host: &apos;Nikil&apos;, ip: &apos;192.168.254.4&apos;, os.name: &apos;Windows 8.1&apos;, os.arch: &apos;amd64&apos;, os.version: &apos;6.3&apos;, java.version: &apos;1.8.0_131&apos;
Driver info: org.openqa.selenium.chrome.ChromeDriver
Capabilities [{applicationCacheEnabled=false, rotatable=false, mobileEmulationEnabled=false, networkConnectionEnabled=false, chrome={chromedriverVersion=2.40.565498 (ea082db3280dd6843ebfb08a625e3eb905c4f5ab), userDataDir=C:\Users\NIKILK~1\AppData\Local\Temp\scoped_dir13332_9007}, takesHeapSnapshot=true, pageLoadStrategy=normal, databaseEnabled=false, handlesAlerts=true, hasTouchScreen=false, version=67.0.3396.99, platform=WIN8_1, browserConnectionEnabled=false, nativeEvents=true, acceptSslCerts=false, acceptInsecureCerts=false, locationContextEnabled=true, webStorageEnabled=true, browserName=chrome, takesScreenshot=true, javascriptEnabled=true, cssSelectorsEnabled=true, setWindowRect=true, unexpectedAlertBehaviour=}]
Session ID: 0310d83ee2a38065a6f344275d2497a3
Exception occured: org.openqa.selenium.TimeoutException: timeout
  (Session info: chrome=67.0.3396.99)
  (Driver info: chromedriver=2.40.565498 (ea082db3280dd6843ebfb08a625e3eb905c4f5ab),platform=Windows NT 6.3.9600 x86_64) (WARNING: The server did not provide any stacktrace information)
Command duration or timeout: 10.01 seconds
Build info: version: &apos;2.53.0&apos;, revision: &apos;35ae25b1534ae328c771e0856c93e187490ca824&apos;, time: &apos;2016-03-15 10:43:46&apos;
System info: host: &apos;Nikil&apos;, ip: &apos;192.168.254.4&apos;, os.name: &apos;Windows 8.1&apos;, os.arch: &apos;amd64&apos;, os.version: &apos;6.3&apos;, java.version: &apos;1.8.0_131&apos;
Driver info: org.openqa.selenium.chrome.ChromeDriver
Capabilities [{applicationCacheEnabled=false, rotatable=false, mobileEmulationEnabled=false, networkConnectionEnabled=false, chrome={chromedriverVersion=2.40.565498 (ea082db3280dd6843ebfb08a625e3eb905c4f5ab), userDataDir=C:\Users\NIKILK~1\AppData\Local\Temp\scoped_dir13332_9007}, takesHeapSnapshot=true, pageLoadStrategy=normal, databaseEnabled=false, handlesAlerts=true, hasTouchScreen=false, version=67.0.3396.99, platform=WIN8_1, browserConnectionEnabled=false, nativeEvents=true, acceptSslCerts=false, acceptInsecureCerts=false, locationContextEnabled=true, webStorageEnabled=true, browserName=chrome, takesScreenshot=true, javascriptEnabled=true, cssSelectorsEnabled=true, setWindowRect=true, unexpectedAlertBehaviour=}]
Session ID: 0310d83ee2a38065a6f344275d2497a3
Exception occured: org.openqa.selenium.TimeoutException: timeout
  (Session info: chrome=67.0.3396.99)
  (Driver info: chromedriver=2.40.565498 (ea082db3280dd6843ebfb08a625e3eb905c4f5ab),platform=Windows NT 6.3.9600 x86_64) (WARNING: The server did not provide any stacktrace information)
Command duration or timeout: 10.01 seconds
Build info: version: &apos;2.53.0&apos;, revision: &apos;35ae25b1534ae328c771e0856c93e187490ca824&apos;, time: &apos;2016-03-15 10:43:46&apos;
System info: host: &apos;Nikil&apos;, ip: &apos;192.168.254.4&apos;, os.name: &apos;Windows 8.1&apos;, os.arch: &apos;amd64&apos;, os.version: &apos;6.3&apos;, java.version: &apos;1.8.0_131&apos;
Driver info: org.openqa.selenium.chrome.ChromeDriver
Capabilities [{applicationCacheEnabled=false, rotatable=false, mobileEmulationEnabled=false, networkConnectionEnabled=false, chrome={chromedriverVersion=2.40.565498 (ea082db3280dd6843ebfb08a625e3eb905c4f5ab), userDataDir=C:\Users\NIKILK~1\AppData\Local\Temp\scoped_dir13332_9007}, takesHeapSnapshot=true, pageLoadStrategy=normal, databaseEnabled=false, handlesAlerts=true, hasTouchScreen=false, version=67.0.3396.99, platform=WIN8_1, browserConnectionEnabled=false, nativeEvents=true, acceptSslCerts=false, acceptInsecureCerts=false, locationContextEnabled=true, webStorageEnabled=true, browserName=chrome, takesScreenshot=true, javascriptEnabled=true, cssSelectorsEnabled=true, setWindowRect=true, unexpectedAlertBehaviour=}]
Session ID: 0310d83ee2a38065a6f344275d2497a3
Exception occured: org.openqa.selenium.TimeoutException: timeout
  (Session info: chrome=67.0.3396.99)
  (Driver info: chromedriver=2.40.565498 (ea082db3280dd6843ebfb08a625e3eb905c4f5ab),platform=Windows NT 6.3.9600 x86_64) (WARNING: The server did not provide any stacktrace information)
Command duration or timeout: 10.01 seconds
Build info: version: &apos;2.53.0&apos;, revision: &apos;35ae25b1534ae328c771e0856c93e187490ca824&apos;, time: &apos;2016-03-15 10:43:46&apos;
System info: host: &apos;Nikil&apos;, ip: &apos;192.168.254.4&apos;, os.name: &apos;Windows 8.1&apos;, os.arch: &apos;amd64&apos;, os.version: &apos;6.3&apos;, java.version: &apos;1.8.0_131&apos;
Driver info: org.openqa.selenium.chrome.ChromeDriver
Capabilities [{applicationCacheEnabled=false, rotatable=false, mobileEmulationEnabled=false, networkConnectionEnabled=false, chrome={chromedriverVersion=2.40.565498 (ea082db3280dd6843ebfb08a625e3eb905c4f5ab), userDataDir=C:\Users\NIKILK~1\AppData\Local\Temp\scoped_dir13332_9007}, takesHeapSnapshot=true, pageLoadStrategy=normal, databaseEnabled=false, handlesAlerts=true, hasTouchScreen=false, version=67.0.3396.99, platform=WIN8_1, browserConnectionEnabled=false, nativeEvents=true, acceptSslCerts=false, acceptInsecureCerts=false, locationContextEnabled=true, webStorageEnabled=true, browserName=chrome, takesScreenshot=true, javascriptEnabled=true, cssSelectorsEnabled=true, setWindowRect=true, unexpectedAlertBehaviour=}]
Session ID: 0310d83ee2a38065a6f344275d2497a3
Exception occured: org.openqa.selenium.TimeoutException: timeout
  (Session info: chrome=67.0.3396.99)
  (Driver info: chromedriver=2.40.565498 (ea082db3280dd6843ebfb08a625e3eb905c4f5ab),platform=Windows NT 6.3.9600 x86_64) (WARNING: The server did not provide any stacktrace information)
Command duration or timeout: 10.01 seconds
Build info: version: &apos;2.53.0&apos;, revision: &apos;35ae25b1534ae328c771e0856c93e187490ca824&apos;, time: &apos;2016-03-15 10:43:46&apos;
System info: host: &apos;Nikil&apos;, ip: &apos;192.168.254.4&apos;, os.name: &apos;Windows 8.1&apos;, os.arch: &apos;amd64&apos;, os.version: &apos;6.3&apos;, java.version: &apos;1.8.0_131&apos;
Driver info: org.openqa.selenium.chrome.ChromeDriver
Capabilities [{applicationCacheEnabled=false, rotatable=false, mobileEmulationEnabled=false, networkConnectionEnabled=false, chrome={chromedriverVersion=2.40.565498 (ea082db3280dd6843ebfb08a625e3eb905c4f5ab), userDataDir=C:\Users\NIKILK~1\AppData\Local\Temp\scoped_dir13332_9007}, takesHeapSnapshot=true, pageLoadStrategy=normal, databaseEnabled=false, handlesAlerts=true, hasTouchScreen=false, version=67.0.3396.99, platform=WIN8_1, browserConnectionEnabled=false, nativeEvents=true, acceptSslCerts=false, acceptInsecureCerts=false, locationContextEnabled=true, webStorageEnabled=true, browserName=chrome, takesScreenshot=true, javascriptEnabled=true, cssSelectorsEnabled=true, setWindowRect=true, unexpectedAlertBehaviour=}]
Session ID: 0310d83ee2a38065a6f344275d2497a3
Exception occured: org.openqa.selenium.TimeoutException: timeout
  (Session info: chrome=67.0.3396.99)
  (Driver info: chromedriver=2.40.565498 (ea082db3280dd6843ebfb08a625e3eb905c4f5ab),platform=Windows NT 6.3.9600 x86_64) (WARNING: The server did not provide any stacktrace information)
Command duration or timeout: 10.01 seconds
Build info: version: &apos;2.53.0&apos;, revision: &apos;35ae25b1534ae328c771e0856c93e187490ca824&apos;, time: &apos;2016-03-15 10:43:46&apos;
System info: host: &apos;Nikil&apos;, ip: &apos;192.168.254.4&apos;, os.name: &apos;Windows 8.1&apos;, os.arch: &apos;amd64&apos;, os.version: &apos;6.3&apos;, java.version: &apos;1.8.0_131&apos;
Driver info: org.openqa.selenium.chrome.ChromeDriver
Capabilities [{applicationCacheEnabled=false, rotatable=false, mobileEmulationEnabled=false, networkConnectionEnabled=false, chrome={chromedriverVersion=2.40.565498 (ea082db3280dd6843ebfb08a625e3eb905c4f5ab), userDataDir=C:\Users\NIKILK~1\AppData\Local\Temp\scoped_dir13332_9007}, takesHeapSnapshot=true, pageLoadStrategy=normal, databaseEnabled=false, handlesAlerts=true, hasTouchScreen=false, version=67.0.3396.99, platform=WIN8_1, browserConnectionEnabled=false, nativeEvents=true, acceptSslCerts=false, acceptInsecureCerts=false, locationContextEnabled=true, webStorageEnabled=true, browserName=chrome, takesScreenshot=true, javascriptEnabled=true, cssSelectorsEnabled=true, setWindowRect=true, unexpectedAlertBehaviour=}]
Session ID: 0310d83ee2a38065a6f344275d2497a3
Exception occured: org.openqa.selenium.TimeoutException: timeout
  (Session info: chrome=67.0.3396.99)
  (Driver info: chromedriver=2.40.565498 (ea082db3280dd6843ebfb08a625e3eb905c4f5ab),platform=Windows NT 6.3.9600 x86_64) (WARNING: The server did not provide any stacktrace information)
Command duration or timeout: 10.01 seconds
Build info: version: &apos;2.53.0&apos;, revision: &apos;35ae25b1534ae328c771e0856c93e187490ca824&apos;, time: &apos;2016-03-15 10:43:46&apos;
System info: host: &apos;Nikil&apos;, ip: &apos;192.168.254.4&apos;, os.name: &apos;Windows 8.1&apos;, os.arch: &apos;amd64&apos;, os.version: &apos;6.3&apos;, java.version: &apos;1.8.0_131&apos;
Driver info: org.openqa.selenium.chrome.ChromeDriver
Capabilities [{applicationCacheEnabled=false, rotatable=false, mobileEmulationEnabled=false, networkConnectionEnabled=false, chrome={chromedriverVersion=2.40.565498 (ea082db3280dd6843ebfb08a625e3eb905c4f5ab), userDataDir=C:\Users\NIKILK~1\AppData\Local\Temp\scoped_dir13332_9007}, takesHeapSnapshot=true, pageLoadStrategy=normal, databaseEnabled=false, handlesAlerts=true, hasTouchScreen=false, version=67.0.3396.99, platform=WIN8_1, browserConnectionEnabled=false, nativeEvents=true, acceptSslCerts=false, acceptInsecureCerts=false, locationContextEnabled=true, webStorageEnabled=true, browserName=chrome, takesScreenshot=true, javascriptEnabled=true, cssSelectorsEnabled=true, setWindowRect=true, unexpectedAlertBehaviour=}]
Session ID: 0310d83ee2a38065a6f344275d2497a3
Exception occured: org.openqa.selenium.TimeoutException: timeout
  (Session info: chrome=67.0.3396.99)
  (Driver info: chromedriver=2.40.565498 (ea082db3280dd6843ebfb08a625e3eb905c4f5ab),platform=Windows NT 6.3.9600 x86_64) (WARNING: The server did not provide any stacktrace information)
Command duration or timeout: 10.01 seconds
Build info: version: &apos;2.53.0&apos;, revision: &apos;35ae25b1534ae328c771e0856c93e187490ca824&apos;, time: &apos;2016-03-15 10:43:46&apos;
System info: host: &apos;Nikil&apos;, ip: &apos;192.168.254.4&apos;, os.name: &apos;Windows 8.1&apos;, os.arch: &apos;amd64&apos;, os.version: &apos;6.3&apos;, java.version: &apos;1.8.0_131&apos;
Driver info: org.openqa.selenium.chrome.ChromeDriver
Capabilities [{applicationCacheEnabled=false, rotatable=false, mobileEmulationEnabled=false, networkConnectionEnabled=false, chrome={chromedriverVersion=2.40.565498 (ea082db3280dd6843ebfb08a625e3eb905c4f5ab), userDataDir=C:\Users\NIKILK~1\AppData\Local\Temp\scoped_dir13332_9007}, takesHeapSnapshot=true, pageLoadStrategy=normal, databaseEnabled=false, handlesAlerts=true, hasTouchScreen=false, version=67.0.3396.99, platform=WIN8_1, browserConnectionEnabled=false, nativeEvents=true, acceptSslCerts=false, acceptInsecureCerts=false, locationContextEnabled=true, webStorageEnabled=true, browserName=chrome, takesScreenshot=true, javascriptEnabled=true, cssSelectorsEnabled=true, setWindowRect=true, unexpectedAlertBehaviour=}]
Session ID: 0310d83ee2a38065a6f344275d2497a3
Exception occured: org.openqa.selenium.TimeoutException: timeout
  (Session info: chrome=67.0.3396.99)
  (Driver info: chromedriver=2.40.565498 (ea082db3280dd6843ebfb08a625e3eb905c4f5ab),platform=Windows NT 6.3.9600 x86_64) (WARNING: The server did not provide any stacktrace information)
Command duration or timeout: 10.01 seconds
Build info: version: &apos;2.53.0&apos;, revision: &apos;35ae25b1534ae328c771e0856c93e187490ca824&apos;, time: &apos;2016-03-15 10:43:46&apos;
System info: host: &apos;Nikil&apos;, ip: &apos;192.168.254.4&apos;, os.name: &apos;Windows 8.1&apos;, os.arch: &apos;amd64&apos;, os.version: &apos;6.3&apos;, java.version: &apos;1.8.0_131&apos;
Driver info: org.openqa.selenium.chrome.ChromeDriver
Capabilities [{applicationCacheEnabled=false, rotatable=false, mobileEmulationEnabled=false, networkConnectionEnabled=false, chrome={chromedriverVersion=2.40.565498 (ea082db3280dd6843ebfb08a625e3eb905c4f5ab), userDataDir=C:\Users\NIKILK~1\AppData\Local\Temp\scoped_dir13332_9007}, takesHeapSnapshot=true, pageLoadStrategy=normal, databaseEnabled=false, handlesAlerts=true, hasTouchScreen=false, version=67.0.3396.99, platform=WIN8_1, browserConnectionEnabled=false, nativeEvents=true, acceptSslCerts=false, acceptInsecureCerts=false, locationContextEnabled=true, webStorageEnabled=true, browserName=chrome, takesScreenshot=true, javascriptEnabled=true, cssSelectorsEnabled=true, setWindowRect=true, unexpectedAlertBehaviour=}]
Session ID: 0310d83ee2a38065a6f344275d2497a3
Exception occured: org.openqa.selenium.TimeoutException: timeout
  (Session info: chrome=67.0.3396.99)
  (Driver info: chromedriver=2.40.565498 (ea082db3280dd6843ebfb08a625e3eb905c4f5ab),platform=Windows NT 6.3.9600 x86_64) (WARNING: The server did not provide any stacktrace information)
Command duration or timeout: 10.01 seconds
Build info: version: &apos;2.53.0&apos;, revision: &apos;35ae25b1534ae328c771e0856c93e187490ca824&apos;, time: &apos;2016-03-15 10:43:46&apos;
System info: host: &apos;Nikil&apos;, ip: &apos;192.168.254.4&apos;, os.name: &apos;Windows 8.1&apos;, os.arch: &apos;amd64&apos;, os.version: &apos;6.3&apos;, java.version: &apos;1.8.0_131&apos;
Driver info: org.openqa.selenium.chrome.ChromeDriver
Capabilities [{applicationCacheEnabled=false, rotatable=false, mobileEmulationEnabled=false, networkConnectionEnabled=false, chrome={chromedriverVersion=2.40.565498 (ea082db3280dd6843ebfb08a625e3eb905c4f5ab), userDataDir=C:\Users\NIKILK~1\AppData\Local\Temp\scoped_dir13332_9007}, takesHeapSnapshot=true, pageLoadStrategy=normal, databaseEnabled=false, handlesAlerts=true, hasTouchScreen=false, version=67.0.3396.99, platform=WIN8_1, browserConnectionEnabled=false, nativeEvents=true, acceptSslCerts=false, acceptInsecureCerts=false, locationContextEnabled=true, webStorageEnabled=true, browserName=chrome, takesScreenshot=true, javascriptEnabled=true, cssSelectorsEnabled=true, setWindowRect=true, unexpectedAlertBehaviour=}]
Session ID: 0310d83ee2a38065a6f344275d2497a3
Exception occured: org.openqa.selenium.TimeoutException: timeout
  (Session info: chrome=67.0.3396.99)
  (Driver info: chromedriver=2.40.565498 (ea082db3280dd6843ebfb08a625e3eb905c4f5ab),platform=Windows NT 6.3.9600 x86_64) (WARNING: The server did not provide any stacktrace information)
Command duration or timeout: 10.01 seconds
Build info: version: &apos;2.53.0&apos;, revision: &apos;35ae25b1534ae328c771e0856c93e187490ca824&apos;, time: &apos;2016-03-15 10:43:46&apos;
System info: host: &apos;Nikil&apos;, ip: &apos;192.168.254.4&apos;, os.name: &apos;Windows 8.1&apos;, os.arch: &apos;amd64&apos;, os.version: &apos;6.3&apos;, java.version: &apos;1.8.0_131&apos;
Driver info: org.openqa.selenium.chrome.ChromeDriver
Capabilities [{applicationCacheEnabled=false, rotatable=false, mobileEmulationEnabled=false, networkConnectionEnabled=false, chrome={chromedriverVersion=2.40.565498 (ea082db3280dd6843ebfb08a625e3eb905c4f5ab), userDataDir=C:\Users\NIKILK~1\AppData\Local\Temp\scoped_dir13332_9007}, takesHeapSnapshot=true, pageLoadStrategy=normal, databaseEnabled=false, handlesAlerts=true, hasTouchScreen=false, version=67.0.3396.99, platform=WIN8_1, browserConnectionEnabled=false, nativeEvents=true, acceptSslCerts=false, acceptInsecureCerts=false, locationContextEnabled=true, webStorageEnabled=true, browserName=chrome, takesScreenshot=true, javascriptEnabled=true, cssSelectorsEnabled=true, setWindowRect=true, unexpectedAlertBehaviour=}]
Session ID: 0310d83ee2a38065a6f344275d2497a3
Exception occured: org.openqa.selenium.TimeoutException: timeout
  (Session info: chrome=67.0.3396.99)
  (Driver info: chromedriver=2.40.565498 (ea082db3280dd6843ebfb08a625e3eb905c4f5ab),platform=Windows NT 6.3.9600 x86_64) (WARNING: The server did not provide any stacktrace information)
Command duration or timeout: 10.01 seconds
Build info: version: &apos;2.53.0&apos;, revision: &apos;35ae25b1534ae328c771e0856c93e187490ca824&apos;, time: &apos;2016-03-15 10:43:46&apos;
System info: host: &apos;Nikil&apos;, ip: &apos;192.168.254.4&apos;, os.name: &apos;Windows 8.1&apos;, os.arch: &apos;amd64&apos;, os.version: &apos;6.3&apos;, java.version: &apos;1.8.0_131&apos;
Driver info: org.openqa.selenium.chrome.ChromeDriver
Capabilities [{applicationCacheEnabled=false, rotatable=false, mobileEmulationEnabled=false, networkConnectionEnabled=false, chrome={chromedriverVersion=2.40.565498 (ea082db3280dd6843ebfb08a625e3eb905c4f5ab), userDataDir=C:\Users\NIKILK~1\AppData\Local\Temp\scoped_dir13332_9007}, takesHeapSnapshot=true, pageLoadStrategy=normal, databaseEnabled=false, handlesAlerts=true, hasTouchScreen=false, version=67.0.3396.99, platform=WIN8_1, browserConnectionEnabled=false, nativeEvents=true, acceptSslCerts=false, acceptInsecureCerts=false, locationContextEnabled=true, webStorageEnabled=true, browserName=chrome, takesScreenshot=true, javascriptEnabled=true, cssSelectorsEnabled=true, setWindowRect=true, unexpectedAlertBehaviour=}]
Session ID: 0310d83ee2a38065a6f344275d2497a3
Exception occured: org.openqa.selenium.TimeoutException: timeout
  (Session info: chrome=67.0.3396.99)
  (Driver info: chromedriver=2.40.565498 (ea082db3280dd6843ebfb08a625e3eb905c4f5ab),platform=Windows NT 6.3.9600 x86_64) (WARNING: The server did not provide any stacktrace information)
Command duration or timeout: 10.01 seconds
Build info: version: &apos;2.53.0&apos;, revision: &apos;35ae25b1534ae328c771e0856c93e187490ca824&apos;, time: &apos;2016-03-15 10:43:46&apos;
System info: host: &apos;Nikil&apos;, ip: &apos;192.168.254.4&apos;, os.name: &apos;Windows 8.1&apos;, os.arch: &apos;amd64&apos;, os.version: &apos;6.3&apos;, java.version: &apos;1.8.0_131&apos;
Driver info: org.openqa.selenium.chrome.ChromeDriver
Capabilities [{applicationCacheEnabled=false, rotatable=false, mobileEmulationEnabled=false, networkConnectionEnabled=false, chrome={chromedriverVersion=2.40.565498 (ea082db3280dd6843ebfb08a625e3eb905c4f5ab), userDataDir=C:\Users\NIKILK~1\AppData\Local\Temp\scoped_dir13332_9007}, takesHeapSnapshot=true, pageLoadStrategy=normal, databaseEnabled=false, handlesAlerts=true, hasTouchScreen=false, version=67.0.3396.99, platform=WIN8_1, browserConnectionEnabled=false, nativeEvents=true, acceptSslCerts=false, acceptInsecureCerts=false, locationContextEnabled=true, webStorageEnabled=true, browserName=chrome, takesScreenshot=true, javascriptEnabled=true, cssSelectorsEnabled=true, setWindowRect=true, unexpectedAlertBehaviour=}]
Session ID: 0310d83ee2a38065a6f344275d2497a3
Exception occured: org.openqa.selenium.TimeoutException: timeout
  (Session info: chrome=67.0.3396.99)
  (Driver info: chromedriver=2.40.565498 (ea082db3280dd6843ebfb08a625e3eb905c4f5ab),platform=Windows NT 6.3.9600 x86_64) (WARNING: The server did not provide any stacktrace information)
Command duration or timeout: 10.01 seconds
Build info: version: &apos;2.53.0&apos;, revision: &apos;35ae25b1534ae328c771e0856c93e187490ca824&apos;, time: &apos;2016-03-15 10:43:46&apos;
System info: host: &apos;Nikil&apos;, ip: &apos;192.168.254.4&apos;, os.name: &apos;Windows 8.1&apos;, os.arch: &apos;amd64&apos;, os.version: &apos;6.3&apos;, java.version: &apos;1.8.0_131&apos;
Driver info: org.openqa.selenium.chrome.ChromeDriver
Capabilities [{applicationCacheEnabled=false, rotatable=false, mobileEmulationEnabled=false, networkConnectionEnabled=false, chrome={chromedriverVersion=2.40.565498 (ea082db3280dd6843ebfb08a625e3eb905c4f5ab), userDataDir=C:\Users\NIKILK~1\AppData\Local\Temp\scoped_dir13332_9007}, takesHeapSnapshot=true, pageLoadStrategy=normal, databaseEnabled=false, handlesAlerts=true, hasTouchScreen=false, version=67.0.3396.99, platform=WIN8_1, browserConnectionEnabled=false, nativeEvents=true, acceptSslCerts=false, acceptInsecureCerts=false, locationContextEnabled=true, webStorageEnabled=true, browserName=chrome, takesScreenshot=true, javascriptEnabled=true, cssSelectorsEnabled=true, setWindowRect=true, unexpectedAlertBehaviour=}]
Session ID: 0310d83ee2a38065a6f344275d2497a3
Exception occured: org.openqa.selenium.TimeoutException: timeout
  (Session info: chrome=67.0.3396.99)
  (Driver info: chromedriver=2.40.565498 (ea082db3280dd6843ebfb08a625e3eb905c4f5ab),platform=Windows NT 6.3.9600 x86_64) (WARNING: The server did not provide any stacktrace information)
Command duration or timeout: 10.01 seconds
Build info: version: &apos;2.53.0&apos;, revision: &apos;35ae25b1534ae328c771e0856c93e187490ca824&apos;, time: &apos;2016-03-15 10:43:46&apos;
System info: host: &apos;Nikil&apos;, ip: &apos;192.168.254.4&apos;, os.name: &apos;Windows 8.1&apos;, os.arch: &apos;amd64&apos;, os.version: &apos;6.3&apos;, java.version: &apos;1.8.0_131&apos;
Driver info: org.openqa.selenium.chrome.ChromeDriver
Capabilities [{applicationCacheEnabled=false, rotatable=false, mobileEmulationEnabled=false, networkConnectionEnabled=false, chrome={chromedriverVersion=2.40.565498 (ea082db3280dd6843ebfb08a625e3eb905c4f5ab), userDataDir=C:\Users\NIKILK~1\AppData\Local\Temp\scoped_dir13332_9007}, takesHeapSnapshot=true, pageLoadStrategy=normal, databaseEnabled=false, handlesAlerts=true, hasTouchScreen=false, version=67.0.3396.99, platform=WIN8_1, browserConnectionEnabled=false, nativeEvents=true, acceptSslCerts=false, acceptInsecureCerts=false, locationContextEnabled=true, webStorageEnabled=true, browserName=chrome, takesScreenshot=true, javascriptEnabled=true, cssSelectorsEnabled=true, setWindowRect=true, unexpectedAlertBehaviour=}]
Session ID: 0310d83ee2a38065a6f344275d2497a3
Exception occured: org.openqa.selenium.TimeoutException: timeout
  (Session info: chrome=67.0.3396.99)
  (Driver info: chromedriver=2.40.565498 (ea082db3280dd6843ebfb08a625e3eb905c4f5ab),platform=Windows NT 6.3.9600 x86_64) (WARNING: The server did not provide any stacktrace information)
Command duration or timeout: 10.01 seconds
Build info: version: &apos;2.53.0&apos;, revision: &apos;35ae25b1534ae328c771e0856c93e187490ca824&apos;, time: &apos;2016-03-15 10:43:46&apos;
System info: host: &apos;Nikil&apos;, ip: &apos;192.168.254.4&apos;, os.name: &apos;Windows 8.1&apos;, os.arch: &apos;amd64&apos;, os.version: &apos;6.3&apos;, java.version: &apos;1.8.0_131&apos;
Driver info: org.openqa.selenium.chrome.ChromeDriver
Capabilities [{applicationCacheEnabled=false, rotatable=false, mobileEmulationEnabled=false, networkConnectionEnabled=false, chrome={chromedriverVersion=2.40.565498 (ea082db3280dd6843ebfb08a625e3eb905c4f5ab), userDataDir=C:\Users\NIKILK~1\AppData\Local\Temp\scoped_dir13332_9007}, takesHeapSnapshot=true, pageLoadStrategy=normal, databaseEnabled=false, handlesAlerts=true, hasTouchScreen=false, version=67.0.3396.99, platform=WIN8_1, browserConnectionEnabled=false, nativeEvents=true, acceptSslCerts=false, acceptInsecureCerts=false, locationContextEnabled=true, webStorageEnabled=true, browserName=chrome, takesScreenshot=true, javascriptEnabled=true, cssSelectorsEnabled=true, setWindowRect=true, unexpectedAlertBehaviour=}]
Session ID: 0310d83ee2a38065a6f344275d2497a3
Exception occured: org.openqa.selenium.TimeoutException: timeout
  (Session info: chrome=67.0.3396.99)
  (Driver info: chromedriver=2.40.565498 (ea082db3280dd6843ebfb08a625e3eb905c4f5ab),platform=Windows NT 6.3.9600 x86_64) (WARNING: The server did not provide any stacktrace information)
Command duration or timeout: 10.01 seconds
Build info: version: &apos;2.53.0&apos;, revision: &apos;35ae25b1534ae328c771e0856c93e187490ca824&apos;, time: &apos;2016-03-15 10:43:46&apos;
System info: host: &apos;Nikil&apos;, ip: &apos;192.168.254.4&apos;, os.name: &apos;Windows 8.1&apos;, os.arch: &apos;amd64&apos;, os.version: &apos;6.3&apos;, java.version: &apos;1.8.0_131&apos;
Driver info: org.openqa.selenium.chrome.ChromeDriver
Capabilities [{applicationCacheEnabled=false, rotatable=false, mobileEmulationEnabled=false, networkConnectionEnabled=false, chrome={chromedriverVersion=2.40.565498 (ea082db3280dd6843ebfb08a625e3eb905c4f5ab), userDataDir=C:\Users\NIKILK~1\AppData\Local\Temp\scoped_dir13332_9007}, takesHeapSnapshot=true, pageLoadStrategy=normal, databaseEnabled=false, handlesAlerts=true, hasTouchScreen=false, version=67.0.3396.99, platform=WIN8_1, browserConnectionEnabled=false, nativeEvents=true, acceptSslCerts=false, acceptInsecureCerts=false, locationContextEnabled=true, webStorageEnabled=true, browserName=chrome, takesScreenshot=true, javascriptEnabled=true, cssSelectorsEnabled=true, setWindowRect=true, unexpectedAlertBehaviour=}]
Session ID: 0310d83ee2a38065a6f344275d2497a3
Exception occured: org.openqa.selenium.TimeoutException: timeout
  (Session info: chrome=67.0.3396.99)
  (Driver info: chromedriver=2.40.565498 (ea082db3280dd6843ebfb08a625e3eb905c4f5ab),platform=Windows NT 6.3.9600 x86_64) (WARNING: The server did not provide any stacktrace information)
Command duration or timeout: 10.01 seconds
Build info: version: &apos;2.53.0&apos;, revision: &apos;35ae25b1534ae328c771e0856c93e187490ca824&apos;, time: &apos;2016-03-15 10:43:46&apos;
System info: host: &apos;Nikil&apos;, ip: &apos;192.168.254.4&apos;, os.name: &apos;Windows 8.1&apos;, os.arch: &apos;amd64&apos;, os.version: &apos;6.3&apos;, java.version: &apos;1.8.0_131&apos;
Driver info: org.openqa.selenium.chrome.ChromeDriver
Capabilities [{applicationCacheEnabled=false, rotatable=false, mobileEmulationEnabled=false, networkConnectionEnabled=false, chrome={chromedriverVersion=2.40.565498 (ea082db3280dd6843ebfb08a625e3eb905c4f5ab), userDataDir=C:\Users\NIKILK~1\AppData\Local\Temp\scoped_dir13332_9007}, takesHeapSnapshot=true, pageLoadStrategy=normal, databaseEnabled=false, handlesAlerts=true, hasTouchScreen=false, version=67.0.3396.99, platform=WIN8_1, browserConnectionEnabled=false, nativeEvents=true, acceptSslCerts=false, acceptInsecureCerts=false, locationContextEnabled=true, webStorageEnabled=true, browserName=chrome, takesScreenshot=true, javascriptEnabled=true, cssSelectorsEnabled=true, setWindowRect=true, unexpectedAlertBehaviour=}]
Session ID: 0310d83ee2a38065a6f344275d2497a3
Exception occured: org.openqa.selenium.TimeoutException: timeout
  (Session info: chrome=67.0.3396.99)
  (Driver info: chromedriver=2.40.565498 (ea082db3280dd6843ebfb08a625e3eb905c4f5ab),platform=Windows NT 6.3.9600 x86_64) (WARNING: The server did not provide any stacktrace information)
Command duration or timeout: 10.01 seconds
Build info: version: &apos;2.53.0&apos;, revision: &apos;35ae25b1534ae328c771e0856c93e187490ca824&apos;, time: &apos;2016-03-15 10:43:46&apos;
System info: host: &apos;Nikil&apos;, ip: &apos;192.168.254.4&apos;, os.name: &apos;Windows 8.1&apos;, os.arch: &apos;amd64&apos;, os.version: &apos;6.3&apos;, java.version: &apos;1.8.0_131&apos;
Driver info: org.openqa.selenium.chrome.ChromeDriver
Capabilities [{applicationCacheEnabled=false, rotatable=false, mobileEmulationEnabled=false, networkConnectionEnabled=false, chrome={chromedriverVersion=2.40.565498 (ea082db3280dd6843ebfb08a625e3eb905c4f5ab), userDataDir=C:\Users\NIKILK~1\AppData\Local\Temp\scoped_dir13332_9007}, takesHeapSnapshot=true, pageLoadStrategy=normal, databaseEnabled=false, handlesAlerts=true, hasTouchScreen=false, version=67.0.3396.99, platform=WIN8_1, browserConnectionEnabled=false, nativeEvents=true, acceptSslCerts=false, acceptInsecureCerts=false, locationContextEnabled=true, webStorageEnabled=true, browserName=chrome, takesScreenshot=true, javascriptEnabled=true, cssSelectorsEnabled=true, setWindowRect=true, unexpectedAlertBehaviour=}]
Session ID: 0310d83ee2a38065a6f344275d2497a3
Exception occured: org.openqa.selenium.TimeoutException: timeout
  (Session info: chrome=67.0.3396.99)
  (Driver info: chromedriver=2.40.565498 (ea082db3280dd6843ebfb08a625e3eb905c4f5ab),platform=Windows NT 6.3.9600 x86_64) (WARNING: The server did not provide any stacktrace information)
Command duration or timeout: 10.01 seconds
Build info: version: &apos;2.53.0&apos;, revision: &apos;35ae25b1534ae328c771e0856c93e187490ca824&apos;, time: &apos;2016-03-15 10:43:46&apos;
System info: host: &apos;Nikil&apos;, ip: &apos;192.168.254.4&apos;, os.name: &apos;Windows 8.1&apos;, os.arch: &apos;amd64&apos;, os.version: &apos;6.3&apos;, java.version: &apos;1.8.0_131&apos;
Driver info: org.openqa.selenium.chrome.ChromeDriver
Capabilities [{applicationCacheEnabled=false, rotatable=false, mobileEmulationEnabled=false, networkConnectionEnabled=false, chrome={chromedriverVersion=2.40.565498 (ea082db3280dd6843ebfb08a625e3eb905c4f5ab), userDataDir=C:\Users\NIKILK~1\AppData\Local\Temp\scoped_dir13332_9007}, takesHeapSnapshot=true, pageLoadStrategy=normal, databaseEnabled=false, handlesAlerts=true, hasTouchScreen=false, version=67.0.3396.99, platform=WIN8_1, browserConnectionEnabled=false, nativeEvents=true, acceptSslCerts=false, acceptInsecureCerts=false, locationContextEnabled=true, webStorageEnabled=true, browserName=chrome, takesScreenshot=true, javascriptEnabled=true, cssSelectorsEnabled=true, setWindowRect=true, unexpectedAlertBehaviour=}]
Session ID: 0310d83ee2a38065a6f344275d2497a3
Exception occured: org.openqa.selenium.TimeoutException: timeout
  (Session info: chrome=67.0.3396.99)
  (Driver info: chromedriver=2.40.565498 (ea082db3280dd6843ebfb08a625e3eb905c4f5ab),platform=Windows NT 6.3.9600 x86_64) (WARNING: The server did not provide any stacktrace information)
Command duration or timeout: 10.01 seconds
Build info: version: &apos;2.53.0&apos;, revision: &apos;35ae25b1534ae328c771e0856c93e187490ca824&apos;, time: &apos;2016-03-15 10:43:46&apos;
System info: host: &apos;Nikil&apos;, ip: &apos;192.168.254.4&apos;, os.name: &apos;Windows 8.1&apos;, os.arch: &apos;amd64&apos;, os.version: &apos;6.3&apos;, java.version: &apos;1.8.0_131&apos;
Driver info: org.openqa.selenium.chrome.ChromeDriver
Capabilities [{applicationCacheEnabled=false, rotatable=false, mobileEmulationEnabled=false, networkConnectionEnabled=false, chrome={chromedriverVersion=2.40.565498 (ea082db3280dd6843ebfb08a625e3eb905c4f5ab), userDataDir=C:\Users\NIKILK~1\AppData\Local\Temp\scoped_dir13332_9007}, takesHeapSnapshot=true, pageLoadStrategy=normal, databaseEnabled=false, handlesAlerts=true, hasTouchScreen=false, version=67.0.3396.99, platform=WIN8_1, browserConnectionEnabled=false, nativeEvents=true, acceptSslCerts=false, acceptInsecureCerts=false, locationContextEnabled=true, webStorageEnabled=true, browserName=chrome, takesScreenshot=true, javascriptEnabled=true, cssSelectorsEnabled=true, setWindowRect=true, unexpectedAlertBehaviour=}]
Session ID: 0310d83ee2a38065a6f344275d2497a3
Exception occured: org.openqa.selenium.TimeoutException: timeout
  (Session info: chrome=67.0.3396.99)
  (Driver info: chromedriver=2.40.565498 (ea082db3280dd6843ebfb08a625e3eb905c4f5ab),platform=Windows NT 6.3.9600 x86_64) (WARNING: The server did not provide any stacktrace information)
Command duration or timeout: 10.01 seconds
Build info: version: &apos;2.53.0&apos;, revision: &apos;35ae25b1534ae328c771e0856c93e187490ca824&apos;, time: &apos;2016-03-15 10:43:46&apos;
System info: host: &apos;Nikil&apos;, ip: &apos;192.168.254.4&apos;, os.name: &apos;Windows 8.1&apos;, os.arch: &apos;amd64&apos;, os.version: &apos;6.3&apos;, java.version: &apos;1.8.0_131&apos;
Driver info: org.openqa.selenium.chrome.ChromeDriver
Capabilities [{applicationCacheEnabled=false, rotatable=false, mobileEmulationEnabled=false, networkConnectionEnabled=false, chrome={chromedriverVersion=2.40.565498 (ea082db3280dd6843ebfb08a625e3eb905c4f5ab), userDataDir=C:\Users\NIKILK~1\AppData\Local\Temp\scoped_dir13332_9007}, takesHeapSnapshot=true, pageLoadStrategy=normal, databaseEnabled=false, handlesAlerts=true, hasTouchScreen=false, version=67.0.3396.99, platform=WIN8_1, browserConnectionEnabled=false, nativeEvents=true, acceptSslCerts=false, acceptInsecureCerts=false, locationContextEnabled=true, webStorageEnabled=true, browserName=chrome, takesScreenshot=true, javascriptEnabled=true, cssSelectorsEnabled=true, setWindowRect=true, unexpectedAlertBehaviour=}]
Session ID: 0310d83ee2a38065a6f344275d2497a3
Exception occured: org.openqa.selenium.TimeoutException: timeout
  (Session info: chrome=67.0.3396.99)
  (Driver info: chromedriver=2.40.565498 (ea082db3280dd6843ebfb08a625e3eb905c4f5ab),platform=Windows NT 6.3.9600 x86_64) (WARNING: The server did not provide any stacktrace information)
Command duration or timeout: 10.01 seconds
Build info: version: &apos;2.53.0&apos;, revision: &apos;35ae25b1534ae328c771e0856c93e187490ca824&apos;, time: &apos;2016-03-15 10:43:46&apos;
System info: host: &apos;Nikil&apos;, ip: &apos;192.168.254.4&apos;, os.name: &apos;Windows 8.1&apos;, os.arch: &apos;amd64&apos;, os.version: &apos;6.3&apos;, java.version: &apos;1.8.0_131&apos;
Driver info: org.openqa.selenium.chrome.ChromeDriver
Capabilities [{applicationCacheEnabled=false, rotatable=false, mobileEmulationEnabled=false, networkConnectionEnabled=false, chrome={chromedriverVersion=2.40.565498 (ea082db3280dd6843ebfb08a625e3eb905c4f5ab), userDataDir=C:\Users\NIKILK~1\AppData\Local\Temp\scoped_dir13332_9007}, takesHeapSnapshot=true, pageLoadStrategy=normal, databaseEnabled=false, handlesAlerts=true, hasTouchScreen=false, version=67.0.3396.99, platform=WIN8_1, browserConnectionEnabled=false, nativeEvents=true, acceptSslCerts=false, acceptInsecureCerts=false, locationContextEnabled=true, webStorageEnabled=true, browserName=chrome, takesScreenshot=true, javascriptEnabled=true, cssSelectorsEnabled=true, setWindowRect=true, unexpectedAlertBehaviour=}]
Session ID: 0310d83ee2a38065a6f344275d2497a3
Exception occured: org.openqa.selenium.TimeoutException: timeout
  (Session info: chrome=67.0.3396.99)
  (Driver info: chromedriver=2.40.565498 (ea082db3280dd6843ebfb08a625e3eb905c4f5ab),platform=Windows NT 6.3.9600 x86_64) (WARNING: The server did not provide any stacktrace information)
Command duration or timeout: 10.01 seconds
Build info: version: &apos;2.53.0&apos;, revision: &apos;35ae25b1534ae328c771e0856c93e187490ca824&apos;, time: &apos;2016-03-15 10:43:46&apos;
System info: host: &apos;Nikil&apos;, ip: &apos;192.168.254.4&apos;, os.name: &apos;Windows 8.1&apos;, os.arch: &apos;amd64&apos;, os.version: &apos;6.3&apos;, java.version: &apos;1.8.0_131&apos;
Driver info: org.openqa.selenium.chrome.ChromeDriver
Capabilities [{applicationCacheEnabled=false, rotatable=false, mobileEmulationEnabled=false, networkConnectionEnabled=false, chrome={chromedriverVersion=2.40.565498 (ea082db3280dd6843ebfb08a625e3eb905c4f5ab), userDataDir=C:\Users\NIKILK~1\AppData\Local\Temp\scoped_dir13332_9007}, takesHeapSnapshot=true, pageLoadStrategy=normal, databaseEnabled=false, handlesAlerts=true, hasTouchScreen=false, version=67.0.3396.99, platform=WIN8_1, browserConnectionEnabled=false, nativeEvents=true, acceptSslCerts=false, acceptInsecureCerts=false, locationContextEnabled=true, webStorageEnabled=true, browserName=chrome, takesScreenshot=true, javascriptEnabled=true, cssSelectorsEnabled=true, setWindowRect=true, unexpectedAlertBehaviour=}]
Session ID: 0310d83ee2a38065a6f344275d2497a3
Exception occured: org.openqa.selenium.TimeoutException: timeout
  (Session info: chrome=67.0.3396.99)
  (Driver info: chromedriver=2.40.565498 (ea082db3280dd6843ebfb08a625e3eb905c4f5ab),platform=Windows NT 6.3.9600 x86_64) (WARNING: The server did not provide any stacktrace information)
Command duration or timeout: 10.01 seconds
Build info: version: &apos;2.53.0&apos;, revision: &apos;35ae25b1534ae328c771e0856c93e187490ca824&apos;, time: &apos;2016-03-15 10:43:46&apos;
System info: host: &apos;Nikil&apos;, ip: &apos;192.168.254.4&apos;, os.name: &apos;Windows 8.1&apos;, os.arch: &apos;amd64&apos;, os.version: &apos;6.3&apos;, java.version: &apos;1.8.0_131&apos;
Driver info: org.openqa.selenium.chrome.ChromeDriver
Capabilities [{applicationCacheEnabled=false, rotatable=false, mobileEmulationEnabled=false, networkConnectionEnabled=false, chrome={chromedriverVersion=2.40.565498 (ea082db3280dd6843ebfb08a625e3eb905c4f5ab), userDataDir=C:\Users\NIKILK~1\AppData\Local\Temp\scoped_dir13332_9007}, takesHeapSnapshot=true, pageLoadStrategy=normal, databaseEnabled=false, handlesAlerts=true, hasTouchScreen=false, version=67.0.3396.99, platform=WIN8_1, browserConnectionEnabled=false, nativeEvents=true, acceptSslCerts=false, acceptInsecureCerts=false, locationContextEnabled=true, webStorageEnabled=true, browserName=chrome, takesScreenshot=true, javascriptEnabled=true, cssSelectorsEnabled=true, setWindowRect=true, unexpectedAlertBehaviour=}]
Session ID: 0310d83ee2a38065a6f344275d2497a3
Exception occured: org.openqa.selenium.TimeoutException: timeout
  (Session info: chrome=67.0.3396.99)
  (Driver info: chromedriver=2.40.565498 (ea082db3280dd6843ebfb08a625e3eb905c4f5ab),platform=Windows NT 6.3.9600 x86_64) (WARNING: The server did not provide any stacktrace information)
Command duration or timeout: 10.01 seconds
Build info: version: &apos;2.53.0&apos;, revision: &apos;35ae25b1534ae328c771e0856c93e187490ca824&apos;, time: &apos;2016-03-15 10:43:46&apos;
System info: host: &apos;Nikil&apos;, ip: &apos;192.168.254.4&apos;, os.name: &apos;Windows 8.1&apos;, os.arch: &apos;amd64&apos;, os.version: &apos;6.3&apos;, java.version: &apos;1.8.0_131&apos;
Driver info: org.openqa.selenium.chrome.ChromeDriver
Capabilities [{applicationCacheEnabled=false, rotatable=false, mobileEmulationEnabled=false, networkConnectionEnabled=false, chrome={chromedriverVersion=2.40.565498 (ea082db3280dd6843ebfb08a625e3eb905c4f5ab), userDataDir=C:\Users\NIKILK~1\AppData\Local\Temp\scoped_dir13332_9007}, takesHeapSnapshot=true, pageLoadStrategy=normal, databaseEnabled=false, handlesAlerts=true, hasTouchScreen=false, version=67.0.3396.99, platform=WIN8_1, browserConnectionEnabled=false, nativeEvents=true, acceptSslCerts=false, acceptInsecureCerts=false, locationContextEnabled=true, webStorageEnabled=true, browserName=chrome, takesScreenshot=true, javascriptEnabled=true, cssSelectorsEnabled=true, setWindowRect=true, unexpectedAlertBehaviour=}]
Session ID: 0310d83ee2a38065a6f344275d2497a3
Exception occured: org.openqa.selenium.TimeoutException: timeout
  (Session info: chrome=67.0.3396.99)
  (Driver info: chromedriver=2.40.565498 (ea082db3280dd6843ebfb08a625e3eb905c4f5ab),platform=Windows NT 6.3.9600 x86_64) (WARNING: The server did not provide any stacktrace information)
Command duration or timeout: 10.01 seconds
Build info: version: &apos;2.53.0&apos;, revision: &apos;35ae25b1534ae328c771e0856c93e187490ca824&apos;, time: &apos;2016-03-15 10:43:46&apos;
System info: host: &apos;Nikil&apos;, ip: &apos;192.168.254.4&apos;, os.name: &apos;Windows 8.1&apos;, os.arch: &apos;amd64&apos;, os.version: &apos;6.3&apos;, java.version: &apos;1.8.0_131&apos;
Driver info: org.openqa.selenium.chrome.ChromeDriver
Capabilities [{applicationCacheEnabled=false, rotatable=false, mobileEmulationEnabled=false, networkConnectionEnabled=false, chrome={chromedriverVersion=2.40.565498 (ea082db3280dd6843ebfb08a625e3eb905c4f5ab), userDataDir=C:\Users\NIKILK~1\AppData\Local\Temp\scoped_dir13332_9007}, takesHeapSnapshot=true, pageLoadStrategy=normal, databaseEnabled=false, handlesAlerts=true, hasTouchScreen=false, version=67.0.3396.99, platform=WIN8_1, browserConnectionEnabled=false, nativeEvents=true, acceptSslCerts=false, acceptInsecureCerts=false, locationContextEnabled=true, webStorageEnabled=true, browserName=chrome, takesScreenshot=true, javascriptEnabled=true, cssSelectorsEnabled=true, setWindowRect=true, unexpectedAlertBehaviour=}]
Session ID: 0310d83ee2a38065a6f344275d2497a3
Exception occured: org.openqa.selenium.TimeoutException: timeout
  (Session info: chrome=67.0.3396.99)
  (Driver info: chromedriver=2.40.565498 (ea082db3280dd6843ebfb08a625e3eb905c4f5ab),platform=Windows NT 6.3.9600 x86_64) (WARNING: The server did not provide any stacktrace information)
Command duration or timeout: 10.01 seconds
Build info: version: &apos;2.53.0&apos;, revision: &apos;35ae25b1534ae328c771e0856c93e187490ca824&apos;, time: &apos;2016-03-15 10:43:46&apos;
System info: host: &apos;Nikil&apos;, ip: &apos;192.168.254.4&apos;, os.name: &apos;Windows 8.1&apos;, os.arch: &apos;amd64&apos;, os.version: &apos;6.3&apos;, java.version: &apos;1.8.0_131&apos;
Driver info: org.openqa.selenium.chrome.ChromeDriver
Capabilities [{applicationCacheEnabled=false, rotatable=false, mobileEmulationEnabled=false, networkConnectionEnabled=false, chrome={chromedriverVersion=2.40.565498 (ea082db3280dd6843ebfb08a625e3eb905c4f5ab), userDataDir=C:\Users\NIKILK~1\AppData\Local\Temp\scoped_dir13332_9007}, takesHeapSnapshot=true, pageLoadStrategy=normal, databaseEnabled=false, handlesAlerts=true, hasTouchScreen=false, version=67.0.3396.99, platform=WIN8_1, browserConnectionEnabled=false, nativeEvents=true, acceptSslCerts=false, acceptInsecureCerts=false, locationContextEnabled=true, webStorageEnabled=true, browserName=chrome, takesScreenshot=true, javascriptEnabled=true, cssSelectorsEnabled=true, setWindowRect=true, unexpectedAlertBehaviour=}]
Session ID: 0310d83ee2a38065a6f344275d2497a3
Exception occured: org.openqa.selenium.TimeoutException: timeout
  (Session info: chrome=67.0.3396.99)
  (Driver info: chromedriver=2.40.565498 (ea082db3280dd6843ebfb08a625e3eb905c4f5ab),platform=Windows NT 6.3.9600 x86_64) (WARNING: The server did not provide any stacktrace information)
Command duration or timeout: 10.01 seconds
Build info: version: &apos;2.53.0&apos;, revision: &apos;35ae25b1534ae328c771e0856c93e187490ca824&apos;, time: &apos;2016-03-15 10:43:46&apos;
System info: host: &apos;Nikil&apos;, ip: &apos;192.168.254.4&apos;, os.name: &apos;Windows 8.1&apos;, os.arch: &apos;amd64&apos;, os.version: &apos;6.3&apos;, java.version: &apos;1.8.0_131&apos;
Driver info: org.openqa.selenium.chrome.ChromeDriver
Capabilities [{applicationCacheEnabled=false, rotatable=false, mobileEmulationEnabled=false, networkConnectionEnabled=false, chrome={chromedriverVersion=2.40.565498 (ea082db3280dd6843ebfb08a625e3eb905c4f5ab), userDataDir=C:\Users\NIKILK~1\AppData\Local\Temp\scoped_dir13332_9007}, takesHeapSnapshot=true, pageLoadStrategy=normal, databaseEnabled=false, handlesAlerts=true, hasTouchScreen=false, version=67.0.3396.99, platform=WIN8_1, browserConnectionEnabled=false, nativeEvents=true, acceptSslCerts=false, acceptInsecureCerts=false, locationContextEnabled=true, webStorageEnabled=true, browserName=chrome, takesScreenshot=true, javascriptEnabled=true, cssSelectorsEnabled=true, setWindowRect=true, unexpectedAlertBehaviour=}]
Session ID: 0310d83ee2a38065a6f344275d2497a3
Exception occured: org.openqa.selenium.TimeoutException: timeout
  (Session info: chrome=67.0.3396.99)
  (Driver info: chromedriver=2.40.565498 (ea082db3280dd6843ebfb08a625e3eb905c4f5ab),platform=Windows NT 6.3.9600 x86_64) (WARNING: The server did not provide any stacktrace information)
Command duration or timeout: 10.01 seconds
Build info: version: &apos;2.53.0&apos;, revision: &apos;35ae25b1534ae328c771e0856c93e187490ca824&apos;, time: &apos;2016-03-15 10:43:46&apos;
System info: host: &apos;Nikil&apos;, ip: &apos;192.168.254.4&apos;, os.name: &apos;Windows 8.1&apos;, os.arch: &apos;amd64&apos;, os.version: &apos;6.3&apos;, java.version: &apos;1.8.0_131&apos;
Driver info: org.openqa.selenium.chrome.ChromeDriver
Capabilities [{applicationCacheEnabled=false, rotatable=false, mobileEmulationEnabled=false, networkConnectionEnabled=false, chrome={chromedriverVersion=2.40.565498 (ea082db3280dd6843ebfb08a625e3eb905c4f5ab), userDataDir=C:\Users\NIKILK~1\AppData\Local\Temp\scoped_dir13332_9007}, takesHeapSnapshot=true, pageLoadStrategy=normal, databaseEnabled=false, handlesAlerts=true, hasTouchScreen=false, version=67.0.3396.99, platform=WIN8_1, browserConnectionEnabled=false, nativeEvents=true, acceptSslCerts=false, acceptInsecureCerts=false, locationContextEnabled=true, webStorageEnabled=true, browserName=chrome, takesScreenshot=true, javascriptEnabled=true, cssSelectorsEnabled=true, setWindowRect=true, unexpectedAlertBehaviour=}]
Session ID: 0310d83ee2a38065a6f344275d2497a3
Exception occured: org.openqa.selenium.TimeoutException: timeout
  (Session info: chrome=67.0.3396.99)
  (Driver info: chromedriver=2.40.565498 (ea082db3280dd6843ebfb08a625e3eb905c4f5ab),platform=Windows NT 6.3.9600 x86_64) (WARNING: The server did not provide any stacktrace information)
Command duration or timeout: 10.01 seconds
Build info: version: &apos;2.53.0&apos;, revision: &apos;35ae25b1534ae328c771e0856c93e187490ca824&apos;, time: &apos;2016-03-15 10:43:46&apos;
System info: host: &apos;Nikil&apos;, ip: &apos;192.168.254.4&apos;, os.name: &apos;Windows 8.1&apos;, os.arch: &apos;amd64&apos;, os.version: &apos;6.3&apos;, java.version: &apos;1.8.0_131&apos;
Driver info: org.openqa.selenium.chrome.ChromeDriver
Capabilities [{applicationCacheEnabled=false, rotatable=false, mobileEmulationEnabled=false, networkConnectionEnabled=false, chrome={chromedriverVersion=2.40.565498 (ea082db3280dd6843ebfb08a625e3eb905c4f5ab), userDataDir=C:\Users\NIKILK~1\AppData\Local\Temp\scoped_dir13332_9007}, takesHeapSnapshot=true, pageLoadStrategy=normal, databaseEnabled=false, handlesAlerts=true, hasTouchScreen=false, version=67.0.3396.99, platform=WIN8_1, browserConnectionEnabled=false, nativeEvents=true, acceptSslCerts=false, acceptInsecureCerts=false, locationContextEnabled=true, webStorageEnabled=true, browserName=chrome, takesScreenshot=true, javascriptEnabled=true, cssSelectorsEnabled=true, setWindowRect=true, unexpectedAlertBehaviour=}]
Session ID: 0310d83ee2a38065a6f344275d2497a3
Exception occured: org.openqa.selenium.TimeoutException: timeout
  (Session info: chrome=67.0.3396.99)
  (Driver info: chromedriver=2.40.565498 (ea082db3280dd6843ebfb08a625e3eb905c4f5ab),platform=Windows NT 6.3.9600 x86_64) (WARNING: The server did not provide any stacktrace information)
Command duration or timeout: 10.01 seconds
Build info: version: &apos;2.53.0&apos;, revision: &apos;35ae25b1534ae328c771e0856c93e187490ca824&apos;, time: &apos;2016-03-15 10:43:46&apos;
System info: host: &apos;Nikil&apos;, ip: &apos;192.168.254.4&apos;, os.name: &apos;Windows 8.1&apos;, os.arch: &apos;amd64&apos;, os.version: &apos;6.3&apos;, java.version: &apos;1.8.0_131&apos;
Driver info: org.openqa.selenium.chrome.ChromeDriver
Capabilities [{applicationCacheEnabled=false, rotatable=false, mobileEmulationEnabled=false, networkConnectionEnabled=false, chrome={chromedriverVersion=2.40.565498 (ea082db3280dd6843ebfb08a625e3eb905c4f5ab), userDataDir=C:\Users\NIKILK~1\AppData\Local\Temp\scoped_dir13332_9007}, takesHeapSnapshot=true, pageLoadStrategy=normal, databaseEnabled=false, handlesAlerts=true, hasTouchScreen=false, version=67.0.3396.99, platform=WIN8_1, browserConnectionEnabled=false, nativeEvents=true, acceptSslCerts=false, acceptInsecureCerts=false, locationContextEnabled=true, webStorageEnabled=true, browserName=chrome, takesScreenshot=true, javascriptEnabled=true, cssSelectorsEnabled=true, setWindowRect=true, unexpectedAlertBehaviour=}]
Session ID: 0310d83ee2a38065a6f344275d2497a3
Exception occured: org.openqa.selenium.TimeoutException: timeout
  (Session info: chrome=67.0.3396.99)
  (Driver info: chromedriver=2.40.565498 (ea082db3280dd6843ebfb08a625e3eb905c4f5ab),platform=Windows NT 6.3.9600 x86_64) (WARNING: The server did not provide any stacktrace information)
Command duration or timeout: 10.01 seconds
Build info: version: &apos;2.53.0&apos;, revision: &apos;35ae25b1534ae328c771e0856c93e187490ca824&apos;, time: &apos;2016-03-15 10:43:46&apos;
System info: host: &apos;Nikil&apos;, ip: &apos;192.168.254.4&apos;, os.name: &apos;Windows 8.1&apos;, os.arch: &apos;amd64&apos;, os.version: &apos;6.3&apos;, java.version: &apos;1.8.0_131&apos;
Driver info: org.openqa.selenium.chrome.ChromeDriver
Capabilities [{applicationCacheEnabled=false, rotatable=false, mobileEmulationEnabled=false, networkConnectionEnabled=false, chrome={chromedriverVersion=2.40.565498 (ea082db3280dd6843ebfb08a625e3eb905c4f5ab), userDataDir=C:\Users\NIKILK~1\AppData\Local\Temp\scoped_dir13332_9007}, takesHeapSnapshot=true, pageLoadStrategy=normal, databaseEnabled=false, handlesAlerts=true, hasTouchScreen=false, version=67.0.3396.99, platform=WIN8_1, browserConnectionEnabled=false, nativeEvents=true, acceptSslCerts=false, acceptInsecureCerts=false, locationContextEnabled=true, webStorageEnabled=true, browserName=chrome, takesScreenshot=true, javascriptEnabled=true, cssSelectorsEnabled=true, setWindowRect=true, unexpectedAlertBehaviour=}]
Session ID: 0310d83ee2a38065a6f344275d2497a3
Exception occured: org.openqa.selenium.TimeoutException: timeout
  (Session info: chrome=67.0.3396.99)
  (Driver info: chromedriver=2.40.565498 (ea082db3280dd6843ebfb08a625e3eb905c4f5ab),platform=Windows NT 6.3.9600 x86_64) (WARNING: The server did not provide any stacktrace information)
Command duration or timeout: 10.01 seconds
Build info: version: &apos;2.53.0&apos;, revision: &apos;35ae25b1534ae328c771e0856c93e187490ca824&apos;, time: &apos;2016-03-15 10:43:46&apos;
System info: host: &apos;Nikil&apos;, ip: &apos;192.168.254.4&apos;, os.name: &apos;Windows 8.1&apos;, os.arch: &apos;amd64&apos;, os.version: &apos;6.3&apos;, java.version: &apos;1.8.0_131&apos;
Driver info: org.openqa.selenium.chrome.ChromeDriver
Capabilities [{applicationCacheEnabled=false, rotatable=false, mobileEmulationEnabled=false, networkConnectionEnabled=false, chrome={chromedriverVersion=2.40.565498 (ea082db3280dd6843ebfb08a625e3eb905c4f5ab), userDataDir=C:\Users\NIKILK~1\AppData\Local\Temp\scoped_dir13332_9007}, takesHeapSnapshot=true, pageLoadStrategy=normal, databaseEnabled=false, handlesAlerts=true, hasTouchScreen=false, version=67.0.3396.99, platform=WIN8_1, browserConnectionEnabled=false, nativeEvents=true, acceptSslCerts=false, acceptInsecureCerts=false, locationContextEnabled=true, webStorageEnabled=true, browserName=chrome, takesScreenshot=true, javascriptEnabled=true, cssSelectorsEnabled=true, setWindowRect=true, unexpectedAlertBehaviour=}]
Session ID: 0310d83ee2a38065a6f344275d2497a3
Exception occured: org.openqa.selenium.TimeoutException: timeout
  (Session info: chrome=67.0.3396.99)
  (Driver info: chromedriver=2.40.565498 (ea082db3280dd6843ebfb08a625e3eb905c4f5ab),platform=Windows NT 6.3.9600 x86_64) (WARNING: The server did not provide any stacktrace information)
Command duration or timeout: 10.01 seconds
Build info: version: &apos;2.53.0&apos;, revision: &apos;35ae25b1534ae328c771e0856c93e187490ca824&apos;, time: &apos;2016-03-15 10:43:46&apos;
System info: host: &apos;Nikil&apos;, ip: &apos;192.168.254.4&apos;, os.name: &apos;Windows 8.1&apos;, os.arch: &apos;amd64&apos;, os.version: &apos;6.3&apos;, java.version: &apos;1.8.0_131&apos;
Driver info: org.openqa.selenium.chrome.ChromeDriver
Capabilities [{applicationCacheEnabled=false, rotatable=false, mobileEmulationEnabled=false, networkConnectionEnabled=false, chrome={chromedriverVersion=2.40.565498 (ea082db3280dd6843ebfb08a625e3eb905c4f5ab), userDataDir=C:\Users\NIKILK~1\AppData\Local\Temp\scoped_dir13332_9007}, takesHeapSnapshot=true, pageLoadStrategy=normal, databaseEnabled=false, handlesAlerts=true, hasTouchScreen=false, version=67.0.3396.99, platform=WIN8_1, browserConnectionEnabled=false, nativeEvents=true, acceptSslCerts=false, acceptInsecureCerts=false, locationContextEnabled=true, webStorageEnabled=true, browserName=chrome, takesScreenshot=true, javascriptEnabled=true, cssSelectorsEnabled=true, setWindowRect=true, unexpectedAlertBehaviour=}]
Session ID: 0310d83ee2a38065a6f344275d2497a3
Exception occured: org.openqa.selenium.TimeoutException: timeout
  (Session info: chrome=67.0.3396.99)
  (Driver info: chromedriver=2.40.565498 (ea082db3280dd6843ebfb08a625e3eb905c4f5ab),platform=Windows NT 6.3.9600 x86_64) (WARNING: The server did not provide any stacktrace information)
Command duration or timeout: 10.01 seconds
Build info: version: &apos;2.53.0&apos;, revision: &apos;35ae25b1534ae328c771e0856c93e187490ca824&apos;, time: &apos;2016-03-15 10:43:46&apos;
System info: host: &apos;Nikil&apos;, ip: &apos;192.168.254.4&apos;, os.name: &apos;Windows 8.1&apos;, os.arch: &apos;amd64&apos;, os.version: &apos;6.3&apos;, java.version: &apos;1.8.0_131&apos;
Driver info: org.openqa.selenium.chrome.ChromeDriver
Capabilities [{applicationCacheEnabled=false, rotatable=false, mobileEmulationEnabled=false, networkConnectionEnabled=false, chrome={chromedriverVersion=2.40.565498 (ea082db3280dd6843ebfb08a625e3eb905c4f5ab), userDataDir=C:\Users\NIKILK~1\AppData\Local\Temp\scoped_dir13332_9007}, takesHeapSnapshot=true, pageLoadStrategy=normal, databaseEnabled=false, handlesAlerts=true, hasTouchScreen=false, version=67.0.3396.99, platform=WIN8_1, browserConnectionEnabled=false, nativeEvents=true, acceptSslCerts=false, acceptInsecureCerts=false, locationContextEnabled=true, webStorageEnabled=true, browserName=chrome, takesScreenshot=true, javascriptEnabled=true, cssSelectorsEnabled=true, setWindowRect=true, unexpectedAlertBehaviour=}]
Session ID: 0310d83ee2a38065a6f344275d2497a3
Exception occured: org.openqa.selenium.TimeoutException: timeout
  (Session info: chrome=67.0.3396.99)
  (Driver info: chromedriver=2.40.565498 (ea082db3280dd6843ebfb08a625e3eb905c4f5ab),platform=Windows NT 6.3.9600 x86_64) (WARNING: The server did not provide any stacktrace information)
Command duration or timeout: 10.01 seconds
Build info: version: &apos;2.53.0&apos;, revision: &apos;35ae25b1534ae328c771e0856c93e187490ca824&apos;, time: &apos;2016-03-15 10:43:46&apos;
System info: host: &apos;Nikil&apos;, ip: &apos;192.168.254.4&apos;, os.name: &apos;Windows 8.1&apos;, os.arch: &apos;amd64&apos;, os.version: &apos;6.3&apos;, java.version: &apos;1.8.0_131&apos;
Driver info: org.openqa.selenium.chrome.ChromeDriver
Capabilities [{applicationCacheEnabled=false, rotatable=false, mobileEmulationEnabled=false, networkConnectionEnabled=false, chrome={chromedriverVersion=2.40.565498 (ea082db3280dd6843ebfb08a625e3eb905c4f5ab), userDataDir=C:\Users\NIKILK~1\AppData\Local\Temp\scoped_dir13332_9007}, takesHeapSnapshot=true, pageLoadStrategy=normal, databaseEnabled=false, handlesAlerts=true, hasTouchScreen=false, version=67.0.3396.99, platform=WIN8_1, browserConnectionEnabled=false, nativeEvents=true, acceptSslCerts=false, acceptInsecureCerts=false, locationContextEnabled=true, webStorageEnabled=true, browserName=chrome, takesScreenshot=true, javascriptEnabled=true, cssSelectorsEnabled=true, setWindowRect=true, unexpectedAlertBehaviour=}]
Session ID: 0310d83ee2a38065a6f344275d2497a3
Exception occured: org.openqa.selenium.TimeoutException: timeout
  (Session info: chrome=67.0.3396.99)
  (Driver info: chromedriver=2.40.565498 (ea082db3280dd6843ebfb08a625e3eb905c4f5ab),platform=Windows NT 6.3.9600 x86_64) (WARNING: The server did not provide any stacktrace information)
Command duration or timeout: 10.00 seconds
Build info: version: &apos;2.53.0&apos;, revision: &apos;35ae25b1534ae328c771e0856c93e187490ca824&apos;, time: &apos;2016-03-15 10:43:46&apos;
System info: host: &apos;Nikil&apos;, ip: &apos;192.168.254.4&apos;, os.name: &apos;Windows 8.1&apos;, os.arch: &apos;amd64&apos;, os.version: &apos;6.3&apos;, java.version: &apos;1.8.0_131&apos;
Driver info: org.openqa.selenium.chrome.ChromeDriver
Capabilities [{applicationCacheEnabled=false, rotatable=false, mobileEmulationEnabled=false, networkConnectionEnabled=false, chrome={chromedriverVersion=2.40.565498 (ea082db3280dd6843ebfb08a625e3eb905c4f5ab), userDataDir=C:\Users\NIKILK~1\AppData\Local\Temp\scoped_dir13332_9007}, takesHeapSnapshot=true, pageLoadStrategy=normal, databaseEnabled=false, handlesAlerts=true, hasTouchScreen=false, version=67.0.3396.99, platform=WIN8_1, browserConnectionEnabled=false, nativeEvents=true, acceptSslCerts=false, acceptInsecureCerts=false, locationContextEnabled=true, webStorageEnabled=true, browserName=chrome, takesScreenshot=true, javascriptEnabled=true, cssSelectorsEnabled=true, setWindowRect=true, unexpectedAlertBehaviour=}]
Session ID: 0310d83ee2a38065a6f344275d2497a3
Exception occured: org.openqa.selenium.TimeoutException: timeout
  (Session info: chrome=67.0.3396.99)
  (Driver info: chromedriver=2.40.565498 (ea082db3280dd6843ebfb08a625e3eb905c4f5ab),platform=Windows NT 6.3.9600 x86_64) (WARNING: The server did not provide any stacktrace information)
Command duration or timeout: 10.01 seconds
Build info: version: &apos;2.53.0&apos;, revision: &apos;35ae25b1534ae328c771e0856c93e187490ca824&apos;, time: &apos;2016-03-15 10:43:46&apos;
System info: host: &apos;Nikil&apos;, ip: &apos;192.168.254.4&apos;, os.name: &apos;Windows 8.1&apos;, os.arch: &apos;amd64&apos;, os.version: &apos;6.3&apos;, java.version: &apos;1.8.0_131&apos;
Driver info: org.openqa.selenium.chrome.ChromeDriver
Capabilities [{applicationCacheEnabled=false, rotatable=false, mobileEmulationEnabled=false, networkConnectionEnabled=false, chrome={chromedriverVersion=2.40.565498 (ea082db3280dd6843ebfb08a625e3eb905c4f5ab), userDataDir=C:\Users\NIKILK~1\AppData\Local\Temp\scoped_dir13332_9007}, takesHeapSnapshot=true, pageLoadStrategy=normal, databaseEnabled=false, handlesAlerts=true, hasTouchScreen=false, version=67.0.3396.99, platform=WIN8_1, browserConnectionEnabled=false, nativeEvents=true, acceptSslCerts=false, acceptInsecureCerts=false, locationContextEnabled=true, webStorageEnabled=true, browserName=chrome, takesScreenshot=true, javascriptEnabled=true, cssSelectorsEnabled=true, setWindowRect=true, unexpectedAlertBehaviour=}]
Session ID: 0310d83ee2a38065a6f344275d2497a3
Exception occured: org.openqa.selenium.TimeoutException: timeout
  (Session info: chrome=67.0.3396.99)
  (Driver info: chromedriver=2.40.565498 (ea082db3280dd6843ebfb08a625e3eb905c4f5ab),platform=Windows NT 6.3.9600 x86_64) (WARNING: The server did not provide any stacktrace information)
Command duration or timeout: 10.01 seconds
Build info: version: &apos;2.53.0&apos;, revision: &apos;35ae25b1534ae328c771e0856c93e187490ca824&apos;, time: &apos;2016-03-15 10:43:46&apos;
System info: host: &apos;Nikil&apos;, ip: &apos;192.168.254.4&apos;, os.name: &apos;Windows 8.1&apos;, os.arch: &apos;amd64&apos;, os.version: &apos;6.3&apos;, java.version: &apos;1.8.0_131&apos;
Driver info: org.openqa.selenium.chrome.ChromeDriver
Capabilities [{applicationCacheEnabled=false, rotatable=false, mobileEmulationEnabled=false, networkConnectionEnabled=false, chrome={chromedriverVersion=2.40.565498 (ea082db3280dd6843ebfb08a625e3eb905c4f5ab), userDataDir=C:\Users\NIKILK~1\AppData\Local\Temp\scoped_dir13332_9007}, takesHeapSnapshot=true, pageLoadStrategy=normal, databaseEnabled=false, handlesAlerts=true, hasTouchScreen=false, version=67.0.3396.99, platform=WIN8_1, browserConnectionEnabled=false, nativeEvents=true, acceptSslCerts=false, acceptInsecureCerts=false, locationContextEnabled=true, webStorageEnabled=true, browserName=chrome, takesScreenshot=true, javascriptEnabled=true, cssSelectorsEnabled=true, setWindowRect=true, unexpectedAlertBehaviour=}]
Session ID: 0310d83ee2a38065a6f344275d2497a3
Exception occured: org.openqa.selenium.TimeoutException: timeout
  (Session info: chrome=67.0.3396.99)
  (Driver info: chromedriver=2.40.565498 (ea082db3280dd6843ebfb08a625e3eb905c4f5ab),platform=Windows NT 6.3.9600 x86_64) (WARNING: The server did not provide any stacktrace information)
Command duration or timeout: 10.01 seconds
Build info: version: &apos;2.53.0&apos;, revision: &apos;35ae25b1534ae328c771e0856c93e187490ca824&apos;, time: &apos;2016-03-15 10:43:46&apos;
System info: host: &apos;Nikil&apos;, ip: &apos;192.168.254.4&apos;, os.name: &apos;Windows 8.1&apos;, os.arch: &apos;amd64&apos;, os.version: &apos;6.3&apos;, java.version: &apos;1.8.0_131&apos;
Driver info: org.openqa.selenium.chrome.ChromeDriver
Capabilities [{applicationCacheEnabled=false, rotatable=false, mobileEmulationEnabled=false, networkConnectionEnabled=false, chrome={chromedriverVersion=2.40.565498 (ea082db3280dd6843ebfb08a625e3eb905c4f5ab), userDataDir=C:\Users\NIKILK~1\AppData\Local\Temp\scoped_dir13332_9007}, takesHeapSnapshot=true, pageLoadStrategy=normal, databaseEnabled=false, handlesAlerts=true, hasTouchScreen=false, version=67.0.3396.99, platform=WIN8_1, browserConnectionEnabled=false, nativeEvents=true, acceptSslCerts=false, acceptInsecureCerts=false, locationContextEnabled=true, webStorageEnabled=true, browserName=chrome, takesScreenshot=true, javascriptEnabled=true, cssSelectorsEnabled=true, setWindowRect=true, unexpectedAlertBehaviour=}]
Session ID: 0310d83ee2a38065a6f344275d2497a3
Exception occured: org.openqa.selenium.TimeoutException: timeout
  (Session info: chrome=67.0.3396.99)
  (Driver info: chromedriver=2.40.565498 (ea082db3280dd6843ebfb08a625e3eb905c4f5ab),platform=Windows NT 6.3.9600 x86_64) (WARNING: The server did not provide any stacktrace information)
Command duration or timeout: 10.01 seconds
Build info: version: &apos;2.53.0&apos;, revision: &apos;35ae25b1534ae328c771e0856c93e187490ca824&apos;, time: &apos;2016-03-15 10:43:46&apos;
System info: host: &apos;Nikil&apos;, ip: &apos;192.168.254.4&apos;, os.name: &apos;Windows 8.1&apos;, os.arch: &apos;amd64&apos;, os.version: &apos;6.3&apos;, java.version: &apos;1.8.0_131&apos;
Driver info: org.openqa.selenium.chrome.ChromeDriver
Capabilities [{applicationCacheEnabled=false, rotatable=false, mobileEmulationEnabled=false, networkConnectionEnabled=false, chrome={chromedriverVersion=2.40.565498 (ea082db3280dd6843ebfb08a625e3eb905c4f5ab), userDataDir=C:\Users\NIKILK~1\AppData\Local\Temp\scoped_dir13332_9007}, takesHeapSnapshot=true, pageLoadStrategy=normal, databaseEnabled=false, handlesAlerts=true, hasTouchScreen=false, version=67.0.3396.99, platform=WIN8_1, browserConnectionEnabled=false, nativeEvents=true, acceptSslCerts=false, acceptInsecureCerts=false, locationContextEnabled=true, webStorageEnabled=true, browserName=chrome, takesScreenshot=true, javascriptEnabled=true, cssSelectorsEnabled=true, setWindowRect=true, unexpectedAlertBehaviour=}]
Session ID: 0310d83ee2a38065a6f344275d2497a3
Exception occured: org.openqa.selenium.TimeoutException: timeout
  (Session info: chrome=67.0.3396.99)
  (Driver info: chromedriver=2.40.565498 (ea082db3280dd6843ebfb08a625e3eb905c4f5ab),platform=Windows NT 6.3.9600 x86_64) (WARNING: The server did not provide any stacktrace information)
Command duration or timeout: 10.01 seconds
Build info: version: &apos;2.53.0&apos;, revision: &apos;35ae25b1534ae328c771e0856c93e187490ca824&apos;, time: &apos;2016-03-15 10:43:46&apos;
System info: host: &apos;Nikil&apos;, ip: &apos;192.168.254.4&apos;, os.name: &apos;Windows 8.1&apos;, os.arch: &apos;amd64&apos;, os.version: &apos;6.3&apos;, java.version: &apos;1.8.0_131&apos;
Driver info: org.openqa.selenium.chrome.ChromeDriver
Capabilities [{applicationCacheEnabled=false, rotatable=false, mobileEmulationEnabled=false, networkConnectionEnabled=false, chrome={chromedriverVersion=2.40.565498 (ea082db3280dd6843ebfb08a625e3eb905c4f5ab), userDataDir=C:\Users\NIKILK~1\AppData\Local\Temp\scoped_dir13332_9007}, takesHeapSnapshot=true, pageLoadStrategy=normal, databaseEnabled=false, handlesAlerts=true, hasTouchScreen=false, version=67.0.3396.99, platform=WIN8_1, browserConnectionEnabled=false, nativeEvents=true, acceptSslCerts=false, acceptInsecureCerts=false, locationContextEnabled=true, webStorageEnabled=true, browserName=chrome, takesScreenshot=true, javascriptEnabled=true, cssSelectorsEnabled=true, setWindowRect=true, unexpectedAlertBehaviour=}]
Session ID: 0310d83ee2a38065a6f344275d2497a3
Exception occured: org.openqa.selenium.TimeoutException: timeout
  (Session info: chrome=67.0.3396.99)
  (Driver info: chromedriver=2.40.565498 (ea082db3280dd6843ebfb08a625e3eb905c4f5ab),platform=Windows NT 6.3.9600 x86_64) (WARNING: The server did not provide any stacktrace information)
Command duration or timeout: 10.01 seconds
Build info: version: &apos;2.53.0&apos;, revision: &apos;35ae25b1534ae328c771e0856c93e187490ca824&apos;, time: &apos;2016-03-15 10:43:46&apos;
System info: host: &apos;Nikil&apos;, ip: &apos;192.168.254.4&apos;, os.name: &apos;Windows 8.1&apos;, os.arch: &apos;amd64&apos;, os.version: &apos;6.3&apos;, java.version: &apos;1.8.0_131&apos;
Driver info: org.openqa.selenium.chrome.ChromeDriver
Capabilities [{applicationCacheEnabled=false, rotatable=false, mobileEmulationEnabled=false, networkConnectionEnabled=false, chrome={chromedriverVersion=2.40.565498 (ea082db3280dd6843ebfb08a625e3eb905c4f5ab), userDataDir=C:\Users\NIKILK~1\AppData\Local\Temp\scoped_dir13332_9007}, takesHeapSnapshot=true, pageLoadStrategy=normal, databaseEnabled=false, handlesAlerts=true, hasTouchScreen=false, version=67.0.3396.99, platform=WIN8_1, browserConnectionEnabled=false, nativeEvents=true, acceptSslCerts=false, acceptInsecureCerts=false, locationContextEnabled=true, webStorageEnabled=true, browserName=chrome, takesScreenshot=true, javascriptEnabled=true, cssSelectorsEnabled=true, setWindowRect=true, unexpectedAlertBehaviour=}]
Session ID: 0310d83ee2a38065a6f344275d2497a3
Exception occured: org.openqa.selenium.TimeoutException: timeout
  (Session info: chrome=67.0.3396.99)
  (Driver info: chromedriver=2.40.565498 (ea082db3280dd6843ebfb08a625e3eb905c4f5ab),platform=Windows NT 6.3.9600 x86_64) (WARNING: The server did not provide any stacktrace information)
Command duration or timeout: 10.01 seconds
Build info: version: &apos;2.53.0&apos;, revision: &apos;35ae25b1534ae328c771e0856c93e187490ca824&apos;, time: &apos;2016-03-15 10:43:46&apos;
System info: host: &apos;Nikil&apos;, ip: &apos;192.168.254.4&apos;, os.name: &apos;Windows 8.1&apos;, os.arch: &apos;amd64&apos;, os.version: &apos;6.3&apos;, java.version: &apos;1.8.0_131&apos;
Driver info: org.openqa.selenium.chrome.ChromeDriver
Capabilities [{applicationCacheEnabled=false, rotatable=false, mobileEmulationEnabled=false, networkConnectionEnabled=false, chrome={chromedriverVersion=2.40.565498 (ea082db3280dd6843ebfb08a625e3eb905c4f5ab), userDataDir=C:\Users\NIKILK~1\AppData\Local\Temp\scoped_dir13332_9007}, takesHeapSnapshot=true, pageLoadStrategy=normal, databaseEnabled=false, handlesAlerts=true, hasTouchScreen=false, version=67.0.3396.99, platform=WIN8_1, browserConnectionEnabled=false, nativeEvents=true, acceptSslCerts=false, acceptInsecureCerts=false, locationContextEnabled=true, webStorageEnabled=true, browserName=chrome, takesScreenshot=true, javascriptEnabled=true, cssSelectorsEnabled=true, setWindowRect=true, unexpectedAlertBehaviour=}]
Session ID: 0310d83ee2a38065a6f344275d2497a3
Exception occured: org.openqa.selenium.TimeoutException: timeout
  (Session info: chrome=67.0.3396.99)
  (Driver info: chromedriver=2.40.565498 (ea082db3280dd6843ebfb08a625e3eb905c4f5ab),platform=Windows NT 6.3.9600 x86_64) (WARNING: The server did not provide any stacktrace information)
Command duration or timeout: 10.01 seconds
Build info: version: &apos;2.53.0&apos;, revision: &apos;35ae25b1534ae328c771e0856c93e187490ca824&apos;, time: &apos;2016-03-15 10:43:46&apos;
System info: host: &apos;Nikil&apos;, ip: &apos;192.168.254.4&apos;, os.name: &apos;Windows 8.1&apos;, os.arch: &apos;amd64&apos;, os.version: &apos;6.3&apos;, java.version: &apos;1.8.0_131&apos;
Driver info: org.openqa.selenium.chrome.ChromeDriver
Capabilities [{applicationCacheEnabled=false, rotatable=false, mobileEmulationEnabled=false, networkConnectionEnabled=false, chrome={chromedriverVersion=2.40.565498 (ea082db3280dd6843ebfb08a625e3eb905c4f5ab), userDataDir=C:\Users\NIKILK~1\AppData\Local\Temp\scoped_dir13332_9007}, takesHeapSnapshot=true, pageLoadStrategy=normal, databaseEnabled=false, handlesAlerts=true, hasTouchScreen=false, version=67.0.3396.99, platform=WIN8_1, browserConnectionEnabled=false, nativeEvents=true, acceptSslCerts=false, acceptInsecureCerts=false, locationContextEnabled=true, webStorageEnabled=true, browserName=chrome, takesScreenshot=true, javascriptEnabled=true, cssSelectorsEnabled=true, setWindowRect=true, unexpectedAlertBehaviour=}]
Session ID: 0310d83ee2a38065a6f344275d2497a3
Exception occured: org.openqa.selenium.TimeoutException: timeout
  (Session info: chrome=67.0.3396.99)
  (Driver info: chromedriver=2.40.565498 (ea082db3280dd6843ebfb08a625e3eb905c4f5ab),platform=Windows NT 6.3.9600 x86_64) (WARNING: The server did not provide any stacktrace information)
Command duration or timeout: 10.01 seconds
Build info: version: &apos;2.53.0&apos;, revision: &apos;35ae25b1534ae328c771e0856c93e187490ca824&apos;, time: &apos;2016-03-15 10:43:46&apos;
System info: host: &apos;Nikil&apos;, ip: &apos;192.168.254.4&apos;, os.name: &apos;Windows 8.1&apos;, os.arch: &apos;amd64&apos;, os.version: &apos;6.3&apos;, java.version: &apos;1.8.0_131&apos;
Driver info: org.openqa.selenium.chrome.ChromeDriver
Capabilities [{applicationCacheEnabled=false, rotatable=false, mobileEmulationEnabled=false, networkConnectionEnabled=false, chrome={chromedriverVersion=2.40.565498 (ea082db3280dd6843ebfb08a625e3eb905c4f5ab), userDataDir=C:\Users\NIKILK~1\AppData\Local\Temp\scoped_dir13332_9007}, takesHeapSnapshot=true, pageLoadStrategy=normal, databaseEnabled=false, handlesAlerts=true, hasTouchScreen=false, version=67.0.3396.99, platform=WIN8_1, browserConnectionEnabled=false, nativeEvents=true, acceptSslCerts=false, acceptInsecureCerts=false, locationContextEnabled=true, webStorageEnabled=true, browserName=chrome, takesScreenshot=true, javascriptEnabled=true, cssSelectorsEnabled=true, setWindowRect=true, unexpectedAlertBehaviour=}]
Session ID: 0310d83ee2a38065a6f344275d2497a3
Exception occured: org.openqa.selenium.TimeoutException: timeout
  (Session info: chrome=67.0.3396.99)
  (Driver info: chromedriver=2.40.565498 (ea082db3280dd6843ebfb08a625e3eb905c4f5ab),platform=Windows NT 6.3.9600 x86_64) (WARNING: The server did not provide any stacktrace information)
Command duration or timeout: 10.01 seconds
Build info: version: &apos;2.53.0&apos;, revision: &apos;35ae25b1534ae328c771e0856c93e187490ca824&apos;, time: &apos;2016-03-15 10:43:46&apos;
System info: host: &apos;Nikil&apos;, ip: &apos;192.168.254.4&apos;, os.name: &apos;Windows 8.1&apos;, os.arch: &apos;amd64&apos;, os.version: &apos;6.3&apos;, java.version: &apos;1.8.0_131&apos;
Driver info: org.openqa.selenium.chrome.ChromeDriver
Capabilities [{applicationCacheEnabled=false, rotatable=false, mobileEmulationEnabled=false, networkConnectionEnabled=false, chrome={chromedriverVersion=2.40.565498 (ea082db3280dd6843ebfb08a625e3eb905c4f5ab), userDataDir=C:\Users\NIKILK~1\AppData\Local\Temp\scoped_dir13332_9007}, takesHeapSnapshot=true, pageLoadStrategy=normal, databaseEnabled=false, handlesAlerts=true, hasTouchScreen=false, version=67.0.3396.99, platform=WIN8_1, browserConnectionEnabled=false, nativeEvents=true, acceptSslCerts=false, acceptInsecureCerts=false, locationContextEnabled=true, webStorageEnabled=true, browserName=chrome, takesScreenshot=true, javascriptEnabled=true, cssSelectorsEnabled=true, setWindowRect=true, unexpectedAlertBehaviour=}]
Session ID: 0310d83ee2a38065a6f344275d2497a3
Exception occured: org.openqa.selenium.TimeoutException: timeout
  (Session info: chrome=67.0.3396.99)
  (Driver info: chromedriver=2.40.565498 (ea082db3280dd6843ebfb08a625e3eb905c4f5ab),platform=Windows NT 6.3.9600 x86_64) (WARNING: The server did not provide any stacktrace information)
Command duration or timeout: 10.01 seconds
Build info: version: &apos;2.53.0&apos;, revision: &apos;35ae25b1534ae328c771e0856c93e187490ca824&apos;, time: &apos;2016-03-15 10:43:46&apos;
System info: host: &apos;Nikil&apos;, ip: &apos;192.168.254.4&apos;, os.name: &apos;Windows 8.1&apos;, os.arch: &apos;amd64&apos;, os.version: &apos;6.3&apos;, java.version: &apos;1.8.0_131&apos;
Driver info: org.openqa.selenium.chrome.ChromeDriver
Capabilities [{applicationCacheEnabled=false, rotatable=false, mobileEmulationEnabled=false, networkConnectionEnabled=false, chrome={chromedriverVersion=2.40.565498 (ea082db3280dd6843ebfb08a625e3eb905c4f5ab), userDataDir=C:\Users\NIKILK~1\AppData\Local\Temp\scoped_dir13332_9007}, takesHeapSnapshot=true, pageLoadStrategy=normal, databaseEnabled=false, handlesAlerts=true, hasTouchScreen=false, version=67.0.3396.99, platform=WIN8_1, browserConnectionEnabled=false, nativeEvents=true, acceptSslCerts=false, acceptInsecureCerts=false, locationContextEnabled=true, webStorageEnabled=true, browserName=chrome, takesScreenshot=true, javascriptEnabled=true, cssSelectorsEnabled=true, setWindowRect=true, unexpectedAlertBehaviour=}]
Session ID: 0310d83ee2a38065a6f344275d2497a3
Exception occured: org.openqa.selenium.TimeoutException: timeout
  (Session info: chrome=67.0.3396.99)
  (Driver info: chromedriver=2.40.565498 (ea082db3280dd6843ebfb08a625e3eb905c4f5ab),platform=Windows NT 6.3.9600 x86_64) (WARNING: The server did not provide any stacktrace information)
Command duration or timeout: 10.02 seconds
Build info: version: &apos;2.53.0&apos;, revision: &apos;35ae25b1534ae328c771e0856c93e187490ca824&apos;, time: &apos;2016-03-15 10:43:46&apos;
System info: host: &apos;Nikil&apos;, ip: &apos;192.168.254.4&apos;, os.name: &apos;Windows 8.1&apos;, os.arch: &apos;amd64&apos;, os.version: &apos;6.3&apos;, java.version: &apos;1.8.0_131&apos;
Driver info: org.openqa.selenium.chrome.ChromeDriver
Capabilities [{applicationCacheEnabled=false, rotatable=false, mobileEmulationEnabled=false, networkConnectionEnabled=false, chrome={chromedriverVersion=2.40.565498 (ea082db3280dd6843ebfb08a625e3eb905c4f5ab), userDataDir=C:\Users\NIKILK~1\AppData\Local\Temp\scoped_dir13332_9007}, takesHeapSnapshot=true, pageLoadStrategy=normal, databaseEnabled=false, handlesAlerts=true, hasTouchScreen=false, version=67.0.3396.99, platform=WIN8_1, browserConnectionEnabled=false, nativeEvents=true, acceptSslCerts=false, acceptInsecureCerts=false, locationContextEnabled=true, webStorageEnabled=true, browserName=chrome, takesScreenshot=true, javascriptEnabled=true, cssSelectorsEnabled=true, setWindowRect=true, unexpectedAlertBehaviour=}]
Session ID: 0310d83ee2a38065a6f344275d2497a3
Exception occured: org.openqa.selenium.TimeoutException: timeout
  (Session info: chrome=67.0.3396.99)
  (Driver info: chromedriver=2.40.565498 (ea082db3280dd6843ebfb08a625e3eb905c4f5ab),platform=Windows NT 6.3.9600 x86_64) (WARNING: The server did not provide any stacktrace information)
Command duration or timeout: 10.01 seconds
Build info: version: &apos;2.53.0&apos;, revision: &apos;35ae25b1534ae328c771e0856c93e187490ca824&apos;, time: &apos;2016-03-15 10:43:46&apos;
System info: host: &apos;Nikil&apos;, ip: &apos;192.168.254.4&apos;, os.name: &apos;Windows 8.1&apos;, os.arch: &apos;amd64&apos;, os.version: &apos;6.3&apos;, java.version: &apos;1.8.0_131&apos;
Driver info: org.openqa.selenium.chrome.ChromeDriver
Capabilities [{applicationCacheEnabled=false, rotatable=false, mobileEmulationEnabled=false, networkConnectionEnabled=false, chrome={chromedriverVersion=2.40.565498 (ea082db3280dd6843ebfb08a625e3eb905c4f5ab), userDataDir=C:\Users\NIKILK~1\AppData\Local\Temp\scoped_dir13332_9007}, takesHeapSnapshot=true, pageLoadStrategy=normal, databaseEnabled=false, handlesAlerts=true, hasTouchScreen=false, version=67.0.3396.99, platform=WIN8_1, browserConnectionEnabled=false, nativeEvents=true, acceptSslCerts=false, acceptInsecureCerts=false, locationContextEnabled=true, webStorageEnabled=true, browserName=chrome, takesScreenshot=true, javascriptEnabled=true, cssSelectorsEnabled=true, setWindowRect=true, unexpectedAlertBehaviour=}]
Session ID: 0310d83ee2a38065a6f344275d2497a3
Exception occured: org.openqa.selenium.TimeoutException: timeout
  (Session info: chrome=67.0.3396.99)
  (Driver info: chromedriver=2.40.565498 (ea082db3280dd6843ebfb08a625e3eb905c4f5ab),platform=Windows NT 6.3.9600 x86_64) (WARNING: The server did not provide any stacktrace information)
Command duration or timeout: 10.02 seconds
Build info: version: &apos;2.53.0&apos;, revision: &apos;35ae25b1534ae328c771e0856c93e187490ca824&apos;, time: &apos;2016-03-15 10:43:46&apos;
System info: host: &apos;Nikil&apos;, ip: &apos;192.168.254.4&apos;, os.name: &apos;Windows 8.1&apos;, os.arch: &apos;amd64&apos;, os.version: &apos;6.3&apos;, java.version: &apos;1.8.0_131&apos;
Driver info: org.openqa.selenium.chrome.ChromeDriver
Capabilities [{applicationCacheEnabled=false, rotatable=false, mobileEmulationEnabled=false, networkConnectionEnabled=false, chrome={chromedriverVersion=2.40.565498 (ea082db3280dd6843ebfb08a625e3eb905c4f5ab), userDataDir=C:\Users\NIKILK~1\AppData\Local\Temp\scoped_dir13332_9007}, takesHeapSnapshot=true, pageLoadStrategy=normal, databaseEnabled=false, handlesAlerts=true, hasTouchScreen=false, version=67.0.3396.99, platform=WIN8_1, browserConnectionEnabled=false, nativeEvents=true, acceptSslCerts=false, acceptInsecureCerts=false, locationContextEnabled=true, webStorageEnabled=true, browserName=chrome, takesScreenshot=true, javascriptEnabled=true, cssSelectorsEnabled=true, setWindowRect=true, unexpectedAlertBehaviour=}]
Session ID: 0310d83ee2a38065a6f344275d2497a3
Exception occured: org.openqa.selenium.TimeoutException: timeout
  (Session info: chrome=67.0.3396.99)
  (Driver info: chromedriver=2.40.565498 (ea082db3280dd6843ebfb08a625e3eb905c4f5ab),platform=Windows NT 6.3.9600 x86_64) (WARNING: The server did not provide any stacktrace information)
Command duration or timeout: 10.01 seconds
Build info: version: &apos;2.53.0&apos;, revision: &apos;35ae25b1534ae328c771e0856c93e187490ca824&apos;, time: &apos;2016-03-15 10:43:46&apos;
System info: host: &apos;Nikil&apos;, ip: &apos;192.168.254.4&apos;, os.name: &apos;Windows 8.1&apos;, os.arch: &apos;amd64&apos;, os.version: &apos;6.3&apos;, java.version: &apos;1.8.0_131&apos;
Driver info: org.openqa.selenium.chrome.ChromeDriver
Capabilities [{applicationCacheEnabled=false, rotatable=false, mobileEmulationEnabled=false, networkConnectionEnabled=false, chrome={chromedriverVersion=2.40.565498 (ea082db3280dd6843ebfb08a625e3eb905c4f5ab), userDataDir=C:\Users\NIKILK~1\AppData\Local\Temp\scoped_dir13332_9007}, takesHeapSnapshot=true, pageLoadStrategy=normal, databaseEnabled=false, handlesAlerts=true, hasTouchScreen=false, version=67.0.3396.99, platform=WIN8_1, browserConnectionEnabled=false, nativeEvents=true, acceptSslCerts=false, acceptInsecureCerts=false, locationContextEnabled=true, webStorageEnabled=true, browserName=chrome, takesScreenshot=true, javascriptEnabled=true, cssSelectorsEnabled=true, setWindowRect=true, unexpectedAlertBehaviour=}]
Session ID: 0310d83ee2a38065a6f344275d2497a3
Exception occured: org.openqa.selenium.TimeoutException: timeout
  (Session info: chrome=67.0.3396.99)
  (Driver info: chromedriver=2.40.565498 (ea082db3280dd6843ebfb08a625e3eb905c4f5ab),platform=Windows NT 6.3.9600 x86_64) (WARNING: The server did not provide any stacktrace information)
Command duration or timeout: 10.01 seconds
Build info: version: &apos;2.53.0&apos;, revision: &apos;35ae25b1534ae328c771e0856c93e187490ca824&apos;, time: &apos;2016-03-15 10:43:46&apos;
System info: host: &apos;Nikil&apos;, ip: &apos;192.168.254.4&apos;, os.name: &apos;Windows 8.1&apos;, os.arch: &apos;amd64&apos;, os.version: &apos;6.3&apos;, java.version: &apos;1.8.0_131&apos;
Driver info: org.openqa.selenium.chrome.ChromeDriver
Capabilities [{applicationCacheEnabled=false, rotatable=false, mobileEmulationEnabled=false, networkConnectionEnabled=false, chrome={chromedriverVersion=2.40.565498 (ea082db3280dd6843ebfb08a625e3eb905c4f5ab), userDataDir=C:\Users\NIKILK~1\AppData\Local\Temp\scoped_dir13332_9007}, takesHeapSnapshot=true, pageLoadStrategy=normal, databaseEnabled=false, handlesAlerts=true, hasTouchScreen=false, version=67.0.3396.99, platform=WIN8_1, browserConnectionEnabled=false, nativeEvents=true, acceptSslCerts=false, acceptInsecureCerts=false, locationContextEnabled=true, webStorageEnabled=true, browserName=chrome, takesScreenshot=true, javascriptEnabled=true, cssSelectorsEnabled=true, setWindowRect=true, unexpectedAlertBehaviour=}]
Session ID: 0310d83ee2a38065a6f344275d2497a3
Exception occured: org.openqa.selenium.TimeoutException: timeout
  (Session info: chrome=67.0.3396.99)
  (Driver info: chromedriver=2.40.565498 (ea082db3280dd6843ebfb08a625e3eb905c4f5ab),platform=Windows NT 6.3.9600 x86_64) (WARNING: The server did not provide any stacktrace information)
Command duration or timeout: 10.01 seconds
Build info: version: &apos;2.53.0&apos;, revision: &apos;35ae25b1534ae328c771e0856c93e187490ca824&apos;, time: &apos;2016-03-15 10:43:46&apos;
System info: host: &apos;Nikil&apos;, ip: &apos;192.168.254.4&apos;, os.name: &apos;Windows 8.1&apos;, os.arch: &apos;amd64&apos;, os.version: &apos;6.3&apos;, java.version: &apos;1.8.0_131&apos;
Driver info: org.openqa.selenium.chrome.ChromeDriver
Capabilities [{applicationCacheEnabled=false, rotatable=false, mobileEmulationEnabled=false, networkConnectionEnabled=false, chrome={chromedriverVersion=2.40.565498 (ea082db3280dd6843ebfb08a625e3eb905c4f5ab), userDataDir=C:\Users\NIKILK~1\AppData\Local\Temp\scoped_dir13332_9007}, takesHeapSnapshot=true, pageLoadStrategy=normal, databaseEnabled=false, handlesAlerts=true, hasTouchScreen=false, version=67.0.3396.99, platform=WIN8_1, browserConnectionEnabled=false, nativeEvents=true, acceptSslCerts=false, acceptInsecureCerts=false, locationContextEnabled=true, webStorageEnabled=true, browserName=chrome, takesScreenshot=true, javascriptEnabled=true, cssSelectorsEnabled=true, setWindowRect=true, unexpectedAlertBehaviour=}]
Session ID: 0310d83ee2a38065a6f344275d2497a3
Exception occured: org.openqa.selenium.TimeoutException: timeout
  (Session info: chrome=67.0.3396.99)
  (Driver info: chromedriver=2.40.565498 (ea082db3280dd6843ebfb08a625e3eb905c4f5ab),platform=Windows NT 6.3.9600 x86_64) (WARNING: The server did not provide any stacktrace information)
Command duration or timeout: 10.01 seconds
Build info: version: &apos;2.53.0&apos;, revision: &apos;35ae25b1534ae328c771e0856c93e187490ca824&apos;, time: &apos;2016-03-15 10:43:46&apos;
System info: host: &apos;Nikil&apos;, ip: &apos;192.168.254.4&apos;, os.name: &apos;Windows 8.1&apos;, os.arch: &apos;amd64&apos;, os.version: &apos;6.3&apos;, java.version: &apos;1.8.0_131&apos;
Driver info: org.openqa.selenium.chrome.ChromeDriver
Capabilities [{applicationCacheEnabled=false, rotatable=false, mobileEmulationEnabled=false, networkConnectionEnabled=false, chrome={chromedriverVersion=2.40.565498 (ea082db3280dd6843ebfb08a625e3eb905c4f5ab), userDataDir=C:\Users\NIKILK~1\AppData\Local\Temp\scoped_dir13332_9007}, takesHeapSnapshot=true, pageLoadStrategy=normal, databaseEnabled=false, handlesAlerts=true, hasTouchScreen=false, version=67.0.3396.99, platform=WIN8_1, browserConnectionEnabled=false, nativeEvents=true, acceptSslCerts=false, acceptInsecureCerts=false, locationContextEnabled=true, webStorageEnabled=true, browserName=chrome, takesScreenshot=true, javascriptEnabled=true, cssSelectorsEnabled=true, setWindowRect=true, unexpectedAlertBehaviour=}]
Session ID: 0310d83ee2a38065a6f344275d2497a3
Exception occured: org.openqa.selenium.TimeoutException: timeout
  (Session info: chrome=67.0.3396.99)
  (Driver info: chromedriver=2.40.565498 (ea082db3280dd6843ebfb08a625e3eb905c4f5ab),platform=Windows NT 6.3.9600 x86_64) (WARNING: The server did not provide any stacktrace information)
Command duration or timeout: 10.01 seconds
Build info: version: &apos;2.53.0&apos;, revision: &apos;35ae25b1534ae328c771e0856c93e187490ca824&apos;, time: &apos;2016-03-15 10:43:46&apos;
System info: host: &apos;Nikil&apos;, ip: &apos;192.168.254.4&apos;, os.name: &apos;Windows 8.1&apos;, os.arch: &apos;amd64&apos;, os.version: &apos;6.3&apos;, java.version: &apos;1.8.0_131&apos;
Driver info: org.openqa.selenium.chrome.ChromeDriver
Capabilities [{applicationCacheEnabled=false, rotatable=false, mobileEmulationEnabled=false, networkConnectionEnabled=false, chrome={chromedriverVersion=2.40.565498 (ea082db3280dd6843ebfb08a625e3eb905c4f5ab), userDataDir=C:\Users\NIKILK~1\AppData\Local\Temp\scoped_dir13332_9007}, takesHeapSnapshot=true, pageLoadStrategy=normal, databaseEnabled=false, handlesAlerts=true, hasTouchScreen=false, version=67.0.3396.99, platform=WIN8_1, browserConnectionEnabled=false, nativeEvents=true, acceptSslCerts=false, acceptInsecureCerts=false, locationContextEnabled=true, webStorageEnabled=true, browserName=chrome, takesScreenshot=true, javascriptEnabled=true, cssSelectorsEnabled=true, setWindowRect=true, unexpectedAlertBehaviour=}]
Session ID: 0310d83ee2a38065a6f344275d2497a3
Exception occured: org.openqa.selenium.TimeoutException: timeout
  (Session info: chrome=67.0.3396.99)
  (Driver info: chromedriver=2.40.565498 (ea082db3280dd6843ebfb08a625e3eb905c4f5ab),platform=Windows NT 6.3.9600 x86_64) (WARNING: The server did not provide any stacktrace information)
Command duration or timeout: 10.01 seconds
Build info: version: &apos;2.53.0&apos;, revision: &apos;35ae25b1534ae328c771e0856c93e187490ca824&apos;, time: &apos;2016-03-15 10:43:46&apos;
System info: host: &apos;Nikil&apos;, ip: &apos;192.168.254.4&apos;, os.name: &apos;Windows 8.1&apos;, os.arch: &apos;amd64&apos;, os.version: &apos;6.3&apos;, java.version: &apos;1.8.0_131&apos;
Driver info: org.openqa.selenium.chrome.ChromeDriver
Capabilities [{applicationCacheEnabled=false, rotatable=false, mobileEmulationEnabled=false, networkConnectionEnabled=false, chrome={chromedriverVersion=2.40.565498 (ea082db3280dd6843ebfb08a625e3eb905c4f5ab), userDataDir=C:\Users\NIKILK~1\AppData\Local\Temp\scoped_dir13332_9007}, takesHeapSnapshot=true, pageLoadStrategy=normal, databaseEnabled=false, handlesAlerts=true, hasTouchScreen=false, version=67.0.3396.99, platform=WIN8_1, browserConnectionEnabled=false, nativeEvents=true, acceptSslCerts=false, acceptInsecureCerts=false, locationContextEnabled=true, webStorageEnabled=true, browserName=chrome, takesScreenshot=true, javascriptEnabled=true, cssSelectorsEnabled=true, setWindowRect=true, unexpectedAlertBehaviour=}]
Session ID: 0310d83ee2a38065a6f344275d2497a3
Exception occured: org.openqa.selenium.TimeoutException: timeout
  (Session info: chrome=67.0.3396.99)
  (Driver info: chromedriver=2.40.565498 (ea082db3280dd6843ebfb08a625e3eb905c4f5ab),platform=Windows NT 6.3.9600 x86_64) (WARNING: The server did not provide any stacktrace information)
Command duration or timeout: 10.01 seconds
Build info: version: &apos;2.53.0&apos;, revision: &apos;35ae25b1534ae328c771e0856c93e187490ca824&apos;, time: &apos;2016-03-15 10:43:46&apos;
System info: host: &apos;Nikil&apos;, ip: &apos;192.168.254.4&apos;, os.name: &apos;Windows 8.1&apos;, os.arch: &apos;amd64&apos;, os.version: &apos;6.3&apos;, java.version: &apos;1.8.0_131&apos;
Driver info: org.openqa.selenium.chrome.ChromeDriver
Capabilities [{applicationCacheEnabled=false, rotatable=false, mobileEmulationEnabled=false, networkConnectionEnabled=false, chrome={chromedriverVersion=2.40.565498 (ea082db3280dd6843ebfb08a625e3eb905c4f5ab), userDataDir=C:\Users\NIKILK~1\AppData\Local\Temp\scoped_dir13332_9007}, takesHeapSnapshot=true, pageLoadStrategy=normal, databaseEnabled=false, handlesAlerts=true, hasTouchScreen=false, version=67.0.3396.99, platform=WIN8_1, browserConnectionEnabled=false, nativeEvents=true, acceptSslCerts=false, acceptInsecureCerts=false, locationContextEnabled=true, webStorageEnabled=true, browserName=chrome, takesScreenshot=true, javascriptEnabled=true, cssSelectorsEnabled=true, setWindowRect=true, unexpectedAlertBehaviour=}]
Session ID: 0310d83ee2a38065a6f344275d2497a3
Exception occured: org.openqa.selenium.TimeoutException: timeout
  (Session info: chrome=67.0.3396.99)
  (Driver info: chromedriver=2.40.565498 (ea082db3280dd6843ebfb08a625e3eb905c4f5ab),platform=Windows NT 6.3.9600 x86_64) (WARNING: The server did not provide any stacktrace information)
Command duration or timeout: 10.01 seconds
Build info: version: &apos;2.53.0&apos;, revision: &apos;35ae25b1534ae328c771e0856c93e187490ca824&apos;, time: &apos;2016-03-15 10:43:46&apos;
System info: host: &apos;Nikil&apos;, ip: &apos;192.168.254.4&apos;, os.name: &apos;Windows 8.1&apos;, os.arch: &apos;amd64&apos;, os.version: &apos;6.3&apos;, java.version: &apos;1.8.0_131&apos;
Driver info: org.openqa.selenium.chrome.ChromeDriver
Capabilities [{applicationCacheEnabled=false, rotatable=false, mobileEmulationEnabled=false, networkConnectionEnabled=false, chrome={chromedriverVersion=2.40.565498 (ea082db3280dd6843ebfb08a625e3eb905c4f5ab), userDataDir=C:\Users\NIKILK~1\AppData\Local\Temp\scoped_dir13332_9007}, takesHeapSnapshot=true, pageLoadStrategy=normal, databaseEnabled=false, handlesAlerts=true, hasTouchScreen=false, version=67.0.3396.99, platform=WIN8_1, browserConnectionEnabled=false, nativeEvents=true, acceptSslCerts=false, acceptInsecureCerts=false, locationContextEnabled=true, webStorageEnabled=true, browserName=chrome, takesScreenshot=true, javascriptEnabled=true, cssSelectorsEnabled=true, setWindowRect=true, unexpectedAlertBehaviour=}]
Session ID: 0310d83ee2a38065a6f344275d2497a3
Exception occured: org.openqa.selenium.TimeoutException: timeout
  (Session info: chrome=67.0.3396.99)
  (Driver info: chromedriver=2.40.565498 (ea082db3280dd6843ebfb08a625e3eb905c4f5ab),platform=Windows NT 6.3.9600 x86_64) (WARNING: The server did not provide any stacktrace information)
Command duration or timeout: 10.01 seconds
Build info: version: &apos;2.53.0&apos;, revision: &apos;35ae25b1534ae328c771e0856c93e187490ca824&apos;, time: &apos;2016-03-15 10:43:46&apos;
System info: host: &apos;Nikil&apos;, ip: &apos;192.168.254.4&apos;, os.name: &apos;Windows 8.1&apos;, os.arch: &apos;amd64&apos;, os.version: &apos;6.3&apos;, java.version: &apos;1.8.0_131&apos;
Driver info: org.openqa.selenium.chrome.ChromeDriver
Capabilities [{applicationCacheEnabled=false, rotatable=false, mobileEmulationEnabled=false, networkConnectionEnabled=false, chrome={chromedriverVersion=2.40.565498 (ea082db3280dd6843ebfb08a625e3eb905c4f5ab), userDataDir=C:\Users\NIKILK~1\AppData\Local\Temp\scoped_dir13332_9007}, takesHeapSnapshot=true, pageLoadStrategy=normal, databaseEnabled=false, handlesAlerts=true, hasTouchScreen=false, version=67.0.3396.99, platform=WIN8_1, browserConnectionEnabled=false, nativeEvents=true, acceptSslCerts=false, acceptInsecureCerts=false, locationContextEnabled=true, webStorageEnabled=true, browserName=chrome, takesScreenshot=true, javascriptEnabled=true, cssSelectorsEnabled=true, setWindowRect=true, unexpectedAlertBehaviour=}]
Session ID: 0310d83ee2a38065a6f344275d2497a3
Exception occured: org.openqa.selenium.TimeoutException: timeout
  (Session info: chrome=67.0.3396.99)
  (Driver info: chromedriver=2.40.565498 (ea082db3280dd6843ebfb08a625e3eb905c4f5ab),platform=Windows NT 6.3.9600 x86_64) (WARNING: The server did not provide any stacktrace information)
Command duration or timeout: 10.01 seconds
Build info: version: &apos;2.53.0&apos;, revision: &apos;35ae25b1534ae328c771e0856c93e187490ca824&apos;, time: &apos;2016-03-15 10:43:46&apos;
System info: host: &apos;Nikil&apos;, ip: &apos;192.168.254.4&apos;, os.name: &apos;Windows 8.1&apos;, os.arch: &apos;amd64&apos;, os.version: &apos;6.3&apos;, java.version: &apos;1.8.0_131&apos;
Driver info: org.openqa.selenium.chrome.ChromeDriver
Capabilities [{applicationCacheEnabled=false, rotatable=false, mobileEmulationEnabled=false, networkConnectionEnabled=false, chrome={chromedriverVersion=2.40.565498 (ea082db3280dd6843ebfb08a625e3eb905c4f5ab), userDataDir=C:\Users\NIKILK~1\AppData\Local\Temp\scoped_dir13332_9007}, takesHeapSnapshot=true, pageLoadStrategy=normal, databaseEnabled=false, handlesAlerts=true, hasTouchScreen=false, version=67.0.3396.99, platform=WIN8_1, browserConnectionEnabled=false, nativeEvents=true, acceptSslCerts=false, acceptInsecureCerts=false, locationContextEnabled=true, webStorageEnabled=true, browserName=chrome, takesScreenshot=true, javascriptEnabled=true, cssSelectorsEnabled=true, setWindowRect=true, unexpectedAlertBehaviour=}]
Session ID: 0310d83ee2a38065a6f344275d2497a3
Exception occured: org.openqa.selenium.TimeoutException: timeout
  (Session info: chrome=67.0.3396.99)
  (Driver info: chromedriver=2.40.565498 (ea082db3280dd6843ebfb08a625e3eb905c4f5ab),platform=Windows NT 6.3.9600 x86_64) (WARNING: The server did not provide any stacktrace information)
Command duration or timeout: 10.01 seconds
Build info: version: &apos;2.53.0&apos;, revision: &apos;35ae25b1534ae328c771e0856c93e187490ca824&apos;, time: &apos;2016-03-15 10:43:46&apos;
System info: host: &apos;Nikil&apos;, ip: &apos;192.168.254.4&apos;, os.name: &apos;Windows 8.1&apos;, os.arch: &apos;amd64&apos;, os.version: &apos;6.3&apos;, java.version: &apos;1.8.0_131&apos;
Driver info: org.openqa.selenium.chrome.ChromeDriver
Capabilities [{applicationCacheEnabled=false, rotatable=false, mobileEmulationEnabled=false, networkConnectionEnabled=false, chrome={chromedriverVersion=2.40.565498 (ea082db3280dd6843ebfb08a625e3eb905c4f5ab), userDataDir=C:\Users\NIKILK~1\AppData\Local\Temp\scoped_dir13332_9007}, takesHeapSnapshot=true, pageLoadStrategy=normal, databaseEnabled=false, handlesAlerts=true, hasTouchScreen=false, version=67.0.3396.99, platform=WIN8_1, browserConnectionEnabled=false, nativeEvents=true, acceptSslCerts=false, acceptInsecureCerts=false, locationContextEnabled=true, webStorageEnabled=true, browserName=chrome, takesScreenshot=true, javascriptEnabled=true, cssSelectorsEnabled=true, setWindowRect=true, unexpectedAlertBehaviour=}]
Session ID: 0310d83ee2a38065a6f344275d2497a3
Exception occured: org.openqa.selenium.TimeoutException: timeout
  (Session info: chrome=67.0.3396.99)
  (Driver info: chromedriver=2.40.565498 (ea082db3280dd6843ebfb08a625e3eb905c4f5ab),platform=Windows NT 6.3.9600 x86_64) (WARNING: The server did not provide any stacktrace information)
Command duration or timeout: 10.01 seconds
Build info: version: &apos;2.53.0&apos;, revision: &apos;35ae25b1534ae328c771e0856c93e187490ca824&apos;, time: &apos;2016-03-15 10:43:46&apos;
System info: host: &apos;Nikil&apos;, ip: &apos;192.168.254.4&apos;, os.name: &apos;Windows 8.1&apos;, os.arch: &apos;amd64&apos;, os.version: &apos;6.3&apos;, java.version: &apos;1.8.0_131&apos;
Driver info: org.openqa.selenium.chrome.ChromeDriver
Capabilities [{applicationCacheEnabled=false, rotatable=false, mobileEmulationEnabled=false, networkConnectionEnabled=false, chrome={chromedriverVersion=2.40.565498 (ea082db3280dd6843ebfb08a625e3eb905c4f5ab), userDataDir=C:\Users\NIKILK~1\AppData\Local\Temp\scoped_dir13332_9007}, takesHeapSnapshot=true, pageLoadStrategy=normal, databaseEnabled=false, handlesAlerts=true, hasTouchScreen=false, version=67.0.3396.99, platform=WIN8_1, browserConnectionEnabled=false, nativeEvents=true, acceptSslCerts=false, acceptInsecureCerts=false, locationContextEnabled=true, webStorageEnabled=true, browserName=chrome, takesScreenshot=true, javascriptEnabled=true, cssSelectorsEnabled=true, setWindowRect=true, unexpectedAlertBehaviour=}]
Session ID: 0310d83ee2a38065a6f344275d2497a3
Exception occured: org.openqa.selenium.TimeoutException: timeout
  (Session info: chrome=67.0.3396.99)
  (Driver info: chromedriver=2.40.565498 (ea082db3280dd6843ebfb08a625e3eb905c4f5ab),platform=Windows NT 6.3.9600 x86_64) (WARNING: The server did not provide any stacktrace information)
Command duration or timeout: 10.01 seconds
Build info: version: &apos;2.53.0&apos;, revision: &apos;35ae25b1534ae328c771e0856c93e187490ca824&apos;, time: &apos;2016-03-15 10:43:46&apos;
System info: host: &apos;Nikil&apos;, ip: &apos;192.168.254.4&apos;, os.name: &apos;Windows 8.1&apos;, os.arch: &apos;amd64&apos;, os.version: &apos;6.3&apos;, java.version: &apos;1.8.0_131&apos;
Driver info: org.openqa.selenium.chrome.ChromeDriver
Capabilities [{applicationCacheEnabled=false, rotatable=false, mobileEmulationEnabled=false, networkConnectionEnabled=false, chrome={chromedriverVersion=2.40.565498 (ea082db3280dd6843ebfb08a625e3eb905c4f5ab), userDataDir=C:\Users\NIKILK~1\AppData\Local\Temp\scoped_dir13332_9007}, takesHeapSnapshot=true, pageLoadStrategy=normal, databaseEnabled=false, handlesAlerts=true, hasTouchScreen=false, version=67.0.3396.99, platform=WIN8_1, browserConnectionEnabled=false, nativeEvents=true, acceptSslCerts=false, acceptInsecureCerts=false, locationContextEnabled=true, webStorageEnabled=true, browserName=chrome, takesScreenshot=true, javascriptEnabled=true, cssSelectorsEnabled=true, setWindowRect=true, unexpectedAlertBehaviour=}]
Session ID: 0310d83ee2a38065a6f344275d2497a3
Exception occured: org.openqa.selenium.TimeoutException: timeout
  (Session info: chrome=67.0.3396.99)
  (Driver info: chromedriver=2.40.565498 (ea082db3280dd6843ebfb08a625e3eb905c4f5ab),platform=Windows NT 6.3.9600 x86_64) (WARNING: The server did not provide any stacktrace information)
Command duration or timeout: 10.01 seconds
Build info: version: &apos;2.53.0&apos;, revision: &apos;35ae25b1534ae328c771e0856c93e187490ca824&apos;, time: &apos;2016-03-15 10:43:46&apos;
System info: host: &apos;Nikil&apos;, ip: &apos;192.168.254.4&apos;, os.name: &apos;Windows 8.1&apos;, os.arch: &apos;amd64&apos;, os.version: &apos;6.3&apos;, java.version: &apos;1.8.0_131&apos;
Driver info: org.openqa.selenium.chrome.ChromeDriver
Capabilities [{applicationCacheEnabled=false, rotatable=false, mobileEmulationEnabled=false, networkConnectionEnabled=false, chrome={chromedriverVersion=2.40.565498 (ea082db3280dd6843ebfb08a625e3eb905c4f5ab), userDataDir=C:\Users\NIKILK~1\AppData\Local\Temp\scoped_dir13332_9007}, takesHeapSnapshot=true, pageLoadStrategy=normal, databaseEnabled=false, handlesAlerts=true, hasTouchScreen=false, version=67.0.3396.99, platform=WIN8_1, browserConnectionEnabled=false, nativeEvents=true, acceptSslCerts=false, acceptInsecureCerts=false, locationContextEnabled=true, webStorageEnabled=true, browserName=chrome, takesScreenshot=true, javascriptEnabled=true, cssSelectorsEnabled=true, setWindowRect=true, unexpectedAlertBehaviour=}]
Session ID: 0310d83ee2a38065a6f344275d2497a3
Exception occured: org.openqa.selenium.TimeoutException: timeout
  (Session info: chrome=67.0.3396.99)
  (Driver info: chromedriver=2.40.565498 (ea082db3280dd6843ebfb08a625e3eb905c4f5ab),platform=Windows NT 6.3.9600 x86_64) (WARNING: The server did not provide any stacktrace information)
Command duration or timeout: 10.01 seconds
Build info: version: &apos;2.53.0&apos;, revision: &apos;35ae25b1534ae328c771e0856c93e187490ca824&apos;, time: &apos;2016-03-15 10:43:46&apos;
System info: host: &apos;Nikil&apos;, ip: &apos;192.168.254.4&apos;, os.name: &apos;Windows 8.1&apos;, os.arch: &apos;amd64&apos;, os.version: &apos;6.3&apos;, java.version: &apos;1.8.0_131&apos;
Driver info: org.openqa.selenium.chrome.ChromeDriver
Capabilities [{applicationCacheEnabled=false, rotatable=false, mobileEmulationEnabled=false, networkConnectionEnabled=false, chrome={chromedriverVersion=2.40.565498 (ea082db3280dd6843ebfb08a625e3eb905c4f5ab), userDataDir=C:\Users\NIKILK~1\AppData\Local\Temp\scoped_dir13332_9007}, takesHeapSnapshot=true, pageLoadStrategy=normal, databaseEnabled=false, handlesAlerts=true, hasTouchScreen=false, version=67.0.3396.99, platform=WIN8_1, browserConnectionEnabled=false, nativeEvents=true, acceptSslCerts=false, acceptInsecureCerts=false, locationContextEnabled=true, webStorageEnabled=true, browserName=chrome, takesScreenshot=true, javascriptEnabled=true, cssSelectorsEnabled=true, setWindowRect=true, unexpectedAlertBehaviour=}]
Session ID: 0310d83ee2a38065a6f344275d2497a3
Exception occured: org.openqa.selenium.TimeoutException: timeout
  (Session info: chrome=67.0.3396.99)
  (Driver info: chromedriver=2.40.565498 (ea082db3280dd6843ebfb08a625e3eb905c4f5ab),platform=Windows NT 6.3.9600 x86_64) (WARNING: The server did not provide any stacktrace information)
Command duration or timeout: 10.01 seconds
Build info: version: &apos;2.53.0&apos;, revision: &apos;35ae25b1534ae328c771e0856c93e187490ca824&apos;, time: &apos;2016-03-15 10:43:46&apos;
System info: host: &apos;Nikil&apos;, ip: &apos;192.168.254.4&apos;, os.name: &apos;Windows 8.1&apos;, os.arch: &apos;amd64&apos;, os.version: &apos;6.3&apos;, java.version: &apos;1.8.0_131&apos;
Driver info: org.openqa.selenium.chrome.ChromeDriver
Capabilities [{applicationCacheEnabled=false, rotatable=false, mobileEmulationEnabled=false, networkConnectionEnabled=false, chrome={chromedriverVersion=2.40.565498 (ea082db3280dd6843ebfb08a625e3eb905c4f5ab), userDataDir=C:\Users\NIKILK~1\AppData\Local\Temp\scoped_dir13332_9007}, takesHeapSnapshot=true, pageLoadStrategy=normal, databaseEnabled=false, handlesAlerts=true, hasTouchScreen=false, version=67.0.3396.99, platform=WIN8_1, browserConnectionEnabled=false, nativeEvents=true, acceptSslCerts=false, acceptInsecureCerts=false, locationContextEnabled=true, webStorageEnabled=true, browserName=chrome, takesScreenshot=true, javascriptEnabled=true, cssSelectorsEnabled=true, setWindowRect=true, unexpectedAlertBehaviour=}]
Session ID: 0310d83ee2a38065a6f344275d2497a3
Exception occured: org.openqa.selenium.TimeoutException: timeout
  (Session info: chrome=67.0.3396.99)
  (Driver info: chromedriver=2.40.565498 (ea082db3280dd6843ebfb08a625e3eb905c4f5ab),platform=Windows NT 6.3.9600 x86_64) (WARNING: The server did not provide any stacktrace information)
Command duration or timeout: 10.01 seconds
Build info: version: &apos;2.53.0&apos;, revision: &apos;35ae25b1534ae328c771e0856c93e187490ca824&apos;, time: &apos;2016-03-15 10:43:46&apos;
System info: host: &apos;Nikil&apos;, ip: &apos;192.168.254.4&apos;, os.name: &apos;Windows 8.1&apos;, os.arch: &apos;amd64&apos;, os.version: &apos;6.3&apos;, java.version: &apos;1.8.0_131&apos;
Driver info: org.openqa.selenium.chrome.ChromeDriver
Capabilities [{applicationCacheEnabled=false, rotatable=false, mobileEmulationEnabled=false, networkConnectionEnabled=false, chrome={chromedriverVersion=2.40.565498 (ea082db3280dd6843ebfb08a625e3eb905c4f5ab), userDataDir=C:\Users\NIKILK~1\AppData\Local\Temp\scoped_dir13332_9007}, takesHeapSnapshot=true, pageLoadStrategy=normal, databaseEnabled=false, handlesAlerts=true, hasTouchScreen=false, version=67.0.3396.99, platform=WIN8_1, browserConnectionEnabled=false, nativeEvents=true, acceptSslCerts=false, acceptInsecureCerts=false, locationContextEnabled=true, webStorageEnabled=true, browserName=chrome, takesScreenshot=true, javascriptEnabled=true, cssSelectorsEnabled=true, setWindowRect=true, unexpectedAlertBehaviour=}]
Session ID: 0310d83ee2a38065a6f344275d2497a3
Exception occured: org.openqa.selenium.TimeoutException: timeout
  (Session info: chrome=67.0.3396.99)
  (Driver info: chromedriver=2.40.565498 (ea082db3280dd6843ebfb08a625e3eb905c4f5ab),platform=Windows NT 6.3.9600 x86_64) (WARNING: The server did not provide any stacktrace information)
Command duration or timeout: 10.01 seconds
Build info: version: &apos;2.53.0&apos;, revision: &apos;35ae25b1534ae328c771e0856c93e187490ca824&apos;, time: &apos;2016-03-15 10:43:46&apos;
System info: host: &apos;Nikil&apos;, ip: &apos;192.168.254.4&apos;, os.name: &apos;Windows 8.1&apos;, os.arch: &apos;amd64&apos;, os.version: &apos;6.3&apos;, java.version: &apos;1.8.0_131&apos;
Driver info: org.openqa.selenium.chrome.ChromeDriver
Capabilities [{applicationCacheEnabled=false, rotatable=false, mobileEmulationEnabled=false, networkConnectionEnabled=false, chrome={chromedriverVersion=2.40.565498 (ea082db3280dd6843ebfb08a625e3eb905c4f5ab), userDataDir=C:\Users\NIKILK~1\AppData\Local\Temp\scoped_dir13332_9007}, takesHeapSnapshot=true, pageLoadStrategy=normal, databaseEnabled=false, handlesAlerts=true, hasTouchScreen=false, version=67.0.3396.99, platform=WIN8_1, browserConnectionEnabled=false, nativeEvents=true, acceptSslCerts=false, acceptInsecureCerts=false, locationContextEnabled=true, webStorageEnabled=true, browserName=chrome, takesScreenshot=true, javascriptEnabled=true, cssSelectorsEnabled=true, setWindowRect=true, unexpectedAlertBehaviour=}]
Session ID: 0310d83ee2a38065a6f344275d2497a3
Exception occured: org.openqa.selenium.TimeoutException: timeout
  (Session info: chrome=67.0.3396.99)
  (Driver info: chromedriver=2.40.565498 (ea082db3280dd6843ebfb08a625e3eb905c4f5ab),platform=Windows NT 6.3.9600 x86_64) (WARNING: The server did not provide any stacktrace information)
Command duration or timeout: 10.01 seconds
Build info: version: &apos;2.53.0&apos;, revision: &apos;35ae25b1534ae328c771e0856c93e187490ca824&apos;, time: &apos;2016-03-15 10:43:46&apos;
System info: host: &apos;Nikil&apos;, ip: &apos;192.168.254.4&apos;, os.name: &apos;Windows 8.1&apos;, os.arch: &apos;amd64&apos;, os.version: &apos;6.3&apos;, java.version: &apos;1.8.0_131&apos;
Driver info: org.openqa.selenium.chrome.ChromeDriver
Capabilities [{applicationCacheEnabled=false, rotatable=false, mobileEmulationEnabled=false, networkConnectionEnabled=false, chrome={chromedriverVersion=2.40.565498 (ea082db3280dd6843ebfb08a625e3eb905c4f5ab), userDataDir=C:\Users\NIKILK~1\AppData\Local\Temp\scoped_dir13332_9007}, takesHeapSnapshot=true, pageLoadStrategy=normal, databaseEnabled=false, handlesAlerts=true, hasTouchScreen=false, version=67.0.3396.99, platform=WIN8_1, browserConnectionEnabled=false, nativeEvents=true, acceptSslCerts=false, acceptInsecureCerts=false, locationContextEnabled=true, webStorageEnabled=true, browserName=chrome, takesScreenshot=true, javascriptEnabled=true, cssSelectorsEnabled=true, setWindowRect=true, unexpectedAlertBehaviour=}]
Session ID: 0310d83ee2a38065a6f344275d2497a3
Exception occured: org.openqa.selenium.TimeoutException: timeout
  (Session info: chrome=67.0.3396.99)
  (Driver info: chromedriver=2.40.565498 (ea082db3280dd6843ebfb08a625e3eb905c4f5ab),platform=Windows NT 6.3.9600 x86_64) (WARNING: The server did not provide any stacktrace information)
Command duration or timeout: 10.01 seconds
Build info: version: &apos;2.53.0&apos;, revision: &apos;35ae25b1534ae328c771e0856c93e187490ca824&apos;, time: &apos;2016-03-15 10:43:46&apos;
System info: host: &apos;Nikil&apos;, ip: &apos;192.168.254.4&apos;, os.name: &apos;Windows 8.1&apos;, os.arch: &apos;amd64&apos;, os.version: &apos;6.3&apos;, java.version: &apos;1.8.0_131&apos;
Driver info: org.openqa.selenium.chrome.ChromeDriver
Capabilities [{applicationCacheEnabled=false, rotatable=false, mobileEmulationEnabled=false, networkConnectionEnabled=false, chrome={chromedriverVersion=2.40.565498 (ea082db3280dd6843ebfb08a625e3eb905c4f5ab), userDataDir=C:\Users\NIKILK~1\AppData\Local\Temp\scoped_dir13332_9007}, takesHeapSnapshot=true, pageLoadStrategy=normal, databaseEnabled=false, handlesAlerts=true, hasTouchScreen=false, version=67.0.3396.99, platform=WIN8_1, browserConnectionEnabled=false, nativeEvents=true, acceptSslCerts=false, acceptInsecureCerts=false, locationContextEnabled=true, webStorageEnabled=true, browserName=chrome, takesScreenshot=true, javascriptEnabled=true, cssSelectorsEnabled=true, setWindowRect=true, unexpectedAlertBehaviour=}]
Session ID: 0310d83ee2a38065a6f344275d2497a3
Exception occured: org.openqa.selenium.TimeoutException: timeout
  (Session info: chrome=67.0.3396.99)
  (Driver info: chromedriver=2.40.565498 (ea082db3280dd6843ebfb08a625e3eb905c4f5ab),platform=Windows NT 6.3.9600 x86_64) (WARNING: The server did not provide any stacktrace information)
Command duration or timeout: 10.01 seconds
Build info: version: &apos;2.53.0&apos;, revision: &apos;35ae25b1534ae328c771e0856c93e187490ca824&apos;, time: &apos;2016-03-15 10:43:46&apos;
System info: host: &apos;Nikil&apos;, ip: &apos;192.168.254.4&apos;, os.name: &apos;Windows 8.1&apos;, os.arch: &apos;amd64&apos;, os.version: &apos;6.3&apos;, java.version: &apos;1.8.0_131&apos;
Driver info: org.openqa.selenium.chrome.ChromeDriver
Capabilities [{applicationCacheEnabled=false, rotatable=false, mobileEmulationEnabled=false, networkConnectionEnabled=false, chrome={chromedriverVersion=2.40.565498 (ea082db3280dd6843ebfb08a625e3eb905c4f5ab), userDataDir=C:\Users\NIKILK~1\AppData\Local\Temp\scoped_dir13332_9007}, takesHeapSnapshot=true, pageLoadStrategy=normal, databaseEnabled=false, handlesAlerts=true, hasTouchScreen=false, version=67.0.3396.99, platform=WIN8_1, browserConnectionEnabled=false, nativeEvents=true, acceptSslCerts=false, acceptInsecureCerts=false, locationContextEnabled=true, webStorageEnabled=true, browserName=chrome, takesScreenshot=true, javascriptEnabled=true, cssSelectorsEnabled=true, setWindowRect=true, unexpectedAlertBehaviour=}]
Session ID: 0310d83ee2a38065a6f344275d2497a3
Exception occured: org.openqa.selenium.TimeoutException: timeout
  (Session info: chrome=67.0.3396.99)
  (Driver info: chromedriver=2.40.565498 (ea082db3280dd6843ebfb08a625e3eb905c4f5ab),platform=Windows NT 6.3.9600 x86_64) (WARNING: The server did not provide any stacktrace information)
Command duration or timeout: 10.01 seconds
Build info: version: &apos;2.53.0&apos;, revision: &apos;35ae25b1534ae328c771e0856c93e187490ca824&apos;, time: &apos;2016-03-15 10:43:46&apos;
System info: host: &apos;Nikil&apos;, ip: &apos;192.168.254.4&apos;, os.name: &apos;Windows 8.1&apos;, os.arch: &apos;amd64&apos;, os.version: &apos;6.3&apos;, java.version: &apos;1.8.0_131&apos;
Driver info: org.openqa.selenium.chrome.ChromeDriver
Capabilities [{applicationCacheEnabled=false, rotatable=false, mobileEmulationEnabled=false, networkConnectionEnabled=false, chrome={chromedriverVersion=2.40.565498 (ea082db3280dd6843ebfb08a625e3eb905c4f5ab), userDataDir=C:\Users\NIKILK~1\AppData\Local\Temp\scoped_dir13332_9007}, takesHeapSnapshot=true, pageLoadStrategy=normal, databaseEnabled=false, handlesAlerts=true, hasTouchScreen=false, version=67.0.3396.99, platform=WIN8_1, browserConnectionEnabled=false, nativeEvents=true, acceptSslCerts=false, acceptInsecureCerts=false, locationContextEnabled=true, webStorageEnabled=true, browserName=chrome, takesScreenshot=true, javascriptEnabled=true, cssSelectorsEnabled=true, setWindowRect=true, unexpectedAlertBehaviour=}]
Session ID: 0310d83ee2a38065a6f344275d2497a3
Exception occured: org.openqa.selenium.TimeoutException: timeout
  (Session info: chrome=67.0.3396.99)
  (Driver info: chromedriver=2.40.565498 (ea082db3280dd6843ebfb08a625e3eb905c4f5ab),platform=Windows NT 6.3.9600 x86_64) (WARNING: The server did not provide any stacktrace information)
Command duration or timeout: 10.01 seconds
Build info: version: &apos;2.53.0&apos;, revision: &apos;35ae25b1534ae328c771e0856c93e187490ca824&apos;, time: &apos;2016-03-15 10:43:46&apos;
System info: host: &apos;Nikil&apos;, ip: &apos;192.168.254.4&apos;, os.name: &apos;Windows 8.1&apos;, os.arch: &apos;amd64&apos;, os.version: &apos;6.3&apos;, java.version: &apos;1.8.0_131&apos;
Driver info: org.openqa.selenium.chrome.ChromeDriver
Capabilities [{applicationCacheEnabled=false, rotatable=false, mobileEmulationEnabled=false, networkConnectionEnabled=false, chrome={chromedriverVersion=2.40.565498 (ea082db3280dd6843ebfb08a625e3eb905c4f5ab), userDataDir=C:\Users\NIKILK~1\AppData\Local\Temp\scoped_dir13332_9007}, takesHeapSnapshot=true, pageLoadStrategy=normal, databaseEnabled=false, handlesAlerts=true, hasTouchScreen=false, version=67.0.3396.99, platform=WIN8_1, browserConnectionEnabled=false, nativeEvents=true, acceptSslCerts=false, acceptInsecureCerts=false, locationContextEnabled=true, webStorageEnabled=true, browserName=chrome, takesScreenshot=true, javascriptEnabled=true, cssSelectorsEnabled=true, setWindowRect=true, unexpectedAlertBehaviour=}]
Session ID: 0310d83ee2a38065a6f344275d2497a3
Exception occured: org.openqa.selenium.TimeoutException: timeout
  (Session info: chrome=67.0.3396.99)
  (Driver info: chromedriver=2.40.565498 (ea082db3280dd6843ebfb08a625e3eb905c4f5ab),platform=Windows NT 6.3.9600 x86_64) (WARNING: The server did not provide any stacktrace information)
Command duration or timeout: 10.01 seconds
Build info: version: &apos;2.53.0&apos;, revision: &apos;35ae25b1534ae328c771e0856c93e187490ca824&apos;, time: &apos;2016-03-15 10:43:46&apos;
System info: host: &apos;Nikil&apos;, ip: &apos;192.168.254.4&apos;, os.name: &apos;Windows 8.1&apos;, os.arch: &apos;amd64&apos;, os.version: &apos;6.3&apos;, java.version: &apos;1.8.0_131&apos;
Driver info: org.openqa.selenium.chrome.ChromeDriver
Capabilities [{applicationCacheEnabled=false, rotatable=false, mobileEmulationEnabled=false, networkConnectionEnabled=false, chrome={chromedriverVersion=2.40.565498 (ea082db3280dd6843ebfb08a625e3eb905c4f5ab), userDataDir=C:\Users\NIKILK~1\AppData\Local\Temp\scoped_dir13332_9007}, takesHeapSnapshot=true, pageLoadStrategy=normal, databaseEnabled=false, handlesAlerts=true, hasTouchScreen=false, version=67.0.3396.99, platform=WIN8_1, browserConnectionEnabled=false, nativeEvents=true, acceptSslCerts=false, acceptInsecureCerts=false, locationContextEnabled=true, webStorageEnabled=true, browserName=chrome, takesScreenshot=true, javascriptEnabled=true, cssSelectorsEnabled=true, setWindowRect=true, unexpectedAlertBehaviour=}]
Session ID: 0310d83ee2a38065a6f344275d2497a3
Exception occured: org.openqa.selenium.TimeoutException: timeout
  (Session info: chrome=67.0.3396.99)
  (Driver info: chromedriver=2.40.565498 (ea082db3280dd6843ebfb08a625e3eb905c4f5ab),platform=Windows NT 6.3.9600 x86_64) (WARNING: The server did not provide any stacktrace information)
Command duration or timeout: 10.01 seconds
Build info: version: &apos;2.53.0&apos;, revision: &apos;35ae25b1534ae328c771e0856c93e187490ca824&apos;, time: &apos;2016-03-15 10:43:46&apos;
System info: host: &apos;Nikil&apos;, ip: &apos;192.168.254.4&apos;, os.name: &apos;Windows 8.1&apos;, os.arch: &apos;amd64&apos;, os.version: &apos;6.3&apos;, java.version: &apos;1.8.0_131&apos;
Driver info: org.openqa.selenium.chrome.ChromeDriver
Capabilities [{applicationCacheEnabled=false, rotatable=false, mobileEmulationEnabled=false, networkConnectionEnabled=false, chrome={chromedriverVersion=2.40.565498 (ea082db3280dd6843ebfb08a625e3eb905c4f5ab), userDataDir=C:\Users\NIKILK~1\AppData\Local\Temp\scoped_dir13332_9007}, takesHeapSnapshot=true, pageLoadStrategy=normal, databaseEnabled=false, handlesAlerts=true, hasTouchScreen=false, version=67.0.3396.99, platform=WIN8_1, browserConnectionEnabled=false, nativeEvents=true, acceptSslCerts=false, acceptInsecureCerts=false, locationContextEnabled=true, webStorageEnabled=true, browserName=chrome, takesScreenshot=true, javascriptEnabled=true, cssSelectorsEnabled=true, setWindowRect=true, unexpectedAlertBehaviour=}]
Session ID: 0310d83ee2a38065a6f344275d2497a3
Exception occured: org.openqa.selenium.TimeoutException: timeout
  (Session info: chrome=67.0.3396.99)
  (Driver info: chromedriver=2.40.565498 (ea082db3280dd6843ebfb08a625e3eb905c4f5ab),platform=Windows NT 6.3.9600 x86_64) (WARNING: The server did not provide any stacktrace information)
Command duration or timeout: 10.01 seconds
Build info: version: &apos;2.53.0&apos;, revision: &apos;35ae25b1534ae328c771e0856c93e187490ca824&apos;, time: &apos;2016-03-15 10:43:46&apos;
System info: host: &apos;Nikil&apos;, ip: &apos;192.168.254.4&apos;, os.name: &apos;Windows 8.1&apos;, os.arch: &apos;amd64&apos;, os.version: &apos;6.3&apos;, java.version: &apos;1.8.0_131&apos;
Driver info: org.openqa.selenium.chrome.ChromeDriver
Capabilities [{applicationCacheEnabled=false, rotatable=false, mobileEmulationEnabled=false, networkConnectionEnabled=false, chrome={chromedriverVersion=2.40.565498 (ea082db3280dd6843ebfb08a625e3eb905c4f5ab), userDataDir=C:\Users\NIKILK~1\AppData\Local\Temp\scoped_dir13332_9007}, takesHeapSnapshot=true, pageLoadStrategy=normal, databaseEnabled=false, handlesAlerts=true, hasTouchScreen=false, version=67.0.3396.99, platform=WIN8_1, browserConnectionEnabled=false, nativeEvents=true, acceptSslCerts=false, acceptInsecureCerts=false, locationContextEnabled=true, webStorageEnabled=true, browserName=chrome, takesScreenshot=true, javascriptEnabled=true, cssSelectorsEnabled=true, setWindowRect=true, unexpectedAlertBehaviour=}]
Session ID: 0310d83ee2a38065a6f344275d2497a3
Exception occured: org.openqa.selenium.TimeoutException: timeout
  (Session info: chrome=67.0.3396.99)
  (Driver info: chromedriver=2.40.565498 (ea082db3280dd6843ebfb08a625e3eb905c4f5ab),platform=Windows NT 6.3.9600 x86_64) (WARNING: The server did not provide any stacktrace information)
Command duration or timeout: 10.01 seconds
Build info: version: &apos;2.53.0&apos;, revision: &apos;35ae25b1534ae328c771e0856c93e187490ca824&apos;, time: &apos;2016-03-15 10:43:46&apos;
System info: host: &apos;Nikil&apos;, ip: &apos;192.168.254.4&apos;, os.name: &apos;Windows 8.1&apos;, os.arch: &apos;amd64&apos;, os.version: &apos;6.3&apos;, java.version: &apos;1.8.0_131&apos;
Driver info: org.openqa.selenium.chrome.ChromeDriver
Capabilities [{applicationCacheEnabled=false, rotatable=false, mobileEmulationEnabled=false, networkConnectionEnabled=false, chrome={chromedriverVersion=2.40.565498 (ea082db3280dd6843ebfb08a625e3eb905c4f5ab), userDataDir=C:\Users\NIKILK~1\AppData\Local\Temp\scoped_dir13332_9007}, takesHeapSnapshot=true, pageLoadStrategy=normal, databaseEnabled=false, handlesAlerts=true, hasTouchScreen=false, version=67.0.3396.99, platform=WIN8_1, browserConnectionEnabled=false, nativeEvents=true, acceptSslCerts=false, acceptInsecureCerts=false, locationContextEnabled=true, webStorageEnabled=true, browserName=chrome, takesScreenshot=true, javascriptEnabled=true, cssSelectorsEnabled=true, setWindowRect=true, unexpectedAlertBehaviour=}]
Session ID: 0310d83ee2a38065a6f344275d2497a3
Exception occured: org.openqa.selenium.TimeoutException: timeout
  (Session info: chrome=67.0.3396.99)
  (Driver info: chromedriver=2.40.565498 (ea082db3280dd6843ebfb08a625e3eb905c4f5ab),platform=Windows NT 6.3.9600 x86_64) (WARNING: The server did not provide any stacktrace information)
Command duration or timeout: 10.01 seconds
Build info: version: &apos;2.53.0&apos;, revision: &apos;35ae25b1534ae328c771e0856c93e187490ca824&apos;, time: &apos;2016-03-15 10:43:46&apos;
System info: host: &apos;Nikil&apos;, ip: &apos;192.168.254.4&apos;, os.name: &apos;Windows 8.1&apos;, os.arch: &apos;amd64&apos;, os.version: &apos;6.3&apos;, java.version: &apos;1.8.0_131&apos;
Driver info: org.openqa.selenium.chrome.ChromeDriver
Capabilities [{applicationCacheEnabled=false, rotatable=false, mobileEmulationEnabled=false, networkConnectionEnabled=false, chrome={chromedriverVersion=2.40.565498 (ea082db3280dd6843ebfb08a625e3eb905c4f5ab), userDataDir=C:\Users\NIKILK~1\AppData\Local\Temp\scoped_dir13332_9007}, takesHeapSnapshot=true, pageLoadStrategy=normal, databaseEnabled=false, handlesAlerts=true, hasTouchScreen=false, version=67.0.3396.99, platform=WIN8_1, browserConnectionEnabled=false, nativeEvents=true, acceptSslCerts=false, acceptInsecureCerts=false, locationContextEnabled=true, webStorageEnabled=true, browserName=chrome, takesScreenshot=true, javascriptEnabled=true, cssSelectorsEnabled=true, setWindowRect=true, unexpectedAlertBehaviour=}]
Session ID: 0310d83ee2a38065a6f344275d2497a3
Exception occured: org.openqa.selenium.TimeoutException: timeout
  (Session info: chrome=67.0.3396.99)
  (Driver info: chromedriver=2.40.565498 (ea082db3280dd6843ebfb08a625e3eb905c4f5ab),platform=Windows NT 6.3.9600 x86_64) (WARNING: The server did not provide any stacktrace information)
Command duration or timeout: 10.01 seconds
Build info: version: &apos;2.53.0&apos;, revision: &apos;35ae25b1534ae328c771e0856c93e187490ca824&apos;, time: &apos;2016-03-15 10:43:46&apos;
System info: host: &apos;Nikil&apos;, ip: &apos;192.168.254.4&apos;, os.name: &apos;Windows 8.1&apos;, os.arch: &apos;amd64&apos;, os.version: &apos;6.3&apos;, java.version: &apos;1.8.0_131&apos;
Driver info: org.openqa.selenium.chrome.ChromeDriver
Capabilities [{applicationCacheEnabled=false, rotatable=false, mobileEmulationEnabled=false, networkConnectionEnabled=false, chrome={chromedriverVersion=2.40.565498 (ea082db3280dd6843ebfb08a625e3eb905c4f5ab), userDataDir=C:\Users\NIKILK~1\AppData\Local\Temp\scoped_dir13332_9007}, takesHeapSnapshot=true, pageLoadStrategy=normal, databaseEnabled=false, handlesAlerts=true, hasTouchScreen=false, version=67.0.3396.99, platform=WIN8_1, browserConnectionEnabled=false, nativeEvents=true, acceptSslCerts=false, acceptInsecureCerts=false, locationContextEnabled=true, webStorageEnabled=true, browserName=chrome, takesScreenshot=true, javascriptEnabled=true, cssSelectorsEnabled=true, setWindowRect=true, unexpectedAlertBehaviour=}]
Session ID: 0310d83ee2a38065a6f344275d2497a3
Exception occured: org.openqa.selenium.TimeoutException: timeout
  (Session info: chrome=67.0.3396.99)
  (Driver info: chromedriver=2.40.565498 (ea082db3280dd6843ebfb08a625e3eb905c4f5ab),platform=Windows NT 6.3.9600 x86_64) (WARNING: The server did not provide any stacktrace information)
Command duration or timeout: 10.01 seconds
Build info: version: &apos;2.53.0&apos;, revision: &apos;35ae25b1534ae328c771e0856c93e187490ca824&apos;, time: &apos;2016-03-15 10:43:46&apos;
System info: host: &apos;Nikil&apos;, ip: &apos;192.168.254.4&apos;, os.name: &apos;Windows 8.1&apos;, os.arch: &apos;amd64&apos;, os.version: &apos;6.3&apos;, java.version: &apos;1.8.0_131&apos;
Driver info: org.openqa.selenium.chrome.ChromeDriver
Capabilities [{applicationCacheEnabled=false, rotatable=false, mobileEmulationEnabled=false, networkConnectionEnabled=false, chrome={chromedriverVersion=2.40.565498 (ea082db3280dd6843ebfb08a625e3eb905c4f5ab), userDataDir=C:\Users\NIKILK~1\AppData\Local\Temp\scoped_dir13332_9007}, takesHeapSnapshot=true, pageLoadStrategy=normal, databaseEnabled=false, handlesAlerts=true, hasTouchScreen=false, version=67.0.3396.99, platform=WIN8_1, browserConnectionEnabled=false, nativeEvents=true, acceptSslCerts=false, acceptInsecureCerts=false, locationContextEnabled=true, webStorageEnabled=true, browserName=chrome, takesScreenshot=true, javascriptEnabled=true, cssSelectorsEnabled=true, setWindowRect=true, unexpectedAlertBehaviour=}]
Session ID: 0310d83ee2a38065a6f344275d2497a3
Exception occured: org.openqa.selenium.TimeoutException: timeout
  (Session info: chrome=67.0.3396.99)
  (Driver info: chromedriver=2.40.565498 (ea082db3280dd6843ebfb08a625e3eb905c4f5ab),platform=Windows NT 6.3.9600 x86_64) (WARNING: The server did not provide any stacktrace information)
Command duration or timeout: 10.01 seconds
Build info: version: &apos;2.53.0&apos;, revision: &apos;35ae25b1534ae328c771e0856c93e187490ca824&apos;, time: &apos;2016-03-15 10:43:46&apos;
System info: host: &apos;Nikil&apos;, ip: &apos;192.168.254.4&apos;, os.name: &apos;Windows 8.1&apos;, os.arch: &apos;amd64&apos;, os.version: &apos;6.3&apos;, java.version: &apos;1.8.0_131&apos;
Driver info: org.openqa.selenium.chrome.ChromeDriver
Capabilities [{applicationCacheEnabled=false, rotatable=false, mobileEmulationEnabled=false, networkConnectionEnabled=false, chrome={chromedriverVersion=2.40.565498 (ea082db3280dd6843ebfb08a625e3eb905c4f5ab), userDataDir=C:\Users\NIKILK~1\AppData\Local\Temp\scoped_dir13332_9007}, takesHeapSnapshot=true, pageLoadStrategy=normal, databaseEnabled=false, handlesAlerts=true, hasTouchScreen=false, version=67.0.3396.99, platform=WIN8_1, browserConnectionEnabled=false, nativeEvents=true, acceptSslCerts=false, acceptInsecureCerts=false, locationContextEnabled=true, webStorageEnabled=true, browserName=chrome, takesScreenshot=true, javascriptEnabled=true, cssSelectorsEnabled=true, setWindowRect=true, unexpectedAlertBehaviour=}]
Session ID: 0310d83ee2a38065a6f344275d2497a3
Exception occured: org.openqa.selenium.TimeoutException: timeout
  (Session info: chrome=67.0.3396.99)
  (Driver info: chromedriver=2.40.565498 (ea082db3280dd6843ebfb08a625e3eb905c4f5ab),platform=Windows NT 6.3.9600 x86_64) (WARNING: The server did not provide any stacktrace information)
Command duration or timeout: 10.01 seconds
Build info: version: &apos;2.53.0&apos;, revision: &apos;35ae25b1534ae328c771e0856c93e187490ca824&apos;, time: &apos;2016-03-15 10:43:46&apos;
System info: host: &apos;Nikil&apos;, ip: &apos;192.168.254.4&apos;, os.name: &apos;Windows 8.1&apos;, os.arch: &apos;amd64&apos;, os.version: &apos;6.3&apos;, java.version: &apos;1.8.0_131&apos;
Driver info: org.openqa.selenium.chrome.ChromeDriver
Capabilities [{applicationCacheEnabled=false, rotatable=false, mobileEmulationEnabled=false, networkConnectionEnabled=false, chrome={chromedriverVersion=2.40.565498 (ea082db3280dd6843ebfb08a625e3eb905c4f5ab), userDataDir=C:\Users\NIKILK~1\AppData\Local\Temp\scoped_dir13332_9007}, takesHeapSnapshot=true, pageLoadStrategy=normal, databaseEnabled=false, handlesAlerts=true, hasTouchScreen=false, version=67.0.3396.99, platform=WIN8_1, browserConnectionEnabled=false, nativeEvents=true, acceptSslCerts=false, acceptInsecureCerts=false, locationContextEnabled=true, webStorageEnabled=true, browserName=chrome, takesScreenshot=true, javascriptEnabled=true, cssSelectorsEnabled=true, setWindowRect=true, unexpectedAlertBehaviour=}]
Session ID: 0310d83ee2a38065a6f344275d2497a3
Exception occured: org.openqa.selenium.TimeoutException: timeout
  (Session info: chrome=67.0.3396.99)
  (Driver info: chromedriver=2.40.565498 (ea082db3280dd6843ebfb08a625e3eb905c4f5ab),platform=Windows NT 6.3.9600 x86_64) (WARNING: The server did not provide any stacktrace information)
Command duration or timeout: 10.01 seconds
Build info: version: &apos;2.53.0&apos;, revision: &apos;35ae25b1534ae328c771e0856c93e187490ca824&apos;, time: &apos;2016-03-15 10:43:46&apos;
System info: host: &apos;Nikil&apos;, ip: &apos;192.168.254.4&apos;, os.name: &apos;Windows 8.1&apos;, os.arch: &apos;amd64&apos;, os.version: &apos;6.3&apos;, java.version: &apos;1.8.0_131&apos;
Driver info: org.openqa.selenium.chrome.ChromeDriver
Capabilities [{applicationCacheEnabled=false, rotatable=false, mobileEmulationEnabled=false, networkConnectionEnabled=false, chrome={chromedriverVersion=2.40.565498 (ea082db3280dd6843ebfb08a625e3eb905c4f5ab), userDataDir=C:\Users\NIKILK~1\AppData\Local\Temp\scoped_dir13332_9007}, takesHeapSnapshot=true, pageLoadStrategy=normal, databaseEnabled=false, handlesAlerts=true, hasTouchScreen=false, version=67.0.3396.99, platform=WIN8_1, browserConnectionEnabled=false, nativeEvents=true, acceptSslCerts=false, acceptInsecureCerts=false, locationContextEnabled=true, webStorageEnabled=true, browserName=chrome, takesScreenshot=true, javascriptEnabled=true, cssSelectorsEnabled=true, setWindowRect=true, unexpectedAlertBehaviour=}]
Session ID: 0310d83ee2a38065a6f344275d2497a3
Exception occured: org.openqa.selenium.TimeoutException: timeout
  (Session info: chrome=67.0.3396.99)
  (Driver info: chromedriver=2.40.565498 (ea082db3280dd6843ebfb08a625e3eb905c4f5ab),platform=Windows NT 6.3.9600 x86_64) (WARNING: The server did not provide any stacktrace information)
Command duration or timeout: 10.01 seconds
Build info: version: &apos;2.53.0&apos;, revision: &apos;35ae25b1534ae328c771e0856c93e187490ca824&apos;, time: &apos;2016-03-15 10:43:46&apos;
System info: host: &apos;Nikil&apos;, ip: &apos;192.168.254.4&apos;, os.name: &apos;Windows 8.1&apos;, os.arch: &apos;amd64&apos;, os.version: &apos;6.3&apos;, java.version: &apos;1.8.0_131&apos;
Driver info: org.openqa.selenium.chrome.ChromeDriver
Capabilities [{applicationCacheEnabled=false, rotatable=false, mobileEmulationEnabled=false, networkConnectionEnabled=false, chrome={chromedriverVersion=2.40.565498 (ea082db3280dd6843ebfb08a625e3eb905c4f5ab), userDataDir=C:\Users\NIKILK~1\AppData\Local\Temp\scoped_dir13332_9007}, takesHeapSnapshot=true, pageLoadStrategy=normal, databaseEnabled=false, handlesAlerts=true, hasTouchScreen=false, version=67.0.3396.99, platform=WIN8_1, browserConnectionEnabled=false, nativeEvents=true, acceptSslCerts=false, acceptInsecureCerts=false, locationContextEnabled=true, webStorageEnabled=true, browserName=chrome, takesScreenshot=true, javascriptEnabled=true, cssSelectorsEnabled=true, setWindowRect=true, unexpectedAlertBehaviour=}]
Session ID: 0310d83ee2a38065a6f344275d2497a3
Exception occured: org.openqa.selenium.TimeoutException: timeout
  (Session info: chrome=67.0.3396.99)
  (Driver info: chromedriver=2.40.565498 (ea082db3280dd6843ebfb08a625e3eb905c4f5ab),platform=Windows NT 6.3.9600 x86_64) (WARNING: The server did not provide any stacktrace information)
Command duration or timeout: 10.01 seconds
Build info: version: &apos;2.53.0&apos;, revision: &apos;35ae25b1534ae328c771e0856c93e187490ca824&apos;, time: &apos;2016-03-15 10:43:46&apos;
System info: host: &apos;Nikil&apos;, ip: &apos;192.168.254.4&apos;, os.name: &apos;Windows 8.1&apos;, os.arch: &apos;amd64&apos;, os.version: &apos;6.3&apos;, java.version: &apos;1.8.0_131&apos;
Driver info: org.openqa.selenium.chrome.ChromeDriver
Capabilities [{applicationCacheEnabled=false, rotatable=false, mobileEmulationEnabled=false, networkConnectionEnabled=false, chrome={chromedriverVersion=2.40.565498 (ea082db3280dd6843ebfb08a625e3eb905c4f5ab), userDataDir=C:\Users\NIKILK~1\AppData\Local\Temp\scoped_dir13332_9007}, takesHeapSnapshot=true, pageLoadStrategy=normal, databaseEnabled=false, handlesAlerts=true, hasTouchScreen=false, version=67.0.3396.99, platform=WIN8_1, browserConnectionEnabled=false, nativeEvents=true, acceptSslCerts=false, acceptInsecureCerts=false, locationContextEnabled=true, webStorageEnabled=true, browserName=chrome, takesScreenshot=true, javascriptEnabled=true, cssSelectorsEnabled=true, setWindowRect=true, unexpectedAlertBehaviour=}]
Session ID: 0310d83ee2a38065a6f344275d2497a3
Exception occured: org.openqa.selenium.TimeoutException: timeout
  (Session info: chrome=67.0.3396.99)
  (Driver info: chromedriver=2.40.565498 (ea082db3280dd6843ebfb08a625e3eb905c4f5ab),platform=Windows NT 6.3.9600 x86_64) (WARNING: The server did not provide any stacktrace information)
Command duration or timeout: 10.01 seconds
Build info: version: &apos;2.53.0&apos;, revision: &apos;35ae25b1534ae328c771e0856c93e187490ca824&apos;, time: &apos;2016-03-15 10:43:46&apos;
System info: host: &apos;Nikil&apos;, ip: &apos;192.168.254.4&apos;, os.name: &apos;Windows 8.1&apos;, os.arch: &apos;amd64&apos;, os.version: &apos;6.3&apos;, java.version: &apos;1.8.0_131&apos;
Driver info: org.openqa.selenium.chrome.ChromeDriver
Capabilities [{applicationCacheEnabled=false, rotatable=false, mobileEmulationEnabled=false, networkConnectionEnabled=false, chrome={chromedriverVersion=2.40.565498 (ea082db3280dd6843ebfb08a625e3eb905c4f5ab), userDataDir=C:\Users\NIKILK~1\AppData\Local\Temp\scoped_dir13332_9007}, takesHeapSnapshot=true, pageLoadStrategy=normal, databaseEnabled=false, handlesAlerts=true, hasTouchScreen=false, version=67.0.3396.99, platform=WIN8_1, browserConnectionEnabled=false, nativeEvents=true, acceptSslCerts=false, acceptInsecureCerts=false, locationContextEnabled=true, webStorageEnabled=true, browserName=chrome, takesScreenshot=true, javascriptEnabled=true, cssSelectorsEnabled=true, setWindowRect=true, unexpectedAlertBehaviour=}]
Session ID: 0310d83ee2a38065a6f344275d2497a3
Exception occured: org.openqa.selenium.TimeoutException: timeout
  (Session info: chrome=67.0.3396.99)
  (Driver info: chromedriver=2.40.565498 (ea082db3280dd6843ebfb08a625e3eb905c4f5ab),platform=Windows NT 6.3.9600 x86_64) (WARNING: The server did not provide any stacktrace information)
Command duration or timeout: 10.01 seconds
Build info: version: &apos;2.53.0&apos;, revision: &apos;35ae25b1534ae328c771e0856c93e187490ca824&apos;, time: &apos;2016-03-15 10:43:46&apos;
System info: host: &apos;Nikil&apos;, ip: &apos;192.168.254.4&apos;, os.name: &apos;Windows 8.1&apos;, os.arch: &apos;amd64&apos;, os.version: &apos;6.3&apos;, java.version: &apos;1.8.0_131&apos;
Driver info: org.openqa.selenium.chrome.ChromeDriver
Capabilities [{applicationCacheEnabled=false, rotatable=false, mobileEmulationEnabled=false, networkConnectionEnabled=false, chrome={chromedriverVersion=2.40.565498 (ea082db3280dd6843ebfb08a625e3eb905c4f5ab), userDataDir=C:\Users\NIKILK~1\AppData\Local\Temp\scoped_dir13332_9007}, takesHeapSnapshot=true, pageLoadStrategy=normal, databaseEnabled=false, handlesAlerts=true, hasTouchScreen=false, version=67.0.3396.99, platform=WIN8_1, browserConnectionEnabled=false, nativeEvents=true, acceptSslCerts=false, acceptInsecureCerts=false, locationContextEnabled=true, webStorageEnabled=true, browserName=chrome, takesScreenshot=true, javascriptEnabled=true, cssSelectorsEnabled=true, setWindowRect=true, unexpectedAlertBehaviour=}]
Session ID: 0310d83ee2a38065a6f344275d2497a3
Exception occured: org.openqa.selenium.TimeoutException: timeout
  (Session info: chrome=67.0.3396.99)
  (Driver info: chromedriver=2.40.565498 (ea082db3280dd6843ebfb08a625e3eb905c4f5ab),platform=Windows NT 6.3.9600 x86_64) (WARNING: The server did not provide any stacktrace information)
Command duration or timeout: 10.01 seconds
Build info: version: &apos;2.53.0&apos;, revision: &apos;35ae25b1534ae328c771e0856c93e187490ca824&apos;, time: &apos;2016-03-15 10:43:46&apos;
System info: host: &apos;Nikil&apos;, ip: &apos;192.168.254.4&apos;, os.name: &apos;Windows 8.1&apos;, os.arch: &apos;amd64&apos;, os.version: &apos;6.3&apos;, java.version: &apos;1.8.0_131&apos;
Driver info: org.openqa.selenium.chrome.ChromeDriver
Capabilities [{applicationCacheEnabled=false, rotatable=false, mobileEmulationEnabled=false, networkConnectionEnabled=false, chrome={chromedriverVersion=2.40.565498 (ea082db3280dd6843ebfb08a625e3eb905c4f5ab), userDataDir=C:\Users\NIKILK~1\AppData\Local\Temp\scoped_dir13332_9007}, takesHeapSnapshot=true, pageLoadStrategy=normal, databaseEnabled=false, handlesAlerts=true, hasTouchScreen=false, version=67.0.3396.99, platform=WIN8_1, browserConnectionEnabled=false, nativeEvents=true, acceptSslCerts=false, acceptInsecureCerts=false, locationContextEnabled=true, webStorageEnabled=true, browserName=chrome, takesScreenshot=true, javascriptEnabled=true, cssSelectorsEnabled=true, setWindowRect=true, unexpectedAlertBehaviour=}]
Session ID: 0310d83ee2a38065a6f344275d2497a3
Exception occured: org.openqa.selenium.TimeoutException: timeout
  (Session info: chrome=67.0.3396.99)
  (Driver info: chromedriver=2.40.565498 (ea082db3280dd6843ebfb08a625e3eb905c4f5ab),platform=Windows NT 6.3.9600 x86_64) (WARNING: The server did not provide any stacktrace information)
Command duration or timeout: 10.01 seconds
Build info: version: &apos;2.53.0&apos;, revision: &apos;35ae25b1534ae328c771e0856c93e187490ca824&apos;, time: &apos;2016-03-15 10:43:46&apos;
System info: host: &apos;Nikil&apos;, ip: &apos;192.168.254.4&apos;, os.name: &apos;Windows 8.1&apos;, os.arch: &apos;amd64&apos;, os.version: &apos;6.3&apos;, java.version: &apos;1.8.0_131&apos;
Driver info: org.openqa.selenium.chrome.ChromeDriver
Capabilities [{applicationCacheEnabled=false, rotatable=false, mobileEmulationEnabled=false, networkConnectionEnabled=false, chrome={chromedriverVersion=2.40.565498 (ea082db3280dd6843ebfb08a625e3eb905c4f5ab), userDataDir=C:\Users\NIKILK~1\AppData\Local\Temp\scoped_dir13332_9007}, takesHeapSnapshot=true, pageLoadStrategy=normal, databaseEnabled=false, handlesAlerts=true, hasTouchScreen=false, version=67.0.3396.99, platform=WIN8_1, browserConnectionEnabled=false, nativeEvents=true, acceptSslCerts=false, acceptInsecureCerts=false, locationContextEnabled=true, webStorageEnabled=true, browserName=chrome, takesScreenshot=true, javascriptEnabled=true, cssSelectorsEnabled=true, setWindowRect=true, unexpectedAlertBehaviour=}]
Session ID: 0310d83ee2a38065a6f344275d2497a3
Exception occured: org.openqa.selenium.TimeoutException: timeout
  (Session info: chrome=67.0.3396.99)
  (Driver info: chromedriver=2.40.565498 (ea082db3280dd6843ebfb08a625e3eb905c4f5ab),platform=Windows NT 6.3.9600 x86_64) (WARNING: The server did not provide any stacktrace information)
Command duration or timeout: 10.01 seconds
Build info: version: &apos;2.53.0&apos;, revision: &apos;35ae25b1534ae328c771e0856c93e187490ca824&apos;, time: &apos;2016-03-15 10:43:46&apos;
System info: host: &apos;Nikil&apos;, ip: &apos;192.168.254.4&apos;, os.name: &apos;Windows 8.1&apos;, os.arch: &apos;amd64&apos;, os.version: &apos;6.3&apos;, java.version: &apos;1.8.0_131&apos;
Driver info: org.openqa.selenium.chrome.ChromeDriver
Capabilities [{applicationCacheEnabled=false, rotatable=false, mobileEmulationEnabled=false, networkConnectionEnabled=false, chrome={chromedriverVersion=2.40.565498 (ea082db3280dd6843ebfb08a625e3eb905c4f5ab), userDataDir=C:\Users\NIKILK~1\AppData\Local\Temp\scoped_dir13332_9007}, takesHeapSnapshot=true, pageLoadStrategy=normal, databaseEnabled=false, handlesAlerts=true, hasTouchScreen=false, version=67.0.3396.99, platform=WIN8_1, browserConnectionEnabled=false, nativeEvents=true, acceptSslCerts=false, acceptInsecureCerts=false, locationContextEnabled=true, webStorageEnabled=true, browserName=chrome, takesScreenshot=true, javascriptEnabled=true, cssSelectorsEnabled=true, setWindowRect=true, unexpectedAlertBehaviour=}]
Session ID: 0310d83ee2a38065a6f344275d2497a3
Exception occured: org.openqa.selenium.TimeoutException: timeout
  (Session info: chrome=67.0.3396.99)
  (Driver info: chromedriver=2.40.565498 (ea082db3280dd6843ebfb08a625e3eb905c4f5ab),platform=Windows NT 6.3.9600 x86_64) (WARNING: The server did not provide any stacktrace information)
Command duration or timeout: 10.01 seconds
Build info: version: &apos;2.53.0&apos;, revision: &apos;35ae25b1534ae328c771e0856c93e187490ca824&apos;, time: &apos;2016-03-15 10:43:46&apos;
System info: host: &apos;Nikil&apos;, ip: &apos;192.168.254.4&apos;, os.name: &apos;Windows 8.1&apos;, os.arch: &apos;amd64&apos;, os.version: &apos;6.3&apos;, java.version: &apos;1.8.0_131&apos;
Driver info: org.openqa.selenium.chrome.ChromeDriver
Capabilities [{applicationCacheEnabled=false, rotatable=false, mobileEmulationEnabled=false, networkConnectionEnabled=false, chrome={chromedriverVersion=2.40.565498 (ea082db3280dd6843ebfb08a625e3eb905c4f5ab), userDataDir=C:\Users\NIKILK~1\AppData\Local\Temp\scoped_dir13332_9007}, takesHeapSnapshot=true, pageLoadStrategy=normal, databaseEnabled=false, handlesAlerts=true, hasTouchScreen=false, version=67.0.3396.99, platform=WIN8_1, browserConnectionEnabled=false, nativeEvents=true, acceptSslCerts=false, acceptInsecureCerts=false, locationContextEnabled=true, webStorageEnabled=true, browserName=chrome, takesScreenshot=true, javascriptEnabled=true, cssSelectorsEnabled=true, setWindowRect=true, unexpectedAlertBehaviour=}]
Session ID: 0310d83ee2a38065a6f344275d2497a3
Exception occured: org.openqa.selenium.TimeoutException: timeout
  (Session info: chrome=67.0.3396.99)
  (Driver info: chromedriver=2.40.565498 (ea082db3280dd6843ebfb08a625e3eb905c4f5ab),platform=Windows NT 6.3.9600 x86_64) (WARNING: The server did not provide any stacktrace information)
Command duration or timeout: 10.01 seconds
Build info: version: &apos;2.53.0&apos;, revision: &apos;35ae25b1534ae328c771e0856c93e187490ca824&apos;, time: &apos;2016-03-15 10:43:46&apos;
System info: host: &apos;Nikil&apos;, ip: &apos;192.168.254.4&apos;, os.name: &apos;Windows 8.1&apos;, os.arch: &apos;amd64&apos;, os.version: &apos;6.3&apos;, java.version: &apos;1.8.0_131&apos;
Driver info: org.openqa.selenium.chrome.ChromeDriver
Capabilities [{applicationCacheEnabled=false, rotatable=false, mobileEmulationEnabled=false, networkConnectionEnabled=false, chrome={chromedriverVersion=2.40.565498 (ea082db3280dd6843ebfb08a625e3eb905c4f5ab), userDataDir=C:\Users\NIKILK~1\AppData\Local\Temp\scoped_dir13332_9007}, takesHeapSnapshot=true, pageLoadStrategy=normal, databaseEnabled=false, handlesAlerts=true, hasTouchScreen=false, version=67.0.3396.99, platform=WIN8_1, browserConnectionEnabled=false, nativeEvents=true, acceptSslCerts=false, acceptInsecureCerts=false, locationContextEnabled=true, webStorageEnabled=true, browserName=chrome, takesScreenshot=true, javascriptEnabled=true, cssSelectorsEnabled=true, setWindowRect=true, unexpectedAlertBehaviour=}]
Session ID: 0310d83ee2a38065a6f344275d2497a3
Exception occured: org.openqa.selenium.TimeoutException: timeout
  (Session info: chrome=67.0.3396.99)
  (Driver info: chromedriver=2.40.565498 (ea082db3280dd6843ebfb08a625e3eb905c4f5ab),platform=Windows NT 6.3.9600 x86_64) (WARNING: The server did not provide any stacktrace information)
Command duration or timeout: 10.01 seconds
Build info: version: &apos;2.53.0&apos;, revision: &apos;35ae25b1534ae328c771e0856c93e187490ca824&apos;, time: &apos;2016-03-15 10:43:46&apos;
System info: host: &apos;Nikil&apos;, ip: &apos;192.168.254.4&apos;, os.name: &apos;Windows 8.1&apos;, os.arch: &apos;amd64&apos;, os.version: &apos;6.3&apos;, java.version: &apos;1.8.0_131&apos;
Driver info: org.openqa.selenium.chrome.ChromeDriver
Capabilities [{applicationCacheEnabled=false, rotatable=false, mobileEmulationEnabled=false, networkConnectionEnabled=false, chrome={chromedriverVersion=2.40.565498 (ea082db3280dd6843ebfb08a625e3eb905c4f5ab), userDataDir=C:\Users\NIKILK~1\AppData\Local\Temp\scoped_dir13332_9007}, takesHeapSnapshot=true, pageLoadStrategy=normal, databaseEnabled=false, handlesAlerts=true, hasTouchScreen=false, version=67.0.3396.99, platform=WIN8_1, browserConnectionEnabled=false, nativeEvents=true, acceptSslCerts=false, acceptInsecureCerts=false, locationContextEnabled=true, webStorageEnabled=true, browserName=chrome, takesScreenshot=true, javascriptEnabled=true, cssSelectorsEnabled=true, setWindowRect=true, unexpectedAlertBehaviour=}]
Session ID: 0310d83ee2a38065a6f344275d2497a3
Exception occured: org.openqa.selenium.TimeoutException: timeout
  (Session info: chrome=67.0.3396.99)
  (Driver info: chromedriver=2.40.565498 (ea082db3280dd6843ebfb08a625e3eb905c4f5ab),platform=Windows NT 6.3.9600 x86_64) (WARNING: The server did not provide any stacktrace information)
Command duration or timeout: 10.01 seconds
Build info: version: &apos;2.53.0&apos;, revision: &apos;35ae25b1534ae328c771e0856c93e187490ca824&apos;, time: &apos;2016-03-15 10:43:46&apos;
System info: host: &apos;Nikil&apos;, ip: &apos;192.168.254.4&apos;, os.name: &apos;Windows 8.1&apos;, os.arch: &apos;amd64&apos;, os.version: &apos;6.3&apos;, java.version: &apos;1.8.0_131&apos;
Driver info: org.openqa.selenium.chrome.ChromeDriver
Capabilities [{applicationCacheEnabled=false, rotatable=false, mobileEmulationEnabled=false, networkConnectionEnabled=false, chrome={chromedriverVersion=2.40.565498 (ea082db3280dd6843ebfb08a625e3eb905c4f5ab), userDataDir=C:\Users\NIKILK~1\AppData\Local\Temp\scoped_dir13332_9007}, takesHeapSnapshot=true, pageLoadStrategy=normal, databaseEnabled=false, handlesAlerts=true, hasTouchScreen=false, version=67.0.3396.99, platform=WIN8_1, browserConnectionEnabled=false, nativeEvents=true, acceptSslCerts=false, acceptInsecureCerts=false, locationContextEnabled=true, webStorageEnabled=true, browserName=chrome, takesScreenshot=true, javascriptEnabled=true, cssSelectorsEnabled=true, setWindowRect=true, unexpectedAlertBehaviour=}]
Session ID: 0310d83ee2a38065a6f344275d2497a3
Exception occured: org.openqa.selenium.TimeoutException: timeout
  (Session info: chrome=67.0.3396.99)
  (Driver info: chromedriver=2.40.565498 (ea082db3280dd6843ebfb08a625e3eb905c4f5ab),platform=Windows NT 6.3.9600 x86_64) (WARNING: The server did not provide any stacktrace information)
Command duration or timeout: 10.01 seconds
Build info: version: &apos;2.53.0&apos;, revision: &apos;35ae25b1534ae328c771e0856c93e187490ca824&apos;, time: &apos;2016-03-15 10:43:46&apos;
System info: host: &apos;Nikil&apos;, ip: &apos;192.168.254.4&apos;, os.name: &apos;Windows 8.1&apos;, os.arch: &apos;amd64&apos;, os.version: &apos;6.3&apos;, java.version: &apos;1.8.0_131&apos;
Driver info: org.openqa.selenium.chrome.ChromeDriver
Capabilities [{applicationCacheEnabled=false, rotatable=false, mobileEmulationEnabled=false, networkConnectionEnabled=false, chrome={chromedriverVersion=2.40.565498 (ea082db3280dd6843ebfb08a625e3eb905c4f5ab), userDataDir=C:\Users\NIKILK~1\AppData\Local\Temp\scoped_dir13332_9007}, takesHeapSnapshot=true, pageLoadStrategy=normal, databaseEnabled=false, handlesAlerts=true, hasTouchScreen=false, version=67.0.3396.99, platform=WIN8_1, browserConnectionEnabled=false, nativeEvents=true, acceptSslCerts=false, acceptInsecureCerts=false, locationContextEnabled=true, webStorageEnabled=true, browserName=chrome, takesScreenshot=true, javascriptEnabled=true, cssSelectorsEnabled=true, setWindowRect=true, unexpectedAlertBehaviour=}]
Session ID: 0310d83ee2a38065a6f344275d2497a3
Exception occured: org.openqa.selenium.TimeoutException: timeout
  (Session info: chrome=67.0.3396.99)
  (Driver info: chromedriver=2.40.565498 (ea082db3280dd6843ebfb08a625e3eb905c4f5ab),platform=Windows NT 6.3.9600 x86_64) (WARNING: The server did not provide any stacktrace information)
Command duration or timeout: 10.01 seconds
Build info: version: &apos;2.53.0&apos;, revision: &apos;35ae25b1534ae328c771e0856c93e187490ca824&apos;, time: &apos;2016-03-15 10:43:46&apos;
System info: host: &apos;Nikil&apos;, ip: &apos;192.168.254.4&apos;, os.name: &apos;Windows 8.1&apos;, os.arch: &apos;amd64&apos;, os.version: &apos;6.3&apos;, java.version: &apos;1.8.0_131&apos;
Driver info: org.openqa.selenium.chrome.ChromeDriver
Capabilities [{applicationCacheEnabled=false, rotatable=false, mobileEmulationEnabled=false, networkConnectionEnabled=false, chrome={chromedriverVersion=2.40.565498 (ea082db3280dd6843ebfb08a625e3eb905c4f5ab), userDataDir=C:\Users\NIKILK~1\AppData\Local\Temp\scoped_dir13332_9007}, takesHeapSnapshot=true, pageLoadStrategy=normal, databaseEnabled=false, handlesAlerts=true, hasTouchScreen=false, version=67.0.3396.99, platform=WIN8_1, browserConnectionEnabled=false, nativeEvents=true, acceptSslCerts=false, acceptInsecureCerts=false, locationContextEnabled=true, webStorageEnabled=true, browserName=chrome, takesScreenshot=true, javascriptEnabled=true, cssSelectorsEnabled=true, setWindowRect=true, unexpectedAlertBehaviour=}]
Session ID: 0310d83ee2a38065a6f344275d2497a3
Exception occured: org.openqa.selenium.TimeoutException: timeout
  (Session info: chrome=67.0.3396.99)
  (Driver info: chromedriver=2.40.565498 (ea082db3280dd6843ebfb08a625e3eb905c4f5ab),platform=Windows NT 6.3.9600 x86_64) (WARNING: The server did not provide any stacktrace information)
Command duration or timeout: 10.01 seconds
Build info: version: &apos;2.53.0&apos;, revision: &apos;35ae25b1534ae328c771e0856c93e187490ca824&apos;, time: &apos;2016-03-15 10:43:46&apos;
System info: host: &apos;Nikil&apos;, ip: &apos;192.168.254.4&apos;, os.name: &apos;Windows 8.1&apos;, os.arch: &apos;amd64&apos;, os.version: &apos;6.3&apos;, java.version: &apos;1.8.0_131&apos;
Driver info: org.openqa.selenium.chrome.ChromeDriver
Capabilities [{applicationCacheEnabled=false, rotatable=false, mobileEmulationEnabled=false, networkConnectionEnabled=false, chrome={chromedriverVersion=2.40.565498 (ea082db3280dd6843ebfb08a625e3eb905c4f5ab), userDataDir=C:\Users\NIKILK~1\AppData\Local\Temp\scoped_dir13332_9007}, takesHeapSnapshot=true, pageLoadStrategy=normal, databaseEnabled=false, handlesAlerts=true, hasTouchScreen=false, version=67.0.3396.99, platform=WIN8_1, browserConnectionEnabled=false, nativeEvents=true, acceptSslCerts=false, acceptInsecureCerts=false, locationContextEnabled=true, webStorageEnabled=true, browserName=chrome, takesScreenshot=true, javascriptEnabled=true, cssSelectorsEnabled=true, setWindowRect=true, unexpectedAlertBehaviour=}]
Session ID: 0310d83ee2a38065a6f344275d2497a3
Exception occured: org.openqa.selenium.TimeoutException: timeout
  (Session info: chrome=67.0.3396.99)
  (Driver info: chromedriver=2.40.565498 (ea082db3280dd6843ebfb08a625e3eb905c4f5ab),platform=Windows NT 6.3.9600 x86_64) (WARNING: The server did not provide any stacktrace information)
Command duration or timeout: 10.01 seconds
Build info: version: &apos;2.53.0&apos;, revision: &apos;35ae25b1534ae328c771e0856c93e187490ca824&apos;, time: &apos;2016-03-15 10:43:46&apos;
System info: host: &apos;Nikil&apos;, ip: &apos;192.168.254.4&apos;, os.name: &apos;Windows 8.1&apos;, os.arch: &apos;amd64&apos;, os.version: &apos;6.3&apos;, java.version: &apos;1.8.0_131&apos;
Driver info: org.openqa.selenium.chrome.ChromeDriver
Capabilities [{applicationCacheEnabled=false, rotatable=false, mobileEmulationEnabled=false, networkConnectionEnabled=false, chrome={chromedriverVersion=2.40.565498 (ea082db3280dd6843ebfb08a625e3eb905c4f5ab), userDataDir=C:\Users\NIKILK~1\AppData\Local\Temp\scoped_dir13332_9007}, takesHeapSnapshot=true, pageLoadStrategy=normal, databaseEnabled=false, handlesAlerts=true, hasTouchScreen=false, version=67.0.3396.99, platform=WIN8_1, browserConnectionEnabled=false, nativeEvents=true, acceptSslCerts=false, acceptInsecureCerts=false, locationContextEnabled=true, webStorageEnabled=true, browserName=chrome, takesScreenshot=true, javascriptEnabled=true, cssSelectorsEnabled=true, setWindowRect=true, unexpectedAlertBehaviour=}]
Session ID: 0310d83ee2a38065a6f344275d2497a3
Exception occured: org.openqa.selenium.TimeoutException: timeout
  (Session info: chrome=67.0.3396.99)
  (Driver info: chromedriver=2.40.565498 (ea082db3280dd6843ebfb08a625e3eb905c4f5ab),platform=Windows NT 6.3.9600 x86_64) (WARNING: The server did not provide any stacktrace information)
Command duration or timeout: 10.01 seconds
Build info: version: &apos;2.53.0&apos;, revision: &apos;35ae25b1534ae328c771e0856c93e187490ca824&apos;, time: &apos;2016-03-15 10:43:46&apos;
System info: host: &apos;Nikil&apos;, ip: &apos;192.168.254.4&apos;, os.name: &apos;Windows 8.1&apos;, os.arch: &apos;amd64&apos;, os.version: &apos;6.3&apos;, java.version: &apos;1.8.0_131&apos;
Driver info: org.openqa.selenium.chrome.ChromeDriver
Capabilities [{applicationCacheEnabled=false, rotatable=false, mobileEmulationEnabled=false, networkConnectionEnabled=false, chrome={chromedriverVersion=2.40.565498 (ea082db3280dd6843ebfb08a625e3eb905c4f5ab), userDataDir=C:\Users\NIKILK~1\AppData\Local\Temp\scoped_dir13332_9007}, takesHeapSnapshot=true, pageLoadStrategy=normal, databaseEnabled=false, handlesAlerts=true, hasTouchScreen=false, version=67.0.3396.99, platform=WIN8_1, browserConnectionEnabled=false, nativeEvents=true, acceptSslCerts=false, acceptInsecureCerts=false, locationContextEnabled=true, webStorageEnabled=true, browserName=chrome, takesScreenshot=true, javascriptEnabled=true, cssSelectorsEnabled=true, setWindowRect=true, unexpectedAlertBehaviour=}]
Session ID: 0310d83ee2a38065a6f344275d2497a3
Exception occured: org.openqa.selenium.TimeoutException: timeout
  (Session info: chrome=67.0.3396.99)
  (Driver info: chromedriver=2.40.565498 (ea082db3280dd6843ebfb08a625e3eb905c4f5ab),platform=Windows NT 6.3.9600 x86_64) (WARNING: The server did not provide any stacktrace information)
Command duration or timeout: 10.01 seconds
Build info: version: &apos;2.53.0&apos;, revision: &apos;35ae25b1534ae328c771e0856c93e187490ca824&apos;, time: &apos;2016-03-15 10:43:46&apos;
System info: host: &apos;Nikil&apos;, ip: &apos;192.168.254.4&apos;, os.name: &apos;Windows 8.1&apos;, os.arch: &apos;amd64&apos;, os.version: &apos;6.3&apos;, java.version: &apos;1.8.0_131&apos;
Driver info: org.openqa.selenium.chrome.ChromeDriver
Capabilities [{applicationCacheEnabled=false, rotatable=false, mobileEmulationEnabled=false, networkConnectionEnabled=false, chrome={chromedriverVersion=2.40.565498 (ea082db3280dd6843ebfb08a625e3eb905c4f5ab), userDataDir=C:\Users\NIKILK~1\AppData\Local\Temp\scoped_dir13332_9007}, takesHeapSnapshot=true, pageLoadStrategy=normal, databaseEnabled=false, handlesAlerts=true, hasTouchScreen=false, version=67.0.3396.99, platform=WIN8_1, browserConnectionEnabled=false, nativeEvents=true, acceptSslCerts=false, acceptInsecureCerts=false, locationContextEnabled=true, webStorageEnabled=true, browserName=chrome, takesScreenshot=true, javascriptEnabled=true, cssSelectorsEnabled=true, setWindowRect=true, unexpectedAlertBehaviour=}]
Session ID: 0310d83ee2a38065a6f344275d2497a3
Exception occured: org.openqa.selenium.TimeoutException: timeout
  (Session info: chrome=67.0.3396.99)
  (Driver info: chromedriver=2.40.565498 (ea082db3280dd6843ebfb08a625e3eb905c4f5ab),platform=Windows NT 6.3.9600 x86_64) (WARNING: The server did not provide any stacktrace information)
Command duration or timeout: 10.02 seconds
Build info: version: &apos;2.53.0&apos;, revision: &apos;35ae25b1534ae328c771e0856c93e187490ca824&apos;, time: &apos;2016-03-15 10:43:46&apos;
System info: host: &apos;Nikil&apos;, ip: &apos;192.168.254.4&apos;, os.name: &apos;Windows 8.1&apos;, os.arch: &apos;amd64&apos;, os.version: &apos;6.3&apos;, java.version: &apos;1.8.0_131&apos;
Driver info: org.openqa.selenium.chrome.ChromeDriver
Capabilities [{applicationCacheEnabled=false, rotatable=false, mobileEmulationEnabled=false, networkConnectionEnabled=false, chrome={chromedriverVersion=2.40.565498 (ea082db3280dd6843ebfb08a625e3eb905c4f5ab), userDataDir=C:\Users\NIKILK~1\AppData\Local\Temp\scoped_dir13332_9007}, takesHeapSnapshot=true, pageLoadStrategy=normal, databaseEnabled=false, handlesAlerts=true, hasTouchScreen=false, version=67.0.3396.99, platform=WIN8_1, browserConnectionEnabled=false, nativeEvents=true, acceptSslCerts=false, acceptInsecureCerts=false, locationContextEnabled=true, webStorageEnabled=true, browserName=chrome, takesScreenshot=true, javascriptEnabled=true, cssSelectorsEnabled=true, setWindowRect=true, unexpectedAlertBehaviour=}]
Session ID: 0310d83ee2a38065a6f344275d2497a3
Exception occured: org.openqa.selenium.TimeoutException: timeout
  (Session info: chrome=67.0.3396.99)
  (Driver info: chromedriver=2.40.565498 (ea082db3280dd6843ebfb08a625e3eb905c4f5ab),platform=Windows NT 6.3.9600 x86_64) (WARNING: The server did not provide any stacktrace information)
Command duration or timeout: 10.01 seconds
Build info: version: &apos;2.53.0&apos;, revision: &apos;35ae25b1534ae328c771e0856c93e187490ca824&apos;, time: &apos;2016-03-15 10:43:46&apos;
System info: host: &apos;Nikil&apos;, ip: &apos;192.168.254.4&apos;, os.name: &apos;Windows 8.1&apos;, os.arch: &apos;amd64&apos;, os.version: &apos;6.3&apos;, java.version: &apos;1.8.0_131&apos;
Driver info: org.openqa.selenium.chrome.ChromeDriver
Capabilities [{applicationCacheEnabled=false, rotatable=false, mobileEmulationEnabled=false, networkConnectionEnabled=false, chrome={chromedriverVersion=2.40.565498 (ea082db3280dd6843ebfb08a625e3eb905c4f5ab), userDataDir=C:\Users\NIKILK~1\AppData\Local\Temp\scoped_dir13332_9007}, takesHeapSnapshot=true, pageLoadStrategy=normal, databaseEnabled=false, handlesAlerts=true, hasTouchScreen=false, version=67.0.3396.99, platform=WIN8_1, browserConnectionEnabled=false, nativeEvents=true, acceptSslCerts=false, acceptInsecureCerts=false, locationContextEnabled=true, webStorageEnabled=true, browserName=chrome, takesScreenshot=true, javascriptEnabled=true, cssSelectorsEnabled=true, setWindowRect=true, unexpectedAlertBehaviour=}]
Session ID: 0310d83ee2a38065a6f344275d2497a3
Exception occured: org.openqa.selenium.TimeoutException: timeout
  (Session info: chrome=67.0.3396.99)
  (Driver info: chromedriver=2.40.565498 (ea082db3280dd6843ebfb08a625e3eb905c4f5ab),platform=Windows NT 6.3.9600 x86_64) (WARNING: The server did not provide any stacktrace information)
Command duration or timeout: 10.01 seconds
Build info: version: &apos;2.53.0&apos;, revision: &apos;35ae25b1534ae328c771e0856c93e187490ca824&apos;, time: &apos;2016-03-15 10:43:46&apos;
System info: host: &apos;Nikil&apos;, ip: &apos;192.168.254.4&apos;, os.name: &apos;Windows 8.1&apos;, os.arch: &apos;amd64&apos;, os.version: &apos;6.3&apos;, java.version: &apos;1.8.0_131&apos;
Driver info: org.openqa.selenium.chrome.ChromeDriver
Capabilities [{applicationCacheEnabled=false, rotatable=false, mobileEmulationEnabled=false, networkConnectionEnabled=false, chrome={chromedriverVersion=2.40.565498 (ea082db3280dd6843ebfb08a625e3eb905c4f5ab), userDataDir=C:\Users\NIKILK~1\AppData\Local\Temp\scoped_dir13332_9007}, takesHeapSnapshot=true, pageLoadStrategy=normal, databaseEnabled=false, handlesAlerts=true, hasTouchScreen=false, version=67.0.3396.99, platform=WIN8_1, browserConnectionEnabled=false, nativeEvents=true, acceptSslCerts=false, acceptInsecureCerts=false, locationContextEnabled=true, webStorageEnabled=true, browserName=chrome, takesScreenshot=true, javascriptEnabled=true, cssSelectorsEnabled=true, setWindowRect=true, unexpectedAlertBehaviour=}]
Session ID: 0310d83ee2a38065a6f344275d2497a3
Exception occured: org.openqa.selenium.TimeoutException: timeout
  (Session info: chrome=67.0.3396.99)
  (Driver info: chromedriver=2.40.565498 (ea082db3280dd6843ebfb08a625e3eb905c4f5ab),platform=Windows NT 6.3.9600 x86_64) (WARNING: The server did not provide any stacktrace information)
Command duration or timeout: 10.01 seconds
Build info: version: &apos;2.53.0&apos;, revision: &apos;35ae25b1534ae328c771e0856c93e187490ca824&apos;, time: &apos;2016-03-15 10:43:46&apos;
System info: host: &apos;Nikil&apos;, ip: &apos;192.168.254.4&apos;, os.name: &apos;Windows 8.1&apos;, os.arch: &apos;amd64&apos;, os.version: &apos;6.3&apos;, java.version: &apos;1.8.0_131&apos;
Driver info: org.openqa.selenium.chrome.ChromeDriver
Capabilities [{applicationCacheEnabled=false, rotatable=false, mobileEmulationEnabled=false, networkConnectionEnabled=false, chrome={chromedriverVersion=2.40.565498 (ea082db3280dd6843ebfb08a625e3eb905c4f5ab), userDataDir=C:\Users\NIKILK~1\AppData\Local\Temp\scoped_dir13332_9007}, takesHeapSnapshot=true, pageLoadStrategy=normal, databaseEnabled=false, handlesAlerts=true, hasTouchScreen=false, version=67.0.3396.99, platform=WIN8_1, browserConnectionEnabled=false, nativeEvents=true, acceptSslCerts=false, acceptInsecureCerts=false, locationContextEnabled=true, webStorageEnabled=true, browserName=chrome, takesScreenshot=true, javascriptEnabled=true, cssSelectorsEnabled=true, setWindowRect=true, unexpectedAlertBehaviour=}]
Session ID: 0310d83ee2a38065a6f344275d2497a3
Exception occured: org.openqa.selenium.TimeoutException: timeout
  (Session info: chrome=67.0.3396.99)
  (Driver info: chromedriver=2.40.565498 (ea082db3280dd6843ebfb08a625e3eb905c4f5ab),platform=Windows NT 6.3.9600 x86_64) (WARNING: The server did not provide any stacktrace information)
Command duration or timeout: 10.01 seconds
Build info: version: &apos;2.53.0&apos;, revision: &apos;35ae25b1534ae328c771e0856c93e187490ca824&apos;, time: &apos;2016-03-15 10:43:46&apos;
System info: host: &apos;Nikil&apos;, ip: &apos;192.168.254.4&apos;, os.name: &apos;Windows 8.1&apos;, os.arch: &apos;amd64&apos;, os.version: &apos;6.3&apos;, java.version: &apos;1.8.0_131&apos;
Driver info: org.openqa.selenium.chrome.ChromeDriver
Capabilities [{applicationCacheEnabled=false, rotatable=false, mobileEmulationEnabled=false, networkConnectionEnabled=false, chrome={chromedriverVersion=2.40.565498 (ea082db3280dd6843ebfb08a625e3eb905c4f5ab), userDataDir=C:\Users\NIKILK~1\AppData\Local\Temp\scoped_dir13332_9007}, takesHeapSnapshot=true, pageLoadStrategy=normal, databaseEnabled=false, handlesAlerts=true, hasTouchScreen=false, version=67.0.3396.99, platform=WIN8_1, browserConnectionEnabled=false, nativeEvents=true, acceptSslCerts=false, acceptInsecureCerts=false, locationContextEnabled=true, webStorageEnabled=true, browserName=chrome, takesScreenshot=true, javascriptEnabled=true, cssSelectorsEnabled=true, setWindowRect=true, unexpectedAlertBehaviour=}]
Session ID: 0310d83ee2a38065a6f344275d2497a3
Exception occured: org.openqa.selenium.TimeoutException: timeout
  (Session info: chrome=67.0.3396.99)
  (Driver info: chromedriver=2.40.565498 (ea082db3280dd6843ebfb08a625e3eb905c4f5ab),platform=Windows NT 6.3.9600 x86_64) (WARNING: The server did not provide any stacktrace information)
Command duration or timeout: 10.01 seconds
Build info: version: &apos;2.53.0&apos;, revision: &apos;35ae25b1534ae328c771e0856c93e187490ca824&apos;, time: &apos;2016-03-15 10:43:46&apos;
System info: host: &apos;Nikil&apos;, ip: &apos;192.168.254.4&apos;, os.name: &apos;Windows 8.1&apos;, os.arch: &apos;amd64&apos;, os.version: &apos;6.3&apos;, java.version: &apos;1.8.0_131&apos;
Driver info: org.openqa.selenium.chrome.ChromeDriver
Capabilities [{applicationCacheEnabled=false, rotatable=false, mobileEmulationEnabled=false, networkConnectionEnabled=false, chrome={chromedriverVersion=2.40.565498 (ea082db3280dd6843ebfb08a625e3eb905c4f5ab), userDataDir=C:\Users\NIKILK~1\AppData\Local\Temp\scoped_dir13332_9007}, takesHeapSnapshot=true, pageLoadStrategy=normal, databaseEnabled=false, handlesAlerts=true, hasTouchScreen=false, version=67.0.3396.99, platform=WIN8_1, browserConnectionEnabled=false, nativeEvents=true, acceptSslCerts=false, acceptInsecureCerts=false, locationContextEnabled=true, webStorageEnabled=true, browserName=chrome, takesScreenshot=true, javascriptEnabled=true, cssSelectorsEnabled=true, setWindowRect=true, unexpectedAlertBehaviour=}]
Session ID: 0310d83ee2a38065a6f344275d2497a3
Exception occured: org.openqa.selenium.TimeoutException: timeout
  (Session info: chrome=67.0.3396.99)
  (Driver info: chromedriver=2.40.565498 (ea082db3280dd6843ebfb08a625e3eb905c4f5ab),platform=Windows NT 6.3.9600 x86_64) (WARNING: The server did not provide any stacktrace information)
Command duration or timeout: 10.01 seconds
Build info: version: &apos;2.53.0&apos;, revision: &apos;35ae25b1534ae328c771e0856c93e187490ca824&apos;, time: &apos;2016-03-15 10:43:46&apos;
System info: host: &apos;Nikil&apos;, ip: &apos;192.168.254.4&apos;, os.name: &apos;Windows 8.1&apos;, os.arch: &apos;amd64&apos;, os.version: &apos;6.3&apos;, java.version: &apos;1.8.0_131&apos;
Driver info: org.openqa.selenium.chrome.ChromeDriver
Capabilities [{applicationCacheEnabled=false, rotatable=false, mobileEmulationEnabled=false, networkConnectionEnabled=false, chrome={chromedriverVersion=2.40.565498 (ea082db3280dd6843ebfb08a625e3eb905c4f5ab), userDataDir=C:\Users\NIKILK~1\AppData\Local\Temp\scoped_dir13332_9007}, takesHeapSnapshot=true, pageLoadStrategy=normal, databaseEnabled=false, handlesAlerts=true, hasTouchScreen=false, version=67.0.3396.99, platform=WIN8_1, browserConnectionEnabled=false, nativeEvents=true, acceptSslCerts=false, acceptInsecureCerts=false, locationContextEnabled=true, webStorageEnabled=true, browserName=chrome, takesScreenshot=true, javascriptEnabled=true, cssSelectorsEnabled=true, setWindowRect=true, unexpectedAlertBehaviour=}]
Session ID: 0310d83ee2a38065a6f344275d2497a3
Exception occured: org.openqa.selenium.TimeoutException: timeout
  (Session info: chrome=67.0.3396.99)
  (Driver info: chromedriver=2.40.565498 (ea082db3280dd6843ebfb08a625e3eb905c4f5ab),platform=Windows NT 6.3.9600 x86_64) (WARNING: The server did not provide any stacktrace information)
Command duration or timeout: 10.01 seconds
Build info: version: &apos;2.53.0&apos;, revision: &apos;35ae25b1534ae328c771e0856c93e187490ca824&apos;, time: &apos;2016-03-15 10:43:46&apos;
System info: host: &apos;Nikil&apos;, ip: &apos;192.168.254.4&apos;, os.name: &apos;Windows 8.1&apos;, os.arch: &apos;amd64&apos;, os.version: &apos;6.3&apos;, java.version: &apos;1.8.0_131&apos;
Driver info: org.openqa.selenium.chrome.ChromeDriver
Capabilities [{applicationCacheEnabled=false, rotatable=false, mobileEmulationEnabled=false, networkConnectionEnabled=false, chrome={chromedriverVersion=2.40.565498 (ea082db3280dd6843ebfb08a625e3eb905c4f5ab), userDataDir=C:\Users\NIKILK~1\AppData\Local\Temp\scoped_dir13332_9007}, takesHeapSnapshot=true, pageLoadStrategy=normal, databaseEnabled=false, handlesAlerts=true, hasTouchScreen=false, version=67.0.3396.99, platform=WIN8_1, browserConnectionEnabled=false, nativeEvents=true, acceptSslCerts=false, acceptInsecureCerts=false, locationContextEnabled=true, webStorageEnabled=true, browserName=chrome, takesScreenshot=true, javascriptEnabled=true, cssSelectorsEnabled=true, setWindowRect=true, unexpectedAlertBehaviour=}]
Session ID: 0310d83ee2a38065a6f344275d2497a3
Exception occured: org.openqa.selenium.TimeoutException: timeout
  (Session info: chrome=67.0.3396.99)
  (Driver info: chromedriver=2.40.565498 (ea082db3280dd6843ebfb08a625e3eb905c4f5ab),platform=Windows NT 6.3.9600 x86_64) (WARNING: The server did not provide any stacktrace information)
Command duration or timeout: 10.01 seconds
Build info: version: &apos;2.53.0&apos;, revision: &apos;35ae25b1534ae328c771e0856c93e187490ca824&apos;, time: &apos;2016-03-15 10:43:46&apos;
System info: host: &apos;Nikil&apos;, ip: &apos;192.168.254.4&apos;, os.name: &apos;Windows 8.1&apos;, os.arch: &apos;amd64&apos;, os.version: &apos;6.3&apos;, java.version: &apos;1.8.0_131&apos;
Driver info: org.openqa.selenium.chrome.ChromeDriver
Capabilities [{applicationCacheEnabled=false, rotatable=false, mobileEmulationEnabled=false, networkConnectionEnabled=false, chrome={chromedriverVersion=2.40.565498 (ea082db3280dd6843ebfb08a625e3eb905c4f5ab), userDataDir=C:\Users\NIKILK~1\AppData\Local\Temp\scoped_dir13332_9007}, takesHeapSnapshot=true, pageLoadStrategy=normal, databaseEnabled=false, handlesAlerts=true, hasTouchScreen=false, version=67.0.3396.99, platform=WIN8_1, browserConnectionEnabled=false, nativeEvents=true, acceptSslCerts=false, acceptInsecureCerts=false, locationContextEnabled=true, webStorageEnabled=true, browserName=chrome, takesScreenshot=true, javascriptEnabled=true, cssSelectorsEnabled=true, setWindowRect=true, unexpectedAlertBehaviour=}]
Session ID: 0310d83ee2a38065a6f344275d2497a3
Exception occured: org.openqa.selenium.TimeoutException: timeout
  (Session info: chrome=67.0.3396.99)
  (Driver info: chromedriver=2.40.565498 (ea082db3280dd6843ebfb08a625e3eb905c4f5ab),platform=Windows NT 6.3.9600 x86_64) (WARNING: The server did not provide any stacktrace information)
Command duration or timeout: 10.01 seconds
Build info: version: &apos;2.53.0&apos;, revision: &apos;35ae25b1534ae328c771e0856c93e187490ca824&apos;, time: &apos;2016-03-15 10:43:46&apos;
System info: host: &apos;Nikil&apos;, ip: &apos;192.168.254.4&apos;, os.name: &apos;Windows 8.1&apos;, os.arch: &apos;amd64&apos;, os.version: &apos;6.3&apos;, java.version: &apos;1.8.0_131&apos;
Driver info: org.openqa.selenium.chrome.ChromeDriver
Capabilities [{applicationCacheEnabled=false, rotatable=false, mobileEmulationEnabled=false, networkConnectionEnabled=false, chrome={chromedriverVersion=2.40.565498 (ea082db3280dd6843ebfb08a625e3eb905c4f5ab), userDataDir=C:\Users\NIKILK~1\AppData\Local\Temp\scoped_dir13332_9007}, takesHeapSnapshot=true, pageLoadStrategy=normal, databaseEnabled=false, handlesAlerts=true, hasTouchScreen=false, version=67.0.3396.99, platform=WIN8_1, browserConnectionEnabled=false, nativeEvents=true, acceptSslCerts=false, acceptInsecureCerts=false, locationContextEnabled=true, webStorageEnabled=true, browserName=chrome, takesScreenshot=true, javascriptEnabled=true, cssSelectorsEnabled=true, setWindowRect=true, unexpectedAlertBehaviour=}]
Session ID: 0310d83ee2a38065a6f344275d2497a3
Exception occured: org.openqa.selenium.TimeoutException: timeout
  (Session info: chrome=67.0.3396.99)
  (Driver info: chromedriver=2.40.565498 (ea082db3280dd6843ebfb08a625e3eb905c4f5ab),platform=Windows NT 6.3.9600 x86_64) (WARNING: The server did not provide any stacktrace information)
Command duration or timeout: 10.01 seconds
Build info: version: &apos;2.53.0&apos;, revision: &apos;35ae25b1534ae328c771e0856c93e187490ca824&apos;, time: &apos;2016-03-15 10:43:46&apos;
System info: host: &apos;Nikil&apos;, ip: &apos;192.168.254.4&apos;, os.name: &apos;Windows 8.1&apos;, os.arch: &apos;amd64&apos;, os.version: &apos;6.3&apos;, java.version: &apos;1.8.0_131&apos;
Driver info: org.openqa.selenium.chrome.ChromeDriver
Capabilities [{applicationCacheEnabled=false, rotatable=false, mobileEmulationEnabled=false, networkConnectionEnabled=false, chrome={chromedriverVersion=2.40.565498 (ea082db3280dd6843ebfb08a625e3eb905c4f5ab), userDataDir=C:\Users\NIKILK~1\AppData\Local\Temp\scoped_dir13332_9007}, takesHeapSnapshot=true, pageLoadStrategy=normal, databaseEnabled=false, handlesAlerts=true, hasTouchScreen=false, version=67.0.3396.99, platform=WIN8_1, browserConnectionEnabled=false, nativeEvents=true, acceptSslCerts=false, acceptInsecureCerts=false, locationContextEnabled=true, webStorageEnabled=true, browserName=chrome, takesScreenshot=true, javascriptEnabled=true, cssSelectorsEnabled=true, setWindowRect=true, unexpectedAlertBehaviour=}]
Session ID: 0310d83ee2a38065a6f344275d2497a3
Exception occured: org.openqa.selenium.TimeoutException: timeout
  (Session info: chrome=67.0.3396.99)
  (Driver info: chromedriver=2.40.565498 (ea082db3280dd6843ebfb08a625e3eb905c4f5ab),platform=Windows NT 6.3.9600 x86_64) (WARNING: The server did not provide any stacktrace information)
Command duration or timeout: 10.01 seconds
Build info: version: &apos;2.53.0&apos;, revision: &apos;35ae25b1534ae328c771e0856c93e187490ca824&apos;, time: &apos;2016-03-15 10:43:46&apos;
System info: host: &apos;Nikil&apos;, ip: &apos;192.168.254.4&apos;, os.name: &apos;Windows 8.1&apos;, os.arch: &apos;amd64&apos;, os.version: &apos;6.3&apos;, java.version: &apos;1.8.0_131&apos;
Driver info: org.openqa.selenium.chrome.ChromeDriver
Capabilities [{applicationCacheEnabled=false, rotatable=false, mobileEmulationEnabled=false, networkConnectionEnabled=false, chrome={chromedriverVersion=2.40.565498 (ea082db3280dd6843ebfb08a625e3eb905c4f5ab), userDataDir=C:\Users\NIKILK~1\AppData\Local\Temp\scoped_dir13332_9007}, takesHeapSnapshot=true, pageLoadStrategy=normal, databaseEnabled=false, handlesAlerts=true, hasTouchScreen=false, version=67.0.3396.99, platform=WIN8_1, browserConnectionEnabled=false, nativeEvents=true, acceptSslCerts=false, acceptInsecureCerts=false, locationContextEnabled=true, webStorageEnabled=true, browserName=chrome, takesScreenshot=true, javascriptEnabled=true, cssSelectorsEnabled=true, setWindowRect=true, unexpectedAlertBehaviour=}]
Session ID: 0310d83ee2a38065a6f344275d2497a3
Exception occured: org.openqa.selenium.TimeoutException: timeout
  (Session info: chrome=67.0.3396.99)
  (Driver info: chromedriver=2.40.565498 (ea082db3280dd6843ebfb08a625e3eb905c4f5ab),platform=Windows NT 6.3.9600 x86_64) (WARNING: The server did not provide any stacktrace information)
Command duration or timeout: 10.01 seconds
Build info: version: &apos;2.53.0&apos;, revision: &apos;35ae25b1534ae328c771e0856c93e187490ca824&apos;, time: &apos;2016-03-15 10:43:46&apos;
System info: host: &apos;Nikil&apos;, ip: &apos;192.168.254.4&apos;, os.name: &apos;Windows 8.1&apos;, os.arch: &apos;amd64&apos;, os.version: &apos;6.3&apos;, java.version: &apos;1.8.0_131&apos;
Driver info: org.openqa.selenium.chrome.ChromeDriver
Capabilities [{applicationCacheEnabled=false, rotatable=false, mobileEmulationEnabled=false, networkConnectionEnabled=false, chrome={chromedriverVersion=2.40.565498 (ea082db3280dd6843ebfb08a625e3eb905c4f5ab), userDataDir=C:\Users\NIKILK~1\AppData\Local\Temp\scoped_dir13332_9007}, takesHeapSnapshot=true, pageLoadStrategy=normal, databaseEnabled=false, handlesAlerts=true, hasTouchScreen=false, version=67.0.3396.99, platform=WIN8_1, browserConnectionEnabled=false, nativeEvents=true, acceptSslCerts=false, acceptInsecureCerts=false, locationContextEnabled=true, webStorageEnabled=true, browserName=chrome, takesScreenshot=true, javascriptEnabled=true, cssSelectorsEnabled=true, setWindowRect=true, unexpectedAlertBehaviour=}]
Session ID: 0310d83ee2a38065a6f344275d2497a3
Exception occured: org.openqa.selenium.TimeoutException: timeout
  (Session info: chrome=67.0.3396.99)
  (Driver info: chromedriver=2.40.565498 (ea082db3280dd6843ebfb08a625e3eb905c4f5ab),platform=Windows NT 6.3.9600 x86_64) (WARNING: The server did not provide any stacktrace information)
Command duration or timeout: 10.01 seconds
Build info: version: &apos;2.53.0&apos;, revision: &apos;35ae25b1534ae328c771e0856c93e187490ca824&apos;, time: &apos;2016-03-15 10:43:46&apos;
System info: host: &apos;Nikil&apos;, ip: &apos;192.168.254.4&apos;, os.name: &apos;Windows 8.1&apos;, os.arch: &apos;amd64&apos;, os.version: &apos;6.3&apos;, java.version: &apos;1.8.0_131&apos;
Driver info: org.openqa.selenium.chrome.ChromeDriver
Capabilities [{applicationCacheEnabled=false, rotatable=false, mobileEmulationEnabled=false, networkConnectionEnabled=false, chrome={chromedriverVersion=2.40.565498 (ea082db3280dd6843ebfb08a625e3eb905c4f5ab), userDataDir=C:\Users\NIKILK~1\AppData\Local\Temp\scoped_dir13332_9007}, takesHeapSnapshot=true, pageLoadStrategy=normal, databaseEnabled=false, handlesAlerts=true, hasTouchScreen=false, version=67.0.3396.99, platform=WIN8_1, browserConnectionEnabled=false, nativeEvents=true, acceptSslCerts=false, acceptInsecureCerts=false, locationContextEnabled=true, webStorageEnabled=true, browserName=chrome, takesScreenshot=true, javascriptEnabled=true, cssSelectorsEnabled=true, setWindowRect=true, unexpectedAlertBehaviour=}]
Session ID: 0310d83ee2a38065a6f344275d2497a3
Exception occured: org.openqa.selenium.TimeoutException: timeout
  (Session info: chrome=67.0.3396.99)
  (Driver info: chromedriver=2.40.565498 (ea082db3280dd6843ebfb08a625e3eb905c4f5ab),platform=Windows NT 6.3.9600 x86_64) (WARNING: The server did not provide any stacktrace information)
Command duration or timeout: 10.01 seconds
Build info: version: &apos;2.53.0&apos;, revision: &apos;35ae25b1534ae328c771e0856c93e187490ca824&apos;, time: &apos;2016-03-15 10:43:46&apos;
System info: host: &apos;Nikil&apos;, ip: &apos;192.168.254.4&apos;, os.name: &apos;Windows 8.1&apos;, os.arch: &apos;amd64&apos;, os.version: &apos;6.3&apos;, java.version: &apos;1.8.0_131&apos;
Driver info: org.openqa.selenium.chrome.ChromeDriver
Capabilities [{applicationCacheEnabled=false, rotatable=false, mobileEmulationEnabled=false, networkConnectionEnabled=false, chrome={chromedriverVersion=2.40.565498 (ea082db3280dd6843ebfb08a625e3eb905c4f5ab), userDataDir=C:\Users\NIKILK~1\AppData\Local\Temp\scoped_dir13332_9007}, takesHeapSnapshot=true, pageLoadStrategy=normal, databaseEnabled=false, handlesAlerts=true, hasTouchScreen=false, version=67.0.3396.99, platform=WIN8_1, browserConnectionEnabled=false, nativeEvents=true, acceptSslCerts=false, acceptInsecureCerts=false, locationContextEnabled=true, webStorageEnabled=true, browserName=chrome, takesScreenshot=true, javascriptEnabled=true, cssSelectorsEnabled=true, setWindowRect=true, unexpectedAlertBehaviour=}]
Session ID: 0310d83ee2a38065a6f344275d2497a3
Exception occured: org.openqa.selenium.TimeoutException: timeout
  (Session info: chrome=67.0.3396.99)
  (Driver info: chromedriver=2.40.565498 (ea082db3280dd6843ebfb08a625e3eb905c4f5ab),platform=Windows NT 6.3.9600 x86_64) (WARNING: The server did not provide any stacktrace information)
Command duration or timeout: 10.01 seconds
Build info: version: &apos;2.53.0&apos;, revision: &apos;35ae25b1534ae328c771e0856c93e187490ca824&apos;, time: &apos;2016-03-15 10:43:46&apos;
System info: host: &apos;Nikil&apos;, ip: &apos;192.168.254.4&apos;, os.name: &apos;Windows 8.1&apos;, os.arch: &apos;amd64&apos;, os.version: &apos;6.3&apos;, java.version: &apos;1.8.0_131&apos;
Driver info: org.openqa.selenium.chrome.ChromeDriver
Capabilities [{applicationCacheEnabled=false, rotatable=false, mobileEmulationEnabled=false, networkConnectionEnabled=false, chrome={chromedriverVersion=2.40.565498 (ea082db3280dd6843ebfb08a625e3eb905c4f5ab), userDataDir=C:\Users\NIKILK~1\AppData\Local\Temp\scoped_dir13332_9007}, takesHeapSnapshot=true, pageLoadStrategy=normal, databaseEnabled=false, handlesAlerts=true, hasTouchScreen=false, version=67.0.3396.99, platform=WIN8_1, browserConnectionEnabled=false, nativeEvents=true, acceptSslCerts=false, acceptInsecureCerts=false, locationContextEnabled=true, webStorageEnabled=true, browserName=chrome, takesScreenshot=true, javascriptEnabled=true, cssSelectorsEnabled=true, setWindowRect=true, unexpectedAlertBehaviour=}]
Session ID: 0310d83ee2a38065a6f344275d2497a3
Exception occured: org.openqa.selenium.TimeoutException: timeout
  (Session info: chrome=67.0.3396.99)
  (Driver info: chromedriver=2.40.565498 (ea082db3280dd6843ebfb08a625e3eb905c4f5ab),platform=Windows NT 6.3.9600 x86_64) (WARNING: The server did not provide any stacktrace information)
Command duration or timeout: 10.01 seconds
Build info: version: &apos;2.53.0&apos;, revision: &apos;35ae25b1534ae328c771e0856c93e187490ca824&apos;, time: &apos;2016-03-15 10:43:46&apos;
System info: host: &apos;Nikil&apos;, ip: &apos;192.168.254.4&apos;, os.name: &apos;Windows 8.1&apos;, os.arch: &apos;amd64&apos;, os.version: &apos;6.3&apos;, java.version: &apos;1.8.0_131&apos;
Driver info: org.openqa.selenium.chrome.ChromeDriver
Capabilities [{applicationCacheEnabled=false, rotatable=false, mobileEmulationEnabled=false, networkConnectionEnabled=false, chrome={chromedriverVersion=2.40.565498 (ea082db3280dd6843ebfb08a625e3eb905c4f5ab), userDataDir=C:\Users\NIKILK~1\AppData\Local\Temp\scoped_dir13332_9007}, takesHeapSnapshot=true, pageLoadStrategy=normal, databaseEnabled=false, handlesAlerts=true, hasTouchScreen=false, version=67.0.3396.99, platform=WIN8_1, browserConnectionEnabled=false, nativeEvents=true, acceptSslCerts=false, acceptInsecureCerts=false, locationContextEnabled=true, webStorageEnabled=true, browserName=chrome, takesScreenshot=true, javascriptEnabled=true, cssSelectorsEnabled=true, setWindowRect=true, unexpectedAlertBehaviour=}]
Session ID: 0310d83ee2a38065a6f344275d2497a3
Exception occured: org.openqa.selenium.TimeoutException: timeout
  (Session info: chrome=67.0.3396.99)
  (Driver info: chromedriver=2.40.565498 (ea082db3280dd6843ebfb08a625e3eb905c4f5ab),platform=Windows NT 6.3.9600 x86_64) (WARNING: The server did not provide any stacktrace information)
Command duration or timeout: 10.01 seconds
Build info: version: &apos;2.53.0&apos;, revision: &apos;35ae25b1534ae328c771e0856c93e187490ca824&apos;, time: &apos;2016-03-15 10:43:46&apos;
System info: host: &apos;Nikil&apos;, ip: &apos;192.168.254.4&apos;, os.name: &apos;Windows 8.1&apos;, os.arch: &apos;amd64&apos;, os.version: &apos;6.3&apos;, java.version: &apos;1.8.0_131&apos;
Driver info: org.openqa.selenium.chrome.ChromeDriver
Capabilities [{applicationCacheEnabled=false, rotatable=false, mobileEmulationEnabled=false, networkConnectionEnabled=false, chrome={chromedriverVersion=2.40.565498 (ea082db3280dd6843ebfb08a625e3eb905c4f5ab), userDataDir=C:\Users\NIKILK~1\AppData\Local\Temp\scoped_dir13332_9007}, takesHeapSnapshot=true, pageLoadStrategy=normal, databaseEnabled=false, handlesAlerts=true, hasTouchScreen=false, version=67.0.3396.99, platform=WIN8_1, browserConnectionEnabled=false, nativeEvents=true, acceptSslCerts=false, acceptInsecureCerts=false, locationContextEnabled=true, webStorageEnabled=true, browserName=chrome, takesScreenshot=true, javascriptEnabled=true, cssSelectorsEnabled=true, setWindowRect=true, unexpectedAlertBehaviour=}]
Session ID: 0310d83ee2a38065a6f344275d2497a3
Exception occured: org.openqa.selenium.TimeoutException: timeout
  (Session info: chrome=67.0.3396.99)
  (Driver info: chromedriver=2.40.565498 (ea082db3280dd6843ebfb08a625e3eb905c4f5ab),platform=Windows NT 6.3.9600 x86_64) (WARNING: The server did not provide any stacktrace information)
Command duration or timeout: 10.01 seconds
Build info: version: &apos;2.53.0&apos;, revision: &apos;35ae25b1534ae328c771e0856c93e187490ca824&apos;, time: &apos;2016-03-15 10:43:46&apos;
System info: host: &apos;Nikil&apos;, ip: &apos;192.168.254.4&apos;, os.name: &apos;Windows 8.1&apos;, os.arch: &apos;amd64&apos;, os.version: &apos;6.3&apos;, java.version: &apos;1.8.0_131&apos;
Driver info: org.openqa.selenium.chrome.ChromeDriver
Capabilities [{applicationCacheEnabled=false, rotatable=false, mobileEmulationEnabled=false, networkConnectionEnabled=false, chrome={chromedriverVersion=2.40.565498 (ea082db3280dd6843ebfb08a625e3eb905c4f5ab), userDataDir=C:\Users\NIKILK~1\AppData\Local\Temp\scoped_dir13332_9007}, takesHeapSnapshot=true, pageLoadStrategy=normal, databaseEnabled=false, handlesAlerts=true, hasTouchScreen=false, version=67.0.3396.99, platform=WIN8_1, browserConnectionEnabled=false, nativeEvents=true, acceptSslCerts=false, acceptInsecureCerts=false, locationContextEnabled=true, webStorageEnabled=true, browserName=chrome, takesScreenshot=true, javascriptEnabled=true, cssSelectorsEnabled=true, setWindowRect=true, unexpectedAlertBehaviour=}]
Session ID: 0310d83ee2a38065a6f344275d2497a3
Exception occured: org.openqa.selenium.TimeoutException: timeout
  (Session info: chrome=67.0.3396.99)
  (Driver info: chromedriver=2.40.565498 (ea082db3280dd6843ebfb08a625e3eb905c4f5ab),platform=Windows NT 6.3.9600 x86_64) (WARNING: The server did not provide any stacktrace information)
Command duration or timeout: 10.01 seconds
Build info: version: &apos;2.53.0&apos;, revision: &apos;35ae25b1534ae328c771e0856c93e187490ca824&apos;, time: &apos;2016-03-15 10:43:46&apos;
System info: host: &apos;Nikil&apos;, ip: &apos;192.168.254.4&apos;, os.name: &apos;Windows 8.1&apos;, os.arch: &apos;amd64&apos;, os.version: &apos;6.3&apos;, java.version: &apos;1.8.0_131&apos;
Driver info: org.openqa.selenium.chrome.ChromeDriver
Capabilities [{applicationCacheEnabled=false, rotatable=false, mobileEmulationEnabled=false, networkConnectionEnabled=false, chrome={chromedriverVersion=2.40.565498 (ea082db3280dd6843ebfb08a625e3eb905c4f5ab), userDataDir=C:\Users\NIKILK~1\AppData\Local\Temp\scoped_dir13332_9007}, takesHeapSnapshot=true, pageLoadStrategy=normal, databaseEnabled=false, handlesAlerts=true, hasTouchScreen=false, version=67.0.3396.99, platform=WIN8_1, browserConnectionEnabled=false, nativeEvents=true, acceptSslCerts=false, acceptInsecureCerts=false, locationContextEnabled=true, webStorageEnabled=true, browserName=chrome, takesScreenshot=true, javascriptEnabled=true, cssSelectorsEnabled=true, setWindowRect=true, unexpectedAlertBehaviour=}]
Session ID: 0310d83ee2a38065a6f344275d2497a3
Exception occured: org.openqa.selenium.TimeoutException: timeout
  (Session info: chrome=67.0.3396.99)
  (Driver info: chromedriver=2.40.565498 (ea082db3280dd6843ebfb08a625e3eb905c4f5ab),platform=Windows NT 6.3.9600 x86_64) (WARNING: The server did not provide any stacktrace information)
Command duration or timeout: 10.01 seconds
Build info: version: &apos;2.53.0&apos;, revision: &apos;35ae25b1534ae328c771e0856c93e187490ca824&apos;, time: &apos;2016-03-15 10:43:46&apos;
System info: host: &apos;Nikil&apos;, ip: &apos;192.168.254.4&apos;, os.name: &apos;Windows 8.1&apos;, os.arch: &apos;amd64&apos;, os.version: &apos;6.3&apos;, java.version: &apos;1.8.0_131&apos;
Driver info: org.openqa.selenium.chrome.ChromeDriver
Capabilities [{applicationCacheEnabled=false, rotatable=false, mobileEmulationEnabled=false, networkConnectionEnabled=false, chrome={chromedriverVersion=2.40.565498 (ea082db3280dd6843ebfb08a625e3eb905c4f5ab), userDataDir=C:\Users\NIKILK~1\AppData\Local\Temp\scoped_dir13332_9007}, takesHeapSnapshot=true, pageLoadStrategy=normal, databaseEnabled=false, handlesAlerts=true, hasTouchScreen=false, version=67.0.3396.99, platform=WIN8_1, browserConnectionEnabled=false, nativeEvents=true, acceptSslCerts=false, acceptInsecureCerts=false, locationContextEnabled=true, webStorageEnabled=true, browserName=chrome, takesScreenshot=true, javascriptEnabled=true, cssSelectorsEnabled=true, setWindowRect=true, unexpectedAlertBehaviour=}]
Session ID: 0310d83ee2a38065a6f344275d2497a3
Exception occured: org.openqa.selenium.TimeoutException: timeout
  (Session info: chrome=67.0.3396.99)
  (Driver info: chromedriver=2.40.565498 (ea082db3280dd6843ebfb08a625e3eb905c4f5ab),platform=Windows NT 6.3.9600 x86_64) (WARNING: The server did not provide any stacktrace information)
Command duration or timeout: 10.01 seconds
Build info: version: &apos;2.53.0&apos;, revision: &apos;35ae25b1534ae328c771e0856c93e187490ca824&apos;, time: &apos;2016-03-15 10:43:46&apos;
System info: host: &apos;Nikil&apos;, ip: &apos;192.168.254.4&apos;, os.name: &apos;Windows 8.1&apos;, os.arch: &apos;amd64&apos;, os.version: &apos;6.3&apos;, java.version: &apos;1.8.0_131&apos;
Driver info: org.openqa.selenium.chrome.ChromeDriver
Capabilities [{applicationCacheEnabled=false, rotatable=false, mobileEmulationEnabled=false, networkConnectionEnabled=false, chrome={chromedriverVersion=2.40.565498 (ea082db3280dd6843ebfb08a625e3eb905c4f5ab), userDataDir=C:\Users\NIKILK~1\AppData\Local\Temp\scoped_dir13332_9007}, takesHeapSnapshot=true, pageLoadStrategy=normal, databaseEnabled=false, handlesAlerts=true, hasTouchScreen=false, version=67.0.3396.99, platform=WIN8_1, browserConnectionEnabled=false, nativeEvents=true, acceptSslCerts=false, acceptInsecureCerts=false, locationContextEnabled=true, webStorageEnabled=true, browserName=chrome, takesScreenshot=true, javascriptEnabled=true, cssSelectorsEnabled=true, setWindowRect=true, unexpectedAlertBehaviour=}]
Session ID: 0310d83ee2a38065a6f344275d2497a3
Exception occured: org.openqa.selenium.TimeoutException: timeout
  (Session info: chrome=67.0.3396.99)
  (Driver info: chromedriver=2.40.565498 (ea082db3280dd6843ebfb08a625e3eb905c4f5ab),platform=Windows NT 6.3.9600 x86_64) (WARNING: The server did not provide any stacktrace information)
Command duration or timeout: 10.01 seconds
Build info: version: &apos;2.53.0&apos;, revision: &apos;35ae25b1534ae328c771e0856c93e187490ca824&apos;, time: &apos;2016-03-15 10:43:46&apos;
System info: host: &apos;Nikil&apos;, ip: &apos;192.168.254.4&apos;, os.name: &apos;Windows 8.1&apos;, os.arch: &apos;amd64&apos;, os.version: &apos;6.3&apos;, java.version: &apos;1.8.0_131&apos;
Driver info: org.openqa.selenium.chrome.ChromeDriver
Capabilities [{applicationCacheEnabled=false, rotatable=false, mobileEmulationEnabled=false, networkConnectionEnabled=false, chrome={chromedriverVersion=2.40.565498 (ea082db3280dd6843ebfb08a625e3eb905c4f5ab), userDataDir=C:\Users\NIKILK~1\AppData\Local\Temp\scoped_dir13332_9007}, takesHeapSnapshot=true, pageLoadStrategy=normal, databaseEnabled=false, handlesAlerts=true, hasTouchScreen=false, version=67.0.3396.99, platform=WIN8_1, browserConnectionEnabled=false, nativeEvents=true, acceptSslCerts=false, acceptInsecureCerts=false, locationContextEnabled=true, webStorageEnabled=true, browserName=chrome, takesScreenshot=true, javascriptEnabled=true, cssSelectorsEnabled=true, setWindowRect=true, unexpectedAlertBehaviour=}]
Session ID: 0310d83ee2a38065a6f344275d2497a3
Exception occured: org.openqa.selenium.TimeoutException: timeout
  (Session info: chrome=67.0.3396.99)
  (Driver info: chromedriver=2.40.565498 (ea082db3280dd6843ebfb08a625e3eb905c4f5ab),platform=Windows NT 6.3.9600 x86_64) (WARNING: The server did not provide any stacktrace information)
Command duration or timeout: 10.01 seconds
Build info: version: &apos;2.53.0&apos;, revision: &apos;35ae25b1534ae328c771e0856c93e187490ca824&apos;, time: &apos;2016-03-15 10:43:46&apos;
System info: host: &apos;Nikil&apos;, ip: &apos;192.168.254.4&apos;, os.name: &apos;Windows 8.1&apos;, os.arch: &apos;amd64&apos;, os.version: &apos;6.3&apos;, java.version: &apos;1.8.0_131&apos;
Driver info: org.openqa.selenium.chrome.ChromeDriver
Capabilities [{applicationCacheEnabled=false, rotatable=false, mobileEmulationEnabled=false, networkConnectionEnabled=false, chrome={chromedriverVersion=2.40.565498 (ea082db3280dd6843ebfb08a625e3eb905c4f5ab), userDataDir=C:\Users\NIKILK~1\AppData\Local\Temp\scoped_dir13332_9007}, takesHeapSnapshot=true, pageLoadStrategy=normal, databaseEnabled=false, handlesAlerts=true, hasTouchScreen=false, version=67.0.3396.99, platform=WIN8_1, browserConnectionEnabled=false, nativeEvents=true, acceptSslCerts=false, acceptInsecureCerts=false, locationContextEnabled=true, webStorageEnabled=true, browserName=chrome, takesScreenshot=true, javascriptEnabled=true, cssSelectorsEnabled=true, setWindowRect=true, unexpectedAlertBehaviour=}]
Session ID: 0310d83ee2a38065a6f344275d2497a3
Exception occured: org.openqa.selenium.TimeoutException: timeout
  (Session info: chrome=67.0.3396.99)
  (Driver info: chromedriver=2.40.565498 (ea082db3280dd6843ebfb08a625e3eb905c4f5ab),platform=Windows NT 6.3.9600 x86_64) (WARNING: The server did not provide any stacktrace information)
Command duration or timeout: 10.01 seconds
Build info: version: &apos;2.53.0&apos;, revision: &apos;35ae25b1534ae328c771e0856c93e187490ca824&apos;, time: &apos;2016-03-15 10:43:46&apos;
System info: host: &apos;Nikil&apos;, ip: &apos;192.168.254.4&apos;, os.name: &apos;Windows 8.1&apos;, os.arch: &apos;amd64&apos;, os.version: &apos;6.3&apos;, java.version: &apos;1.8.0_131&apos;
Driver info: org.openqa.selenium.chrome.ChromeDriver
Capabilities [{applicationCacheEnabled=false, rotatable=false, mobileEmulationEnabled=false, networkConnectionEnabled=false, chrome={chromedriverVersion=2.40.565498 (ea082db3280dd6843ebfb08a625e3eb905c4f5ab), userDataDir=C:\Users\NIKILK~1\AppData\Local\Temp\scoped_dir13332_9007}, takesHeapSnapshot=true, pageLoadStrategy=normal, databaseEnabled=false, handlesAlerts=true, hasTouchScreen=false, version=67.0.3396.99, platform=WIN8_1, browserConnectionEnabled=false, nativeEvents=true, acceptSslCerts=false, acceptInsecureCerts=false, locationContextEnabled=true, webStorageEnabled=true, browserName=chrome, takesScreenshot=true, javascriptEnabled=true, cssSelectorsEnabled=true, setWindowRect=true, unexpectedAlertBehaviour=}]
Session ID: 0310d83ee2a38065a6f344275d2497a3
Exception occured: org.openqa.selenium.TimeoutException: timeout
  (Session info: chrome=67.0.3396.99)
  (Driver info: chromedriver=2.40.565498 (ea082db3280dd6843ebfb08a625e3eb905c4f5ab),platform=Windows NT 6.3.9600 x86_64) (WARNING: The server did not provide any stacktrace information)
Command duration or timeout: 10.01 seconds
Build info: version: &apos;2.53.0&apos;, revision: &apos;35ae25b1534ae328c771e0856c93e187490ca824&apos;, time: &apos;2016-03-15 10:43:46&apos;
System info: host: &apos;Nikil&apos;, ip: &apos;192.168.254.4&apos;, os.name: &apos;Windows 8.1&apos;, os.arch: &apos;amd64&apos;, os.version: &apos;6.3&apos;, java.version: &apos;1.8.0_131&apos;
Driver info: org.openqa.selenium.chrome.ChromeDriver
Capabilities [{applicationCacheEnabled=false, rotatable=false, mobileEmulationEnabled=false, networkConnectionEnabled=false, chrome={chromedriverVersion=2.40.565498 (ea082db3280dd6843ebfb08a625e3eb905c4f5ab), userDataDir=C:\Users\NIKILK~1\AppData\Local\Temp\scoped_dir13332_9007}, takesHeapSnapshot=true, pageLoadStrategy=normal, databaseEnabled=false, handlesAlerts=true, hasTouchScreen=false, version=67.0.3396.99, platform=WIN8_1, browserConnectionEnabled=false, nativeEvents=true, acceptSslCerts=false, acceptInsecureCerts=false, locationContextEnabled=true, webStorageEnabled=true, browserName=chrome, takesScreenshot=true, javascriptEnabled=true, cssSelectorsEnabled=true, setWindowRect=true, unexpectedAlertBehaviour=}]
Session ID: 0310d83ee2a38065a6f344275d2497a3
Exception occured: org.openqa.selenium.TimeoutException: timeout
  (Session info: chrome=67.0.3396.99)
  (Driver info: chromedriver=2.40.565498 (ea082db3280dd6843ebfb08a625e3eb905c4f5ab),platform=Windows NT 6.3.9600 x86_64) (WARNING: The server did not provide any stacktrace information)
Command duration or timeout: 10.01 seconds
Build info: version: &apos;2.53.0&apos;, revision: &apos;35ae25b1534ae328c771e0856c93e187490ca824&apos;, time: &apos;2016-03-15 10:43:46&apos;
System info: host: &apos;Nikil&apos;, ip: &apos;192.168.254.4&apos;, os.name: &apos;Windows 8.1&apos;, os.arch: &apos;amd64&apos;, os.version: &apos;6.3&apos;, java.version: &apos;1.8.0_131&apos;
Driver info: org.openqa.selenium.chrome.ChromeDriver
Capabilities [{applicationCacheEnabled=false, rotatable=false, mobileEmulationEnabled=false, networkConnectionEnabled=false, chrome={chromedriverVersion=2.40.565498 (ea082db3280dd6843ebfb08a625e3eb905c4f5ab), userDataDir=C:\Users\NIKILK~1\AppData\Local\Temp\scoped_dir13332_9007}, takesHeapSnapshot=true, pageLoadStrategy=normal, databaseEnabled=false, handlesAlerts=true, hasTouchScreen=false, version=67.0.3396.99, platform=WIN8_1, browserConnectionEnabled=false, nativeEvents=true, acceptSslCerts=false, acceptInsecureCerts=false, locationContextEnabled=true, webStorageEnabled=true, browserName=chrome, takesScreenshot=true, javascriptEnabled=true, cssSelectorsEnabled=true, setWindowRect=true, unexpectedAlertBehaviour=}]
Session ID: 0310d83ee2a38065a6f344275d2497a3
Exception occured: org.openqa.selenium.TimeoutException: timeout
  (Session info: chrome=67.0.3396.99)
  (Driver info: chromedriver=2.40.565498 (ea082db3280dd6843ebfb08a625e3eb905c4f5ab),platform=Windows NT 6.3.9600 x86_64) (WARNING: The server did not provide any stacktrace information)
Command duration or timeout: 10.01 seconds
Build info: version: &apos;2.53.0&apos;, revision: &apos;35ae25b1534ae328c771e0856c93e187490ca824&apos;, time: &apos;2016-03-15 10:43:46&apos;
System info: host: &apos;Nikil&apos;, ip: &apos;192.168.254.4&apos;, os.name: &apos;Windows 8.1&apos;, os.arch: &apos;amd64&apos;, os.version: &apos;6.3&apos;, java.version: &apos;1.8.0_131&apos;
Driver info: org.openqa.selenium.chrome.ChromeDriver
Capabilities [{applicationCacheEnabled=false, rotatable=false, mobileEmulationEnabled=false, networkConnectionEnabled=false, chrome={chromedriverVersion=2.40.565498 (ea082db3280dd6843ebfb08a625e3eb905c4f5ab), userDataDir=C:\Users\NIKILK~1\AppData\Local\Temp\scoped_dir13332_9007}, takesHeapSnapshot=true, pageLoadStrategy=normal, databaseEnabled=false, handlesAlerts=true, hasTouchScreen=false, version=67.0.3396.99, platform=WIN8_1, browserConnectionEnabled=false, nativeEvents=true, acceptSslCerts=false, acceptInsecureCerts=false, locationContextEnabled=true, webStorageEnabled=true, browserName=chrome, takesScreenshot=true, javascriptEnabled=true, cssSelectorsEnabled=true, setWindowRect=true, unexpectedAlertBehaviour=}]
Session ID: 0310d83ee2a38065a6f344275d2497a3
Exception occured: org.openqa.selenium.TimeoutException: timeout
  (Session info: chrome=67.0.3396.99)
  (Driver info: chromedriver=2.40.565498 (ea082db3280dd6843ebfb08a625e3eb905c4f5ab),platform=Windows NT 6.3.9600 x86_64) (WARNING: The server did not provide any stacktrace information)
Command duration or timeout: 10.01 seconds
Build info: version: &apos;2.53.0&apos;, revision: &apos;35ae25b1534ae328c771e0856c93e187490ca824&apos;, time: &apos;2016-03-15 10:43:46&apos;
System info: host: &apos;Nikil&apos;, ip: &apos;192.168.254.4&apos;, os.name: &apos;Windows 8.1&apos;, os.arch: &apos;amd64&apos;, os.version: &apos;6.3&apos;, java.version: &apos;1.8.0_131&apos;
Driver info: org.openqa.selenium.chrome.ChromeDriver
Capabilities [{applicationCacheEnabled=false, rotatable=false, mobileEmulationEnabled=false, networkConnectionEnabled=false, chrome={chromedriverVersion=2.40.565498 (ea082db3280dd6843ebfb08a625e3eb905c4f5ab), userDataDir=C:\Users\NIKILK~1\AppData\Local\Temp\scoped_dir13332_9007}, takesHeapSnapshot=true, pageLoadStrategy=normal, databaseEnabled=false, handlesAlerts=true, hasTouchScreen=false, version=67.0.3396.99, platform=WIN8_1, browserConnectionEnabled=false, nativeEvents=true, acceptSslCerts=false, acceptInsecureCerts=false, locationContextEnabled=true, webStorageEnabled=true, browserName=chrome, takesScreenshot=true, javascriptEnabled=true, cssSelectorsEnabled=true, setWindowRect=true, unexpectedAlertBehaviour=}]
Session ID: 0310d83ee2a38065a6f344275d2497a3
Exception occured: org.openqa.selenium.TimeoutException: timeout
  (Session info: chrome=67.0.3396.99)
  (Driver info: chromedriver=2.40.565498 (ea082db3280dd6843ebfb08a625e3eb905c4f5ab),platform=Windows NT 6.3.9600 x86_64) (WARNING: The server did not provide any stacktrace information)
Command duration or timeout: 10.01 seconds
Build info: version: &apos;2.53.0&apos;, revision: &apos;35ae25b1534ae328c771e0856c93e187490ca824&apos;, time: &apos;2016-03-15 10:43:46&apos;
System info: host: &apos;Nikil&apos;, ip: &apos;192.168.254.4&apos;, os.name: &apos;Windows 8.1&apos;, os.arch: &apos;amd64&apos;, os.version: &apos;6.3&apos;, java.version: &apos;1.8.0_131&apos;
Driver info: org.openqa.selenium.chrome.ChromeDriver
Capabilities [{applicationCacheEnabled=false, rotatable=false, mobileEmulationEnabled=false, networkConnectionEnabled=false, chrome={chromedriverVersion=2.40.565498 (ea082db3280dd6843ebfb08a625e3eb905c4f5ab), userDataDir=C:\Users\NIKILK~1\AppData\Local\Temp\scoped_dir13332_9007}, takesHeapSnapshot=true, pageLoadStrategy=normal, databaseEnabled=false, handlesAlerts=true, hasTouchScreen=false, version=67.0.3396.99, platform=WIN8_1, browserConnectionEnabled=false, nativeEvents=true, acceptSslCerts=false, acceptInsecureCerts=false, locationContextEnabled=true, webStorageEnabled=true, browserName=chrome, takesScreenshot=true, javascriptEnabled=true, cssSelectorsEnabled=true, setWindowRect=true, unexpectedAlertBehaviour=}]
Session ID: 0310d83ee2a38065a6f344275d2497a3
Exception occured: org.openqa.selenium.TimeoutException: timeout
  (Session info: chrome=67.0.3396.99)
  (Driver info: chromedriver=2.40.565498 (ea082db3280dd6843ebfb08a625e3eb905c4f5ab),platform=Windows NT 6.3.9600 x86_64) (WARNING: The server did not provide any stacktrace information)
Command duration or timeout: 10.01 seconds
Build info: version: &apos;2.53.0&apos;, revision: &apos;35ae25b1534ae328c771e0856c93e187490ca824&apos;, time: &apos;2016-03-15 10:43:46&apos;
System info: host: &apos;Nikil&apos;, ip: &apos;192.168.254.4&apos;, os.name: &apos;Windows 8.1&apos;, os.arch: &apos;amd64&apos;, os.version: &apos;6.3&apos;, java.version: &apos;1.8.0_131&apos;
Driver info: org.openqa.selenium.chrome.ChromeDriver
Capabilities [{applicationCacheEnabled=false, rotatable=false, mobileEmulationEnabled=false, networkConnectionEnabled=false, chrome={chromedriverVersion=2.40.565498 (ea082db3280dd6843ebfb08a625e3eb905c4f5ab), userDataDir=C:\Users\NIKILK~1\AppData\Local\Temp\scoped_dir13332_9007}, takesHeapSnapshot=true, pageLoadStrategy=normal, databaseEnabled=false, handlesAlerts=true, hasTouchScreen=false, version=67.0.3396.99, platform=WIN8_1, browserConnectionEnabled=false, nativeEvents=true, acceptSslCerts=false, acceptInsecureCerts=false, locationContextEnabled=true, webStorageEnabled=true, browserName=chrome, takesScreenshot=true, javascriptEnabled=true, cssSelectorsEnabled=true, setWindowRect=true, unexpectedAlertBehaviour=}]
Session ID: 0310d83ee2a38065a6f344275d2497a3
Exception occured: org.openqa.selenium.TimeoutException: timeout
  (Session info: chrome=67.0.3396.99)
  (Driver info: chromedriver=2.40.565498 (ea082db3280dd6843ebfb08a625e3eb905c4f5ab),platform=Windows NT 6.3.9600 x86_64) (WARNING: The server did not provide any stacktrace information)
Command duration or timeout: 10.01 seconds
Build info: version: &apos;2.53.0&apos;, revision: &apos;35ae25b1534ae328c771e0856c93e187490ca824&apos;, time: &apos;2016-03-15 10:43:46&apos;
System info: host: &apos;Nikil&apos;, ip: &apos;192.168.254.4&apos;, os.name: &apos;Windows 8.1&apos;, os.arch: &apos;amd64&apos;, os.version: &apos;6.3&apos;, java.version: &apos;1.8.0_131&apos;
Driver info: org.openqa.selenium.chrome.ChromeDriver
Capabilities [{applicationCacheEnabled=false, rotatable=false, mobileEmulationEnabled=false, networkConnectionEnabled=false, chrome={chromedriverVersion=2.40.565498 (ea082db3280dd6843ebfb08a625e3eb905c4f5ab), userDataDir=C:\Users\NIKILK~1\AppData\Local\Temp\scoped_dir13332_9007}, takesHeapSnapshot=true, pageLoadStrategy=normal, databaseEnabled=false, handlesAlerts=true, hasTouchScreen=false, version=67.0.3396.99, platform=WIN8_1, browserConnectionEnabled=false, nativeEvents=true, acceptSslCerts=false, acceptInsecureCerts=false, locationContextEnabled=true, webStorageEnabled=true, browserName=chrome, takesScreenshot=true, javascriptEnabled=true, cssSelectorsEnabled=true, setWindowRect=true, unexpectedAlertBehaviour=}]
Session ID: 0310d83ee2a38065a6f344275d2497a3
Exception occured: org.openqa.selenium.TimeoutException: timeout
  (Session info: chrome=67.0.3396.99)
  (Driver info: chromedriver=2.40.565498 (ea082db3280dd6843ebfb08a625e3eb905c4f5ab),platform=Windows NT 6.3.9600 x86_64) (WARNING: The server did not provide any stacktrace information)
Command duration or timeout: 10.01 seconds
Build info: version: &apos;2.53.0&apos;, revision: &apos;35ae25b1534ae328c771e0856c93e187490ca824&apos;, time: &apos;2016-03-15 10:43:46&apos;
System info: host: &apos;Nikil&apos;, ip: &apos;192.168.254.4&apos;, os.name: &apos;Windows 8.1&apos;, os.arch: &apos;amd64&apos;, os.version: &apos;6.3&apos;, java.version: &apos;1.8.0_131&apos;
Driver info: org.openqa.selenium.chrome.ChromeDriver
Capabilities [{applicationCacheEnabled=false, rotatable=false, mobileEmulationEnabled=false, networkConnectionEnabled=false, chrome={chromedriverVersion=2.40.565498 (ea082db3280dd6843ebfb08a625e3eb905c4f5ab), userDataDir=C:\Users\NIKILK~1\AppData\Local\Temp\scoped_dir13332_9007}, takesHeapSnapshot=true, pageLoadStrategy=normal, databaseEnabled=false, handlesAlerts=true, hasTouchScreen=false, version=67.0.3396.99, platform=WIN8_1, browserConnectionEnabled=false, nativeEvents=true, acceptSslCerts=false, acceptInsecureCerts=false, locationContextEnabled=true, webStorageEnabled=true, browserName=chrome, takesScreenshot=true, javascriptEnabled=true, cssSelectorsEnabled=true, setWindowRect=true, unexpectedAlertBehaviour=}]
Session ID: 0310d83ee2a38065a6f344275d2497a3
Exception occured: org.openqa.selenium.TimeoutException: timeout
  (Session info: chrome=67.0.3396.99)
  (Driver info: chromedriver=2.40.565498 (ea082db3280dd6843ebfb08a625e3eb905c4f5ab),platform=Windows NT 6.3.9600 x86_64) (WARNING: The server did not provide any stacktrace information)
Command duration or timeout: 10.01 seconds
Build info: version: &apos;2.53.0&apos;, revision: &apos;35ae25b1534ae328c771e0856c93e187490ca824&apos;, time: &apos;2016-03-15 10:43:46&apos;
System info: host: &apos;Nikil&apos;, ip: &apos;192.168.254.4&apos;, os.name: &apos;Windows 8.1&apos;, os.arch: &apos;amd64&apos;, os.version: &apos;6.3&apos;, java.version: &apos;1.8.0_131&apos;
Driver info: org.openqa.selenium.chrome.ChromeDriver
Capabilities [{applicationCacheEnabled=false, rotatable=false, mobileEmulationEnabled=false, networkConnectionEnabled=false, chrome={chromedriverVersion=2.40.565498 (ea082db3280dd6843ebfb08a625e3eb905c4f5ab), userDataDir=C:\Users\NIKILK~1\AppData\Local\Temp\scoped_dir13332_9007}, takesHeapSnapshot=true, pageLoadStrategy=normal, databaseEnabled=false, handlesAlerts=true, hasTouchScreen=false, version=67.0.3396.99, platform=WIN8_1, browserConnectionEnabled=false, nativeEvents=true, acceptSslCerts=false, acceptInsecureCerts=false, locationContextEnabled=true, webStorageEnabled=true, browserName=chrome, takesScreenshot=true, javascriptEnabled=true, cssSelectorsEnabled=true, setWindowRect=true, unexpectedAlertBehaviour=}]
Session ID: 0310d83ee2a38065a6f344275d2497a3
Exception occured: org.openqa.selenium.TimeoutException: timeout
  (Session info: chrome=67.0.3396.99)
  (Driver info: chromedriver=2.40.565498 (ea082db3280dd6843ebfb08a625e3eb905c4f5ab),platform=Windows NT 6.3.9600 x86_64) (WARNING: The server did not provide any stacktrace information)
Command duration or timeout: 10.01 seconds
Build info: version: &apos;2.53.0&apos;, revision: &apos;35ae25b1534ae328c771e0856c93e187490ca824&apos;, time: &apos;2016-03-15 10:43:46&apos;
System info: host: &apos;Nikil&apos;, ip: &apos;192.168.254.4&apos;, os.name: &apos;Windows 8.1&apos;, os.arch: &apos;amd64&apos;, os.version: &apos;6.3&apos;, java.version: &apos;1.8.0_131&apos;
Driver info: org.openqa.selenium.chrome.ChromeDriver
Capabilities [{applicationCacheEnabled=false, rotatable=false, mobileEmulationEnabled=false, networkConnectionEnabled=false, chrome={chromedriverVersion=2.40.565498 (ea082db3280dd6843ebfb08a625e3eb905c4f5ab), userDataDir=C:\Users\NIKILK~1\AppData\Local\Temp\scoped_dir13332_9007}, takesHeapSnapshot=true, pageLoadStrategy=normal, databaseEnabled=false, handlesAlerts=true, hasTouchScreen=false, version=67.0.3396.99, platform=WIN8_1, browserConnectionEnabled=false, nativeEvents=true, acceptSslCerts=false, acceptInsecureCerts=false, locationContextEnabled=true, webStorageEnabled=true, browserName=chrome, takesScreenshot=true, javascriptEnabled=true, cssSelectorsEnabled=true, setWindowRect=true, unexpectedAlertBehaviour=}]
Session ID: 0310d83ee2a38065a6f344275d2497a3
Exception occured: org.openqa.selenium.TimeoutException: timeout
  (Session info: chrome=67.0.3396.99)
  (Driver info: chromedriver=2.40.565498 (ea082db3280dd6843ebfb08a625e3eb905c4f5ab),platform=Windows NT 6.3.9600 x86_64) (WARNING: The server did not provide any stacktrace information)
Command duration or timeout: 10.01 seconds
Build info: version: &apos;2.53.0&apos;, revision: &apos;35ae25b1534ae328c771e0856c93e187490ca824&apos;, time: &apos;2016-03-15 10:43:46&apos;
System info: host: &apos;Nikil&apos;, ip: &apos;192.168.254.4&apos;, os.name: &apos;Windows 8.1&apos;, os.arch: &apos;amd64&apos;, os.version: &apos;6.3&apos;, java.version: &apos;1.8.0_131&apos;
Driver info: org.openqa.selenium.chrome.ChromeDriver
Capabilities [{applicationCacheEnabled=false, rotatable=false, mobileEmulationEnabled=false, networkConnectionEnabled=false, chrome={chromedriverVersion=2.40.565498 (ea082db3280dd6843ebfb08a625e3eb905c4f5ab), userDataDir=C:\Users\NIKILK~1\AppData\Local\Temp\scoped_dir13332_9007}, takesHeapSnapshot=true, pageLoadStrategy=normal, databaseEnabled=false, handlesAlerts=true, hasTouchScreen=false, version=67.0.3396.99, platform=WIN8_1, browserConnectionEnabled=false, nativeEvents=true, acceptSslCerts=false, acceptInsecureCerts=false, locationContextEnabled=true, webStorageEnabled=true, browserName=chrome, takesScreenshot=true, javascriptEnabled=true, cssSelectorsEnabled=true, setWindowRect=true, unexpectedAlertBehaviour=}]
Session ID: 0310d83ee2a38065a6f344275d2497a3
Exception occured: org.openqa.selenium.TimeoutException: timeout
  (Session info: chrome=67.0.3396.99)
  (Driver info: chromedriver=2.40.565498 (ea082db3280dd6843ebfb08a625e3eb905c4f5ab),platform=Windows NT 6.3.9600 x86_64) (WARNING: The server did not provide any stacktrace information)
Command duration or timeout: 10.01 seconds
Build info: version: &apos;2.53.0&apos;, revision: &apos;35ae25b1534ae328c771e0856c93e187490ca824&apos;, time: &apos;2016-03-15 10:43:46&apos;
System info: host: &apos;Nikil&apos;, ip: &apos;192.168.254.4&apos;, os.name: &apos;Windows 8.1&apos;, os.arch: &apos;amd64&apos;, os.version: &apos;6.3&apos;, java.version: &apos;1.8.0_131&apos;
Driver info: org.openqa.selenium.chrome.ChromeDriver
Capabilities [{applicationCacheEnabled=false, rotatable=false, mobileEmulationEnabled=false, networkConnectionEnabled=false, chrome={chromedriverVersion=2.40.565498 (ea082db3280dd6843ebfb08a625e3eb905c4f5ab), userDataDir=C:\Users\NIKILK~1\AppData\Local\Temp\scoped_dir13332_9007}, takesHeapSnapshot=true, pageLoadStrategy=normal, databaseEnabled=false, handlesAlerts=true, hasTouchScreen=false, version=67.0.3396.99, platform=WIN8_1, browserConnectionEnabled=false, nativeEvents=true, acceptSslCerts=false, acceptInsecureCerts=false, locationContextEnabled=true, webStorageEnabled=true, browserName=chrome, takesScreenshot=true, javascriptEnabled=true, cssSelectorsEnabled=true, setWindowRect=true, unexpectedAlertBehaviour=}]
Session ID: 0310d83ee2a38065a6f344275d2497a3
Exception occured: org.openqa.selenium.TimeoutException: timeout
  (Session info: chrome=67.0.3396.99)
  (Driver info: chromedriver=2.40.565498 (ea082db3280dd6843ebfb08a625e3eb905c4f5ab),platform=Windows NT 6.3.9600 x86_64) (WARNING: The server did not provide any stacktrace information)
Command duration or timeout: 10.01 seconds
Build info: version: &apos;2.53.0&apos;, revision: &apos;35ae25b1534ae328c771e0856c93e187490ca824&apos;, time: &apos;2016-03-15 10:43:46&apos;
System info: host: &apos;Nikil&apos;, ip: &apos;192.168.254.4&apos;, os.name: &apos;Windows 8.1&apos;, os.arch: &apos;amd64&apos;, os.version: &apos;6.3&apos;, java.version: &apos;1.8.0_131&apos;
Driver info: org.openqa.selenium.chrome.ChromeDriver
Capabilities [{applicationCacheEnabled=false, rotatable=false, mobileEmulationEnabled=false, networkConnectionEnabled=false, chrome={chromedriverVersion=2.40.565498 (ea082db3280dd6843ebfb08a625e3eb905c4f5ab), userDataDir=C:\Users\NIKILK~1\AppData\Local\Temp\scoped_dir13332_9007}, takesHeapSnapshot=true, pageLoadStrategy=normal, databaseEnabled=false, handlesAlerts=true, hasTouchScreen=false, version=67.0.3396.99, platform=WIN8_1, browserConnectionEnabled=false, nativeEvents=true, acceptSslCerts=false, acceptInsecureCerts=false, locationContextEnabled=true, webStorageEnabled=true, browserName=chrome, takesScreenshot=true, javascriptEnabled=true, cssSelectorsEnabled=true, setWindowRect=true, unexpectedAlertBehaviour=}]
Session ID: 0310d83ee2a38065a6f344275d2497a3
Exception occured: org.openqa.selenium.TimeoutException: timeout
  (Session info: chrome=67.0.3396.99)
  (Driver info: chromedriver=2.40.565498 (ea082db3280dd6843ebfb08a625e3eb905c4f5ab),platform=Windows NT 6.3.9600 x86_64) (WARNING: The server did not provide any stacktrace information)
Command duration or timeout: 10.01 seconds
Build info: version: &apos;2.53.0&apos;, revision: &apos;35ae25b1534ae328c771e0856c93e187490ca824&apos;, time: &apos;2016-03-15 10:43:46&apos;
System info: host: &apos;Nikil&apos;, ip: &apos;192.168.254.4&apos;, os.name: &apos;Windows 8.1&apos;, os.arch: &apos;amd64&apos;, os.version: &apos;6.3&apos;, java.version: &apos;1.8.0_131&apos;
Driver info: org.openqa.selenium.chrome.ChromeDriver
Capabilities [{applicationCacheEnabled=false, rotatable=false, mobileEmulationEnabled=false, networkConnectionEnabled=false, chrome={chromedriverVersion=2.40.565498 (ea082db3280dd6843ebfb08a625e3eb905c4f5ab), userDataDir=C:\Users\NIKILK~1\AppData\Local\Temp\scoped_dir13332_9007}, takesHeapSnapshot=true, pageLoadStrategy=normal, databaseEnabled=false, handlesAlerts=true, hasTouchScreen=false, version=67.0.3396.99, platform=WIN8_1, browserConnectionEnabled=false, nativeEvents=true, acceptSslCerts=false, acceptInsecureCerts=false, locationContextEnabled=true, webStorageEnabled=true, browserName=chrome, takesScreenshot=true, javascriptEnabled=true, cssSelectorsEnabled=true, setWindowRect=true, unexpectedAlertBehaviour=}]
Session ID: 0310d83ee2a38065a6f344275d2497a3
Exception occured: org.openqa.selenium.TimeoutException: timeout
  (Session info: chrome=67.0.3396.99)
  (Driver info: chromedriver=2.40.565498 (ea082db3280dd6843ebfb08a625e3eb905c4f5ab),platform=Windows NT 6.3.9600 x86_64) (WARNING: The server did not provide any stacktrace information)
Command duration or timeout: 10.01 seconds
Build info: version: &apos;2.53.0&apos;, revision: &apos;35ae25b1534ae328c771e0856c93e187490ca824&apos;, time: &apos;2016-03-15 10:43:46&apos;
System info: host: &apos;Nikil&apos;, ip: &apos;192.168.254.4&apos;, os.name: &apos;Windows 8.1&apos;, os.arch: &apos;amd64&apos;, os.version: &apos;6.3&apos;, java.version: &apos;1.8.0_131&apos;
Driver info: org.openqa.selenium.chrome.ChromeDriver
Capabilities [{applicationCacheEnabled=false, rotatable=false, mobileEmulationEnabled=false, networkConnectionEnabled=false, chrome={chromedriverVersion=2.40.565498 (ea082db3280dd6843ebfb08a625e3eb905c4f5ab), userDataDir=C:\Users\NIKILK~1\AppData\Local\Temp\scoped_dir13332_9007}, takesHeapSnapshot=true, pageLoadStrategy=normal, databaseEnabled=false, handlesAlerts=true, hasTouchScreen=false, version=67.0.3396.99, platform=WIN8_1, browserConnectionEnabled=false, nativeEvents=true, acceptSslCerts=false, acceptInsecureCerts=false, locationContextEnabled=true, webStorageEnabled=true, browserName=chrome, takesScreenshot=true, javascriptEnabled=true, cssSelectorsEnabled=true, setWindowRect=true, unexpectedAlertBehaviour=}]
Session ID: 0310d83ee2a38065a6f344275d2497a3
Exception occured: org.openqa.selenium.TimeoutException: timeout
  (Session info: chrome=67.0.3396.99)
  (Driver info: chromedriver=2.40.565498 (ea082db3280dd6843ebfb08a625e3eb905c4f5ab),platform=Windows NT 6.3.9600 x86_64) (WARNING: The server did not provide any stacktrace information)
Command duration or timeout: 10.01 seconds
Build info: version: &apos;2.53.0&apos;, revision: &apos;35ae25b1534ae328c771e0856c93e187490ca824&apos;, time: &apos;2016-03-15 10:43:46&apos;
System info: host: &apos;Nikil&apos;, ip: &apos;192.168.254.4&apos;, os.name: &apos;Windows 8.1&apos;, os.arch: &apos;amd64&apos;, os.version: &apos;6.3&apos;, java.version: &apos;1.8.0_131&apos;
Driver info: org.openqa.selenium.chrome.ChromeDriver
Capabilities [{applicationCacheEnabled=false, rotatable=false, mobileEmulationEnabled=false, networkConnectionEnabled=false, chrome={chromedriverVersion=2.40.565498 (ea082db3280dd6843ebfb08a625e3eb905c4f5ab), userDataDir=C:\Users\NIKILK~1\AppData\Local\Temp\scoped_dir13332_9007}, takesHeapSnapshot=true, pageLoadStrategy=normal, databaseEnabled=false, handlesAlerts=true, hasTouchScreen=false, version=67.0.3396.99, platform=WIN8_1, browserConnectionEnabled=false, nativeEvents=true, acceptSslCerts=false, acceptInsecureCerts=false, locationContextEnabled=true, webStorageEnabled=true, browserName=chrome, takesScreenshot=true, javascriptEnabled=true, cssSelectorsEnabled=true, setWindowRect=true, unexpectedAlertBehaviour=}]
Session ID: 0310d83ee2a38065a6f344275d2497a3
Exception occured: org.openqa.selenium.TimeoutException: timeout
  (Session info: chrome=67.0.3396.99)
  (Driver info: chromedriver=2.40.565498 (ea082db3280dd6843ebfb08a625e3eb905c4f5ab),platform=Windows NT 6.3.9600 x86_64) (WARNING: The server did not provide any stacktrace information)
Command duration or timeout: 10.01 seconds
Build info: version: &apos;2.53.0&apos;, revision: &apos;35ae25b1534ae328c771e0856c93e187490ca824&apos;, time: &apos;2016-03-15 10:43:46&apos;
System info: host: &apos;Nikil&apos;, ip: &apos;192.168.254.4&apos;, os.name: &apos;Windows 8.1&apos;, os.arch: &apos;amd64&apos;, os.version: &apos;6.3&apos;, java.version: &apos;1.8.0_131&apos;
Driver info: org.openqa.selenium.chrome.ChromeDriver
Capabilities [{applicationCacheEnabled=false, rotatable=false, mobileEmulationEnabled=false, networkConnectionEnabled=false, chrome={chromedriverVersion=2.40.565498 (ea082db3280dd6843ebfb08a625e3eb905c4f5ab), userDataDir=C:\Users\NIKILK~1\AppData\Local\Temp\scoped_dir13332_9007}, takesHeapSnapshot=true, pageLoadStrategy=normal, databaseEnabled=false, handlesAlerts=true, hasTouchScreen=false, version=67.0.3396.99, platform=WIN8_1, browserConnectionEnabled=false, nativeEvents=true, acceptSslCerts=false, acceptInsecureCerts=false, locationContextEnabled=true, webStorageEnabled=true, browserName=chrome, takesScreenshot=true, javascriptEnabled=true, cssSelectorsEnabled=true, setWindowRect=true, unexpectedAlertBehaviour=}]
Session ID: 0310d83ee2a38065a6f344275d2497a3
Exception occured: org.openqa.selenium.TimeoutException: timeout
  (Session info: chrome=67.0.3396.99)
  (Driver info: chromedriver=2.40.565498 (ea082db3280dd6843ebfb08a625e3eb905c4f5ab),platform=Windows NT 6.3.9600 x86_64) (WARNING: The server did not provide any stacktrace information)
Command duration or timeout: 10.01 seconds
Build info: version: &apos;2.53.0&apos;, revision: &apos;35ae25b1534ae328c771e0856c93e187490ca824&apos;, time: &apos;2016-03-15 10:43:46&apos;
System info: host: &apos;Nikil&apos;, ip: &apos;192.168.254.4&apos;, os.name: &apos;Windows 8.1&apos;, os.arch: &apos;amd64&apos;, os.version: &apos;6.3&apos;, java.version: &apos;1.8.0_131&apos;
Driver info: org.openqa.selenium.chrome.ChromeDriver
Capabilities [{applicationCacheEnabled=false, rotatable=false, mobileEmulationEnabled=false, networkConnectionEnabled=false, chrome={chromedriverVersion=2.40.565498 (ea082db3280dd6843ebfb08a625e3eb905c4f5ab), userDataDir=C:\Users\NIKILK~1\AppData\Local\Temp\scoped_dir13332_9007}, takesHeapSnapshot=true, pageLoadStrategy=normal, databaseEnabled=false, handlesAlerts=true, hasTouchScreen=false, version=67.0.3396.99, platform=WIN8_1, browserConnectionEnabled=false, nativeEvents=true, acceptSslCerts=false, acceptInsecureCerts=false, locationContextEnabled=true, webStorageEnabled=true, browserName=chrome, takesScreenshot=true, javascriptEnabled=true, cssSelectorsEnabled=true, setWindowRect=true, unexpectedAlertBehaviour=}]
Session ID: 0310d83ee2a38065a6f344275d2497a3
Exception occured: org.openqa.selenium.TimeoutException: timeout
  (Session info: chrome=67.0.3396.99)
  (Driver info: chromedriver=2.40.565498 (ea082db3280dd6843ebfb08a625e3eb905c4f5ab),platform=Windows NT 6.3.9600 x86_64) (WARNING: The server did not provide any stacktrace information)
Command duration or timeout: 10.01 seconds
Build info: version: &apos;2.53.0&apos;, revision: &apos;35ae25b1534ae328c771e0856c93e187490ca824&apos;, time: &apos;2016-03-15 10:43:46&apos;
System info: host: &apos;Nikil&apos;, ip: &apos;192.168.254.4&apos;, os.name: &apos;Windows 8.1&apos;, os.arch: &apos;amd64&apos;, os.version: &apos;6.3&apos;, java.version: &apos;1.8.0_131&apos;
Driver info: org.openqa.selenium.chrome.ChromeDriver
Capabilities [{applicationCacheEnabled=false, rotatable=false, mobileEmulationEnabled=false, networkConnectionEnabled=false, chrome={chromedriverVersion=2.40.565498 (ea082db3280dd6843ebfb08a625e3eb905c4f5ab), userDataDir=C:\Users\NIKILK~1\AppData\Local\Temp\scoped_dir13332_9007}, takesHeapSnapshot=true, pageLoadStrategy=normal, databaseEnabled=false, handlesAlerts=true, hasTouchScreen=false, version=67.0.3396.99, platform=WIN8_1, browserConnectionEnabled=false, nativeEvents=true, acceptSslCerts=false, acceptInsecureCerts=false, locationContextEnabled=true, webStorageEnabled=true, browserName=chrome, takesScreenshot=true, javascriptEnabled=true, cssSelectorsEnabled=true, setWindowRect=true, unexpectedAlertBehaviour=}]
Session ID: 0310d83ee2a38065a6f344275d2497a3
Exception occured: org.openqa.selenium.TimeoutException: timeout
  (Session info: chrome=67.0.3396.99)
  (Driver info: chromedriver=2.40.565498 (ea082db3280dd6843ebfb08a625e3eb905c4f5ab),platform=Windows NT 6.3.9600 x86_64) (WARNING: The server did not provide any stacktrace information)
Command duration or timeout: 10.01 seconds
Build info: version: &apos;2.53.0&apos;, revision: &apos;35ae25b1534ae328c771e0856c93e187490ca824&apos;, time: &apos;2016-03-15 10:43:46&apos;
System info: host: &apos;Nikil&apos;, ip: &apos;192.168.254.4&apos;, os.name: &apos;Windows 8.1&apos;, os.arch: &apos;amd64&apos;, os.version: &apos;6.3&apos;, java.version: &apos;1.8.0_131&apos;
Driver info: org.openqa.selenium.chrome.ChromeDriver
Capabilities [{applicationCacheEnabled=false, rotatable=false, mobileEmulationEnabled=false, networkConnectionEnabled=false, chrome={chromedriverVersion=2.40.565498 (ea082db3280dd6843ebfb08a625e3eb905c4f5ab), userDataDir=C:\Users\NIKILK~1\AppData\Local\Temp\scoped_dir13332_9007}, takesHeapSnapshot=true, pageLoadStrategy=normal, databaseEnabled=false, handlesAlerts=true, hasTouchScreen=false, version=67.0.3396.99, platform=WIN8_1, browserConnectionEnabled=false, nativeEvents=true, acceptSslCerts=false, acceptInsecureCerts=false, locationContextEnabled=true, webStorageEnabled=true, browserName=chrome, takesScreenshot=true, javascriptEnabled=true, cssSelectorsEnabled=true, setWindowRect=true, unexpectedAlertBehaviour=}]
Session ID: 0310d83ee2a38065a6f344275d2497a3
Exception occured: org.openqa.selenium.TimeoutException: timeout
  (Session info: chrome=67.0.3396.99)
  (Driver info: chromedriver=2.40.565498 (ea082db3280dd6843ebfb08a625e3eb905c4f5ab),platform=Windows NT 6.3.9600 x86_64) (WARNING: The server did not provide any stacktrace information)
Command duration or timeout: 10.01 seconds
Build info: version: &apos;2.53.0&apos;, revision: &apos;35ae25b1534ae328c771e0856c93e187490ca824&apos;, time: &apos;2016-03-15 10:43:46&apos;
System info: host: &apos;Nikil&apos;, ip: &apos;192.168.254.4&apos;, os.name: &apos;Windows 8.1&apos;, os.arch: &apos;amd64&apos;, os.version: &apos;6.3&apos;, java.version: &apos;1.8.0_131&apos;
Driver info: org.openqa.selenium.chrome.ChromeDriver
Capabilities [{applicationCacheEnabled=false, rotatable=false, mobileEmulationEnabled=false, networkConnectionEnabled=false, chrome={chromedriverVersion=2.40.565498 (ea082db3280dd6843ebfb08a625e3eb905c4f5ab), userDataDir=C:\Users\NIKILK~1\AppData\Local\Temp\scoped_dir13332_9007}, takesHeapSnapshot=true, pageLoadStrategy=normal, databaseEnabled=false, handlesAlerts=true, hasTouchScreen=false, version=67.0.3396.99, platform=WIN8_1, browserConnectionEnabled=false, nativeEvents=true, acceptSslCerts=false, acceptInsecureCerts=false, locationContextEnabled=true, webStorageEnabled=true, browserName=chrome, takesScreenshot=true, javascriptEnabled=true, cssSelectorsEnabled=true, setWindowRect=true, unexpectedAlertBehaviour=}]
Session ID: 0310d83ee2a38065a6f344275d2497a3
Exception occured: org.openqa.selenium.TimeoutException: timeout
  (Session info: chrome=67.0.3396.99)
  (Driver info: chromedriver=2.40.565498 (ea082db3280dd6843ebfb08a625e3eb905c4f5ab),platform=Windows NT 6.3.9600 x86_64) (WARNING: The server did not provide any stacktrace information)
Command duration or timeout: 10.01 seconds
Build info: version: &apos;2.53.0&apos;, revision: &apos;35ae25b1534ae328c771e0856c93e187490ca824&apos;, time: &apos;2016-03-15 10:43:46&apos;
System info: host: &apos;Nikil&apos;, ip: &apos;192.168.254.4&apos;, os.name: &apos;Windows 8.1&apos;, os.arch: &apos;amd64&apos;, os.version: &apos;6.3&apos;, java.version: &apos;1.8.0_131&apos;
Driver info: org.openqa.selenium.chrome.ChromeDriver
Capabilities [{applicationCacheEnabled=false, rotatable=false, mobileEmulationEnabled=false, networkConnectionEnabled=false, chrome={chromedriverVersion=2.40.565498 (ea082db3280dd6843ebfb08a625e3eb905c4f5ab), userDataDir=C:\Users\NIKILK~1\AppData\Local\Temp\scoped_dir13332_9007}, takesHeapSnapshot=true, pageLoadStrategy=normal, databaseEnabled=false, handlesAlerts=true, hasTouchScreen=false, version=67.0.3396.99, platform=WIN8_1, browserConnectionEnabled=false, nativeEvents=true, acceptSslCerts=false, acceptInsecureCerts=false, locationContextEnabled=true, webStorageEnabled=true, browserName=chrome, takesScreenshot=true, javascriptEnabled=true, cssSelectorsEnabled=true, setWindowRect=true, unexpectedAlertBehaviour=}]
Session ID: 0310d83ee2a38065a6f344275d2497a3
Exception occured: org.openqa.selenium.TimeoutException: timeout
  (Session info: chrome=67.0.3396.99)
  (Driver info: chromedriver=2.40.565498 (ea082db3280dd6843ebfb08a625e3eb905c4f5ab),platform=Windows NT 6.3.9600 x86_64) (WARNING: The server did not provide any stacktrace information)
Command duration or timeout: 10.01 seconds
Build info: version: &apos;2.53.0&apos;, revision: &apos;35ae25b1534ae328c771e0856c93e187490ca824&apos;, time: &apos;2016-03-15 10:43:46&apos;
System info: host: &apos;Nikil&apos;, ip: &apos;192.168.254.4&apos;, os.name: &apos;Windows 8.1&apos;, os.arch: &apos;amd64&apos;, os.version: &apos;6.3&apos;, java.version: &apos;1.8.0_131&apos;
Driver info: org.openqa.selenium.chrome.ChromeDriver
Capabilities [{applicationCacheEnabled=false, rotatable=false, mobileEmulationEnabled=false, networkConnectionEnabled=false, chrome={chromedriverVersion=2.40.565498 (ea082db3280dd6843ebfb08a625e3eb905c4f5ab), userDataDir=C:\Users\NIKILK~1\AppData\Local\Temp\scoped_dir13332_9007}, takesHeapSnapshot=true, pageLoadStrategy=normal, databaseEnabled=false, handlesAlerts=true, hasTouchScreen=false, version=67.0.3396.99, platform=WIN8_1, browserConnectionEnabled=false, nativeEvents=true, acceptSslCerts=false, acceptInsecureCerts=false, locationContextEnabled=true, webStorageEnabled=true, browserName=chrome, takesScreenshot=true, javascriptEnabled=true, cssSelectorsEnabled=true, setWindowRect=true, unexpectedAlertBehaviour=}]
Session ID: 0310d83ee2a38065a6f344275d2497a3
Exception occured: org.openqa.selenium.TimeoutException: timeout
  (Session info: chrome=67.0.3396.99)
  (Driver info: chromedriver=2.40.565498 (ea082db3280dd6843ebfb08a625e3eb905c4f5ab),platform=Windows NT 6.3.9600 x86_64) (WARNING: The server did not provide any stacktrace information)
Command duration or timeout: 10.01 seconds
Build info: version: &apos;2.53.0&apos;, revision: &apos;35ae25b1534ae328c771e0856c93e187490ca824&apos;, time: &apos;2016-03-15 10:43:46&apos;
System info: host: &apos;Nikil&apos;, ip: &apos;192.168.254.4&apos;, os.name: &apos;Windows 8.1&apos;, os.arch: &apos;amd64&apos;, os.version: &apos;6.3&apos;, java.version: &apos;1.8.0_131&apos;
Driver info: org.openqa.selenium.chrome.ChromeDriver
Capabilities [{applicationCacheEnabled=false, rotatable=false, mobileEmulationEnabled=false, networkConnectionEnabled=false, chrome={chromedriverVersion=2.40.565498 (ea082db3280dd6843ebfb08a625e3eb905c4f5ab), userDataDir=C:\Users\NIKILK~1\AppData\Local\Temp\scoped_dir13332_9007}, takesHeapSnapshot=true, pageLoadStrategy=normal, databaseEnabled=false, handlesAlerts=true, hasTouchScreen=false, version=67.0.3396.99, platform=WIN8_1, browserConnectionEnabled=false, nativeEvents=true, acceptSslCerts=false, acceptInsecureCerts=false, locationContextEnabled=true, webStorageEnabled=true, browserName=chrome, takesScreenshot=true, javascriptEnabled=true, cssSelectorsEnabled=true, setWindowRect=true, unexpectedAlertBehaviour=}]
Session ID: 0310d83ee2a38065a6f344275d2497a3
Exception occured: org.openqa.selenium.TimeoutException: timeout
  (Session info: chrome=67.0.3396.99)
  (Driver info: chromedriver=2.40.565498 (ea082db3280dd6843ebfb08a625e3eb905c4f5ab),platform=Windows NT 6.3.9600 x86_64) (WARNING: The server did not provide any stacktrace information)
Command duration or timeout: 10.01 seconds
Build info: version: &apos;2.53.0&apos;, revision: &apos;35ae25b1534ae328c771e0856c93e187490ca824&apos;, time: &apos;2016-03-15 10:43:46&apos;
System info: host: &apos;Nikil&apos;, ip: &apos;192.168.254.4&apos;, os.name: &apos;Windows 8.1&apos;, os.arch: &apos;amd64&apos;, os.version: &apos;6.3&apos;, java.version: &apos;1.8.0_131&apos;
Driver info: org.openqa.selenium.chrome.ChromeDriver
Capabilities [{applicationCacheEnabled=false, rotatable=false, mobileEmulationEnabled=false, networkConnectionEnabled=false, chrome={chromedriverVersion=2.40.565498 (ea082db3280dd6843ebfb08a625e3eb905c4f5ab), userDataDir=C:\Users\NIKILK~1\AppData\Local\Temp\scoped_dir13332_9007}, takesHeapSnapshot=true, pageLoadStrategy=normal, databaseEnabled=false, handlesAlerts=true, hasTouchScreen=false, version=67.0.3396.99, platform=WIN8_1, browserConnectionEnabled=false, nativeEvents=true, acceptSslCerts=false, acceptInsecureCerts=false, locationContextEnabled=true, webStorageEnabled=true, browserName=chrome, takesScreenshot=true, javascriptEnabled=true, cssSelectorsEnabled=true, setWindowRect=true, unexpectedAlertBehaviour=}]
Session ID: 0310d83ee2a38065a6f344275d2497a3
Exception occured: org.openqa.selenium.TimeoutException: timeout
  (Session info: chrome=67.0.3396.99)
  (Driver info: chromedriver=2.40.565498 (ea082db3280dd6843ebfb08a625e3eb905c4f5ab),platform=Windows NT 6.3.9600 x86_64) (WARNING: The server did not provide any stacktrace information)
Command duration or timeout: 10.01 seconds
Build info: version: &apos;2.53.0&apos;, revision: &apos;35ae25b1534ae328c771e0856c93e187490ca824&apos;, time: &apos;2016-03-15 10:43:46&apos;
System info: host: &apos;Nikil&apos;, ip: &apos;192.168.254.4&apos;, os.name: &apos;Windows 8.1&apos;, os.arch: &apos;amd64&apos;, os.version: &apos;6.3&apos;, java.version: &apos;1.8.0_131&apos;
Driver info: org.openqa.selenium.chrome.ChromeDriver
Capabilities [{applicationCacheEnabled=false, rotatable=false, mobileEmulationEnabled=false, networkConnectionEnabled=false, chrome={chromedriverVersion=2.40.565498 (ea082db3280dd6843ebfb08a625e3eb905c4f5ab), userDataDir=C:\Users\NIKILK~1\AppData\Local\Temp\scoped_dir13332_9007}, takesHeapSnapshot=true, pageLoadStrategy=normal, databaseEnabled=false, handlesAlerts=true, hasTouchScreen=false, version=67.0.3396.99, platform=WIN8_1, browserConnectionEnabled=false, nativeEvents=true, acceptSslCerts=false, acceptInsecureCerts=false, locationContextEnabled=true, webStorageEnabled=true, browserName=chrome, takesScreenshot=true, javascriptEnabled=true, cssSelectorsEnabled=true, setWindowRect=true, unexpectedAlertBehaviour=}]
Session ID: 0310d83ee2a38065a6f344275d2497a3
Exception occured: org.openqa.selenium.TimeoutException: timeout
  (Session info: chrome=67.0.3396.99)
  (Driver info: chromedriver=2.40.565498 (ea082db3280dd6843ebfb08a625e3eb905c4f5ab),platform=Windows NT 6.3.9600 x86_64) (WARNING: The server did not provide any stacktrace information)
Command duration or timeout: 10.01 seconds
Build info: version: &apos;2.53.0&apos;, revision: &apos;35ae25b1534ae328c771e0856c93e187490ca824&apos;, time: &apos;2016-03-15 10:43:46&apos;
System info: host: &apos;Nikil&apos;, ip: &apos;192.168.254.4&apos;, os.name: &apos;Windows 8.1&apos;, os.arch: &apos;amd64&apos;, os.version: &apos;6.3&apos;, java.version: &apos;1.8.0_131&apos;
Driver info: org.openqa.selenium.chrome.ChromeDriver
Capabilities [{applicationCacheEnabled=false, rotatable=false, mobileEmulationEnabled=false, networkConnectionEnabled=false, chrome={chromedriverVersion=2.40.565498 (ea082db3280dd6843ebfb08a625e3eb905c4f5ab), userDataDir=C:\Users\NIKILK~1\AppData\Local\Temp\scoped_dir13332_9007}, takesHeapSnapshot=true, pageLoadStrategy=normal, databaseEnabled=false, handlesAlerts=true, hasTouchScreen=false, version=67.0.3396.99, platform=WIN8_1, browserConnectionEnabled=false, nativeEvents=true, acceptSslCerts=false, acceptInsecureCerts=false, locationContextEnabled=true, webStorageEnabled=true, browserName=chrome, takesScreenshot=true, javascriptEnabled=true, cssSelectorsEnabled=true, setWindowRect=true, unexpectedAlertBehaviour=}]
Session ID: 0310d83ee2a38065a6f344275d2497a3
Exception occured: org.openqa.selenium.TimeoutException: timeout
  (Session info: chrome=67.0.3396.99)
  (Driver info: chromedriver=2.40.565498 (ea082db3280dd6843ebfb08a625e3eb905c4f5ab),platform=Windows NT 6.3.9600 x86_64) (WARNING: The server did not provide any stacktrace information)
Command duration or timeout: 10.01 seconds
Build info: version: &apos;2.53.0&apos;, revision: &apos;35ae25b1534ae328c771e0856c93e187490ca824&apos;, time: &apos;2016-03-15 10:43:46&apos;
System info: host: &apos;Nikil&apos;, ip: &apos;192.168.254.4&apos;, os.name: &apos;Windows 8.1&apos;, os.arch: &apos;amd64&apos;, os.version: &apos;6.3&apos;, java.version: &apos;1.8.0_131&apos;
Driver info: org.openqa.selenium.chrome.ChromeDriver
Capabilities [{applicationCacheEnabled=false, rotatable=false, mobileEmulationEnabled=false, networkConnectionEnabled=false, chrome={chromedriverVersion=2.40.565498 (ea082db3280dd6843ebfb08a625e3eb905c4f5ab), userDataDir=C:\Users\NIKILK~1\AppData\Local\Temp\scoped_dir13332_9007}, takesHeapSnapshot=true, pageLoadStrategy=normal, databaseEnabled=false, handlesAlerts=true, hasTouchScreen=false, version=67.0.3396.99, platform=WIN8_1, browserConnectionEnabled=false, nativeEvents=true, acceptSslCerts=false, acceptInsecureCerts=false, locationContextEnabled=true, webStorageEnabled=true, browserName=chrome, takesScreenshot=true, javascriptEnabled=true, cssSelectorsEnabled=true, setWindowRect=true, unexpectedAlertBehaviour=}]
Session ID: 0310d83ee2a38065a6f344275d2497a3
Exception occured: org.openqa.selenium.TimeoutException: timeout
  (Session info: chrome=67.0.3396.99)
  (Driver info: chromedriver=2.40.565498 (ea082db3280dd6843ebfb08a625e3eb905c4f5ab),platform=Windows NT 6.3.9600 x86_64) (WARNING: The server did not provide any stacktrace information)
Command duration or timeout: 10.01 seconds
Build info: version: &apos;2.53.0&apos;, revision: &apos;35ae25b1534ae328c771e0856c93e187490ca824&apos;, time: &apos;2016-03-15 10:43:46&apos;
System info: host: &apos;Nikil&apos;, ip: &apos;192.168.254.4&apos;, os.name: &apos;Windows 8.1&apos;, os.arch: &apos;amd64&apos;, os.version: &apos;6.3&apos;, java.version: &apos;1.8.0_131&apos;
Driver info: org.openqa.selenium.chrome.ChromeDriver
Capabilities [{applicationCacheEnabled=false, rotatable=false, mobileEmulationEnabled=false, networkConnectionEnabled=false, chrome={chromedriverVersion=2.40.565498 (ea082db3280dd6843ebfb08a625e3eb905c4f5ab), userDataDir=C:\Users\NIKILK~1\AppData\Local\Temp\scoped_dir13332_9007}, takesHeapSnapshot=true, pageLoadStrategy=normal, databaseEnabled=false, handlesAlerts=true, hasTouchScreen=false, version=67.0.3396.99, platform=WIN8_1, browserConnectionEnabled=false, nativeEvents=true, acceptSslCerts=false, acceptInsecureCerts=false, locationContextEnabled=true, webStorageEnabled=true, browserName=chrome, takesScreenshot=true, javascriptEnabled=true, cssSelectorsEnabled=true, setWindowRect=true, unexpectedAlertBehaviour=}]
Session ID: 0310d83ee2a38065a6f344275d2497a3
Exception occured: org.openqa.selenium.TimeoutException: timeout
  (Session info: chrome=67.0.3396.99)
  (Driver info: chromedriver=2.40.565498 (ea082db3280dd6843ebfb08a625e3eb905c4f5ab),platform=Windows NT 6.3.9600 x86_64) (WARNING: The server did not provide any stacktrace information)
Command duration or timeout: 10.01 seconds
Build info: version: &apos;2.53.0&apos;, revision: &apos;35ae25b1534ae328c771e0856c93e187490ca824&apos;, time: &apos;2016-03-15 10:43:46&apos;
System info: host: &apos;Nikil&apos;, ip: &apos;192.168.254.4&apos;, os.name: &apos;Windows 8.1&apos;, os.arch: &apos;amd64&apos;, os.version: &apos;6.3&apos;, java.version: &apos;1.8.0_131&apos;
Driver info: org.openqa.selenium.chrome.ChromeDriver
Capabilities [{applicationCacheEnabled=false, rotatable=false, mobileEmulationEnabled=false, networkConnectionEnabled=false, chrome={chromedriverVersion=2.40.565498 (ea082db3280dd6843ebfb08a625e3eb905c4f5ab), userDataDir=C:\Users\NIKILK~1\AppData\Local\Temp\scoped_dir13332_9007}, takesHeapSnapshot=true, pageLoadStrategy=normal, databaseEnabled=false, handlesAlerts=true, hasTouchScreen=false, version=67.0.3396.99, platform=WIN8_1, browserConnectionEnabled=false, nativeEvents=true, acceptSslCerts=false, acceptInsecureCerts=false, locationContextEnabled=true, webStorageEnabled=true, browserName=chrome, takesScreenshot=true, javascriptEnabled=true, cssSelectorsEnabled=true, setWindowRect=true, unexpectedAlertBehaviour=}]
Session ID: 0310d83ee2a38065a6f344275d2497a3
Exception occured: org.openqa.selenium.TimeoutException: timeout
  (Session info: chrome=67.0.3396.99)
  (Driver info: chromedriver=2.40.565498 (ea082db3280dd6843ebfb08a625e3eb905c4f5ab),platform=Windows NT 6.3.9600 x86_64) (WARNING: The server did not provide any stacktrace information)
Command duration or timeout: 10.01 seconds
Build info: version: &apos;2.53.0&apos;, revision: &apos;35ae25b1534ae328c771e0856c93e187490ca824&apos;, time: &apos;2016-03-15 10:43:46&apos;
System info: host: &apos;Nikil&apos;, ip: &apos;192.168.254.4&apos;, os.name: &apos;Windows 8.1&apos;, os.arch: &apos;amd64&apos;, os.version: &apos;6.3&apos;, java.version: &apos;1.8.0_131&apos;
Driver info: org.openqa.selenium.chrome.ChromeDriver
Capabilities [{applicationCacheEnabled=false, rotatable=false, mobileEmulationEnabled=false, networkConnectionEnabled=false, chrome={chromedriverVersion=2.40.565498 (ea082db3280dd6843ebfb08a625e3eb905c4f5ab), userDataDir=C:\Users\NIKILK~1\AppData\Local\Temp\scoped_dir13332_9007}, takesHeapSnapshot=true, pageLoadStrategy=normal, databaseEnabled=false, handlesAlerts=true, hasTouchScreen=false, version=67.0.3396.99, platform=WIN8_1, browserConnectionEnabled=false, nativeEvents=true, acceptSslCerts=false, acceptInsecureCerts=false, locationContextEnabled=true, webStorageEnabled=true, browserName=chrome, takesScreenshot=true, javascriptEnabled=true, cssSelectorsEnabled=true, setWindowRect=true, unexpectedAlertBehaviour=}]
Session ID: 0310d83ee2a38065a6f344275d2497a3
Exception occured: org.openqa.selenium.TimeoutException: timeout
  (Session info: chrome=67.0.3396.99)
  (Driver info: chromedriver=2.40.565498 (ea082db3280dd6843ebfb08a625e3eb905c4f5ab),platform=Windows NT 6.3.9600 x86_64) (WARNING: The server did not provide any stacktrace information)
Command duration or timeout: 10.01 seconds
Build info: version: &apos;2.53.0&apos;, revision: &apos;35ae25b1534ae328c771e0856c93e187490ca824&apos;, time: &apos;2016-03-15 10:43:46&apos;
System info: host: &apos;Nikil&apos;, ip: &apos;192.168.254.4&apos;, os.name: &apos;Windows 8.1&apos;, os.arch: &apos;amd64&apos;, os.version: &apos;6.3&apos;, java.version: &apos;1.8.0_131&apos;
Driver info: org.openqa.selenium.chrome.ChromeDriver
Capabilities [{applicationCacheEnabled=false, rotatable=false, mobileEmulationEnabled=false, networkConnectionEnabled=false, chrome={chromedriverVersion=2.40.565498 (ea082db3280dd6843ebfb08a625e3eb905c4f5ab), userDataDir=C:\Users\NIKILK~1\AppData\Local\Temp\scoped_dir13332_9007}, takesHeapSnapshot=true, pageLoadStrategy=normal, databaseEnabled=false, handlesAlerts=true, hasTouchScreen=false, version=67.0.3396.99, platform=WIN8_1, browserConnectionEnabled=false, nativeEvents=true, acceptSslCerts=false, acceptInsecureCerts=false, locationContextEnabled=true, webStorageEnabled=true, browserName=chrome, takesScreenshot=true, javascriptEnabled=true, cssSelectorsEnabled=true, setWindowRect=true, unexpectedAlertBehaviour=}]
Session ID: 0310d83ee2a38065a6f344275d2497a3
Exception occured: org.openqa.selenium.TimeoutException: timeout
  (Session info: chrome=67.0.3396.99)
  (Driver info: chromedriver=2.40.565498 (ea082db3280dd6843ebfb08a625e3eb905c4f5ab),platform=Windows NT 6.3.9600 x86_64) (WARNING: The server did not provide any stacktrace information)
Command duration or timeout: 10.01 seconds
Build info: version: &apos;2.53.0&apos;, revision: &apos;35ae25b1534ae328c771e0856c93e187490ca824&apos;, time: &apos;2016-03-15 10:43:46&apos;
System info: host: &apos;Nikil&apos;, ip: &apos;192.168.254.4&apos;, os.name: &apos;Windows 8.1&apos;, os.arch: &apos;amd64&apos;, os.version: &apos;6.3&apos;, java.version: &apos;1.8.0_131&apos;
Driver info: org.openqa.selenium.chrome.ChromeDriver
Capabilities [{applicationCacheEnabled=false, rotatable=false, mobileEmulationEnabled=false, networkConnectionEnabled=false, chrome={chromedriverVersion=2.40.565498 (ea082db3280dd6843ebfb08a625e3eb905c4f5ab), userDataDir=C:\Users\NIKILK~1\AppData\Local\Temp\scoped_dir13332_9007}, takesHeapSnapshot=true, pageLoadStrategy=normal, databaseEnabled=false, handlesAlerts=true, hasTouchScreen=false, version=67.0.3396.99, platform=WIN8_1, browserConnectionEnabled=false, nativeEvents=true, acceptSslCerts=false, acceptInsecureCerts=false, locationContextEnabled=true, webStorageEnabled=true, browserName=chrome, takesScreenshot=true, javascriptEnabled=true, cssSelectorsEnabled=true, setWindowRect=true, unexpectedAlertBehaviour=}]
Session ID: 0310d83ee2a38065a6f344275d2497a3
Exception occured: org.openqa.selenium.TimeoutException: timeout
  (Session info: chrome=67.0.3396.99)
  (Driver info: chromedriver=2.40.565498 (ea082db3280dd6843ebfb08a625e3eb905c4f5ab),platform=Windows NT 6.3.9600 x86_64) (WARNING: The server did not provide any stacktrace information)
Command duration or timeout: 10.01 seconds
Build info: version: &apos;2.53.0&apos;, revision: &apos;35ae25b1534ae328c771e0856c93e187490ca824&apos;, time: &apos;2016-03-15 10:43:46&apos;
System info: host: &apos;Nikil&apos;, ip: &apos;192.168.254.4&apos;, os.name: &apos;Windows 8.1&apos;, os.arch: &apos;amd64&apos;, os.version: &apos;6.3&apos;, java.version: &apos;1.8.0_131&apos;
Driver info: org.openqa.selenium.chrome.ChromeDriver
Capabilities [{applicationCacheEnabled=false, rotatable=false, mobileEmulationEnabled=false, networkConnectionEnabled=false, chrome={chromedriverVersion=2.40.565498 (ea082db3280dd6843ebfb08a625e3eb905c4f5ab), userDataDir=C:\Users\NIKILK~1\AppData\Local\Temp\scoped_dir13332_9007}, takesHeapSnapshot=true, pageLoadStrategy=normal, databaseEnabled=false, handlesAlerts=true, hasTouchScreen=false, version=67.0.3396.99, platform=WIN8_1, browserConnectionEnabled=false, nativeEvents=true, acceptSslCerts=false, acceptInsecureCerts=false, locationContextEnabled=true, webStorageEnabled=true, browserName=chrome, takesScreenshot=true, javascriptEnabled=true, cssSelectorsEnabled=true, setWindowRect=true, unexpectedAlertBehaviour=}]
Session ID: 0310d83ee2a38065a6f344275d2497a3
Exception occured: org.openqa.selenium.TimeoutException: timeout
  (Session info: chrome=67.0.3396.99)
  (Driver info: chromedriver=2.40.565498 (ea082db3280dd6843ebfb08a625e3eb905c4f5ab),platform=Windows NT 6.3.9600 x86_64) (WARNING: The server did not provide any stacktrace information)
Command duration or timeout: 10.01 seconds
Build info: version: &apos;2.53.0&apos;, revision: &apos;35ae25b1534ae328c771e0856c93e187490ca824&apos;, time: &apos;2016-03-15 10:43:46&apos;
System info: host: &apos;Nikil&apos;, ip: &apos;192.168.254.4&apos;, os.name: &apos;Windows 8.1&apos;, os.arch: &apos;amd64&apos;, os.version: &apos;6.3&apos;, java.version: &apos;1.8.0_131&apos;
Driver info: org.openqa.selenium.chrome.ChromeDriver
Capabilities [{applicationCacheEnabled=false, rotatable=false, mobileEmulationEnabled=false, networkConnectionEnabled=false, chrome={chromedriverVersion=2.40.565498 (ea082db3280dd6843ebfb08a625e3eb905c4f5ab), userDataDir=C:\Users\NIKILK~1\AppData\Local\Temp\scoped_dir13332_9007}, takesHeapSnapshot=true, pageLoadStrategy=normal, databaseEnabled=false, handlesAlerts=true, hasTouchScreen=false, version=67.0.3396.99, platform=WIN8_1, browserConnectionEnabled=false, nativeEvents=true, acceptSslCerts=false, acceptInsecureCerts=false, locationContextEnabled=true, webStorageEnabled=true, browserName=chrome, takesScreenshot=true, javascriptEnabled=true, cssSelectorsEnabled=true, setWindowRect=true, unexpectedAlertBehaviour=}]
Session ID: 0310d83ee2a38065a6f344275d2497a3
Exception occured: org.openqa.selenium.TimeoutException: timeout
  (Session info: chrome=67.0.3396.99)
  (Driver info: chromedriver=2.40.565498 (ea082db3280dd6843ebfb08a625e3eb905c4f5ab),platform=Windows NT 6.3.9600 x86_64) (WARNING: The server did not provide any stacktrace information)
Command duration or timeout: 10.01 seconds
Build info: version: &apos;2.53.0&apos;, revision: &apos;35ae25b1534ae328c771e0856c93e187490ca824&apos;, time: &apos;2016-03-15 10:43:46&apos;
System info: host: &apos;Nikil&apos;, ip: &apos;192.168.254.4&apos;, os.name: &apos;Windows 8.1&apos;, os.arch: &apos;amd64&apos;, os.version: &apos;6.3&apos;, java.version: &apos;1.8.0_131&apos;
Driver info: org.openqa.selenium.chrome.ChromeDriver
Capabilities [{applicationCacheEnabled=false, rotatable=false, mobileEmulationEnabled=false, networkConnectionEnabled=false, chrome={chromedriverVersion=2.40.565498 (ea082db3280dd6843ebfb08a625e3eb905c4f5ab), userDataDir=C:\Users\NIKILK~1\AppData\Local\Temp\scoped_dir13332_9007}, takesHeapSnapshot=true, pageLoadStrategy=normal, databaseEnabled=false, handlesAlerts=true, hasTouchScreen=false, version=67.0.3396.99, platform=WIN8_1, browserConnectionEnabled=false, nativeEvents=true, acceptSslCerts=false, acceptInsecureCerts=false, locationContextEnabled=true, webStorageEnabled=true, browserName=chrome, takesScreenshot=true, javascriptEnabled=true, cssSelectorsEnabled=true, setWindowRect=true, unexpectedAlertBehaviour=}]
Session ID: 0310d83ee2a38065a6f344275d2497a3
Exception occured: org.openqa.selenium.TimeoutException: timeout
  (Session info: chrome=67.0.3396.99)
  (Driver info: chromedriver=2.40.565498 (ea082db3280dd6843ebfb08a625e3eb905c4f5ab),platform=Windows NT 6.3.9600 x86_64) (WARNING: The server did not provide any stacktrace information)
Command duration or timeout: 10.01 seconds
Build info: version: &apos;2.53.0&apos;, revision: &apos;35ae25b1534ae328c771e0856c93e187490ca824&apos;, time: &apos;2016-03-15 10:43:46&apos;
System info: host: &apos;Nikil&apos;, ip: &apos;192.168.254.4&apos;, os.name: &apos;Windows 8.1&apos;, os.arch: &apos;amd64&apos;, os.version: &apos;6.3&apos;, java.version: &apos;1.8.0_131&apos;
Driver info: org.openqa.selenium.chrome.ChromeDriver
Capabilities [{applicationCacheEnabled=false, rotatable=false, mobileEmulationEnabled=false, networkConnectionEnabled=false, chrome={chromedriverVersion=2.40.565498 (ea082db3280dd6843ebfb08a625e3eb905c4f5ab), userDataDir=C:\Users\NIKILK~1\AppData\Local\Temp\scoped_dir13332_9007}, takesHeapSnapshot=true, pageLoadStrategy=normal, databaseEnabled=false, handlesAlerts=true, hasTouchScreen=false, version=67.0.3396.99, platform=WIN8_1, browserConnectionEnabled=false, nativeEvents=true, acceptSslCerts=false, acceptInsecureCerts=false, locationContextEnabled=true, webStorageEnabled=true, browserName=chrome, takesScreenshot=true, javascriptEnabled=true, cssSelectorsEnabled=true, setWindowRect=true, unexpectedAlertBehaviour=}]
Session ID: 0310d83ee2a38065a6f344275d2497a3
Exception occured: org.openqa.selenium.TimeoutException: timeout
  (Session info: chrome=67.0.3396.99)
  (Driver info: chromedriver=2.40.565498 (ea082db3280dd6843ebfb08a625e3eb905c4f5ab),platform=Windows NT 6.3.9600 x86_64) (WARNING: The server did not provide any stacktrace information)
Command duration or timeout: 10.01 seconds
Build info: version: &apos;2.53.0&apos;, revision: &apos;35ae25b1534ae328c771e0856c93e187490ca824&apos;, time: &apos;2016-03-15 10:43:46&apos;
System info: host: &apos;Nikil&apos;, ip: &apos;192.168.254.4&apos;, os.name: &apos;Windows 8.1&apos;, os.arch: &apos;amd64&apos;, os.version: &apos;6.3&apos;, java.version: &apos;1.8.0_131&apos;
Driver info: org.openqa.selenium.chrome.ChromeDriver
Capabilities [{applicationCacheEnabled=false, rotatable=false, mobileEmulationEnabled=false, networkConnectionEnabled=false, chrome={chromedriverVersion=2.40.565498 (ea082db3280dd6843ebfb08a625e3eb905c4f5ab), userDataDir=C:\Users\NIKILK~1\AppData\Local\Temp\scoped_dir13332_9007}, takesHeapSnapshot=true, pageLoadStrategy=normal, databaseEnabled=false, handlesAlerts=true, hasTouchScreen=false, version=67.0.3396.99, platform=WIN8_1, browserConnectionEnabled=false, nativeEvents=true, acceptSslCerts=false, acceptInsecureCerts=false, locationContextEnabled=true, webStorageEnabled=true, browserName=chrome, takesScreenshot=true, javascriptEnabled=true, cssSelectorsEnabled=true, setWindowRect=true, unexpectedAlertBehaviour=}]
Session ID: 0310d83ee2a38065a6f344275d2497a3
Exception occured: org.openqa.selenium.TimeoutException: timeout
  (Session info: chrome=67.0.3396.99)
  (Driver info: chromedriver=2.40.565498 (ea082db3280dd6843ebfb08a625e3eb905c4f5ab),platform=Windows NT 6.3.9600 x86_64) (WARNING: The server did not provide any stacktrace information)
Command duration or timeout: 10.01 seconds
Build info: version: &apos;2.53.0&apos;, revision: &apos;35ae25b1534ae328c771e0856c93e187490ca824&apos;, time: &apos;2016-03-15 10:43:46&apos;
System info: host: &apos;Nikil&apos;, ip: &apos;192.168.254.4&apos;, os.name: &apos;Windows 8.1&apos;, os.arch: &apos;amd64&apos;, os.version: &apos;6.3&apos;, java.version: &apos;1.8.0_131&apos;
Driver info: org.openqa.selenium.chrome.ChromeDriver
Capabilities [{applicationCacheEnabled=false, rotatable=false, mobileEmulationEnabled=false, networkConnectionEnabled=false, chrome={chromedriverVersion=2.40.565498 (ea082db3280dd6843ebfb08a625e3eb905c4f5ab), userDataDir=C:\Users\NIKILK~1\AppData\Local\Temp\scoped_dir13332_9007}, takesHeapSnapshot=true, pageLoadStrategy=normal, databaseEnabled=false, handlesAlerts=true, hasTouchScreen=false, version=67.0.3396.99, platform=WIN8_1, browserConnectionEnabled=false, nativeEvents=true, acceptSslCerts=false, acceptInsecureCerts=false, locationContextEnabled=true, webStorageEnabled=true, browserName=chrome, takesScreenshot=true, javascriptEnabled=true, cssSelectorsEnabled=true, setWindowRect=true, unexpectedAlertBehaviour=}]
Session ID: 0310d83ee2a38065a6f344275d2497a3
Exception occured: org.openqa.selenium.TimeoutException: timeout
  (Session info: chrome=67.0.3396.99)
  (Driver info: chromedriver=2.40.565498 (ea082db3280dd6843ebfb08a625e3eb905c4f5ab),platform=Windows NT 6.3.9600 x86_64) (WARNING: The server did not provide any stacktrace information)
Command duration or timeout: 10.01 seconds
Build info: version: &apos;2.53.0&apos;, revision: &apos;35ae25b1534ae328c771e0856c93e187490ca824&apos;, time: &apos;2016-03-15 10:43:46&apos;
System info: host: &apos;Nikil&apos;, ip: &apos;192.168.254.4&apos;, os.name: &apos;Windows 8.1&apos;, os.arch: &apos;amd64&apos;, os.version: &apos;6.3&apos;, java.version: &apos;1.8.0_131&apos;
Driver info: org.openqa.selenium.chrome.ChromeDriver
Capabilities [{applicationCacheEnabled=false, rotatable=false, mobileEmulationEnabled=false, networkConnectionEnabled=false, chrome={chromedriverVersion=2.40.565498 (ea082db3280dd6843ebfb08a625e3eb905c4f5ab), userDataDir=C:\Users\NIKILK~1\AppData\Local\Temp\scoped_dir13332_9007}, takesHeapSnapshot=true, pageLoadStrategy=normal, databaseEnabled=false, handlesAlerts=true, hasTouchScreen=false, version=67.0.3396.99, platform=WIN8_1, browserConnectionEnabled=false, nativeEvents=true, acceptSslCerts=false, acceptInsecureCerts=false, locationContextEnabled=true, webStorageEnabled=true, browserName=chrome, takesScreenshot=true, javascriptEnabled=true, cssSelectorsEnabled=true, setWindowRect=true, unexpectedAlertBehaviour=}]
Session ID: 0310d83ee2a38065a6f344275d2497a3
Exception occured: org.openqa.selenium.TimeoutException: timeout
  (Session info: chrome=67.0.3396.99)
  (Driver info: chromedriver=2.40.565498 (ea082db3280dd6843ebfb08a625e3eb905c4f5ab),platform=Windows NT 6.3.9600 x86_64) (WARNING: The server did not provide any stacktrace information)
Command duration or timeout: 10.01 seconds
Build info: version: &apos;2.53.0&apos;, revision: &apos;35ae25b1534ae328c771e0856c93e187490ca824&apos;, time: &apos;2016-03-15 10:43:46&apos;
System info: host: &apos;Nikil&apos;, ip: &apos;192.168.254.4&apos;, os.name: &apos;Windows 8.1&apos;, os.arch: &apos;amd64&apos;, os.version: &apos;6.3&apos;, java.version: &apos;1.8.0_131&apos;
Driver info: org.openqa.selenium.chrome.ChromeDriver
Capabilities [{applicationCacheEnabled=false, rotatable=false, mobileEmulationEnabled=false, networkConnectionEnabled=false, chrome={chromedriverVersion=2.40.565498 (ea082db3280dd6843ebfb08a625e3eb905c4f5ab), userDataDir=C:\Users\NIKILK~1\AppData\Local\Temp\scoped_dir13332_9007}, takesHeapSnapshot=true, pageLoadStrategy=normal, databaseEnabled=false, handlesAlerts=true, hasTouchScreen=false, version=67.0.3396.99, platform=WIN8_1, browserConnectionEnabled=false, nativeEvents=true, acceptSslCerts=false, acceptInsecureCerts=false, locationContextEnabled=true, webStorageEnabled=true, browserName=chrome, takesScreenshot=true, javascriptEnabled=true, cssSelectorsEnabled=true, setWindowRect=true, unexpectedAlertBehaviour=}]
Session ID: 0310d83ee2a38065a6f344275d2497a3
Exception occured: org.openqa.selenium.TimeoutException: timeout
  (Session info: chrome=67.0.3396.99)
  (Driver info: chromedriver=2.40.565498 (ea082db3280dd6843ebfb08a625e3eb905c4f5ab),platform=Windows NT 6.3.9600 x86_64) (WARNING: The server did not provide any stacktrace information)
Command duration or timeout: 10.01 seconds
Build info: version: &apos;2.53.0&apos;, revision: &apos;35ae25b1534ae328c771e0856c93e187490ca824&apos;, time: &apos;2016-03-15 10:43:46&apos;
System info: host: &apos;Nikil&apos;, ip: &apos;192.168.254.4&apos;, os.name: &apos;Windows 8.1&apos;, os.arch: &apos;amd64&apos;, os.version: &apos;6.3&apos;, java.version: &apos;1.8.0_131&apos;
Driver info: org.openqa.selenium.chrome.ChromeDriver
Capabilities [{applicationCacheEnabled=false, rotatable=false, mobileEmulationEnabled=false, networkConnectionEnabled=false, chrome={chromedriverVersion=2.40.565498 (ea082db3280dd6843ebfb08a625e3eb905c4f5ab), userDataDir=C:\Users\NIKILK~1\AppData\Local\Temp\scoped_dir13332_9007}, takesHeapSnapshot=true, pageLoadStrategy=normal, databaseEnabled=false, handlesAlerts=true, hasTouchScreen=false, version=67.0.3396.99, platform=WIN8_1, browserConnectionEnabled=false, nativeEvents=true, acceptSslCerts=false, acceptInsecureCerts=false, locationContextEnabled=true, webStorageEnabled=true, browserName=chrome, takesScreenshot=true, javascriptEnabled=true, cssSelectorsEnabled=true, setWindowRect=true, unexpectedAlertBehaviour=}]
Session ID: 0310d83ee2a38065a6f344275d2497a3
Exception occured: org.openqa.selenium.TimeoutException: timeout
  (Session info: chrome=67.0.3396.99)
  (Driver info: chromedriver=2.40.565498 (ea082db3280dd6843ebfb08a625e3eb905c4f5ab),platform=Windows NT 6.3.9600 x86_64) (WARNING: The server did not provide any stacktrace information)
Command duration or timeout: 10.05 seconds
Build info: version: &apos;2.53.0&apos;, revision: &apos;35ae25b1534ae328c771e0856c93e187490ca824&apos;, time: &apos;2016-03-15 10:43:46&apos;
System info: host: &apos;Nikil&apos;, ip: &apos;192.168.254.4&apos;, os.name: &apos;Windows 8.1&apos;, os.arch: &apos;amd64&apos;, os.version: &apos;6.3&apos;, java.version: &apos;1.8.0_131&apos;
Driver info: org.openqa.selenium.chrome.ChromeDriver
Capabilities [{applicationCacheEnabled=false, rotatable=false, mobileEmulationEnabled=false, networkConnectionEnabled=false, chrome={chromedriverVersion=2.40.565498 (ea082db3280dd6843ebfb08a625e3eb905c4f5ab), userDataDir=C:\Users\NIKILK~1\AppData\Local\Temp\scoped_dir13332_9007}, takesHeapSnapshot=true, pageLoadStrategy=normal, databaseEnabled=false, handlesAlerts=true, hasTouchScreen=false, version=67.0.3396.99, platform=WIN8_1, browserConnectionEnabled=false, nativeEvents=true, acceptSslCerts=false, acceptInsecureCerts=false, locationContextEnabled=true, webStorageEnabled=true, browserName=chrome, takesScreenshot=true, javascriptEnabled=true, cssSelectorsEnabled=true, setWindowRect=true, unexpectedAlertBehaviour=}]
Session ID: 0310d83ee2a38065a6f344275d2497a3
Exception occured: org.openqa.selenium.TimeoutException: timeout
  (Session info: chrome=67.0.3396.99)
  (Driver info: chromedriver=2.40.565498 (ea082db3280dd6843ebfb08a625e3eb905c4f5ab),platform=Windows NT 6.3.9600 x86_64) (WARNING: The server did not provide any stacktrace information)
Command duration or timeout: 10.01 seconds
Build info: version: &apos;2.53.0&apos;, revision: &apos;35ae25b1534ae328c771e0856c93e187490ca824&apos;, time: &apos;2016-03-15 10:43:46&apos;
System info: host: &apos;Nikil&apos;, ip: &apos;192.168.254.4&apos;, os.name: &apos;Windows 8.1&apos;, os.arch: &apos;amd64&apos;, os.version: &apos;6.3&apos;, java.version: &apos;1.8.0_131&apos;
Driver info: org.openqa.selenium.chrome.ChromeDriver
Capabilities [{applicationCacheEnabled=false, rotatable=false, mobileEmulationEnabled=false, networkConnectionEnabled=false, chrome={chromedriverVersion=2.40.565498 (ea082db3280dd6843ebfb08a625e3eb905c4f5ab), userDataDir=C:\Users\NIKILK~1\AppData\Local\Temp\scoped_dir13332_9007}, takesHeapSnapshot=true, pageLoadStrategy=normal, databaseEnabled=false, handlesAlerts=true, hasTouchScreen=false, version=67.0.3396.99, platform=WIN8_1, browserConnectionEnabled=false, nativeEvents=true, acceptSslCerts=false, acceptInsecureCerts=false, locationContextEnabled=true, webStorageEnabled=true, browserName=chrome, takesScreenshot=true, javascriptEnabled=true, cssSelectorsEnabled=true, setWindowRect=true, unexpectedAlertBehaviour=}]
Session ID: 0310d83ee2a38065a6f344275d2497a3
Exception occured: org.openqa.selenium.TimeoutException: timeout
  (Session info: chrome=67.0.3396.99)
  (Driver info: chromedriver=2.40.565498 (ea082db3280dd6843ebfb08a625e3eb905c4f5ab),platform=Windows NT 6.3.9600 x86_64) (WARNING: The server did not provide any stacktrace information)
Command duration or timeout: 10.01 seconds
Build info: version: &apos;2.53.0&apos;, revision: &apos;35ae25b1534ae328c771e0856c93e187490ca824&apos;, time: &apos;2016-03-15 10:43:46&apos;
System info: host: &apos;Nikil&apos;, ip: &apos;192.168.254.4&apos;, os.name: &apos;Windows 8.1&apos;, os.arch: &apos;amd64&apos;, os.version: &apos;6.3&apos;, java.version: &apos;1.8.0_131&apos;
Driver info: org.openqa.selenium.chrome.ChromeDriver
Capabilities [{applicationCacheEnabled=false, rotatable=false, mobileEmulationEnabled=false, networkConnectionEnabled=false, chrome={chromedriverVersion=2.40.565498 (ea082db3280dd6843ebfb08a625e3eb905c4f5ab), userDataDir=C:\Users\NIKILK~1\AppData\Local\Temp\scoped_dir13332_9007}, takesHeapSnapshot=true, pageLoadStrategy=normal, databaseEnabled=false, handlesAlerts=true, hasTouchScreen=false, version=67.0.3396.99, platform=WIN8_1, browserConnectionEnabled=false, nativeEvents=true, acceptSslCerts=false, acceptInsecureCerts=false, locationContextEnabled=true, webStorageEnabled=true, browserName=chrome, takesScreenshot=true, javascriptEnabled=true, cssSelectorsEnabled=true, setWindowRect=true, unexpectedAlertBehaviour=}]
Session ID: 0310d83ee2a38065a6f344275d2497a3
Exception occured: org.openqa.selenium.TimeoutException: timeout
  (Session info: chrome=67.0.3396.99)
  (Driver info: chromedriver=2.40.565498 (ea082db3280dd6843ebfb08a625e3eb905c4f5ab),platform=Windows NT 6.3.9600 x86_64) (WARNING: The server did not provide any stacktrace information)
Command duration or timeout: 10.01 seconds
Build info: version: &apos;2.53.0&apos;, revision: &apos;35ae25b1534ae328c771e0856c93e187490ca824&apos;, time: &apos;2016-03-15 10:43:46&apos;
System info: host: &apos;Nikil&apos;, ip: &apos;192.168.254.4&apos;, os.name: &apos;Windows 8.1&apos;, os.arch: &apos;amd64&apos;, os.version: &apos;6.3&apos;, java.version: &apos;1.8.0_131&apos;
Driver info: org.openqa.selenium.chrome.ChromeDriver
Capabilities [{applicationCacheEnabled=false, rotatable=false, mobileEmulationEnabled=false, networkConnectionEnabled=false, chrome={chromedriverVersion=2.40.565498 (ea082db3280dd6843ebfb08a625e3eb905c4f5ab), userDataDir=C:\Users\NIKILK~1\AppData\Local\Temp\scoped_dir13332_9007}, takesHeapSnapshot=true, pageLoadStrategy=normal, databaseEnabled=false, handlesAlerts=true, hasTouchScreen=false, version=67.0.3396.99, platform=WIN8_1, browserConnectionEnabled=false, nativeEvents=true, acceptSslCerts=false, acceptInsecureCerts=false, locationContextEnabled=true, webStorageEnabled=true, browserName=chrome, takesScreenshot=true, javascriptEnabled=true, cssSelectorsEnabled=true, setWindowRect=true, unexpectedAlertBehaviour=}]
Session ID: 0310d83ee2a38065a6f344275d2497a3
Exception occured: org.openqa.selenium.TimeoutException: timeout
  (Session info: chrome=67.0.3396.99)
  (Driver info: chromedriver=2.40.565498 (ea082db3280dd6843ebfb08a625e3eb905c4f5ab),platform=Windows NT 6.3.9600 x86_64) (WARNING: The server did not provide any stacktrace information)
Command duration or timeout: 10.01 seconds
Build info: version: &apos;2.53.0&apos;, revision: &apos;35ae25b1534ae328c771e0856c93e187490ca824&apos;, time: &apos;2016-03-15 10:43:46&apos;
System info: host: &apos;Nikil&apos;, ip: &apos;192.168.254.4&apos;, os.name: &apos;Windows 8.1&apos;, os.arch: &apos;amd64&apos;, os.version: &apos;6.3&apos;, java.version: &apos;1.8.0_131&apos;
Driver info: org.openqa.selenium.chrome.ChromeDriver
Capabilities [{applicationCacheEnabled=false, rotatable=false, mobileEmulationEnabled=false, networkConnectionEnabled=false, chrome={chromedriverVersion=2.40.565498 (ea082db3280dd6843ebfb08a625e3eb905c4f5ab), userDataDir=C:\Users\NIKILK~1\AppData\Local\Temp\scoped_dir13332_9007}, takesHeapSnapshot=true, pageLoadStrategy=normal, databaseEnabled=false, handlesAlerts=true, hasTouchScreen=false, version=67.0.3396.99, platform=WIN8_1, browserConnectionEnabled=false, nativeEvents=true, acceptSslCerts=false, acceptInsecureCerts=false, locationContextEnabled=true, webStorageEnabled=true, browserName=chrome, takesScreenshot=true, javascriptEnabled=true, cssSelectorsEnabled=true, setWindowRect=true, unexpectedAlertBehaviour=}]
Session ID: 0310d83ee2a38065a6f344275d2497a3
Exception occured: org.openqa.selenium.TimeoutException: timeout
  (Session info: chrome=67.0.3396.99)
  (Driver info: chromedriver=2.40.565498 (ea082db3280dd6843ebfb08a625e3eb905c4f5ab),platform=Windows NT 6.3.9600 x86_64) (WARNING: The server did not provide any stacktrace information)
Command duration or timeout: 10.01 seconds
Build info: version: &apos;2.53.0&apos;, revision: &apos;35ae25b1534ae328c771e0856c93e187490ca824&apos;, time: &apos;2016-03-15 10:43:46&apos;
System info: host: &apos;Nikil&apos;, ip: &apos;192.168.254.4&apos;, os.name: &apos;Windows 8.1&apos;, os.arch: &apos;amd64&apos;, os.version: &apos;6.3&apos;, java.version: &apos;1.8.0_131&apos;
Driver info: org.openqa.selenium.chrome.ChromeDriver
Capabilities [{applicationCacheEnabled=false, rotatable=false, mobileEmulationEnabled=false, networkConnectionEnabled=false, chrome={chromedriverVersion=2.40.565498 (ea082db3280dd6843ebfb08a625e3eb905c4f5ab), userDataDir=C:\Users\NIKILK~1\AppData\Local\Temp\scoped_dir13332_9007}, takesHeapSnapshot=true, pageLoadStrategy=normal, databaseEnabled=false, handlesAlerts=true, hasTouchScreen=false, version=67.0.3396.99, platform=WIN8_1, browserConnectionEnabled=false, nativeEvents=true, acceptSslCerts=false, acceptInsecureCerts=false, locationContextEnabled=true, webStorageEnabled=true, browserName=chrome, takesScreenshot=true, javascriptEnabled=true, cssSelectorsEnabled=true, setWindowRect=true, unexpectedAlertBehaviour=}]
Session ID: 0310d83ee2a38065a6f344275d2497a3
Exception occured: org.openqa.selenium.TimeoutException: timeout
  (Session info: chrome=67.0.3396.99)
  (Driver info: chromedriver=2.40.565498 (ea082db3280dd6843ebfb08a625e3eb905c4f5ab),platform=Windows NT 6.3.9600 x86_64) (WARNING: The server did not provide any stacktrace information)
Command duration or timeout: 10.01 seconds
Build info: version: &apos;2.53.0&apos;, revision: &apos;35ae25b1534ae328c771e0856c93e187490ca824&apos;, time: &apos;2016-03-15 10:43:46&apos;
System info: host: &apos;Nikil&apos;, ip: &apos;192.168.254.4&apos;, os.name: &apos;Windows 8.1&apos;, os.arch: &apos;amd64&apos;, os.version: &apos;6.3&apos;, java.version: &apos;1.8.0_131&apos;
Driver info: org.openqa.selenium.chrome.ChromeDriver
Capabilities [{applicationCacheEnabled=false, rotatable=false, mobileEmulationEnabled=false, networkConnectionEnabled=false, chrome={chromedriverVersion=2.40.565498 (ea082db3280dd6843ebfb08a625e3eb905c4f5ab), userDataDir=C:\Users\NIKILK~1\AppData\Local\Temp\scoped_dir13332_9007}, takesHeapSnapshot=true, pageLoadStrategy=normal, databaseEnabled=false, handlesAlerts=true, hasTouchScreen=false, version=67.0.3396.99, platform=WIN8_1, browserConnectionEnabled=false, nativeEvents=true, acceptSslCerts=false, acceptInsecureCerts=false, locationContextEnabled=true, webStorageEnabled=true, browserName=chrome, takesScreenshot=true, javascriptEnabled=true, cssSelectorsEnabled=true, setWindowRect=true, unexpectedAlertBehaviour=}]
Session ID: 0310d83ee2a38065a6f344275d2497a3
Exception occured: org.openqa.selenium.TimeoutException: timeout
  (Session info: chrome=67.0.3396.99)
  (Driver info: chromedriver=2.40.565498 (ea082db3280dd6843ebfb08a625e3eb905c4f5ab),platform=Windows NT 6.3.9600 x86_64) (WARNING: The server did not provide any stacktrace information)
Command duration or timeout: 10.01 seconds
Build info: version: &apos;2.53.0&apos;, revision: &apos;35ae25b1534ae328c771e0856c93e187490ca824&apos;, time: &apos;2016-03-15 10:43:46&apos;
System info: host: &apos;Nikil&apos;, ip: &apos;192.168.254.4&apos;, os.name: &apos;Windows 8.1&apos;, os.arch: &apos;amd64&apos;, os.version: &apos;6.3&apos;, java.version: &apos;1.8.0_131&apos;
Driver info: org.openqa.selenium.chrome.ChromeDriver
Capabilities [{applicationCacheEnabled=false, rotatable=false, mobileEmulationEnabled=false, networkConnectionEnabled=false, chrome={chromedriverVersion=2.40.565498 (ea082db3280dd6843ebfb08a625e3eb905c4f5ab), userDataDir=C:\Users\NIKILK~1\AppData\Local\Temp\scoped_dir13332_9007}, takesHeapSnapshot=true, pageLoadStrategy=normal, databaseEnabled=false, handlesAlerts=true, hasTouchScreen=false, version=67.0.3396.99, platform=WIN8_1, browserConnectionEnabled=false, nativeEvents=true, acceptSslCerts=false, acceptInsecureCerts=false, locationContextEnabled=true, webStorageEnabled=true, browserName=chrome, takesScreenshot=true, javascriptEnabled=true, cssSelectorsEnabled=true, setWindowRect=true, unexpectedAlertBehaviour=}]
Session ID: 0310d83ee2a38065a6f344275d2497a3
Exception occured: org.openqa.selenium.TimeoutException: timeout
  (Session info: chrome=67.0.3396.99)
  (Driver info: chromedriver=2.40.565498 (ea082db3280dd6843ebfb08a625e3eb905c4f5ab),platform=Windows NT 6.3.9600 x86_64) (WARNING: The server did not provide any stacktrace information)
Command duration or timeout: 10.01 seconds
Build info: version: &apos;2.53.0&apos;, revision: &apos;35ae25b1534ae328c771e0856c93e187490ca824&apos;, time: &apos;2016-03-15 10:43:46&apos;
System info: host: &apos;Nikil&apos;, ip: &apos;192.168.254.4&apos;, os.name: &apos;Windows 8.1&apos;, os.arch: &apos;amd64&apos;, os.version: &apos;6.3&apos;, java.version: &apos;1.8.0_131&apos;
Driver info: org.openqa.selenium.chrome.ChromeDriver
Capabilities [{applicationCacheEnabled=false, rotatable=false, mobileEmulationEnabled=false, networkConnectionEnabled=false, chrome={chromedriverVersion=2.40.565498 (ea082db3280dd6843ebfb08a625e3eb905c4f5ab), userDataDir=C:\Users\NIKILK~1\AppData\Local\Temp\scoped_dir13332_9007}, takesHeapSnapshot=true, pageLoadStrategy=normal, databaseEnabled=false, handlesAlerts=true, hasTouchScreen=false, version=67.0.3396.99, platform=WIN8_1, browserConnectionEnabled=false, nativeEvents=true, acceptSslCerts=false, acceptInsecureCerts=false, locationContextEnabled=true, webStorageEnabled=true, browserName=chrome, takesScreenshot=true, javascriptEnabled=true, cssSelectorsEnabled=true, setWindowRect=true, unexpectedAlertBehaviour=}]
Session ID: 0310d83ee2a38065a6f344275d2497a3
Exception occured: org.openqa.selenium.TimeoutException: timeout
  (Session info: chrome=67.0.3396.99)
  (Driver info: chromedriver=2.40.565498 (ea082db3280dd6843ebfb08a625e3eb905c4f5ab),platform=Windows NT 6.3.9600 x86_64) (WARNING: The server did not provide any stacktrace information)
Command duration or timeout: 10.02 seconds
Build info: version: &apos;2.53.0&apos;, revision: &apos;35ae25b1534ae328c771e0856c93e187490ca824&apos;, time: &apos;2016-03-15 10:43:46&apos;
System info: host: &apos;Nikil&apos;, ip: &apos;192.168.254.4&apos;, os.name: &apos;Windows 8.1&apos;, os.arch: &apos;amd64&apos;, os.version: &apos;6.3&apos;, java.version: &apos;1.8.0_131&apos;
Driver info: org.openqa.selenium.chrome.ChromeDriver
Capabilities [{applicationCacheEnabled=false, rotatable=false, mobileEmulationEnabled=false, networkConnectionEnabled=false, chrome={chromedriverVersion=2.40.565498 (ea082db3280dd6843ebfb08a625e3eb905c4f5ab), userDataDir=C:\Users\NIKILK~1\AppData\Local\Temp\scoped_dir13332_9007}, takesHeapSnapshot=true, pageLoadStrategy=normal, databaseEnabled=false, handlesAlerts=true, hasTouchScreen=false, version=67.0.3396.99, platform=WIN8_1, browserConnectionEnabled=false, nativeEvents=true, acceptSslCerts=false, acceptInsecureCerts=false, locationContextEnabled=true, webStorageEnabled=true, browserName=chrome, takesScreenshot=true, javascriptEnabled=true, cssSelectorsEnabled=true, setWindowRect=true, unexpectedAlertBehaviour=}]
Session ID: 0310d83ee2a38065a6f344275d2497a3
Exception occured: org.openqa.selenium.TimeoutException: timeout
  (Session info: chrome=67.0.3396.99)
  (Driver info: chromedriver=2.40.565498 (ea082db3280dd6843ebfb08a625e3eb905c4f5ab),platform=Windows NT 6.3.9600 x86_64) (WARNING: The server did not provide any stacktrace information)
Command duration or timeout: 10.01 seconds
Build info: version: &apos;2.53.0&apos;, revision: &apos;35ae25b1534ae328c771e0856c93e187490ca824&apos;, time: &apos;2016-03-15 10:43:46&apos;
System info: host: &apos;Nikil&apos;, ip: &apos;192.168.254.4&apos;, os.name: &apos;Windows 8.1&apos;, os.arch: &apos;amd64&apos;, os.version: &apos;6.3&apos;, java.version: &apos;1.8.0_131&apos;
Driver info: org.openqa.selenium.chrome.ChromeDriver
Capabilities [{applicationCacheEnabled=false, rotatable=false, mobileEmulationEnabled=false, networkConnectionEnabled=false, chrome={chromedriverVersion=2.40.565498 (ea082db3280dd6843ebfb08a625e3eb905c4f5ab), userDataDir=C:\Users\NIKILK~1\AppData\Local\Temp\scoped_dir13332_9007}, takesHeapSnapshot=true, pageLoadStrategy=normal, databaseEnabled=false, handlesAlerts=true, hasTouchScreen=false, version=67.0.3396.99, platform=WIN8_1, browserConnectionEnabled=false, nativeEvents=true, acceptSslCerts=false, acceptInsecureCerts=false, locationContextEnabled=true, webStorageEnabled=true, browserName=chrome, takesScreenshot=true, javascriptEnabled=true, cssSelectorsEnabled=true, setWindowRect=true, unexpectedAlertBehaviour=}]
Session ID: 0310d83ee2a38065a6f344275d2497a3
Exception occured: org.openqa.selenium.TimeoutException: timeout
  (Session info: chrome=67.0.3396.99)
  (Driver info: chromedriver=2.40.565498 (ea082db3280dd6843ebfb08a625e3eb905c4f5ab),platform=Windows NT 6.3.9600 x86_64) (WARNING: The server did not provide any stacktrace information)
Command duration or timeout: 10.01 seconds
Build info: version: &apos;2.53.0&apos;, revision: &apos;35ae25b1534ae328c771e0856c93e187490ca824&apos;, time: &apos;2016-03-15 10:43:46&apos;
System info: host: &apos;Nikil&apos;, ip: &apos;192.168.254.4&apos;, os.name: &apos;Windows 8.1&apos;, os.arch: &apos;amd64&apos;, os.version: &apos;6.3&apos;, java.version: &apos;1.8.0_131&apos;
Driver info: org.openqa.selenium.chrome.ChromeDriver
Capabilities [{applicationCacheEnabled=false, rotatable=false, mobileEmulationEnabled=false, networkConnectionEnabled=false, chrome={chromedriverVersion=2.40.565498 (ea082db3280dd6843ebfb08a625e3eb905c4f5ab), userDataDir=C:\Users\NIKILK~1\AppData\Local\Temp\scoped_dir13332_9007}, takesHeapSnapshot=true, pageLoadStrategy=normal, databaseEnabled=false, handlesAlerts=true, hasTouchScreen=false, version=67.0.3396.99, platform=WIN8_1, browserConnectionEnabled=false, nativeEvents=true, acceptSslCerts=false, acceptInsecureCerts=false, locationContextEnabled=true, webStorageEnabled=true, browserName=chrome, takesScreenshot=true, javascriptEnabled=true, cssSelectorsEnabled=true, setWindowRect=true, unexpectedAlertBehaviour=}]
Session ID: 0310d83ee2a38065a6f344275d2497a3
Exception occured: org.openqa.selenium.TimeoutException: timeout
  (Session info: chrome=67.0.3396.99)
  (Driver info: chromedriver=2.40.565498 (ea082db3280dd6843ebfb08a625e3eb905c4f5ab),platform=Windows NT 6.3.9600 x86_64) (WARNING: The server did not provide any stacktrace information)
Command duration or timeout: 10.01 seconds
Build info: version: &apos;2.53.0&apos;, revision: &apos;35ae25b1534ae328c771e0856c93e187490ca824&apos;, time: &apos;2016-03-15 10:43:46&apos;
System info: host: &apos;Nikil&apos;, ip: &apos;192.168.254.4&apos;, os.name: &apos;Windows 8.1&apos;, os.arch: &apos;amd64&apos;, os.version: &apos;6.3&apos;, java.version: &apos;1.8.0_131&apos;
Driver info: org.openqa.selenium.chrome.ChromeDriver
Capabilities [{applicationCacheEnabled=false, rotatable=false, mobileEmulationEnabled=false, networkConnectionEnabled=false, chrome={chromedriverVersion=2.40.565498 (ea082db3280dd6843ebfb08a625e3eb905c4f5ab), userDataDir=C:\Users\NIKILK~1\AppData\Local\Temp\scoped_dir13332_9007}, takesHeapSnapshot=true, pageLoadStrategy=normal, databaseEnabled=false, handlesAlerts=true, hasTouchScreen=false, version=67.0.3396.99, platform=WIN8_1, browserConnectionEnabled=false, nativeEvents=true, acceptSslCerts=false, acceptInsecureCerts=false, locationContextEnabled=true, webStorageEnabled=true, browserName=chrome, takesScreenshot=true, javascriptEnabled=true, cssSelectorsEnabled=true, setWindowRect=true, unexpectedAlertBehaviour=}]
Session ID: 0310d83ee2a38065a6f344275d2497a3
Exception occured: org.openqa.selenium.TimeoutException: timeout
  (Session info: chrome=67.0.3396.99)
  (Driver info: chromedriver=2.40.565498 (ea082db3280dd6843ebfb08a625e3eb905c4f5ab),platform=Windows NT 6.3.9600 x86_64) (WARNING: The server did not provide any stacktrace information)
Command duration or timeout: 10.01 seconds
Build info: version: &apos;2.53.0&apos;, revision: &apos;35ae25b1534ae328c771e0856c93e187490ca824&apos;, time: &apos;2016-03-15 10:43:46&apos;
System info: host: &apos;Nikil&apos;, ip: &apos;192.168.254.4&apos;, os.name: &apos;Windows 8.1&apos;, os.arch: &apos;amd64&apos;, os.version: &apos;6.3&apos;, java.version: &apos;1.8.0_131&apos;
Driver info: org.openqa.selenium.chrome.ChromeDriver
Capabilities [{applicationCacheEnabled=false, rotatable=false, mobileEmulationEnabled=false, networkConnectionEnabled=false, chrome={chromedriverVersion=2.40.565498 (ea082db3280dd6843ebfb08a625e3eb905c4f5ab), userDataDir=C:\Users\NIKILK~1\AppData\Local\Temp\scoped_dir13332_9007}, takesHeapSnapshot=true, pageLoadStrategy=normal, databaseEnabled=false, handlesAlerts=true, hasTouchScreen=false, version=67.0.3396.99, platform=WIN8_1, browserConnectionEnabled=false, nativeEvents=true, acceptSslCerts=false, acceptInsecureCerts=false, locationContextEnabled=true, webStorageEnabled=true, browserName=chrome, takesScreenshot=true, javascriptEnabled=true, cssSelectorsEnabled=true, setWindowRect=true, unexpectedAlertBehaviour=}]
Session ID: 0310d83ee2a38065a6f344275d2497a3
Exception occured: org.openqa.selenium.TimeoutException: timeout
  (Session info: chrome=67.0.3396.99)
  (Driver info: chromedriver=2.40.565498 (ea082db3280dd6843ebfb08a625e3eb905c4f5ab),platform=Windows NT 6.3.9600 x86_64) (WARNING: The server did not provide any stacktrace information)
Command duration or timeout: 10.01 seconds
Build info: version: &apos;2.53.0&apos;, revision: &apos;35ae25b1534ae328c771e0856c93e187490ca824&apos;, time: &apos;2016-03-15 10:43:46&apos;
System info: host: &apos;Nikil&apos;, ip: &apos;192.168.254.4&apos;, os.name: &apos;Windows 8.1&apos;, os.arch: &apos;amd64&apos;, os.version: &apos;6.3&apos;, java.version: &apos;1.8.0_131&apos;
Driver info: org.openqa.selenium.chrome.ChromeDriver
Capabilities [{applicationCacheEnabled=false, rotatable=false, mobileEmulationEnabled=false, networkConnectionEnabled=false, chrome={chromedriverVersion=2.40.565498 (ea082db3280dd6843ebfb08a625e3eb905c4f5ab), userDataDir=C:\Users\NIKILK~1\AppData\Local\Temp\scoped_dir13332_9007}, takesHeapSnapshot=true, pageLoadStrategy=normal, databaseEnabled=false, handlesAlerts=true, hasTouchScreen=false, version=67.0.3396.99, platform=WIN8_1, browserConnectionEnabled=false, nativeEvents=true, acceptSslCerts=false, acceptInsecureCerts=false, locationContextEnabled=true, webStorageEnabled=true, browserName=chrome, takesScreenshot=true, javascriptEnabled=true, cssSelectorsEnabled=true, setWindowRect=true, unexpectedAlertBehaviour=}]
Session ID: 0310d83ee2a38065a6f344275d2497a3
Exception occured: org.openqa.selenium.TimeoutException: timeout
  (Session info: chrome=67.0.3396.99)
  (Driver info: chromedriver=2.40.565498 (ea082db3280dd6843ebfb08a625e3eb905c4f5ab),platform=Windows NT 6.3.9600 x86_64) (WARNING: The server did not provide any stacktrace information)
Command duration or timeout: 10.01 seconds
Build info: version: &apos;2.53.0&apos;, revision: &apos;35ae25b1534ae328c771e0856c93e187490ca824&apos;, time: &apos;2016-03-15 10:43:46&apos;
System info: host: &apos;Nikil&apos;, ip: &apos;192.168.254.4&apos;, os.name: &apos;Windows 8.1&apos;, os.arch: &apos;amd64&apos;, os.version: &apos;6.3&apos;, java.version: &apos;1.8.0_131&apos;
Driver info: org.openqa.selenium.chrome.ChromeDriver
Capabilities [{applicationCacheEnabled=false, rotatable=false, mobileEmulationEnabled=false, networkConnectionEnabled=false, chrome={chromedriverVersion=2.40.565498 (ea082db3280dd6843ebfb08a625e3eb905c4f5ab), userDataDir=C:\Users\NIKILK~1\AppData\Local\Temp\scoped_dir13332_9007}, takesHeapSnapshot=true, pageLoadStrategy=normal, databaseEnabled=false, handlesAlerts=true, hasTouchScreen=false, version=67.0.3396.99, platform=WIN8_1, browserConnectionEnabled=false, nativeEvents=true, acceptSslCerts=false, acceptInsecureCerts=false, locationContextEnabled=true, webStorageEnabled=true, browserName=chrome, takesScreenshot=true, javascriptEnabled=true, cssSelectorsEnabled=true, setWindowRect=true, unexpectedAlertBehaviour=}]
Session ID: 0310d83ee2a38065a6f344275d2497a3
Exception occured: org.openqa.selenium.TimeoutException: timeout
  (Session info: chrome=67.0.3396.99)
  (Driver info: chromedriver=2.40.565498 (ea082db3280dd6843ebfb08a625e3eb905c4f5ab),platform=Windows NT 6.3.9600 x86_64) (WARNING: The server did not provide any stacktrace information)
Command duration or timeout: 10.01 seconds
Build info: version: &apos;2.53.0&apos;, revision: &apos;35ae25b1534ae328c771e0856c93e187490ca824&apos;, time: &apos;2016-03-15 10:43:46&apos;
System info: host: &apos;Nikil&apos;, ip: &apos;192.168.254.4&apos;, os.name: &apos;Windows 8.1&apos;, os.arch: &apos;amd64&apos;, os.version: &apos;6.3&apos;, java.version: &apos;1.8.0_131&apos;
Driver info: org.openqa.selenium.chrome.ChromeDriver
Capabilities [{applicationCacheEnabled=false, rotatable=false, mobileEmulationEnabled=false, networkConnectionEnabled=false, chrome={chromedriverVersion=2.40.565498 (ea082db3280dd6843ebfb08a625e3eb905c4f5ab), userDataDir=C:\Users\NIKILK~1\AppData\Local\Temp\scoped_dir13332_9007}, takesHeapSnapshot=true, pageLoadStrategy=normal, databaseEnabled=false, handlesAlerts=true, hasTouchScreen=false, version=67.0.3396.99, platform=WIN8_1, browserConnectionEnabled=false, nativeEvents=true, acceptSslCerts=false, acceptInsecureCerts=false, locationContextEnabled=true, webStorageEnabled=true, browserName=chrome, takesScreenshot=true, javascriptEnabled=true, cssSelectorsEnabled=true, setWindowRect=true, unexpectedAlertBehaviour=}]
Session ID: 0310d83ee2a38065a6f344275d2497a3
Exception occured: org.openqa.selenium.TimeoutException: timeout
  (Session info: chrome=67.0.3396.99)
  (Driver info: chromedriver=2.40.565498 (ea082db3280dd6843ebfb08a625e3eb905c4f5ab),platform=Windows NT 6.3.9600 x86_64) (WARNING: The server did not provide any stacktrace information)
Command duration or timeout: 10.01 seconds
Build info: version: &apos;2.53.0&apos;, revision: &apos;35ae25b1534ae328c771e0856c93e187490ca824&apos;, time: &apos;2016-03-15 10:43:46&apos;
System info: host: &apos;Nikil&apos;, ip: &apos;192.168.254.4&apos;, os.name: &apos;Windows 8.1&apos;, os.arch: &apos;amd64&apos;, os.version: &apos;6.3&apos;, java.version: &apos;1.8.0_131&apos;
Driver info: org.openqa.selenium.chrome.ChromeDriver
Capabilities [{applicationCacheEnabled=false, rotatable=false, mobileEmulationEnabled=false, networkConnectionEnabled=false, chrome={chromedriverVersion=2.40.565498 (ea082db3280dd6843ebfb08a625e3eb905c4f5ab), userDataDir=C:\Users\NIKILK~1\AppData\Local\Temp\scoped_dir13332_9007}, takesHeapSnapshot=true, pageLoadStrategy=normal, databaseEnabled=false, handlesAlerts=true, hasTouchScreen=false, version=67.0.3396.99, platform=WIN8_1, browserConnectionEnabled=false, nativeEvents=true, acceptSslCerts=false, acceptInsecureCerts=false, locationContextEnabled=true, webStorageEnabled=true, browserName=chrome, takesScreenshot=true, javascriptEnabled=true, cssSelectorsEnabled=true, setWindowRect=true, unexpectedAlertBehaviour=}]
Session ID: 0310d83ee2a38065a6f344275d2497a3
Exception occured: org.openqa.selenium.TimeoutException: timeout
  (Session info: chrome=67.0.3396.99)
  (Driver info: chromedriver=2.40.565498 (ea082db3280dd6843ebfb08a625e3eb905c4f5ab),platform=Windows NT 6.3.9600 x86_64) (WARNING: The server did not provide any stacktrace information)
Command duration or timeout: 10.01 seconds
Build info: version: &apos;2.53.0&apos;, revision: &apos;35ae25b1534ae328c771e0856c93e187490ca824&apos;, time: &apos;2016-03-15 10:43:46&apos;
System info: host: &apos;Nikil&apos;, ip: &apos;192.168.254.4&apos;, os.name: &apos;Windows 8.1&apos;, os.arch: &apos;amd64&apos;, os.version: &apos;6.3&apos;, java.version: &apos;1.8.0_131&apos;
Driver info: org.openqa.selenium.chrome.ChromeDriver
Capabilities [{applicationCacheEnabled=false, rotatable=false, mobileEmulationEnabled=false, networkConnectionEnabled=false, chrome={chromedriverVersion=2.40.565498 (ea082db3280dd6843ebfb08a625e3eb905c4f5ab), userDataDir=C:\Users\NIKILK~1\AppData\Local\Temp\scoped_dir13332_9007}, takesHeapSnapshot=true, pageLoadStrategy=normal, databaseEnabled=false, handlesAlerts=true, hasTouchScreen=false, version=67.0.3396.99, platform=WIN8_1, browserConnectionEnabled=false, nativeEvents=true, acceptSslCerts=false, acceptInsecureCerts=false, locationContextEnabled=true, webStorageEnabled=true, browserName=chrome, takesScreenshot=true, javascriptEnabled=true, cssSelectorsEnabled=true, setWindowRect=true, unexpectedAlertBehaviour=}]
Session ID: 0310d83ee2a38065a6f344275d2497a3
Exception occured: org.openqa.selenium.TimeoutException: timeout
  (Session info: chrome=67.0.3396.99)
  (Driver info: chromedriver=2.40.565498 (ea082db3280dd6843ebfb08a625e3eb905c4f5ab),platform=Windows NT 6.3.9600 x86_64) (WARNING: The server did not provide any stacktrace information)
Command duration or timeout: 10.01 seconds
Build info: version: &apos;2.53.0&apos;, revision: &apos;35ae25b1534ae328c771e0856c93e187490ca824&apos;, time: &apos;2016-03-15 10:43:46&apos;
System info: host: &apos;Nikil&apos;, ip: &apos;192.168.254.4&apos;, os.name: &apos;Windows 8.1&apos;, os.arch: &apos;amd64&apos;, os.version: &apos;6.3&apos;, java.version: &apos;1.8.0_131&apos;
Driver info: org.openqa.selenium.chrome.ChromeDriver
Capabilities [{applicationCacheEnabled=false, rotatable=false, mobileEmulationEnabled=false, networkConnectionEnabled=false, chrome={chromedriverVersion=2.40.565498 (ea082db3280dd6843ebfb08a625e3eb905c4f5ab), userDataDir=C:\Users\NIKILK~1\AppData\Local\Temp\scoped_dir13332_9007}, takesHeapSnapshot=true, pageLoadStrategy=normal, databaseEnabled=false, handlesAlerts=true, hasTouchScreen=false, version=67.0.3396.99, platform=WIN8_1, browserConnectionEnabled=false, nativeEvents=true, acceptSslCerts=false, acceptInsecureCerts=false, locationContextEnabled=true, webStorageEnabled=true, browserName=chrome, takesScreenshot=true, javascriptEnabled=true, cssSelectorsEnabled=true, setWindowRect=true, unexpectedAlertBehaviour=}]
Session ID: 0310d83ee2a38065a6f344275d2497a3
Exception occured: org.openqa.selenium.TimeoutException: timeout
  (Session info: chrome=67.0.3396.99)
  (Driver info: chromedriver=2.40.565498 (ea082db3280dd6843ebfb08a625e3eb905c4f5ab),platform=Windows NT 6.3.9600 x86_64) (WARNING: The server did not provide any stacktrace information)
Command duration or timeout: 10.01 seconds
Build info: version: &apos;2.53.0&apos;, revision: &apos;35ae25b1534ae328c771e0856c93e187490ca824&apos;, time: &apos;2016-03-15 10:43:46&apos;
System info: host: &apos;Nikil&apos;, ip: &apos;192.168.254.4&apos;, os.name: &apos;Windows 8.1&apos;, os.arch: &apos;amd64&apos;, os.version: &apos;6.3&apos;, java.version: &apos;1.8.0_131&apos;
Driver info: org.openqa.selenium.chrome.ChromeDriver
Capabilities [{applicationCacheEnabled=false, rotatable=false, mobileEmulationEnabled=false, networkConnectionEnabled=false, chrome={chromedriverVersion=2.40.565498 (ea082db3280dd6843ebfb08a625e3eb905c4f5ab), userDataDir=C:\Users\NIKILK~1\AppData\Local\Temp\scoped_dir13332_9007}, takesHeapSnapshot=true, pageLoadStrategy=normal, databaseEnabled=false, handlesAlerts=true, hasTouchScreen=false, version=67.0.3396.99, platform=WIN8_1, browserConnectionEnabled=false, nativeEvents=true, acceptSslCerts=false, acceptInsecureCerts=false, locationContextEnabled=true, webStorageEnabled=true, browserName=chrome, takesScreenshot=true, javascriptEnabled=true, cssSelectorsEnabled=true, setWindowRect=true, unexpectedAlertBehaviour=}]
Session ID: 0310d83ee2a38065a6f344275d2497a3
Exception occured: org.openqa.selenium.TimeoutException: timeout
  (Session info: chrome=67.0.3396.99)
  (Driver info: chromedriver=2.40.565498 (ea082db3280dd6843ebfb08a625e3eb905c4f5ab),platform=Windows NT 6.3.9600 x86_64) (WARNING: The server did not provide any stacktrace information)
Command duration or timeout: 10.01 seconds
Build info: version: &apos;2.53.0&apos;, revision: &apos;35ae25b1534ae328c771e0856c93e187490ca824&apos;, time: &apos;2016-03-15 10:43:46&apos;
System info: host: &apos;Nikil&apos;, ip: &apos;192.168.254.4&apos;, os.name: &apos;Windows 8.1&apos;, os.arch: &apos;amd64&apos;, os.version: &apos;6.3&apos;, java.version: &apos;1.8.0_131&apos;
Driver info: org.openqa.selenium.chrome.ChromeDriver
Capabilities [{applicationCacheEnabled=false, rotatable=false, mobileEmulationEnabled=false, networkConnectionEnabled=false, chrome={chromedriverVersion=2.40.565498 (ea082db3280dd6843ebfb08a625e3eb905c4f5ab), userDataDir=C:\Users\NIKILK~1\AppData\Local\Temp\scoped_dir13332_9007}, takesHeapSnapshot=true, pageLoadStrategy=normal, databaseEnabled=false, handlesAlerts=true, hasTouchScreen=false, version=67.0.3396.99, platform=WIN8_1, browserConnectionEnabled=false, nativeEvents=true, acceptSslCerts=false, acceptInsecureCerts=false, locationContextEnabled=true, webStorageEnabled=true, browserName=chrome, takesScreenshot=true, javascriptEnabled=true, cssSelectorsEnabled=true, setWindowRect=true, unexpectedAlertBehaviour=}]
Session ID: 0310d83ee2a38065a6f344275d2497a3
Exception occured: org.openqa.selenium.TimeoutException: timeout
  (Session info: chrome=67.0.3396.99)
  (Driver info: chromedriver=2.40.565498 (ea082db3280dd6843ebfb08a625e3eb905c4f5ab),platform=Windows NT 6.3.9600 x86_64) (WARNING: The server did not provide any stacktrace information)
Command duration or timeout: 10.01 seconds
Build info: version: &apos;2.53.0&apos;, revision: &apos;35ae25b1534ae328c771e0856c93e187490ca824&apos;, time: &apos;2016-03-15 10:43:46&apos;
System info: host: &apos;Nikil&apos;, ip: &apos;192.168.254.4&apos;, os.name: &apos;Windows 8.1&apos;, os.arch: &apos;amd64&apos;, os.version: &apos;6.3&apos;, java.version: &apos;1.8.0_131&apos;
Driver info: org.openqa.selenium.chrome.ChromeDriver
Capabilities [{applicationCacheEnabled=false, rotatable=false, mobileEmulationEnabled=false, networkConnectionEnabled=false, chrome={chromedriverVersion=2.40.565498 (ea082db3280dd6843ebfb08a625e3eb905c4f5ab), userDataDir=C:\Users\NIKILK~1\AppData\Local\Temp\scoped_dir13332_9007}, takesHeapSnapshot=true, pageLoadStrategy=normal, databaseEnabled=false, handlesAlerts=true, hasTouchScreen=false, version=67.0.3396.99, platform=WIN8_1, browserConnectionEnabled=false, nativeEvents=true, acceptSslCerts=false, acceptInsecureCerts=false, locationContextEnabled=true, webStorageEnabled=true, browserName=chrome, takesScreenshot=true, javascriptEnabled=true, cssSelectorsEnabled=true, setWindowRect=true, unexpectedAlertBehaviour=}]
Session ID: 0310d83ee2a38065a6f344275d2497a3
Exception occured: org.openqa.selenium.TimeoutException: timeout
  (Session info: chrome=67.0.3396.99)
  (Driver info: chromedriver=2.40.565498 (ea082db3280dd6843ebfb08a625e3eb905c4f5ab),platform=Windows NT 6.3.9600 x86_64) (WARNING: The server did not provide any stacktrace information)
Command duration or timeout: 10.01 seconds
Build info: version: &apos;2.53.0&apos;, revision: &apos;35ae25b1534ae328c771e0856c93e187490ca824&apos;, time: &apos;2016-03-15 10:43:46&apos;
System info: host: &apos;Nikil&apos;, ip: &apos;192.168.254.4&apos;, os.name: &apos;Windows 8.1&apos;, os.arch: &apos;amd64&apos;, os.version: &apos;6.3&apos;, java.version: &apos;1.8.0_131&apos;
Driver info: org.openqa.selenium.chrome.ChromeDriver
Capabilities [{applicationCacheEnabled=false, rotatable=false, mobileEmulationEnabled=false, networkConnectionEnabled=false, chrome={chromedriverVersion=2.40.565498 (ea082db3280dd6843ebfb08a625e3eb905c4f5ab), userDataDir=C:\Users\NIKILK~1\AppData\Local\Temp\scoped_dir13332_9007}, takesHeapSnapshot=true, pageLoadStrategy=normal, databaseEnabled=false, handlesAlerts=true, hasTouchScreen=false, version=67.0.3396.99, platform=WIN8_1, browserConnectionEnabled=false, nativeEvents=true, acceptSslCerts=false, acceptInsecureCerts=false, locationContextEnabled=true, webStorageEnabled=true, browserName=chrome, takesScreenshot=true, javascriptEnabled=true, cssSelectorsEnabled=true, setWindowRect=true, unexpectedAlertBehaviour=}]
Session ID: 0310d83ee2a38065a6f344275d2497a3
Exception occured: org.openqa.selenium.TimeoutException: timeout
  (Session info: chrome=67.0.3396.99)
  (Driver info: chromedriver=2.40.565498 (ea082db3280dd6843ebfb08a625e3eb905c4f5ab),platform=Windows NT 6.3.9600 x86_64) (WARNING: The server did not provide any stacktrace information)
Command duration or timeout: 10.01 seconds
Build info: version: &apos;2.53.0&apos;, revision: &apos;35ae25b1534ae328c771e0856c93e187490ca824&apos;, time: &apos;2016-03-15 10:43:46&apos;
System info: host: &apos;Nikil&apos;, ip: &apos;192.168.254.4&apos;, os.name: &apos;Windows 8.1&apos;, os.arch: &apos;amd64&apos;, os.version: &apos;6.3&apos;, java.version: &apos;1.8.0_131&apos;
Driver info: org.openqa.selenium.chrome.ChromeDriver
Capabilities [{applicationCacheEnabled=false, rotatable=false, mobileEmulationEnabled=false, networkConnectionEnabled=false, chrome={chromedriverVersion=2.40.565498 (ea082db3280dd6843ebfb08a625e3eb905c4f5ab), userDataDir=C:\Users\NIKILK~1\AppData\Local\Temp\scoped_dir13332_9007}, takesHeapSnapshot=true, pageLoadStrategy=normal, databaseEnabled=false, handlesAlerts=true, hasTouchScreen=false, version=67.0.3396.99, platform=WIN8_1, browserConnectionEnabled=false, nativeEvents=true, acceptSslCerts=false, acceptInsecureCerts=false, locationContextEnabled=true, webStorageEnabled=true, browserName=chrome, takesScreenshot=true, javascriptEnabled=true, cssSelectorsEnabled=true, setWindowRect=true, unexpectedAlertBehaviour=}]
Session ID: 0310d83ee2a38065a6f344275d2497a3
Exception occured: org.openqa.selenium.TimeoutException: timeout
  (Session info: chrome=67.0.3396.99)
  (Driver info: chromedriver=2.40.565498 (ea082db3280dd6843ebfb08a625e3eb905c4f5ab),platform=Windows NT 6.3.9600 x86_64) (WARNING: The server did not provide any stacktrace information)
Command duration or timeout: 10.01 seconds
Build info: version: &apos;2.53.0&apos;, revision: &apos;35ae25b1534ae328c771e0856c93e187490ca824&apos;, time: &apos;2016-03-15 10:43:46&apos;
System info: host: &apos;Nikil&apos;, ip: &apos;192.168.254.4&apos;, os.name: &apos;Windows 8.1&apos;, os.arch: &apos;amd64&apos;, os.version: &apos;6.3&apos;, java.version: &apos;1.8.0_131&apos;
Driver info: org.openqa.selenium.chrome.ChromeDriver
Capabilities [{applicationCacheEnabled=false, rotatable=false, mobileEmulationEnabled=false, networkConnectionEnabled=false, chrome={chromedriverVersion=2.40.565498 (ea082db3280dd6843ebfb08a625e3eb905c4f5ab), userDataDir=C:\Users\NIKILK~1\AppData\Local\Temp\scoped_dir13332_9007}, takesHeapSnapshot=true, pageLoadStrategy=normal, databaseEnabled=false, handlesAlerts=true, hasTouchScreen=false, version=67.0.3396.99, platform=WIN8_1, browserConnectionEnabled=false, nativeEvents=true, acceptSslCerts=false, acceptInsecureCerts=false, locationContextEnabled=true, webStorageEnabled=true, browserName=chrome, takesScreenshot=true, javascriptEnabled=true, cssSelectorsEnabled=true, setWindowRect=true, unexpectedAlertBehaviour=}]
Session ID: 0310d83ee2a38065a6f344275d2497a3
Exception occured: org.openqa.selenium.TimeoutException: timeout
  (Session info: chrome=67.0.3396.99)
  (Driver info: chromedriver=2.40.565498 (ea082db3280dd6843ebfb08a625e3eb905c4f5ab),platform=Windows NT 6.3.9600 x86_64) (WARNING: The server did not provide any stacktrace information)
Command duration or timeout: 10.01 seconds
Build info: version: &apos;2.53.0&apos;, revision: &apos;35ae25b1534ae328c771e0856c93e187490ca824&apos;, time: &apos;2016-03-15 10:43:46&apos;
System info: host: &apos;Nikil&apos;, ip: &apos;192.168.254.4&apos;, os.name: &apos;Windows 8.1&apos;, os.arch: &apos;amd64&apos;, os.version: &apos;6.3&apos;, java.version: &apos;1.8.0_131&apos;
Driver info: org.openqa.selenium.chrome.ChromeDriver
Capabilities [{applicationCacheEnabled=false, rotatable=false, mobileEmulationEnabled=false, networkConnectionEnabled=false, chrome={chromedriverVersion=2.40.565498 (ea082db3280dd6843ebfb08a625e3eb905c4f5ab), userDataDir=C:\Users\NIKILK~1\AppData\Local\Temp\scoped_dir13332_9007}, takesHeapSnapshot=true, pageLoadStrategy=normal, databaseEnabled=false, handlesAlerts=true, hasTouchScreen=false, version=67.0.3396.99, platform=WIN8_1, browserConnectionEnabled=false, nativeEvents=true, acceptSslCerts=false, acceptInsecureCerts=false, locationContextEnabled=true, webStorageEnabled=true, browserName=chrome, takesScreenshot=true, javascriptEnabled=true, cssSelectorsEnabled=true, setWindowRect=true, unexpectedAlertBehaviour=}]
Session ID: 0310d83ee2a38065a6f344275d2497a3
Exception occured: org.openqa.selenium.TimeoutException: timeout
  (Session info: chrome=67.0.3396.99)
  (Driver info: chromedriver=2.40.565498 (ea082db3280dd6843ebfb08a625e3eb905c4f5ab),platform=Windows NT 6.3.9600 x86_64) (WARNING: The server did not provide any stacktrace information)
Command duration or timeout: 10.01 seconds
Build info: version: &apos;2.53.0&apos;, revision: &apos;35ae25b1534ae328c771e0856c93e187490ca824&apos;, time: &apos;2016-03-15 10:43:46&apos;
System info: host: &apos;Nikil&apos;, ip: &apos;192.168.254.4&apos;, os.name: &apos;Windows 8.1&apos;, os.arch: &apos;amd64&apos;, os.version: &apos;6.3&apos;, java.version: &apos;1.8.0_131&apos;
Driver info: org.openqa.selenium.chrome.ChromeDriver
Capabilities [{applicationCacheEnabled=false, rotatable=false, mobileEmulationEnabled=false, networkConnectionEnabled=false, chrome={chromedriverVersion=2.40.565498 (ea082db3280dd6843ebfb08a625e3eb905c4f5ab), userDataDir=C:\Users\NIKILK~1\AppData\Local\Temp\scoped_dir13332_9007}, takesHeapSnapshot=true, pageLoadStrategy=normal, databaseEnabled=false, handlesAlerts=true, hasTouchScreen=false, version=67.0.3396.99, platform=WIN8_1, browserConnectionEnabled=false, nativeEvents=true, acceptSslCerts=false, acceptInsecureCerts=false, locationContextEnabled=true, webStorageEnabled=true, browserName=chrome, takesScreenshot=true, javascriptEnabled=true, cssSelectorsEnabled=true, setWindowRect=true, unexpectedAlertBehaviour=}]
Session ID: 0310d83ee2a38065a6f344275d2497a3
Exception occured: org.openqa.selenium.TimeoutException: timeout
  (Session info: chrome=67.0.3396.99)
  (Driver info: chromedriver=2.40.565498 (ea082db3280dd6843ebfb08a625e3eb905c4f5ab),platform=Windows NT 6.3.9600 x86_64) (WARNING: The server did not provide any stacktrace information)
Command duration or timeout: 10.01 seconds
Build info: version: &apos;2.53.0&apos;, revision: &apos;35ae25b1534ae328c771e0856c93e187490ca824&apos;, time: &apos;2016-03-15 10:43:46&apos;
System info: host: &apos;Nikil&apos;, ip: &apos;192.168.254.4&apos;, os.name: &apos;Windows 8.1&apos;, os.arch: &apos;amd64&apos;, os.version: &apos;6.3&apos;, java.version: &apos;1.8.0_131&apos;
Driver info: org.openqa.selenium.chrome.ChromeDriver
Capabilities [{applicationCacheEnabled=false, rotatable=false, mobileEmulationEnabled=false, networkConnectionEnabled=false, chrome={chromedriverVersion=2.40.565498 (ea082db3280dd6843ebfb08a625e3eb905c4f5ab), userDataDir=C:\Users\NIKILK~1\AppData\Local\Temp\scoped_dir13332_9007}, takesHeapSnapshot=true, pageLoadStrategy=normal, databaseEnabled=false, handlesAlerts=true, hasTouchScreen=false, version=67.0.3396.99, platform=WIN8_1, browserConnectionEnabled=false, nativeEvents=true, acceptSslCerts=false, acceptInsecureCerts=false, locationContextEnabled=true, webStorageEnabled=true, browserName=chrome, takesScreenshot=true, javascriptEnabled=true, cssSelectorsEnabled=true, setWindowRect=true, unexpectedAlertBehaviour=}]
Session ID: 0310d83ee2a38065a6f344275d2497a3
Exception occured: org.openqa.selenium.TimeoutException: timeout
  (Session info: chrome=67.0.3396.99)
  (Driver info: chromedriver=2.40.565498 (ea082db3280dd6843ebfb08a625e3eb905c4f5ab),platform=Windows NT 6.3.9600 x86_64) (WARNING: The server did not provide any stacktrace information)
Command duration or timeout: 10.01 seconds
Build info: version: &apos;2.53.0&apos;, revision: &apos;35ae25b1534ae328c771e0856c93e187490ca824&apos;, time: &apos;2016-03-15 10:43:46&apos;
System info: host: &apos;Nikil&apos;, ip: &apos;192.168.254.4&apos;, os.name: &apos;Windows 8.1&apos;, os.arch: &apos;amd64&apos;, os.version: &apos;6.3&apos;, java.version: &apos;1.8.0_131&apos;
Driver info: org.openqa.selenium.chrome.ChromeDriver
Capabilities [{applicationCacheEnabled=false, rotatable=false, mobileEmulationEnabled=false, networkConnectionEnabled=false, chrome={chromedriverVersion=2.40.565498 (ea082db3280dd6843ebfb08a625e3eb905c4f5ab), userDataDir=C:\Users\NIKILK~1\AppData\Local\Temp\scoped_dir13332_9007}, takesHeapSnapshot=true, pageLoadStrategy=normal, databaseEnabled=false, handlesAlerts=true, hasTouchScreen=false, version=67.0.3396.99, platform=WIN8_1, browserConnectionEnabled=false, nativeEvents=true, acceptSslCerts=false, acceptInsecureCerts=false, locationContextEnabled=true, webStorageEnabled=true, browserName=chrome, takesScreenshot=true, javascriptEnabled=true, cssSelectorsEnabled=true, setWindowRect=true, unexpectedAlertBehaviour=}]
Session ID: 0310d83ee2a38065a6f344275d2497a3
Exception occured: org.openqa.selenium.TimeoutException: timeout
  (Session info: chrome=67.0.3396.99)
  (Driver info: chromedriver=2.40.565498 (ea082db3280dd6843ebfb08a625e3eb905c4f5ab),platform=Windows NT 6.3.9600 x86_64) (WARNING: The server did not provide any stacktrace information)
Command duration or timeout: 10.01 seconds
Build info: version: &apos;2.53.0&apos;, revision: &apos;35ae25b1534ae328c771e0856c93e187490ca824&apos;, time: &apos;2016-03-15 10:43:46&apos;
System info: host: &apos;Nikil&apos;, ip: &apos;192.168.254.4&apos;, os.name: &apos;Windows 8.1&apos;, os.arch: &apos;amd64&apos;, os.version: &apos;6.3&apos;, java.version: &apos;1.8.0_131&apos;
Driver info: org.openqa.selenium.chrome.ChromeDriver
Capabilities [{applicationCacheEnabled=false, rotatable=false, mobileEmulationEnabled=false, networkConnectionEnabled=false, chrome={chromedriverVersion=2.40.565498 (ea082db3280dd6843ebfb08a625e3eb905c4f5ab), userDataDir=C:\Users\NIKILK~1\AppData\Local\Temp\scoped_dir13332_9007}, takesHeapSnapshot=true, pageLoadStrategy=normal, databaseEnabled=false, handlesAlerts=true, hasTouchScreen=false, version=67.0.3396.99, platform=WIN8_1, browserConnectionEnabled=false, nativeEvents=true, acceptSslCerts=false, acceptInsecureCerts=false, locationContextEnabled=true, webStorageEnabled=true, browserName=chrome, takesScreenshot=true, javascriptEnabled=true, cssSelectorsEnabled=true, setWindowRect=true, unexpectedAlertBehaviour=}]
Session ID: 0310d83ee2a38065a6f344275d2497a3
Exception occured: org.openqa.selenium.TimeoutException: timeout
  (Session info: chrome=67.0.3396.99)
  (Driver info: chromedriver=2.40.565498 (ea082db3280dd6843ebfb08a625e3eb905c4f5ab),platform=Windows NT 6.3.9600 x86_64) (WARNING: The server did not provide any stacktrace information)
Command duration or timeout: 10.01 seconds
Build info: version: &apos;2.53.0&apos;, revision: &apos;35ae25b1534ae328c771e0856c93e187490ca824&apos;, time: &apos;2016-03-15 10:43:46&apos;
System info: host: &apos;Nikil&apos;, ip: &apos;192.168.254.4&apos;, os.name: &apos;Windows 8.1&apos;, os.arch: &apos;amd64&apos;, os.version: &apos;6.3&apos;, java.version: &apos;1.8.0_131&apos;
Driver info: org.openqa.selenium.chrome.ChromeDriver
Capabilities [{applicationCacheEnabled=false, rotatable=false, mobileEmulationEnabled=false, networkConnectionEnabled=false, chrome={chromedriverVersion=2.40.565498 (ea082db3280dd6843ebfb08a625e3eb905c4f5ab), userDataDir=C:\Users\NIKILK~1\AppData\Local\Temp\scoped_dir13332_9007}, takesHeapSnapshot=true, pageLoadStrategy=normal, databaseEnabled=false, handlesAlerts=true, hasTouchScreen=false, version=67.0.3396.99, platform=WIN8_1, browserConnectionEnabled=false, nativeEvents=true, acceptSslCerts=false, acceptInsecureCerts=false, locationContextEnabled=true, webStorageEnabled=true, browserName=chrome, takesScreenshot=true, javascriptEnabled=true, cssSelectorsEnabled=true, setWindowRect=true, unexpectedAlertBehaviour=}]
Session ID: 0310d83ee2a38065a6f344275d2497a3
Exception occured: org.openqa.selenium.TimeoutException: timeout
  (Session info: chrome=67.0.3396.99)
  (Driver info: chromedriver=2.40.565498 (ea082db3280dd6843ebfb08a625e3eb905c4f5ab),platform=Windows NT 6.3.9600 x86_64) (WARNING: The server did not provide any stacktrace information)
Command duration or timeout: 10.01 seconds
Build info: version: &apos;2.53.0&apos;, revision: &apos;35ae25b1534ae328c771e0856c93e187490ca824&apos;, time: &apos;2016-03-15 10:43:46&apos;
System info: host: &apos;Nikil&apos;, ip: &apos;192.168.254.4&apos;, os.name: &apos;Windows 8.1&apos;, os.arch: &apos;amd64&apos;, os.version: &apos;6.3&apos;, java.version: &apos;1.8.0_131&apos;
Driver info: org.openqa.selenium.chrome.ChromeDriver
Capabilities [{applicationCacheEnabled=false, rotatable=false, mobileEmulationEnabled=false, networkConnectionEnabled=false, chrome={chromedriverVersion=2.40.565498 (ea082db3280dd6843ebfb08a625e3eb905c4f5ab), userDataDir=C:\Users\NIKILK~1\AppData\Local\Temp\scoped_dir13332_9007}, takesHeapSnapshot=true, pageLoadStrategy=normal, databaseEnabled=false, handlesAlerts=true, hasTouchScreen=false, version=67.0.3396.99, platform=WIN8_1, browserConnectionEnabled=false, nativeEvents=true, acceptSslCerts=false, acceptInsecureCerts=false, locationContextEnabled=true, webStorageEnabled=true, browserName=chrome, takesScreenshot=true, javascriptEnabled=true, cssSelectorsEnabled=true, setWindowRect=true, unexpectedAlertBehaviour=}]
Session ID: 0310d83ee2a38065a6f344275d2497a3
Exception occured: org.openqa.selenium.TimeoutException: timeout
  (Session info: chrome=67.0.3396.99)
  (Driver info: chromedriver=2.40.565498 (ea082db3280dd6843ebfb08a625e3eb905c4f5ab),platform=Windows NT 6.3.9600 x86_64) (WARNING: The server did not provide any stacktrace information)
Command duration or timeout: 10.01 seconds
Build info: version: &apos;2.53.0&apos;, revision: &apos;35ae25b1534ae328c771e0856c93e187490ca824&apos;, time: &apos;2016-03-15 10:43:46&apos;
System info: host: &apos;Nikil&apos;, ip: &apos;192.168.254.4&apos;, os.name: &apos;Windows 8.1&apos;, os.arch: &apos;amd64&apos;, os.version: &apos;6.3&apos;, java.version: &apos;1.8.0_131&apos;
Driver info: org.openqa.selenium.chrome.ChromeDriver
Capabilities [{applicationCacheEnabled=false, rotatable=false, mobileEmulationEnabled=false, networkConnectionEnabled=false, chrome={chromedriverVersion=2.40.565498 (ea082db3280dd6843ebfb08a625e3eb905c4f5ab), userDataDir=C:\Users\NIKILK~1\AppData\Local\Temp\scoped_dir13332_9007}, takesHeapSnapshot=true, pageLoadStrategy=normal, databaseEnabled=false, handlesAlerts=true, hasTouchScreen=false, version=67.0.3396.99, platform=WIN8_1, browserConnectionEnabled=false, nativeEvents=true, acceptSslCerts=false, acceptInsecureCerts=false, locationContextEnabled=true, webStorageEnabled=true, browserName=chrome, takesScreenshot=true, javascriptEnabled=true, cssSelectorsEnabled=true, setWindowRect=true, unexpectedAlertBehaviour=}]
Session ID: 0310d83ee2a38065a6f344275d2497a3
Exception occured: org.openqa.selenium.TimeoutException: timeout
  (Session info: chrome=67.0.3396.99)
  (Driver info: chromedriver=2.40.565498 (ea082db3280dd6843ebfb08a625e3eb905c4f5ab),platform=Windows NT 6.3.9600 x86_64) (WARNING: The server did not provide any stacktrace information)
Command duration or timeout: 10.01 seconds
Build info: version: &apos;2.53.0&apos;, revision: &apos;35ae25b1534ae328c771e0856c93e187490ca824&apos;, time: &apos;2016-03-15 10:43:46&apos;
System info: host: &apos;Nikil&apos;, ip: &apos;192.168.254.4&apos;, os.name: &apos;Windows 8.1&apos;, os.arch: &apos;amd64&apos;, os.version: &apos;6.3&apos;, java.version: &apos;1.8.0_131&apos;
Driver info: org.openqa.selenium.chrome.ChromeDriver
Capabilities [{applicationCacheEnabled=false, rotatable=false, mobileEmulationEnabled=false, networkConnectionEnabled=false, chrome={chromedriverVersion=2.40.565498 (ea082db3280dd6843ebfb08a625e3eb905c4f5ab), userDataDir=C:\Users\NIKILK~1\AppData\Local\Temp\scoped_dir13332_9007}, takesHeapSnapshot=true, pageLoadStrategy=normal, databaseEnabled=false, handlesAlerts=true, hasTouchScreen=false, version=67.0.3396.99, platform=WIN8_1, browserConnectionEnabled=false, nativeEvents=true, acceptSslCerts=false, acceptInsecureCerts=false, locationContextEnabled=true, webStorageEnabled=true, browserName=chrome, takesScreenshot=true, javascriptEnabled=true, cssSelectorsEnabled=true, setWindowRect=true, unexpectedAlertBehaviour=}]
Session ID: 0310d83ee2a38065a6f344275d2497a3
Exception occured: org.openqa.selenium.TimeoutException: timeout
  (Session info: chrome=67.0.3396.99)
  (Driver info: chromedriver=2.40.565498 (ea082db3280dd6843ebfb08a625e3eb905c4f5ab),platform=Windows NT 6.3.9600 x86_64) (WARNING: The server did not provide any stacktrace information)
Command duration or timeout: 10.01 seconds
Build info: version: &apos;2.53.0&apos;, revision: &apos;35ae25b1534ae328c771e0856c93e187490ca824&apos;, time: &apos;2016-03-15 10:43:46&apos;
System info: host: &apos;Nikil&apos;, ip: &apos;192.168.254.4&apos;, os.name: &apos;Windows 8.1&apos;, os.arch: &apos;amd64&apos;, os.version: &apos;6.3&apos;, java.version: &apos;1.8.0_131&apos;
Driver info: org.openqa.selenium.chrome.ChromeDriver
Capabilities [{applicationCacheEnabled=false, rotatable=false, mobileEmulationEnabled=false, networkConnectionEnabled=false, chrome={chromedriverVersion=2.40.565498 (ea082db3280dd6843ebfb08a625e3eb905c4f5ab), userDataDir=C:\Users\NIKILK~1\AppData\Local\Temp\scoped_dir13332_9007}, takesHeapSnapshot=true, pageLoadStrategy=normal, databaseEnabled=false, handlesAlerts=true, hasTouchScreen=false, version=67.0.3396.99, platform=WIN8_1, browserConnectionEnabled=false, nativeEvents=true, acceptSslCerts=false, acceptInsecureCerts=false, locationContextEnabled=true, webStorageEnabled=true, browserName=chrome, takesScreenshot=true, javascriptEnabled=true, cssSelectorsEnabled=true, setWindowRect=true, unexpectedAlertBehaviour=}]
Session ID: 0310d83ee2a38065a6f344275d2497a3
Exception occured: org.openqa.selenium.TimeoutException: timeout
  (Session info: chrome=67.0.3396.99)
  (Driver info: chromedriver=2.40.565498 (ea082db3280dd6843ebfb08a625e3eb905c4f5ab),platform=Windows NT 6.3.9600 x86_64) (WARNING: The server did not provide any stacktrace information)
Command duration or timeout: 10.01 seconds
Build info: version: &apos;2.53.0&apos;, revision: &apos;35ae25b1534ae328c771e0856c93e187490ca824&apos;, time: &apos;2016-03-15 10:43:46&apos;
System info: host: &apos;Nikil&apos;, ip: &apos;192.168.254.4&apos;, os.name: &apos;Windows 8.1&apos;, os.arch: &apos;amd64&apos;, os.version: &apos;6.3&apos;, java.version: &apos;1.8.0_131&apos;
Driver info: org.openqa.selenium.chrome.ChromeDriver
Capabilities [{applicationCacheEnabled=false, rotatable=false, mobileEmulationEnabled=false, networkConnectionEnabled=false, chrome={chromedriverVersion=2.40.565498 (ea082db3280dd6843ebfb08a625e3eb905c4f5ab), userDataDir=C:\Users\NIKILK~1\AppData\Local\Temp\scoped_dir13332_9007}, takesHeapSnapshot=true, pageLoadStrategy=normal, databaseEnabled=false, handlesAlerts=true, hasTouchScreen=false, version=67.0.3396.99, platform=WIN8_1, browserConnectionEnabled=false, nativeEvents=true, acceptSslCerts=false, acceptInsecureCerts=false, locationContextEnabled=true, webStorageEnabled=true, browserName=chrome, takesScreenshot=true, javascriptEnabled=true, cssSelectorsEnabled=true, setWindowRect=true, unexpectedAlertBehaviour=}]
Session ID: 0310d83ee2a38065a6f344275d2497a3
Exception occured: org.openqa.selenium.TimeoutException: timeout
  (Session info: chrome=67.0.3396.99)
  (Driver info: chromedriver=2.40.565498 (ea082db3280dd6843ebfb08a625e3eb905c4f5ab),platform=Windows NT 6.3.9600 x86_64) (WARNING: The server did not provide any stacktrace information)
Command duration or timeout: 10.01 seconds
Build info: version: &apos;2.53.0&apos;, revision: &apos;35ae25b1534ae328c771e0856c93e187490ca824&apos;, time: &apos;2016-03-15 10:43:46&apos;
System info: host: &apos;Nikil&apos;, ip: &apos;192.168.254.4&apos;, os.name: &apos;Windows 8.1&apos;, os.arch: &apos;amd64&apos;, os.version: &apos;6.3&apos;, java.version: &apos;1.8.0_131&apos;
Driver info: org.openqa.selenium.chrome.ChromeDriver
Capabilities [{applicationCacheEnabled=false, rotatable=false, mobileEmulationEnabled=false, networkConnectionEnabled=false, chrome={chromedriverVersion=2.40.565498 (ea082db3280dd6843ebfb08a625e3eb905c4f5ab), userDataDir=C:\Users\NIKILK~1\AppData\Local\Temp\scoped_dir13332_9007}, takesHeapSnapshot=true, pageLoadStrategy=normal, databaseEnabled=false, handlesAlerts=true, hasTouchScreen=false, version=67.0.3396.99, platform=WIN8_1, browserConnectionEnabled=false, nativeEvents=true, acceptSslCerts=false, acceptInsecureCerts=false, locationContextEnabled=true, webStorageEnabled=true, browserName=chrome, takesScreenshot=true, javascriptEnabled=true, cssSelectorsEnabled=true, setWindowRect=true, unexpectedAlertBehaviour=}]
Session ID: 0310d83ee2a38065a6f344275d2497a3
Exception occured: org.openqa.selenium.TimeoutException: timeout
  (Session info: chrome=67.0.3396.99)
  (Driver info: chromedriver=2.40.565498 (ea082db3280dd6843ebfb08a625e3eb905c4f5ab),platform=Windows NT 6.3.9600 x86_64) (WARNING: The server did not provide any stacktrace information)
Command duration or timeout: 10.01 seconds
Build info: version: &apos;2.53.0&apos;, revision: &apos;35ae25b1534ae328c771e0856c93e187490ca824&apos;, time: &apos;2016-03-15 10:43:46&apos;
System info: host: &apos;Nikil&apos;, ip: &apos;192.168.254.4&apos;, os.name: &apos;Windows 8.1&apos;, os.arch: &apos;amd64&apos;, os.version: &apos;6.3&apos;, java.version: &apos;1.8.0_131&apos;
Driver info: org.openqa.selenium.chrome.ChromeDriver
Capabilities [{applicationCacheEnabled=false, rotatable=false, mobileEmulationEnabled=false, networkConnectionEnabled=false, chrome={chromedriverVersion=2.40.565498 (ea082db3280dd6843ebfb08a625e3eb905c4f5ab), userDataDir=C:\Users\NIKILK~1\AppData\Local\Temp\scoped_dir13332_9007}, takesHeapSnapshot=true, pageLoadStrategy=normal, databaseEnabled=false, handlesAlerts=true, hasTouchScreen=false, version=67.0.3396.99, platform=WIN8_1, browserConnectionEnabled=false, nativeEvents=true, acceptSslCerts=false, acceptInsecureCerts=false, locationContextEnabled=true, webStorageEnabled=true, browserName=chrome, takesScreenshot=true, javascriptEnabled=true, cssSelectorsEnabled=true, setWindowRect=true, unexpectedAlertBehaviour=}]
Session ID: 0310d83ee2a38065a6f344275d2497a3
Exception occured: org.openqa.selenium.TimeoutException: timeout
  (Session info: chrome=67.0.3396.99)
  (Driver info: chromedriver=2.40.565498 (ea082db3280dd6843ebfb08a625e3eb905c4f5ab),platform=Windows NT 6.3.9600 x86_64) (WARNING: The server did not provide any stacktrace information)
Command duration or timeout: 10.01 seconds
Build info: version: &apos;2.53.0&apos;, revision: &apos;35ae25b1534ae328c771e0856c93e187490ca824&apos;, time: &apos;2016-03-15 10:43:46&apos;
System info: host: &apos;Nikil&apos;, ip: &apos;192.168.254.4&apos;, os.name: &apos;Windows 8.1&apos;, os.arch: &apos;amd64&apos;, os.version: &apos;6.3&apos;, java.version: &apos;1.8.0_131&apos;
Driver info: org.openqa.selenium.chrome.ChromeDriver
Capabilities [{applicationCacheEnabled=false, rotatable=false, mobileEmulationEnabled=false, networkConnectionEnabled=false, chrome={chromedriverVersion=2.40.565498 (ea082db3280dd6843ebfb08a625e3eb905c4f5ab), userDataDir=C:\Users\NIKILK~1\AppData\Local\Temp\scoped_dir13332_9007}, takesHeapSnapshot=true, pageLoadStrategy=normal, databaseEnabled=false, handlesAlerts=true, hasTouchScreen=false, version=67.0.3396.99, platform=WIN8_1, browserConnectionEnabled=false, nativeEvents=true, acceptSslCerts=false, acceptInsecureCerts=false, locationContextEnabled=true, webStorageEnabled=true, browserName=chrome, takesScreenshot=true, javascriptEnabled=true, cssSelectorsEnabled=true, setWindowRect=true, unexpectedAlertBehaviour=}]
Session ID: 0310d83ee2a38065a6f344275d2497a3
Exception occured: org.openqa.selenium.TimeoutException: timeout
  (Session info: chrome=67.0.3396.99)
  (Driver info: chromedriver=2.40.565498 (ea082db3280dd6843ebfb08a625e3eb905c4f5ab),platform=Windows NT 6.3.9600 x86_64) (WARNING: The server did not provide any stacktrace information)
Command duration or timeout: 10.01 seconds
Build info: version: &apos;2.53.0&apos;, revision: &apos;35ae25b1534ae328c771e0856c93e187490ca824&apos;, time: &apos;2016-03-15 10:43:46&apos;
System info: host: &apos;Nikil&apos;, ip: &apos;192.168.254.4&apos;, os.name: &apos;Windows 8.1&apos;, os.arch: &apos;amd64&apos;, os.version: &apos;6.3&apos;, java.version: &apos;1.8.0_131&apos;
Driver info: org.openqa.selenium.chrome.ChromeDriver
Capabilities [{applicationCacheEnabled=false, rotatable=false, mobileEmulationEnabled=false, networkConnectionEnabled=false, chrome={chromedriverVersion=2.40.565498 (ea082db3280dd6843ebfb08a625e3eb905c4f5ab), userDataDir=C:\Users\NIKILK~1\AppData\Local\Temp\scoped_dir13332_9007}, takesHeapSnapshot=true, pageLoadStrategy=normal, databaseEnabled=false, handlesAlerts=true, hasTouchScreen=false, version=67.0.3396.99, platform=WIN8_1, browserConnectionEnabled=false, nativeEvents=true, acceptSslCerts=false, acceptInsecureCerts=false, locationContextEnabled=true, webStorageEnabled=true, browserName=chrome, takesScreenshot=true, javascriptEnabled=true, cssSelectorsEnabled=true, setWindowRect=true, unexpectedAlertBehaviour=}]
Session ID: 0310d83ee2a38065a6f344275d2497a3
Exception occured: org.openqa.selenium.TimeoutException: timeout
  (Session info: chrome=67.0.3396.99)
  (Driver info: chromedriver=2.40.565498 (ea082db3280dd6843ebfb08a625e3eb905c4f5ab),platform=Windows NT 6.3.9600 x86_64) (WARNING: The server did not provide any stacktrace information)
Command duration or timeout: 10.01 seconds
Build info: version: &apos;2.53.0&apos;, revision: &apos;35ae25b1534ae328c771e0856c93e187490ca824&apos;, time: &apos;2016-03-15 10:43:46&apos;
System info: host: &apos;Nikil&apos;, ip: &apos;192.168.254.4&apos;, os.name: &apos;Windows 8.1&apos;, os.arch: &apos;amd64&apos;, os.version: &apos;6.3&apos;, java.version: &apos;1.8.0_131&apos;
Driver info: org.openqa.selenium.chrome.ChromeDriver
Capabilities [{applicationCacheEnabled=false, rotatable=false, mobileEmulationEnabled=false, networkConnectionEnabled=false, chrome={chromedriverVersion=2.40.565498 (ea082db3280dd6843ebfb08a625e3eb905c4f5ab), userDataDir=C:\Users\NIKILK~1\AppData\Local\Temp\scoped_dir13332_9007}, takesHeapSnapshot=true, pageLoadStrategy=normal, databaseEnabled=false, handlesAlerts=true, hasTouchScreen=false, version=67.0.3396.99, platform=WIN8_1, browserConnectionEnabled=false, nativeEvents=true, acceptSslCerts=false, acceptInsecureCerts=false, locationContextEnabled=true, webStorageEnabled=true, browserName=chrome, takesScreenshot=true, javascriptEnabled=true, cssSelectorsEnabled=true, setWindowRect=true, unexpectedAlertBehaviour=}]
Session ID: 0310d83ee2a38065a6f344275d2497a3
Exception occured: org.openqa.selenium.TimeoutException: timeout
  (Session info: chrome=67.0.3396.99)
  (Driver info: chromedriver=2.40.565498 (ea082db3280dd6843ebfb08a625e3eb905c4f5ab),platform=Windows NT 6.3.9600 x86_64) (WARNING: The server did not provide any stacktrace information)
Command duration or timeout: 10.01 seconds
Build info: version: &apos;2.53.0&apos;, revision: &apos;35ae25b1534ae328c771e0856c93e187490ca824&apos;, time: &apos;2016-03-15 10:43:46&apos;
System info: host: &apos;Nikil&apos;, ip: &apos;192.168.254.4&apos;, os.name: &apos;Windows 8.1&apos;, os.arch: &apos;amd64&apos;, os.version: &apos;6.3&apos;, java.version: &apos;1.8.0_131&apos;
Driver info: org.openqa.selenium.chrome.ChromeDriver
Capabilities [{applicationCacheEnabled=false, rotatable=false, mobileEmulationEnabled=false, networkConnectionEnabled=false, chrome={chromedriverVersion=2.40.565498 (ea082db3280dd6843ebfb08a625e3eb905c4f5ab), userDataDir=C:\Users\NIKILK~1\AppData\Local\Temp\scoped_dir13332_9007}, takesHeapSnapshot=true, pageLoadStrategy=normal, databaseEnabled=false, handlesAlerts=true, hasTouchScreen=false, version=67.0.3396.99, platform=WIN8_1, browserConnectionEnabled=false, nativeEvents=true, acceptSslCerts=false, acceptInsecureCerts=false, locationContextEnabled=true, webStorageEnabled=true, browserName=chrome, takesScreenshot=true, javascriptEnabled=true, cssSelectorsEnabled=true, setWindowRect=true, unexpectedAlertBehaviour=}]
Session ID: 0310d83ee2a38065a6f344275d2497a3
Exception occured: org.openqa.selenium.TimeoutException: timeout
  (Session info: chrome=67.0.3396.99)
  (Driver info: chromedriver=2.40.565498 (ea082db3280dd6843ebfb08a625e3eb905c4f5ab),platform=Windows NT 6.3.9600 x86_64) (WARNING: The server did not provide any stacktrace information)
Command duration or timeout: 10.01 seconds
Build info: version: &apos;2.53.0&apos;, revision: &apos;35ae25b1534ae328c771e0856c93e187490ca824&apos;, time: &apos;2016-03-15 10:43:46&apos;
System info: host: &apos;Nikil&apos;, ip: &apos;192.168.254.4&apos;, os.name: &apos;Windows 8.1&apos;, os.arch: &apos;amd64&apos;, os.version: &apos;6.3&apos;, java.version: &apos;1.8.0_131&apos;
Driver info: org.openqa.selenium.chrome.ChromeDriver
Capabilities [{applicationCacheEnabled=false, rotatable=false, mobileEmulationEnabled=false, networkConnectionEnabled=false, chrome={chromedriverVersion=2.40.565498 (ea082db3280dd6843ebfb08a625e3eb905c4f5ab), userDataDir=C:\Users\NIKILK~1\AppData\Local\Temp\scoped_dir13332_9007}, takesHeapSnapshot=true, pageLoadStrategy=normal, databaseEnabled=false, handlesAlerts=true, hasTouchScreen=false, version=67.0.3396.99, platform=WIN8_1, browserConnectionEnabled=false, nativeEvents=true, acceptSslCerts=false, acceptInsecureCerts=false, locationContextEnabled=true, webStorageEnabled=true, browserName=chrome, takesScreenshot=true, javascriptEnabled=true, cssSelectorsEnabled=true, setWindowRect=true, unexpectedAlertBehaviour=}]
Session ID: 0310d83ee2a38065a6f344275d2497a3
Exception occured: org.openqa.selenium.TimeoutException: timeout
  (Session info: chrome=67.0.3396.99)
  (Driver info: chromedriver=2.40.565498 (ea082db3280dd6843ebfb08a625e3eb905c4f5ab),platform=Windows NT 6.3.9600 x86_64) (WARNING: The server did not provide any stacktrace information)
Command duration or timeout: 10.01 seconds
Build info: version: &apos;2.53.0&apos;, revision: &apos;35ae25b1534ae328c771e0856c93e187490ca824&apos;, time: &apos;2016-03-15 10:43:46&apos;
System info: host: &apos;Nikil&apos;, ip: &apos;192.168.254.4&apos;, os.name: &apos;Windows 8.1&apos;, os.arch: &apos;amd64&apos;, os.version: &apos;6.3&apos;, java.version: &apos;1.8.0_131&apos;
Driver info: org.openqa.selenium.chrome.ChromeDriver
Capabilities [{applicationCacheEnabled=false, rotatable=false, mobileEmulationEnabled=false, networkConnectionEnabled=false, chrome={chromedriverVersion=2.40.565498 (ea082db3280dd6843ebfb08a625e3eb905c4f5ab), userDataDir=C:\Users\NIKILK~1\AppData\Local\Temp\scoped_dir13332_9007}, takesHeapSnapshot=true, pageLoadStrategy=normal, databaseEnabled=false, handlesAlerts=true, hasTouchScreen=false, version=67.0.3396.99, platform=WIN8_1, browserConnectionEnabled=false, nativeEvents=true, acceptSslCerts=false, acceptInsecureCerts=false, locationContextEnabled=true, webStorageEnabled=true, browserName=chrome, takesScreenshot=true, javascriptEnabled=true, cssSelectorsEnabled=true, setWindowRect=true, unexpectedAlertBehaviour=}]
Session ID: 0310d83ee2a38065a6f344275d2497a3
Exception occured: org.openqa.selenium.TimeoutException: timeout
  (Session info: chrome=67.0.3396.99)
  (Driver info: chromedriver=2.40.565498 (ea082db3280dd6843ebfb08a625e3eb905c4f5ab),platform=Windows NT 6.3.9600 x86_64) (WARNING: The server did not provide any stacktrace information)
Command duration or timeout: 10.01 seconds
Build info: version: &apos;2.53.0&apos;, revision: &apos;35ae25b1534ae328c771e0856c93e187490ca824&apos;, time: &apos;2016-03-15 10:43:46&apos;
System info: host: &apos;Nikil&apos;, ip: &apos;192.168.254.4&apos;, os.name: &apos;Windows 8.1&apos;, os.arch: &apos;amd64&apos;, os.version: &apos;6.3&apos;, java.version: &apos;1.8.0_131&apos;
Driver info: org.openqa.selenium.chrome.ChromeDriver
Capabilities [{applicationCacheEnabled=false, rotatable=false, mobileEmulationEnabled=false, networkConnectionEnabled=false, chrome={chromedriverVersion=2.40.565498 (ea082db3280dd6843ebfb08a625e3eb905c4f5ab), userDataDir=C:\Users\NIKILK~1\AppData\Local\Temp\scoped_dir13332_9007}, takesHeapSnapshot=true, pageLoadStrategy=normal, databaseEnabled=false, handlesAlerts=true, hasTouchScreen=false, version=67.0.3396.99, platform=WIN8_1, browserConnectionEnabled=false, nativeEvents=true, acceptSslCerts=false, acceptInsecureCerts=false, locationContextEnabled=true, webStorageEnabled=true, browserName=chrome, takesScreenshot=true, javascriptEnabled=true, cssSelectorsEnabled=true, setWindowRect=true, unexpectedAlertBehaviour=}]
Session ID: 0310d83ee2a38065a6f344275d2497a3
Exception occured: org.openqa.selenium.TimeoutException: timeout
  (Session info: chrome=67.0.3396.99)
  (Driver info: chromedriver=2.40.565498 (ea082db3280dd6843ebfb08a625e3eb905c4f5ab),platform=Windows NT 6.3.9600 x86_64) (WARNING: The server did not provide any stacktrace information)
Command duration or timeout: 10.01 seconds
Build info: version: &apos;2.53.0&apos;, revision: &apos;35ae25b1534ae328c771e0856c93e187490ca824&apos;, time: &apos;2016-03-15 10:43:46&apos;
System info: host: &apos;Nikil&apos;, ip: &apos;192.168.254.4&apos;, os.name: &apos;Windows 8.1&apos;, os.arch: &apos;amd64&apos;, os.version: &apos;6.3&apos;, java.version: &apos;1.8.0_131&apos;
Driver info: org.openqa.selenium.chrome.ChromeDriver
Capabilities [{applicationCacheEnabled=false, rotatable=false, mobileEmulationEnabled=false, networkConnectionEnabled=false, chrome={chromedriverVersion=2.40.565498 (ea082db3280dd6843ebfb08a625e3eb905c4f5ab), userDataDir=C:\Users\NIKILK~1\AppData\Local\Temp\scoped_dir13332_9007}, takesHeapSnapshot=true, pageLoadStrategy=normal, databaseEnabled=false, handlesAlerts=true, hasTouchScreen=false, version=67.0.3396.99, platform=WIN8_1, browserConnectionEnabled=false, nativeEvents=true, acceptSslCerts=false, acceptInsecureCerts=false, locationContextEnabled=true, webStorageEnabled=true, browserName=chrome, takesScreenshot=true, javascriptEnabled=true, cssSelectorsEnabled=true, setWindowRect=true, unexpectedAlertBehaviour=}]
Session ID: 0310d83ee2a38065a6f344275d2497a3
Exception occured: org.openqa.selenium.TimeoutException: timeout
  (Session info: chrome=67.0.3396.99)
  (Driver info: chromedriver=2.40.565498 (ea082db3280dd6843ebfb08a625e3eb905c4f5ab),platform=Windows NT 6.3.9600 x86_64) (WARNING: The server did not provide any stacktrace information)
Command duration or timeout: 10.01 seconds
Build info: version: &apos;2.53.0&apos;, revision: &apos;35ae25b1534ae328c771e0856c93e187490ca824&apos;, time: &apos;2016-03-15 10:43:46&apos;
System info: host: &apos;Nikil&apos;, ip: &apos;192.168.254.4&apos;, os.name: &apos;Windows 8.1&apos;, os.arch: &apos;amd64&apos;, os.version: &apos;6.3&apos;, java.version: &apos;1.8.0_131&apos;
Driver info: org.openqa.selenium.chrome.ChromeDriver
Capabilities [{applicationCacheEnabled=false, rotatable=false, mobileEmulationEnabled=false, networkConnectionEnabled=false, chrome={chromedriverVersion=2.40.565498 (ea082db3280dd6843ebfb08a625e3eb905c4f5ab), userDataDir=C:\Users\NIKILK~1\AppData\Local\Temp\scoped_dir13332_9007}, takesHeapSnapshot=true, pageLoadStrategy=normal, databaseEnabled=false, handlesAlerts=true, hasTouchScreen=false, version=67.0.3396.99, platform=WIN8_1, browserConnectionEnabled=false, nativeEvents=true, acceptSslCerts=false, acceptInsecureCerts=false, locationContextEnabled=true, webStorageEnabled=true, browserName=chrome, takesScreenshot=true, javascriptEnabled=true, cssSelectorsEnabled=true, setWindowRect=true, unexpectedAlertBehaviour=}]
Session ID: 0310d83ee2a38065a6f344275d2497a3
Exception occured: org.openqa.selenium.TimeoutException: timeout
  (Session info: chrome=67.0.3396.99)
  (Driver info: chromedriver=2.40.565498 (ea082db3280dd6843ebfb08a625e3eb905c4f5ab),platform=Windows NT 6.3.9600 x86_64) (WARNING: The server did not provide any stacktrace information)
Command duration or timeout: 10.01 seconds
Build info: version: &apos;2.53.0&apos;, revision: &apos;35ae25b1534ae328c771e0856c93e187490ca824&apos;, time: &apos;2016-03-15 10:43:46&apos;
System info: host: &apos;Nikil&apos;, ip: &apos;192.168.254.4&apos;, os.name: &apos;Windows 8.1&apos;, os.arch: &apos;amd64&apos;, os.version: &apos;6.3&apos;, java.version: &apos;1.8.0_131&apos;
Driver info: org.openqa.selenium.chrome.ChromeDriver
Capabilities [{applicationCacheEnabled=false, rotatable=false, mobileEmulationEnabled=false, networkConnectionEnabled=false, chrome={chromedriverVersion=2.40.565498 (ea082db3280dd6843ebfb08a625e3eb905c4f5ab), userDataDir=C:\Users\NIKILK~1\AppData\Local\Temp\scoped_dir13332_9007}, takesHeapSnapshot=true, pageLoadStrategy=normal, databaseEnabled=false, handlesAlerts=true, hasTouchScreen=false, version=67.0.3396.99, platform=WIN8_1, browserConnectionEnabled=false, nativeEvents=true, acceptSslCerts=false, acceptInsecureCerts=false, locationContextEnabled=true, webStorageEnabled=true, browserName=chrome, takesScreenshot=true, javascriptEnabled=true, cssSelectorsEnabled=true, setWindowRect=true, unexpectedAlertBehaviour=}]
Session ID: 0310d83ee2a38065a6f344275d2497a3
Exception occured: org.openqa.selenium.TimeoutException: timeout
  (Session info: chrome=67.0.3396.99)
  (Driver info: chromedriver=2.40.565498 (ea082db3280dd6843ebfb08a625e3eb905c4f5ab),platform=Windows NT 6.3.9600 x86_64) (WARNING: The server did not provide any stacktrace information)
Command duration or timeout: 10.01 seconds
Build info: version: &apos;2.53.0&apos;, revision: &apos;35ae25b1534ae328c771e0856c93e187490ca824&apos;, time: &apos;2016-03-15 10:43:46&apos;
System info: host: &apos;Nikil&apos;, ip: &apos;192.168.254.4&apos;, os.name: &apos;Windows 8.1&apos;, os.arch: &apos;amd64&apos;, os.version: &apos;6.3&apos;, java.version: &apos;1.8.0_131&apos;
Driver info: org.openqa.selenium.chrome.ChromeDriver
Capabilities [{applicationCacheEnabled=false, rotatable=false, mobileEmulationEnabled=false, networkConnectionEnabled=false, chrome={chromedriverVersion=2.40.565498 (ea082db3280dd6843ebfb08a625e3eb905c4f5ab), userDataDir=C:\Users\NIKILK~1\AppData\Local\Temp\scoped_dir13332_9007}, takesHeapSnapshot=true, pageLoadStrategy=normal, databaseEnabled=false, handlesAlerts=true, hasTouchScreen=false, version=67.0.3396.99, platform=WIN8_1, browserConnectionEnabled=false, nativeEvents=true, acceptSslCerts=false, acceptInsecureCerts=false, locationContextEnabled=true, webStorageEnabled=true, browserName=chrome, takesScreenshot=true, javascriptEnabled=true, cssSelectorsEnabled=true, setWindowRect=true, unexpectedAlertBehaviour=}]
Session ID: 0310d83ee2a38065a6f344275d2497a3
Exception occured: org.openqa.selenium.TimeoutException: timeout
  (Session info: chrome=67.0.3396.99)
  (Driver info: chromedriver=2.40.565498 (ea082db3280dd6843ebfb08a625e3eb905c4f5ab),platform=Windows NT 6.3.9600 x86_64) (WARNING: The server did not provide any stacktrace information)
Command duration or timeout: 10.01 seconds
Build info: version: &apos;2.53.0&apos;, revision: &apos;35ae25b1534ae328c771e0856c93e187490ca824&apos;, time: &apos;2016-03-15 10:43:46&apos;
System info: host: &apos;Nikil&apos;, ip: &apos;192.168.254.4&apos;, os.name: &apos;Windows 8.1&apos;, os.arch: &apos;amd64&apos;, os.version: &apos;6.3&apos;, java.version: &apos;1.8.0_131&apos;
Driver info: org.openqa.selenium.chrome.ChromeDriver
Capabilities [{applicationCacheEnabled=false, rotatable=false, mobileEmulationEnabled=false, networkConnectionEnabled=false, chrome={chromedriverVersion=2.40.565498 (ea082db3280dd6843ebfb08a625e3eb905c4f5ab), userDataDir=C:\Users\NIKILK~1\AppData\Local\Temp\scoped_dir13332_9007}, takesHeapSnapshot=true, pageLoadStrategy=normal, databaseEnabled=false, handlesAlerts=true, hasTouchScreen=false, version=67.0.3396.99, platform=WIN8_1, browserConnectionEnabled=false, nativeEvents=true, acceptSslCerts=false, acceptInsecureCerts=false, locationContextEnabled=true, webStorageEnabled=true, browserName=chrome, takesScreenshot=true, javascriptEnabled=true, cssSelectorsEnabled=true, setWindowRect=true, unexpectedAlertBehaviour=}]
Session ID: 0310d83ee2a38065a6f344275d2497a3
Exception occured: org.openqa.selenium.TimeoutException: timeout
  (Session info: chrome=67.0.3396.99)
  (Driver info: chromedriver=2.40.565498 (ea082db3280dd6843ebfb08a625e3eb905c4f5ab),platform=Windows NT 6.3.9600 x86_64) (WARNING: The server did not provide any stacktrace information)
Command duration or timeout: 10.01 seconds
Build info: version: &apos;2.53.0&apos;, revision: &apos;35ae25b1534ae328c771e0856c93e187490ca824&apos;, time: &apos;2016-03-15 10:43:46&apos;
System info: host: &apos;Nikil&apos;, ip: &apos;192.168.254.4&apos;, os.name: &apos;Windows 8.1&apos;, os.arch: &apos;amd64&apos;, os.version: &apos;6.3&apos;, java.version: &apos;1.8.0_131&apos;
Driver info: org.openqa.selenium.chrome.ChromeDriver
Capabilities [{applicationCacheEnabled=false, rotatable=false, mobileEmulationEnabled=false, networkConnectionEnabled=false, chrome={chromedriverVersion=2.40.565498 (ea082db3280dd6843ebfb08a625e3eb905c4f5ab), userDataDir=C:\Users\NIKILK~1\AppData\Local\Temp\scoped_dir13332_9007}, takesHeapSnapshot=true, pageLoadStrategy=normal, databaseEnabled=false, handlesAlerts=true, hasTouchScreen=false, version=67.0.3396.99, platform=WIN8_1, browserConnectionEnabled=false, nativeEvents=true, acceptSslCerts=false, acceptInsecureCerts=false, locationContextEnabled=true, webStorageEnabled=true, browserName=chrome, takesScreenshot=true, javascriptEnabled=true, cssSelectorsEnabled=true, setWindowRect=true, unexpectedAlertBehaviour=}]
Session ID: 0310d83ee2a38065a6f344275d2497a3
Exception occured: org.openqa.selenium.TimeoutException: timeout
  (Session info: chrome=67.0.3396.99)
  (Driver info: chromedriver=2.40.565498 (ea082db3280dd6843ebfb08a625e3eb905c4f5ab),platform=Windows NT 6.3.9600 x86_64) (WARNING: The server did not provide any stacktrace information)
Command duration or timeout: 10.01 seconds
Build info: version: &apos;2.53.0&apos;, revision: &apos;35ae25b1534ae328c771e0856c93e187490ca824&apos;, time: &apos;2016-03-15 10:43:46&apos;
System info: host: &apos;Nikil&apos;, ip: &apos;192.168.254.4&apos;, os.name: &apos;Windows 8.1&apos;, os.arch: &apos;amd64&apos;, os.version: &apos;6.3&apos;, java.version: &apos;1.8.0_131&apos;
Driver info: org.openqa.selenium.chrome.ChromeDriver
Capabilities [{applicationCacheEnabled=false, rotatable=false, mobileEmulationEnabled=false, networkConnectionEnabled=false, chrome={chromedriverVersion=2.40.565498 (ea082db3280dd6843ebfb08a625e3eb905c4f5ab), userDataDir=C:\Users\NIKILK~1\AppData\Local\Temp\scoped_dir13332_9007}, takesHeapSnapshot=true, pageLoadStrategy=normal, databaseEnabled=false, handlesAlerts=true, hasTouchScreen=false, version=67.0.3396.99, platform=WIN8_1, browserConnectionEnabled=false, nativeEvents=true, acceptSslCerts=false, acceptInsecureCerts=false, locationContextEnabled=true, webStorageEnabled=true, browserName=chrome, takesScreenshot=true, javascriptEnabled=true, cssSelectorsEnabled=true, setWindowRect=true, unexpectedAlertBehaviour=}]
Session ID: 0310d83ee2a38065a6f344275d2497a3
Exception occured: org.openqa.selenium.TimeoutException: timeout
  (Session info: chrome=67.0.3396.99)
  (Driver info: chromedriver=2.40.565498 (ea082db3280dd6843ebfb08a625e3eb905c4f5ab),platform=Windows NT 6.3.9600 x86_64) (WARNING: The server did not provide any stacktrace information)
Command duration or timeout: 10.01 seconds
Build info: version: &apos;2.53.0&apos;, revision: &apos;35ae25b1534ae328c771e0856c93e187490ca824&apos;, time: &apos;2016-03-15 10:43:46&apos;
System info: host: &apos;Nikil&apos;, ip: &apos;192.168.254.4&apos;, os.name: &apos;Windows 8.1&apos;, os.arch: &apos;amd64&apos;, os.version: &apos;6.3&apos;, java.version: &apos;1.8.0_131&apos;
Driver info: org.openqa.selenium.chrome.ChromeDriver
Capabilities [{applicationCacheEnabled=false, rotatable=false, mobileEmulationEnabled=false, networkConnectionEnabled=false, chrome={chromedriverVersion=2.40.565498 (ea082db3280dd6843ebfb08a625e3eb905c4f5ab), userDataDir=C:\Users\NIKILK~1\AppData\Local\Temp\scoped_dir13332_9007}, takesHeapSnapshot=true, pageLoadStrategy=normal, databaseEnabled=false, handlesAlerts=true, hasTouchScreen=false, version=67.0.3396.99, platform=WIN8_1, browserConnectionEnabled=false, nativeEvents=true, acceptSslCerts=false, acceptInsecureCerts=false, locationContextEnabled=true, webStorageEnabled=true, browserName=chrome, takesScreenshot=true, javascriptEnabled=true, cssSelectorsEnabled=true, setWindowRect=true, unexpectedAlertBehaviour=}]
Session ID: 0310d83ee2a38065a6f344275d2497a3
Exception occured: org.openqa.selenium.TimeoutException: timeout
  (Session info: chrome=67.0.3396.99)
  (Driver info: chromedriver=2.40.565498 (ea082db3280dd6843ebfb08a625e3eb905c4f5ab),platform=Windows NT 6.3.9600 x86_64) (WARNING: The server did not provide any stacktrace information)
Command duration or timeout: 10.01 seconds
Build info: version: &apos;2.53.0&apos;, revision: &apos;35ae25b1534ae328c771e0856c93e187490ca824&apos;, time: &apos;2016-03-15 10:43:46&apos;
System info: host: &apos;Nikil&apos;, ip: &apos;192.168.254.4&apos;, os.name: &apos;Windows 8.1&apos;, os.arch: &apos;amd64&apos;, os.version: &apos;6.3&apos;, java.version: &apos;1.8.0_131&apos;
Driver info: org.openqa.selenium.chrome.ChromeDriver
Capabilities [{applicationCacheEnabled=false, rotatable=false, mobileEmulationEnabled=false, networkConnectionEnabled=false, chrome={chromedriverVersion=2.40.565498 (ea082db3280dd6843ebfb08a625e3eb905c4f5ab), userDataDir=C:\Users\NIKILK~1\AppData\Local\Temp\scoped_dir13332_9007}, takesHeapSnapshot=true, pageLoadStrategy=normal, databaseEnabled=false, handlesAlerts=true, hasTouchScreen=false, version=67.0.3396.99, platform=WIN8_1, browserConnectionEnabled=false, nativeEvents=true, acceptSslCerts=false, acceptInsecureCerts=false, locationContextEnabled=true, webStorageEnabled=true, browserName=chrome, takesScreenshot=true, javascriptEnabled=true, cssSelectorsEnabled=true, setWindowRect=true, unexpectedAlertBehaviour=}]
Session ID: 0310d83ee2a38065a6f344275d2497a3
Exception occured: org.openqa.selenium.TimeoutException: timeout
  (Session info: chrome=67.0.3396.99)
  (Driver info: chromedriver=2.40.565498 (ea082db3280dd6843ebfb08a625e3eb905c4f5ab),platform=Windows NT 6.3.9600 x86_64) (WARNING: The server did not provide any stacktrace information)
Command duration or timeout: 10.01 seconds
Build info: version: &apos;2.53.0&apos;, revision: &apos;35ae25b1534ae328c771e0856c93e187490ca824&apos;, time: &apos;2016-03-15 10:43:46&apos;
System info: host: &apos;Nikil&apos;, ip: &apos;192.168.254.4&apos;, os.name: &apos;Windows 8.1&apos;, os.arch: &apos;amd64&apos;, os.version: &apos;6.3&apos;, java.version: &apos;1.8.0_131&apos;
Driver info: org.openqa.selenium.chrome.ChromeDriver
Capabilities [{applicationCacheEnabled=false, rotatable=false, mobileEmulationEnabled=false, networkConnectionEnabled=false, chrome={chromedriverVersion=2.40.565498 (ea082db3280dd6843ebfb08a625e3eb905c4f5ab), userDataDir=C:\Users\NIKILK~1\AppData\Local\Temp\scoped_dir13332_9007}, takesHeapSnapshot=true, pageLoadStrategy=normal, databaseEnabled=false, handlesAlerts=true, hasTouchScreen=false, version=67.0.3396.99, platform=WIN8_1, browserConnectionEnabled=false, nativeEvents=true, acceptSslCerts=false, acceptInsecureCerts=false, locationContextEnabled=true, webStorageEnabled=true, browserName=chrome, takesScreenshot=true, javascriptEnabled=true, cssSelectorsEnabled=true, setWindowRect=true, unexpectedAlertBehaviour=}]
Session ID: 0310d83ee2a38065a6f344275d2497a3
Exception occured: org.openqa.selenium.TimeoutException: timeout
  (Session info: chrome=67.0.3396.99)
  (Driver info: chromedriver=2.40.565498 (ea082db3280dd6843ebfb08a625e3eb905c4f5ab),platform=Windows NT 6.3.9600 x86_64) (WARNING: The server did not provide any stacktrace information)
Command duration or timeout: 10.01 seconds
Build info: version: &apos;2.53.0&apos;, revision: &apos;35ae25b1534ae328c771e0856c93e187490ca824&apos;, time: &apos;2016-03-15 10:43:46&apos;
System info: host: &apos;Nikil&apos;, ip: &apos;192.168.254.4&apos;, os.name: &apos;Windows 8.1&apos;, os.arch: &apos;amd64&apos;, os.version: &apos;6.3&apos;, java.version: &apos;1.8.0_131&apos;
Driver info: org.openqa.selenium.chrome.ChromeDriver
Capabilities [{applicationCacheEnabled=false, rotatable=false, mobileEmulationEnabled=false, networkConnectionEnabled=false, chrome={chromedriverVersion=2.40.565498 (ea082db3280dd6843ebfb08a625e3eb905c4f5ab), userDataDir=C:\Users\NIKILK~1\AppData\Local\Temp\scoped_dir13332_9007}, takesHeapSnapshot=true, pageLoadStrategy=normal, databaseEnabled=false, handlesAlerts=true, hasTouchScreen=false, version=67.0.3396.99, platform=WIN8_1, browserConnectionEnabled=false, nativeEvents=true, acceptSslCerts=false, acceptInsecureCerts=false, locationContextEnabled=true, webStorageEnabled=true, browserName=chrome, takesScreenshot=true, javascriptEnabled=true, cssSelectorsEnabled=true, setWindowRect=true, unexpectedAlertBehaviour=}]
Session ID: 0310d83ee2a38065a6f344275d2497a3
Exception occured: org.openqa.selenium.TimeoutException: timeout
  (Session info: chrome=67.0.3396.99)
  (Driver info: chromedriver=2.40.565498 (ea082db3280dd6843ebfb08a625e3eb905c4f5ab),platform=Windows NT 6.3.9600 x86_64) (WARNING: The server did not provide any stacktrace information)
Command duration or timeout: 10.01 seconds
Build info: version: &apos;2.53.0&apos;, revision: &apos;35ae25b1534ae328c771e0856c93e187490ca824&apos;, time: &apos;2016-03-15 10:43:46&apos;
System info: host: &apos;Nikil&apos;, ip: &apos;192.168.254.4&apos;, os.name: &apos;Windows 8.1&apos;, os.arch: &apos;amd64&apos;, os.version: &apos;6.3&apos;, java.version: &apos;1.8.0_131&apos;
Driver info: org.openqa.selenium.chrome.ChromeDriver
Capabilities [{applicationCacheEnabled=false, rotatable=false, mobileEmulationEnabled=false, networkConnectionEnabled=false, chrome={chromedriverVersion=2.40.565498 (ea082db3280dd6843ebfb08a625e3eb905c4f5ab), userDataDir=C:\Users\NIKILK~1\AppData\Local\Temp\scoped_dir13332_9007}, takesHeapSnapshot=true, pageLoadStrategy=normal, databaseEnabled=false, handlesAlerts=true, hasTouchScreen=false, version=67.0.3396.99, platform=WIN8_1, browserConnectionEnabled=false, nativeEvents=true, acceptSslCerts=false, acceptInsecureCerts=false, locationContextEnabled=true, webStorageEnabled=true, browserName=chrome, takesScreenshot=true, javascriptEnabled=true, cssSelectorsEnabled=true, setWindowRect=true, unexpectedAlertBehaviour=}]
Session ID: 0310d83ee2a38065a6f344275d2497a3
Exception occured: org.openqa.selenium.TimeoutException: timeout
  (Session info: chrome=67.0.3396.99)
  (Driver info: chromedriver=2.40.565498 (ea082db3280dd6843ebfb08a625e3eb905c4f5ab),platform=Windows NT 6.3.9600 x86_64) (WARNING: The server did not provide any stacktrace information)
Command duration or timeout: 10.01 seconds
Build info: version: &apos;2.53.0&apos;, revision: &apos;35ae25b1534ae328c771e0856c93e187490ca824&apos;, time: &apos;2016-03-15 10:43:46&apos;
System info: host: &apos;Nikil&apos;, ip: &apos;192.168.254.4&apos;, os.name: &apos;Windows 8.1&apos;, os.arch: &apos;amd64&apos;, os.version: &apos;6.3&apos;, java.version: &apos;1.8.0_131&apos;
Driver info: org.openqa.selenium.chrome.ChromeDriver
Capabilities [{applicationCacheEnabled=false, rotatable=false, mobileEmulationEnabled=false, networkConnectionEnabled=false, chrome={chromedriverVersion=2.40.565498 (ea082db3280dd6843ebfb08a625e3eb905c4f5ab), userDataDir=C:\Users\NIKILK~1\AppData\Local\Temp\scoped_dir13332_9007}, takesHeapSnapshot=true, pageLoadStrategy=normal, databaseEnabled=false, handlesAlerts=true, hasTouchScreen=false, version=67.0.3396.99, platform=WIN8_1, browserConnectionEnabled=false, nativeEvents=true, acceptSslCerts=false, acceptInsecureCerts=false, locationContextEnabled=true, webStorageEnabled=true, browserName=chrome, takesScreenshot=true, javascriptEnabled=true, cssSelectorsEnabled=true, setWindowRect=true, unexpectedAlertBehaviour=}]
Session ID: 0310d83ee2a38065a6f344275d2497a3
Exception occured: org.openqa.selenium.TimeoutException: timeout
  (Session info: chrome=67.0.3396.99)
  (Driver info: chromedriver=2.40.565498 (ea082db3280dd6843ebfb08a625e3eb905c4f5ab),platform=Windows NT 6.3.9600 x86_64) (WARNING: The server did not provide any stacktrace information)
Command duration or timeout: 10.01 seconds
Build info: version: &apos;2.53.0&apos;, revision: &apos;35ae25b1534ae328c771e0856c93e187490ca824&apos;, time: &apos;2016-03-15 10:43:46&apos;
System info: host: &apos;Nikil&apos;, ip: &apos;192.168.254.4&apos;, os.name: &apos;Windows 8.1&apos;, os.arch: &apos;amd64&apos;, os.version: &apos;6.3&apos;, java.version: &apos;1.8.0_131&apos;
Driver info: org.openqa.selenium.chrome.ChromeDriver
Capabilities [{applicationCacheEnabled=false, rotatable=false, mobileEmulationEnabled=false, networkConnectionEnabled=false, chrome={chromedriverVersion=2.40.565498 (ea082db3280dd6843ebfb08a625e3eb905c4f5ab), userDataDir=C:\Users\NIKILK~1\AppData\Local\Temp\scoped_dir13332_9007}, takesHeapSnapshot=true, pageLoadStrategy=normal, databaseEnabled=false, handlesAlerts=true, hasTouchScreen=false, version=67.0.3396.99, platform=WIN8_1, browserConnectionEnabled=false, nativeEvents=true, acceptSslCerts=false, acceptInsecureCerts=false, locationContextEnabled=true, webStorageEnabled=true, browserName=chrome, takesScreenshot=true, javascriptEnabled=true, cssSelectorsEnabled=true, setWindowRect=true, unexpectedAlertBehaviour=}]
Session ID: 0310d83ee2a38065a6f344275d2497a3
Exception occured: org.openqa.selenium.TimeoutException: timeout
  (Session info: chrome=67.0.3396.99)
  (Driver info: chromedriver=2.40.565498 (ea082db3280dd6843ebfb08a625e3eb905c4f5ab),platform=Windows NT 6.3.9600 x86_64) (WARNING: The server did not provide any stacktrace information)
Command duration or timeout: 10.01 seconds
Build info: version: &apos;2.53.0&apos;, revision: &apos;35ae25b1534ae328c771e0856c93e187490ca824&apos;, time: &apos;2016-03-15 10:43:46&apos;
System info: host: &apos;Nikil&apos;, ip: &apos;192.168.254.4&apos;, os.name: &apos;Windows 8.1&apos;, os.arch: &apos;amd64&apos;, os.version: &apos;6.3&apos;, java.version: &apos;1.8.0_131&apos;
Driver info: org.openqa.selenium.chrome.ChromeDriver
Capabilities [{applicationCacheEnabled=false, rotatable=false, mobileEmulationEnabled=false, networkConnectionEnabled=false, chrome={chromedriverVersion=2.40.565498 (ea082db3280dd6843ebfb08a625e3eb905c4f5ab), userDataDir=C:\Users\NIKILK~1\AppData\Local\Temp\scoped_dir13332_9007}, takesHeapSnapshot=true, pageLoadStrategy=normal, databaseEnabled=false, handlesAlerts=true, hasTouchScreen=false, version=67.0.3396.99, platform=WIN8_1, browserConnectionEnabled=false, nativeEvents=true, acceptSslCerts=false, acceptInsecureCerts=false, locationContextEnabled=true, webStorageEnabled=true, browserName=chrome, takesScreenshot=true, javascriptEnabled=true, cssSelectorsEnabled=true, setWindowRect=true, unexpectedAlertBehaviour=}]
Session ID: 0310d83ee2a38065a6f344275d2497a3
Exception occured: org.openqa.selenium.TimeoutException: timeout
  (Session info: chrome=67.0.3396.99)
  (Driver info: chromedriver=2.40.565498 (ea082db3280dd6843ebfb08a625e3eb905c4f5ab),platform=Windows NT 6.3.9600 x86_64) (WARNING: The server did not provide any stacktrace information)
Command duration or timeout: 10.01 seconds
Build info: version: &apos;2.53.0&apos;, revision: &apos;35ae25b1534ae328c771e0856c93e187490ca824&apos;, time: &apos;2016-03-15 10:43:46&apos;
System info: host: &apos;Nikil&apos;, ip: &apos;192.168.254.4&apos;, os.name: &apos;Windows 8.1&apos;, os.arch: &apos;amd64&apos;, os.version: &apos;6.3&apos;, java.version: &apos;1.8.0_131&apos;
Driver info: org.openqa.selenium.chrome.ChromeDriver
Capabilities [{applicationCacheEnabled=false, rotatable=false, mobileEmulationEnabled=false, networkConnectionEnabled=false, chrome={chromedriverVersion=2.40.565498 (ea082db3280dd6843ebfb08a625e3eb905c4f5ab), userDataDir=C:\Users\NIKILK~1\AppData\Local\Temp\scoped_dir13332_9007}, takesHeapSnapshot=true, pageLoadStrategy=normal, databaseEnabled=false, handlesAlerts=true, hasTouchScreen=false, version=67.0.3396.99, platform=WIN8_1, browserConnectionEnabled=false, nativeEvents=true, acceptSslCerts=false, acceptInsecureCerts=false, locationContextEnabled=true, webStorageEnabled=true, browserName=chrome, takesScreenshot=true, javascriptEnabled=true, cssSelectorsEnabled=true, setWindowRect=true, unexpectedAlertBehaviour=}]
Session ID: 0310d83ee2a38065a6f344275d2497a3
Exception occured: org.openqa.selenium.TimeoutException: timeout
  (Session info: chrome=67.0.3396.99)
  (Driver info: chromedriver=2.40.565498 (ea082db3280dd6843ebfb08a625e3eb905c4f5ab),platform=Windows NT 6.3.9600 x86_64) (WARNING: The server did not provide any stacktrace information)
Command duration or timeout: 10.01 seconds
Build info: version: &apos;2.53.0&apos;, revision: &apos;35ae25b1534ae328c771e0856c93e187490ca824&apos;, time: &apos;2016-03-15 10:43:46&apos;
System info: host: &apos;Nikil&apos;, ip: &apos;192.168.254.4&apos;, os.name: &apos;Windows 8.1&apos;, os.arch: &apos;amd64&apos;, os.version: &apos;6.3&apos;, java.version: &apos;1.8.0_131&apos;
Driver info: org.openqa.selenium.chrome.ChromeDriver
Capabilities [{applicationCacheEnabled=false, rotatable=false, mobileEmulationEnabled=false, networkConnectionEnabled=false, chrome={chromedriverVersion=2.40.565498 (ea082db3280dd6843ebfb08a625e3eb905c4f5ab), userDataDir=C:\Users\NIKILK~1\AppData\Local\Temp\scoped_dir13332_9007}, takesHeapSnapshot=true, pageLoadStrategy=normal, databaseEnabled=false, handlesAlerts=true, hasTouchScreen=false, version=67.0.3396.99, platform=WIN8_1, browserConnectionEnabled=false, nativeEvents=true, acceptSslCerts=false, acceptInsecureCerts=false, locationContextEnabled=true, webStorageEnabled=true, browserName=chrome, takesScreenshot=true, javascriptEnabled=true, cssSelectorsEnabled=true, setWindowRect=true, unexpectedAlertBehaviour=}]
Session ID: 0310d83ee2a38065a6f344275d2497a3
Exception occured: org.openqa.selenium.TimeoutException: timeout
  (Session info: chrome=67.0.3396.99)
  (Driver info: chromedriver=2.40.565498 (ea082db3280dd6843ebfb08a625e3eb905c4f5ab),platform=Windows NT 6.3.9600 x86_64) (WARNING: The server did not provide any stacktrace information)
Command duration or timeout: 10.01 seconds
Build info: version: &apos;2.53.0&apos;, revision: &apos;35ae25b1534ae328c771e0856c93e187490ca824&apos;, time: &apos;2016-03-15 10:43:46&apos;
System info: host: &apos;Nikil&apos;, ip: &apos;192.168.254.4&apos;, os.name: &apos;Windows 8.1&apos;, os.arch: &apos;amd64&apos;, os.version: &apos;6.3&apos;, java.version: &apos;1.8.0_131&apos;
Driver info: org.openqa.selenium.chrome.ChromeDriver
Capabilities [{applicationCacheEnabled=false, rotatable=false, mobileEmulationEnabled=false, networkConnectionEnabled=false, chrome={chromedriverVersion=2.40.565498 (ea082db3280dd6843ebfb08a625e3eb905c4f5ab), userDataDir=C:\Users\NIKILK~1\AppData\Local\Temp\scoped_dir13332_9007}, takesHeapSnapshot=true, pageLoadStrategy=normal, databaseEnabled=false, handlesAlerts=true, hasTouchScreen=false, version=67.0.3396.99, platform=WIN8_1, browserConnectionEnabled=false, nativeEvents=true, acceptSslCerts=false, acceptInsecureCerts=false, locationContextEnabled=true, webStorageEnabled=true, browserName=chrome, takesScreenshot=true, javascriptEnabled=true, cssSelectorsEnabled=true, setWindowRect=true, unexpectedAlertBehaviour=}]
Session ID: 0310d83ee2a38065a6f344275d2497a3
Exception occured: org.openqa.selenium.TimeoutException: timeout
  (Session info: chrome=67.0.3396.99)
  (Driver info: chromedriver=2.40.565498 (ea082db3280dd6843ebfb08a625e3eb905c4f5ab),platform=Windows NT 6.3.9600 x86_64) (WARNING: The server did not provide any stacktrace information)
Command duration or timeout: 10.01 seconds
Build info: version: &apos;2.53.0&apos;, revision: &apos;35ae25b1534ae328c771e0856c93e187490ca824&apos;, time: &apos;2016-03-15 10:43:46&apos;
System info: host: &apos;Nikil&apos;, ip: &apos;192.168.254.4&apos;, os.name: &apos;Windows 8.1&apos;, os.arch: &apos;amd64&apos;, os.version: &apos;6.3&apos;, java.version: &apos;1.8.0_131&apos;
Driver info: org.openqa.selenium.chrome.ChromeDriver
Capabilities [{applicationCacheEnabled=false, rotatable=false, mobileEmulationEnabled=false, networkConnectionEnabled=false, chrome={chromedriverVersion=2.40.565498 (ea082db3280dd6843ebfb08a625e3eb905c4f5ab), userDataDir=C:\Users\NIKILK~1\AppData\Local\Temp\scoped_dir13332_9007}, takesHeapSnapshot=true, pageLoadStrategy=normal, databaseEnabled=false, handlesAlerts=true, hasTouchScreen=false, version=67.0.3396.99, platform=WIN8_1, browserConnectionEnabled=false, nativeEvents=true, acceptSslCerts=false, acceptInsecureCerts=false, locationContextEnabled=true, webStorageEnabled=true, browserName=chrome, takesScreenshot=true, javascriptEnabled=true, cssSelectorsEnabled=true, setWindowRect=true, unexpectedAlertBehaviour=}]
Session ID: 0310d83ee2a38065a6f344275d2497a3
Exception occured: org.openqa.selenium.TimeoutException: timeout
  (Session info: chrome=67.0.3396.99)
  (Driver info: chromedriver=2.40.565498 (ea082db3280dd6843ebfb08a625e3eb905c4f5ab),platform=Windows NT 6.3.9600 x86_64) (WARNING: The server did not provide any stacktrace information)
Command duration or timeout: 10.01 seconds
Build info: version: &apos;2.53.0&apos;, revision: &apos;35ae25b1534ae328c771e0856c93e187490ca824&apos;, time: &apos;2016-03-15 10:43:46&apos;
System info: host: &apos;Nikil&apos;, ip: &apos;192.168.254.4&apos;, os.name: &apos;Windows 8.1&apos;, os.arch: &apos;amd64&apos;, os.version: &apos;6.3&apos;, java.version: &apos;1.8.0_131&apos;
Driver info: org.openqa.selenium.chrome.ChromeDriver
Capabilities [{applicationCacheEnabled=false, rotatable=false, mobileEmulationEnabled=false, networkConnectionEnabled=false, chrome={chromedriverVersion=2.40.565498 (ea082db3280dd6843ebfb08a625e3eb905c4f5ab), userDataDir=C:\Users\NIKILK~1\AppData\Local\Temp\scoped_dir13332_9007}, takesHeapSnapshot=true, pageLoadStrategy=normal, databaseEnabled=false, handlesAlerts=true, hasTouchScreen=false, version=67.0.3396.99, platform=WIN8_1, browserConnectionEnabled=false, nativeEvents=true, acceptSslCerts=false, acceptInsecureCerts=false, locationContextEnabled=true, webStorageEnabled=true, browserName=chrome, takesScreenshot=true, javascriptEnabled=true, cssSelectorsEnabled=true, setWindowRect=true, unexpectedAlertBehaviour=}]
Session ID: 0310d83ee2a38065a6f344275d2497a3
Exception occured: org.openqa.selenium.TimeoutException: timeout
  (Session info: chrome=67.0.3396.99)
  (Driver info: chromedriver=2.40.565498 (ea082db3280dd6843ebfb08a625e3eb905c4f5ab),platform=Windows NT 6.3.9600 x86_64) (WARNING: The server did not provide any stacktrace information)
Command duration or timeout: 10.01 seconds
Build info: version: &apos;2.53.0&apos;, revision: &apos;35ae25b1534ae328c771e0856c93e187490ca824&apos;, time: &apos;2016-03-15 10:43:46&apos;
System info: host: &apos;Nikil&apos;, ip: &apos;192.168.254.4&apos;, os.name: &apos;Windows 8.1&apos;, os.arch: &apos;amd64&apos;, os.version: &apos;6.3&apos;, java.version: &apos;1.8.0_131&apos;
Driver info: org.openqa.selenium.chrome.ChromeDriver
Capabilities [{applicationCacheEnabled=false, rotatable=false, mobileEmulationEnabled=false, networkConnectionEnabled=false, chrome={chromedriverVersion=2.40.565498 (ea082db3280dd6843ebfb08a625e3eb905c4f5ab), userDataDir=C:\Users\NIKILK~1\AppData\Local\Temp\scoped_dir13332_9007}, takesHeapSnapshot=true, pageLoadStrategy=normal, databaseEnabled=false, handlesAlerts=true, hasTouchScreen=false, version=67.0.3396.99, platform=WIN8_1, browserConnectionEnabled=false, nativeEvents=true, acceptSslCerts=false, acceptInsecureCerts=false, locationContextEnabled=true, webStorageEnabled=true, browserName=chrome, takesScreenshot=true, javascriptEnabled=true, cssSelectorsEnabled=true, setWindowRect=true, unexpectedAlertBehaviour=}]
Session ID: 0310d83ee2a38065a6f344275d2497a3
Exception occured: org.openqa.selenium.TimeoutException: timeout
  (Session info: chrome=67.0.3396.99)
  (Driver info: chromedriver=2.40.565498 (ea082db3280dd6843ebfb08a625e3eb905c4f5ab),platform=Windows NT 6.3.9600 x86_64) (WARNING: The server did not provide any stacktrace information)
Command duration or timeout: 10.01 seconds
Build info: version: &apos;2.53.0&apos;, revision: &apos;35ae25b1534ae328c771e0856c93e187490ca824&apos;, time: &apos;2016-03-15 10:43:46&apos;
System info: host: &apos;Nikil&apos;, ip: &apos;192.168.254.4&apos;, os.name: &apos;Windows 8.1&apos;, os.arch: &apos;amd64&apos;, os.version: &apos;6.3&apos;, java.version: &apos;1.8.0_131&apos;
Driver info: org.openqa.selenium.chrome.ChromeDriver
Capabilities [{applicationCacheEnabled=false, rotatable=false, mobileEmulationEnabled=false, networkConnectionEnabled=false, chrome={chromedriverVersion=2.40.565498 (ea082db3280dd6843ebfb08a625e3eb905c4f5ab), userDataDir=C:\Users\NIKILK~1\AppData\Local\Temp\scoped_dir13332_9007}, takesHeapSnapshot=true, pageLoadStrategy=normal, databaseEnabled=false, handlesAlerts=true, hasTouchScreen=false, version=67.0.3396.99, platform=WIN8_1, browserConnectionEnabled=false, nativeEvents=true, acceptSslCerts=false, acceptInsecureCerts=false, locationContextEnabled=true, webStorageEnabled=true, browserName=chrome, takesScreenshot=true, javascriptEnabled=true, cssSelectorsEnabled=true, setWindowRect=true, unexpectedAlertBehaviour=}]
Session ID: 0310d83ee2a38065a6f344275d2497a3
Exception occured: org.openqa.selenium.TimeoutException: timeout
  (Session info: chrome=67.0.3396.99)
  (Driver info: chromedriver=2.40.565498 (ea082db3280dd6843ebfb08a625e3eb905c4f5ab),platform=Windows NT 6.3.9600 x86_64) (WARNING: The server did not provide any stacktrace information)
Command duration or timeout: 10.01 seconds
Build info: version: &apos;2.53.0&apos;, revision: &apos;35ae25b1534ae328c771e0856c93e187490ca824&apos;, time: &apos;2016-03-15 10:43:46&apos;
System info: host: &apos;Nikil&apos;, ip: &apos;192.168.254.4&apos;, os.name: &apos;Windows 8.1&apos;, os.arch: &apos;amd64&apos;, os.version: &apos;6.3&apos;, java.version: &apos;1.8.0_131&apos;
Driver info: org.openqa.selenium.chrome.ChromeDriver
Capabilities [{applicationCacheEnabled=false, rotatable=false, mobileEmulationEnabled=false, networkConnectionEnabled=false, chrome={chromedriverVersion=2.40.565498 (ea082db3280dd6843ebfb08a625e3eb905c4f5ab), userDataDir=C:\Users\NIKILK~1\AppData\Local\Temp\scoped_dir13332_9007}, takesHeapSnapshot=true, pageLoadStrategy=normal, databaseEnabled=false, handlesAlerts=true, hasTouchScreen=false, version=67.0.3396.99, platform=WIN8_1, browserConnectionEnabled=false, nativeEvents=true, acceptSslCerts=false, acceptInsecureCerts=false, locationContextEnabled=true, webStorageEnabled=true, browserName=chrome, takesScreenshot=true, javascriptEnabled=true, cssSelectorsEnabled=true, setWindowRect=true, unexpectedAlertBehaviour=}]
Session ID: 0310d83ee2a38065a6f344275d2497a3
Exception occured: org.openqa.selenium.TimeoutException: timeout
  (Session info: chrome=67.0.3396.99)
  (Driver info: chromedriver=2.40.565498 (ea082db3280dd6843ebfb08a625e3eb905c4f5ab),platform=Windows NT 6.3.9600 x86_64) (WARNING: The server did not provide any stacktrace information)
Command duration or timeout: 10.01 seconds
Build info: version: &apos;2.53.0&apos;, revision: &apos;35ae25b1534ae328c771e0856c93e187490ca824&apos;, time: &apos;2016-03-15 10:43:46&apos;
System info: host: &apos;Nikil&apos;, ip: &apos;192.168.254.4&apos;, os.name: &apos;Windows 8.1&apos;, os.arch: &apos;amd64&apos;, os.version: &apos;6.3&apos;, java.version: &apos;1.8.0_131&apos;
Driver info: org.openqa.selenium.chrome.ChromeDriver
Capabilities [{applicationCacheEnabled=false, rotatable=false, mobileEmulationEnabled=false, networkConnectionEnabled=false, chrome={chromedriverVersion=2.40.565498 (ea082db3280dd6843ebfb08a625e3eb905c4f5ab), userDataDir=C:\Users\NIKILK~1\AppData\Local\Temp\scoped_dir13332_9007}, takesHeapSnapshot=true, pageLoadStrategy=normal, databaseEnabled=false, handlesAlerts=true, hasTouchScreen=false, version=67.0.3396.99, platform=WIN8_1, browserConnectionEnabled=false, nativeEvents=true, acceptSslCerts=false, acceptInsecureCerts=false, locationContextEnabled=true, webStorageEnabled=true, browserName=chrome, takesScreenshot=true, javascriptEnabled=true, cssSelectorsEnabled=true, setWindowRect=true, unexpectedAlertBehaviour=}]
Session ID: 0310d83ee2a38065a6f344275d2497a3
Exception occured: org.openqa.selenium.TimeoutException: timeout
  (Session info: chrome=67.0.3396.99)
  (Driver info: chromedriver=2.40.565498 (ea082db3280dd6843ebfb08a625e3eb905c4f5ab),platform=Windows NT 6.3.9600 x86_64) (WARNING: The server did not provide any stacktrace information)
Command duration or timeout: 10.01 seconds
Build info: version: &apos;2.53.0&apos;, revision: &apos;35ae25b1534ae328c771e0856c93e187490ca824&apos;, time: &apos;2016-03-15 10:43:46&apos;
System info: host: &apos;Nikil&apos;, ip: &apos;192.168.254.4&apos;, os.name: &apos;Windows 8.1&apos;, os.arch: &apos;amd64&apos;, os.version: &apos;6.3&apos;, java.version: &apos;1.8.0_131&apos;
Driver info: org.openqa.selenium.chrome.ChromeDriver
Capabilities [{applicationCacheEnabled=false, rotatable=false, mobileEmulationEnabled=false, networkConnectionEnabled=false, chrome={chromedriverVersion=2.40.565498 (ea082db3280dd6843ebfb08a625e3eb905c4f5ab), userDataDir=C:\Users\NIKILK~1\AppData\Local\Temp\scoped_dir13332_9007}, takesHeapSnapshot=true, pageLoadStrategy=normal, databaseEnabled=false, handlesAlerts=true, hasTouchScreen=false, version=67.0.3396.99, platform=WIN8_1, browserConnectionEnabled=false, nativeEvents=true, acceptSslCerts=false, acceptInsecureCerts=false, locationContextEnabled=true, webStorageEnabled=true, browserName=chrome, takesScreenshot=true, javascriptEnabled=true, cssSelectorsEnabled=true, setWindowRect=true, unexpectedAlertBehaviour=}]
Session ID: 0310d83ee2a38065a6f344275d2497a3
Exception occured: org.openqa.selenium.TimeoutException: timeout
  (Session info: chrome=67.0.3396.99)
  (Driver info: chromedriver=2.40.565498 (ea082db3280dd6843ebfb08a625e3eb905c4f5ab),platform=Windows NT 6.3.9600 x86_64) (WARNING: The server did not provide any stacktrace information)
Command duration or timeout: 10.01 seconds
Build info: version: &apos;2.53.0&apos;, revision: &apos;35ae25b1534ae328c771e0856c93e187490ca824&apos;, time: &apos;2016-03-15 10:43:46&apos;
System info: host: &apos;Nikil&apos;, ip: &apos;192.168.254.4&apos;, os.name: &apos;Windows 8.1&apos;, os.arch: &apos;amd64&apos;, os.version: &apos;6.3&apos;, java.version: &apos;1.8.0_131&apos;
Driver info: org.openqa.selenium.chrome.ChromeDriver
Capabilities [{applicationCacheEnabled=false, rotatable=false, mobileEmulationEnabled=false, networkConnectionEnabled=false, chrome={chromedriverVersion=2.40.565498 (ea082db3280dd6843ebfb08a625e3eb905c4f5ab), userDataDir=C:\Users\NIKILK~1\AppData\Local\Temp\scoped_dir13332_9007}, takesHeapSnapshot=true, pageLoadStrategy=normal, databaseEnabled=false, handlesAlerts=true, hasTouchScreen=false, version=67.0.3396.99, platform=WIN8_1, browserConnectionEnabled=false, nativeEvents=true, acceptSslCerts=false, acceptInsecureCerts=false, locationContextEnabled=true, webStorageEnabled=true, browserName=chrome, takesScreenshot=true, javascriptEnabled=true, cssSelectorsEnabled=true, setWindowRect=true, unexpectedAlertBehaviour=}]
Session ID: 0310d83ee2a38065a6f344275d2497a3
Exception occured: org.openqa.selenium.TimeoutException: timeout
  (Session info: chrome=67.0.3396.99)
  (Driver info: chromedriver=2.40.565498 (ea082db3280dd6843ebfb08a625e3eb905c4f5ab),platform=Windows NT 6.3.9600 x86_64) (WARNING: The server did not provide any stacktrace information)
Command duration or timeout: 10.01 seconds
Build info: version: &apos;2.53.0&apos;, revision: &apos;35ae25b1534ae328c771e0856c93e187490ca824&apos;, time: &apos;2016-03-15 10:43:46&apos;
System info: host: &apos;Nikil&apos;, ip: &apos;192.168.254.4&apos;, os.name: &apos;Windows 8.1&apos;, os.arch: &apos;amd64&apos;, os.version: &apos;6.3&apos;, java.version: &apos;1.8.0_131&apos;
Driver info: org.openqa.selenium.chrome.ChromeDriver
Capabilities [{applicationCacheEnabled=false, rotatable=false, mobileEmulationEnabled=false, networkConnectionEnabled=false, chrome={chromedriverVersion=2.40.565498 (ea082db3280dd6843ebfb08a625e3eb905c4f5ab), userDataDir=C:\Users\NIKILK~1\AppData\Local\Temp\scoped_dir13332_9007}, takesHeapSnapshot=true, pageLoadStrategy=normal, databaseEnabled=false, handlesAlerts=true, hasTouchScreen=false, version=67.0.3396.99, platform=WIN8_1, browserConnectionEnabled=false, nativeEvents=true, acceptSslCerts=false, acceptInsecureCerts=false, locationContextEnabled=true, webStorageEnabled=true, browserName=chrome, takesScreenshot=true, javascriptEnabled=true, cssSelectorsEnabled=true, setWindowRect=true, unexpectedAlertBehaviour=}]
Session ID: 0310d83ee2a38065a6f344275d2497a3
Exception occured: org.openqa.selenium.TimeoutException: timeout
  (Session info: chrome=67.0.3396.99)
  (Driver info: chromedriver=2.40.565498 (ea082db3280dd6843ebfb08a625e3eb905c4f5ab),platform=Windows NT 6.3.9600 x86_64) (WARNING: The server did not provide any stacktrace information)
Command duration or timeout: 10.01 seconds
Build info: version: &apos;2.53.0&apos;, revision: &apos;35ae25b1534ae328c771e0856c93e187490ca824&apos;, time: &apos;2016-03-15 10:43:46&apos;
System info: host: &apos;Nikil&apos;, ip: &apos;192.168.254.4&apos;, os.name: &apos;Windows 8.1&apos;, os.arch: &apos;amd64&apos;, os.version: &apos;6.3&apos;, java.version: &apos;1.8.0_131&apos;
Driver info: org.openqa.selenium.chrome.ChromeDriver
Capabilities [{applicationCacheEnabled=false, rotatable=false, mobileEmulationEnabled=false, networkConnectionEnabled=false, chrome={chromedriverVersion=2.40.565498 (ea082db3280dd6843ebfb08a625e3eb905c4f5ab), userDataDir=C:\Users\NIKILK~1\AppData\Local\Temp\scoped_dir13332_9007}, takesHeapSnapshot=true, pageLoadStrategy=normal, databaseEnabled=false, handlesAlerts=true, hasTouchScreen=false, version=67.0.3396.99, platform=WIN8_1, browserConnectionEnabled=false, nativeEvents=true, acceptSslCerts=false, acceptInsecureCerts=false, locationContextEnabled=true, webStorageEnabled=true, browserName=chrome, takesScreenshot=true, javascriptEnabled=true, cssSelectorsEnabled=true, setWindowRect=true, unexpectedAlertBehaviour=}]
Session ID: 0310d83ee2a38065a6f344275d2497a3
Exception occured: org.openqa.selenium.TimeoutException: timeout
  (Session info: chrome=67.0.3396.99)
  (Driver info: chromedriver=2.40.565498 (ea082db3280dd6843ebfb08a625e3eb905c4f5ab),platform=Windows NT 6.3.9600 x86_64) (WARNING: The server did not provide any stacktrace information)
Command duration or timeout: 10.01 seconds
Build info: version: &apos;2.53.0&apos;, revision: &apos;35ae25b1534ae328c771e0856c93e187490ca824&apos;, time: &apos;2016-03-15 10:43:46&apos;
System info: host: &apos;Nikil&apos;, ip: &apos;192.168.254.4&apos;, os.name: &apos;Windows 8.1&apos;, os.arch: &apos;amd64&apos;, os.version: &apos;6.3&apos;, java.version: &apos;1.8.0_131&apos;
Driver info: org.openqa.selenium.chrome.ChromeDriver
Capabilities [{applicationCacheEnabled=false, rotatable=false, mobileEmulationEnabled=false, networkConnectionEnabled=false, chrome={chromedriverVersion=2.40.565498 (ea082db3280dd6843ebfb08a625e3eb905c4f5ab), userDataDir=C:\Users\NIKILK~1\AppData\Local\Temp\scoped_dir13332_9007}, takesHeapSnapshot=true, pageLoadStrategy=normal, databaseEnabled=false, handlesAlerts=true, hasTouchScreen=false, version=67.0.3396.99, platform=WIN8_1, browserConnectionEnabled=false, nativeEvents=true, acceptSslCerts=false, acceptInsecureCerts=false, locationContextEnabled=true, webStorageEnabled=true, browserName=chrome, takesScreenshot=true, javascriptEnabled=true, cssSelectorsEnabled=true, setWindowRect=true, unexpectedAlertBehaviour=}]
Session ID: 0310d83ee2a38065a6f344275d2497a3
Exception occured: org.openqa.selenium.TimeoutException: timeout
  (Session info: chrome=67.0.3396.99)
  (Driver info: chromedriver=2.40.565498 (ea082db3280dd6843ebfb08a625e3eb905c4f5ab),platform=Windows NT 6.3.9600 x86_64) (WARNING: The server did not provide any stacktrace information)
Command duration or timeout: 10.01 seconds
Build info: version: &apos;2.53.0&apos;, revision: &apos;35ae25b1534ae328c771e0856c93e187490ca824&apos;, time: &apos;2016-03-15 10:43:46&apos;
System info: host: &apos;Nikil&apos;, ip: &apos;192.168.254.4&apos;, os.name: &apos;Windows 8.1&apos;, os.arch: &apos;amd64&apos;, os.version: &apos;6.3&apos;, java.version: &apos;1.8.0_131&apos;
Driver info: org.openqa.selenium.chrome.ChromeDriver
Capabilities [{applicationCacheEnabled=false, rotatable=false, mobileEmulationEnabled=false, networkConnectionEnabled=false, chrome={chromedriverVersion=2.40.565498 (ea082db3280dd6843ebfb08a625e3eb905c4f5ab), userDataDir=C:\Users\NIKILK~1\AppData\Local\Temp\scoped_dir13332_9007}, takesHeapSnapshot=true, pageLoadStrategy=normal, databaseEnabled=false, handlesAlerts=true, hasTouchScreen=false, version=67.0.3396.99, platform=WIN8_1, browserConnectionEnabled=false, nativeEvents=true, acceptSslCerts=false, acceptInsecureCerts=false, locationContextEnabled=true, webStorageEnabled=true, browserName=chrome, takesScreenshot=true, javascriptEnabled=true, cssSelectorsEnabled=true, setWindowRect=true, unexpectedAlertBehaviour=}]
Session ID: 0310d83ee2a38065a6f344275d2497a3
Exception occured: org.openqa.selenium.TimeoutException: timeout
  (Session info: chrome=67.0.3396.99)
  (Driver info: chromedriver=2.40.565498 (ea082db3280dd6843ebfb08a625e3eb905c4f5ab),platform=Windows NT 6.3.9600 x86_64) (WARNING: The server did not provide any stacktrace information)
Command duration or timeout: 10.01 seconds
Build info: version: &apos;2.53.0&apos;, revision: &apos;35ae25b1534ae328c771e0856c93e187490ca824&apos;, time: &apos;2016-03-15 10:43:46&apos;
System info: host: &apos;Nikil&apos;, ip: &apos;192.168.254.4&apos;, os.name: &apos;Windows 8.1&apos;, os.arch: &apos;amd64&apos;, os.version: &apos;6.3&apos;, java.version: &apos;1.8.0_131&apos;
Driver info: org.openqa.selenium.chrome.ChromeDriver
Capabilities [{applicationCacheEnabled=false, rotatable=false, mobileEmulationEnabled=false, networkConnectionEnabled=false, chrome={chromedriverVersion=2.40.565498 (ea082db3280dd6843ebfb08a625e3eb905c4f5ab), userDataDir=C:\Users\NIKILK~1\AppData\Local\Temp\scoped_dir13332_9007}, takesHeapSnapshot=true, pageLoadStrategy=normal, databaseEnabled=false, handlesAlerts=true, hasTouchScreen=false, version=67.0.3396.99, platform=WIN8_1, browserConnectionEnabled=false, nativeEvents=true, acceptSslCerts=false, acceptInsecureCerts=false, locationContextEnabled=true, webStorageEnabled=true, browserName=chrome, takesScreenshot=true, javascriptEnabled=true, cssSelectorsEnabled=true, setWindowRect=true, unexpectedAlertBehaviour=}]
Session ID: 0310d83ee2a38065a6f344275d2497a3
Exception occured: org.openqa.selenium.TimeoutException: timeout
  (Session info: chrome=67.0.3396.99)
  (Driver info: chromedriver=2.40.565498 (ea082db3280dd6843ebfb08a625e3eb905c4f5ab),platform=Windows NT 6.3.9600 x86_64) (WARNING: The server did not provide any stacktrace information)
Command duration or timeout: 10.01 seconds
Build info: version: &apos;2.53.0&apos;, revision: &apos;35ae25b1534ae328c771e0856c93e187490ca824&apos;, time: &apos;2016-03-15 10:43:46&apos;
System info: host: &apos;Nikil&apos;, ip: &apos;192.168.254.4&apos;, os.name: &apos;Windows 8.1&apos;, os.arch: &apos;amd64&apos;, os.version: &apos;6.3&apos;, java.version: &apos;1.8.0_131&apos;
Driver info: org.openqa.selenium.chrome.ChromeDriver
Capabilities [{applicationCacheEnabled=false, rotatable=false, mobileEmulationEnabled=false, networkConnectionEnabled=false, chrome={chromedriverVersion=2.40.565498 (ea082db3280dd6843ebfb08a625e3eb905c4f5ab), userDataDir=C:\Users\NIKILK~1\AppData\Local\Temp\scoped_dir13332_9007}, takesHeapSnapshot=true, pageLoadStrategy=normal, databaseEnabled=false, handlesAlerts=true, hasTouchScreen=false, version=67.0.3396.99, platform=WIN8_1, browserConnectionEnabled=false, nativeEvents=true, acceptSslCerts=false, acceptInsecureCerts=false, locationContextEnabled=true, webStorageEnabled=true, browserName=chrome, takesScreenshot=true, javascriptEnabled=true, cssSelectorsEnabled=true, setWindowRect=true, unexpectedAlertBehaviour=}]
Session ID: 0310d83ee2a38065a6f344275d2497a3
Exception occured: org.openqa.selenium.TimeoutException: timeout
  (Session info: chrome=67.0.3396.99)
  (Driver info: chromedriver=2.40.565498 (ea082db3280dd6843ebfb08a625e3eb905c4f5ab),platform=Windows NT 6.3.9600 x86_64) (WARNING: The server did not provide any stacktrace information)
Command duration or timeout: 10.01 seconds
Build info: version: &apos;2.53.0&apos;, revision: &apos;35ae25b1534ae328c771e0856c93e187490ca824&apos;, time: &apos;2016-03-15 10:43:46&apos;
System info: host: &apos;Nikil&apos;, ip: &apos;192.168.254.4&apos;, os.name: &apos;Windows 8.1&apos;, os.arch: &apos;amd64&apos;, os.version: &apos;6.3&apos;, java.version: &apos;1.8.0_131&apos;
Driver info: org.openqa.selenium.chrome.ChromeDriver
Capabilities [{applicationCacheEnabled=false, rotatable=false, mobileEmulationEnabled=false, networkConnectionEnabled=false, chrome={chromedriverVersion=2.40.565498 (ea082db3280dd6843ebfb08a625e3eb905c4f5ab), userDataDir=C:\Users\NIKILK~1\AppData\Local\Temp\scoped_dir13332_9007}, takesHeapSnapshot=true, pageLoadStrategy=normal, databaseEnabled=false, handlesAlerts=true, hasTouchScreen=false, version=67.0.3396.99, platform=WIN8_1, browserConnectionEnabled=false, nativeEvents=true, acceptSslCerts=false, acceptInsecureCerts=false, locationContextEnabled=true, webStorageEnabled=true, browserName=chrome, takesScreenshot=true, javascriptEnabled=true, cssSelectorsEnabled=true, setWindowRect=true, unexpectedAlertBehaviour=}]
Session ID: 0310d83ee2a38065a6f344275d2497a3
Exception occured: org.openqa.selenium.TimeoutException: timeout
  (Session info: chrome=67.0.3396.99)
  (Driver info: chromedriver=2.40.565498 (ea082db3280dd6843ebfb08a625e3eb905c4f5ab),platform=Windows NT 6.3.9600 x86_64) (WARNING: The server did not provide any stacktrace information)
Command duration or timeout: 10.01 seconds
Build info: version: &apos;2.53.0&apos;, revision: &apos;35ae25b1534ae328c771e0856c93e187490ca824&apos;, time: &apos;2016-03-15 10:43:46&apos;
System info: host: &apos;Nikil&apos;, ip: &apos;192.168.254.4&apos;, os.name: &apos;Windows 8.1&apos;, os.arch: &apos;amd64&apos;, os.version: &apos;6.3&apos;, java.version: &apos;1.8.0_131&apos;
Driver info: org.openqa.selenium.chrome.ChromeDriver
Capabilities [{applicationCacheEnabled=false, rotatable=false, mobileEmulationEnabled=false, networkConnectionEnabled=false, chrome={chromedriverVersion=2.40.565498 (ea082db3280dd6843ebfb08a625e3eb905c4f5ab), userDataDir=C:\Users\NIKILK~1\AppData\Local\Temp\scoped_dir13332_9007}, takesHeapSnapshot=true, pageLoadStrategy=normal, databaseEnabled=false, handlesAlerts=true, hasTouchScreen=false, version=67.0.3396.99, platform=WIN8_1, browserConnectionEnabled=false, nativeEvents=true, acceptSslCerts=false, acceptInsecureCerts=false, locationContextEnabled=true, webStorageEnabled=true, browserName=chrome, takesScreenshot=true, javascriptEnabled=true, cssSelectorsEnabled=true, setWindowRect=true, unexpectedAlertBehaviour=}]
Session ID: 0310d83ee2a38065a6f344275d2497a3
Exception occured: org.openqa.selenium.TimeoutException: timeout
  (Session info: chrome=67.0.3396.99)
  (Driver info: chromedriver=2.40.565498 (ea082db3280dd6843ebfb08a625e3eb905c4f5ab),platform=Windows NT 6.3.9600 x86_64) (WARNING: The server did not provide any stacktrace information)
Command duration or timeout: 10.01 seconds
Build info: version: &apos;2.53.0&apos;, revision: &apos;35ae25b1534ae328c771e0856c93e187490ca824&apos;, time: &apos;2016-03-15 10:43:46&apos;
System info: host: &apos;Nikil&apos;, ip: &apos;192.168.254.4&apos;, os.name: &apos;Windows 8.1&apos;, os.arch: &apos;amd64&apos;, os.version: &apos;6.3&apos;, java.version: &apos;1.8.0_131&apos;
Driver info: org.openqa.selenium.chrome.ChromeDriver
Capabilities [{applicationCacheEnabled=false, rotatable=false, mobileEmulationEnabled=false, networkConnectionEnabled=false, chrome={chromedriverVersion=2.40.565498 (ea082db3280dd6843ebfb08a625e3eb905c4f5ab), userDataDir=C:\Users\NIKILK~1\AppData\Local\Temp\scoped_dir13332_9007}, takesHeapSnapshot=true, pageLoadStrategy=normal, databaseEnabled=false, handlesAlerts=true, hasTouchScreen=false, version=67.0.3396.99, platform=WIN8_1, browserConnectionEnabled=false, nativeEvents=true, acceptSslCerts=false, acceptInsecureCerts=false, locationContextEnabled=true, webStorageEnabled=true, browserName=chrome, takesScreenshot=true, javascriptEnabled=true, cssSelectorsEnabled=true, setWindowRect=true, unexpectedAlertBehaviour=}]
Session ID: 0310d83ee2a38065a6f344275d2497a3
Exception occured: org.openqa.selenium.TimeoutException: timeout
  (Session info: chrome=67.0.3396.99)
  (Driver info: chromedriver=2.40.565498 (ea082db3280dd6843ebfb08a625e3eb905c4f5ab),platform=Windows NT 6.3.9600 x86_64) (WARNING: The server did not provide any stacktrace information)
Command duration or timeout: 10.01 seconds
Build info: version: &apos;2.53.0&apos;, revision: &apos;35ae25b1534ae328c771e0856c93e187490ca824&apos;, time: &apos;2016-03-15 10:43:46&apos;
System info: host: &apos;Nikil&apos;, ip: &apos;192.168.254.4&apos;, os.name: &apos;Windows 8.1&apos;, os.arch: &apos;amd64&apos;, os.version: &apos;6.3&apos;, java.version: &apos;1.8.0_131&apos;
Driver info: org.openqa.selenium.chrome.ChromeDriver
Capabilities [{applicationCacheEnabled=false, rotatable=false, mobileEmulationEnabled=false, networkConnectionEnabled=false, chrome={chromedriverVersion=2.40.565498 (ea082db3280dd6843ebfb08a625e3eb905c4f5ab), userDataDir=C:\Users\NIKILK~1\AppData\Local\Temp\scoped_dir13332_9007}, takesHeapSnapshot=true, pageLoadStrategy=normal, databaseEnabled=false, handlesAlerts=true, hasTouchScreen=false, version=67.0.3396.99, platform=WIN8_1, browserConnectionEnabled=false, nativeEvents=true, acceptSslCerts=false, acceptInsecureCerts=false, locationContextEnabled=true, webStorageEnabled=true, browserName=chrome, takesScreenshot=true, javascriptEnabled=true, cssSelectorsEnabled=true, setWindowRect=true, unexpectedAlertBehaviour=}]
Session ID: 0310d83ee2a38065a6f344275d2497a3
Exception occured: org.openqa.selenium.TimeoutException: timeout
  (Session info: chrome=67.0.3396.99)
  (Driver info: chromedriver=2.40.565498 (ea082db3280dd6843ebfb08a625e3eb905c4f5ab),platform=Windows NT 6.3.9600 x86_64) (WARNING: The server did not provide any stacktrace information)
Command duration or timeout: 10.01 seconds
Build info: version: &apos;2.53.0&apos;, revision: &apos;35ae25b1534ae328c771e0856c93e187490ca824&apos;, time: &apos;2016-03-15 10:43:46&apos;
System info: host: &apos;Nikil&apos;, ip: &apos;192.168.254.4&apos;, os.name: &apos;Windows 8.1&apos;, os.arch: &apos;amd64&apos;, os.version: &apos;6.3&apos;, java.version: &apos;1.8.0_131&apos;
Driver info: org.openqa.selenium.chrome.ChromeDriver
Capabilities [{applicationCacheEnabled=false, rotatable=false, mobileEmulationEnabled=false, networkConnectionEnabled=false, chrome={chromedriverVersion=2.40.565498 (ea082db3280dd6843ebfb08a625e3eb905c4f5ab), userDataDir=C:\Users\NIKILK~1\AppData\Local\Temp\scoped_dir13332_9007}, takesHeapSnapshot=true, pageLoadStrategy=normal, databaseEnabled=false, handlesAlerts=true, hasTouchScreen=false, version=67.0.3396.99, platform=WIN8_1, browserConnectionEnabled=false, nativeEvents=true, acceptSslCerts=false, acceptInsecureCerts=false, locationContextEnabled=true, webStorageEnabled=true, browserName=chrome, takesScreenshot=true, javascriptEnabled=true, cssSelectorsEnabled=true, setWindowRect=true, unexpectedAlertBehaviour=}]
Session ID: 0310d83ee2a38065a6f344275d2497a3
Exception occured: org.openqa.selenium.TimeoutException: timeout
  (Session info: chrome=67.0.3396.99)
  (Driver info: chromedriver=2.40.565498 (ea082db3280dd6843ebfb08a625e3eb905c4f5ab),platform=Windows NT 6.3.9600 x86_64) (WARNING: The server did not provide any stacktrace information)
Command duration or timeout: 10.01 seconds
Build info: version: &apos;2.53.0&apos;, revision: &apos;35ae25b1534ae328c771e0856c93e187490ca824&apos;, time: &apos;2016-03-15 10:43:46&apos;
System info: host: &apos;Nikil&apos;, ip: &apos;192.168.254.4&apos;, os.name: &apos;Windows 8.1&apos;, os.arch: &apos;amd64&apos;, os.version: &apos;6.3&apos;, java.version: &apos;1.8.0_131&apos;
Driver info: org.openqa.selenium.chrome.ChromeDriver
Capabilities [{applicationCacheEnabled=false, rotatable=false, mobileEmulationEnabled=false, networkConnectionEnabled=false, chrome={chromedriverVersion=2.40.565498 (ea082db3280dd6843ebfb08a625e3eb905c4f5ab), userDataDir=C:\Users\NIKILK~1\AppData\Local\Temp\scoped_dir13332_9007}, takesHeapSnapshot=true, pageLoadStrategy=normal, databaseEnabled=false, handlesAlerts=true, hasTouchScreen=false, version=67.0.3396.99, platform=WIN8_1, browserConnectionEnabled=false, nativeEvents=true, acceptSslCerts=false, acceptInsecureCerts=false, locationContextEnabled=true, webStorageEnabled=true, browserName=chrome, takesScreenshot=true, javascriptEnabled=true, cssSelectorsEnabled=true, setWindowRect=true, unexpectedAlertBehaviour=}]
Session ID: 0310d83ee2a38065a6f344275d2497a3
Exception occured: org.openqa.selenium.TimeoutException: timeout
  (Session info: chrome=67.0.3396.99)
  (Driver info: chromedriver=2.40.565498 (ea082db3280dd6843ebfb08a625e3eb905c4f5ab),platform=Windows NT 6.3.9600 x86_64) (WARNING: The server did not provide any stacktrace information)
Command duration or timeout: 10.01 seconds
Build info: version: &apos;2.53.0&apos;, revision: &apos;35ae25b1534ae328c771e0856c93e187490ca824&apos;, time: &apos;2016-03-15 10:43:46&apos;
System info: host: &apos;Nikil&apos;, ip: &apos;192.168.254.4&apos;, os.name: &apos;Windows 8.1&apos;, os.arch: &apos;amd64&apos;, os.version: &apos;6.3&apos;, java.version: &apos;1.8.0_131&apos;
Driver info: org.openqa.selenium.chrome.ChromeDriver
Capabilities [{applicationCacheEnabled=false, rotatable=false, mobileEmulationEnabled=false, networkConnectionEnabled=false, chrome={chromedriverVersion=2.40.565498 (ea082db3280dd6843ebfb08a625e3eb905c4f5ab), userDataDir=C:\Users\NIKILK~1\AppData\Local\Temp\scoped_dir13332_9007}, takesHeapSnapshot=true, pageLoadStrategy=normal, databaseEnabled=false, handlesAlerts=true, hasTouchScreen=false, version=67.0.3396.99, platform=WIN8_1, browserConnectionEnabled=false, nativeEvents=true, acceptSslCerts=false, acceptInsecureCerts=false, locationContextEnabled=true, webStorageEnabled=true, browserName=chrome, takesScreenshot=true, javascriptEnabled=true, cssSelectorsEnabled=true, setWindowRect=true, unexpectedAlertBehaviour=}]
Session ID: 0310d83ee2a38065a6f344275d2497a3
Exception occured: org.openqa.selenium.TimeoutException: timeout
  (Session info: chrome=67.0.3396.99)
  (Driver info: chromedriver=2.40.565498 (ea082db3280dd6843ebfb08a625e3eb905c4f5ab),platform=Windows NT 6.3.9600 x86_64) (WARNING: The server did not provide any stacktrace information)
Command duration or timeout: 10.01 seconds
Build info: version: &apos;2.53.0&apos;, revision: &apos;35ae25b1534ae328c771e0856c93e187490ca824&apos;, time: &apos;2016-03-15 10:43:46&apos;
System info: host: &apos;Nikil&apos;, ip: &apos;192.168.254.4&apos;, os.name: &apos;Windows 8.1&apos;, os.arch: &apos;amd64&apos;, os.version: &apos;6.3&apos;, java.version: &apos;1.8.0_131&apos;
Driver info: org.openqa.selenium.chrome.ChromeDriver
Capabilities [{applicationCacheEnabled=false, rotatable=false, mobileEmulationEnabled=false, networkConnectionEnabled=false, chrome={chromedriverVersion=2.40.565498 (ea082db3280dd6843ebfb08a625e3eb905c4f5ab), userDataDir=C:\Users\NIKILK~1\AppData\Local\Temp\scoped_dir13332_9007}, takesHeapSnapshot=true, pageLoadStrategy=normal, databaseEnabled=false, handlesAlerts=true, hasTouchScreen=false, version=67.0.3396.99, platform=WIN8_1, browserConnectionEnabled=false, nativeEvents=true, acceptSslCerts=false, acceptInsecureCerts=false, locationContextEnabled=true, webStorageEnabled=true, browserName=chrome, takesScreenshot=true, javascriptEnabled=true, cssSelectorsEnabled=true, setWindowRect=true, unexpectedAlertBehaviour=}]
Session ID: 0310d83ee2a38065a6f344275d2497a3
Exception occured: org.openqa.selenium.TimeoutException: timeout
  (Session info: chrome=67.0.3396.99)
  (Driver info: chromedriver=2.40.565498 (ea082db3280dd6843ebfb08a625e3eb905c4f5ab),platform=Windows NT 6.3.9600 x86_64) (WARNING: The server did not provide any stacktrace information)
Command duration or timeout: 10.01 seconds
Build info: version: &apos;2.53.0&apos;, revision: &apos;35ae25b1534ae328c771e0856c93e187490ca824&apos;, time: &apos;2016-03-15 10:43:46&apos;
System info: host: &apos;Nikil&apos;, ip: &apos;192.168.254.4&apos;, os.name: &apos;Windows 8.1&apos;, os.arch: &apos;amd64&apos;, os.version: &apos;6.3&apos;, java.version: &apos;1.8.0_131&apos;
Driver info: org.openqa.selenium.chrome.ChromeDriver
Capabilities [{applicationCacheEnabled=false, rotatable=false, mobileEmulationEnabled=false, networkConnectionEnabled=false, chrome={chromedriverVersion=2.40.565498 (ea082db3280dd6843ebfb08a625e3eb905c4f5ab), userDataDir=C:\Users\NIKILK~1\AppData\Local\Temp\scoped_dir13332_9007}, takesHeapSnapshot=true, pageLoadStrategy=normal, databaseEnabled=false, handlesAlerts=true, hasTouchScreen=false, version=67.0.3396.99, platform=WIN8_1, browserConnectionEnabled=false, nativeEvents=true, acceptSslCerts=false, acceptInsecureCerts=false, locationContextEnabled=true, webStorageEnabled=true, browserName=chrome, takesScreenshot=true, javascriptEnabled=true, cssSelectorsEnabled=true, setWindowRect=true, unexpectedAlertBehaviour=}]
Session ID: 0310d83ee2a38065a6f344275d2497a3
Exception occured: org.openqa.selenium.TimeoutException: timeout
  (Session info: chrome=67.0.3396.99)
  (Driver info: chromedriver=2.40.565498 (ea082db3280dd6843ebfb08a625e3eb905c4f5ab),platform=Windows NT 6.3.9600 x86_64) (WARNING: The server did not provide any stacktrace information)
Command duration or timeout: 10.01 seconds
Build info: version: &apos;2.53.0&apos;, revision: &apos;35ae25b1534ae328c771e0856c93e187490ca824&apos;, time: &apos;2016-03-15 10:43:46&apos;
System info: host: &apos;Nikil&apos;, ip: &apos;192.168.254.4&apos;, os.name: &apos;Windows 8.1&apos;, os.arch: &apos;amd64&apos;, os.version: &apos;6.3&apos;, java.version: &apos;1.8.0_131&apos;
Driver info: org.openqa.selenium.chrome.ChromeDriver
Capabilities [{applicationCacheEnabled=false, rotatable=false, mobileEmulationEnabled=false, networkConnectionEnabled=false, chrome={chromedriverVersion=2.40.565498 (ea082db3280dd6843ebfb08a625e3eb905c4f5ab), userDataDir=C:\Users\NIKILK~1\AppData\Local\Temp\scoped_dir13332_9007}, takesHeapSnapshot=true, pageLoadStrategy=normal, databaseEnabled=false, handlesAlerts=true, hasTouchScreen=false, version=67.0.3396.99, platform=WIN8_1, browserConnectionEnabled=false, nativeEvents=true, acceptSslCerts=false, acceptInsecureCerts=false, locationContextEnabled=true, webStorageEnabled=true, browserName=chrome, takesScreenshot=true, javascriptEnabled=true, cssSelectorsEnabled=true, setWindowRect=true, unexpectedAlertBehaviour=}]
Session ID: 0310d83ee2a38065a6f344275d2497a3
Exception occured: org.openqa.selenium.TimeoutException: timeout
  (Session info: chrome=67.0.3396.99)
  (Driver info: chromedriver=2.40.565498 (ea082db3280dd6843ebfb08a625e3eb905c4f5ab),platform=Windows NT 6.3.9600 x86_64) (WARNING: The server did not provide any stacktrace information)
Command duration or timeout: 10.01 seconds
Build info: version: &apos;2.53.0&apos;, revision: &apos;35ae25b1534ae328c771e0856c93e187490ca824&apos;, time: &apos;2016-03-15 10:43:46&apos;
System info: host: &apos;Nikil&apos;, ip: &apos;192.168.254.4&apos;, os.name: &apos;Windows 8.1&apos;, os.arch: &apos;amd64&apos;, os.version: &apos;6.3&apos;, java.version: &apos;1.8.0_131&apos;
Driver info: org.openqa.selenium.chrome.ChromeDriver
Capabilities [{applicationCacheEnabled=false, rotatable=false, mobileEmulationEnabled=false, networkConnectionEnabled=false, chrome={chromedriverVersion=2.40.565498 (ea082db3280dd6843ebfb08a625e3eb905c4f5ab), userDataDir=C:\Users\NIKILK~1\AppData\Local\Temp\scoped_dir13332_9007}, takesHeapSnapshot=true, pageLoadStrategy=normal, databaseEnabled=false, handlesAlerts=true, hasTouchScreen=false, version=67.0.3396.99, platform=WIN8_1, browserConnectionEnabled=false, nativeEvents=true, acceptSslCerts=false, acceptInsecureCerts=false, locationContextEnabled=true, webStorageEnabled=true, browserName=chrome, takesScreenshot=true, javascriptEnabled=true, cssSelectorsEnabled=true, setWindowRect=true, unexpectedAlertBehaviour=}]
Session ID: 0310d83ee2a38065a6f344275d2497a3
Exception occured: org.openqa.selenium.TimeoutException: timeout
  (Session info: chrome=67.0.3396.99)
  (Driver info: chromedriver=2.40.565498 (ea082db3280dd6843ebfb08a625e3eb905c4f5ab),platform=Windows NT 6.3.9600 x86_64) (WARNING: The server did not provide any stacktrace information)
Command duration or timeout: 10.01 seconds
Build info: version: &apos;2.53.0&apos;, revision: &apos;35ae25b1534ae328c771e0856c93e187490ca824&apos;, time: &apos;2016-03-15 10:43:46&apos;
System info: host: &apos;Nikil&apos;, ip: &apos;192.168.254.4&apos;, os.name: &apos;Windows 8.1&apos;, os.arch: &apos;amd64&apos;, os.version: &apos;6.3&apos;, java.version: &apos;1.8.0_131&apos;
Driver info: org.openqa.selenium.chrome.ChromeDriver
Capabilities [{applicationCacheEnabled=false, rotatable=false, mobileEmulationEnabled=false, networkConnectionEnabled=false, chrome={chromedriverVersion=2.40.565498 (ea082db3280dd6843ebfb08a625e3eb905c4f5ab), userDataDir=C:\Users\NIKILK~1\AppData\Local\Temp\scoped_dir13332_9007}, takesHeapSnapshot=true, pageLoadStrategy=normal, databaseEnabled=false, handlesAlerts=true, hasTouchScreen=false, version=67.0.3396.99, platform=WIN8_1, browserConnectionEnabled=false, nativeEvents=true, acceptSslCerts=false, acceptInsecureCerts=false, locationContextEnabled=true, webStorageEnabled=true, browserName=chrome, takesScreenshot=true, javascriptEnabled=true, cssSelectorsEnabled=true, setWindowRect=true, unexpectedAlertBehaviour=}]
Session ID: 0310d83ee2a38065a6f344275d2497a3
Exception occured: org.openqa.selenium.TimeoutException: timeout
  (Session info: chrome=67.0.3396.99)
  (Driver info: chromedriver=2.40.565498 (ea082db3280dd6843ebfb08a625e3eb905c4f5ab),platform=Windows NT 6.3.9600 x86_64) (WARNING: The server did not provide any stacktrace information)
Command duration or timeout: 10.01 seconds
Build info: version: &apos;2.53.0&apos;, revision: &apos;35ae25b1534ae328c771e0856c93e187490ca824&apos;, time: &apos;2016-03-15 10:43:46&apos;
System info: host: &apos;Nikil&apos;, ip: &apos;192.168.254.4&apos;, os.name: &apos;Windows 8.1&apos;, os.arch: &apos;amd64&apos;, os.version: &apos;6.3&apos;, java.version: &apos;1.8.0_131&apos;
Driver info: org.openqa.selenium.chrome.ChromeDriver
Capabilities [{applicationCacheEnabled=false, rotatable=false, mobileEmulationEnabled=false, networkConnectionEnabled=false, chrome={chromedriverVersion=2.40.565498 (ea082db3280dd6843ebfb08a625e3eb905c4f5ab), userDataDir=C:\Users\NIKILK~1\AppData\Local\Temp\scoped_dir13332_9007}, takesHeapSnapshot=true, pageLoadStrategy=normal, databaseEnabled=false, handlesAlerts=true, hasTouchScreen=false, version=67.0.3396.99, platform=WIN8_1, browserConnectionEnabled=false, nativeEvents=true, acceptSslCerts=false, acceptInsecureCerts=false, locationContextEnabled=true, webStorageEnabled=true, browserName=chrome, takesScreenshot=true, javascriptEnabled=true, cssSelectorsEnabled=true, setWindowRect=true, unexpectedAlertBehaviour=}]
Session ID: 0310d83ee2a38065a6f344275d2497a3
Exception occured: org.openqa.selenium.TimeoutException: timeout
  (Session info: chrome=67.0.3396.99)
  (Driver info: chromedriver=2.40.565498 (ea082db3280dd6843ebfb08a625e3eb905c4f5ab),platform=Windows NT 6.3.9600 x86_64) (WARNING: The server did not provide any stacktrace information)
Command duration or timeout: 10.01 seconds
Build info: version: &apos;2.53.0&apos;, revision: &apos;35ae25b1534ae328c771e0856c93e187490ca824&apos;, time: &apos;2016-03-15 10:43:46&apos;
System info: host: &apos;Nikil&apos;, ip: &apos;192.168.254.4&apos;, os.name: &apos;Windows 8.1&apos;, os.arch: &apos;amd64&apos;, os.version: &apos;6.3&apos;, java.version: &apos;1.8.0_131&apos;
Driver info: org.openqa.selenium.chrome.ChromeDriver
Capabilities [{applicationCacheEnabled=false, rotatable=false, mobileEmulationEnabled=false, networkConnectionEnabled=false, chrome={chromedriverVersion=2.40.565498 (ea082db3280dd6843ebfb08a625e3eb905c4f5ab), userDataDir=C:\Users\NIKILK~1\AppData\Local\Temp\scoped_dir13332_9007}, takesHeapSnapshot=true, pageLoadStrategy=normal, databaseEnabled=false, handlesAlerts=true, hasTouchScreen=false, version=67.0.3396.99, platform=WIN8_1, browserConnectionEnabled=false, nativeEvents=true, acceptSslCerts=false, acceptInsecureCerts=false, locationContextEnabled=true, webStorageEnabled=true, browserName=chrome, takesScreenshot=true, javascriptEnabled=true, cssSelectorsEnabled=true, setWindowRect=true, unexpectedAlertBehaviour=}]
Session ID: 0310d83ee2a38065a6f344275d2497a3
Exception occured: org.openqa.selenium.TimeoutException: timeout
  (Session info: chrome=67.0.3396.99)
  (Driver info: chromedriver=2.40.565498 (ea082db3280dd6843ebfb08a625e3eb905c4f5ab),platform=Windows NT 6.3.9600 x86_64) (WARNING: The server did not provide any stacktrace information)
Command duration or timeout: 10.01 seconds
Build info: version: &apos;2.53.0&apos;, revision: &apos;35ae25b1534ae328c771e0856c93e187490ca824&apos;, time: &apos;2016-03-15 10:43:46&apos;
System info: host: &apos;Nikil&apos;, ip: &apos;192.168.254.4&apos;, os.name: &apos;Windows 8.1&apos;, os.arch: &apos;amd64&apos;, os.version: &apos;6.3&apos;, java.version: &apos;1.8.0_131&apos;
Driver info: org.openqa.selenium.chrome.ChromeDriver
Capabilities [{applicationCacheEnabled=false, rotatable=false, mobileEmulationEnabled=false, networkConnectionEnabled=false, chrome={chromedriverVersion=2.40.565498 (ea082db3280dd6843ebfb08a625e3eb905c4f5ab), userDataDir=C:\Users\NIKILK~1\AppData\Local\Temp\scoped_dir13332_9007}, takesHeapSnapshot=true, pageLoadStrategy=normal, databaseEnabled=false, handlesAlerts=true, hasTouchScreen=false, version=67.0.3396.99, platform=WIN8_1, browserConnectionEnabled=false, nativeEvents=true, acceptSslCerts=false, acceptInsecureCerts=false, locationContextEnabled=true, webStorageEnabled=true, browserName=chrome, takesScreenshot=true, javascriptEnabled=true, cssSelectorsEnabled=true, setWindowRect=true, unexpectedAlertBehaviour=}]
Session ID: 0310d83ee2a38065a6f344275d2497a3
Exception occured: org.openqa.selenium.TimeoutException: timeout
  (Session info: chrome=67.0.3396.99)
  (Driver info: chromedriver=2.40.565498 (ea082db3280dd6843ebfb08a625e3eb905c4f5ab),platform=Windows NT 6.3.9600 x86_64) (WARNING: The server did not provide any stacktrace information)
Command duration or timeout: 10.01 seconds
Build info: version: &apos;2.53.0&apos;, revision: &apos;35ae25b1534ae328c771e0856c93e187490ca824&apos;, time: &apos;2016-03-15 10:43:46&apos;
System info: host: &apos;Nikil&apos;, ip: &apos;192.168.254.4&apos;, os.name: &apos;Windows 8.1&apos;, os.arch: &apos;amd64&apos;, os.version: &apos;6.3&apos;, java.version: &apos;1.8.0_131&apos;
Driver info: org.openqa.selenium.chrome.ChromeDriver
Capabilities [{applicationCacheEnabled=false, rotatable=false, mobileEmulationEnabled=false, networkConnectionEnabled=false, chrome={chromedriverVersion=2.40.565498 (ea082db3280dd6843ebfb08a625e3eb905c4f5ab), userDataDir=C:\Users\NIKILK~1\AppData\Local\Temp\scoped_dir13332_9007}, takesHeapSnapshot=true, pageLoadStrategy=normal, databaseEnabled=false, handlesAlerts=true, hasTouchScreen=false, version=67.0.3396.99, platform=WIN8_1, browserConnectionEnabled=false, nativeEvents=true, acceptSslCerts=false, acceptInsecureCerts=false, locationContextEnabled=true, webStorageEnabled=true, browserName=chrome, takesScreenshot=true, javascriptEnabled=true, cssSelectorsEnabled=true, setWindowRect=true, unexpectedAlertBehaviour=}]
Session ID: 0310d83ee2a38065a6f344275d2497a3
Exception occured: org.openqa.selenium.TimeoutException: timeout
  (Session info: chrome=67.0.3396.99)
  (Driver info: chromedriver=2.40.565498 (ea082db3280dd6843ebfb08a625e3eb905c4f5ab),platform=Windows NT 6.3.9600 x86_64) (WARNING: The server did not provide any stacktrace information)
Command duration or timeout: 10.01 seconds
Build info: version: &apos;2.53.0&apos;, revision: &apos;35ae25b1534ae328c771e0856c93e187490ca824&apos;, time: &apos;2016-03-15 10:43:46&apos;
System info: host: &apos;Nikil&apos;, ip: &apos;192.168.254.4&apos;, os.name: &apos;Windows 8.1&apos;, os.arch: &apos;amd64&apos;, os.version: &apos;6.3&apos;, java.version: &apos;1.8.0_131&apos;
Driver info: org.openqa.selenium.chrome.ChromeDriver
Capabilities [{applicationCacheEnabled=false, rotatable=false, mobileEmulationEnabled=false, networkConnectionEnabled=false, chrome={chromedriverVersion=2.40.565498 (ea082db3280dd6843ebfb08a625e3eb905c4f5ab), userDataDir=C:\Users\NIKILK~1\AppData\Local\Temp\scoped_dir13332_9007}, takesHeapSnapshot=true, pageLoadStrategy=normal, databaseEnabled=false, handlesAlerts=true, hasTouchScreen=false, version=67.0.3396.99, platform=WIN8_1, browserConnectionEnabled=false, nativeEvents=true, acceptSslCerts=false, acceptInsecureCerts=false, locationContextEnabled=true, webStorageEnabled=true, browserName=chrome, takesScreenshot=true, javascriptEnabled=true, cssSelectorsEnabled=true, setWindowRect=true, unexpectedAlertBehaviour=}]
Session ID: 0310d83ee2a38065a6f344275d2497a3
Exception occured: org.openqa.selenium.TimeoutException: timeout
  (Session info: chrome=67.0.3396.99)
  (Driver info: chromedriver=2.40.565498 (ea082db3280dd6843ebfb08a625e3eb905c4f5ab),platform=Windows NT 6.3.9600 x86_64) (WARNING: The server did not provide any stacktrace information)
Command duration or timeout: 10.01 seconds
Build info: version: &apos;2.53.0&apos;, revision: &apos;35ae25b1534ae328c771e0856c93e187490ca824&apos;, time: &apos;2016-03-15 10:43:46&apos;
System info: host: &apos;Nikil&apos;, ip: &apos;192.168.254.4&apos;, os.name: &apos;Windows 8.1&apos;, os.arch: &apos;amd64&apos;, os.version: &apos;6.3&apos;, java.version: &apos;1.8.0_131&apos;
Driver info: org.openqa.selenium.chrome.ChromeDriver
Capabilities [{applicationCacheEnabled=false, rotatable=false, mobileEmulationEnabled=false, networkConnectionEnabled=false, chrome={chromedriverVersion=2.40.565498 (ea082db3280dd6843ebfb08a625e3eb905c4f5ab), userDataDir=C:\Users\NIKILK~1\AppData\Local\Temp\scoped_dir13332_9007}, takesHeapSnapshot=true, pageLoadStrategy=normal, databaseEnabled=false, handlesAlerts=true, hasTouchScreen=false, version=67.0.3396.99, platform=WIN8_1, browserConnectionEnabled=false, nativeEvents=true, acceptSslCerts=false, acceptInsecureCerts=false, locationContextEnabled=true, webStorageEnabled=true, browserName=chrome, takesScreenshot=true, javascriptEnabled=true, cssSelectorsEnabled=true, setWindowRect=true, unexpectedAlertBehaviour=}]
Session ID: 0310d83ee2a38065a6f344275d2497a3
Exception occured: org.openqa.selenium.TimeoutException: timeout
  (Session info: chrome=67.0.3396.99)
  (Driver info: chromedriver=2.40.565498 (ea082db3280dd6843ebfb08a625e3eb905c4f5ab),platform=Windows NT 6.3.9600 x86_64) (WARNING: The server did not provide any stacktrace information)
Command duration or timeout: 10.01 seconds
Build info: version: &apos;2.53.0&apos;, revision: &apos;35ae25b1534ae328c771e0856c93e187490ca824&apos;, time: &apos;2016-03-15 10:43:46&apos;
System info: host: &apos;Nikil&apos;, ip: &apos;192.168.254.4&apos;, os.name: &apos;Windows 8.1&apos;, os.arch: &apos;amd64&apos;, os.version: &apos;6.3&apos;, java.version: &apos;1.8.0_131&apos;
Driver info: org.openqa.selenium.chrome.ChromeDriver
Capabilities [{applicationCacheEnabled=false, rotatable=false, mobileEmulationEnabled=false, networkConnectionEnabled=false, chrome={chromedriverVersion=2.40.565498 (ea082db3280dd6843ebfb08a625e3eb905c4f5ab), userDataDir=C:\Users\NIKILK~1\AppData\Local\Temp\scoped_dir13332_9007}, takesHeapSnapshot=true, pageLoadStrategy=normal, databaseEnabled=false, handlesAlerts=true, hasTouchScreen=false, version=67.0.3396.99, platform=WIN8_1, browserConnectionEnabled=false, nativeEvents=true, acceptSslCerts=false, acceptInsecureCerts=false, locationContextEnabled=true, webStorageEnabled=true, browserName=chrome, takesScreenshot=true, javascriptEnabled=true, cssSelectorsEnabled=true, setWindowRect=true, unexpectedAlertBehaviour=}]
Session ID: 0310d83ee2a38065a6f344275d2497a3
Exception occured: org.openqa.selenium.TimeoutException: timeout
  (Session info: chrome=67.0.3396.99)
  (Driver info: chromedriver=2.40.565498 (ea082db3280dd6843ebfb08a625e3eb905c4f5ab),platform=Windows NT 6.3.9600 x86_64) (WARNING: The server did not provide any stacktrace information)
Command duration or timeout: 10.01 seconds
Build info: version: &apos;2.53.0&apos;, revision: &apos;35ae25b1534ae328c771e0856c93e187490ca824&apos;, time: &apos;2016-03-15 10:43:46&apos;
System info: host: &apos;Nikil&apos;, ip: &apos;192.168.254.4&apos;, os.name: &apos;Windows 8.1&apos;, os.arch: &apos;amd64&apos;, os.version: &apos;6.3&apos;, java.version: &apos;1.8.0_131&apos;
Driver info: org.openqa.selenium.chrome.ChromeDriver
Capabilities [{applicationCacheEnabled=false, rotatable=false, mobileEmulationEnabled=false, networkConnectionEnabled=false, chrome={chromedriverVersion=2.40.565498 (ea082db3280dd6843ebfb08a625e3eb905c4f5ab), userDataDir=C:\Users\NIKILK~1\AppData\Local\Temp\scoped_dir13332_9007}, takesHeapSnapshot=true, pageLoadStrategy=normal, databaseEnabled=false, handlesAlerts=true, hasTouchScreen=false, version=67.0.3396.99, platform=WIN8_1, browserConnectionEnabled=false, nativeEvents=true, acceptSslCerts=false, acceptInsecureCerts=false, locationContextEnabled=true, webStorageEnabled=true, browserName=chrome, takesScreenshot=true, javascriptEnabled=true, cssSelectorsEnabled=true, setWindowRect=true, unexpectedAlertBehaviour=}]
Session ID: 0310d83ee2a38065a6f344275d2497a3
Exception occured: org.openqa.selenium.TimeoutException: timeout
  (Session info: chrome=67.0.3396.99)
  (Driver info: chromedriver=2.40.565498 (ea082db3280dd6843ebfb08a625e3eb905c4f5ab),platform=Windows NT 6.3.9600 x86_64) (WARNING: The server did not provide any stacktrace information)
Command duration or timeout: 10.01 seconds
Build info: version: &apos;2.53.0&apos;, revision: &apos;35ae25b1534ae328c771e0856c93e187490ca824&apos;, time: &apos;2016-03-15 10:43:46&apos;
System info: host: &apos;Nikil&apos;, ip: &apos;192.168.254.4&apos;, os.name: &apos;Windows 8.1&apos;, os.arch: &apos;amd64&apos;, os.version: &apos;6.3&apos;, java.version: &apos;1.8.0_131&apos;
Driver info: org.openqa.selenium.chrome.ChromeDriver
Capabilities [{applicationCacheEnabled=false, rotatable=false, mobileEmulationEnabled=false, networkConnectionEnabled=false, chrome={chromedriverVersion=2.40.565498 (ea082db3280dd6843ebfb08a625e3eb905c4f5ab), userDataDir=C:\Users\NIKILK~1\AppData\Local\Temp\scoped_dir13332_9007}, takesHeapSnapshot=true, pageLoadStrategy=normal, databaseEnabled=false, handlesAlerts=true, hasTouchScreen=false, version=67.0.3396.99, platform=WIN8_1, browserConnectionEnabled=false, nativeEvents=true, acceptSslCerts=false, acceptInsecureCerts=false, locationContextEnabled=true, webStorageEnabled=true, browserName=chrome, takesScreenshot=true, javascriptEnabled=true, cssSelectorsEnabled=true, setWindowRect=true, unexpectedAlertBehaviour=}]
Session ID: 0310d83ee2a38065a6f344275d2497a3
Exception occured: org.openqa.selenium.TimeoutException: timeout
  (Session info: chrome=67.0.3396.99)
  (Driver info: chromedriver=2.40.565498 (ea082db3280dd6843ebfb08a625e3eb905c4f5ab),platform=Windows NT 6.3.9600 x86_64) (WARNING: The server did not provide any stacktrace information)
Command duration or timeout: 10.01 seconds
Build info: version: &apos;2.53.0&apos;, revision: &apos;35ae25b1534ae328c771e0856c93e187490ca824&apos;, time: &apos;2016-03-15 10:43:46&apos;
System info: host: &apos;Nikil&apos;, ip: &apos;192.168.254.4&apos;, os.name: &apos;Windows 8.1&apos;, os.arch: &apos;amd64&apos;, os.version: &apos;6.3&apos;, java.version: &apos;1.8.0_131&apos;
Driver info: org.openqa.selenium.chrome.ChromeDriver
Capabilities [{applicationCacheEnabled=false, rotatable=false, mobileEmulationEnabled=false, networkConnectionEnabled=false, chrome={chromedriverVersion=2.40.565498 (ea082db3280dd6843ebfb08a625e3eb905c4f5ab), userDataDir=C:\Users\NIKILK~1\AppData\Local\Temp\scoped_dir13332_9007}, takesHeapSnapshot=true, pageLoadStrategy=normal, databaseEnabled=false, handlesAlerts=true, hasTouchScreen=false, version=67.0.3396.99, platform=WIN8_1, browserConnectionEnabled=false, nativeEvents=true, acceptSslCerts=false, acceptInsecureCerts=false, locationContextEnabled=true, webStorageEnabled=true, browserName=chrome, takesScreenshot=true, javascriptEnabled=true, cssSelectorsEnabled=true, setWindowRect=true, unexpectedAlertBehaviour=}]
Session ID: 0310d83ee2a38065a6f344275d2497a3
Exception occured: org.openqa.selenium.TimeoutException: timeout
  (Session info: chrome=67.0.3396.99)
  (Driver info: chromedriver=2.40.565498 (ea082db3280dd6843ebfb08a625e3eb905c4f5ab),platform=Windows NT 6.3.9600 x86_64) (WARNING: The server did not provide any stacktrace information)
Command duration or timeout: 10.01 seconds
Build info: version: &apos;2.53.0&apos;, revision: &apos;35ae25b1534ae328c771e0856c93e187490ca824&apos;, time: &apos;2016-03-15 10:43:46&apos;
System info: host: &apos;Nikil&apos;, ip: &apos;192.168.254.4&apos;, os.name: &apos;Windows 8.1&apos;, os.arch: &apos;amd64&apos;, os.version: &apos;6.3&apos;, java.version: &apos;1.8.0_131&apos;
Driver info: org.openqa.selenium.chrome.ChromeDriver
Capabilities [{applicationCacheEnabled=false, rotatable=false, mobileEmulationEnabled=false, networkConnectionEnabled=false, chrome={chromedriverVersion=2.40.565498 (ea082db3280dd6843ebfb08a625e3eb905c4f5ab), userDataDir=C:\Users\NIKILK~1\AppData\Local\Temp\scoped_dir13332_9007}, takesHeapSnapshot=true, pageLoadStrategy=normal, databaseEnabled=false, handlesAlerts=true, hasTouchScreen=false, version=67.0.3396.99, platform=WIN8_1, browserConnectionEnabled=false, nativeEvents=true, acceptSslCerts=false, acceptInsecureCerts=false, locationContextEnabled=true, webStorageEnabled=true, browserName=chrome, takesScreenshot=true, javascriptEnabled=true, cssSelectorsEnabled=true, setWindowRect=true, unexpectedAlertBehaviour=}]
Session ID: 0310d83ee2a38065a6f344275d2497a3
Exception occured: org.openqa.selenium.TimeoutException: timeout
  (Session info: chrome=67.0.3396.99)
  (Driver info: chromedriver=2.40.565498 (ea082db3280dd6843ebfb08a625e3eb905c4f5ab),platform=Windows NT 6.3.9600 x86_64) (WARNING: The server did not provide any stacktrace information)
Command duration or timeout: 10.01 seconds
Build info: version: &apos;2.53.0&apos;, revision: &apos;35ae25b1534ae328c771e0856c93e187490ca824&apos;, time: &apos;2016-03-15 10:43:46&apos;
System info: host: &apos;Nikil&apos;, ip: &apos;192.168.254.4&apos;, os.name: &apos;Windows 8.1&apos;, os.arch: &apos;amd64&apos;, os.version: &apos;6.3&apos;, java.version: &apos;1.8.0_131&apos;
Driver info: org.openqa.selenium.chrome.ChromeDriver
Capabilities [{applicationCacheEnabled=false, rotatable=false, mobileEmulationEnabled=false, networkConnectionEnabled=false, chrome={chromedriverVersion=2.40.565498 (ea082db3280dd6843ebfb08a625e3eb905c4f5ab), userDataDir=C:\Users\NIKILK~1\AppData\Local\Temp\scoped_dir13332_9007}, takesHeapSnapshot=true, pageLoadStrategy=normal, databaseEnabled=false, handlesAlerts=true, hasTouchScreen=false, version=67.0.3396.99, platform=WIN8_1, browserConnectionEnabled=false, nativeEvents=true, acceptSslCerts=false, acceptInsecureCerts=false, locationContextEnabled=true, webStorageEnabled=true, browserName=chrome, takesScreenshot=true, javascriptEnabled=true, cssSelectorsEnabled=true, setWindowRect=true, unexpectedAlertBehaviour=}]
Session ID: 0310d83ee2a38065a6f344275d2497a3
Exception occured: org.openqa.selenium.TimeoutException: timeout
  (Session info: chrome=67.0.3396.99)
  (Driver info: chromedriver=2.40.565498 (ea082db3280dd6843ebfb08a625e3eb905c4f5ab),platform=Windows NT 6.3.9600 x86_64) (WARNING: The server did not provide any stacktrace information)
Command duration or timeout: 10.01 seconds
Build info: version: &apos;2.53.0&apos;, revision: &apos;35ae25b1534ae328c771e0856c93e187490ca824&apos;, time: &apos;2016-03-15 10:43:46&apos;
System info: host: &apos;Nikil&apos;, ip: &apos;192.168.254.4&apos;, os.name: &apos;Windows 8.1&apos;, os.arch: &apos;amd64&apos;, os.version: &apos;6.3&apos;, java.version: &apos;1.8.0_131&apos;
Driver info: org.openqa.selenium.chrome.ChromeDriver
Capabilities [{applicationCacheEnabled=false, rotatable=false, mobileEmulationEnabled=false, networkConnectionEnabled=false, chrome={chromedriverVersion=2.40.565498 (ea082db3280dd6843ebfb08a625e3eb905c4f5ab), userDataDir=C:\Users\NIKILK~1\AppData\Local\Temp\scoped_dir13332_9007}, takesHeapSnapshot=true, pageLoadStrategy=normal, databaseEnabled=false, handlesAlerts=true, hasTouchScreen=false, version=67.0.3396.99, platform=WIN8_1, browserConnectionEnabled=false, nativeEvents=true, acceptSslCerts=false, acceptInsecureCerts=false, locationContextEnabled=true, webStorageEnabled=true, browserName=chrome, takesScreenshot=true, javascriptEnabled=true, cssSelectorsEnabled=true, setWindowRect=true, unexpectedAlertBehaviour=}]
Session ID: 0310d83ee2a38065a6f344275d2497a3
Exception occured: org.openqa.selenium.TimeoutException: timeout
  (Session info: chrome=67.0.3396.99)
  (Driver info: chromedriver=2.40.565498 (ea082db3280dd6843ebfb08a625e3eb905c4f5ab),platform=Windows NT 6.3.9600 x86_64) (WARNING: The server did not provide any stacktrace information)
Command duration or timeout: 10.01 seconds
Build info: version: &apos;2.53.0&apos;, revision: &apos;35ae25b1534ae328c771e0856c93e187490ca824&apos;, time: &apos;2016-03-15 10:43:46&apos;
System info: host: &apos;Nikil&apos;, ip: &apos;192.168.254.4&apos;, os.name: &apos;Windows 8.1&apos;, os.arch: &apos;amd64&apos;, os.version: &apos;6.3&apos;, java.version: &apos;1.8.0_131&apos;
Driver info: org.openqa.selenium.chrome.ChromeDriver
Capabilities [{applicationCacheEnabled=false, rotatable=false, mobileEmulationEnabled=false, networkConnectionEnabled=false, chrome={chromedriverVersion=2.40.565498 (ea082db3280dd6843ebfb08a625e3eb905c4f5ab), userDataDir=C:\Users\NIKILK~1\AppData\Local\Temp\scoped_dir13332_9007}, takesHeapSnapshot=true, pageLoadStrategy=normal, databaseEnabled=false, handlesAlerts=true, hasTouchScreen=false, version=67.0.3396.99, platform=WIN8_1, browserConnectionEnabled=false, nativeEvents=true, acceptSslCerts=false, acceptInsecureCerts=false, locationContextEnabled=true, webStorageEnabled=true, browserName=chrome, takesScreenshot=true, javascriptEnabled=true, cssSelectorsEnabled=true, setWindowRect=true, unexpectedAlertBehaviour=}]
Session ID: 0310d83ee2a38065a6f344275d2497a3
Exception occured: org.openqa.selenium.TimeoutException: timeout
  (Session info: chrome=67.0.3396.99)
  (Driver info: chromedriver=2.40.565498 (ea082db3280dd6843ebfb08a625e3eb905c4f5ab),platform=Windows NT 6.3.9600 x86_64) (WARNING: The server did not provide any stacktrace information)
Command duration or timeout: 10.01 seconds
Build info: version: &apos;2.53.0&apos;, revision: &apos;35ae25b1534ae328c771e0856c93e187490ca824&apos;, time: &apos;2016-03-15 10:43:46&apos;
System info: host: &apos;Nikil&apos;, ip: &apos;192.168.254.4&apos;, os.name: &apos;Windows 8.1&apos;, os.arch: &apos;amd64&apos;, os.version: &apos;6.3&apos;, java.version: &apos;1.8.0_131&apos;
Driver info: org.openqa.selenium.chrome.ChromeDriver
Capabilities [{applicationCacheEnabled=false, rotatable=false, mobileEmulationEnabled=false, networkConnectionEnabled=false, chrome={chromedriverVersion=2.40.565498 (ea082db3280dd6843ebfb08a625e3eb905c4f5ab), userDataDir=C:\Users\NIKILK~1\AppData\Local\Temp\scoped_dir13332_9007}, takesHeapSnapshot=true, pageLoadStrategy=normal, databaseEnabled=false, handlesAlerts=true, hasTouchScreen=false, version=67.0.3396.99, platform=WIN8_1, browserConnectionEnabled=false, nativeEvents=true, acceptSslCerts=false, acceptInsecureCerts=false, locationContextEnabled=true, webStorageEnabled=true, browserName=chrome, takesScreenshot=true, javascriptEnabled=true, cssSelectorsEnabled=true, setWindowRect=true, unexpectedAlertBehaviour=}]
Session ID: 0310d83ee2a38065a6f344275d2497a3
Exception occured: org.openqa.selenium.TimeoutException: timeout
  (Session info: chrome=67.0.3396.99)
  (Driver info: chromedriver=2.40.565498 (ea082db3280dd6843ebfb08a625e3eb905c4f5ab),platform=Windows NT 6.3.9600 x86_64) (WARNING: The server did not provide any stacktrace information)
Command duration or timeout: 10.01 seconds
Build info: version: &apos;2.53.0&apos;, revision: &apos;35ae25b1534ae328c771e0856c93e187490ca824&apos;, time: &apos;2016-03-15 10:43:46&apos;
System info: host: &apos;Nikil&apos;, ip: &apos;192.168.254.4&apos;, os.name: &apos;Windows 8.1&apos;, os.arch: &apos;amd64&apos;, os.version: &apos;6.3&apos;, java.version: &apos;1.8.0_131&apos;
Driver info: org.openqa.selenium.chrome.ChromeDriver
Capabilities [{applicationCacheEnabled=false, rotatable=false, mobileEmulationEnabled=false, networkConnectionEnabled=false, chrome={chromedriverVersion=2.40.565498 (ea082db3280dd6843ebfb08a625e3eb905c4f5ab), userDataDir=C:\Users\NIKILK~1\AppData\Local\Temp\scoped_dir13332_9007}, takesHeapSnapshot=true, pageLoadStrategy=normal, databaseEnabled=false, handlesAlerts=true, hasTouchScreen=false, version=67.0.3396.99, platform=WIN8_1, browserConnectionEnabled=false, nativeEvents=true, acceptSslCerts=false, acceptInsecureCerts=false, locationContextEnabled=true, webStorageEnabled=true, browserName=chrome, takesScreenshot=true, javascriptEnabled=true, cssSelectorsEnabled=true, setWindowRect=true, unexpectedAlertBehaviour=}]
Session ID: 0310d83ee2a38065a6f344275d2497a3
Exception occured: org.openqa.selenium.TimeoutException: timeout
  (Session info: chrome=67.0.3396.99)
  (Driver info: chromedriver=2.40.565498 (ea082db3280dd6843ebfb08a625e3eb905c4f5ab),platform=Windows NT 6.3.9600 x86_64) (WARNING: The server did not provide any stacktrace information)
Command duration or timeout: 10.01 seconds
Build info: version: &apos;2.53.0&apos;, revision: &apos;35ae25b1534ae328c771e0856c93e187490ca824&apos;, time: &apos;2016-03-15 10:43:46&apos;
System info: host: &apos;Nikil&apos;, ip: &apos;192.168.254.4&apos;, os.name: &apos;Windows 8.1&apos;, os.arch: &apos;amd64&apos;, os.version: &apos;6.3&apos;, java.version: &apos;1.8.0_131&apos;
Driver info: org.openqa.selenium.chrome.ChromeDriver
Capabilities [{applicationCacheEnabled=false, rotatable=false, mobileEmulationEnabled=false, networkConnectionEnabled=false, chrome={chromedriverVersion=2.40.565498 (ea082db3280dd6843ebfb08a625e3eb905c4f5ab), userDataDir=C:\Users\NIKILK~1\AppData\Local\Temp\scoped_dir13332_9007}, takesHeapSnapshot=true, pageLoadStrategy=normal, databaseEnabled=false, handlesAlerts=true, hasTouchScreen=false, version=67.0.3396.99, platform=WIN8_1, browserConnectionEnabled=false, nativeEvents=true, acceptSslCerts=false, acceptInsecureCerts=false, locationContextEnabled=true, webStorageEnabled=true, browserName=chrome, takesScreenshot=true, javascriptEnabled=true, cssSelectorsEnabled=true, setWindowRect=true, unexpectedAlertBehaviour=}]
Session ID: 0310d83ee2a38065a6f344275d2497a3
Exception occured: org.openqa.selenium.TimeoutException: timeout
  (Session info: chrome=67.0.3396.99)
  (Driver info: chromedriver=2.40.565498 (ea082db3280dd6843ebfb08a625e3eb905c4f5ab),platform=Windows NT 6.3.9600 x86_64) (WARNING: The server did not provide any stacktrace information)
Command duration or timeout: 10.01 seconds
Build info: version: &apos;2.53.0&apos;, revision: &apos;35ae25b1534ae328c771e0856c93e187490ca824&apos;, time: &apos;2016-03-15 10:43:46&apos;
System info: host: &apos;Nikil&apos;, ip: &apos;192.168.254.4&apos;, os.name: &apos;Windows 8.1&apos;, os.arch: &apos;amd64&apos;, os.version: &apos;6.3&apos;, java.version: &apos;1.8.0_131&apos;
Driver info: org.openqa.selenium.chrome.ChromeDriver
Capabilities [{applicationCacheEnabled=false, rotatable=false, mobileEmulationEnabled=false, networkConnectionEnabled=false, chrome={chromedriverVersion=2.40.565498 (ea082db3280dd6843ebfb08a625e3eb905c4f5ab), userDataDir=C:\Users\NIKILK~1\AppData\Local\Temp\scoped_dir13332_9007}, takesHeapSnapshot=true, pageLoadStrategy=normal, databaseEnabled=false, handlesAlerts=true, hasTouchScreen=false, version=67.0.3396.99, platform=WIN8_1, browserConnectionEnabled=false, nativeEvents=true, acceptSslCerts=false, acceptInsecureCerts=false, locationContextEnabled=true, webStorageEnabled=true, browserName=chrome, takesScreenshot=true, javascriptEnabled=true, cssSelectorsEnabled=true, setWindowRect=true, unexpectedAlertBehaviour=}]
Session ID: 0310d83ee2a38065a6f344275d2497a3
Exception occured: org.openqa.selenium.TimeoutException: timeout
  (Session info: chrome=67.0.3396.99)
  (Driver info: chromedriver=2.40.565498 (ea082db3280dd6843ebfb08a625e3eb905c4f5ab),platform=Windows NT 6.3.9600 x86_64) (WARNING: The server did not provide any stacktrace information)
Command duration or timeout: 10.01 seconds
Build info: version: &apos;2.53.0&apos;, revision: &apos;35ae25b1534ae328c771e0856c93e187490ca824&apos;, time: &apos;2016-03-15 10:43:46&apos;
System info: host: &apos;Nikil&apos;, ip: &apos;192.168.254.4&apos;, os.name: &apos;Windows 8.1&apos;, os.arch: &apos;amd64&apos;, os.version: &apos;6.3&apos;, java.version: &apos;1.8.0_131&apos;
Driver info: org.openqa.selenium.chrome.ChromeDriver
Capabilities [{applicationCacheEnabled=false, rotatable=false, mobileEmulationEnabled=false, networkConnectionEnabled=false, chrome={chromedriverVersion=2.40.565498 (ea082db3280dd6843ebfb08a625e3eb905c4f5ab), userDataDir=C:\Users\NIKILK~1\AppData\Local\Temp\scoped_dir13332_9007}, takesHeapSnapshot=true, pageLoadStrategy=normal, databaseEnabled=false, handlesAlerts=true, hasTouchScreen=false, version=67.0.3396.99, platform=WIN8_1, browserConnectionEnabled=false, nativeEvents=true, acceptSslCerts=false, acceptInsecureCerts=false, locationContextEnabled=true, webStorageEnabled=true, browserName=chrome, takesScreenshot=true, javascriptEnabled=true, cssSelectorsEnabled=true, setWindowRect=true, unexpectedAlertBehaviour=}]
Session ID: 0310d83ee2a38065a6f344275d2497a3
Exception occured: org.openqa.selenium.TimeoutException: timeout
  (Session info: chrome=67.0.3396.99)
  (Driver info: chromedriver=2.40.565498 (ea082db3280dd6843ebfb08a625e3eb905c4f5ab),platform=Windows NT 6.3.9600 x86_64) (WARNING: The server did not provide any stacktrace information)
Command duration or timeout: 10.01 seconds
Build info: version: &apos;2.53.0&apos;, revision: &apos;35ae25b1534ae328c771e0856c93e187490ca824&apos;, time: &apos;2016-03-15 10:43:46&apos;
System info: host: &apos;Nikil&apos;, ip: &apos;192.168.254.4&apos;, os.name: &apos;Windows 8.1&apos;, os.arch: &apos;amd64&apos;, os.version: &apos;6.3&apos;, java.version: &apos;1.8.0_131&apos;
Driver info: org.openqa.selenium.chrome.ChromeDriver
Capabilities [{applicationCacheEnabled=false, rotatable=false, mobileEmulationEnabled=false, networkConnectionEnabled=false, chrome={chromedriverVersion=2.40.565498 (ea082db3280dd6843ebfb08a625e3eb905c4f5ab), userDataDir=C:\Users\NIKILK~1\AppData\Local\Temp\scoped_dir13332_9007}, takesHeapSnapshot=true, pageLoadStrategy=normal, databaseEnabled=false, handlesAlerts=true, hasTouchScreen=false, version=67.0.3396.99, platform=WIN8_1, browserConnectionEnabled=false, nativeEvents=true, acceptSslCerts=false, acceptInsecureCerts=false, locationContextEnabled=true, webStorageEnabled=true, browserName=chrome, takesScreenshot=true, javascriptEnabled=true, cssSelectorsEnabled=true, setWindowRect=true, unexpectedAlertBehaviour=}]
Session ID: 0310d83ee2a38065a6f344275d2497a3
Exception occured: org.openqa.selenium.TimeoutException: timeout
  (Session info: chrome=67.0.3396.99)
  (Driver info: chromedriver=2.40.565498 (ea082db3280dd6843ebfb08a625e3eb905c4f5ab),platform=Windows NT 6.3.9600 x86_64) (WARNING: The server did not provide any stacktrace information)
Command duration or timeout: 10.01 seconds
Build info: version: &apos;2.53.0&apos;, revision: &apos;35ae25b1534ae328c771e0856c93e187490ca824&apos;, time: &apos;2016-03-15 10:43:46&apos;
System info: host: &apos;Nikil&apos;, ip: &apos;192.168.254.4&apos;, os.name: &apos;Windows 8.1&apos;, os.arch: &apos;amd64&apos;, os.version: &apos;6.3&apos;, java.version: &apos;1.8.0_131&apos;
Driver info: org.openqa.selenium.chrome.ChromeDriver
Capabilities [{applicationCacheEnabled=false, rotatable=false, mobileEmulationEnabled=false, networkConnectionEnabled=false, chrome={chromedriverVersion=2.40.565498 (ea082db3280dd6843ebfb08a625e3eb905c4f5ab), userDataDir=C:\Users\NIKILK~1\AppData\Local\Temp\scoped_dir13332_9007}, takesHeapSnapshot=true, pageLoadStrategy=normal, databaseEnabled=false, handlesAlerts=true, hasTouchScreen=false, version=67.0.3396.99, platform=WIN8_1, browserConnectionEnabled=false, nativeEvents=true, acceptSslCerts=false, acceptInsecureCerts=false, locationContextEnabled=true, webStorageEnabled=true, browserName=chrome, takesScreenshot=true, javascriptEnabled=true, cssSelectorsEnabled=true, setWindowRect=true, unexpectedAlertBehaviour=}]
Session ID: 0310d83ee2a38065a6f344275d2497a3
Exception occured: org.openqa.selenium.TimeoutException: timeout
  (Session info: chrome=67.0.3396.99)
  (Driver info: chromedriver=2.40.565498 (ea082db3280dd6843ebfb08a625e3eb905c4f5ab),platform=Windows NT 6.3.9600 x86_64) (WARNING: The server did not provide any stacktrace information)
Command duration or timeout: 10.01 seconds
Build info: version: &apos;2.53.0&apos;, revision: &apos;35ae25b1534ae328c771e0856c93e187490ca824&apos;, time: &apos;2016-03-15 10:43:46&apos;
System info: host: &apos;Nikil&apos;, ip: &apos;192.168.254.4&apos;, os.name: &apos;Windows 8.1&apos;, os.arch: &apos;amd64&apos;, os.version: &apos;6.3&apos;, java.version: &apos;1.8.0_131&apos;
Driver info: org.openqa.selenium.chrome.ChromeDriver
Capabilities [{applicationCacheEnabled=false, rotatable=false, mobileEmulationEnabled=false, networkConnectionEnabled=false, chrome={chromedriverVersion=2.40.565498 (ea082db3280dd6843ebfb08a625e3eb905c4f5ab), userDataDir=C:\Users\NIKILK~1\AppData\Local\Temp\scoped_dir13332_9007}, takesHeapSnapshot=true, pageLoadStrategy=normal, databaseEnabled=false, handlesAlerts=true, hasTouchScreen=false, version=67.0.3396.99, platform=WIN8_1, browserConnectionEnabled=false, nativeEvents=true, acceptSslCerts=false, acceptInsecureCerts=false, locationContextEnabled=true, webStorageEnabled=true, browserName=chrome, takesScreenshot=true, javascriptEnabled=true, cssSelectorsEnabled=true, setWindowRect=true, unexpectedAlertBehaviour=}]
Session ID: 0310d83ee2a38065a6f344275d2497a3
Exception occured: org.openqa.selenium.TimeoutException: timeout
  (Session info: chrome=67.0.3396.99)
  (Driver info: chromedriver=2.40.565498 (ea082db3280dd6843ebfb08a625e3eb905c4f5ab),platform=Windows NT 6.3.9600 x86_64) (WARNING: The server did not provide any stacktrace information)
Command duration or timeout: 10.01 seconds
Build info: version: &apos;2.53.0&apos;, revision: &apos;35ae25b1534ae328c771e0856c93e187490ca824&apos;, time: &apos;2016-03-15 10:43:46&apos;
System info: host: &apos;Nikil&apos;, ip: &apos;192.168.254.4&apos;, os.name: &apos;Windows 8.1&apos;, os.arch: &apos;amd64&apos;, os.version: &apos;6.3&apos;, java.version: &apos;1.8.0_131&apos;
Driver info: org.openqa.selenium.chrome.ChromeDriver
Capabilities [{applicationCacheEnabled=false, rotatable=false, mobileEmulationEnabled=false, networkConnectionEnabled=false, chrome={chromedriverVersion=2.40.565498 (ea082db3280dd6843ebfb08a625e3eb905c4f5ab), userDataDir=C:\Users\NIKILK~1\AppData\Local\Temp\scoped_dir13332_9007}, takesHeapSnapshot=true, pageLoadStrategy=normal, databaseEnabled=false, handlesAlerts=true, hasTouchScreen=false, version=67.0.3396.99, platform=WIN8_1, browserConnectionEnabled=false, nativeEvents=true, acceptSslCerts=false, acceptInsecureCerts=false, locationContextEnabled=true, webStorageEnabled=true, browserName=chrome, takesScreenshot=true, javascriptEnabled=true, cssSelectorsEnabled=true, setWindowRect=true, unexpectedAlertBehaviour=}]
Session ID: 0310d83ee2a38065a6f344275d2497a3
Exception occured: org.openqa.selenium.TimeoutException: timeout
  (Session info: chrome=67.0.3396.99)
  (Driver info: chromedriver=2.40.565498 (ea082db3280dd6843ebfb08a625e3eb905c4f5ab),platform=Windows NT 6.3.9600 x86_64) (WARNING: The server did not provide any stacktrace information)
Command duration or timeout: 10.01 seconds
Build info: version: &apos;2.53.0&apos;, revision: &apos;35ae25b1534ae328c771e0856c93e187490ca824&apos;, time: &apos;2016-03-15 10:43:46&apos;
System info: host: &apos;Nikil&apos;, ip: &apos;192.168.254.4&apos;, os.name: &apos;Windows 8.1&apos;, os.arch: &apos;amd64&apos;, os.version: &apos;6.3&apos;, java.version: &apos;1.8.0_131&apos;
Driver info: org.openqa.selenium.chrome.ChromeDriver
Capabilities [{applicationCacheEnabled=false, rotatable=false, mobileEmulationEnabled=false, networkConnectionEnabled=false, chrome={chromedriverVersion=2.40.565498 (ea082db3280dd6843ebfb08a625e3eb905c4f5ab), userDataDir=C:\Users\NIKILK~1\AppData\Local\Temp\scoped_dir13332_9007}, takesHeapSnapshot=true, pageLoadStrategy=normal, databaseEnabled=false, handlesAlerts=true, hasTouchScreen=false, version=67.0.3396.99, platform=WIN8_1, browserConnectionEnabled=false, nativeEvents=true, acceptSslCerts=false, acceptInsecureCerts=false, locationContextEnabled=true, webStorageEnabled=true, browserName=chrome, takesScreenshot=true, javascriptEnabled=true, cssSelectorsEnabled=true, setWindowRect=true, unexpectedAlertBehaviour=}]
Session ID: 0310d83ee2a38065a6f344275d2497a3
Exception occured: org.openqa.selenium.TimeoutException: timeout
  (Session info: chrome=67.0.3396.99)
  (Driver info: chromedriver=2.40.565498 (ea082db3280dd6843ebfb08a625e3eb905c4f5ab),platform=Windows NT 6.3.9600 x86_64) (WARNING: The server did not provide any stacktrace information)
Command duration or timeout: 10.01 seconds
Build info: version: &apos;2.53.0&apos;, revision: &apos;35ae25b1534ae328c771e0856c93e187490ca824&apos;, time: &apos;2016-03-15 10:43:46&apos;
System info: host: &apos;Nikil&apos;, ip: &apos;192.168.254.4&apos;, os.name: &apos;Windows 8.1&apos;, os.arch: &apos;amd64&apos;, os.version: &apos;6.3&apos;, java.version: &apos;1.8.0_131&apos;
Driver info: org.openqa.selenium.chrome.ChromeDriver
Capabilities [{applicationCacheEnabled=false, rotatable=false, mobileEmulationEnabled=false, networkConnectionEnabled=false, chrome={chromedriverVersion=2.40.565498 (ea082db3280dd6843ebfb08a625e3eb905c4f5ab), userDataDir=C:\Users\NIKILK~1\AppData\Local\Temp\scoped_dir13332_9007}, takesHeapSnapshot=true, pageLoadStrategy=normal, databaseEnabled=false, handlesAlerts=true, hasTouchScreen=false, version=67.0.3396.99, platform=WIN8_1, browserConnectionEnabled=false, nativeEvents=true, acceptSslCerts=false, acceptInsecureCerts=false, locationContextEnabled=true, webStorageEnabled=true, browserName=chrome, takesScreenshot=true, javascriptEnabled=true, cssSelectorsEnabled=true, setWindowRect=true, unexpectedAlertBehaviour=}]
Session ID: 0310d83ee2a38065a6f344275d2497a3
Exception occured: org.openqa.selenium.TimeoutException: timeout
  (Session info: chrome=67.0.3396.99)
  (Driver info: chromedriver=2.40.565498 (ea082db3280dd6843ebfb08a625e3eb905c4f5ab),platform=Windows NT 6.3.9600 x86_64) (WARNING: The server did not provide any stacktrace information)
Command duration or timeout: 10.01 seconds
Build info: version: &apos;2.53.0&apos;, revision: &apos;35ae25b1534ae328c771e0856c93e187490ca824&apos;, time: &apos;2016-03-15 10:43:46&apos;
System info: host: &apos;Nikil&apos;, ip: &apos;192.168.254.4&apos;, os.name: &apos;Windows 8.1&apos;, os.arch: &apos;amd64&apos;, os.version: &apos;6.3&apos;, java.version: &apos;1.8.0_131&apos;
Driver info: org.openqa.selenium.chrome.ChromeDriver
Capabilities [{applicationCacheEnabled=false, rotatable=false, mobileEmulationEnabled=false, networkConnectionEnabled=false, chrome={chromedriverVersion=2.40.565498 (ea082db3280dd6843ebfb08a625e3eb905c4f5ab), userDataDir=C:\Users\NIKILK~1\AppData\Local\Temp\scoped_dir13332_9007}, takesHeapSnapshot=true, pageLoadStrategy=normal, databaseEnabled=false, handlesAlerts=true, hasTouchScreen=false, version=67.0.3396.99, platform=WIN8_1, browserConnectionEnabled=false, nativeEvents=true, acceptSslCerts=false, acceptInsecureCerts=false, locationContextEnabled=true, webStorageEnabled=true, browserName=chrome, takesScreenshot=true, javascriptEnabled=true, cssSelectorsEnabled=true, setWindowRect=true, unexpectedAlertBehaviour=}]
Session ID: 0310d83ee2a38065a6f344275d2497a3
Exception occured: org.openqa.selenium.TimeoutException: timeout
  (Session info: chrome=67.0.3396.99)
  (Driver info: chromedriver=2.40.565498 (ea082db3280dd6843ebfb08a625e3eb905c4f5ab),platform=Windows NT 6.3.9600 x86_64) (WARNING: The server did not provide any stacktrace information)
Command duration or timeout: 10.01 seconds
Build info: version: &apos;2.53.0&apos;, revision: &apos;35ae25b1534ae328c771e0856c93e187490ca824&apos;, time: &apos;2016-03-15 10:43:46&apos;
System info: host: &apos;Nikil&apos;, ip: &apos;192.168.254.4&apos;, os.name: &apos;Windows 8.1&apos;, os.arch: &apos;amd64&apos;, os.version: &apos;6.3&apos;, java.version: &apos;1.8.0_131&apos;
Driver info: org.openqa.selenium.chrome.ChromeDriver
Capabilities [{applicationCacheEnabled=false, rotatable=false, mobileEmulationEnabled=false, networkConnectionEnabled=false, chrome={chromedriverVersion=2.40.565498 (ea082db3280dd6843ebfb08a625e3eb905c4f5ab), userDataDir=C:\Users\NIKILK~1\AppData\Local\Temp\scoped_dir13332_9007}, takesHeapSnapshot=true, pageLoadStrategy=normal, databaseEnabled=false, handlesAlerts=true, hasTouchScreen=false, version=67.0.3396.99, platform=WIN8_1, browserConnectionEnabled=false, nativeEvents=true, acceptSslCerts=false, acceptInsecureCerts=false, locationContextEnabled=true, webStorageEnabled=true, browserName=chrome, takesScreenshot=true, javascriptEnabled=true, cssSelectorsEnabled=true, setWindowRect=true, unexpectedAlertBehaviour=}]
Session ID: 0310d83ee2a38065a6f344275d2497a3
Exception occured: org.openqa.selenium.TimeoutException: timeout
  (Session info: chrome=67.0.3396.99)
  (Driver info: chromedriver=2.40.565498 (ea082db3280dd6843ebfb08a625e3eb905c4f5ab),platform=Windows NT 6.3.9600 x86_64) (WARNING: The server did not provide any stacktrace information)
Command duration or timeout: 10.01 seconds
Build info: version: &apos;2.53.0&apos;, revision: &apos;35ae25b1534ae328c771e0856c93e187490ca824&apos;, time: &apos;2016-03-15 10:43:46&apos;
System info: host: &apos;Nikil&apos;, ip: &apos;192.168.254.4&apos;, os.name: &apos;Windows 8.1&apos;, os.arch: &apos;amd64&apos;, os.version: &apos;6.3&apos;, java.version: &apos;1.8.0_131&apos;
Driver info: org.openqa.selenium.chrome.ChromeDriver
Capabilities [{applicationCacheEnabled=false, rotatable=false, mobileEmulationEnabled=false, networkConnectionEnabled=false, chrome={chromedriverVersion=2.40.565498 (ea082db3280dd6843ebfb08a625e3eb905c4f5ab), userDataDir=C:\Users\NIKILK~1\AppData\Local\Temp\scoped_dir13332_9007}, takesHeapSnapshot=true, pageLoadStrategy=normal, databaseEnabled=false, handlesAlerts=true, hasTouchScreen=false, version=67.0.3396.99, platform=WIN8_1, browserConnectionEnabled=false, nativeEvents=true, acceptSslCerts=false, acceptInsecureCerts=false, locationContextEnabled=true, webStorageEnabled=true, browserName=chrome, takesScreenshot=true, javascriptEnabled=true, cssSelectorsEnabled=true, setWindowRect=true, unexpectedAlertBehaviour=}]
Session ID: 0310d83ee2a38065a6f344275d2497a3
Exception occured: org.openqa.selenium.TimeoutException: timeout
  (Session info: chrome=67.0.3396.99)
  (Driver info: chromedriver=2.40.565498 (ea082db3280dd6843ebfb08a625e3eb905c4f5ab),platform=Windows NT 6.3.9600 x86_64) (WARNING: The server did not provide any stacktrace information)
Command duration or timeout: 10.01 seconds
Build info: version: &apos;2.53.0&apos;, revision: &apos;35ae25b1534ae328c771e0856c93e187490ca824&apos;, time: &apos;2016-03-15 10:43:46&apos;
System info: host: &apos;Nikil&apos;, ip: &apos;192.168.254.4&apos;, os.name: &apos;Windows 8.1&apos;, os.arch: &apos;amd64&apos;, os.version: &apos;6.3&apos;, java.version: &apos;1.8.0_131&apos;
Driver info: org.openqa.selenium.chrome.ChromeDriver
Capabilities [{applicationCacheEnabled=false, rotatable=false, mobileEmulationEnabled=false, networkConnectionEnabled=false, chrome={chromedriverVersion=2.40.565498 (ea082db3280dd6843ebfb08a625e3eb905c4f5ab), userDataDir=C:\Users\NIKILK~1\AppData\Local\Temp\scoped_dir13332_9007}, takesHeapSnapshot=true, pageLoadStrategy=normal, databaseEnabled=false, handlesAlerts=true, hasTouchScreen=false, version=67.0.3396.99, platform=WIN8_1, browserConnectionEnabled=false, nativeEvents=true, acceptSslCerts=false, acceptInsecureCerts=false, locationContextEnabled=true, webStorageEnabled=true, browserName=chrome, takesScreenshot=true, javascriptEnabled=true, cssSelectorsEnabled=true, setWindowRect=true, unexpectedAlertBehaviour=}]
Session ID: 0310d83ee2a38065a6f344275d2497a3
Exception occured: org.openqa.selenium.TimeoutException: timeout
  (Session info: chrome=67.0.3396.99)
  (Driver info: chromedriver=2.40.565498 (ea082db3280dd6843ebfb08a625e3eb905c4f5ab),platform=Windows NT 6.3.9600 x86_64) (WARNING: The server did not provide any stacktrace information)
Command duration or timeout: 10.01 seconds
Build info: version: &apos;2.53.0&apos;, revision: &apos;35ae25b1534ae328c771e0856c93e187490ca824&apos;, time: &apos;2016-03-15 10:43:46&apos;
System info: host: &apos;Nikil&apos;, ip: &apos;192.168.254.4&apos;, os.name: &apos;Windows 8.1&apos;, os.arch: &apos;amd64&apos;, os.version: &apos;6.3&apos;, java.version: &apos;1.8.0_131&apos;
Driver info: org.openqa.selenium.chrome.ChromeDriver
Capabilities [{applicationCacheEnabled=false, rotatable=false, mobileEmulationEnabled=false, networkConnectionEnabled=false, chrome={chromedriverVersion=2.40.565498 (ea082db3280dd6843ebfb08a625e3eb905c4f5ab), userDataDir=C:\Users\NIKILK~1\AppData\Local\Temp\scoped_dir13332_9007}, takesHeapSnapshot=true, pageLoadStrategy=normal, databaseEnabled=false, handlesAlerts=true, hasTouchScreen=false, version=67.0.3396.99, platform=WIN8_1, browserConnectionEnabled=false, nativeEvents=true, acceptSslCerts=false, acceptInsecureCerts=false, locationContextEnabled=true, webStorageEnabled=true, browserName=chrome, takesScreenshot=true, javascriptEnabled=true, cssSelectorsEnabled=true, setWindowRect=true, unexpectedAlertBehaviour=}]
Session ID: 0310d83ee2a38065a6f344275d2497a3
Exception occured: org.openqa.selenium.TimeoutException: timeout
  (Session info: chrome=67.0.3396.99)
  (Driver info: chromedriver=2.40.565498 (ea082db3280dd6843ebfb08a625e3eb905c4f5ab),platform=Windows NT 6.3.9600 x86_64) (WARNING: The server did not provide any stacktrace information)
Command duration or timeout: 10.01 seconds
Build info: version: &apos;2.53.0&apos;, revision: &apos;35ae25b1534ae328c771e0856c93e187490ca824&apos;, time: &apos;2016-03-15 10:43:46&apos;
System info: host: &apos;Nikil&apos;, ip: &apos;192.168.254.4&apos;, os.name: &apos;Windows 8.1&apos;, os.arch: &apos;amd64&apos;, os.version: &apos;6.3&apos;, java.version: &apos;1.8.0_131&apos;
Driver info: org.openqa.selenium.chrome.ChromeDriver
Capabilities [{applicationCacheEnabled=false, rotatable=false, mobileEmulationEnabled=false, networkConnectionEnabled=false, chrome={chromedriverVersion=2.40.565498 (ea082db3280dd6843ebfb08a625e3eb905c4f5ab), userDataDir=C:\Users\NIKILK~1\AppData\Local\Temp\scoped_dir13332_9007}, takesHeapSnapshot=true, pageLoadStrategy=normal, databaseEnabled=false, handlesAlerts=true, hasTouchScreen=false, version=67.0.3396.99, platform=WIN8_1, browserConnectionEnabled=false, nativeEvents=true, acceptSslCerts=false, acceptInsecureCerts=false, locationContextEnabled=true, webStorageEnabled=true, browserName=chrome, takesScreenshot=true, javascriptEnabled=true, cssSelectorsEnabled=true, setWindowRect=true, unexpectedAlertBehaviour=}]
Session ID: 0310d83ee2a38065a6f344275d2497a3
Exception occured: org.openqa.selenium.TimeoutException: timeout
  (Session info: chrome=67.0.3396.99)
  (Driver info: chromedriver=2.40.565498 (ea082db3280dd6843ebfb08a625e3eb905c4f5ab),platform=Windows NT 6.3.9600 x86_64) (WARNING: The server did not provide any stacktrace information)
Command duration or timeout: 10.01 seconds
Build info: version: &apos;2.53.0&apos;, revision: &apos;35ae25b1534ae328c771e0856c93e187490ca824&apos;, time: &apos;2016-03-15 10:43:46&apos;
System info: host: &apos;Nikil&apos;, ip: &apos;192.168.254.4&apos;, os.name: &apos;Windows 8.1&apos;, os.arch: &apos;amd64&apos;, os.version: &apos;6.3&apos;, java.version: &apos;1.8.0_131&apos;
Driver info: org.openqa.selenium.chrome.ChromeDriver
Capabilities [{applicationCacheEnabled=false, rotatable=false, mobileEmulationEnabled=false, networkConnectionEnabled=false, chrome={chromedriverVersion=2.40.565498 (ea082db3280dd6843ebfb08a625e3eb905c4f5ab), userDataDir=C:\Users\NIKILK~1\AppData\Local\Temp\scoped_dir13332_9007}, takesHeapSnapshot=true, pageLoadStrategy=normal, databaseEnabled=false, handlesAlerts=true, hasTouchScreen=false, version=67.0.3396.99, platform=WIN8_1, browserConnectionEnabled=false, nativeEvents=true, acceptSslCerts=false, acceptInsecureCerts=false, locationContextEnabled=true, webStorageEnabled=true, browserName=chrome, takesScreenshot=true, javascriptEnabled=true, cssSelectorsEnabled=true, setWindowRect=true, unexpectedAlertBehaviour=}]
Session ID: 0310d83ee2a38065a6f344275d2497a3
Exception occured: org.openqa.selenium.TimeoutException: timeout
  (Session info: chrome=67.0.3396.99)
  (Driver info: chromedriver=2.40.565498 (ea082db3280dd6843ebfb08a625e3eb905c4f5ab),platform=Windows NT 6.3.9600 x86_64) (WARNING: The server did not provide any stacktrace information)
Command duration or timeout: 10.01 seconds
Build info: version: &apos;2.53.0&apos;, revision: &apos;35ae25b1534ae328c771e0856c93e187490ca824&apos;, time: &apos;2016-03-15 10:43:46&apos;
System info: host: &apos;Nikil&apos;, ip: &apos;192.168.254.4&apos;, os.name: &apos;Windows 8.1&apos;, os.arch: &apos;amd64&apos;, os.version: &apos;6.3&apos;, java.version: &apos;1.8.0_131&apos;
Driver info: org.openqa.selenium.chrome.ChromeDriver
Capabilities [{applicationCacheEnabled=false, rotatable=false, mobileEmulationEnabled=false, networkConnectionEnabled=false, chrome={chromedriverVersion=2.40.565498 (ea082db3280dd6843ebfb08a625e3eb905c4f5ab), userDataDir=C:\Users\NIKILK~1\AppData\Local\Temp\scoped_dir13332_9007}, takesHeapSnapshot=true, pageLoadStrategy=normal, databaseEnabled=false, handlesAlerts=true, hasTouchScreen=false, version=67.0.3396.99, platform=WIN8_1, browserConnectionEnabled=false, nativeEvents=true, acceptSslCerts=false, acceptInsecureCerts=false, locationContextEnabled=true, webStorageEnabled=true, browserName=chrome, takesScreenshot=true, javascriptEnabled=true, cssSelectorsEnabled=true, setWindowRect=true, unexpectedAlertBehaviour=}]
Session ID: 0310d83ee2a38065a6f344275d2497a3
Exception occured: org.openqa.selenium.TimeoutException: timeout
  (Session info: chrome=67.0.3396.99)
  (Driver info: chromedriver=2.40.565498 (ea082db3280dd6843ebfb08a625e3eb905c4f5ab),platform=Windows NT 6.3.9600 x86_64) (WARNING: The server did not provide any stacktrace information)
Command duration or timeout: 10.01 seconds
Build info: version: &apos;2.53.0&apos;, revision: &apos;35ae25b1534ae328c771e0856c93e187490ca824&apos;, time: &apos;2016-03-15 10:43:46&apos;
System info: host: &apos;Nikil&apos;, ip: &apos;192.168.254.4&apos;, os.name: &apos;Windows 8.1&apos;, os.arch: &apos;amd64&apos;, os.version: &apos;6.3&apos;, java.version: &apos;1.8.0_131&apos;
Driver info: org.openqa.selenium.chrome.ChromeDriver
Capabilities [{applicationCacheEnabled=false, rotatable=false, mobileEmulationEnabled=false, networkConnectionEnabled=false, chrome={chromedriverVersion=2.40.565498 (ea082db3280dd6843ebfb08a625e3eb905c4f5ab), userDataDir=C:\Users\NIKILK~1\AppData\Local\Temp\scoped_dir13332_9007}, takesHeapSnapshot=true, pageLoadStrategy=normal, databaseEnabled=false, handlesAlerts=true, hasTouchScreen=false, version=67.0.3396.99, platform=WIN8_1, browserConnectionEnabled=false, nativeEvents=true, acceptSslCerts=false, acceptInsecureCerts=false, locationContextEnabled=true, webStorageEnabled=true, browserName=chrome, takesScreenshot=true, javascriptEnabled=true, cssSelectorsEnabled=true, setWindowRect=true, unexpectedAlertBehaviour=}]
Session ID: 0310d83ee2a38065a6f344275d2497a3
Exception occured: org.openqa.selenium.TimeoutException: timeout
  (Session info: chrome=67.0.3396.99)
  (Driver info: chromedriver=2.40.565498 (ea082db3280dd6843ebfb08a625e3eb905c4f5ab),platform=Windows NT 6.3.9600 x86_64) (WARNING: The server did not provide any stacktrace information)
Command duration or timeout: 10.01 seconds
Build info: version: &apos;2.53.0&apos;, revision: &apos;35ae25b1534ae328c771e0856c93e187490ca824&apos;, time: &apos;2016-03-15 10:43:46&apos;
System info: host: &apos;Nikil&apos;, ip: &apos;192.168.254.4&apos;, os.name: &apos;Windows 8.1&apos;, os.arch: &apos;amd64&apos;, os.version: &apos;6.3&apos;, java.version: &apos;1.8.0_131&apos;
Driver info: org.openqa.selenium.chrome.ChromeDriver
Capabilities [{applicationCacheEnabled=false, rotatable=false, mobileEmulationEnabled=false, networkConnectionEnabled=false, chrome={chromedriverVersion=2.40.565498 (ea082db3280dd6843ebfb08a625e3eb905c4f5ab), userDataDir=C:\Users\NIKILK~1\AppData\Local\Temp\scoped_dir13332_9007}, takesHeapSnapshot=true, pageLoadStrategy=normal, databaseEnabled=false, handlesAlerts=true, hasTouchScreen=false, version=67.0.3396.99, platform=WIN8_1, browserConnectionEnabled=false, nativeEvents=true, acceptSslCerts=false, acceptInsecureCerts=false, locationContextEnabled=true, webStorageEnabled=true, browserName=chrome, takesScreenshot=true, javascriptEnabled=true, cssSelectorsEnabled=true, setWindowRect=true, unexpectedAlertBehaviour=}]
Session ID: 0310d83ee2a38065a6f344275d2497a3
Exception occured: org.openqa.selenium.TimeoutException: timeout
  (Session info: chrome=67.0.3396.99)
  (Driver info: chromedriver=2.40.565498 (ea082db3280dd6843ebfb08a625e3eb905c4f5ab),platform=Windows NT 6.3.9600 x86_64) (WARNING: The server did not provide any stacktrace information)
Command duration or timeout: 10.01 seconds
Build info: version: &apos;2.53.0&apos;, revision: &apos;35ae25b1534ae328c771e0856c93e187490ca824&apos;, time: &apos;2016-03-15 10:43:46&apos;
System info: host: &apos;Nikil&apos;, ip: &apos;192.168.254.4&apos;, os.name: &apos;Windows 8.1&apos;, os.arch: &apos;amd64&apos;, os.version: &apos;6.3&apos;, java.version: &apos;1.8.0_131&apos;
Driver info: org.openqa.selenium.chrome.ChromeDriver
Capabilities [{applicationCacheEnabled=false, rotatable=false, mobileEmulationEnabled=false, networkConnectionEnabled=false, chrome={chromedriverVersion=2.40.565498 (ea082db3280dd6843ebfb08a625e3eb905c4f5ab), userDataDir=C:\Users\NIKILK~1\AppData\Local\Temp\scoped_dir13332_9007}, takesHeapSnapshot=true, pageLoadStrategy=normal, databaseEnabled=false, handlesAlerts=true, hasTouchScreen=false, version=67.0.3396.99, platform=WIN8_1, browserConnectionEnabled=false, nativeEvents=true, acceptSslCerts=false, acceptInsecureCerts=false, locationContextEnabled=true, webStorageEnabled=true, browserName=chrome, takesScreenshot=true, javascriptEnabled=true, cssSelectorsEnabled=true, setWindowRect=true, unexpectedAlertBehaviour=}]
Session ID: 0310d83ee2a38065a6f344275d2497a3
Exception occured: org.openqa.selenium.TimeoutException: timeout
  (Session info: chrome=67.0.3396.99)
  (Driver info: chromedriver=2.40.565498 (ea082db3280dd6843ebfb08a625e3eb905c4f5ab),platform=Windows NT 6.3.9600 x86_64) (WARNING: The server did not provide any stacktrace information)
Command duration or timeout: 10.01 seconds
Build info: version: &apos;2.53.0&apos;, revision: &apos;35ae25b1534ae328c771e0856c93e187490ca824&apos;, time: &apos;2016-03-15 10:43:46&apos;
System info: host: &apos;Nikil&apos;, ip: &apos;192.168.254.4&apos;, os.name: &apos;Windows 8.1&apos;, os.arch: &apos;amd64&apos;, os.version: &apos;6.3&apos;, java.version: &apos;1.8.0_131&apos;
Driver info: org.openqa.selenium.chrome.ChromeDriver
Capabilities [{applicationCacheEnabled=false, rotatable=false, mobileEmulationEnabled=false, networkConnectionEnabled=false, chrome={chromedriverVersion=2.40.565498 (ea082db3280dd6843ebfb08a625e3eb905c4f5ab), userDataDir=C:\Users\NIKILK~1\AppData\Local\Temp\scoped_dir13332_9007}, takesHeapSnapshot=true, pageLoadStrategy=normal, databaseEnabled=false, handlesAlerts=true, hasTouchScreen=false, version=67.0.3396.99, platform=WIN8_1, browserConnectionEnabled=false, nativeEvents=true, acceptSslCerts=false, acceptInsecureCerts=false, locationContextEnabled=true, webStorageEnabled=true, browserName=chrome, takesScreenshot=true, javascriptEnabled=true, cssSelectorsEnabled=true, setWindowRect=true, unexpectedAlertBehaviour=}]
Session ID: 0310d83ee2a38065a6f344275d2497a3
Exception occured: org.openqa.selenium.TimeoutException: timeout
  (Session info: chrome=67.0.3396.99)
  (Driver info: chromedriver=2.40.565498 (ea082db3280dd6843ebfb08a625e3eb905c4f5ab),platform=Windows NT 6.3.9600 x86_64) (WARNING: The server did not provide any stacktrace information)
Command duration or timeout: 10.01 seconds
Build info: version: &apos;2.53.0&apos;, revision: &apos;35ae25b1534ae328c771e0856c93e187490ca824&apos;, time: &apos;2016-03-15 10:43:46&apos;
System info: host: &apos;Nikil&apos;, ip: &apos;192.168.254.4&apos;, os.name: &apos;Windows 8.1&apos;, os.arch: &apos;amd64&apos;, os.version: &apos;6.3&apos;, java.version: &apos;1.8.0_131&apos;
Driver info: org.openqa.selenium.chrome.ChromeDriver
Capabilities [{applicationCacheEnabled=false, rotatable=false, mobileEmulationEnabled=false, networkConnectionEnabled=false, chrome={chromedriverVersion=2.40.565498 (ea082db3280dd6843ebfb08a625e3eb905c4f5ab), userDataDir=C:\Users\NIKILK~1\AppData\Local\Temp\scoped_dir13332_9007}, takesHeapSnapshot=true, pageLoadStrategy=normal, databaseEnabled=false, handlesAlerts=true, hasTouchScreen=false, version=67.0.3396.99, platform=WIN8_1, browserConnectionEnabled=false, nativeEvents=true, acceptSslCerts=false, acceptInsecureCerts=false, locationContextEnabled=true, webStorageEnabled=true, browserName=chrome, takesScreenshot=true, javascriptEnabled=true, cssSelectorsEnabled=true, setWindowRect=true, unexpectedAlertBehaviour=}]
Session ID: 0310d83ee2a38065a6f344275d2497a3
Exception occured: org.openqa.selenium.TimeoutException: timeout
  (Session info: chrome=67.0.3396.99)
  (Driver info: chromedriver=2.40.565498 (ea082db3280dd6843ebfb08a625e3eb905c4f5ab),platform=Windows NT 6.3.9600 x86_64) (WARNING: The server did not provide any stacktrace information)
Command duration or timeout: 10.01 seconds
Build info: version: &apos;2.53.0&apos;, revision: &apos;35ae25b1534ae328c771e0856c93e187490ca824&apos;, time: &apos;2016-03-15 10:43:46&apos;
System info: host: &apos;Nikil&apos;, ip: &apos;192.168.254.4&apos;, os.name: &apos;Windows 8.1&apos;, os.arch: &apos;amd64&apos;, os.version: &apos;6.3&apos;, java.version: &apos;1.8.0_131&apos;
Driver info: org.openqa.selenium.chrome.ChromeDriver
Capabilities [{applicationCacheEnabled=false, rotatable=false, mobileEmulationEnabled=false, networkConnectionEnabled=false, chrome={chromedriverVersion=2.40.565498 (ea082db3280dd6843ebfb08a625e3eb905c4f5ab), userDataDir=C:\Users\NIKILK~1\AppData\Local\Temp\scoped_dir13332_9007}, takesHeapSnapshot=true, pageLoadStrategy=normal, databaseEnabled=false, handlesAlerts=true, hasTouchScreen=false, version=67.0.3396.99, platform=WIN8_1, browserConnectionEnabled=false, nativeEvents=true, acceptSslCerts=false, acceptInsecureCerts=false, locationContextEnabled=true, webStorageEnabled=true, browserName=chrome, takesScreenshot=true, javascriptEnabled=true, cssSelectorsEnabled=true, setWindowRect=true, unexpectedAlertBehaviour=}]
Session ID: 0310d83ee2a38065a6f344275d2497a3
Exception occured: org.openqa.selenium.TimeoutException: timeout
  (Session info: chrome=67.0.3396.99)
  (Driver info: chromedriver=2.40.565498 (ea082db3280dd6843ebfb08a625e3eb905c4f5ab),platform=Windows NT 6.3.9600 x86_64) (WARNING: The server did not provide any stacktrace information)
Command duration or timeout: 10.01 seconds
Build info: version: &apos;2.53.0&apos;, revision: &apos;35ae25b1534ae328c771e0856c93e187490ca824&apos;, time: &apos;2016-03-15 10:43:46&apos;
System info: host: &apos;Nikil&apos;, ip: &apos;192.168.254.4&apos;, os.name: &apos;Windows 8.1&apos;, os.arch: &apos;amd64&apos;, os.version: &apos;6.3&apos;, java.version: &apos;1.8.0_131&apos;
Driver info: org.openqa.selenium.chrome.ChromeDriver
Capabilities [{applicationCacheEnabled=false, rotatable=false, mobileEmulationEnabled=false, networkConnectionEnabled=false, chrome={chromedriverVersion=2.40.565498 (ea082db3280dd6843ebfb08a625e3eb905c4f5ab), userDataDir=C:\Users\NIKILK~1\AppData\Local\Temp\scoped_dir13332_9007}, takesHeapSnapshot=true, pageLoadStrategy=normal, databaseEnabled=false, handlesAlerts=true, hasTouchScreen=false, version=67.0.3396.99, platform=WIN8_1, browserConnectionEnabled=false, nativeEvents=true, acceptSslCerts=false, acceptInsecureCerts=false, locationContextEnabled=true, webStorageEnabled=true, browserName=chrome, takesScreenshot=true, javascriptEnabled=true, cssSelectorsEnabled=true, setWindowRect=true, unexpectedAlertBehaviour=}]
Session ID: 0310d83ee2a38065a6f344275d2497a3
Exception occured: org.openqa.selenium.TimeoutException: timeout
  (Session info: chrome=67.0.3396.99)
  (Driver info: chromedriver=2.40.565498 (ea082db3280dd6843ebfb08a625e3eb905c4f5ab),platform=Windows NT 6.3.9600 x86_64) (WARNING: The server did not provide any stacktrace information)
Command duration or timeout: 10.01 seconds
Build info: version: &apos;2.53.0&apos;, revision: &apos;35ae25b1534ae328c771e0856c93e187490ca824&apos;, time: &apos;2016-03-15 10:43:46&apos;
System info: host: &apos;Nikil&apos;, ip: &apos;192.168.254.4&apos;, os.name: &apos;Windows 8.1&apos;, os.arch: &apos;amd64&apos;, os.version: &apos;6.3&apos;, java.version: &apos;1.8.0_131&apos;
Driver info: org.openqa.selenium.chrome.ChromeDriver
Capabilities [{applicationCacheEnabled=false, rotatable=false, mobileEmulationEnabled=false, networkConnectionEnabled=false, chrome={chromedriverVersion=2.40.565498 (ea082db3280dd6843ebfb08a625e3eb905c4f5ab), userDataDir=C:\Users\NIKILK~1\AppData\Local\Temp\scoped_dir13332_9007}, takesHeapSnapshot=true, pageLoadStrategy=normal, databaseEnabled=false, handlesAlerts=true, hasTouchScreen=false, version=67.0.3396.99, platform=WIN8_1, browserConnectionEnabled=false, nativeEvents=true, acceptSslCerts=false, acceptInsecureCerts=false, locationContextEnabled=true, webStorageEnabled=true, browserName=chrome, takesScreenshot=true, javascriptEnabled=true, cssSelectorsEnabled=true, setWindowRect=true, unexpectedAlertBehaviour=}]
Session ID: 0310d83ee2a38065a6f344275d2497a3
Exception occured: org.openqa.selenium.TimeoutException: timeout
  (Session info: chrome=67.0.3396.99)
  (Driver info: chromedriver=2.40.565498 (ea082db3280dd6843ebfb08a625e3eb905c4f5ab),platform=Windows NT 6.3.9600 x86_64) (WARNING: The server did not provide any stacktrace information)
Command duration or timeout: 10.01 seconds
Build info: version: &apos;2.53.0&apos;, revision: &apos;35ae25b1534ae328c771e0856c93e187490ca824&apos;, time: &apos;2016-03-15 10:43:46&apos;
System info: host: &apos;Nikil&apos;, ip: &apos;192.168.254.4&apos;, os.name: &apos;Windows 8.1&apos;, os.arch: &apos;amd64&apos;, os.version: &apos;6.3&apos;, java.version: &apos;1.8.0_131&apos;
Driver info: org.openqa.selenium.chrome.ChromeDriver
Capabilities [{applicationCacheEnabled=false, rotatable=false, mobileEmulationEnabled=false, networkConnectionEnabled=false, chrome={chromedriverVersion=2.40.565498 (ea082db3280dd6843ebfb08a625e3eb905c4f5ab), userDataDir=C:\Users\NIKILK~1\AppData\Local\Temp\scoped_dir13332_9007}, takesHeapSnapshot=true, pageLoadStrategy=normal, databaseEnabled=false, handlesAlerts=true, hasTouchScreen=false, version=67.0.3396.99, platform=WIN8_1, browserConnectionEnabled=false, nativeEvents=true, acceptSslCerts=false, acceptInsecureCerts=false, locationContextEnabled=true, webStorageEnabled=true, browserName=chrome, takesScreenshot=true, javascriptEnabled=true, cssSelectorsEnabled=true, setWindowRect=true, unexpectedAlertBehaviour=}]
Session ID: 0310d83ee2a38065a6f344275d2497a3
Exception occured: org.openqa.selenium.TimeoutException: timeout
  (Session info: chrome=67.0.3396.99)
  (Driver info: chromedriver=2.40.565498 (ea082db3280dd6843ebfb08a625e3eb905c4f5ab),platform=Windows NT 6.3.9600 x86_64) (WARNING: The server did not provide any stacktrace information)
Command duration or timeout: 10.01 seconds
Build info: version: &apos;2.53.0&apos;, revision: &apos;35ae25b1534ae328c771e0856c93e187490ca824&apos;, time: &apos;2016-03-15 10:43:46&apos;
System info: host: &apos;Nikil&apos;, ip: &apos;192.168.254.4&apos;, os.name: &apos;Windows 8.1&apos;, os.arch: &apos;amd64&apos;, os.version: &apos;6.3&apos;, java.version: &apos;1.8.0_131&apos;
Driver info: org.openqa.selenium.chrome.ChromeDriver
Capabilities [{applicationCacheEnabled=false, rotatable=false, mobileEmulationEnabled=false, networkConnectionEnabled=false, chrome={chromedriverVersion=2.40.565498 (ea082db3280dd6843ebfb08a625e3eb905c4f5ab), userDataDir=C:\Users\NIKILK~1\AppData\Local\Temp\scoped_dir13332_9007}, takesHeapSnapshot=true, pageLoadStrategy=normal, databaseEnabled=false, handlesAlerts=true, hasTouchScreen=false, version=67.0.3396.99, platform=WIN8_1, browserConnectionEnabled=false, nativeEvents=true, acceptSslCerts=false, acceptInsecureCerts=false, locationContextEnabled=true, webStorageEnabled=true, browserName=chrome, takesScreenshot=true, javascriptEnabled=true, cssSelectorsEnabled=true, setWindowRect=true, unexpectedAlertBehaviour=}]
Session ID: 0310d83ee2a38065a6f344275d2497a3
Exception occured: org.openqa.selenium.TimeoutException: timeout
  (Session info: chrome=67.0.3396.99)
  (Driver info: chromedriver=2.40.565498 (ea082db3280dd6843ebfb08a625e3eb905c4f5ab),platform=Windows NT 6.3.9600 x86_64) (WARNING: The server did not provide any stacktrace information)
Command duration or timeout: 10.01 seconds
Build info: version: &apos;2.53.0&apos;, revision: &apos;35ae25b1534ae328c771e0856c93e187490ca824&apos;, time: &apos;2016-03-15 10:43:46&apos;
System info: host: &apos;Nikil&apos;, ip: &apos;192.168.254.4&apos;, os.name: &apos;Windows 8.1&apos;, os.arch: &apos;amd64&apos;, os.version: &apos;6.3&apos;, java.version: &apos;1.8.0_131&apos;
Driver info: org.openqa.selenium.chrome.ChromeDriver
Capabilities [{applicationCacheEnabled=false, rotatable=false, mobileEmulationEnabled=false, networkConnectionEnabled=false, chrome={chromedriverVersion=2.40.565498 (ea082db3280dd6843ebfb08a625e3eb905c4f5ab), userDataDir=C:\Users\NIKILK~1\AppData\Local\Temp\scoped_dir13332_9007}, takesHeapSnapshot=true, pageLoadStrategy=normal, databaseEnabled=false, handlesAlerts=true, hasTouchScreen=false, version=67.0.3396.99, platform=WIN8_1, browserConnectionEnabled=false, nativeEvents=true, acceptSslCerts=false, acceptInsecureCerts=false, locationContextEnabled=true, webStorageEnabled=true, browserName=chrome, takesScreenshot=true, javascriptEnabled=true, cssSelectorsEnabled=true, setWindowRect=true, unexpectedAlertBehaviour=}]
Session ID: 0310d83ee2a38065a6f344275d2497a3
Exception occured: org.openqa.selenium.TimeoutException: timeout
  (Session info: chrome=67.0.3396.99)
  (Driver info: chromedriver=2.40.565498 (ea082db3280dd6843ebfb08a625e3eb905c4f5ab),platform=Windows NT 6.3.9600 x86_64) (WARNING: The server did not provide any stacktrace information)
Command duration or timeout: 10.01 seconds
Build info: version: &apos;2.53.0&apos;, revision: &apos;35ae25b1534ae328c771e0856c93e187490ca824&apos;, time: &apos;2016-03-15 10:43:46&apos;
System info: host: &apos;Nikil&apos;, ip: &apos;192.168.254.4&apos;, os.name: &apos;Windows 8.1&apos;, os.arch: &apos;amd64&apos;, os.version: &apos;6.3&apos;, java.version: &apos;1.8.0_131&apos;
Driver info: org.openqa.selenium.chrome.ChromeDriver
Capabilities [{applicationCacheEnabled=false, rotatable=false, mobileEmulationEnabled=false, networkConnectionEnabled=false, chrome={chromedriverVersion=2.40.565498 (ea082db3280dd6843ebfb08a625e3eb905c4f5ab), userDataDir=C:\Users\NIKILK~1\AppData\Local\Temp\scoped_dir13332_9007}, takesHeapSnapshot=true, pageLoadStrategy=normal, databaseEnabled=false, handlesAlerts=true, hasTouchScreen=false, version=67.0.3396.99, platform=WIN8_1, browserConnectionEnabled=false, nativeEvents=true, acceptSslCerts=false, acceptInsecureCerts=false, locationContextEnabled=true, webStorageEnabled=true, browserName=chrome, takesScreenshot=true, javascriptEnabled=true, cssSelectorsEnabled=true, setWindowRect=true, unexpectedAlertBehaviour=}]
Session ID: 0310d83ee2a38065a6f344275d2497a3
Exception occured: org.openqa.selenium.TimeoutException: timeout
  (Session info: chrome=67.0.3396.99)
  (Driver info: chromedriver=2.40.565498 (ea082db3280dd6843ebfb08a625e3eb905c4f5ab),platform=Windows NT 6.3.9600 x86_64) (WARNING: The server did not provide any stacktrace information)
Command duration or timeout: 10.01 seconds
Build info: version: &apos;2.53.0&apos;, revision: &apos;35ae25b1534ae328c771e0856c93e187490ca824&apos;, time: &apos;2016-03-15 10:43:46&apos;
System info: host: &apos;Nikil&apos;, ip: &apos;192.168.254.4&apos;, os.name: &apos;Windows 8.1&apos;, os.arch: &apos;amd64&apos;, os.version: &apos;6.3&apos;, java.version: &apos;1.8.0_131&apos;
Driver info: org.openqa.selenium.chrome.ChromeDriver
Capabilities [{applicationCacheEnabled=false, rotatable=false, mobileEmulationEnabled=false, networkConnectionEnabled=false, chrome={chromedriverVersion=2.40.565498 (ea082db3280dd6843ebfb08a625e3eb905c4f5ab), userDataDir=C:\Users\NIKILK~1\AppData\Local\Temp\scoped_dir13332_9007}, takesHeapSnapshot=true, pageLoadStrategy=normal, databaseEnabled=false, handlesAlerts=true, hasTouchScreen=false, version=67.0.3396.99, platform=WIN8_1, browserConnectionEnabled=false, nativeEvents=true, acceptSslCerts=false, acceptInsecureCerts=false, locationContextEnabled=true, webStorageEnabled=true, browserName=chrome, takesScreenshot=true, javascriptEnabled=true, cssSelectorsEnabled=true, setWindowRect=true, unexpectedAlertBehaviour=}]
Session ID: 0310d83ee2a38065a6f344275d2497a3
Exception occured: org.openqa.selenium.TimeoutException: timeout
  (Session info: chrome=67.0.3396.99)
  (Driver info: chromedriver=2.40.565498 (ea082db3280dd6843ebfb08a625e3eb905c4f5ab),platform=Windows NT 6.3.9600 x86_64) (WARNING: The server did not provide any stacktrace information)
Command duration or timeout: 10.01 seconds
Build info: version: &apos;2.53.0&apos;, revision: &apos;35ae25b1534ae328c771e0856c93e187490ca824&apos;, time: &apos;2016-03-15 10:43:46&apos;
System info: host: &apos;Nikil&apos;, ip: &apos;192.168.254.4&apos;, os.name: &apos;Windows 8.1&apos;, os.arch: &apos;amd64&apos;, os.version: &apos;6.3&apos;, java.version: &apos;1.8.0_131&apos;
Driver info: org.openqa.selenium.chrome.ChromeDriver
Capabilities [{applicationCacheEnabled=false, rotatable=false, mobileEmulationEnabled=false, networkConnectionEnabled=false, chrome={chromedriverVersion=2.40.565498 (ea082db3280dd6843ebfb08a625e3eb905c4f5ab), userDataDir=C:\Users\NIKILK~1\AppData\Local\Temp\scoped_dir13332_9007}, takesHeapSnapshot=true, pageLoadStrategy=normal, databaseEnabled=false, handlesAlerts=true, hasTouchScreen=false, version=67.0.3396.99, platform=WIN8_1, browserConnectionEnabled=false, nativeEvents=true, acceptSslCerts=false, acceptInsecureCerts=false, locationContextEnabled=true, webStorageEnabled=true, browserName=chrome, takesScreenshot=true, javascriptEnabled=true, cssSelectorsEnabled=true, setWindowRect=true, unexpectedAlertBehaviour=}]
Session ID: 0310d83ee2a38065a6f344275d2497a3
Exception occured: org.openqa.selenium.TimeoutException: timeout
  (Session info: chrome=67.0.3396.99)
  (Driver info: chromedriver=2.40.565498 (ea082db3280dd6843ebfb08a625e3eb905c4f5ab),platform=Windows NT 6.3.9600 x86_64) (WARNING: The server did not provide any stacktrace information)
Command duration or timeout: 10.01 seconds
Build info: version: &apos;2.53.0&apos;, revision: &apos;35ae25b1534ae328c771e0856c93e187490ca824&apos;, time: &apos;2016-03-15 10:43:46&apos;
System info: host: &apos;Nikil&apos;, ip: &apos;192.168.254.4&apos;, os.name: &apos;Windows 8.1&apos;, os.arch: &apos;amd64&apos;, os.version: &apos;6.3&apos;, java.version: &apos;1.8.0_131&apos;
Driver info: org.openqa.selenium.chrome.ChromeDriver
Capabilities [{applicationCacheEnabled=false, rotatable=false, mobileEmulationEnabled=false, networkConnectionEnabled=false, chrome={chromedriverVersion=2.40.565498 (ea082db3280dd6843ebfb08a625e3eb905c4f5ab), userDataDir=C:\Users\NIKILK~1\AppData\Local\Temp\scoped_dir13332_9007}, takesHeapSnapshot=true, pageLoadStrategy=normal, databaseEnabled=false, handlesAlerts=true, hasTouchScreen=false, version=67.0.3396.99, platform=WIN8_1, browserConnectionEnabled=false, nativeEvents=true, acceptSslCerts=false, acceptInsecureCerts=false, locationContextEnabled=true, webStorageEnabled=true, browserName=chrome, takesScreenshot=true, javascriptEnabled=true, cssSelectorsEnabled=true, setWindowRect=true, unexpectedAlertBehaviour=}]
Session ID: 0310d83ee2a38065a6f344275d2497a3
Exception occured: org.openqa.selenium.TimeoutException: timeout
  (Session info: chrome=67.0.3396.99)
  (Driver info: chromedriver=2.40.565498 (ea082db3280dd6843ebfb08a625e3eb905c4f5ab),platform=Windows NT 6.3.9600 x86_64) (WARNING: The server did not provide any stacktrace information)
Command duration or timeout: 10.01 seconds
Build info: version: &apos;2.53.0&apos;, revision: &apos;35ae25b1534ae328c771e0856c93e187490ca824&apos;, time: &apos;2016-03-15 10:43:46&apos;
System info: host: &apos;Nikil&apos;, ip: &apos;192.168.254.4&apos;, os.name: &apos;Windows 8.1&apos;, os.arch: &apos;amd64&apos;, os.version: &apos;6.3&apos;, java.version: &apos;1.8.0_131&apos;
Driver info: org.openqa.selenium.chrome.ChromeDriver
Capabilities [{applicationCacheEnabled=false, rotatable=false, mobileEmulationEnabled=false, networkConnectionEnabled=false, chrome={chromedriverVersion=2.40.565498 (ea082db3280dd6843ebfb08a625e3eb905c4f5ab), userDataDir=C:\Users\NIKILK~1\AppData\Local\Temp\scoped_dir13332_9007}, takesHeapSnapshot=true, pageLoadStrategy=normal, databaseEnabled=false, handlesAlerts=true, hasTouchScreen=false, version=67.0.3396.99, platform=WIN8_1, browserConnectionEnabled=false, nativeEvents=true, acceptSslCerts=false, acceptInsecureCerts=false, locationContextEnabled=true, webStorageEnabled=true, browserName=chrome, takesScreenshot=true, javascriptEnabled=true, cssSelectorsEnabled=true, setWindowRect=true, unexpectedAlertBehaviour=}]
Session ID: 0310d83ee2a38065a6f344275d2497a3
Exception occured: org.openqa.selenium.TimeoutException: timeout
  (Session info: chrome=67.0.3396.99)
  (Driver info: chromedriver=2.40.565498 (ea082db3280dd6843ebfb08a625e3eb905c4f5ab),platform=Windows NT 6.3.9600 x86_64) (WARNING: The server did not provide any stacktrace information)
Command duration or timeout: 10.01 seconds
Build info: version: &apos;2.53.0&apos;, revision: &apos;35ae25b1534ae328c771e0856c93e187490ca824&apos;, time: &apos;2016-03-15 10:43:46&apos;
System info: host: &apos;Nikil&apos;, ip: &apos;192.168.254.4&apos;, os.name: &apos;Windows 8.1&apos;, os.arch: &apos;amd64&apos;, os.version: &apos;6.3&apos;, java.version: &apos;1.8.0_131&apos;
Driver info: org.openqa.selenium.chrome.ChromeDriver
Capabilities [{applicationCacheEnabled=false, rotatable=false, mobileEmulationEnabled=false, networkConnectionEnabled=false, chrome={chromedriverVersion=2.40.565498 (ea082db3280dd6843ebfb08a625e3eb905c4f5ab), userDataDir=C:\Users\NIKILK~1\AppData\Local\Temp\scoped_dir13332_9007}, takesHeapSnapshot=true, pageLoadStrategy=normal, databaseEnabled=false, handlesAlerts=true, hasTouchScreen=false, version=67.0.3396.99, platform=WIN8_1, browserConnectionEnabled=false, nativeEvents=true, acceptSslCerts=false, acceptInsecureCerts=false, locationContextEnabled=true, webStorageEnabled=true, browserName=chrome, takesScreenshot=true, javascriptEnabled=true, cssSelectorsEnabled=true, setWindowRect=true, unexpectedAlertBehaviour=}]
Session ID: 0310d83ee2a38065a6f344275d2497a3
Exception occured: org.openqa.selenium.TimeoutException: timeout
  (Session info: chrome=67.0.3396.99)
  (Driver info: chromedriver=2.40.565498 (ea082db3280dd6843ebfb08a625e3eb905c4f5ab),platform=Windows NT 6.3.9600 x86_64) (WARNING: The server did not provide any stacktrace information)
Command duration or timeout: 10.01 seconds
Build info: version: &apos;2.53.0&apos;, revision: &apos;35ae25b1534ae328c771e0856c93e187490ca824&apos;, time: &apos;2016-03-15 10:43:46&apos;
System info: host: &apos;Nikil&apos;, ip: &apos;192.168.254.4&apos;, os.name: &apos;Windows 8.1&apos;, os.arch: &apos;amd64&apos;, os.version: &apos;6.3&apos;, java.version: &apos;1.8.0_131&apos;
Driver info: org.openqa.selenium.chrome.ChromeDriver
Capabilities [{applicationCacheEnabled=false, rotatable=false, mobileEmulationEnabled=false, networkConnectionEnabled=false, chrome={chromedriverVersion=2.40.565498 (ea082db3280dd6843ebfb08a625e3eb905c4f5ab), userDataDir=C:\Users\NIKILK~1\AppData\Local\Temp\scoped_dir13332_9007}, takesHeapSnapshot=true, pageLoadStrategy=normal, databaseEnabled=false, handlesAlerts=true, hasTouchScreen=false, version=67.0.3396.99, platform=WIN8_1, browserConnectionEnabled=false, nativeEvents=true, acceptSslCerts=false, acceptInsecureCerts=false, locationContextEnabled=true, webStorageEnabled=true, browserName=chrome, takesScreenshot=true, javascriptEnabled=true, cssSelectorsEnabled=true, setWindowRect=true, unexpectedAlertBehaviour=}]
Session ID: 0310d83ee2a38065a6f344275d2497a3
Exception occured: org.openqa.selenium.TimeoutException: timeout
  (Session info: chrome=67.0.3396.99)
  (Driver info: chromedriver=2.40.565498 (ea082db3280dd6843ebfb08a625e3eb905c4f5ab),platform=Windows NT 6.3.9600 x86_64) (WARNING: The server did not provide any stacktrace information)
Command duration or timeout: 10.01 seconds
Build info: version: &apos;2.53.0&apos;, revision: &apos;35ae25b1534ae328c771e0856c93e187490ca824&apos;, time: &apos;2016-03-15 10:43:46&apos;
System info: host: &apos;Nikil&apos;, ip: &apos;192.168.254.4&apos;, os.name: &apos;Windows 8.1&apos;, os.arch: &apos;amd64&apos;, os.version: &apos;6.3&apos;, java.version: &apos;1.8.0_131&apos;
Driver info: org.openqa.selenium.chrome.ChromeDriver
Capabilities [{applicationCacheEnabled=false, rotatable=false, mobileEmulationEnabled=false, networkConnectionEnabled=false, chrome={chromedriverVersion=2.40.565498 (ea082db3280dd6843ebfb08a625e3eb905c4f5ab), userDataDir=C:\Users\NIKILK~1\AppData\Local\Temp\scoped_dir13332_9007}, takesHeapSnapshot=true, pageLoadStrategy=normal, databaseEnabled=false, handlesAlerts=true, hasTouchScreen=false, version=67.0.3396.99, platform=WIN8_1, browserConnectionEnabled=false, nativeEvents=true, acceptSslCerts=false, acceptInsecureCerts=false, locationContextEnabled=true, webStorageEnabled=true, browserName=chrome, takesScreenshot=true, javascriptEnabled=true, cssSelectorsEnabled=true, setWindowRect=true, unexpectedAlertBehaviour=}]
Session ID: 0310d83ee2a38065a6f344275d2497a3
Exception occured: org.openqa.selenium.TimeoutException: timeout
  (Session info: chrome=67.0.3396.99)
  (Driver info: chromedriver=2.40.565498 (ea082db3280dd6843ebfb08a625e3eb905c4f5ab),platform=Windows NT 6.3.9600 x86_64) (WARNING: The server did not provide any stacktrace information)
Command duration or timeout: 10.01 seconds
Build info: version: &apos;2.53.0&apos;, revision: &apos;35ae25b1534ae328c771e0856c93e187490ca824&apos;, time: &apos;2016-03-15 10:43:46&apos;
System info: host: &apos;Nikil&apos;, ip: &apos;192.168.254.4&apos;, os.name: &apos;Windows 8.1&apos;, os.arch: &apos;amd64&apos;, os.version: &apos;6.3&apos;, java.version: &apos;1.8.0_131&apos;
Driver info: org.openqa.selenium.chrome.ChromeDriver
Capabilities [{applicationCacheEnabled=false, rotatable=false, mobileEmulationEnabled=false, networkConnectionEnabled=false, chrome={chromedriverVersion=2.40.565498 (ea082db3280dd6843ebfb08a625e3eb905c4f5ab), userDataDir=C:\Users\NIKILK~1\AppData\Local\Temp\scoped_dir13332_9007}, takesHeapSnapshot=true, pageLoadStrategy=normal, databaseEnabled=false, handlesAlerts=true, hasTouchScreen=false, version=67.0.3396.99, platform=WIN8_1, browserConnectionEnabled=false, nativeEvents=true, acceptSslCerts=false, acceptInsecureCerts=false, locationContextEnabled=true, webStorageEnabled=true, browserName=chrome, takesScreenshot=true, javascriptEnabled=true, cssSelectorsEnabled=true, setWindowRect=true, unexpectedAlertBehaviour=}]
Session ID: 0310d83ee2a38065a6f344275d2497a3
Exception occured: org.openqa.selenium.TimeoutException: timeout
  (Session info: chrome=67.0.3396.99)
  (Driver info: chromedriver=2.40.565498 (ea082db3280dd6843ebfb08a625e3eb905c4f5ab),platform=Windows NT 6.3.9600 x86_64) (WARNING: The server did not provide any stacktrace information)
Command duration or timeout: 74129.49 seconds
Build info: version: &apos;2.53.0&apos;, revision: &apos;35ae25b1534ae328c771e0856c93e187490ca824&apos;, time: &apos;2016-03-15 10:43:46&apos;
System info: host: &apos;Nikil&apos;, ip: &apos;192.168.254.4&apos;, os.name: &apos;Windows 8.1&apos;, os.arch: &apos;amd64&apos;, os.version: &apos;6.3&apos;, java.version: &apos;1.8.0_131&apos;
Driver info: org.openqa.selenium.chrome.ChromeDriver
Capabilities [{applicationCacheEnabled=false, rotatable=false, mobileEmulationEnabled=false, networkConnectionEnabled=false, chrome={chromedriverVersion=2.40.565498 (ea082db3280dd6843ebfb08a625e3eb905c4f5ab), userDataDir=C:\Users\NIKILK~1\AppData\Local\Temp\scoped_dir13332_9007}, takesHeapSnapshot=true, pageLoadStrategy=normal, databaseEnabled=false, handlesAlerts=true, hasTouchScreen=false, version=67.0.3396.99, platform=WIN8_1, browserConnectionEnabled=false, nativeEvents=true, acceptSslCerts=false, acceptInsecureCerts=false, locationContextEnabled=true, webStorageEnabled=true, browserName=chrome, takesScreenshot=true, javascriptEnabled=true, cssSelectorsEnabled=true, setWindowRect=true, unexpectedAlertBehaviour=}]
Session ID: 0310d83ee2a38065a6f344275d2497a3
Exception occured: org.openqa.selenium.TimeoutException: timeout
  (Session info: chrome=67.0.3396.99)
  (Driver info: chromedriver=2.40.565498 (ea082db3280dd6843ebfb08a625e3eb905c4f5ab),platform=Windows NT 6.3.9600 x86_64) (WARNING: The server did not provide any stacktrace information)
Command duration or timeout: 10.01 seconds
Build info: version: &apos;2.53.0&apos;, revision: &apos;35ae25b1534ae328c771e0856c93e187490ca824&apos;, time: &apos;2016-03-15 10:43:46&apos;
System info: host: &apos;Nikil&apos;, ip: &apos;192.168.254.4&apos;, os.name: &apos;Windows 8.1&apos;, os.arch: &apos;amd64&apos;, os.version: &apos;6.3&apos;, java.version: &apos;1.8.0_131&apos;
Driver info: org.openqa.selenium.chrome.ChromeDriver
Capabilities [{applicationCacheEnabled=false, rotatable=false, mobileEmulationEnabled=false, networkConnectionEnabled=false, chrome={chromedriverVersion=2.40.565498 (ea082db3280dd6843ebfb08a625e3eb905c4f5ab), userDataDir=C:\Users\NIKILK~1\AppData\Local\Temp\scoped_dir13332_9007}, takesHeapSnapshot=true, pageLoadStrategy=normal, databaseEnabled=false, handlesAlerts=true, hasTouchScreen=false, version=67.0.3396.99, platform=WIN8_1, browserConnectionEnabled=false, nativeEvents=true, acceptSslCerts=false, acceptInsecureCerts=false, locationContextEnabled=true, webStorageEnabled=true, browserName=chrome, takesScreenshot=true, javascriptEnabled=true, cssSelectorsEnabled=true, setWindowRect=true, unexpectedAlertBehaviour=}]
Session ID: 0310d83ee2a38065a6f344275d2497a3
Exception occured: org.openqa.selenium.TimeoutException: timeout
  (Session info: chrome=67.0.3396.99)
  (Driver info: chromedriver=2.40.565498 (ea082db3280dd6843ebfb08a625e3eb905c4f5ab),platform=Windows NT 6.3.9600 x86_64) (WARNING: The server did not provide any stacktrace information)
Command duration or timeout: 10.01 seconds
Build info: version: &apos;2.53.0&apos;, revision: &apos;35ae25b1534ae328c771e0856c93e187490ca824&apos;, time: &apos;2016-03-15 10:43:46&apos;
System info: host: &apos;Nikil&apos;, ip: &apos;192.168.254.4&apos;, os.name: &apos;Windows 8.1&apos;, os.arch: &apos;amd64&apos;, os.version: &apos;6.3&apos;, java.version: &apos;1.8.0_131&apos;
Driver info: org.openqa.selenium.chrome.ChromeDriver
Capabilities [{applicationCacheEnabled=false, rotatable=false, mobileEmulationEnabled=false, networkConnectionEnabled=false, chrome={chromedriverVersion=2.40.565498 (ea082db3280dd6843ebfb08a625e3eb905c4f5ab), userDataDir=C:\Users\NIKILK~1\AppData\Local\Temp\scoped_dir13332_9007}, takesHeapSnapshot=true, pageLoadStrategy=normal, databaseEnabled=false, handlesAlerts=true, hasTouchScreen=false, version=67.0.3396.99, platform=WIN8_1, browserConnectionEnabled=false, nativeEvents=true, acceptSslCerts=false, acceptInsecureCerts=false, locationContextEnabled=true, webStorageEnabled=true, browserName=chrome, takesScreenshot=true, javascriptEnabled=true, cssSelectorsEnabled=true, setWindowRect=true, unexpectedAlertBehaviour=}]
Session ID: 0310d83ee2a38065a6f344275d2497a3
Exception occured: org.openqa.selenium.TimeoutException: timeout
  (Session info: chrome=67.0.3396.99)
  (Driver info: chromedriver=2.40.565498 (ea082db3280dd6843ebfb08a625e3eb905c4f5ab),platform=Windows NT 6.3.9600 x86_64) (WARNING: The server did not provide any stacktrace information)
Command duration or timeout: 10.01 seconds
Build info: version: &apos;2.53.0&apos;, revision: &apos;35ae25b1534ae328c771e0856c93e187490ca824&apos;, time: &apos;2016-03-15 10:43:46&apos;
System info: host: &apos;Nikil&apos;, ip: &apos;192.168.254.4&apos;, os.name: &apos;Windows 8.1&apos;, os.arch: &apos;amd64&apos;, os.version: &apos;6.3&apos;, java.version: &apos;1.8.0_131&apos;
Driver info: org.openqa.selenium.chrome.ChromeDriver
Capabilities [{applicationCacheEnabled=false, rotatable=false, mobileEmulationEnabled=false, networkConnectionEnabled=false, chrome={chromedriverVersion=2.40.565498 (ea082db3280dd6843ebfb08a625e3eb905c4f5ab), userDataDir=C:\Users\NIKILK~1\AppData\Local\Temp\scoped_dir13332_9007}, takesHeapSnapshot=true, pageLoadStrategy=normal, databaseEnabled=false, handlesAlerts=true, hasTouchScreen=false, version=67.0.3396.99, platform=WIN8_1, browserConnectionEnabled=false, nativeEvents=true, acceptSslCerts=false, acceptInsecureCerts=false, locationContextEnabled=true, webStorageEnabled=true, browserName=chrome, takesScreenshot=true, javascriptEnabled=true, cssSelectorsEnabled=true, setWindowRect=true, unexpectedAlertBehaviour=}]
Session ID: 0310d83ee2a38065a6f344275d2497a3
Exception occured: org.openqa.selenium.TimeoutException: timeout
  (Session info: chrome=67.0.3396.99)
  (Driver info: chromedriver=2.40.565498 (ea082db3280dd6843ebfb08a625e3eb905c4f5ab),platform=Windows NT 6.3.9600 x86_64) (WARNING: The server did not provide any stacktrace information)
Command duration or timeout: 10.01 seconds
Build info: version: &apos;2.53.0&apos;, revision: &apos;35ae25b1534ae328c771e0856c93e187490ca824&apos;, time: &apos;2016-03-15 10:43:46&apos;
System info: host: &apos;Nikil&apos;, ip: &apos;192.168.254.4&apos;, os.name: &apos;Windows 8.1&apos;, os.arch: &apos;amd64&apos;, os.version: &apos;6.3&apos;, java.version: &apos;1.8.0_131&apos;
Driver info: org.openqa.selenium.chrome.ChromeDriver
Capabilities [{applicationCacheEnabled=false, rotatable=false, mobileEmulationEnabled=false, networkConnectionEnabled=false, chrome={chromedriverVersion=2.40.565498 (ea082db3280dd6843ebfb08a625e3eb905c4f5ab), userDataDir=C:\Users\NIKILK~1\AppData\Local\Temp\scoped_dir13332_9007}, takesHeapSnapshot=true, pageLoadStrategy=normal, databaseEnabled=false, handlesAlerts=true, hasTouchScreen=false, version=67.0.3396.99, platform=WIN8_1, browserConnectionEnabled=false, nativeEvents=true, acceptSslCerts=false, acceptInsecureCerts=false, locationContextEnabled=true, webStorageEnabled=true, browserName=chrome, takesScreenshot=true, javascriptEnabled=true, cssSelectorsEnabled=true, setWindowRect=true, unexpectedAlertBehaviour=}]
Session ID: 0310d83ee2a38065a6f344275d2497a3
Exception occured: org.openqa.selenium.TimeoutException: timeout
  (Session info: chrome=67.0.3396.99)
  (Driver info: chromedriver=2.40.565498 (ea082db3280dd6843ebfb08a625e3eb905c4f5ab),platform=Windows NT 6.3.9600 x86_64) (WARNING: The server did not provide any stacktrace information)
Command duration or timeout: 10.01 seconds
Build info: version: &apos;2.53.0&apos;, revision: &apos;35ae25b1534ae328c771e0856c93e187490ca824&apos;, time: &apos;2016-03-15 10:43:46&apos;
System info: host: &apos;Nikil&apos;, ip: &apos;192.168.254.4&apos;, os.name: &apos;Windows 8.1&apos;, os.arch: &apos;amd64&apos;, os.version: &apos;6.3&apos;, java.version: &apos;1.8.0_131&apos;
Driver info: org.openqa.selenium.chrome.ChromeDriver
Capabilities [{applicationCacheEnabled=false, rotatable=false, mobileEmulationEnabled=false, networkConnectionEnabled=false, chrome={chromedriverVersion=2.40.565498 (ea082db3280dd6843ebfb08a625e3eb905c4f5ab), userDataDir=C:\Users\NIKILK~1\AppData\Local\Temp\scoped_dir13332_9007}, takesHeapSnapshot=true, pageLoadStrategy=normal, databaseEnabled=false, handlesAlerts=true, hasTouchScreen=false, version=67.0.3396.99, platform=WIN8_1, browserConnectionEnabled=false, nativeEvents=true, acceptSslCerts=false, acceptInsecureCerts=false, locationContextEnabled=true, webStorageEnabled=true, browserName=chrome, takesScreenshot=true, javascriptEnabled=true, cssSelectorsEnabled=true, setWindowRect=true, unexpectedAlertBehaviour=}]
Session ID: 0310d83ee2a38065a6f344275d2497a3
Exception occured: org.openqa.selenium.TimeoutException: timeout
  (Session info: chrome=67.0.3396.99)
  (Driver info: chromedriver=2.40.565498 (ea082db3280dd6843ebfb08a625e3eb905c4f5ab),platform=Windows NT 6.3.9600 x86_64) (WARNING: The server did not provide any stacktrace information)
Command duration or timeout: 10.01 seconds
Build info: version: &apos;2.53.0&apos;, revision: &apos;35ae25b1534ae328c771e0856c93e187490ca824&apos;, time: &apos;2016-03-15 10:43:46&apos;
System info: host: &apos;Nikil&apos;, ip: &apos;192.168.254.4&apos;, os.name: &apos;Windows 8.1&apos;, os.arch: &apos;amd64&apos;, os.version: &apos;6.3&apos;, java.version: &apos;1.8.0_131&apos;
Driver info: org.openqa.selenium.chrome.ChromeDriver
Capabilities [{applicationCacheEnabled=false, rotatable=false, mobileEmulationEnabled=false, networkConnectionEnabled=false, chrome={chromedriverVersion=2.40.565498 (ea082db3280dd6843ebfb08a625e3eb905c4f5ab), userDataDir=C:\Users\NIKILK~1\AppData\Local\Temp\scoped_dir13332_9007}, takesHeapSnapshot=true, pageLoadStrategy=normal, databaseEnabled=false, handlesAlerts=true, hasTouchScreen=false, version=67.0.3396.99, platform=WIN8_1, browserConnectionEnabled=false, nativeEvents=true, acceptSslCerts=false, acceptInsecureCerts=false, locationContextEnabled=true, webStorageEnabled=true, browserName=chrome, takesScreenshot=true, javascriptEnabled=true, cssSelectorsEnabled=true, setWindowRect=true, unexpectedAlertBehaviour=}]
Session ID: 0310d83ee2a38065a6f344275d2497a3
Exception occured: org.openqa.selenium.TimeoutException: timeout
  (Session info: chrome=67.0.3396.99)
  (Driver info: chromedriver=2.40.565498 (ea082db3280dd6843ebfb08a625e3eb905c4f5ab),platform=Windows NT 6.3.9600 x86_64) (WARNING: The server did not provide any stacktrace information)
Command duration or timeout: 10.01 seconds
Build info: version: &apos;2.53.0&apos;, revision: &apos;35ae25b1534ae328c771e0856c93e187490ca824&apos;, time: &apos;2016-03-15 10:43:46&apos;
System info: host: &apos;Nikil&apos;, ip: &apos;192.168.254.4&apos;, os.name: &apos;Windows 8.1&apos;, os.arch: &apos;amd64&apos;, os.version: &apos;6.3&apos;, java.version: &apos;1.8.0_131&apos;
Driver info: org.openqa.selenium.chrome.ChromeDriver
Capabilities [{applicationCacheEnabled=false, rotatable=false, mobileEmulationEnabled=false, networkConnectionEnabled=false, chrome={chromedriverVersion=2.40.565498 (ea082db3280dd6843ebfb08a625e3eb905c4f5ab), userDataDir=C:\Users\NIKILK~1\AppData\Local\Temp\scoped_dir13332_9007}, takesHeapSnapshot=true, pageLoadStrategy=normal, databaseEnabled=false, handlesAlerts=true, hasTouchScreen=false, version=67.0.3396.99, platform=WIN8_1, browserConnectionEnabled=false, nativeEvents=true, acceptSslCerts=false, acceptInsecureCerts=false, locationContextEnabled=true, webStorageEnabled=true, browserName=chrome, takesScreenshot=true, javascriptEnabled=true, cssSelectorsEnabled=true, setWindowRect=true, unexpectedAlertBehaviour=}]
Session ID: 0310d83ee2a38065a6f344275d2497a3
Exception occured: org.openqa.selenium.TimeoutException: timeout
  (Session info: chrome=67.0.3396.99)
  (Driver info: chromedriver=2.40.565498 (ea082db3280dd6843ebfb08a625e3eb905c4f5ab),platform=Windows NT 6.3.9600 x86_64) (WARNING: The server did not provide any stacktrace information)
Command duration or timeout: 10.00 seconds
Build info: version: &apos;2.53.0&apos;, revision: &apos;35ae25b1534ae328c771e0856c93e187490ca824&apos;, time: &apos;2016-03-15 10:43:46&apos;
System info: host: &apos;Nikil&apos;, ip: &apos;192.168.254.4&apos;, os.name: &apos;Windows 8.1&apos;, os.arch: &apos;amd64&apos;, os.version: &apos;6.3&apos;, java.version: &apos;1.8.0_131&apos;
Driver info: org.openqa.selenium.chrome.ChromeDriver
Capabilities [{applicationCacheEnabled=false, rotatable=false, mobileEmulationEnabled=false, networkConnectionEnabled=false, chrome={chromedriverVersion=2.40.565498 (ea082db3280dd6843ebfb08a625e3eb905c4f5ab), userDataDir=C:\Users\NIKILK~1\AppData\Local\Temp\scoped_dir13332_9007}, takesHeapSnapshot=true, pageLoadStrategy=normal, databaseEnabled=false, handlesAlerts=true, hasTouchScreen=false, version=67.0.3396.99, platform=WIN8_1, browserConnectionEnabled=false, nativeEvents=true, acceptSslCerts=false, acceptInsecureCerts=false, locationContextEnabled=true, webStorageEnabled=true, browserName=chrome, takesScreenshot=true, javascriptEnabled=true, cssSelectorsEnabled=true, setWindowRect=true, unexpectedAlertBehaviour=}]
Session ID: 0310d83ee2a38065a6f344275d2497a3
Exception occured: org.openqa.selenium.TimeoutException: timeout
  (Session info: chrome=67.0.3396.99)
  (Driver info: chromedriver=2.40.565498 (ea082db3280dd6843ebfb08a625e3eb905c4f5ab),platform=Windows NT 6.3.9600 x86_64) (WARNING: The server did not provide any stacktrace information)
Command duration or timeout: 10.01 seconds
Build info: version: &apos;2.53.0&apos;, revision: &apos;35ae25b1534ae328c771e0856c93e187490ca824&apos;, time: &apos;2016-03-15 10:43:46&apos;
System info: host: &apos;Nikil&apos;, ip: &apos;192.168.254.4&apos;, os.name: &apos;Windows 8.1&apos;, os.arch: &apos;amd64&apos;, os.version: &apos;6.3&apos;, java.version: &apos;1.8.0_131&apos;
Driver info: org.openqa.selenium.chrome.ChromeDriver
Capabilities [{applicationCacheEnabled=false, rotatable=false, mobileEmulationEnabled=false, networkConnectionEnabled=false, chrome={chromedriverVersion=2.40.565498 (ea082db3280dd6843ebfb08a625e3eb905c4f5ab), userDataDir=C:\Users\NIKILK~1\AppData\Local\Temp\scoped_dir13332_9007}, takesHeapSnapshot=true, pageLoadStrategy=normal, databaseEnabled=false, handlesAlerts=true, hasTouchScreen=false, version=67.0.3396.99, platform=WIN8_1, browserConnectionEnabled=false, nativeEvents=true, acceptSslCerts=false, acceptInsecureCerts=false, locationContextEnabled=true, webStorageEnabled=true, browserName=chrome, takesScreenshot=true, javascriptEnabled=true, cssSelectorsEnabled=true, setWindowRect=true, unexpectedAlertBehaviour=}]
Session ID: 0310d83ee2a38065a6f344275d2497a3
Exception occured: org.openqa.selenium.TimeoutException: timeout
  (Session info: chrome=67.0.3396.99)
  (Driver info: chromedriver=2.40.565498 (ea082db3280dd6843ebfb08a625e3eb905c4f5ab),platform=Windows NT 6.3.9600 x86_64) (WARNING: The server did not provide any stacktrace information)
Command duration or timeout: 10.01 seconds
Build info: version: &apos;2.53.0&apos;, revision: &apos;35ae25b1534ae328c771e0856c93e187490ca824&apos;, time: &apos;2016-03-15 10:43:46&apos;
System info: host: &apos;Nikil&apos;, ip: &apos;192.168.254.4&apos;, os.name: &apos;Windows 8.1&apos;, os.arch: &apos;amd64&apos;, os.version: &apos;6.3&apos;, java.version: &apos;1.8.0_131&apos;
Driver info: org.openqa.selenium.chrome.ChromeDriver
Capabilities [{applicationCacheEnabled=false, rotatable=false, mobileEmulationEnabled=false, networkConnectionEnabled=false, chrome={chromedriverVersion=2.40.565498 (ea082db3280dd6843ebfb08a625e3eb905c4f5ab), userDataDir=C:\Users\NIKILK~1\AppData\Local\Temp\scoped_dir13332_9007}, takesHeapSnapshot=true, pageLoadStrategy=normal, databaseEnabled=false, handlesAlerts=true, hasTouchScreen=false, version=67.0.3396.99, platform=WIN8_1, browserConnectionEnabled=false, nativeEvents=true, acceptSslCerts=false, acceptInsecureCerts=false, locationContextEnabled=true, webStorageEnabled=true, browserName=chrome, takesScreenshot=true, javascriptEnabled=true, cssSelectorsEnabled=true, setWindowRect=true, unexpectedAlertBehaviour=}]
Session ID: 0310d83ee2a38065a6f344275d2497a3
Exception occured: org.openqa.selenium.TimeoutException: timeout
  (Session info: chrome=67.0.3396.99)
  (Driver info: chromedriver=2.40.565498 (ea082db3280dd6843ebfb08a625e3eb905c4f5ab),platform=Windows NT 6.3.9600 x86_64) (WARNING: The server did not provide any stacktrace information)
Command duration or timeout: 10.01 seconds
Build info: version: &apos;2.53.0&apos;, revision: &apos;35ae25b1534ae328c771e0856c93e187490ca824&apos;, time: &apos;2016-03-15 10:43:46&apos;
System info: host: &apos;Nikil&apos;, ip: &apos;192.168.254.4&apos;, os.name: &apos;Windows 8.1&apos;, os.arch: &apos;amd64&apos;, os.version: &apos;6.3&apos;, java.version: &apos;1.8.0_131&apos;
Driver info: org.openqa.selenium.chrome.ChromeDriver
Capabilities [{applicationCacheEnabled=false, rotatable=false, mobileEmulationEnabled=false, networkConnectionEnabled=false, chrome={chromedriverVersion=2.40.565498 (ea082db3280dd6843ebfb08a625e3eb905c4f5ab), userDataDir=C:\Users\NIKILK~1\AppData\Local\Temp\scoped_dir13332_9007}, takesHeapSnapshot=true, pageLoadStrategy=normal, databaseEnabled=false, handlesAlerts=true, hasTouchScreen=false, version=67.0.3396.99, platform=WIN8_1, browserConnectionEnabled=false, nativeEvents=true, acceptSslCerts=false, acceptInsecureCerts=false, locationContextEnabled=true, webStorageEnabled=true, browserName=chrome, takesScreenshot=true, javascriptEnabled=true, cssSelectorsEnabled=true, setWindowRect=true, unexpectedAlertBehaviour=}]
Session ID: 0310d83ee2a38065a6f344275d2497a3
Exception occured: org.openqa.selenium.TimeoutException: timeout
  (Session info: chrome=67.0.3396.99)
  (Driver info: chromedriver=2.40.565498 (ea082db3280dd6843ebfb08a625e3eb905c4f5ab),platform=Windows NT 6.3.9600 x86_64) (WARNING: The server did not provide any stacktrace information)
Command duration or timeout: 10.01 seconds
Build info: version: &apos;2.53.0&apos;, revision: &apos;35ae25b1534ae328c771e0856c93e187490ca824&apos;, time: &apos;2016-03-15 10:43:46&apos;
System info: host: &apos;Nikil&apos;, ip: &apos;192.168.254.4&apos;, os.name: &apos;Windows 8.1&apos;, os.arch: &apos;amd64&apos;, os.version: &apos;6.3&apos;, java.version: &apos;1.8.0_131&apos;
Driver info: org.openqa.selenium.chrome.ChromeDriver
Capabilities [{applicationCacheEnabled=false, rotatable=false, mobileEmulationEnabled=false, networkConnectionEnabled=false, chrome={chromedriverVersion=2.40.565498 (ea082db3280dd6843ebfb08a625e3eb905c4f5ab), userDataDir=C:\Users\NIKILK~1\AppData\Local\Temp\scoped_dir13332_9007}, takesHeapSnapshot=true, pageLoadStrategy=normal, databaseEnabled=false, handlesAlerts=true, hasTouchScreen=false, version=67.0.3396.99, platform=WIN8_1, browserConnectionEnabled=false, nativeEvents=true, acceptSslCerts=false, acceptInsecureCerts=false, locationContextEnabled=true, webStorageEnabled=true, browserName=chrome, takesScreenshot=true, javascriptEnabled=true, cssSelectorsEnabled=true, setWindowRect=true, unexpectedAlertBehaviour=}]
Session ID: 0310d83ee2a38065a6f344275d2497a3
Exception occured: org.openqa.selenium.TimeoutException: timeout
  (Session info: chrome=67.0.3396.99)
  (Driver info: chromedriver=2.40.565498 (ea082db3280dd6843ebfb08a625e3eb905c4f5ab),platform=Windows NT 6.3.9600 x86_64) (WARNING: The server did not provide any stacktrace information)
Command duration or timeout: 10.01 seconds
Build info: version: &apos;2.53.0&apos;, revision: &apos;35ae25b1534ae328c771e0856c93e187490ca824&apos;, time: &apos;2016-03-15 10:43:46&apos;
System info: host: &apos;Nikil&apos;, ip: &apos;192.168.254.4&apos;, os.name: &apos;Windows 8.1&apos;, os.arch: &apos;amd64&apos;, os.version: &apos;6.3&apos;, java.version: &apos;1.8.0_131&apos;
Driver info: org.openqa.selenium.chrome.ChromeDriver
Capabilities [{applicationCacheEnabled=false, rotatable=false, mobileEmulationEnabled=false, networkConnectionEnabled=false, chrome={chromedriverVersion=2.40.565498 (ea082db3280dd6843ebfb08a625e3eb905c4f5ab), userDataDir=C:\Users\NIKILK~1\AppData\Local\Temp\scoped_dir13332_9007}, takesHeapSnapshot=true, pageLoadStrategy=normal, databaseEnabled=false, handlesAlerts=true, hasTouchScreen=false, version=67.0.3396.99, platform=WIN8_1, browserConnectionEnabled=false, nativeEvents=true, acceptSslCerts=false, acceptInsecureCerts=false, locationContextEnabled=true, webStorageEnabled=true, browserName=chrome, takesScreenshot=true, javascriptEnabled=true, cssSelectorsEnabled=true, setWindowRect=true, unexpectedAlertBehaviour=}]
Session ID: 0310d83ee2a38065a6f344275d2497a3
Exception occured: org.openqa.selenium.TimeoutException: timeout
  (Session info: chrome=67.0.3396.99)
  (Driver info: chromedriver=2.40.565498 (ea082db3280dd6843ebfb08a625e3eb905c4f5ab),platform=Windows NT 6.3.9600 x86_64) (WARNING: The server did not provide any stacktrace information)
Command duration or timeout: 10.01 seconds
Build info: version: &apos;2.53.0&apos;, revision: &apos;35ae25b1534ae328c771e0856c93e187490ca824&apos;, time: &apos;2016-03-15 10:43:46&apos;
System info: host: &apos;Nikil&apos;, ip: &apos;192.168.254.4&apos;, os.name: &apos;Windows 8.1&apos;, os.arch: &apos;amd64&apos;, os.version: &apos;6.3&apos;, java.version: &apos;1.8.0_131&apos;
Driver info: org.openqa.selenium.chrome.ChromeDriver
Capabilities [{applicationCacheEnabled=false, rotatable=false, mobileEmulationEnabled=false, networkConnectionEnabled=false, chrome={chromedriverVersion=2.40.565498 (ea082db3280dd6843ebfb08a625e3eb905c4f5ab), userDataDir=C:\Users\NIKILK~1\AppData\Local\Temp\scoped_dir13332_9007}, takesHeapSnapshot=true, pageLoadStrategy=normal, databaseEnabled=false, handlesAlerts=true, hasTouchScreen=false, version=67.0.3396.99, platform=WIN8_1, browserConnectionEnabled=false, nativeEvents=true, acceptSslCerts=false, acceptInsecureCerts=false, locationContextEnabled=true, webStorageEnabled=true, browserName=chrome, takesScreenshot=true, javascriptEnabled=true, cssSelectorsEnabled=true, setWindowRect=true, unexpectedAlertBehaviour=}]
Session ID: 0310d83ee2a38065a6f344275d2497a3
Exception occured: org.openqa.selenium.TimeoutException: timeout
  (Session info: chrome=67.0.3396.99)
  (Driver info: chromedriver=2.40.565498 (ea082db3280dd6843ebfb08a625e3eb905c4f5ab),platform=Windows NT 6.3.9600 x86_64) (WARNING: The server did not provide any stacktrace information)
Command duration or timeout: 10.01 seconds
Build info: version: &apos;2.53.0&apos;, revision: &apos;35ae25b1534ae328c771e0856c93e187490ca824&apos;, time: &apos;2016-03-15 10:43:46&apos;
System info: host: &apos;Nikil&apos;, ip: &apos;192.168.254.4&apos;, os.name: &apos;Windows 8.1&apos;, os.arch: &apos;amd64&apos;, os.version: &apos;6.3&apos;, java.version: &apos;1.8.0_131&apos;
Driver info: org.openqa.selenium.chrome.ChromeDriver
Capabilities [{applicationCacheEnabled=false, rotatable=false, mobileEmulationEnabled=false, networkConnectionEnabled=false, chrome={chromedriverVersion=2.40.565498 (ea082db3280dd6843ebfb08a625e3eb905c4f5ab), userDataDir=C:\Users\NIKILK~1\AppData\Local\Temp\scoped_dir13332_9007}, takesHeapSnapshot=true, pageLoadStrategy=normal, databaseEnabled=false, handlesAlerts=true, hasTouchScreen=false, version=67.0.3396.99, platform=WIN8_1, browserConnectionEnabled=false, nativeEvents=true, acceptSslCerts=false, acceptInsecureCerts=false, locationContextEnabled=true, webStorageEnabled=true, browserName=chrome, takesScreenshot=true, javascriptEnabled=true, cssSelectorsEnabled=true, setWindowRect=true, unexpectedAlertBehaviour=}]
Session ID: 0310d83ee2a38065a6f344275d2497a3
Exception occured: org.openqa.selenium.TimeoutException: timeout
  (Session info: chrome=67.0.3396.99)
  (Driver info: chromedriver=2.40.565498 (ea082db3280dd6843ebfb08a625e3eb905c4f5ab),platform=Windows NT 6.3.9600 x86_64) (WARNING: The server did not provide any stacktrace information)
Command duration or timeout: 10.01 seconds
Build info: version: &apos;2.53.0&apos;, revision: &apos;35ae25b1534ae328c771e0856c93e187490ca824&apos;, time: &apos;2016-03-15 10:43:46&apos;
System info: host: &apos;Nikil&apos;, ip: &apos;192.168.254.4&apos;, os.name: &apos;Windows 8.1&apos;, os.arch: &apos;amd64&apos;, os.version: &apos;6.3&apos;, java.version: &apos;1.8.0_131&apos;
Driver info: org.openqa.selenium.chrome.ChromeDriver
Capabilities [{applicationCacheEnabled=false, rotatable=false, mobileEmulationEnabled=false, networkConnectionEnabled=false, chrome={chromedriverVersion=2.40.565498 (ea082db3280dd6843ebfb08a625e3eb905c4f5ab), userDataDir=C:\Users\NIKILK~1\AppData\Local\Temp\scoped_dir13332_9007}, takesHeapSnapshot=true, pageLoadStrategy=normal, databaseEnabled=false, handlesAlerts=true, hasTouchScreen=false, version=67.0.3396.99, platform=WIN8_1, browserConnectionEnabled=false, nativeEvents=true, acceptSslCerts=false, acceptInsecureCerts=false, locationContextEnabled=true, webStorageEnabled=true, browserName=chrome, takesScreenshot=true, javascriptEnabled=true, cssSelectorsEnabled=true, setWindowRect=true, unexpectedAlertBehaviour=}]
Session ID: 0310d83ee2a38065a6f344275d2497a3
Exception occured: org.openqa.selenium.TimeoutException: timeout
  (Session info: chrome=67.0.3396.99)
  (Driver info: chromedriver=2.40.565498 (ea082db3280dd6843ebfb08a625e3eb905c4f5ab),platform=Windows NT 6.3.9600 x86_64) (WARNING: The server did not provide any stacktrace information)
Command duration or timeout: 10.01 seconds
Build info: version: &apos;2.53.0&apos;, revision: &apos;35ae25b1534ae328c771e0856c93e187490ca824&apos;, time: &apos;2016-03-15 10:43:46&apos;
System info: host: &apos;Nikil&apos;, ip: &apos;192.168.254.4&apos;, os.name: &apos;Windows 8.1&apos;, os.arch: &apos;amd64&apos;, os.version: &apos;6.3&apos;, java.version: &apos;1.8.0_131&apos;
Driver info: org.openqa.selenium.chrome.ChromeDriver
Capabilities [{applicationCacheEnabled=false, rotatable=false, mobileEmulationEnabled=false, networkConnectionEnabled=false, chrome={chromedriverVersion=2.40.565498 (ea082db3280dd6843ebfb08a625e3eb905c4f5ab), userDataDir=C:\Users\NIKILK~1\AppData\Local\Temp\scoped_dir13332_9007}, takesHeapSnapshot=true, pageLoadStrategy=normal, databaseEnabled=false, handlesAlerts=true, hasTouchScreen=false, version=67.0.3396.99, platform=WIN8_1, browserConnectionEnabled=false, nativeEvents=true, acceptSslCerts=false, acceptInsecureCerts=false, locationContextEnabled=true, webStorageEnabled=true, browserName=chrome, takesScreenshot=true, javascriptEnabled=true, cssSelectorsEnabled=true, setWindowRect=true, unexpectedAlertBehaviour=}]
Session ID: 0310d83ee2a38065a6f344275d2497a3
Exception occured: org.openqa.selenium.TimeoutException: timeout
  (Session info: chrome=67.0.3396.99)
  (Driver info: chromedriver=2.40.565498 (ea082db3280dd6843ebfb08a625e3eb905c4f5ab),platform=Windows NT 6.3.9600 x86_64) (WARNING: The server did not provide any stacktrace information)
Command duration or timeout: 10.01 seconds
Build info: version: &apos;2.53.0&apos;, revision: &apos;35ae25b1534ae328c771e0856c93e187490ca824&apos;, time: &apos;2016-03-15 10:43:46&apos;
System info: host: &apos;Nikil&apos;, ip: &apos;192.168.254.4&apos;, os.name: &apos;Windows 8.1&apos;, os.arch: &apos;amd64&apos;, os.version: &apos;6.3&apos;, java.version: &apos;1.8.0_131&apos;
Driver info: org.openqa.selenium.chrome.ChromeDriver
Capabilities [{applicationCacheEnabled=false, rotatable=false, mobileEmulationEnabled=false, networkConnectionEnabled=false, chrome={chromedriverVersion=2.40.565498 (ea082db3280dd6843ebfb08a625e3eb905c4f5ab), userDataDir=C:\Users\NIKILK~1\AppData\Local\Temp\scoped_dir13332_9007}, takesHeapSnapshot=true, pageLoadStrategy=normal, databaseEnabled=false, handlesAlerts=true, hasTouchScreen=false, version=67.0.3396.99, platform=WIN8_1, browserConnectionEnabled=false, nativeEvents=true, acceptSslCerts=false, acceptInsecureCerts=false, locationContextEnabled=true, webStorageEnabled=true, browserName=chrome, takesScreenshot=true, javascriptEnabled=true, cssSelectorsEnabled=true, setWindowRect=true, unexpectedAlertBehaviour=}]
Session ID: 0310d83ee2a38065a6f344275d2497a3
Exception occured: org.openqa.selenium.TimeoutException: timeout
  (Session info: chrome=67.0.3396.99)
  (Driver info: chromedriver=2.40.565498 (ea082db3280dd6843ebfb08a625e3eb905c4f5ab),platform=Windows NT 6.3.9600 x86_64) (WARNING: The server did not provide any stacktrace information)
Command duration or timeout: 10.01 seconds
Build info: version: &apos;2.53.0&apos;, revision: &apos;35ae25b1534ae328c771e0856c93e187490ca824&apos;, time: &apos;2016-03-15 10:43:46&apos;
System info: host: &apos;Nikil&apos;, ip: &apos;192.168.254.4&apos;, os.name: &apos;Windows 8.1&apos;, os.arch: &apos;amd64&apos;, os.version: &apos;6.3&apos;, java.version: &apos;1.8.0_131&apos;
Driver info: org.openqa.selenium.chrome.ChromeDriver
Capabilities [{applicationCacheEnabled=false, rotatable=false, mobileEmulationEnabled=false, networkConnectionEnabled=false, chrome={chromedriverVersion=2.40.565498 (ea082db3280dd6843ebfb08a625e3eb905c4f5ab), userDataDir=C:\Users\NIKILK~1\AppData\Local\Temp\scoped_dir13332_9007}, takesHeapSnapshot=true, pageLoadStrategy=normal, databaseEnabled=false, handlesAlerts=true, hasTouchScreen=false, version=67.0.3396.99, platform=WIN8_1, browserConnectionEnabled=false, nativeEvents=true, acceptSslCerts=false, acceptInsecureCerts=false, locationContextEnabled=true, webStorageEnabled=true, browserName=chrome, takesScreenshot=true, javascriptEnabled=true, cssSelectorsEnabled=true, setWindowRect=true, unexpectedAlertBehaviour=}]
Session ID: 0310d83ee2a38065a6f344275d2497a3
Exception occured: org.openqa.selenium.TimeoutException: timeout
  (Session info: chrome=67.0.3396.99)
  (Driver info: chromedriver=2.40.565498 (ea082db3280dd6843ebfb08a625e3eb905c4f5ab),platform=Windows NT 6.3.9600 x86_64) (WARNING: The server did not provide any stacktrace information)
Command duration or timeout: 10.01 seconds
Build info: version: &apos;2.53.0&apos;, revision: &apos;35ae25b1534ae328c771e0856c93e187490ca824&apos;, time: &apos;2016-03-15 10:43:46&apos;
System info: host: &apos;Nikil&apos;, ip: &apos;192.168.254.4&apos;, os.name: &apos;Windows 8.1&apos;, os.arch: &apos;amd64&apos;, os.version: &apos;6.3&apos;, java.version: &apos;1.8.0_131&apos;
Driver info: org.openqa.selenium.chrome.ChromeDriver
Capabilities [{applicationCacheEnabled=false, rotatable=false, mobileEmulationEnabled=false, networkConnectionEnabled=false, chrome={chromedriverVersion=2.40.565498 (ea082db3280dd6843ebfb08a625e3eb905c4f5ab), userDataDir=C:\Users\NIKILK~1\AppData\Local\Temp\scoped_dir13332_9007}, takesHeapSnapshot=true, pageLoadStrategy=normal, databaseEnabled=false, handlesAlerts=true, hasTouchScreen=false, version=67.0.3396.99, platform=WIN8_1, browserConnectionEnabled=false, nativeEvents=true, acceptSslCerts=false, acceptInsecureCerts=false, locationContextEnabled=true, webStorageEnabled=true, browserName=chrome, takesScreenshot=true, javascriptEnabled=true, cssSelectorsEnabled=true, setWindowRect=true, unexpectedAlertBehaviour=}]
Session ID: 0310d83ee2a38065a6f344275d2497a3
Exception occured: org.openqa.selenium.TimeoutException: timeout
  (Session info: chrome=67.0.3396.99)
  (Driver info: chromedriver=2.40.565498 (ea082db3280dd6843ebfb08a625e3eb905c4f5ab),platform=Windows NT 6.3.9600 x86_64) (WARNING: The server did not provide any stacktrace information)
Command duration or timeout: 10.01 seconds
Build info: version: &apos;2.53.0&apos;, revision: &apos;35ae25b1534ae328c771e0856c93e187490ca824&apos;, time: &apos;2016-03-15 10:43:46&apos;
System info: host: &apos;Nikil&apos;, ip: &apos;192.168.254.4&apos;, os.name: &apos;Windows 8.1&apos;, os.arch: &apos;amd64&apos;, os.version: &apos;6.3&apos;, java.version: &apos;1.8.0_131&apos;
Driver info: org.openqa.selenium.chrome.ChromeDriver
Capabilities [{applicationCacheEnabled=false, rotatable=false, mobileEmulationEnabled=false, networkConnectionEnabled=false, chrome={chromedriverVersion=2.40.565498 (ea082db3280dd6843ebfb08a625e3eb905c4f5ab), userDataDir=C:\Users\NIKILK~1\AppData\Local\Temp\scoped_dir13332_9007}, takesHeapSnapshot=true, pageLoadStrategy=normal, databaseEnabled=false, handlesAlerts=true, hasTouchScreen=false, version=67.0.3396.99, platform=WIN8_1, browserConnectionEnabled=false, nativeEvents=true, acceptSslCerts=false, acceptInsecureCerts=false, locationContextEnabled=true, webStorageEnabled=true, browserName=chrome, takesScreenshot=true, javascriptEnabled=true, cssSelectorsEnabled=true, setWindowRect=true, unexpectedAlertBehaviour=}]
Session ID: 0310d83ee2a38065a6f344275d2497a3
Exception occured: org.openqa.selenium.TimeoutException: timeout
  (Session info: chrome=67.0.3396.99)
  (Driver info: chromedriver=2.40.565498 (ea082db3280dd6843ebfb08a625e3eb905c4f5ab),platform=Windows NT 6.3.9600 x86_64) (WARNING: The server did not provide any stacktrace information)
Command duration or timeout: 10.01 seconds
Build info: version: &apos;2.53.0&apos;, revision: &apos;35ae25b1534ae328c771e0856c93e187490ca824&apos;, time: &apos;2016-03-15 10:43:46&apos;
System info: host: &apos;Nikil&apos;, ip: &apos;192.168.254.4&apos;, os.name: &apos;Windows 8.1&apos;, os.arch: &apos;amd64&apos;, os.version: &apos;6.3&apos;, java.version: &apos;1.8.0_131&apos;
Driver info: org.openqa.selenium.chrome.ChromeDriver
Capabilities [{applicationCacheEnabled=false, rotatable=false, mobileEmulationEnabled=false, networkConnectionEnabled=false, chrome={chromedriverVersion=2.40.565498 (ea082db3280dd6843ebfb08a625e3eb905c4f5ab), userDataDir=C:\Users\NIKILK~1\AppData\Local\Temp\scoped_dir13332_9007}, takesHeapSnapshot=true, pageLoadStrategy=normal, databaseEnabled=false, handlesAlerts=true, hasTouchScreen=false, version=67.0.3396.99, platform=WIN8_1, browserConnectionEnabled=false, nativeEvents=true, acceptSslCerts=false, acceptInsecureCerts=false, locationContextEnabled=true, webStorageEnabled=true, browserName=chrome, takesScreenshot=true, javascriptEnabled=true, cssSelectorsEnabled=true, setWindowRect=true, unexpectedAlertBehaviour=}]
Session ID: 0310d83ee2a38065a6f344275d2497a3
Exception occured: org.openqa.selenium.TimeoutException: timeout
  (Session info: chrome=67.0.3396.99)
  (Driver info: chromedriver=2.40.565498 (ea082db3280dd6843ebfb08a625e3eb905c4f5ab),platform=Windows NT 6.3.9600 x86_64) (WARNING: The server did not provide any stacktrace information)
Command duration or timeout: 10.01 seconds
Build info: version: &apos;2.53.0&apos;, revision: &apos;35ae25b1534ae328c771e0856c93e187490ca824&apos;, time: &apos;2016-03-15 10:43:46&apos;
System info: host: &apos;Nikil&apos;, ip: &apos;192.168.254.4&apos;, os.name: &apos;Windows 8.1&apos;, os.arch: &apos;amd64&apos;, os.version: &apos;6.3&apos;, java.version: &apos;1.8.0_131&apos;
Driver info: org.openqa.selenium.chrome.ChromeDriver
Capabilities [{applicationCacheEnabled=false, rotatable=false, mobileEmulationEnabled=false, networkConnectionEnabled=false, chrome={chromedriverVersion=2.40.565498 (ea082db3280dd6843ebfb08a625e3eb905c4f5ab), userDataDir=C:\Users\NIKILK~1\AppData\Local\Temp\scoped_dir13332_9007}, takesHeapSnapshot=true, pageLoadStrategy=normal, databaseEnabled=false, handlesAlerts=true, hasTouchScreen=false, version=67.0.3396.99, platform=WIN8_1, browserConnectionEnabled=false, nativeEvents=true, acceptSslCerts=false, acceptInsecureCerts=false, locationContextEnabled=true, webStorageEnabled=true, browserName=chrome, takesScreenshot=true, javascriptEnabled=true, cssSelectorsEnabled=true, setWindowRect=true, unexpectedAlertBehaviour=}]
Session ID: 0310d83ee2a38065a6f344275d2497a3
Exception occured: org.openqa.selenium.TimeoutException: timeout
  (Session info: chrome=67.0.3396.99)
  (Driver info: chromedriver=2.40.565498 (ea082db3280dd6843ebfb08a625e3eb905c4f5ab),platform=Windows NT 6.3.9600 x86_64) (WARNING: The server did not provide any stacktrace information)
Command duration or timeout: 10.01 seconds
Build info: version: &apos;2.53.0&apos;, revision: &apos;35ae25b1534ae328c771e0856c93e187490ca824&apos;, time: &apos;2016-03-15 10:43:46&apos;
System info: host: &apos;Nikil&apos;, ip: &apos;192.168.254.4&apos;, os.name: &apos;Windows 8.1&apos;, os.arch: &apos;amd64&apos;, os.version: &apos;6.3&apos;, java.version: &apos;1.8.0_131&apos;
Driver info: org.openqa.selenium.chrome.ChromeDriver
Capabilities [{applicationCacheEnabled=false, rotatable=false, mobileEmulationEnabled=false, networkConnectionEnabled=false, chrome={chromedriverVersion=2.40.565498 (ea082db3280dd6843ebfb08a625e3eb905c4f5ab), userDataDir=C:\Users\NIKILK~1\AppData\Local\Temp\scoped_dir13332_9007}, takesHeapSnapshot=true, pageLoadStrategy=normal, databaseEnabled=false, handlesAlerts=true, hasTouchScreen=false, version=67.0.3396.99, platform=WIN8_1, browserConnectionEnabled=false, nativeEvents=true, acceptSslCerts=false, acceptInsecureCerts=false, locationContextEnabled=true, webStorageEnabled=true, browserName=chrome, takesScreenshot=true, javascriptEnabled=true, cssSelectorsEnabled=true, setWindowRect=true, unexpectedAlertBehaviour=}]
Session ID: 0310d83ee2a38065a6f344275d2497a3
Exception occured: org.openqa.selenium.TimeoutException: timeout
  (Session info: chrome=67.0.3396.99)
  (Driver info: chromedriver=2.40.565498 (ea082db3280dd6843ebfb08a625e3eb905c4f5ab),platform=Windows NT 6.3.9600 x86_64) (WARNING: The server did not provide any stacktrace information)
Command duration or timeout: 10.01 seconds
Build info: version: &apos;2.53.0&apos;, revision: &apos;35ae25b1534ae328c771e0856c93e187490ca824&apos;, time: &apos;2016-03-15 10:43:46&apos;
System info: host: &apos;Nikil&apos;, ip: &apos;192.168.254.4&apos;, os.name: &apos;Windows 8.1&apos;, os.arch: &apos;amd64&apos;, os.version: &apos;6.3&apos;, java.version: &apos;1.8.0_131&apos;
Driver info: org.openqa.selenium.chrome.ChromeDriver
Capabilities [{applicationCacheEnabled=false, rotatable=false, mobileEmulationEnabled=false, networkConnectionEnabled=false, chrome={chromedriverVersion=2.40.565498 (ea082db3280dd6843ebfb08a625e3eb905c4f5ab), userDataDir=C:\Users\NIKILK~1\AppData\Local\Temp\scoped_dir13332_9007}, takesHeapSnapshot=true, pageLoadStrategy=normal, databaseEnabled=false, handlesAlerts=true, hasTouchScreen=false, version=67.0.3396.99, platform=WIN8_1, browserConnectionEnabled=false, nativeEvents=true, acceptSslCerts=false, acceptInsecureCerts=false, locationContextEnabled=true, webStorageEnabled=true, browserName=chrome, takesScreenshot=true, javascriptEnabled=true, cssSelectorsEnabled=true, setWindowRect=true, unexpectedAlertBehaviour=}]
Session ID: 0310d83ee2a38065a6f344275d2497a3
Exception occured: org.openqa.selenium.TimeoutException: timeout
  (Session info: chrome=67.0.3396.99)
  (Driver info: chromedriver=2.40.565498 (ea082db3280dd6843ebfb08a625e3eb905c4f5ab),platform=Windows NT 6.3.9600 x86_64) (WARNING: The server did not provide any stacktrace information)
Command duration or timeout: 10.01 seconds
Build info: version: &apos;2.53.0&apos;, revision: &apos;35ae25b1534ae328c771e0856c93e187490ca824&apos;, time: &apos;2016-03-15 10:43:46&apos;
System info: host: &apos;Nikil&apos;, ip: &apos;192.168.254.4&apos;, os.name: &apos;Windows 8.1&apos;, os.arch: &apos;amd64&apos;, os.version: &apos;6.3&apos;, java.version: &apos;1.8.0_131&apos;
Driver info: org.openqa.selenium.chrome.ChromeDriver
Capabilities [{applicationCacheEnabled=false, rotatable=false, mobileEmulationEnabled=false, networkConnectionEnabled=false, chrome={chromedriverVersion=2.40.565498 (ea082db3280dd6843ebfb08a625e3eb905c4f5ab), userDataDir=C:\Users\NIKILK~1\AppData\Local\Temp\scoped_dir13332_9007}, takesHeapSnapshot=true, pageLoadStrategy=normal, databaseEnabled=false, handlesAlerts=true, hasTouchScreen=false, version=67.0.3396.99, platform=WIN8_1, browserConnectionEnabled=false, nativeEvents=true, acceptSslCerts=false, acceptInsecureCerts=false, locationContextEnabled=true, webStorageEnabled=true, browserName=chrome, takesScreenshot=true, javascriptEnabled=true, cssSelectorsEnabled=true, setWindowRect=true, unexpectedAlertBehaviour=}]
Session ID: 0310d83ee2a38065a6f344275d2497a3
Exception occured: org.openqa.selenium.TimeoutException: timeout
  (Session info: chrome=67.0.3396.99)
  (Driver info: chromedriver=2.40.565498 (ea082db3280dd6843ebfb08a625e3eb905c4f5ab),platform=Windows NT 6.3.9600 x86_64) (WARNING: The server did not provide any stacktrace information)
Command duration or timeout: 10.01 seconds
Build info: version: &apos;2.53.0&apos;, revision: &apos;35ae25b1534ae328c771e0856c93e187490ca824&apos;, time: &apos;2016-03-15 10:43:46&apos;
System info: host: &apos;Nikil&apos;, ip: &apos;192.168.254.4&apos;, os.name: &apos;Windows 8.1&apos;, os.arch: &apos;amd64&apos;, os.version: &apos;6.3&apos;, java.version: &apos;1.8.0_131&apos;
Driver info: org.openqa.selenium.chrome.ChromeDriver
Capabilities [{applicationCacheEnabled=false, rotatable=false, mobileEmulationEnabled=false, networkConnectionEnabled=false, chrome={chromedriverVersion=2.40.565498 (ea082db3280dd6843ebfb08a625e3eb905c4f5ab), userDataDir=C:\Users\NIKILK~1\AppData\Local\Temp\scoped_dir13332_9007}, takesHeapSnapshot=true, pageLoadStrategy=normal, databaseEnabled=false, handlesAlerts=true, hasTouchScreen=false, version=67.0.3396.99, platform=WIN8_1, browserConnectionEnabled=false, nativeEvents=true, acceptSslCerts=false, acceptInsecureCerts=false, locationContextEnabled=true, webStorageEnabled=true, browserName=chrome, takesScreenshot=true, javascriptEnabled=true, cssSelectorsEnabled=true, setWindowRect=true, unexpectedAlertBehaviour=}]
Session ID: 0310d83ee2a38065a6f344275d2497a3
Exception occured: org.openqa.selenium.TimeoutException: timeout
  (Session info: chrome=67.0.3396.99)
  (Driver info: chromedriver=2.40.565498 (ea082db3280dd6843ebfb08a625e3eb905c4f5ab),platform=Windows NT 6.3.9600 x86_64) (WARNING: The server did not provide any stacktrace information)
Command duration or timeout: 10.01 seconds
Build info: version: &apos;2.53.0&apos;, revision: &apos;35ae25b1534ae328c771e0856c93e187490ca824&apos;, time: &apos;2016-03-15 10:43:46&apos;
System info: host: &apos;Nikil&apos;, ip: &apos;192.168.254.4&apos;, os.name: &apos;Windows 8.1&apos;, os.arch: &apos;amd64&apos;, os.version: &apos;6.3&apos;, java.version: &apos;1.8.0_131&apos;
Driver info: org.openqa.selenium.chrome.ChromeDriver
Capabilities [{applicationCacheEnabled=false, rotatable=false, mobileEmulationEnabled=false, networkConnectionEnabled=false, chrome={chromedriverVersion=2.40.565498 (ea082db3280dd6843ebfb08a625e3eb905c4f5ab), userDataDir=C:\Users\NIKILK~1\AppData\Local\Temp\scoped_dir13332_9007}, takesHeapSnapshot=true, pageLoadStrategy=normal, databaseEnabled=false, handlesAlerts=true, hasTouchScreen=false, version=67.0.3396.99, platform=WIN8_1, browserConnectionEnabled=false, nativeEvents=true, acceptSslCerts=false, acceptInsecureCerts=false, locationContextEnabled=true, webStorageEnabled=true, browserName=chrome, takesScreenshot=true, javascriptEnabled=true, cssSelectorsEnabled=true, setWindowRect=true, unexpectedAlertBehaviour=}]
Session ID: 0310d83ee2a38065a6f344275d2497a3
Exception occured: org.openqa.selenium.TimeoutException: timeout
  (Session info: chrome=67.0.3396.99)
  (Driver info: chromedriver=2.40.565498 (ea082db3280dd6843ebfb08a625e3eb905c4f5ab),platform=Windows NT 6.3.9600 x86_64) (WARNING: The server did not provide any stacktrace information)
Command duration or timeout: 10.01 seconds
Build info: version: &apos;2.53.0&apos;, revision: &apos;35ae25b1534ae328c771e0856c93e187490ca824&apos;, time: &apos;2016-03-15 10:43:46&apos;
System info: host: &apos;Nikil&apos;, ip: &apos;192.168.254.4&apos;, os.name: &apos;Windows 8.1&apos;, os.arch: &apos;amd64&apos;, os.version: &apos;6.3&apos;, java.version: &apos;1.8.0_131&apos;
Driver info: org.openqa.selenium.chrome.ChromeDriver
Capabilities [{applicationCacheEnabled=false, rotatable=false, mobileEmulationEnabled=false, networkConnectionEnabled=false, chrome={chromedriverVersion=2.40.565498 (ea082db3280dd6843ebfb08a625e3eb905c4f5ab), userDataDir=C:\Users\NIKILK~1\AppData\Local\Temp\scoped_dir13332_9007}, takesHeapSnapshot=true, pageLoadStrategy=normal, databaseEnabled=false, handlesAlerts=true, hasTouchScreen=false, version=67.0.3396.99, platform=WIN8_1, browserConnectionEnabled=false, nativeEvents=true, acceptSslCerts=false, acceptInsecureCerts=false, locationContextEnabled=true, webStorageEnabled=true, browserName=chrome, takesScreenshot=true, javascriptEnabled=true, cssSelectorsEnabled=true, setWindowRect=true, unexpectedAlertBehaviour=}]
Session ID: 0310d83ee2a38065a6f344275d2497a3
Exception occured: org.openqa.selenium.TimeoutException: timeout
  (Session info: chrome=67.0.3396.99)
  (Driver info: chromedriver=2.40.565498 (ea082db3280dd6843ebfb08a625e3eb905c4f5ab),platform=Windows NT 6.3.9600 x86_64) (WARNING: The server did not provide any stacktrace information)
Command duration or timeout: 10.01 seconds
Build info: version: &apos;2.53.0&apos;, revision: &apos;35ae25b1534ae328c771e0856c93e187490ca824&apos;, time: &apos;2016-03-15 10:43:46&apos;
System info: host: &apos;Nikil&apos;, ip: &apos;192.168.254.4&apos;, os.name: &apos;Windows 8.1&apos;, os.arch: &apos;amd64&apos;, os.version: &apos;6.3&apos;, java.version: &apos;1.8.0_131&apos;
Driver info: org.openqa.selenium.chrome.ChromeDriver
Capabilities [{applicationCacheEnabled=false, rotatable=false, mobileEmulationEnabled=false, networkConnectionEnabled=false, chrome={chromedriverVersion=2.40.565498 (ea082db3280dd6843ebfb08a625e3eb905c4f5ab), userDataDir=C:\Users\NIKILK~1\AppData\Local\Temp\scoped_dir13332_9007}, takesHeapSnapshot=true, pageLoadStrategy=normal, databaseEnabled=false, handlesAlerts=true, hasTouchScreen=false, version=67.0.3396.99, platform=WIN8_1, browserConnectionEnabled=false, nativeEvents=true, acceptSslCerts=false, acceptInsecureCerts=false, locationContextEnabled=true, webStorageEnabled=true, browserName=chrome, takesScreenshot=true, javascriptEnabled=true, cssSelectorsEnabled=true, setWindowRect=true, unexpectedAlertBehaviour=}]
Session ID: 0310d83ee2a38065a6f344275d2497a3
Exception occured: org.openqa.selenium.TimeoutException: timeout
  (Session info: chrome=67.0.3396.99)
  (Driver info: chromedriver=2.40.565498 (ea082db3280dd6843ebfb08a625e3eb905c4f5ab),platform=Windows NT 6.3.9600 x86_64) (WARNING: The server did not provide any stacktrace information)
Command duration or timeout: 10.01 seconds
Build info: version: &apos;2.53.0&apos;, revision: &apos;35ae25b1534ae328c771e0856c93e187490ca824&apos;, time: &apos;2016-03-15 10:43:46&apos;
System info: host: &apos;Nikil&apos;, ip: &apos;192.168.254.4&apos;, os.name: &apos;Windows 8.1&apos;, os.arch: &apos;amd64&apos;, os.version: &apos;6.3&apos;, java.version: &apos;1.8.0_131&apos;
Driver info: org.openqa.selenium.chrome.ChromeDriver
Capabilities [{applicationCacheEnabled=false, rotatable=false, mobileEmulationEnabled=false, networkConnectionEnabled=false, chrome={chromedriverVersion=2.40.565498 (ea082db3280dd6843ebfb08a625e3eb905c4f5ab), userDataDir=C:\Users\NIKILK~1\AppData\Local\Temp\scoped_dir13332_9007}, takesHeapSnapshot=true, pageLoadStrategy=normal, databaseEnabled=false, handlesAlerts=true, hasTouchScreen=false, version=67.0.3396.99, platform=WIN8_1, browserConnectionEnabled=false, nativeEvents=true, acceptSslCerts=false, acceptInsecureCerts=false, locationContextEnabled=true, webStorageEnabled=true, browserName=chrome, takesScreenshot=true, javascriptEnabled=true, cssSelectorsEnabled=true, setWindowRect=true, unexpectedAlertBehaviour=}]
Session ID: 0310d83ee2a38065a6f344275d2497a3
Exception occured: org.openqa.selenium.TimeoutException: timeout
  (Session info: chrome=67.0.3396.99)
  (Driver info: chromedriver=2.40.565498 (ea082db3280dd6843ebfb08a625e3eb905c4f5ab),platform=Windows NT 6.3.9600 x86_64) (WARNING: The server did not provide any stacktrace information)
Command duration or timeout: 10.01 seconds
Build info: version: &apos;2.53.0&apos;, revision: &apos;35ae25b1534ae328c771e0856c93e187490ca824&apos;, time: &apos;2016-03-15 10:43:46&apos;
System info: host: &apos;Nikil&apos;, ip: &apos;192.168.254.4&apos;, os.name: &apos;Windows 8.1&apos;, os.arch: &apos;amd64&apos;, os.version: &apos;6.3&apos;, java.version: &apos;1.8.0_131&apos;
Driver info: org.openqa.selenium.chrome.ChromeDriver
Capabilities [{applicationCacheEnabled=false, rotatable=false, mobileEmulationEnabled=false, networkConnectionEnabled=false, chrome={chromedriverVersion=2.40.565498 (ea082db3280dd6843ebfb08a625e3eb905c4f5ab), userDataDir=C:\Users\NIKILK~1\AppData\Local\Temp\scoped_dir13332_9007}, takesHeapSnapshot=true, pageLoadStrategy=normal, databaseEnabled=false, handlesAlerts=true, hasTouchScreen=false, version=67.0.3396.99, platform=WIN8_1, browserConnectionEnabled=false, nativeEvents=true, acceptSslCerts=false, acceptInsecureCerts=false, locationContextEnabled=true, webStorageEnabled=true, browserName=chrome, takesScreenshot=true, javascriptEnabled=true, cssSelectorsEnabled=true, setWindowRect=true, unexpectedAlertBehaviour=}]
Session ID: 0310d83ee2a38065a6f344275d2497a3
Exception occured: org.openqa.selenium.TimeoutException: timeout
  (Session info: chrome=67.0.3396.99)
  (Driver info: chromedriver=2.40.565498 (ea082db3280dd6843ebfb08a625e3eb905c4f5ab),platform=Windows NT 6.3.9600 x86_64) (WARNING: The server did not provide any stacktrace information)
Command duration or timeout: 10.01 seconds
Build info: version: &apos;2.53.0&apos;, revision: &apos;35ae25b1534ae328c771e0856c93e187490ca824&apos;, time: &apos;2016-03-15 10:43:46&apos;
System info: host: &apos;Nikil&apos;, ip: &apos;192.168.254.4&apos;, os.name: &apos;Windows 8.1&apos;, os.arch: &apos;amd64&apos;, os.version: &apos;6.3&apos;, java.version: &apos;1.8.0_131&apos;
Driver info: org.openqa.selenium.chrome.ChromeDriver
Capabilities [{applicationCacheEnabled=false, rotatable=false, mobileEmulationEnabled=false, networkConnectionEnabled=false, chrome={chromedriverVersion=2.40.565498 (ea082db3280dd6843ebfb08a625e3eb905c4f5ab), userDataDir=C:\Users\NIKILK~1\AppData\Local\Temp\scoped_dir13332_9007}, takesHeapSnapshot=true, pageLoadStrategy=normal, databaseEnabled=false, handlesAlerts=true, hasTouchScreen=false, version=67.0.3396.99, platform=WIN8_1, browserConnectionEnabled=false, nativeEvents=true, acceptSslCerts=false, acceptInsecureCerts=false, locationContextEnabled=true, webStorageEnabled=true, browserName=chrome, takesScreenshot=true, javascriptEnabled=true, cssSelectorsEnabled=true, setWindowRect=true, unexpectedAlertBehaviour=}]
Session ID: 0310d83ee2a38065a6f344275d2497a3
Exception occured: org.openqa.selenium.TimeoutException: timeout
  (Session info: chrome=67.0.3396.99)
  (Driver info: chromedriver=2.40.565498 (ea082db3280dd6843ebfb08a625e3eb905c4f5ab),platform=Windows NT 6.3.9600 x86_64) (WARNING: The server did not provide any stacktrace information)
Command duration or timeout: 10.01 seconds
Build info: version: &apos;2.53.0&apos;, revision: &apos;35ae25b1534ae328c771e0856c93e187490ca824&apos;, time: &apos;2016-03-15 10:43:46&apos;
System info: host: &apos;Nikil&apos;, ip: &apos;192.168.254.4&apos;, os.name: &apos;Windows 8.1&apos;, os.arch: &apos;amd64&apos;, os.version: &apos;6.3&apos;, java.version: &apos;1.8.0_131&apos;
Driver info: org.openqa.selenium.chrome.ChromeDriver
Capabilities [{applicationCacheEnabled=false, rotatable=false, mobileEmulationEnabled=false, networkConnectionEnabled=false, chrome={chromedriverVersion=2.40.565498 (ea082db3280dd6843ebfb08a625e3eb905c4f5ab), userDataDir=C:\Users\NIKILK~1\AppData\Local\Temp\scoped_dir13332_9007}, takesHeapSnapshot=true, pageLoadStrategy=normal, databaseEnabled=false, handlesAlerts=true, hasTouchScreen=false, version=67.0.3396.99, platform=WIN8_1, browserConnectionEnabled=false, nativeEvents=true, acceptSslCerts=false, acceptInsecureCerts=false, locationContextEnabled=true, webStorageEnabled=true, browserName=chrome, takesScreenshot=true, javascriptEnabled=true, cssSelectorsEnabled=true, setWindowRect=true, unexpectedAlertBehaviour=}]
Session ID: 0310d83ee2a38065a6f344275d2497a3
Exception occured: org.openqa.selenium.TimeoutException: timeout
  (Session info: chrome=67.0.3396.99)
  (Driver info: chromedriver=2.40.565498 (ea082db3280dd6843ebfb08a625e3eb905c4f5ab),platform=Windows NT 6.3.9600 x86_64) (WARNING: The server did not provide any stacktrace information)
Command duration or timeout: 10.01 seconds
Build info: version: &apos;2.53.0&apos;, revision: &apos;35ae25b1534ae328c771e0856c93e187490ca824&apos;, time: &apos;2016-03-15 10:43:46&apos;
System info: host: &apos;Nikil&apos;, ip: &apos;192.168.254.4&apos;, os.name: &apos;Windows 8.1&apos;, os.arch: &apos;amd64&apos;, os.version: &apos;6.3&apos;, java.version: &apos;1.8.0_131&apos;
Driver info: org.openqa.selenium.chrome.ChromeDriver
Capabilities [{applicationCacheEnabled=false, rotatable=false, mobileEmulationEnabled=false, networkConnectionEnabled=false, chrome={chromedriverVersion=2.40.565498 (ea082db3280dd6843ebfb08a625e3eb905c4f5ab), userDataDir=C:\Users\NIKILK~1\AppData\Local\Temp\scoped_dir13332_9007}, takesHeapSnapshot=true, pageLoadStrategy=normal, databaseEnabled=false, handlesAlerts=true, hasTouchScreen=false, version=67.0.3396.99, platform=WIN8_1, browserConnectionEnabled=false, nativeEvents=true, acceptSslCerts=false, acceptInsecureCerts=false, locationContextEnabled=true, webStorageEnabled=true, browserName=chrome, takesScreenshot=true, javascriptEnabled=true, cssSelectorsEnabled=true, setWindowRect=true, unexpectedAlertBehaviour=}]
Session ID: 0310d83ee2a38065a6f344275d2497a3
Exception occured: org.openqa.selenium.TimeoutException: timeout
  (Session info: chrome=67.0.3396.99)
  (Driver info: chromedriver=2.40.565498 (ea082db3280dd6843ebfb08a625e3eb905c4f5ab),platform=Windows NT 6.3.9600 x86_64) (WARNING: The server did not provide any stacktrace information)
Command duration or timeout: 10.01 seconds
Build info: version: &apos;2.53.0&apos;, revision: &apos;35ae25b1534ae328c771e0856c93e187490ca824&apos;, time: &apos;2016-03-15 10:43:46&apos;
System info: host: &apos;Nikil&apos;, ip: &apos;192.168.254.4&apos;, os.name: &apos;Windows 8.1&apos;, os.arch: &apos;amd64&apos;, os.version: &apos;6.3&apos;, java.version: &apos;1.8.0_131&apos;
Driver info: org.openqa.selenium.chrome.ChromeDriver
Capabilities [{applicationCacheEnabled=false, rotatable=false, mobileEmulationEnabled=false, networkConnectionEnabled=false, chrome={chromedriverVersion=2.40.565498 (ea082db3280dd6843ebfb08a625e3eb905c4f5ab), userDataDir=C:\Users\NIKILK~1\AppData\Local\Temp\scoped_dir13332_9007}, takesHeapSnapshot=true, pageLoadStrategy=normal, databaseEnabled=false, handlesAlerts=true, hasTouchScreen=false, version=67.0.3396.99, platform=WIN8_1, browserConnectionEnabled=false, nativeEvents=true, acceptSslCerts=false, acceptInsecureCerts=false, locationContextEnabled=true, webStorageEnabled=true, browserName=chrome, takesScreenshot=true, javascriptEnabled=true, cssSelectorsEnabled=true, setWindowRect=true, unexpectedAlertBehaviour=}]
Session ID: 0310d83ee2a38065a6f344275d2497a3
Exception occured: org.openqa.selenium.TimeoutException: timeout
  (Session info: chrome=67.0.3396.99)
  (Driver info: chromedriver=2.40.565498 (ea082db3280dd6843ebfb08a625e3eb905c4f5ab),platform=Windows NT 6.3.9600 x86_64) (WARNING: The server did not provide any stacktrace information)
Command duration or timeout: 10.01 seconds
Build info: version: &apos;2.53.0&apos;, revision: &apos;35ae25b1534ae328c771e0856c93e187490ca824&apos;, time: &apos;2016-03-15 10:43:46&apos;
System info: host: &apos;Nikil&apos;, ip: &apos;192.168.254.4&apos;, os.name: &apos;Windows 8.1&apos;, os.arch: &apos;amd64&apos;, os.version: &apos;6.3&apos;, java.version: &apos;1.8.0_131&apos;
Driver info: org.openqa.selenium.chrome.ChromeDriver
Capabilities [{applicationCacheEnabled=false, rotatable=false, mobileEmulationEnabled=false, networkConnectionEnabled=false, chrome={chromedriverVersion=2.40.565498 (ea082db3280dd6843ebfb08a625e3eb905c4f5ab), userDataDir=C:\Users\NIKILK~1\AppData\Local\Temp\scoped_dir13332_9007}, takesHeapSnapshot=true, pageLoadStrategy=normal, databaseEnabled=false, handlesAlerts=true, hasTouchScreen=false, version=67.0.3396.99, platform=WIN8_1, browserConnectionEnabled=false, nativeEvents=true, acceptSslCerts=false, acceptInsecureCerts=false, locationContextEnabled=true, webStorageEnabled=true, browserName=chrome, takesScreenshot=true, javascriptEnabled=true, cssSelectorsEnabled=true, setWindowRect=true, unexpectedAlertBehaviour=}]
Session ID: 0310d83ee2a38065a6f344275d2497a3
Exception occured: org.openqa.selenium.TimeoutException: timeout
  (Session info: chrome=67.0.3396.99)
  (Driver info: chromedriver=2.40.565498 (ea082db3280dd6843ebfb08a625e3eb905c4f5ab),platform=Windows NT 6.3.9600 x86_64) (WARNING: The server did not provide any stacktrace information)
Command duration or timeout: 10.01 seconds
Build info: version: &apos;2.53.0&apos;, revision: &apos;35ae25b1534ae328c771e0856c93e187490ca824&apos;, time: &apos;2016-03-15 10:43:46&apos;
System info: host: &apos;Nikil&apos;, ip: &apos;192.168.254.4&apos;, os.name: &apos;Windows 8.1&apos;, os.arch: &apos;amd64&apos;, os.version: &apos;6.3&apos;, java.version: &apos;1.8.0_131&apos;
Driver info: org.openqa.selenium.chrome.ChromeDriver
Capabilities [{applicationCacheEnabled=false, rotatable=false, mobileEmulationEnabled=false, networkConnectionEnabled=false, chrome={chromedriverVersion=2.40.565498 (ea082db3280dd6843ebfb08a625e3eb905c4f5ab), userDataDir=C:\Users\NIKILK~1\AppData\Local\Temp\scoped_dir13332_9007}, takesHeapSnapshot=true, pageLoadStrategy=normal, databaseEnabled=false, handlesAlerts=true, hasTouchScreen=false, version=67.0.3396.99, platform=WIN8_1, browserConnectionEnabled=false, nativeEvents=true, acceptSslCerts=false, acceptInsecureCerts=false, locationContextEnabled=true, webStorageEnabled=true, browserName=chrome, takesScreenshot=true, javascriptEnabled=true, cssSelectorsEnabled=true, setWindowRect=true, unexpectedAlertBehaviour=}]
Session ID: 0310d83ee2a38065a6f344275d2497a3
Exception occured: org.openqa.selenium.TimeoutException: timeout
  (Session info: chrome=67.0.3396.99)
  (Driver info: chromedriver=2.40.565498 (ea082db3280dd6843ebfb08a625e3eb905c4f5ab),platform=Windows NT 6.3.9600 x86_64) (WARNING: The server did not provide any stacktrace information)
Command duration or timeout: 10.01 seconds
Build info: version: &apos;2.53.0&apos;, revision: &apos;35ae25b1534ae328c771e0856c93e187490ca824&apos;, time: &apos;2016-03-15 10:43:46&apos;
System info: host: &apos;Nikil&apos;, ip: &apos;192.168.254.4&apos;, os.name: &apos;Windows 8.1&apos;, os.arch: &apos;amd64&apos;, os.version: &apos;6.3&apos;, java.version: &apos;1.8.0_131&apos;
Driver info: org.openqa.selenium.chrome.ChromeDriver
Capabilities [{applicationCacheEnabled=false, rotatable=false, mobileEmulationEnabled=false, networkConnectionEnabled=false, chrome={chromedriverVersion=2.40.565498 (ea082db3280dd6843ebfb08a625e3eb905c4f5ab), userDataDir=C:\Users\NIKILK~1\AppData\Local\Temp\scoped_dir13332_9007}, takesHeapSnapshot=true, pageLoadStrategy=normal, databaseEnabled=false, handlesAlerts=true, hasTouchScreen=false, version=67.0.3396.99, platform=WIN8_1, browserConnectionEnabled=false, nativeEvents=true, acceptSslCerts=false, acceptInsecureCerts=false, locationContextEnabled=true, webStorageEnabled=true, browserName=chrome, takesScreenshot=true, javascriptEnabled=true, cssSelectorsEnabled=true, setWindowRect=true, unexpectedAlertBehaviour=}]
Session ID: 0310d83ee2a38065a6f344275d2497a3
Exception occured: org.openqa.selenium.TimeoutException: timeout
  (Session info: chrome=67.0.3396.99)
  (Driver info: chromedriver=2.40.565498 (ea082db3280dd6843ebfb08a625e3eb905c4f5ab),platform=Windows NT 6.3.9600 x86_64) (WARNING: The server did not provide any stacktrace information)
Command duration or timeout: 10.01 seconds
Build info: version: &apos;2.53.0&apos;, revision: &apos;35ae25b1534ae328c771e0856c93e187490ca824&apos;, time: &apos;2016-03-15 10:43:46&apos;
System info: host: &apos;Nikil&apos;, ip: &apos;192.168.254.4&apos;, os.name: &apos;Windows 8.1&apos;, os.arch: &apos;amd64&apos;, os.version: &apos;6.3&apos;, java.version: &apos;1.8.0_131&apos;
Driver info: org.openqa.selenium.chrome.ChromeDriver
Capabilities [{applicationCacheEnabled=false, rotatable=false, mobileEmulationEnabled=false, networkConnectionEnabled=false, chrome={chromedriverVersion=2.40.565498 (ea082db3280dd6843ebfb08a625e3eb905c4f5ab), userDataDir=C:\Users\NIKILK~1\AppData\Local\Temp\scoped_dir13332_9007}, takesHeapSnapshot=true, pageLoadStrategy=normal, databaseEnabled=false, handlesAlerts=true, hasTouchScreen=false, version=67.0.3396.99, platform=WIN8_1, browserConnectionEnabled=false, nativeEvents=true, acceptSslCerts=false, acceptInsecureCerts=false, locationContextEnabled=true, webStorageEnabled=true, browserName=chrome, takesScreenshot=true, javascriptEnabled=true, cssSelectorsEnabled=true, setWindowRect=true, unexpectedAlertBehaviour=}]
Session ID: 0310d83ee2a38065a6f344275d2497a3
Exception occured: org.openqa.selenium.TimeoutException: timeout
  (Session info: chrome=67.0.3396.99)
  (Driver info: chromedriver=2.40.565498 (ea082db3280dd6843ebfb08a625e3eb905c4f5ab),platform=Windows NT 6.3.9600 x86_64) (WARNING: The server did not provide any stacktrace information)
Command duration or timeout: 10.01 seconds
Build info: version: &apos;2.53.0&apos;, revision: &apos;35ae25b1534ae328c771e0856c93e187490ca824&apos;, time: &apos;2016-03-15 10:43:46&apos;
System info: host: &apos;Nikil&apos;, ip: &apos;192.168.254.4&apos;, os.name: &apos;Windows 8.1&apos;, os.arch: &apos;amd64&apos;, os.version: &apos;6.3&apos;, java.version: &apos;1.8.0_131&apos;
Driver info: org.openqa.selenium.chrome.ChromeDriver
Capabilities [{applicationCacheEnabled=false, rotatable=false, mobileEmulationEnabled=false, networkConnectionEnabled=false, chrome={chromedriverVersion=2.40.565498 (ea082db3280dd6843ebfb08a625e3eb905c4f5ab), userDataDir=C:\Users\NIKILK~1\AppData\Local\Temp\scoped_dir13332_9007}, takesHeapSnapshot=true, pageLoadStrategy=normal, databaseEnabled=false, handlesAlerts=true, hasTouchScreen=false, version=67.0.3396.99, platform=WIN8_1, browserConnectionEnabled=false, nativeEvents=true, acceptSslCerts=false, acceptInsecureCerts=false, locationContextEnabled=true, webStorageEnabled=true, browserName=chrome, takesScreenshot=true, javascriptEnabled=true, cssSelectorsEnabled=true, setWindowRect=true, unexpectedAlertBehaviour=}]
Session ID: 0310d83ee2a38065a6f344275d2497a3
Exception occured: org.openqa.selenium.TimeoutException: timeout
  (Session info: chrome=67.0.3396.99)
  (Driver info: chromedriver=2.40.565498 (ea082db3280dd6843ebfb08a625e3eb905c4f5ab),platform=Windows NT 6.3.9600 x86_64) (WARNING: The server did not provide any stacktrace information)
Command duration or timeout: 10.01 seconds
Build info: version: &apos;2.53.0&apos;, revision: &apos;35ae25b1534ae328c771e0856c93e187490ca824&apos;, time: &apos;2016-03-15 10:43:46&apos;
System info: host: &apos;Nikil&apos;, ip: &apos;192.168.254.4&apos;, os.name: &apos;Windows 8.1&apos;, os.arch: &apos;amd64&apos;, os.version: &apos;6.3&apos;, java.version: &apos;1.8.0_131&apos;
Driver info: org.openqa.selenium.chrome.ChromeDriver
Capabilities [{applicationCacheEnabled=false, rotatable=false, mobileEmulationEnabled=false, networkConnectionEnabled=false, chrome={chromedriverVersion=2.40.565498 (ea082db3280dd6843ebfb08a625e3eb905c4f5ab), userDataDir=C:\Users\NIKILK~1\AppData\Local\Temp\scoped_dir13332_9007}, takesHeapSnapshot=true, pageLoadStrategy=normal, databaseEnabled=false, handlesAlerts=true, hasTouchScreen=false, version=67.0.3396.99, platform=WIN8_1, browserConnectionEnabled=false, nativeEvents=true, acceptSslCerts=false, acceptInsecureCerts=false, locationContextEnabled=true, webStorageEnabled=true, browserName=chrome, takesScreenshot=true, javascriptEnabled=true, cssSelectorsEnabled=true, setWindowRect=true, unexpectedAlertBehaviour=}]
Session ID: 0310d83ee2a38065a6f344275d2497a3
Exception occured: org.openqa.selenium.TimeoutException: timeout
  (Session info: chrome=67.0.3396.99)
  (Driver info: chromedriver=2.40.565498 (ea082db3280dd6843ebfb08a625e3eb905c4f5ab),platform=Windows NT 6.3.9600 x86_64) (WARNING: The server did not provide any stacktrace information)
Command duration or timeout: 10.01 seconds
Build info: version: &apos;2.53.0&apos;, revision: &apos;35ae25b1534ae328c771e0856c93e187490ca824&apos;, time: &apos;2016-03-15 10:43:46&apos;
System info: host: &apos;Nikil&apos;, ip: &apos;192.168.254.4&apos;, os.name: &apos;Windows 8.1&apos;, os.arch: &apos;amd64&apos;, os.version: &apos;6.3&apos;, java.version: &apos;1.8.0_131&apos;
Driver info: org.openqa.selenium.chrome.ChromeDriver
Capabilities [{applicationCacheEnabled=false, rotatable=false, mobileEmulationEnabled=false, networkConnectionEnabled=false, chrome={chromedriverVersion=2.40.565498 (ea082db3280dd6843ebfb08a625e3eb905c4f5ab), userDataDir=C:\Users\NIKILK~1\AppData\Local\Temp\scoped_dir13332_9007}, takesHeapSnapshot=true, pageLoadStrategy=normal, databaseEnabled=false, handlesAlerts=true, hasTouchScreen=false, version=67.0.3396.99, platform=WIN8_1, browserConnectionEnabled=false, nativeEvents=true, acceptSslCerts=false, acceptInsecureCerts=false, locationContextEnabled=true, webStorageEnabled=true, browserName=chrome, takesScreenshot=true, javascriptEnabled=true, cssSelectorsEnabled=true, setWindowRect=true, unexpectedAlertBehaviour=}]
Session ID: 0310d83ee2a38065a6f344275d2497a3
Exception occured: org.openqa.selenium.TimeoutException: timeout
  (Session info: chrome=67.0.3396.99)
  (Driver info: chromedriver=2.40.565498 (ea082db3280dd6843ebfb08a625e3eb905c4f5ab),platform=Windows NT 6.3.9600 x86_64) (WARNING: The server did not provide any stacktrace information)
Command duration or timeout: 10.02 seconds
Build info: version: &apos;2.53.0&apos;, revision: &apos;35ae25b1534ae328c771e0856c93e187490ca824&apos;, time: &apos;2016-03-15 10:43:46&apos;
System info: host: &apos;Nikil&apos;, ip: &apos;192.168.254.4&apos;, os.name: &apos;Windows 8.1&apos;, os.arch: &apos;amd64&apos;, os.version: &apos;6.3&apos;, java.version: &apos;1.8.0_131&apos;
Driver info: org.openqa.selenium.chrome.ChromeDriver
Capabilities [{applicationCacheEnabled=false, rotatable=false, mobileEmulationEnabled=false, networkConnectionEnabled=false, chrome={chromedriverVersion=2.40.565498 (ea082db3280dd6843ebfb08a625e3eb905c4f5ab), userDataDir=C:\Users\NIKILK~1\AppData\Local\Temp\scoped_dir13332_9007}, takesHeapSnapshot=true, pageLoadStrategy=normal, databaseEnabled=false, handlesAlerts=true, hasTouchScreen=false, version=67.0.3396.99, platform=WIN8_1, browserConnectionEnabled=false, nativeEvents=true, acceptSslCerts=false, acceptInsecureCerts=false, locationContextEnabled=true, webStorageEnabled=true, browserName=chrome, takesScreenshot=true, javascriptEnabled=true, cssSelectorsEnabled=true, setWindowRect=true, unexpectedAlertBehaviour=}]
Session ID: 0310d83ee2a38065a6f344275d2497a3
Exception occured: org.openqa.selenium.TimeoutException: timeout
  (Session info: chrome=67.0.3396.99)
  (Driver info: chromedriver=2.40.565498 (ea082db3280dd6843ebfb08a625e3eb905c4f5ab),platform=Windows NT 6.3.9600 x86_64) (WARNING: The server did not provide any stacktrace information)
Command duration or timeout: 10.01 seconds
Build info: version: &apos;2.53.0&apos;, revision: &apos;35ae25b1534ae328c771e0856c93e187490ca824&apos;, time: &apos;2016-03-15 10:43:46&apos;
System info: host: &apos;Nikil&apos;, ip: &apos;192.168.254.4&apos;, os.name: &apos;Windows 8.1&apos;, os.arch: &apos;amd64&apos;, os.version: &apos;6.3&apos;, java.version: &apos;1.8.0_131&apos;
Driver info: org.openqa.selenium.chrome.ChromeDriver
Capabilities [{applicationCacheEnabled=false, rotatable=false, mobileEmulationEnabled=false, networkConnectionEnabled=false, chrome={chromedriverVersion=2.40.565498 (ea082db3280dd6843ebfb08a625e3eb905c4f5ab), userDataDir=C:\Users\NIKILK~1\AppData\Local\Temp\scoped_dir13332_9007}, takesHeapSnapshot=true, pageLoadStrategy=normal, databaseEnabled=false, handlesAlerts=true, hasTouchScreen=false, version=67.0.3396.99, platform=WIN8_1, browserConnectionEnabled=false, nativeEvents=true, acceptSslCerts=false, acceptInsecureCerts=false, locationContextEnabled=true, webStorageEnabled=true, browserName=chrome, takesScreenshot=true, javascriptEnabled=true, cssSelectorsEnabled=true, setWindowRect=true, unexpectedAlertBehaviour=}]
Session ID: 0310d83ee2a38065a6f344275d2497a3
Exception occured: org.openqa.selenium.TimeoutException: timeout
  (Session info: chrome=67.0.3396.99)
  (Driver info: chromedriver=2.40.565498 (ea082db3280dd6843ebfb08a625e3eb905c4f5ab),platform=Windows NT 6.3.9600 x86_64) (WARNING: The server did not provide any stacktrace information)
Command duration or timeout: 10.01 seconds
Build info: version: &apos;2.53.0&apos;, revision: &apos;35ae25b1534ae328c771e0856c93e187490ca824&apos;, time: &apos;2016-03-15 10:43:46&apos;
System info: host: &apos;Nikil&apos;, ip: &apos;192.168.254.4&apos;, os.name: &apos;Windows 8.1&apos;, os.arch: &apos;amd64&apos;, os.version: &apos;6.3&apos;, java.version: &apos;1.8.0_131&apos;
Driver info: org.openqa.selenium.chrome.ChromeDriver
Capabilities [{applicationCacheEnabled=false, rotatable=false, mobileEmulationEnabled=false, networkConnectionEnabled=false, chrome={chromedriverVersion=2.40.565498 (ea082db3280dd6843ebfb08a625e3eb905c4f5ab), userDataDir=C:\Users\NIKILK~1\AppData\Local\Temp\scoped_dir13332_9007}, takesHeapSnapshot=true, pageLoadStrategy=normal, databaseEnabled=false, handlesAlerts=true, hasTouchScreen=false, version=67.0.3396.99, platform=WIN8_1, browserConnectionEnabled=false, nativeEvents=true, acceptSslCerts=false, acceptInsecureCerts=false, locationContextEnabled=true, webStorageEnabled=true, browserName=chrome, takesScreenshot=true, javascriptEnabled=true, cssSelectorsEnabled=true, setWindowRect=true, unexpectedAlertBehaviour=}]
Session ID: 0310d83ee2a38065a6f344275d2497a3
Exception occured: org.openqa.selenium.TimeoutException: timeout
  (Session info: chrome=67.0.3396.99)
  (Driver info: chromedriver=2.40.565498 (ea082db3280dd6843ebfb08a625e3eb905c4f5ab),platform=Windows NT 6.3.9600 x86_64) (WARNING: The server did not provide any stacktrace information)
Command duration or timeout: 10.01 seconds
Build info: version: &apos;2.53.0&apos;, revision: &apos;35ae25b1534ae328c771e0856c93e187490ca824&apos;, time: &apos;2016-03-15 10:43:46&apos;
System info: host: &apos;Nikil&apos;, ip: &apos;192.168.254.4&apos;, os.name: &apos;Windows 8.1&apos;, os.arch: &apos;amd64&apos;, os.version: &apos;6.3&apos;, java.version: &apos;1.8.0_131&apos;
Driver info: org.openqa.selenium.chrome.ChromeDriver
Capabilities [{applicationCacheEnabled=false, rotatable=false, mobileEmulationEnabled=false, networkConnectionEnabled=false, chrome={chromedriverVersion=2.40.565498 (ea082db3280dd6843ebfb08a625e3eb905c4f5ab), userDataDir=C:\Users\NIKILK~1\AppData\Local\Temp\scoped_dir13332_9007}, takesHeapSnapshot=true, pageLoadStrategy=normal, databaseEnabled=false, handlesAlerts=true, hasTouchScreen=false, version=67.0.3396.99, platform=WIN8_1, browserConnectionEnabled=false, nativeEvents=true, acceptSslCerts=false, acceptInsecureCerts=false, locationContextEnabled=true, webStorageEnabled=true, browserName=chrome, takesScreenshot=true, javascriptEnabled=true, cssSelectorsEnabled=true, setWindowRect=true, unexpectedAlertBehaviour=}]
Session ID: 0310d83ee2a38065a6f344275d2497a3
Exception occured: org.openqa.selenium.TimeoutException: timeout
  (Session info: chrome=67.0.3396.99)
  (Driver info: chromedriver=2.40.565498 (ea082db3280dd6843ebfb08a625e3eb905c4f5ab),platform=Windows NT 6.3.9600 x86_64) (WARNING: The server did not provide any stacktrace information)
Command duration or timeout: 10.01 seconds
Build info: version: &apos;2.53.0&apos;, revision: &apos;35ae25b1534ae328c771e0856c93e187490ca824&apos;, time: &apos;2016-03-15 10:43:46&apos;
System info: host: &apos;Nikil&apos;, ip: &apos;192.168.254.4&apos;, os.name: &apos;Windows 8.1&apos;, os.arch: &apos;amd64&apos;, os.version: &apos;6.3&apos;, java.version: &apos;1.8.0_131&apos;
Driver info: org.openqa.selenium.chrome.ChromeDriver
Capabilities [{applicationCacheEnabled=false, rotatable=false, mobileEmulationEnabled=false, networkConnectionEnabled=false, chrome={chromedriverVersion=2.40.565498 (ea082db3280dd6843ebfb08a625e3eb905c4f5ab), userDataDir=C:\Users\NIKILK~1\AppData\Local\Temp\scoped_dir13332_9007}, takesHeapSnapshot=true, pageLoadStrategy=normal, databaseEnabled=false, handlesAlerts=true, hasTouchScreen=false, version=67.0.3396.99, platform=WIN8_1, browserConnectionEnabled=false, nativeEvents=true, acceptSslCerts=false, acceptInsecureCerts=false, locationContextEnabled=true, webStorageEnabled=true, browserName=chrome, takesScreenshot=true, javascriptEnabled=true, cssSelectorsEnabled=true, setWindowRect=true, unexpectedAlertBehaviour=}]
Session ID: 0310d83ee2a38065a6f344275d2497a3
Exception occured: org.openqa.selenium.TimeoutException: timeout
  (Session info: chrome=67.0.3396.99)
  (Driver info: chromedriver=2.40.565498 (ea082db3280dd6843ebfb08a625e3eb905c4f5ab),platform=Windows NT 6.3.9600 x86_64) (WARNING: The server did not provide any stacktrace information)
Command duration or timeout: 10.01 seconds
Build info: version: &apos;2.53.0&apos;, revision: &apos;35ae25b1534ae328c771e0856c93e187490ca824&apos;, time: &apos;2016-03-15 10:43:46&apos;
System info: host: &apos;Nikil&apos;, ip: &apos;192.168.254.4&apos;, os.name: &apos;Windows 8.1&apos;, os.arch: &apos;amd64&apos;, os.version: &apos;6.3&apos;, java.version: &apos;1.8.0_131&apos;
Driver info: org.openqa.selenium.chrome.ChromeDriver
Capabilities [{applicationCacheEnabled=false, rotatable=false, mobileEmulationEnabled=false, networkConnectionEnabled=false, chrome={chromedriverVersion=2.40.565498 (ea082db3280dd6843ebfb08a625e3eb905c4f5ab), userDataDir=C:\Users\NIKILK~1\AppData\Local\Temp\scoped_dir13332_9007}, takesHeapSnapshot=true, pageLoadStrategy=normal, databaseEnabled=false, handlesAlerts=true, hasTouchScreen=false, version=67.0.3396.99, platform=WIN8_1, browserConnectionEnabled=false, nativeEvents=true, acceptSslCerts=false, acceptInsecureCerts=false, locationContextEnabled=true, webStorageEnabled=true, browserName=chrome, takesScreenshot=true, javascriptEnabled=true, cssSelectorsEnabled=true, setWindowRect=true, unexpectedAlertBehaviour=}]
Session ID: 0310d83ee2a38065a6f344275d2497a3
Exception occured: org.openqa.selenium.TimeoutException: timeout
  (Session info: chrome=67.0.3396.99)
  (Driver info: chromedriver=2.40.565498 (ea082db3280dd6843ebfb08a625e3eb905c4f5ab),platform=Windows NT 6.3.9600 x86_64) (WARNING: The server did not provide any stacktrace information)
Command duration or timeout: 10.01 seconds
Build info: version: &apos;2.53.0&apos;, revision: &apos;35ae25b1534ae328c771e0856c93e187490ca824&apos;, time: &apos;2016-03-15 10:43:46&apos;
System info: host: &apos;Nikil&apos;, ip: &apos;192.168.254.4&apos;, os.name: &apos;Windows 8.1&apos;, os.arch: &apos;amd64&apos;, os.version: &apos;6.3&apos;, java.version: &apos;1.8.0_131&apos;
Driver info: org.openqa.selenium.chrome.ChromeDriver
Capabilities [{applicationCacheEnabled=false, rotatable=false, mobileEmulationEnabled=false, networkConnectionEnabled=false, chrome={chromedriverVersion=2.40.565498 (ea082db3280dd6843ebfb08a625e3eb905c4f5ab), userDataDir=C:\Users\NIKILK~1\AppData\Local\Temp\scoped_dir13332_9007}, takesHeapSnapshot=true, pageLoadStrategy=normal, databaseEnabled=false, handlesAlerts=true, hasTouchScreen=false, version=67.0.3396.99, platform=WIN8_1, browserConnectionEnabled=false, nativeEvents=true, acceptSslCerts=false, acceptInsecureCerts=false, locationContextEnabled=true, webStorageEnabled=true, browserName=chrome, takesScreenshot=true, javascriptEnabled=true, cssSelectorsEnabled=true, setWindowRect=true, unexpectedAlertBehaviour=}]
Session ID: 0310d83ee2a38065a6f344275d2497a3
Exception occured: org.openqa.selenium.TimeoutException: timeout
  (Session info: chrome=67.0.3396.99)
  (Driver info: chromedriver=2.40.565498 (ea082db3280dd6843ebfb08a625e3eb905c4f5ab),platform=Windows NT 6.3.9600 x86_64) (WARNING: The server did not provide any stacktrace information)
Command duration or timeout: 10.01 seconds
Build info: version: &apos;2.53.0&apos;, revision: &apos;35ae25b1534ae328c771e0856c93e187490ca824&apos;, time: &apos;2016-03-15 10:43:46&apos;
System info: host: &apos;Nikil&apos;, ip: &apos;192.168.254.4&apos;, os.name: &apos;Windows 8.1&apos;, os.arch: &apos;amd64&apos;, os.version: &apos;6.3&apos;, java.version: &apos;1.8.0_131&apos;
Driver info: org.openqa.selenium.chrome.ChromeDriver
Capabilities [{applicationCacheEnabled=false, rotatable=false, mobileEmulationEnabled=false, networkConnectionEnabled=false, chrome={chromedriverVersion=2.40.565498 (ea082db3280dd6843ebfb08a625e3eb905c4f5ab), userDataDir=C:\Users\NIKILK~1\AppData\Local\Temp\scoped_dir13332_9007}, takesHeapSnapshot=true, pageLoadStrategy=normal, databaseEnabled=false, handlesAlerts=true, hasTouchScreen=false, version=67.0.3396.99, platform=WIN8_1, browserConnectionEnabled=false, nativeEvents=true, acceptSslCerts=false, acceptInsecureCerts=false, locationContextEnabled=true, webStorageEnabled=true, browserName=chrome, takesScreenshot=true, javascriptEnabled=true, cssSelectorsEnabled=true, setWindowRect=true, unexpectedAlertBehaviour=}]
Session ID: 0310d83ee2a38065a6f344275d2497a3
Exception occured: org.openqa.selenium.TimeoutException: timeout
  (Session info: chrome=67.0.3396.99)
  (Driver info: chromedriver=2.40.565498 (ea082db3280dd6843ebfb08a625e3eb905c4f5ab),platform=Windows NT 6.3.9600 x86_64) (WARNING: The server did not provide any stacktrace information)
Command duration or timeout: 10.01 seconds
Build info: version: &apos;2.53.0&apos;, revision: &apos;35ae25b1534ae328c771e0856c93e187490ca824&apos;, time: &apos;2016-03-15 10:43:46&apos;
System info: host: &apos;Nikil&apos;, ip: &apos;192.168.254.4&apos;, os.name: &apos;Windows 8.1&apos;, os.arch: &apos;amd64&apos;, os.version: &apos;6.3&apos;, java.version: &apos;1.8.0_131&apos;
Driver info: org.openqa.selenium.chrome.ChromeDriver
Capabilities [{applicationCacheEnabled=false, rotatable=false, mobileEmulationEnabled=false, networkConnectionEnabled=false, chrome={chromedriverVersion=2.40.565498 (ea082db3280dd6843ebfb08a625e3eb905c4f5ab), userDataDir=C:\Users\NIKILK~1\AppData\Local\Temp\scoped_dir13332_9007}, takesHeapSnapshot=true, pageLoadStrategy=normal, databaseEnabled=false, handlesAlerts=true, hasTouchScreen=false, version=67.0.3396.99, platform=WIN8_1, browserConnectionEnabled=false, nativeEvents=true, acceptSslCerts=false, acceptInsecureCerts=false, locationContextEnabled=true, webStorageEnabled=true, browserName=chrome, takesScreenshot=true, javascriptEnabled=true, cssSelectorsEnabled=true, setWindowRect=true, unexpectedAlertBehaviour=}]
Session ID: 0310d83ee2a38065a6f344275d2497a3
Exception occured: org.openqa.selenium.TimeoutException: timeout
  (Session info: chrome=67.0.3396.99)
  (Driver info: chromedriver=2.40.565498 (ea082db3280dd6843ebfb08a625e3eb905c4f5ab),platform=Windows NT 6.3.9600 x86_64) (WARNING: The server did not provide any stacktrace information)
Command duration or timeout: 10.01 seconds
Build info: version: &apos;2.53.0&apos;, revision: &apos;35ae25b1534ae328c771e0856c93e187490ca824&apos;, time: &apos;2016-03-15 10:43:46&apos;
System info: host: &apos;Nikil&apos;, ip: &apos;192.168.254.4&apos;, os.name: &apos;Windows 8.1&apos;, os.arch: &apos;amd64&apos;, os.version: &apos;6.3&apos;, java.version: &apos;1.8.0_131&apos;
Driver info: org.openqa.selenium.chrome.ChromeDriver
Capabilities [{applicationCacheEnabled=false, rotatable=false, mobileEmulationEnabled=false, networkConnectionEnabled=false, chrome={chromedriverVersion=2.40.565498 (ea082db3280dd6843ebfb08a625e3eb905c4f5ab), userDataDir=C:\Users\NIKILK~1\AppData\Local\Temp\scoped_dir13332_9007}, takesHeapSnapshot=true, pageLoadStrategy=normal, databaseEnabled=false, handlesAlerts=true, hasTouchScreen=false, version=67.0.3396.99, platform=WIN8_1, browserConnectionEnabled=false, nativeEvents=true, acceptSslCerts=false, acceptInsecureCerts=false, locationContextEnabled=true, webStorageEnabled=true, browserName=chrome, takesScreenshot=true, javascriptEnabled=true, cssSelectorsEnabled=true, setWindowRect=true, unexpectedAlertBehaviour=}]
Session ID: 0310d83ee2a38065a6f344275d2497a3
Exception occured: org.openqa.selenium.TimeoutException: timeout
  (Session info: chrome=67.0.3396.99)
  (Driver info: chromedriver=2.40.565498 (ea082db3280dd6843ebfb08a625e3eb905c4f5ab),platform=Windows NT 6.3.9600 x86_64) (WARNING: The server did not provide any stacktrace information)
Command duration or timeout: 10.01 seconds
Build info: version: &apos;2.53.0&apos;, revision: &apos;35ae25b1534ae328c771e0856c93e187490ca824&apos;, time: &apos;2016-03-15 10:43:46&apos;
System info: host: &apos;Nikil&apos;, ip: &apos;192.168.254.4&apos;, os.name: &apos;Windows 8.1&apos;, os.arch: &apos;amd64&apos;, os.version: &apos;6.3&apos;, java.version: &apos;1.8.0_131&apos;
Driver info: org.openqa.selenium.chrome.ChromeDriver
Capabilities [{applicationCacheEnabled=false, rotatable=false, mobileEmulationEnabled=false, networkConnectionEnabled=false, chrome={chromedriverVersion=2.40.565498 (ea082db3280dd6843ebfb08a625e3eb905c4f5ab), userDataDir=C:\Users\NIKILK~1\AppData\Local\Temp\scoped_dir13332_9007}, takesHeapSnapshot=true, pageLoadStrategy=normal, databaseEnabled=false, handlesAlerts=true, hasTouchScreen=false, version=67.0.3396.99, platform=WIN8_1, browserConnectionEnabled=false, nativeEvents=true, acceptSslCerts=false, acceptInsecureCerts=false, locationContextEnabled=true, webStorageEnabled=true, browserName=chrome, takesScreenshot=true, javascriptEnabled=true, cssSelectorsEnabled=true, setWindowRect=true, unexpectedAlertBehaviour=}]
Session ID: 0310d83ee2a38065a6f344275d2497a3
Exception occured: org.openqa.selenium.TimeoutException: timeout
  (Session info: chrome=67.0.3396.99)
  (Driver info: chromedriver=2.40.565498 (ea082db3280dd6843ebfb08a625e3eb905c4f5ab),platform=Windows NT 6.3.9600 x86_64) (WARNING: The server did not provide any stacktrace information)
Command duration or timeout: 10.01 seconds
Build info: version: &apos;2.53.0&apos;, revision: &apos;35ae25b1534ae328c771e0856c93e187490ca824&apos;, time: &apos;2016-03-15 10:43:46&apos;
System info: host: &apos;Nikil&apos;, ip: &apos;192.168.254.4&apos;, os.name: &apos;Windows 8.1&apos;, os.arch: &apos;amd64&apos;, os.version: &apos;6.3&apos;, java.version: &apos;1.8.0_131&apos;
Driver info: org.openqa.selenium.chrome.ChromeDriver
Capabilities [{applicationCacheEnabled=false, rotatable=false, mobileEmulationEnabled=false, networkConnectionEnabled=false, chrome={chromedriverVersion=2.40.565498 (ea082db3280dd6843ebfb08a625e3eb905c4f5ab), userDataDir=C:\Users\NIKILK~1\AppData\Local\Temp\scoped_dir13332_9007}, takesHeapSnapshot=true, pageLoadStrategy=normal, databaseEnabled=false, handlesAlerts=true, hasTouchScreen=false, version=67.0.3396.99, platform=WIN8_1, browserConnectionEnabled=false, nativeEvents=true, acceptSslCerts=false, acceptInsecureCerts=false, locationContextEnabled=true, webStorageEnabled=true, browserName=chrome, takesScreenshot=true, javascriptEnabled=true, cssSelectorsEnabled=true, setWindowRect=true, unexpectedAlertBehaviour=}]
Session ID: 0310d83ee2a38065a6f344275d2497a3
Exception occured: org.openqa.selenium.TimeoutException: timeout
  (Session info: chrome=67.0.3396.99)
  (Driver info: chromedriver=2.40.565498 (ea082db3280dd6843ebfb08a625e3eb905c4f5ab),platform=Windows NT 6.3.9600 x86_64) (WARNING: The server did not provide any stacktrace information)
Command duration or timeout: 10.01 seconds
Build info: version: &apos;2.53.0&apos;, revision: &apos;35ae25b1534ae328c771e0856c93e187490ca824&apos;, time: &apos;2016-03-15 10:43:46&apos;
System info: host: &apos;Nikil&apos;, ip: &apos;192.168.254.4&apos;, os.name: &apos;Windows 8.1&apos;, os.arch: &apos;amd64&apos;, os.version: &apos;6.3&apos;, java.version: &apos;1.8.0_131&apos;
Driver info: org.openqa.selenium.chrome.ChromeDriver
Capabilities [{applicationCacheEnabled=false, rotatable=false, mobileEmulationEnabled=false, networkConnectionEnabled=false, chrome={chromedriverVersion=2.40.565498 (ea082db3280dd6843ebfb08a625e3eb905c4f5ab), userDataDir=C:\Users\NIKILK~1\AppData\Local\Temp\scoped_dir13332_9007}, takesHeapSnapshot=true, pageLoadStrategy=normal, databaseEnabled=false, handlesAlerts=true, hasTouchScreen=false, version=67.0.3396.99, platform=WIN8_1, browserConnectionEnabled=false, nativeEvents=true, acceptSslCerts=false, acceptInsecureCerts=false, locationContextEnabled=true, webStorageEnabled=true, browserName=chrome, takesScreenshot=true, javascriptEnabled=true, cssSelectorsEnabled=true, setWindowRect=true, unexpectedAlertBehaviour=}]
Session ID: 0310d83ee2a38065a6f344275d2497a3
Exception occured: org.openqa.selenium.TimeoutException: timeout
  (Session info: chrome=67.0.3396.99)
  (Driver info: chromedriver=2.40.565498 (ea082db3280dd6843ebfb08a625e3eb905c4f5ab),platform=Windows NT 6.3.9600 x86_64) (WARNING: The server did not provide any stacktrace information)
Command duration or timeout: 10.01 seconds
Build info: version: &apos;2.53.0&apos;, revision: &apos;35ae25b1534ae328c771e0856c93e187490ca824&apos;, time: &apos;2016-03-15 10:43:46&apos;
System info: host: &apos;Nikil&apos;, ip: &apos;192.168.254.4&apos;, os.name: &apos;Windows 8.1&apos;, os.arch: &apos;amd64&apos;, os.version: &apos;6.3&apos;, java.version: &apos;1.8.0_131&apos;
Driver info: org.openqa.selenium.chrome.ChromeDriver
Capabilities [{applicationCacheEnabled=false, rotatable=false, mobileEmulationEnabled=false, networkConnectionEnabled=false, chrome={chromedriverVersion=2.40.565498 (ea082db3280dd6843ebfb08a625e3eb905c4f5ab), userDataDir=C:\Users\NIKILK~1\AppData\Local\Temp\scoped_dir13332_9007}, takesHeapSnapshot=true, pageLoadStrategy=normal, databaseEnabled=false, handlesAlerts=true, hasTouchScreen=false, version=67.0.3396.99, platform=WIN8_1, browserConnectionEnabled=false, nativeEvents=true, acceptSslCerts=false, acceptInsecureCerts=false, locationContextEnabled=true, webStorageEnabled=true, browserName=chrome, takesScreenshot=true, javascriptEnabled=true, cssSelectorsEnabled=true, setWindowRect=true, unexpectedAlertBehaviour=}]
Session ID: 0310d83ee2a38065a6f344275d2497a3
Exception occured: org.openqa.selenium.TimeoutException: timeout
  (Session info: chrome=67.0.3396.99)
  (Driver info: chromedriver=2.40.565498 (ea082db3280dd6843ebfb08a625e3eb905c4f5ab),platform=Windows NT 6.3.9600 x86_64) (WARNING: The server did not provide any stacktrace information)
Command duration or timeout: 10.01 seconds
Build info: version: &apos;2.53.0&apos;, revision: &apos;35ae25b1534ae328c771e0856c93e187490ca824&apos;, time: &apos;2016-03-15 10:43:46&apos;
System info: host: &apos;Nikil&apos;, ip: &apos;192.168.254.4&apos;, os.name: &apos;Windows 8.1&apos;, os.arch: &apos;amd64&apos;, os.version: &apos;6.3&apos;, java.version: &apos;1.8.0_131&apos;
Driver info: org.openqa.selenium.chrome.ChromeDriver
Capabilities [{applicationCacheEnabled=false, rotatable=false, mobileEmulationEnabled=false, networkConnectionEnabled=false, chrome={chromedriverVersion=2.40.565498 (ea082db3280dd6843ebfb08a625e3eb905c4f5ab), userDataDir=C:\Users\NIKILK~1\AppData\Local\Temp\scoped_dir13332_9007}, takesHeapSnapshot=true, pageLoadStrategy=normal, databaseEnabled=false, handlesAlerts=true, hasTouchScreen=false, version=67.0.3396.99, platform=WIN8_1, browserConnectionEnabled=false, nativeEvents=true, acceptSslCerts=false, acceptInsecureCerts=false, locationContextEnabled=true, webStorageEnabled=true, browserName=chrome, takesScreenshot=true, javascriptEnabled=true, cssSelectorsEnabled=true, setWindowRect=true, unexpectedAlertBehaviour=}]
Session ID: 0310d83ee2a38065a6f344275d2497a3
Exception occured: org.openqa.selenium.TimeoutException: timeout
  (Session info: chrome=67.0.3396.99)
  (Driver info: chromedriver=2.40.565498 (ea082db3280dd6843ebfb08a625e3eb905c4f5ab),platform=Windows NT 6.3.9600 x86_64) (WARNING: The server did not provide any stacktrace information)
Command duration or timeout: 10.01 seconds
Build info: version: &apos;2.53.0&apos;, revision: &apos;35ae25b1534ae328c771e0856c93e187490ca824&apos;, time: &apos;2016-03-15 10:43:46&apos;
System info: host: &apos;Nikil&apos;, ip: &apos;192.168.254.4&apos;, os.name: &apos;Windows 8.1&apos;, os.arch: &apos;amd64&apos;, os.version: &apos;6.3&apos;, java.version: &apos;1.8.0_131&apos;
Driver info: org.openqa.selenium.chrome.ChromeDriver
Capabilities [{applicationCacheEnabled=false, rotatable=false, mobileEmulationEnabled=false, networkConnectionEnabled=false, chrome={chromedriverVersion=2.40.565498 (ea082db3280dd6843ebfb08a625e3eb905c4f5ab), userDataDir=C:\Users\NIKILK~1\AppData\Local\Temp\scoped_dir13332_9007}, takesHeapSnapshot=true, pageLoadStrategy=normal, databaseEnabled=false, handlesAlerts=true, hasTouchScreen=false, version=67.0.3396.99, platform=WIN8_1, browserConnectionEnabled=false, nativeEvents=true, acceptSslCerts=false, acceptInsecureCerts=false, locationContextEnabled=true, webStorageEnabled=true, browserName=chrome, takesScreenshot=true, javascriptEnabled=true, cssSelectorsEnabled=true, setWindowRect=true, unexpectedAlertBehaviour=}]
Session ID: 0310d83ee2a38065a6f344275d2497a3
Exception occured: org.openqa.selenium.TimeoutException: timeout
  (Session info: chrome=67.0.3396.99)
  (Driver info: chromedriver=2.40.565498 (ea082db3280dd6843ebfb08a625e3eb905c4f5ab),platform=Windows NT 6.3.9600 x86_64) (WARNING: The server did not provide any stacktrace information)
Command duration or timeout: 10.01 seconds
Build info: version: &apos;2.53.0&apos;, revision: &apos;35ae25b1534ae328c771e0856c93e187490ca824&apos;, time: &apos;2016-03-15 10:43:46&apos;
System info: host: &apos;Nikil&apos;, ip: &apos;192.168.254.4&apos;, os.name: &apos;Windows 8.1&apos;, os.arch: &apos;amd64&apos;, os.version: &apos;6.3&apos;, java.version: &apos;1.8.0_131&apos;
Driver info: org.openqa.selenium.chrome.ChromeDriver
Capabilities [{applicationCacheEnabled=false, rotatable=false, mobileEmulationEnabled=false, networkConnectionEnabled=false, chrome={chromedriverVersion=2.40.565498 (ea082db3280dd6843ebfb08a625e3eb905c4f5ab), userDataDir=C:\Users\NIKILK~1\AppData\Local\Temp\scoped_dir13332_9007}, takesHeapSnapshot=true, pageLoadStrategy=normal, databaseEnabled=false, handlesAlerts=true, hasTouchScreen=false, version=67.0.3396.99, platform=WIN8_1, browserConnectionEnabled=false, nativeEvents=true, acceptSslCerts=false, acceptInsecureCerts=false, locationContextEnabled=true, webStorageEnabled=true, browserName=chrome, takesScreenshot=true, javascriptEnabled=true, cssSelectorsEnabled=true, setWindowRect=true, unexpectedAlertBehaviour=}]
Session ID: 0310d83ee2a38065a6f344275d2497a3
Exception occured: org.openqa.selenium.TimeoutException: timeout
  (Session info: chrome=67.0.3396.99)
  (Driver info: chromedriver=2.40.565498 (ea082db3280dd6843ebfb08a625e3eb905c4f5ab),platform=Windows NT 6.3.9600 x86_64) (WARNING: The server did not provide any stacktrace information)
Command duration or timeout: 10.01 seconds
Build info: version: &apos;2.53.0&apos;, revision: &apos;35ae25b1534ae328c771e0856c93e187490ca824&apos;, time: &apos;2016-03-15 10:43:46&apos;
System info: host: &apos;Nikil&apos;, ip: &apos;192.168.254.4&apos;, os.name: &apos;Windows 8.1&apos;, os.arch: &apos;amd64&apos;, os.version: &apos;6.3&apos;, java.version: &apos;1.8.0_131&apos;
Driver info: org.openqa.selenium.chrome.ChromeDriver
Capabilities [{applicationCacheEnabled=false, rotatable=false, mobileEmulationEnabled=false, networkConnectionEnabled=false, chrome={chromedriverVersion=2.40.565498 (ea082db3280dd6843ebfb08a625e3eb905c4f5ab), userDataDir=C:\Users\NIKILK~1\AppData\Local\Temp\scoped_dir13332_9007}, takesHeapSnapshot=true, pageLoadStrategy=normal, databaseEnabled=false, handlesAlerts=true, hasTouchScreen=false, version=67.0.3396.99, platform=WIN8_1, browserConnectionEnabled=false, nativeEvents=true, acceptSslCerts=false, acceptInsecureCerts=false, locationContextEnabled=true, webStorageEnabled=true, browserName=chrome, takesScreenshot=true, javascriptEnabled=true, cssSelectorsEnabled=true, setWindowRect=true, unexpectedAlertBehaviour=}]
Session ID: 0310d83ee2a38065a6f344275d2497a3
Exception occured: org.openqa.selenium.TimeoutException: timeout
  (Session info: chrome=67.0.3396.99)
  (Driver info: chromedriver=2.40.565498 (ea082db3280dd6843ebfb08a625e3eb905c4f5ab),platform=Windows NT 6.3.9600 x86_64) (WARNING: The server did not provide any stacktrace information)
Command duration or timeout: 10.01 seconds
Build info: version: &apos;2.53.0&apos;, revision: &apos;35ae25b1534ae328c771e0856c93e187490ca824&apos;, time: &apos;2016-03-15 10:43:46&apos;
System info: host: &apos;Nikil&apos;, ip: &apos;192.168.254.4&apos;, os.name: &apos;Windows 8.1&apos;, os.arch: &apos;amd64&apos;, os.version: &apos;6.3&apos;, java.version: &apos;1.8.0_131&apos;
Driver info: org.openqa.selenium.chrome.ChromeDriver
Capabilities [{applicationCacheEnabled=false, rotatable=false, mobileEmulationEnabled=false, networkConnectionEnabled=false, chrome={chromedriverVersion=2.40.565498 (ea082db3280dd6843ebfb08a625e3eb905c4f5ab), userDataDir=C:\Users\NIKILK~1\AppData\Local\Temp\scoped_dir13332_9007}, takesHeapSnapshot=true, pageLoadStrategy=normal, databaseEnabled=false, handlesAlerts=true, hasTouchScreen=false, version=67.0.3396.99, platform=WIN8_1, browserConnectionEnabled=false, nativeEvents=true, acceptSslCerts=false, acceptInsecureCerts=false, locationContextEnabled=true, webStorageEnabled=true, browserName=chrome, takesScreenshot=true, javascriptEnabled=true, cssSelectorsEnabled=true, setWindowRect=true, unexpectedAlertBehaviour=}]
Session ID: 0310d83ee2a38065a6f344275d2497a3
Exception occured: org.openqa.selenium.TimeoutException: timeout
  (Session info: chrome=67.0.3396.99)
  (Driver info: chromedriver=2.40.565498 (ea082db3280dd6843ebfb08a625e3eb905c4f5ab),platform=Windows NT 6.3.9600 x86_64) (WARNING: The server did not provide any stacktrace information)
Command duration or timeout: 10.01 seconds
Build info: version: &apos;2.53.0&apos;, revision: &apos;35ae25b1534ae328c771e0856c93e187490ca824&apos;, time: &apos;2016-03-15 10:43:46&apos;
System info: host: &apos;Nikil&apos;, ip: &apos;192.168.254.4&apos;, os.name: &apos;Windows 8.1&apos;, os.arch: &apos;amd64&apos;, os.version: &apos;6.3&apos;, java.version: &apos;1.8.0_131&apos;
Driver info: org.openqa.selenium.chrome.ChromeDriver
Capabilities [{applicationCacheEnabled=false, rotatable=false, mobileEmulationEnabled=false, networkConnectionEnabled=false, chrome={chromedriverVersion=2.40.565498 (ea082db3280dd6843ebfb08a625e3eb905c4f5ab), userDataDir=C:\Users\NIKILK~1\AppData\Local\Temp\scoped_dir13332_9007}, takesHeapSnapshot=true, pageLoadStrategy=normal, databaseEnabled=false, handlesAlerts=true, hasTouchScreen=false, version=67.0.3396.99, platform=WIN8_1, browserConnectionEnabled=false, nativeEvents=true, acceptSslCerts=false, acceptInsecureCerts=false, locationContextEnabled=true, webStorageEnabled=true, browserName=chrome, takesScreenshot=true, javascriptEnabled=true, cssSelectorsEnabled=true, setWindowRect=true, unexpectedAlertBehaviour=}]
Session ID: 0310d83ee2a38065a6f344275d2497a3
Exception occured: org.openqa.selenium.TimeoutException: timeout
  (Session info: chrome=67.0.3396.99)
  (Driver info: chromedriver=2.40.565498 (ea082db3280dd6843ebfb08a625e3eb905c4f5ab),platform=Windows NT 6.3.9600 x86_64) (WARNING: The server did not provide any stacktrace information)
Command duration or timeout: 10.01 seconds
Build info: version: &apos;2.53.0&apos;, revision: &apos;35ae25b1534ae328c771e0856c93e187490ca824&apos;, time: &apos;2016-03-15 10:43:46&apos;
System info: host: &apos;Nikil&apos;, ip: &apos;192.168.254.4&apos;, os.name: &apos;Windows 8.1&apos;, os.arch: &apos;amd64&apos;, os.version: &apos;6.3&apos;, java.version: &apos;1.8.0_131&apos;
Driver info: org.openqa.selenium.chrome.ChromeDriver
Capabilities [{applicationCacheEnabled=false, rotatable=false, mobileEmulationEnabled=false, networkConnectionEnabled=false, chrome={chromedriverVersion=2.40.565498 (ea082db3280dd6843ebfb08a625e3eb905c4f5ab), userDataDir=C:\Users\NIKILK~1\AppData\Local\Temp\scoped_dir13332_9007}, takesHeapSnapshot=true, pageLoadStrategy=normal, databaseEnabled=false, handlesAlerts=true, hasTouchScreen=false, version=67.0.3396.99, platform=WIN8_1, browserConnectionEnabled=false, nativeEvents=true, acceptSslCerts=false, acceptInsecureCerts=false, locationContextEnabled=true, webStorageEnabled=true, browserName=chrome, takesScreenshot=true, javascriptEnabled=true, cssSelectorsEnabled=true, setWindowRect=true, unexpectedAlertBehaviour=}]
Session ID: 0310d83ee2a38065a6f344275d2497a3
Exception occured: org.openqa.selenium.TimeoutException: timeout
  (Session info: chrome=67.0.3396.99)
  (Driver info: chromedriver=2.40.565498 (ea082db3280dd6843ebfb08a625e3eb905c4f5ab),platform=Windows NT 6.3.9600 x86_64) (WARNING: The server did not provide any stacktrace information)
Command duration or timeout: 10.01 seconds
Build info: version: &apos;2.53.0&apos;, revision: &apos;35ae25b1534ae328c771e0856c93e187490ca824&apos;, time: &apos;2016-03-15 10:43:46&apos;
System info: host: &apos;Nikil&apos;, ip: &apos;192.168.254.4&apos;, os.name: &apos;Windows 8.1&apos;, os.arch: &apos;amd64&apos;, os.version: &apos;6.3&apos;, java.version: &apos;1.8.0_131&apos;
Driver info: org.openqa.selenium.chrome.ChromeDriver
Capabilities [{applicationCacheEnabled=false, rotatable=false, mobileEmulationEnabled=false, networkConnectionEnabled=false, chrome={chromedriverVersion=2.40.565498 (ea082db3280dd6843ebfb08a625e3eb905c4f5ab), userDataDir=C:\Users\NIKILK~1\AppData\Local\Temp\scoped_dir13332_9007}, takesHeapSnapshot=true, pageLoadStrategy=normal, databaseEnabled=false, handlesAlerts=true, hasTouchScreen=false, version=67.0.3396.99, platform=WIN8_1, browserConnectionEnabled=false, nativeEvents=true, acceptSslCerts=false, acceptInsecureCerts=false, locationContextEnabled=true, webStorageEnabled=true, browserName=chrome, takesScreenshot=true, javascriptEnabled=true, cssSelectorsEnabled=true, setWindowRect=true, unexpectedAlertBehaviour=}]
Session ID: 0310d83ee2a38065a6f344275d2497a3
Exception occured: org.openqa.selenium.TimeoutException: timeout
  (Session info: chrome=67.0.3396.99)
  (Driver info: chromedriver=2.40.565498 (ea082db3280dd6843ebfb08a625e3eb905c4f5ab),platform=Windows NT 6.3.9600 x86_64) (WARNING: The server did not provide any stacktrace information)
Command duration or timeout: 10.01 seconds
Build info: version: &apos;2.53.0&apos;, revision: &apos;35ae25b1534ae328c771e0856c93e187490ca824&apos;, time: &apos;2016-03-15 10:43:46&apos;
System info: host: &apos;Nikil&apos;, ip: &apos;192.168.254.4&apos;, os.name: &apos;Windows 8.1&apos;, os.arch: &apos;amd64&apos;, os.version: &apos;6.3&apos;, java.version: &apos;1.8.0_131&apos;
Driver info: org.openqa.selenium.chrome.ChromeDriver
Capabilities [{applicationCacheEnabled=false, rotatable=false, mobileEmulationEnabled=false, networkConnectionEnabled=false, chrome={chromedriverVersion=2.40.565498 (ea082db3280dd6843ebfb08a625e3eb905c4f5ab), userDataDir=C:\Users\NIKILK~1\AppData\Local\Temp\scoped_dir13332_9007}, takesHeapSnapshot=true, pageLoadStrategy=normal, databaseEnabled=false, handlesAlerts=true, hasTouchScreen=false, version=67.0.3396.99, platform=WIN8_1, browserConnectionEnabled=false, nativeEvents=true, acceptSslCerts=false, acceptInsecureCerts=false, locationContextEnabled=true, webStorageEnabled=true, browserName=chrome, takesScreenshot=true, javascriptEnabled=true, cssSelectorsEnabled=true, setWindowRect=true, unexpectedAlertBehaviour=}]
Session ID: 0310d83ee2a38065a6f344275d2497a3
Exception occured: org.openqa.selenium.TimeoutException: timeout
  (Session info: chrome=67.0.3396.99)
  (Driver info: chromedriver=2.40.565498 (ea082db3280dd6843ebfb08a625e3eb905c4f5ab),platform=Windows NT 6.3.9600 x86_64) (WARNING: The server did not provide any stacktrace information)
Command duration or timeout: 10.01 seconds
Build info: version: &apos;2.53.0&apos;, revision: &apos;35ae25b1534ae328c771e0856c93e187490ca824&apos;, time: &apos;2016-03-15 10:43:46&apos;
System info: host: &apos;Nikil&apos;, ip: &apos;192.168.254.4&apos;, os.name: &apos;Windows 8.1&apos;, os.arch: &apos;amd64&apos;, os.version: &apos;6.3&apos;, java.version: &apos;1.8.0_131&apos;
Driver info: org.openqa.selenium.chrome.ChromeDriver
Capabilities [{applicationCacheEnabled=false, rotatable=false, mobileEmulationEnabled=false, networkConnectionEnabled=false, chrome={chromedriverVersion=2.40.565498 (ea082db3280dd6843ebfb08a625e3eb905c4f5ab), userDataDir=C:\Users\NIKILK~1\AppData\Local\Temp\scoped_dir13332_9007}, takesHeapSnapshot=true, pageLoadStrategy=normal, databaseEnabled=false, handlesAlerts=true, hasTouchScreen=false, version=67.0.3396.99, platform=WIN8_1, browserConnectionEnabled=false, nativeEvents=true, acceptSslCerts=false, acceptInsecureCerts=false, locationContextEnabled=true, webStorageEnabled=true, browserName=chrome, takesScreenshot=true, javascriptEnabled=true, cssSelectorsEnabled=true, setWindowRect=true, unexpectedAlertBehaviour=}]
Session ID: 0310d83ee2a38065a6f344275d2497a3
Exception occured: org.openqa.selenium.TimeoutException: timeout
  (Session info: chrome=67.0.3396.99)
  (Driver info: chromedriver=2.40.565498 (ea082db3280dd6843ebfb08a625e3eb905c4f5ab),platform=Windows NT 6.3.9600 x86_64) (WARNING: The server did not provide any stacktrace information)
Command duration or timeout: 10.01 seconds
Build info: version: &apos;2.53.0&apos;, revision: &apos;35ae25b1534ae328c771e0856c93e187490ca824&apos;, time: &apos;2016-03-15 10:43:46&apos;
System info: host: &apos;Nikil&apos;, ip: &apos;192.168.254.4&apos;, os.name: &apos;Windows 8.1&apos;, os.arch: &apos;amd64&apos;, os.version: &apos;6.3&apos;, java.version: &apos;1.8.0_131&apos;
Driver info: org.openqa.selenium.chrome.ChromeDriver
Capabilities [{applicationCacheEnabled=false, rotatable=false, mobileEmulationEnabled=false, networkConnectionEnabled=false, chrome={chromedriverVersion=2.40.565498 (ea082db3280dd6843ebfb08a625e3eb905c4f5ab), userDataDir=C:\Users\NIKILK~1\AppData\Local\Temp\scoped_dir13332_9007}, takesHeapSnapshot=true, pageLoadStrategy=normal, databaseEnabled=false, handlesAlerts=true, hasTouchScreen=false, version=67.0.3396.99, platform=WIN8_1, browserConnectionEnabled=false, nativeEvents=true, acceptSslCerts=false, acceptInsecureCerts=false, locationContextEnabled=true, webStorageEnabled=true, browserName=chrome, takesScreenshot=true, javascriptEnabled=true, cssSelectorsEnabled=true, setWindowRect=true, unexpectedAlertBehaviour=}]
Session ID: 0310d83ee2a38065a6f344275d2497a3
Exception occured: org.openqa.selenium.TimeoutException: timeout
  (Session info: chrome=67.0.3396.99)
  (Driver info: chromedriver=2.40.565498 (ea082db3280dd6843ebfb08a625e3eb905c4f5ab),platform=Windows NT 6.3.9600 x86_64) (WARNING: The server did not provide any stacktrace information)
Command duration or timeout: 10.01 seconds
Build info: version: &apos;2.53.0&apos;, revision: &apos;35ae25b1534ae328c771e0856c93e187490ca824&apos;, time: &apos;2016-03-15 10:43:46&apos;
System info: host: &apos;Nikil&apos;, ip: &apos;192.168.254.4&apos;, os.name: &apos;Windows 8.1&apos;, os.arch: &apos;amd64&apos;, os.version: &apos;6.3&apos;, java.version: &apos;1.8.0_131&apos;
Driver info: org.openqa.selenium.chrome.ChromeDriver
Capabilities [{applicationCacheEnabled=false, rotatable=false, mobileEmulationEnabled=false, networkConnectionEnabled=false, chrome={chromedriverVersion=2.40.565498 (ea082db3280dd6843ebfb08a625e3eb905c4f5ab), userDataDir=C:\Users\NIKILK~1\AppData\Local\Temp\scoped_dir13332_9007}, takesHeapSnapshot=true, pageLoadStrategy=normal, databaseEnabled=false, handlesAlerts=true, hasTouchScreen=false, version=67.0.3396.99, platform=WIN8_1, browserConnectionEnabled=false, nativeEvents=true, acceptSslCerts=false, acceptInsecureCerts=false, locationContextEnabled=true, webStorageEnabled=true, browserName=chrome, takesScreenshot=true, javascriptEnabled=true, cssSelectorsEnabled=true, setWindowRect=true, unexpectedAlertBehaviour=}]
Session ID: 0310d83ee2a38065a6f344275d2497a3
Exception occured: org.openqa.selenium.TimeoutException: timeout
  (Session info: chrome=67.0.3396.99)
  (Driver info: chromedriver=2.40.565498 (ea082db3280dd6843ebfb08a625e3eb905c4f5ab),platform=Windows NT 6.3.9600 x86_64) (WARNING: The server did not provide any stacktrace information)
Command duration or timeout: 10.01 seconds
Build info: version: &apos;2.53.0&apos;, revision: &apos;35ae25b1534ae328c771e0856c93e187490ca824&apos;, time: &apos;2016-03-15 10:43:46&apos;
System info: host: &apos;Nikil&apos;, ip: &apos;192.168.254.4&apos;, os.name: &apos;Windows 8.1&apos;, os.arch: &apos;amd64&apos;, os.version: &apos;6.3&apos;, java.version: &apos;1.8.0_131&apos;
Driver info: org.openqa.selenium.chrome.ChromeDriver
Capabilities [{applicationCacheEnabled=false, rotatable=false, mobileEmulationEnabled=false, networkConnectionEnabled=false, chrome={chromedriverVersion=2.40.565498 (ea082db3280dd6843ebfb08a625e3eb905c4f5ab), userDataDir=C:\Users\NIKILK~1\AppData\Local\Temp\scoped_dir13332_9007}, takesHeapSnapshot=true, pageLoadStrategy=normal, databaseEnabled=false, handlesAlerts=true, hasTouchScreen=false, version=67.0.3396.99, platform=WIN8_1, browserConnectionEnabled=false, nativeEvents=true, acceptSslCerts=false, acceptInsecureCerts=false, locationContextEnabled=true, webStorageEnabled=true, browserName=chrome, takesScreenshot=true, javascriptEnabled=true, cssSelectorsEnabled=true, setWindowRect=true, unexpectedAlertBehaviour=}]
Session ID: 0310d83ee2a38065a6f344275d2497a3
Exception occured: org.openqa.selenium.TimeoutException: timeout
  (Session info: chrome=67.0.3396.99)
  (Driver info: chromedriver=2.40.565498 (ea082db3280dd6843ebfb08a625e3eb905c4f5ab),platform=Windows NT 6.3.9600 x86_64) (WARNING: The server did not provide any stacktrace information)
Command duration or timeout: 10.01 seconds
Build info: version: &apos;2.53.0&apos;, revision: &apos;35ae25b1534ae328c771e0856c93e187490ca824&apos;, time: &apos;2016-03-15 10:43:46&apos;
System info: host: &apos;Nikil&apos;, ip: &apos;192.168.254.4&apos;, os.name: &apos;Windows 8.1&apos;, os.arch: &apos;amd64&apos;, os.version: &apos;6.3&apos;, java.version: &apos;1.8.0_131&apos;
Driver info: org.openqa.selenium.chrome.ChromeDriver
Capabilities [{applicationCacheEnabled=false, rotatable=false, mobileEmulationEnabled=false, networkConnectionEnabled=false, chrome={chromedriverVersion=2.40.565498 (ea082db3280dd6843ebfb08a625e3eb905c4f5ab), userDataDir=C:\Users\NIKILK~1\AppData\Local\Temp\scoped_dir13332_9007}, takesHeapSnapshot=true, pageLoadStrategy=normal, databaseEnabled=false, handlesAlerts=true, hasTouchScreen=false, version=67.0.3396.99, platform=WIN8_1, browserConnectionEnabled=false, nativeEvents=true, acceptSslCerts=false, acceptInsecureCerts=false, locationContextEnabled=true, webStorageEnabled=true, browserName=chrome, takesScreenshot=true, javascriptEnabled=true, cssSelectorsEnabled=true, setWindowRect=true, unexpectedAlertBehaviour=}]
Session ID: 0310d83ee2a38065a6f344275d2497a3
Exception occured: org.openqa.selenium.TimeoutException: timeout
  (Session info: chrome=67.0.3396.99)
  (Driver info: chromedriver=2.40.565498 (ea082db3280dd6843ebfb08a625e3eb905c4f5ab),platform=Windows NT 6.3.9600 x86_64) (WARNING: The server did not provide any stacktrace information)
Command duration or timeout: 10.01 seconds
Build info: version: &apos;2.53.0&apos;, revision: &apos;35ae25b1534ae328c771e0856c93e187490ca824&apos;, time: &apos;2016-03-15 10:43:46&apos;
System info: host: &apos;Nikil&apos;, ip: &apos;192.168.254.4&apos;, os.name: &apos;Windows 8.1&apos;, os.arch: &apos;amd64&apos;, os.version: &apos;6.3&apos;, java.version: &apos;1.8.0_131&apos;
Driver info: org.openqa.selenium.chrome.ChromeDriver
Capabilities [{applicationCacheEnabled=false, rotatable=false, mobileEmulationEnabled=false, networkConnectionEnabled=false, chrome={chromedriverVersion=2.40.565498 (ea082db3280dd6843ebfb08a625e3eb905c4f5ab), userDataDir=C:\Users\NIKILK~1\AppData\Local\Temp\scoped_dir13332_9007}, takesHeapSnapshot=true, pageLoadStrategy=normal, databaseEnabled=false, handlesAlerts=true, hasTouchScreen=false, version=67.0.3396.99, platform=WIN8_1, browserConnectionEnabled=false, nativeEvents=true, acceptSslCerts=false, acceptInsecureCerts=false, locationContextEnabled=true, webStorageEnabled=true, browserName=chrome, takesScreenshot=true, javascriptEnabled=true, cssSelectorsEnabled=true, setWindowRect=true, unexpectedAlertBehaviour=}]
Session ID: 0310d83ee2a38065a6f344275d2497a3
Exception occured: org.openqa.selenium.TimeoutException: timeout
  (Session info: chrome=67.0.3396.99)
  (Driver info: chromedriver=2.40.565498 (ea082db3280dd6843ebfb08a625e3eb905c4f5ab),platform=Windows NT 6.3.9600 x86_64) (WARNING: The server did not provide any stacktrace information)
Command duration or timeout: 10.01 seconds
Build info: version: &apos;2.53.0&apos;, revision: &apos;35ae25b1534ae328c771e0856c93e187490ca824&apos;, time: &apos;2016-03-15 10:43:46&apos;
System info: host: &apos;Nikil&apos;, ip: &apos;192.168.254.4&apos;, os.name: &apos;Windows 8.1&apos;, os.arch: &apos;amd64&apos;, os.version: &apos;6.3&apos;, java.version: &apos;1.8.0_131&apos;
Driver info: org.openqa.selenium.chrome.ChromeDriver
Capabilities [{applicationCacheEnabled=false, rotatable=false, mobileEmulationEnabled=false, networkConnectionEnabled=false, chrome={chromedriverVersion=2.40.565498 (ea082db3280dd6843ebfb08a625e3eb905c4f5ab), userDataDir=C:\Users\NIKILK~1\AppData\Local\Temp\scoped_dir13332_9007}, takesHeapSnapshot=true, pageLoadStrategy=normal, databaseEnabled=false, handlesAlerts=true, hasTouchScreen=false, version=67.0.3396.99, platform=WIN8_1, browserConnectionEnabled=false, nativeEvents=true, acceptSslCerts=false, acceptInsecureCerts=false, locationContextEnabled=true, webStorageEnabled=true, browserName=chrome, takesScreenshot=true, javascriptEnabled=true, cssSelectorsEnabled=true, setWindowRect=true, unexpectedAlertBehaviour=}]
Session ID: 0310d83ee2a38065a6f344275d2497a3
Exception occured: org.openqa.selenium.TimeoutException: timeout
  (Session info: chrome=67.0.3396.99)
  (Driver info: chromedriver=2.40.565498 (ea082db3280dd6843ebfb08a625e3eb905c4f5ab),platform=Windows NT 6.3.9600 x86_64) (WARNING: The server did not provide any stacktrace information)
Command duration or timeout: 10.01 seconds
Build info: version: &apos;2.53.0&apos;, revision: &apos;35ae25b1534ae328c771e0856c93e187490ca824&apos;, time: &apos;2016-03-15 10:43:46&apos;
System info: host: &apos;Nikil&apos;, ip: &apos;192.168.254.4&apos;, os.name: &apos;Windows 8.1&apos;, os.arch: &apos;amd64&apos;, os.version: &apos;6.3&apos;, java.version: &apos;1.8.0_131&apos;
Driver info: org.openqa.selenium.chrome.ChromeDriver
Capabilities [{applicationCacheEnabled=false, rotatable=false, mobileEmulationEnabled=false, networkConnectionEnabled=false, chrome={chromedriverVersion=2.40.565498 (ea082db3280dd6843ebfb08a625e3eb905c4f5ab), userDataDir=C:\Users\NIKILK~1\AppData\Local\Temp\scoped_dir13332_9007}, takesHeapSnapshot=true, pageLoadStrategy=normal, databaseEnabled=false, handlesAlerts=true, hasTouchScreen=false, version=67.0.3396.99, platform=WIN8_1, browserConnectionEnabled=false, nativeEvents=true, acceptSslCerts=false, acceptInsecureCerts=false, locationContextEnabled=true, webStorageEnabled=true, browserName=chrome, takesScreenshot=true, javascriptEnabled=true, cssSelectorsEnabled=true, setWindowRect=true, unexpectedAlertBehaviour=}]
Session ID: 0310d83ee2a38065a6f344275d2497a3
Exception occured: org.openqa.selenium.TimeoutException: timeout
  (Session info: chrome=67.0.3396.99)
  (Driver info: chromedriver=2.40.565498 (ea082db3280dd6843ebfb08a625e3eb905c4f5ab),platform=Windows NT 6.3.9600 x86_64) (WARNING: The server did not provide any stacktrace information)
Command duration or timeout: 10.01 seconds
Build info: version: &apos;2.53.0&apos;, revision: &apos;35ae25b1534ae328c771e0856c93e187490ca824&apos;, time: &apos;2016-03-15 10:43:46&apos;
System info: host: &apos;Nikil&apos;, ip: &apos;192.168.254.4&apos;, os.name: &apos;Windows 8.1&apos;, os.arch: &apos;amd64&apos;, os.version: &apos;6.3&apos;, java.version: &apos;1.8.0_131&apos;
Driver info: org.openqa.selenium.chrome.ChromeDriver
Capabilities [{applicationCacheEnabled=false, rotatable=false, mobileEmulationEnabled=false, networkConnectionEnabled=false, chrome={chromedriverVersion=2.40.565498 (ea082db3280dd6843ebfb08a625e3eb905c4f5ab), userDataDir=C:\Users\NIKILK~1\AppData\Local\Temp\scoped_dir13332_9007}, takesHeapSnapshot=true, pageLoadStrategy=normal, databaseEnabled=false, handlesAlerts=true, hasTouchScreen=false, version=67.0.3396.99, platform=WIN8_1, browserConnectionEnabled=false, nativeEvents=true, acceptSslCerts=false, acceptInsecureCerts=false, locationContextEnabled=true, webStorageEnabled=true, browserName=chrome, takesScreenshot=true, javascriptEnabled=true, cssSelectorsEnabled=true, setWindowRect=true, unexpectedAlertBehaviour=}]
Session ID: 0310d83ee2a38065a6f344275d2497a3
Exception occured: org.openqa.selenium.TimeoutException: timeout
  (Session info: chrome=67.0.3396.99)
  (Driver info: chromedriver=2.40.565498 (ea082db3280dd6843ebfb08a625e3eb905c4f5ab),platform=Windows NT 6.3.9600 x86_64) (WARNING: The server did not provide any stacktrace information)
Command duration or timeout: 10.01 seconds
Build info: version: &apos;2.53.0&apos;, revision: &apos;35ae25b1534ae328c771e0856c93e187490ca824&apos;, time: &apos;2016-03-15 10:43:46&apos;
System info: host: &apos;Nikil&apos;, ip: &apos;192.168.254.4&apos;, os.name: &apos;Windows 8.1&apos;, os.arch: &apos;amd64&apos;, os.version: &apos;6.3&apos;, java.version: &apos;1.8.0_131&apos;
Driver info: org.openqa.selenium.chrome.ChromeDriver
Capabilities [{applicationCacheEnabled=false, rotatable=false, mobileEmulationEnabled=false, networkConnectionEnabled=false, chrome={chromedriverVersion=2.40.565498 (ea082db3280dd6843ebfb08a625e3eb905c4f5ab), userDataDir=C:\Users\NIKILK~1\AppData\Local\Temp\scoped_dir13332_9007}, takesHeapSnapshot=true, pageLoadStrategy=normal, databaseEnabled=false, handlesAlerts=true, hasTouchScreen=false, version=67.0.3396.99, platform=WIN8_1, browserConnectionEnabled=false, nativeEvents=true, acceptSslCerts=false, acceptInsecureCerts=false, locationContextEnabled=true, webStorageEnabled=true, browserName=chrome, takesScreenshot=true, javascriptEnabled=true, cssSelectorsEnabled=true, setWindowRect=true, unexpectedAlertBehaviour=}]
Session ID: 0310d83ee2a38065a6f344275d2497a3
Exception occured: org.openqa.selenium.TimeoutException: timeout
  (Session info: chrome=67.0.3396.99)
  (Driver info: chromedriver=2.40.565498 (ea082db3280dd6843ebfb08a625e3eb905c4f5ab),platform=Windows NT 6.3.9600 x86_64) (WARNING: The server did not provide any stacktrace information)
Command duration or timeout: 10.02 seconds
Build info: version: &apos;2.53.0&apos;, revision: &apos;35ae25b1534ae328c771e0856c93e187490ca824&apos;, time: &apos;2016-03-15 10:43:46&apos;
System info: host: &apos;Nikil&apos;, ip: &apos;192.168.254.4&apos;, os.name: &apos;Windows 8.1&apos;, os.arch: &apos;amd64&apos;, os.version: &apos;6.3&apos;, java.version: &apos;1.8.0_131&apos;
Driver info: org.openqa.selenium.chrome.ChromeDriver
Capabilities [{applicationCacheEnabled=false, rotatable=false, mobileEmulationEnabled=false, networkConnectionEnabled=false, chrome={chromedriverVersion=2.40.565498 (ea082db3280dd6843ebfb08a625e3eb905c4f5ab), userDataDir=C:\Users\NIKILK~1\AppData\Local\Temp\scoped_dir13332_9007}, takesHeapSnapshot=true, pageLoadStrategy=normal, databaseEnabled=false, handlesAlerts=true, hasTouchScreen=false, version=67.0.3396.99, platform=WIN8_1, browserConnectionEnabled=false, nativeEvents=true, acceptSslCerts=false, acceptInsecureCerts=false, locationContextEnabled=true, webStorageEnabled=true, browserName=chrome, takesScreenshot=true, javascriptEnabled=true, cssSelectorsEnabled=true, setWindowRect=true, unexpectedAlertBehaviour=}]
Session ID: 0310d83ee2a38065a6f344275d2497a3
Exception occured: org.openqa.selenium.TimeoutException: timeout
  (Session info: chrome=67.0.3396.99)
  (Driver info: chromedriver=2.40.565498 (ea082db3280dd6843ebfb08a625e3eb905c4f5ab),platform=Windows NT 6.3.9600 x86_64) (WARNING: The server did not provide any stacktrace information)
Command duration or timeout: 10.01 seconds
Build info: version: &apos;2.53.0&apos;, revision: &apos;35ae25b1534ae328c771e0856c93e187490ca824&apos;, time: &apos;2016-03-15 10:43:46&apos;
System info: host: &apos;Nikil&apos;, ip: &apos;192.168.254.4&apos;, os.name: &apos;Windows 8.1&apos;, os.arch: &apos;amd64&apos;, os.version: &apos;6.3&apos;, java.version: &apos;1.8.0_131&apos;
Driver info: org.openqa.selenium.chrome.ChromeDriver
Capabilities [{applicationCacheEnabled=false, rotatable=false, mobileEmulationEnabled=false, networkConnectionEnabled=false, chrome={chromedriverVersion=2.40.565498 (ea082db3280dd6843ebfb08a625e3eb905c4f5ab), userDataDir=C:\Users\NIKILK~1\AppData\Local\Temp\scoped_dir13332_9007}, takesHeapSnapshot=true, pageLoadStrategy=normal, databaseEnabled=false, handlesAlerts=true, hasTouchScreen=false, version=67.0.3396.99, platform=WIN8_1, browserConnectionEnabled=false, nativeEvents=true, acceptSslCerts=false, acceptInsecureCerts=false, locationContextEnabled=true, webStorageEnabled=true, browserName=chrome, takesScreenshot=true, javascriptEnabled=true, cssSelectorsEnabled=true, setWindowRect=true, unexpectedAlertBehaviour=}]
Session ID: 0310d83ee2a38065a6f344275d2497a3
Exception occured: org.openqa.selenium.TimeoutException: timeout
  (Session info: chrome=67.0.3396.99)
  (Driver info: chromedriver=2.40.565498 (ea082db3280dd6843ebfb08a625e3eb905c4f5ab),platform=Windows NT 6.3.9600 x86_64) (WARNING: The server did not provide any stacktrace information)
Command duration or timeout: 10.01 seconds
Build info: version: &apos;2.53.0&apos;, revision: &apos;35ae25b1534ae328c771e0856c93e187490ca824&apos;, time: &apos;2016-03-15 10:43:46&apos;
System info: host: &apos;Nikil&apos;, ip: &apos;192.168.254.4&apos;, os.name: &apos;Windows 8.1&apos;, os.arch: &apos;amd64&apos;, os.version: &apos;6.3&apos;, java.version: &apos;1.8.0_131&apos;
Driver info: org.openqa.selenium.chrome.ChromeDriver
Capabilities [{applicationCacheEnabled=false, rotatable=false, mobileEmulationEnabled=false, networkConnectionEnabled=false, chrome={chromedriverVersion=2.40.565498 (ea082db3280dd6843ebfb08a625e3eb905c4f5ab), userDataDir=C:\Users\NIKILK~1\AppData\Local\Temp\scoped_dir13332_9007}, takesHeapSnapshot=true, pageLoadStrategy=normal, databaseEnabled=false, handlesAlerts=true, hasTouchScreen=false, version=67.0.3396.99, platform=WIN8_1, browserConnectionEnabled=false, nativeEvents=true, acceptSslCerts=false, acceptInsecureCerts=false, locationContextEnabled=true, webStorageEnabled=true, browserName=chrome, takesScreenshot=true, javascriptEnabled=true, cssSelectorsEnabled=true, setWindowRect=true, unexpectedAlertBehaviour=}]
Session ID: 0310d83ee2a38065a6f344275d2497a3
Exception occured: org.openqa.selenium.TimeoutException: timeout
  (Session info: chrome=67.0.3396.99)
  (Driver info: chromedriver=2.40.565498 (ea082db3280dd6843ebfb08a625e3eb905c4f5ab),platform=Windows NT 6.3.9600 x86_64) (WARNING: The server did not provide any stacktrace information)
Command duration or timeout: 10.01 seconds
Build info: version: &apos;2.53.0&apos;, revision: &apos;35ae25b1534ae328c771e0856c93e187490ca824&apos;, time: &apos;2016-03-15 10:43:46&apos;
System info: host: &apos;Nikil&apos;, ip: &apos;192.168.254.4&apos;, os.name: &apos;Windows 8.1&apos;, os.arch: &apos;amd64&apos;, os.version: &apos;6.3&apos;, java.version: &apos;1.8.0_131&apos;
Driver info: org.openqa.selenium.chrome.ChromeDriver
Capabilities [{applicationCacheEnabled=false, rotatable=false, mobileEmulationEnabled=false, networkConnectionEnabled=false, chrome={chromedriverVersion=2.40.565498 (ea082db3280dd6843ebfb08a625e3eb905c4f5ab), userDataDir=C:\Users\NIKILK~1\AppData\Local\Temp\scoped_dir13332_9007}, takesHeapSnapshot=true, pageLoadStrategy=normal, databaseEnabled=false, handlesAlerts=true, hasTouchScreen=false, version=67.0.3396.99, platform=WIN8_1, browserConnectionEnabled=false, nativeEvents=true, acceptSslCerts=false, acceptInsecureCerts=false, locationContextEnabled=true, webStorageEnabled=true, browserName=chrome, takesScreenshot=true, javascriptEnabled=true, cssSelectorsEnabled=true, setWindowRect=true, unexpectedAlertBehaviour=}]
Session ID: 0310d83ee2a38065a6f344275d2497a3
Exception occured: org.openqa.selenium.TimeoutException: timeout
  (Session info: chrome=67.0.3396.99)
  (Driver info: chromedriver=2.40.565498 (ea082db3280dd6843ebfb08a625e3eb905c4f5ab),platform=Windows NT 6.3.9600 x86_64) (WARNING: The server did not provide any stacktrace information)
Command duration or timeout: 10.01 seconds
Build info: version: &apos;2.53.0&apos;, revision: &apos;35ae25b1534ae328c771e0856c93e187490ca824&apos;, time: &apos;2016-03-15 10:43:46&apos;
System info: host: &apos;Nikil&apos;, ip: &apos;192.168.254.4&apos;, os.name: &apos;Windows 8.1&apos;, os.arch: &apos;amd64&apos;, os.version: &apos;6.3&apos;, java.version: &apos;1.8.0_131&apos;
Driver info: org.openqa.selenium.chrome.ChromeDriver
Capabilities [{applicationCacheEnabled=false, rotatable=false, mobileEmulationEnabled=false, networkConnectionEnabled=false, chrome={chromedriverVersion=2.40.565498 (ea082db3280dd6843ebfb08a625e3eb905c4f5ab), userDataDir=C:\Users\NIKILK~1\AppData\Local\Temp\scoped_dir13332_9007}, takesHeapSnapshot=true, pageLoadStrategy=normal, databaseEnabled=false, handlesAlerts=true, hasTouchScreen=false, version=67.0.3396.99, platform=WIN8_1, browserConnectionEnabled=false, nativeEvents=true, acceptSslCerts=false, acceptInsecureCerts=false, locationContextEnabled=true, webStorageEnabled=true, browserName=chrome, takesScreenshot=true, javascriptEnabled=true, cssSelectorsEnabled=true, setWindowRect=true, unexpectedAlertBehaviour=}]
Session ID: 0310d83ee2a38065a6f344275d2497a3
Exception occured: org.openqa.selenium.TimeoutException: timeout
  (Session info: chrome=67.0.3396.99)
  (Driver info: chromedriver=2.40.565498 (ea082db3280dd6843ebfb08a625e3eb905c4f5ab),platform=Windows NT 6.3.9600 x86_64) (WARNING: The server did not provide any stacktrace information)
Command duration or timeout: 10.01 seconds
Build info: version: &apos;2.53.0&apos;, revision: &apos;35ae25b1534ae328c771e0856c93e187490ca824&apos;, time: &apos;2016-03-15 10:43:46&apos;
System info: host: &apos;Nikil&apos;, ip: &apos;192.168.254.4&apos;, os.name: &apos;Windows 8.1&apos;, os.arch: &apos;amd64&apos;, os.version: &apos;6.3&apos;, java.version: &apos;1.8.0_131&apos;
Driver info: org.openqa.selenium.chrome.ChromeDriver
Capabilities [{applicationCacheEnabled=false, rotatable=false, mobileEmulationEnabled=false, networkConnectionEnabled=false, chrome={chromedriverVersion=2.40.565498 (ea082db3280dd6843ebfb08a625e3eb905c4f5ab), userDataDir=C:\Users\NIKILK~1\AppData\Local\Temp\scoped_dir13332_9007}, takesHeapSnapshot=true, pageLoadStrategy=normal, databaseEnabled=false, handlesAlerts=true, hasTouchScreen=false, version=67.0.3396.99, platform=WIN8_1, browserConnectionEnabled=false, nativeEvents=true, acceptSslCerts=false, acceptInsecureCerts=false, locationContextEnabled=true, webStorageEnabled=true, browserName=chrome, takesScreenshot=true, javascriptEnabled=true, cssSelectorsEnabled=true, setWindowRect=true, unexpectedAlertBehaviour=}]
Session ID: 0310d83ee2a38065a6f344275d2497a3
Exception occured: org.openqa.selenium.TimeoutException: timeout
  (Session info: chrome=67.0.3396.99)
  (Driver info: chromedriver=2.40.565498 (ea082db3280dd6843ebfb08a625e3eb905c4f5ab),platform=Windows NT 6.3.9600 x86_64) (WARNING: The server did not provide any stacktrace information)
Command duration or timeout: 10.01 seconds
Build info: version: &apos;2.53.0&apos;, revision: &apos;35ae25b1534ae328c771e0856c93e187490ca824&apos;, time: &apos;2016-03-15 10:43:46&apos;
System info: host: &apos;Nikil&apos;, ip: &apos;192.168.254.4&apos;, os.name: &apos;Windows 8.1&apos;, os.arch: &apos;amd64&apos;, os.version: &apos;6.3&apos;, java.version: &apos;1.8.0_131&apos;
Driver info: org.openqa.selenium.chrome.ChromeDriver
Capabilities [{applicationCacheEnabled=false, rotatable=false, mobileEmulationEnabled=false, networkConnectionEnabled=false, chrome={chromedriverVersion=2.40.565498 (ea082db3280dd6843ebfb08a625e3eb905c4f5ab), userDataDir=C:\Users\NIKILK~1\AppData\Local\Temp\scoped_dir13332_9007}, takesHeapSnapshot=true, pageLoadStrategy=normal, databaseEnabled=false, handlesAlerts=true, hasTouchScreen=false, version=67.0.3396.99, platform=WIN8_1, browserConnectionEnabled=false, nativeEvents=true, acceptSslCerts=false, acceptInsecureCerts=false, locationContextEnabled=true, webStorageEnabled=true, browserName=chrome, takesScreenshot=true, javascriptEnabled=true, cssSelectorsEnabled=true, setWindowRect=true, unexpectedAlertBehaviour=}]
Session ID: 0310d83ee2a38065a6f344275d2497a3
Exception occured: org.openqa.selenium.TimeoutException: timeout
  (Session info: chrome=67.0.3396.99)
  (Driver info: chromedriver=2.40.565498 (ea082db3280dd6843ebfb08a625e3eb905c4f5ab),platform=Windows NT 6.3.9600 x86_64) (WARNING: The server did not provide any stacktrace information)
Command duration or timeout: 10.01 seconds
Build info: version: &apos;2.53.0&apos;, revision: &apos;35ae25b1534ae328c771e0856c93e187490ca824&apos;, time: &apos;2016-03-15 10:43:46&apos;
System info: host: &apos;Nikil&apos;, ip: &apos;192.168.254.4&apos;, os.name: &apos;Windows 8.1&apos;, os.arch: &apos;amd64&apos;, os.version: &apos;6.3&apos;, java.version: &apos;1.8.0_131&apos;
Driver info: org.openqa.selenium.chrome.ChromeDriver
Capabilities [{applicationCacheEnabled=false, rotatable=false, mobileEmulationEnabled=false, networkConnectionEnabled=false, chrome={chromedriverVersion=2.40.565498 (ea082db3280dd6843ebfb08a625e3eb905c4f5ab), userDataDir=C:\Users\NIKILK~1\AppData\Local\Temp\scoped_dir13332_9007}, takesHeapSnapshot=true, pageLoadStrategy=normal, databaseEnabled=false, handlesAlerts=true, hasTouchScreen=false, version=67.0.3396.99, platform=WIN8_1, browserConnectionEnabled=false, nativeEvents=true, acceptSslCerts=false, acceptInsecureCerts=false, locationContextEnabled=true, webStorageEnabled=true, browserName=chrome, takesScreenshot=true, javascriptEnabled=true, cssSelectorsEnabled=true, setWindowRect=true, unexpectedAlertBehaviour=}]
Session ID: 0310d83ee2a38065a6f344275d2497a3
Exception occured: org.openqa.selenium.TimeoutException: timeout
  (Session info: chrome=67.0.3396.99)
  (Driver info: chromedriver=2.40.565498 (ea082db3280dd6843ebfb08a625e3eb905c4f5ab),platform=Windows NT 6.3.9600 x86_64) (WARNING: The server did not provide any stacktrace information)
Command duration or timeout: 10.01 seconds
Build info: version: &apos;2.53.0&apos;, revision: &apos;35ae25b1534ae328c771e0856c93e187490ca824&apos;, time: &apos;2016-03-15 10:43:46&apos;
System info: host: &apos;Nikil&apos;, ip: &apos;192.168.254.4&apos;, os.name: &apos;Windows 8.1&apos;, os.arch: &apos;amd64&apos;, os.version: &apos;6.3&apos;, java.version: &apos;1.8.0_131&apos;
Driver info: org.openqa.selenium.chrome.ChromeDriver
Capabilities [{applicationCacheEnabled=false, rotatable=false, mobileEmulationEnabled=false, networkConnectionEnabled=false, chrome={chromedriverVersion=2.40.565498 (ea082db3280dd6843ebfb08a625e3eb905c4f5ab), userDataDir=C:\Users\NIKILK~1\AppData\Local\Temp\scoped_dir13332_9007}, takesHeapSnapshot=true, pageLoadStrategy=normal, databaseEnabled=false, handlesAlerts=true, hasTouchScreen=false, version=67.0.3396.99, platform=WIN8_1, browserConnectionEnabled=false, nativeEvents=true, acceptSslCerts=false, acceptInsecureCerts=false, locationContextEnabled=true, webStorageEnabled=true, browserName=chrome, takesScreenshot=true, javascriptEnabled=true, cssSelectorsEnabled=true, setWindowRect=true, unexpectedAlertBehaviour=}]
Session ID: 0310d83ee2a38065a6f344275d2497a3
Exception occured: org.openqa.selenium.TimeoutException: timeout
  (Session info: chrome=67.0.3396.99)
  (Driver info: chromedriver=2.40.565498 (ea082db3280dd6843ebfb08a625e3eb905c4f5ab),platform=Windows NT 6.3.9600 x86_64) (WARNING: The server did not provide any stacktrace information)
Command duration or timeout: 10.01 seconds
Build info: version: &apos;2.53.0&apos;, revision: &apos;35ae25b1534ae328c771e0856c93e187490ca824&apos;, time: &apos;2016-03-15 10:43:46&apos;
System info: host: &apos;Nikil&apos;, ip: &apos;192.168.254.4&apos;, os.name: &apos;Windows 8.1&apos;, os.arch: &apos;amd64&apos;, os.version: &apos;6.3&apos;, java.version: &apos;1.8.0_131&apos;
Driver info: org.openqa.selenium.chrome.ChromeDriver
Capabilities [{applicationCacheEnabled=false, rotatable=false, mobileEmulationEnabled=false, networkConnectionEnabled=false, chrome={chromedriverVersion=2.40.565498 (ea082db3280dd6843ebfb08a625e3eb905c4f5ab), userDataDir=C:\Users\NIKILK~1\AppData\Local\Temp\scoped_dir13332_9007}, takesHeapSnapshot=true, pageLoadStrategy=normal, databaseEnabled=false, handlesAlerts=true, hasTouchScreen=false, version=67.0.3396.99, platform=WIN8_1, browserConnectionEnabled=false, nativeEvents=true, acceptSslCerts=false, acceptInsecureCerts=false, locationContextEnabled=true, webStorageEnabled=true, browserName=chrome, takesScreenshot=true, javascriptEnabled=true, cssSelectorsEnabled=true, setWindowRect=true, unexpectedAlertBehaviour=}]
Session ID: 0310d83ee2a38065a6f344275d2497a3
Exception occured: org.openqa.selenium.TimeoutException: timeout
  (Session info: chrome=67.0.3396.99)
  (Driver info: chromedriver=2.40.565498 (ea082db3280dd6843ebfb08a625e3eb905c4f5ab),platform=Windows NT 6.3.9600 x86_64) (WARNING: The server did not provide any stacktrace information)
Command duration or timeout: 10.01 seconds
Build info: version: &apos;2.53.0&apos;, revision: &apos;35ae25b1534ae328c771e0856c93e187490ca824&apos;, time: &apos;2016-03-15 10:43:46&apos;
System info: host: &apos;Nikil&apos;, ip: &apos;192.168.254.4&apos;, os.name: &apos;Windows 8.1&apos;, os.arch: &apos;amd64&apos;, os.version: &apos;6.3&apos;, java.version: &apos;1.8.0_131&apos;
Driver info: org.openqa.selenium.chrome.ChromeDriver
Capabilities [{applicationCacheEnabled=false, rotatable=false, mobileEmulationEnabled=false, networkConnectionEnabled=false, chrome={chromedriverVersion=2.40.565498 (ea082db3280dd6843ebfb08a625e3eb905c4f5ab), userDataDir=C:\Users\NIKILK~1\AppData\Local\Temp\scoped_dir13332_9007}, takesHeapSnapshot=true, pageLoadStrategy=normal, databaseEnabled=false, handlesAlerts=true, hasTouchScreen=false, version=67.0.3396.99, platform=WIN8_1, browserConnectionEnabled=false, nativeEvents=true, acceptSslCerts=false, acceptInsecureCerts=false, locationContextEnabled=true, webStorageEnabled=true, browserName=chrome, takesScreenshot=true, javascriptEnabled=true, cssSelectorsEnabled=true, setWindowRect=true, unexpectedAlertBehaviour=}]
Session ID: 0310d83ee2a38065a6f344275d2497a3
Exception occured: org.openqa.selenium.TimeoutException: timeout
  (Session info: chrome=67.0.3396.99)
  (Driver info: chromedriver=2.40.565498 (ea082db3280dd6843ebfb08a625e3eb905c4f5ab),platform=Windows NT 6.3.9600 x86_64) (WARNING: The server did not provide any stacktrace information)
Command duration or timeout: 10.01 seconds
Build info: version: &apos;2.53.0&apos;, revision: &apos;35ae25b1534ae328c771e0856c93e187490ca824&apos;, time: &apos;2016-03-15 10:43:46&apos;
System info: host: &apos;Nikil&apos;, ip: &apos;192.168.254.4&apos;, os.name: &apos;Windows 8.1&apos;, os.arch: &apos;amd64&apos;, os.version: &apos;6.3&apos;, java.version: &apos;1.8.0_131&apos;
Driver info: org.openqa.selenium.chrome.ChromeDriver
Capabilities [{applicationCacheEnabled=false, rotatable=false, mobileEmulationEnabled=false, networkConnectionEnabled=false, chrome={chromedriverVersion=2.40.565498 (ea082db3280dd6843ebfb08a625e3eb905c4f5ab), userDataDir=C:\Users\NIKILK~1\AppData\Local\Temp\scoped_dir13332_9007}, takesHeapSnapshot=true, pageLoadStrategy=normal, databaseEnabled=false, handlesAlerts=true, hasTouchScreen=false, version=67.0.3396.99, platform=WIN8_1, browserConnectionEnabled=false, nativeEvents=true, acceptSslCerts=false, acceptInsecureCerts=false, locationContextEnabled=true, webStorageEnabled=true, browserName=chrome, takesScreenshot=true, javascriptEnabled=true, cssSelectorsEnabled=true, setWindowRect=true, unexpectedAlertBehaviour=}]
Session ID: 0310d83ee2a38065a6f344275d2497a3
Exception occured: org.openqa.selenium.TimeoutException: timeout
  (Session info: chrome=67.0.3396.99)
  (Driver info: chromedriver=2.40.565498 (ea082db3280dd6843ebfb08a625e3eb905c4f5ab),platform=Windows NT 6.3.9600 x86_64) (WARNING: The server did not provide any stacktrace information)
Command duration or timeout: 10.01 seconds
Build info: version: &apos;2.53.0&apos;, revision: &apos;35ae25b1534ae328c771e0856c93e187490ca824&apos;, time: &apos;2016-03-15 10:43:46&apos;
System info: host: &apos;Nikil&apos;, ip: &apos;192.168.254.4&apos;, os.name: &apos;Windows 8.1&apos;, os.arch: &apos;amd64&apos;, os.version: &apos;6.3&apos;, java.version: &apos;1.8.0_131&apos;
Driver info: org.openqa.selenium.chrome.ChromeDriver
Capabilities [{applicationCacheEnabled=false, rotatable=false, mobileEmulationEnabled=false, networkConnectionEnabled=false, chrome={chromedriverVersion=2.40.565498 (ea082db3280dd6843ebfb08a625e3eb905c4f5ab), userDataDir=C:\Users\NIKILK~1\AppData\Local\Temp\scoped_dir13332_9007}, takesHeapSnapshot=true, pageLoadStrategy=normal, databaseEnabled=false, handlesAlerts=true, hasTouchScreen=false, version=67.0.3396.99, platform=WIN8_1, browserConnectionEnabled=false, nativeEvents=true, acceptSslCerts=false, acceptInsecureCerts=false, locationContextEnabled=true, webStorageEnabled=true, browserName=chrome, takesScreenshot=true, javascriptEnabled=true, cssSelectorsEnabled=true, setWindowRect=true, unexpectedAlertBehaviour=}]
Session ID: 0310d83ee2a38065a6f344275d2497a3
Exception occured: org.openqa.selenium.TimeoutException: timeout
  (Session info: chrome=67.0.3396.99)
  (Driver info: chromedriver=2.40.565498 (ea082db3280dd6843ebfb08a625e3eb905c4f5ab),platform=Windows NT 6.3.9600 x86_64) (WARNING: The server did not provide any stacktrace information)
Command duration or timeout: 10.01 seconds
Build info: version: &apos;2.53.0&apos;, revision: &apos;35ae25b1534ae328c771e0856c93e187490ca824&apos;, time: &apos;2016-03-15 10:43:46&apos;
System info: host: &apos;Nikil&apos;, ip: &apos;192.168.254.4&apos;, os.name: &apos;Windows 8.1&apos;, os.arch: &apos;amd64&apos;, os.version: &apos;6.3&apos;, java.version: &apos;1.8.0_131&apos;
Driver info: org.openqa.selenium.chrome.ChromeDriver
Capabilities [{applicationCacheEnabled=false, rotatable=false, mobileEmulationEnabled=false, networkConnectionEnabled=false, chrome={chromedriverVersion=2.40.565498 (ea082db3280dd6843ebfb08a625e3eb905c4f5ab), userDataDir=C:\Users\NIKILK~1\AppData\Local\Temp\scoped_dir13332_9007}, takesHeapSnapshot=true, pageLoadStrategy=normal, databaseEnabled=false, handlesAlerts=true, hasTouchScreen=false, version=67.0.3396.99, platform=WIN8_1, browserConnectionEnabled=false, nativeEvents=true, acceptSslCerts=false, acceptInsecureCerts=false, locationContextEnabled=true, webStorageEnabled=true, browserName=chrome, takesScreenshot=true, javascriptEnabled=true, cssSelectorsEnabled=true, setWindowRect=true, unexpectedAlertBehaviour=}]
Session ID: 0310d83ee2a38065a6f344275d2497a3
Exception occured: org.openqa.selenium.TimeoutException: timeout
  (Session info: chrome=67.0.3396.99)
  (Driver info: chromedriver=2.40.565498 (ea082db3280dd6843ebfb08a625e3eb905c4f5ab),platform=Windows NT 6.3.9600 x86_64) (WARNING: The server did not provide any stacktrace information)
Command duration or timeout: 10.01 seconds
Build info: version: &apos;2.53.0&apos;, revision: &apos;35ae25b1534ae328c771e0856c93e187490ca824&apos;, time: &apos;2016-03-15 10:43:46&apos;
System info: host: &apos;Nikil&apos;, ip: &apos;192.168.254.4&apos;, os.name: &apos;Windows 8.1&apos;, os.arch: &apos;amd64&apos;, os.version: &apos;6.3&apos;, java.version: &apos;1.8.0_131&apos;
Driver info: org.openqa.selenium.chrome.ChromeDriver
Capabilities [{applicationCacheEnabled=false, rotatable=false, mobileEmulationEnabled=false, networkConnectionEnabled=false, chrome={chromedriverVersion=2.40.565498 (ea082db3280dd6843ebfb08a625e3eb905c4f5ab), userDataDir=C:\Users\NIKILK~1\AppData\Local\Temp\scoped_dir13332_9007}, takesHeapSnapshot=true, pageLoadStrategy=normal, databaseEnabled=false, handlesAlerts=true, hasTouchScreen=false, version=67.0.3396.99, platform=WIN8_1, browserConnectionEnabled=false, nativeEvents=true, acceptSslCerts=false, acceptInsecureCerts=false, locationContextEnabled=true, webStorageEnabled=true, browserName=chrome, takesScreenshot=true, javascriptEnabled=true, cssSelectorsEnabled=true, setWindowRect=true, unexpectedAlertBehaviour=}]
Session ID: 0310d83ee2a38065a6f344275d2497a3
Exception occured: org.openqa.selenium.TimeoutException: timeout
  (Session info: chrome=67.0.3396.99)
  (Driver info: chromedriver=2.40.565498 (ea082db3280dd6843ebfb08a625e3eb905c4f5ab),platform=Windows NT 6.3.9600 x86_64) (WARNING: The server did not provide any stacktrace information)
Command duration or timeout: 10.01 seconds
Build info: version: &apos;2.53.0&apos;, revision: &apos;35ae25b1534ae328c771e0856c93e187490ca824&apos;, time: &apos;2016-03-15 10:43:46&apos;
System info: host: &apos;Nikil&apos;, ip: &apos;192.168.254.4&apos;, os.name: &apos;Windows 8.1&apos;, os.arch: &apos;amd64&apos;, os.version: &apos;6.3&apos;, java.version: &apos;1.8.0_131&apos;
Driver info: org.openqa.selenium.chrome.ChromeDriver
Capabilities [{applicationCacheEnabled=false, rotatable=false, mobileEmulationEnabled=false, networkConnectionEnabled=false, chrome={chromedriverVersion=2.40.565498 (ea082db3280dd6843ebfb08a625e3eb905c4f5ab), userDataDir=C:\Users\NIKILK~1\AppData\Local\Temp\scoped_dir13332_9007}, takesHeapSnapshot=true, pageLoadStrategy=normal, databaseEnabled=false, handlesAlerts=true, hasTouchScreen=false, version=67.0.3396.99, platform=WIN8_1, browserConnectionEnabled=false, nativeEvents=true, acceptSslCerts=false, acceptInsecureCerts=false, locationContextEnabled=true, webStorageEnabled=true, browserName=chrome, takesScreenshot=true, javascriptEnabled=true, cssSelectorsEnabled=true, setWindowRect=true, unexpectedAlertBehaviour=}]
Session ID: 0310d83ee2a38065a6f344275d2497a3
Exception occured: org.openqa.selenium.TimeoutException: timeout
  (Session info: chrome=67.0.3396.99)
  (Driver info: chromedriver=2.40.565498 (ea082db3280dd6843ebfb08a625e3eb905c4f5ab),platform=Windows NT 6.3.9600 x86_64) (WARNING: The server did not provide any stacktrace information)
Command duration or timeout: 10.01 seconds
Build info: version: &apos;2.53.0&apos;, revision: &apos;35ae25b1534ae328c771e0856c93e187490ca824&apos;, time: &apos;2016-03-15 10:43:46&apos;
System info: host: &apos;Nikil&apos;, ip: &apos;192.168.254.4&apos;, os.name: &apos;Windows 8.1&apos;, os.arch: &apos;amd64&apos;, os.version: &apos;6.3&apos;, java.version: &apos;1.8.0_131&apos;
Driver info: org.openqa.selenium.chrome.ChromeDriver
Capabilities [{applicationCacheEnabled=false, rotatable=false, mobileEmulationEnabled=false, networkConnectionEnabled=false, chrome={chromedriverVersion=2.40.565498 (ea082db3280dd6843ebfb08a625e3eb905c4f5ab), userDataDir=C:\Users\NIKILK~1\AppData\Local\Temp\scoped_dir13332_9007}, takesHeapSnapshot=true, pageLoadStrategy=normal, databaseEnabled=false, handlesAlerts=true, hasTouchScreen=false, version=67.0.3396.99, platform=WIN8_1, browserConnectionEnabled=false, nativeEvents=true, acceptSslCerts=false, acceptInsecureCerts=false, locationContextEnabled=true, webStorageEnabled=true, browserName=chrome, takesScreenshot=true, javascriptEnabled=true, cssSelectorsEnabled=true, setWindowRect=true, unexpectedAlertBehaviour=}]
Session ID: 0310d83ee2a38065a6f344275d2497a3
Exception occured: org.openqa.selenium.TimeoutException: timeout
  (Session info: chrome=67.0.3396.99)
  (Driver info: chromedriver=2.40.565498 (ea082db3280dd6843ebfb08a625e3eb905c4f5ab),platform=Windows NT 6.3.9600 x86_64) (WARNING: The server did not provide any stacktrace information)
Command duration or timeout: 10.01 seconds
Build info: version: &apos;2.53.0&apos;, revision: &apos;35ae25b1534ae328c771e0856c93e187490ca824&apos;, time: &apos;2016-03-15 10:43:46&apos;
System info: host: &apos;Nikil&apos;, ip: &apos;192.168.254.4&apos;, os.name: &apos;Windows 8.1&apos;, os.arch: &apos;amd64&apos;, os.version: &apos;6.3&apos;, java.version: &apos;1.8.0_131&apos;
Driver info: org.openqa.selenium.chrome.ChromeDriver
Capabilities [{applicationCacheEnabled=false, rotatable=false, mobileEmulationEnabled=false, networkConnectionEnabled=false, chrome={chromedriverVersion=2.40.565498 (ea082db3280dd6843ebfb08a625e3eb905c4f5ab), userDataDir=C:\Users\NIKILK~1\AppData\Local\Temp\scoped_dir13332_9007}, takesHeapSnapshot=true, pageLoadStrategy=normal, databaseEnabled=false, handlesAlerts=true, hasTouchScreen=false, version=67.0.3396.99, platform=WIN8_1, browserConnectionEnabled=false, nativeEvents=true, acceptSslCerts=false, acceptInsecureCerts=false, locationContextEnabled=true, webStorageEnabled=true, browserName=chrome, takesScreenshot=true, javascriptEnabled=true, cssSelectorsEnabled=true, setWindowRect=true, unexpectedAlertBehaviour=}]
Session ID: 0310d83ee2a38065a6f344275d2497a3
Exception occured: org.openqa.selenium.TimeoutException: timeout
  (Session info: chrome=67.0.3396.99)
  (Driver info: chromedriver=2.40.565498 (ea082db3280dd6843ebfb08a625e3eb905c4f5ab),platform=Windows NT 6.3.9600 x86_64) (WARNING: The server did not provide any stacktrace information)
Command duration or timeout: 10.01 seconds
Build info: version: &apos;2.53.0&apos;, revision: &apos;35ae25b1534ae328c771e0856c93e187490ca824&apos;, time: &apos;2016-03-15 10:43:46&apos;
System info: host: &apos;Nikil&apos;, ip: &apos;192.168.254.4&apos;, os.name: &apos;Windows 8.1&apos;, os.arch: &apos;amd64&apos;, os.version: &apos;6.3&apos;, java.version: &apos;1.8.0_131&apos;
Driver info: org.openqa.selenium.chrome.ChromeDriver
Capabilities [{applicationCacheEnabled=false, rotatable=false, mobileEmulationEnabled=false, networkConnectionEnabled=false, chrome={chromedriverVersion=2.40.565498 (ea082db3280dd6843ebfb08a625e3eb905c4f5ab), userDataDir=C:\Users\NIKILK~1\AppData\Local\Temp\scoped_dir13332_9007}, takesHeapSnapshot=true, pageLoadStrategy=normal, databaseEnabled=false, handlesAlerts=true, hasTouchScreen=false, version=67.0.3396.99, platform=WIN8_1, browserConnectionEnabled=false, nativeEvents=true, acceptSslCerts=false, acceptInsecureCerts=false, locationContextEnabled=true, webStorageEnabled=true, browserName=chrome, takesScreenshot=true, javascriptEnabled=true, cssSelectorsEnabled=true, setWindowRect=true, unexpectedAlertBehaviour=}]
Session ID: 0310d83ee2a38065a6f344275d2497a3
Exception occured: org.openqa.selenium.TimeoutException: timeout
  (Session info: chrome=67.0.3396.99)
  (Driver info: chromedriver=2.40.565498 (ea082db3280dd6843ebfb08a625e3eb905c4f5ab),platform=Windows NT 6.3.9600 x86_64) (WARNING: The server did not provide any stacktrace information)
Command duration or timeout: 10.01 seconds
Build info: version: &apos;2.53.0&apos;, revision: &apos;35ae25b1534ae328c771e0856c93e187490ca824&apos;, time: &apos;2016-03-15 10:43:46&apos;
System info: host: &apos;Nikil&apos;, ip: &apos;192.168.254.4&apos;, os.name: &apos;Windows 8.1&apos;, os.arch: &apos;amd64&apos;, os.version: &apos;6.3&apos;, java.version: &apos;1.8.0_131&apos;
Driver info: org.openqa.selenium.chrome.ChromeDriver
Capabilities [{applicationCacheEnabled=false, rotatable=false, mobileEmulationEnabled=false, networkConnectionEnabled=false, chrome={chromedriverVersion=2.40.565498 (ea082db3280dd6843ebfb08a625e3eb905c4f5ab), userDataDir=C:\Users\NIKILK~1\AppData\Local\Temp\scoped_dir13332_9007}, takesHeapSnapshot=true, pageLoadStrategy=normal, databaseEnabled=false, handlesAlerts=true, hasTouchScreen=false, version=67.0.3396.99, platform=WIN8_1, browserConnectionEnabled=false, nativeEvents=true, acceptSslCerts=false, acceptInsecureCerts=false, locationContextEnabled=true, webStorageEnabled=true, browserName=chrome, takesScreenshot=true, javascriptEnabled=true, cssSelectorsEnabled=true, setWindowRect=true, unexpectedAlertBehaviour=}]
Session ID: 0310d83ee2a38065a6f344275d2497a3
Exception occured: org.openqa.selenium.TimeoutException: timeout
  (Session info: chrome=67.0.3396.99)
  (Driver info: chromedriver=2.40.565498 (ea082db3280dd6843ebfb08a625e3eb905c4f5ab),platform=Windows NT 6.3.9600 x86_64) (WARNING: The server did not provide any stacktrace information)
Command duration or timeout: 10.01 seconds
Build info: version: &apos;2.53.0&apos;, revision: &apos;35ae25b1534ae328c771e0856c93e187490ca824&apos;, time: &apos;2016-03-15 10:43:46&apos;
System info: host: &apos;Nikil&apos;, ip: &apos;192.168.254.4&apos;, os.name: &apos;Windows 8.1&apos;, os.arch: &apos;amd64&apos;, os.version: &apos;6.3&apos;, java.version: &apos;1.8.0_131&apos;
Driver info: org.openqa.selenium.chrome.ChromeDriver
Capabilities [{applicationCacheEnabled=false, rotatable=false, mobileEmulationEnabled=false, networkConnectionEnabled=false, chrome={chromedriverVersion=2.40.565498 (ea082db3280dd6843ebfb08a625e3eb905c4f5ab), userDataDir=C:\Users\NIKILK~1\AppData\Local\Temp\scoped_dir13332_9007}, takesHeapSnapshot=true, pageLoadStrategy=normal, databaseEnabled=false, handlesAlerts=true, hasTouchScreen=false, version=67.0.3396.99, platform=WIN8_1, browserConnectionEnabled=false, nativeEvents=true, acceptSslCerts=false, acceptInsecureCerts=false, locationContextEnabled=true, webStorageEnabled=true, browserName=chrome, takesScreenshot=true, javascriptEnabled=true, cssSelectorsEnabled=true, setWindowRect=true, unexpectedAlertBehaviour=}]
Session ID: 0310d83ee2a38065a6f344275d2497a3
Exception occured: org.openqa.selenium.TimeoutException: timeout
  (Session info: chrome=67.0.3396.99)
  (Driver info: chromedriver=2.40.565498 (ea082db3280dd6843ebfb08a625e3eb905c4f5ab),platform=Windows NT 6.3.9600 x86_64) (WARNING: The server did not provide any stacktrace information)
Command duration or timeout: 10.01 seconds
Build info: version: &apos;2.53.0&apos;, revision: &apos;35ae25b1534ae328c771e0856c93e187490ca824&apos;, time: &apos;2016-03-15 10:43:46&apos;
System info: host: &apos;Nikil&apos;, ip: &apos;192.168.254.4&apos;, os.name: &apos;Windows 8.1&apos;, os.arch: &apos;amd64&apos;, os.version: &apos;6.3&apos;, java.version: &apos;1.8.0_131&apos;
Driver info: org.openqa.selenium.chrome.ChromeDriver
Capabilities [{applicationCacheEnabled=false, rotatable=false, mobileEmulationEnabled=false, networkConnectionEnabled=false, chrome={chromedriverVersion=2.40.565498 (ea082db3280dd6843ebfb08a625e3eb905c4f5ab), userDataDir=C:\Users\NIKILK~1\AppData\Local\Temp\scoped_dir13332_9007}, takesHeapSnapshot=true, pageLoadStrategy=normal, databaseEnabled=false, handlesAlerts=true, hasTouchScreen=false, version=67.0.3396.99, platform=WIN8_1, browserConnectionEnabled=false, nativeEvents=true, acceptSslCerts=false, acceptInsecureCerts=false, locationContextEnabled=true, webStorageEnabled=true, browserName=chrome, takesScreenshot=true, javascriptEnabled=true, cssSelectorsEnabled=true, setWindowRect=true, unexpectedAlertBehaviour=}]
Session ID: 0310d83ee2a38065a6f344275d2497a3
Exception occured: org.openqa.selenium.TimeoutException: timeout
  (Session info: chrome=67.0.3396.99)
  (Driver info: chromedriver=2.40.565498 (ea082db3280dd6843ebfb08a625e3eb905c4f5ab),platform=Windows NT 6.3.9600 x86_64) (WARNING: The server did not provide any stacktrace information)
Command duration or timeout: 10.01 seconds
Build info: version: &apos;2.53.0&apos;, revision: &apos;35ae25b1534ae328c771e0856c93e187490ca824&apos;, time: &apos;2016-03-15 10:43:46&apos;
System info: host: &apos;Nikil&apos;, ip: &apos;192.168.254.4&apos;, os.name: &apos;Windows 8.1&apos;, os.arch: &apos;amd64&apos;, os.version: &apos;6.3&apos;, java.version: &apos;1.8.0_131&apos;
Driver info: org.openqa.selenium.chrome.ChromeDriver
Capabilities [{applicationCacheEnabled=false, rotatable=false, mobileEmulationEnabled=false, networkConnectionEnabled=false, chrome={chromedriverVersion=2.40.565498 (ea082db3280dd6843ebfb08a625e3eb905c4f5ab), userDataDir=C:\Users\NIKILK~1\AppData\Local\Temp\scoped_dir13332_9007}, takesHeapSnapshot=true, pageLoadStrategy=normal, databaseEnabled=false, handlesAlerts=true, hasTouchScreen=false, version=67.0.3396.99, platform=WIN8_1, browserConnectionEnabled=false, nativeEvents=true, acceptSslCerts=false, acceptInsecureCerts=false, locationContextEnabled=true, webStorageEnabled=true, browserName=chrome, takesScreenshot=true, javascriptEnabled=true, cssSelectorsEnabled=true, setWindowRect=true, unexpectedAlertBehaviour=}]
Session ID: 0310d83ee2a38065a6f344275d2497a3
Exception occured: org.openqa.selenium.TimeoutException: timeout
  (Session info: chrome=67.0.3396.99)
  (Driver info: chromedriver=2.40.565498 (ea082db3280dd6843ebfb08a625e3eb905c4f5ab),platform=Windows NT 6.3.9600 x86_64) (WARNING: The server did not provide any stacktrace information)
Command duration or timeout: 10.01 seconds
Build info: version: &apos;2.53.0&apos;, revision: &apos;35ae25b1534ae328c771e0856c93e187490ca824&apos;, time: &apos;2016-03-15 10:43:46&apos;
System info: host: &apos;Nikil&apos;, ip: &apos;192.168.254.4&apos;, os.name: &apos;Windows 8.1&apos;, os.arch: &apos;amd64&apos;, os.version: &apos;6.3&apos;, java.version: &apos;1.8.0_131&apos;
Driver info: org.openqa.selenium.chrome.ChromeDriver
Capabilities [{applicationCacheEnabled=false, rotatable=false, mobileEmulationEnabled=false, networkConnectionEnabled=false, chrome={chromedriverVersion=2.40.565498 (ea082db3280dd6843ebfb08a625e3eb905c4f5ab), userDataDir=C:\Users\NIKILK~1\AppData\Local\Temp\scoped_dir13332_9007}, takesHeapSnapshot=true, pageLoadStrategy=normal, databaseEnabled=false, handlesAlerts=true, hasTouchScreen=false, version=67.0.3396.99, platform=WIN8_1, browserConnectionEnabled=false, nativeEvents=true, acceptSslCerts=false, acceptInsecureCerts=false, locationContextEnabled=true, webStorageEnabled=true, browserName=chrome, takesScreenshot=true, javascriptEnabled=true, cssSelectorsEnabled=true, setWindowRect=true, unexpectedAlertBehaviour=}]
Session ID: 0310d83ee2a38065a6f344275d2497a3
Exception occured: org.openqa.selenium.TimeoutException: timeout
  (Session info: chrome=67.0.3396.99)
  (Driver info: chromedriver=2.40.565498 (ea082db3280dd6843ebfb08a625e3eb905c4f5ab),platform=Windows NT 6.3.9600 x86_64) (WARNING: The server did not provide any stacktrace information)
Command duration or timeout: 10.01 seconds
Build info: version: &apos;2.53.0&apos;, revision: &apos;35ae25b1534ae328c771e0856c93e187490ca824&apos;, time: &apos;2016-03-15 10:43:46&apos;
System info: host: &apos;Nikil&apos;, ip: &apos;192.168.254.4&apos;, os.name: &apos;Windows 8.1&apos;, os.arch: &apos;amd64&apos;, os.version: &apos;6.3&apos;, java.version: &apos;1.8.0_131&apos;
Driver info: org.openqa.selenium.chrome.ChromeDriver
Capabilities [{applicationCacheEnabled=false, rotatable=false, mobileEmulationEnabled=false, networkConnectionEnabled=false, chrome={chromedriverVersion=2.40.565498 (ea082db3280dd6843ebfb08a625e3eb905c4f5ab), userDataDir=C:\Users\NIKILK~1\AppData\Local\Temp\scoped_dir13332_9007}, takesHeapSnapshot=true, pageLoadStrategy=normal, databaseEnabled=false, handlesAlerts=true, hasTouchScreen=false, version=67.0.3396.99, platform=WIN8_1, browserConnectionEnabled=false, nativeEvents=true, acceptSslCerts=false, acceptInsecureCerts=false, locationContextEnabled=true, webStorageEnabled=true, browserName=chrome, takesScreenshot=true, javascriptEnabled=true, cssSelectorsEnabled=true, setWindowRect=true, unexpectedAlertBehaviour=}]
Session ID: 0310d83ee2a38065a6f344275d2497a3
Exception occured: org.openqa.selenium.TimeoutException: timeout
  (Session info: chrome=67.0.3396.99)
  (Driver info: chromedriver=2.40.565498 (ea082db3280dd6843ebfb08a625e3eb905c4f5ab),platform=Windows NT 6.3.9600 x86_64) (WARNING: The server did not provide any stacktrace information)
Command duration or timeout: 10.01 seconds
Build info: version: &apos;2.53.0&apos;, revision: &apos;35ae25b1534ae328c771e0856c93e187490ca824&apos;, time: &apos;2016-03-15 10:43:46&apos;
System info: host: &apos;Nikil&apos;, ip: &apos;192.168.254.4&apos;, os.name: &apos;Windows 8.1&apos;, os.arch: &apos;amd64&apos;, os.version: &apos;6.3&apos;, java.version: &apos;1.8.0_131&apos;
Driver info: org.openqa.selenium.chrome.ChromeDriver
Capabilities [{applicationCacheEnabled=false, rotatable=false, mobileEmulationEnabled=false, networkConnectionEnabled=false, chrome={chromedriverVersion=2.40.565498 (ea082db3280dd6843ebfb08a625e3eb905c4f5ab), userDataDir=C:\Users\NIKILK~1\AppData\Local\Temp\scoped_dir13332_9007}, takesHeapSnapshot=true, pageLoadStrategy=normal, databaseEnabled=false, handlesAlerts=true, hasTouchScreen=false, version=67.0.3396.99, platform=WIN8_1, browserConnectionEnabled=false, nativeEvents=true, acceptSslCerts=false, acceptInsecureCerts=false, locationContextEnabled=true, webStorageEnabled=true, browserName=chrome, takesScreenshot=true, javascriptEnabled=true, cssSelectorsEnabled=true, setWindowRect=true, unexpectedAlertBehaviour=}]
Session ID: 0310d83ee2a38065a6f344275d2497a3
Exception occured: org.openqa.selenium.TimeoutException: timeout
  (Session info: chrome=67.0.3396.99)
  (Driver info: chromedriver=2.40.565498 (ea082db3280dd6843ebfb08a625e3eb905c4f5ab),platform=Windows NT 6.3.9600 x86_64) (WARNING: The server did not provide any stacktrace information)
Command duration or timeout: 10.01 seconds
Build info: version: &apos;2.53.0&apos;, revision: &apos;35ae25b1534ae328c771e0856c93e187490ca824&apos;, time: &apos;2016-03-15 10:43:46&apos;
System info: host: &apos;Nikil&apos;, ip: &apos;192.168.254.4&apos;, os.name: &apos;Windows 8.1&apos;, os.arch: &apos;amd64&apos;, os.version: &apos;6.3&apos;, java.version: &apos;1.8.0_131&apos;
Driver info: org.openqa.selenium.chrome.ChromeDriver
Capabilities [{applicationCacheEnabled=false, rotatable=false, mobileEmulationEnabled=false, networkConnectionEnabled=false, chrome={chromedriverVersion=2.40.565498 (ea082db3280dd6843ebfb08a625e3eb905c4f5ab), userDataDir=C:\Users\NIKILK~1\AppData\Local\Temp\scoped_dir13332_9007}, takesHeapSnapshot=true, pageLoadStrategy=normal, databaseEnabled=false, handlesAlerts=true, hasTouchScreen=false, version=67.0.3396.99, platform=WIN8_1, browserConnectionEnabled=false, nativeEvents=true, acceptSslCerts=false, acceptInsecureCerts=false, locationContextEnabled=true, webStorageEnabled=true, browserName=chrome, takesScreenshot=true, javascriptEnabled=true, cssSelectorsEnabled=true, setWindowRect=true, unexpectedAlertBehaviour=}]
Session ID: 0310d83ee2a38065a6f344275d2497a3
Exception occured: org.openqa.selenium.TimeoutException: timeout
  (Session info: chrome=67.0.3396.99)
  (Driver info: chromedriver=2.40.565498 (ea082db3280dd6843ebfb08a625e3eb905c4f5ab),platform=Windows NT 6.3.9600 x86_64) (WARNING: The server did not provide any stacktrace information)
Command duration or timeout: 10.01 seconds
Build info: version: &apos;2.53.0&apos;, revision: &apos;35ae25b1534ae328c771e0856c93e187490ca824&apos;, time: &apos;2016-03-15 10:43:46&apos;
System info: host: &apos;Nikil&apos;, ip: &apos;192.168.254.4&apos;, os.name: &apos;Windows 8.1&apos;, os.arch: &apos;amd64&apos;, os.version: &apos;6.3&apos;, java.version: &apos;1.8.0_131&apos;
Driver info: org.openqa.selenium.chrome.ChromeDriver
Capabilities [{applicationCacheEnabled=false, rotatable=false, mobileEmulationEnabled=false, networkConnectionEnabled=false, chrome={chromedriverVersion=2.40.565498 (ea082db3280dd6843ebfb08a625e3eb905c4f5ab), userDataDir=C:\Users\NIKILK~1\AppData\Local\Temp\scoped_dir13332_9007}, takesHeapSnapshot=true, pageLoadStrategy=normal, databaseEnabled=false, handlesAlerts=true, hasTouchScreen=false, version=67.0.3396.99, platform=WIN8_1, browserConnectionEnabled=false, nativeEvents=true, acceptSslCerts=false, acceptInsecureCerts=false, locationContextEnabled=true, webStorageEnabled=true, browserName=chrome, takesScreenshot=true, javascriptEnabled=true, cssSelectorsEnabled=true, setWindowRect=true, unexpectedAlertBehaviour=}]
Session ID: 0310d83ee2a38065a6f344275d2497a3
Exception occured: org.openqa.selenium.TimeoutException: timeout
  (Session info: chrome=67.0.3396.99)
  (Driver info: chromedriver=2.40.565498 (ea082db3280dd6843ebfb08a625e3eb905c4f5ab),platform=Windows NT 6.3.9600 x86_64) (WARNING: The server did not provide any stacktrace information)
Command duration or timeout: 10.01 seconds
Build info: version: &apos;2.53.0&apos;, revision: &apos;35ae25b1534ae328c771e0856c93e187490ca824&apos;, time: &apos;2016-03-15 10:43:46&apos;
System info: host: &apos;Nikil&apos;, ip: &apos;192.168.254.4&apos;, os.name: &apos;Windows 8.1&apos;, os.arch: &apos;amd64&apos;, os.version: &apos;6.3&apos;, java.version: &apos;1.8.0_131&apos;
Driver info: org.openqa.selenium.chrome.ChromeDriver
Capabilities [{applicationCacheEnabled=false, rotatable=false, mobileEmulationEnabled=false, networkConnectionEnabled=false, chrome={chromedriverVersion=2.40.565498 (ea082db3280dd6843ebfb08a625e3eb905c4f5ab), userDataDir=C:\Users\NIKILK~1\AppData\Local\Temp\scoped_dir13332_9007}, takesHeapSnapshot=true, pageLoadStrategy=normal, databaseEnabled=false, handlesAlerts=true, hasTouchScreen=false, version=67.0.3396.99, platform=WIN8_1, browserConnectionEnabled=false, nativeEvents=true, acceptSslCerts=false, acceptInsecureCerts=false, locationContextEnabled=true, webStorageEnabled=true, browserName=chrome, takesScreenshot=true, javascriptEnabled=true, cssSelectorsEnabled=true, setWindowRect=true, unexpectedAlertBehaviour=}]
Session ID: 0310d83ee2a38065a6f344275d2497a3
Exception occured: org.openqa.selenium.TimeoutException: timeout
  (Session info: chrome=67.0.3396.99)
  (Driver info: chromedriver=2.40.565498 (ea082db3280dd6843ebfb08a625e3eb905c4f5ab),platform=Windows NT 6.3.9600 x86_64) (WARNING: The server did not provide any stacktrace information)
Command duration or timeout: 10.01 seconds
Build info: version: &apos;2.53.0&apos;, revision: &apos;35ae25b1534ae328c771e0856c93e187490ca824&apos;, time: &apos;2016-03-15 10:43:46&apos;
System info: host: &apos;Nikil&apos;, ip: &apos;192.168.254.4&apos;, os.name: &apos;Windows 8.1&apos;, os.arch: &apos;amd64&apos;, os.version: &apos;6.3&apos;, java.version: &apos;1.8.0_131&apos;
Driver info: org.openqa.selenium.chrome.ChromeDriver
Capabilities [{applicationCacheEnabled=false, rotatable=false, mobileEmulationEnabled=false, networkConnectionEnabled=false, chrome={chromedriverVersion=2.40.565498 (ea082db3280dd6843ebfb08a625e3eb905c4f5ab), userDataDir=C:\Users\NIKILK~1\AppData\Local\Temp\scoped_dir13332_9007}, takesHeapSnapshot=true, pageLoadStrategy=normal, databaseEnabled=false, handlesAlerts=true, hasTouchScreen=false, version=67.0.3396.99, platform=WIN8_1, browserConnectionEnabled=false, nativeEvents=true, acceptSslCerts=false, acceptInsecureCerts=false, locationContextEnabled=true, webStorageEnabled=true, browserName=chrome, takesScreenshot=true, javascriptEnabled=true, cssSelectorsEnabled=true, setWindowRect=true, unexpectedAlertBehaviour=}]
Session ID: 0310d83ee2a38065a6f344275d2497a3
Exception occured: org.openqa.selenium.TimeoutException: timeout
  (Session info: chrome=67.0.3396.99)
  (Driver info: chromedriver=2.40.565498 (ea082db3280dd6843ebfb08a625e3eb905c4f5ab),platform=Windows NT 6.3.9600 x86_64) (WARNING: The server did not provide any stacktrace information)
Command duration or timeout: 10.01 seconds
Build info: version: &apos;2.53.0&apos;, revision: &apos;35ae25b1534ae328c771e0856c93e187490ca824&apos;, time: &apos;2016-03-15 10:43:46&apos;
System info: host: &apos;Nikil&apos;, ip: &apos;192.168.254.4&apos;, os.name: &apos;Windows 8.1&apos;, os.arch: &apos;amd64&apos;, os.version: &apos;6.3&apos;, java.version: &apos;1.8.0_131&apos;
Driver info: org.openqa.selenium.chrome.ChromeDriver
Capabilities [{applicationCacheEnabled=false, rotatable=false, mobileEmulationEnabled=false, networkConnectionEnabled=false, chrome={chromedriverVersion=2.40.565498 (ea082db3280dd6843ebfb08a625e3eb905c4f5ab), userDataDir=C:\Users\NIKILK~1\AppData\Local\Temp\scoped_dir13332_9007}, takesHeapSnapshot=true, pageLoadStrategy=normal, databaseEnabled=false, handlesAlerts=true, hasTouchScreen=false, version=67.0.3396.99, platform=WIN8_1, browserConnectionEnabled=false, nativeEvents=true, acceptSslCerts=false, acceptInsecureCerts=false, locationContextEnabled=true, webStorageEnabled=true, browserName=chrome, takesScreenshot=true, javascriptEnabled=true, cssSelectorsEnabled=true, setWindowRect=true, unexpectedAlertBehaviour=}]
Session ID: 0310d83ee2a38065a6f344275d2497a3
Exception occured: org.openqa.selenium.TimeoutException: timeout
  (Session info: chrome=67.0.3396.99)
  (Driver info: chromedriver=2.40.565498 (ea082db3280dd6843ebfb08a625e3eb905c4f5ab),platform=Windows NT 6.3.9600 x86_64) (WARNING: The server did not provide any stacktrace information)
Command duration or timeout: 10.01 seconds
Build info: version: &apos;2.53.0&apos;, revision: &apos;35ae25b1534ae328c771e0856c93e187490ca824&apos;, time: &apos;2016-03-15 10:43:46&apos;
System info: host: &apos;Nikil&apos;, ip: &apos;192.168.254.4&apos;, os.name: &apos;Windows 8.1&apos;, os.arch: &apos;amd64&apos;, os.version: &apos;6.3&apos;, java.version: &apos;1.8.0_131&apos;
Driver info: org.openqa.selenium.chrome.ChromeDriver
Capabilities [{applicationCacheEnabled=false, rotatable=false, mobileEmulationEnabled=false, networkConnectionEnabled=false, chrome={chromedriverVersion=2.40.565498 (ea082db3280dd6843ebfb08a625e3eb905c4f5ab), userDataDir=C:\Users\NIKILK~1\AppData\Local\Temp\scoped_dir13332_9007}, takesHeapSnapshot=true, pageLoadStrategy=normal, databaseEnabled=false, handlesAlerts=true, hasTouchScreen=false, version=67.0.3396.99, platform=WIN8_1, browserConnectionEnabled=false, nativeEvents=true, acceptSslCerts=false, acceptInsecureCerts=false, locationContextEnabled=true, webStorageEnabled=true, browserName=chrome, takesScreenshot=true, javascriptEnabled=true, cssSelectorsEnabled=true, setWindowRect=true, unexpectedAlertBehaviour=}]
Session ID: 0310d83ee2a38065a6f344275d2497a3
Exception occured: org.openqa.selenium.TimeoutException: timeout
  (Session info: chrome=67.0.3396.99)
  (Driver info: chromedriver=2.40.565498 (ea082db3280dd6843ebfb08a625e3eb905c4f5ab),platform=Windows NT 6.3.9600 x86_64) (WARNING: The server did not provide any stacktrace information)
Command duration or timeout: 10.01 seconds
Build info: version: &apos;2.53.0&apos;, revision: &apos;35ae25b1534ae328c771e0856c93e187490ca824&apos;, time: &apos;2016-03-15 10:43:46&apos;
System info: host: &apos;Nikil&apos;, ip: &apos;192.168.254.4&apos;, os.name: &apos;Windows 8.1&apos;, os.arch: &apos;amd64&apos;, os.version: &apos;6.3&apos;, java.version: &apos;1.8.0_131&apos;
Driver info: org.openqa.selenium.chrome.ChromeDriver
Capabilities [{applicationCacheEnabled=false, rotatable=false, mobileEmulationEnabled=false, networkConnectionEnabled=false, chrome={chromedriverVersion=2.40.565498 (ea082db3280dd6843ebfb08a625e3eb905c4f5ab), userDataDir=C:\Users\NIKILK~1\AppData\Local\Temp\scoped_dir13332_9007}, takesHeapSnapshot=true, pageLoadStrategy=normal, databaseEnabled=false, handlesAlerts=true, hasTouchScreen=false, version=67.0.3396.99, platform=WIN8_1, browserConnectionEnabled=false, nativeEvents=true, acceptSslCerts=false, acceptInsecureCerts=false, locationContextEnabled=true, webStorageEnabled=true, browserName=chrome, takesScreenshot=true, javascriptEnabled=true, cssSelectorsEnabled=true, setWindowRect=true, unexpectedAlertBehaviour=}]
Session ID: 0310d83ee2a38065a6f344275d2497a3
Exception occured: org.openqa.selenium.TimeoutException: timeout
  (Session info: chrome=67.0.3396.99)
  (Driver info: chromedriver=2.40.565498 (ea082db3280dd6843ebfb08a625e3eb905c4f5ab),platform=Windows NT 6.3.9600 x86_64) (WARNING: The server did not provide any stacktrace information)
Command duration or timeout: 10.01 seconds
Build info: version: &apos;2.53.0&apos;, revision: &apos;35ae25b1534ae328c771e0856c93e187490ca824&apos;, time: &apos;2016-03-15 10:43:46&apos;
System info: host: &apos;Nikil&apos;, ip: &apos;192.168.254.4&apos;, os.name: &apos;Windows 8.1&apos;, os.arch: &apos;amd64&apos;, os.version: &apos;6.3&apos;, java.version: &apos;1.8.0_131&apos;
Driver info: org.openqa.selenium.chrome.ChromeDriver
Capabilities [{applicationCacheEnabled=false, rotatable=false, mobileEmulationEnabled=false, networkConnectionEnabled=false, chrome={chromedriverVersion=2.40.565498 (ea082db3280dd6843ebfb08a625e3eb905c4f5ab), userDataDir=C:\Users\NIKILK~1\AppData\Local\Temp\scoped_dir13332_9007}, takesHeapSnapshot=true, pageLoadStrategy=normal, databaseEnabled=false, handlesAlerts=true, hasTouchScreen=false, version=67.0.3396.99, platform=WIN8_1, browserConnectionEnabled=false, nativeEvents=true, acceptSslCerts=false, acceptInsecureCerts=false, locationContextEnabled=true, webStorageEnabled=true, browserName=chrome, takesScreenshot=true, javascriptEnabled=true, cssSelectorsEnabled=true, setWindowRect=true, unexpectedAlertBehaviour=}]
Session ID: 0310d83ee2a38065a6f344275d2497a3
Exception occured: org.openqa.selenium.TimeoutException: timeout
  (Session info: chrome=67.0.3396.99)
  (Driver info: chromedriver=2.40.565498 (ea082db3280dd6843ebfb08a625e3eb905c4f5ab),platform=Windows NT 6.3.9600 x86_64) (WARNING: The server did not provide any stacktrace information)
Command duration or timeout: 10.01 seconds
Build info: version: &apos;2.53.0&apos;, revision: &apos;35ae25b1534ae328c771e0856c93e187490ca824&apos;, time: &apos;2016-03-15 10:43:46&apos;
System info: host: &apos;Nikil&apos;, ip: &apos;192.168.254.4&apos;, os.name: &apos;Windows 8.1&apos;, os.arch: &apos;amd64&apos;, os.version: &apos;6.3&apos;, java.version: &apos;1.8.0_131&apos;
Driver info: org.openqa.selenium.chrome.ChromeDriver
Capabilities [{applicationCacheEnabled=false, rotatable=false, mobileEmulationEnabled=false, networkConnectionEnabled=false, chrome={chromedriverVersion=2.40.565498 (ea082db3280dd6843ebfb08a625e3eb905c4f5ab), userDataDir=C:\Users\NIKILK~1\AppData\Local\Temp\scoped_dir13332_9007}, takesHeapSnapshot=true, pageLoadStrategy=normal, databaseEnabled=false, handlesAlerts=true, hasTouchScreen=false, version=67.0.3396.99, platform=WIN8_1, browserConnectionEnabled=false, nativeEvents=true, acceptSslCerts=false, acceptInsecureCerts=false, locationContextEnabled=true, webStorageEnabled=true, browserName=chrome, takesScreenshot=true, javascriptEnabled=true, cssSelectorsEnabled=true, setWindowRect=true, unexpectedAlertBehaviour=}]
Session ID: 0310d83ee2a38065a6f344275d2497a3
Exception occured: org.openqa.selenium.TimeoutException: timeout
  (Session info: chrome=67.0.3396.99)
  (Driver info: chromedriver=2.40.565498 (ea082db3280dd6843ebfb08a625e3eb905c4f5ab),platform=Windows NT 6.3.9600 x86_64) (WARNING: The server did not provide any stacktrace information)
Command duration or timeout: 10.01 seconds
Build info: version: &apos;2.53.0&apos;, revision: &apos;35ae25b1534ae328c771e0856c93e187490ca824&apos;, time: &apos;2016-03-15 10:43:46&apos;
System info: host: &apos;Nikil&apos;, ip: &apos;192.168.254.4&apos;, os.name: &apos;Windows 8.1&apos;, os.arch: &apos;amd64&apos;, os.version: &apos;6.3&apos;, java.version: &apos;1.8.0_131&apos;
Driver info: org.openqa.selenium.chrome.ChromeDriver
Capabilities [{applicationCacheEnabled=false, rotatable=false, mobileEmulationEnabled=false, networkConnectionEnabled=false, chrome={chromedriverVersion=2.40.565498 (ea082db3280dd6843ebfb08a625e3eb905c4f5ab), userDataDir=C:\Users\NIKILK~1\AppData\Local\Temp\scoped_dir13332_9007}, takesHeapSnapshot=true, pageLoadStrategy=normal, databaseEnabled=false, handlesAlerts=true, hasTouchScreen=false, version=67.0.3396.99, platform=WIN8_1, browserConnectionEnabled=false, nativeEvents=true, acceptSslCerts=false, acceptInsecureCerts=false, locationContextEnabled=true, webStorageEnabled=true, browserName=chrome, takesScreenshot=true, javascriptEnabled=true, cssSelectorsEnabled=true, setWindowRect=true, unexpectedAlertBehaviour=}]
Session ID: 0310d83ee2a38065a6f344275d2497a3
Exception occured: org.openqa.selenium.TimeoutException: timeout
  (Session info: chrome=67.0.3396.99)
  (Driver info: chromedriver=2.40.565498 (ea082db3280dd6843ebfb08a625e3eb905c4f5ab),platform=Windows NT 6.3.9600 x86_64) (WARNING: The server did not provide any stacktrace information)
Command duration or timeout: 10.01 seconds
Build info: version: &apos;2.53.0&apos;, revision: &apos;35ae25b1534ae328c771e0856c93e187490ca824&apos;, time: &apos;2016-03-15 10:43:46&apos;
System info: host: &apos;Nikil&apos;, ip: &apos;192.168.254.4&apos;, os.name: &apos;Windows 8.1&apos;, os.arch: &apos;amd64&apos;, os.version: &apos;6.3&apos;, java.version: &apos;1.8.0_131&apos;
Driver info: org.openqa.selenium.chrome.ChromeDriver
Capabilities [{applicationCacheEnabled=false, rotatable=false, mobileEmulationEnabled=false, networkConnectionEnabled=false, chrome={chromedriverVersion=2.40.565498 (ea082db3280dd6843ebfb08a625e3eb905c4f5ab), userDataDir=C:\Users\NIKILK~1\AppData\Local\Temp\scoped_dir13332_9007}, takesHeapSnapshot=true, pageLoadStrategy=normal, databaseEnabled=false, handlesAlerts=true, hasTouchScreen=false, version=67.0.3396.99, platform=WIN8_1, browserConnectionEnabled=false, nativeEvents=true, acceptSslCerts=false, acceptInsecureCerts=false, locationContextEnabled=true, webStorageEnabled=true, browserName=chrome, takesScreenshot=true, javascriptEnabled=true, cssSelectorsEnabled=true, setWindowRect=true, unexpectedAlertBehaviour=}]
Session ID: 0310d83ee2a38065a6f344275d2497a3
Exception occured: org.openqa.selenium.TimeoutException: timeout
  (Session info: chrome=67.0.3396.99)
  (Driver info: chromedriver=2.40.565498 (ea082db3280dd6843ebfb08a625e3eb905c4f5ab),platform=Windows NT 6.3.9600 x86_64) (WARNING: The server did not provide any stacktrace information)
Command duration or timeout: 10.01 seconds
Build info: version: &apos;2.53.0&apos;, revision: &apos;35ae25b1534ae328c771e0856c93e187490ca824&apos;, time: &apos;2016-03-15 10:43:46&apos;
System info: host: &apos;Nikil&apos;, ip: &apos;192.168.254.4&apos;, os.name: &apos;Windows 8.1&apos;, os.arch: &apos;amd64&apos;, os.version: &apos;6.3&apos;, java.version: &apos;1.8.0_131&apos;
Driver info: org.openqa.selenium.chrome.ChromeDriver
Capabilities [{applicationCacheEnabled=false, rotatable=false, mobileEmulationEnabled=false, networkConnectionEnabled=false, chrome={chromedriverVersion=2.40.565498 (ea082db3280dd6843ebfb08a625e3eb905c4f5ab), userDataDir=C:\Users\NIKILK~1\AppData\Local\Temp\scoped_dir13332_9007}, takesHeapSnapshot=true, pageLoadStrategy=normal, databaseEnabled=false, handlesAlerts=true, hasTouchScreen=false, version=67.0.3396.99, platform=WIN8_1, browserConnectionEnabled=false, nativeEvents=true, acceptSslCerts=false, acceptInsecureCerts=false, locationContextEnabled=true, webStorageEnabled=true, browserName=chrome, takesScreenshot=true, javascriptEnabled=true, cssSelectorsEnabled=true, setWindowRect=true, unexpectedAlertBehaviour=}]
Session ID: 0310d83ee2a38065a6f344275d2497a3
Exception occured: org.openqa.selenium.TimeoutException: timeout
  (Session info: chrome=67.0.3396.99)
  (Driver info: chromedriver=2.40.565498 (ea082db3280dd6843ebfb08a625e3eb905c4f5ab),platform=Windows NT 6.3.9600 x86_64) (WARNING: The server did not provide any stacktrace information)
Command duration or timeout: 10.01 seconds
Build info: version: &apos;2.53.0&apos;, revision: &apos;35ae25b1534ae328c771e0856c93e187490ca824&apos;, time: &apos;2016-03-15 10:43:46&apos;
System info: host: &apos;Nikil&apos;, ip: &apos;192.168.254.4&apos;, os.name: &apos;Windows 8.1&apos;, os.arch: &apos;amd64&apos;, os.version: &apos;6.3&apos;, java.version: &apos;1.8.0_131&apos;
Driver info: org.openqa.selenium.chrome.ChromeDriver
Capabilities [{applicationCacheEnabled=false, rotatable=false, mobileEmulationEnabled=false, networkConnectionEnabled=false, chrome={chromedriverVersion=2.40.565498 (ea082db3280dd6843ebfb08a625e3eb905c4f5ab), userDataDir=C:\Users\NIKILK~1\AppData\Local\Temp\scoped_dir13332_9007}, takesHeapSnapshot=true, pageLoadStrategy=normal, databaseEnabled=false, handlesAlerts=true, hasTouchScreen=false, version=67.0.3396.99, platform=WIN8_1, browserConnectionEnabled=false, nativeEvents=true, acceptSslCerts=false, acceptInsecureCerts=false, locationContextEnabled=true, webStorageEnabled=true, browserName=chrome, takesScreenshot=true, javascriptEnabled=true, cssSelectorsEnabled=true, setWindowRect=true, unexpectedAlertBehaviour=}]
Session ID: 0310d83ee2a38065a6f344275d2497a3
Exception occured: org.openqa.selenium.TimeoutException: timeout
  (Session info: chrome=67.0.3396.99)
  (Driver info: chromedriver=2.40.565498 (ea082db3280dd6843ebfb08a625e3eb905c4f5ab),platform=Windows NT 6.3.9600 x86_64) (WARNING: The server did not provide any stacktrace information)
Command duration or timeout: 10.01 seconds
Build info: version: &apos;2.53.0&apos;, revision: &apos;35ae25b1534ae328c771e0856c93e187490ca824&apos;, time: &apos;2016-03-15 10:43:46&apos;
System info: host: &apos;Nikil&apos;, ip: &apos;192.168.254.4&apos;, os.name: &apos;Windows 8.1&apos;, os.arch: &apos;amd64&apos;, os.version: &apos;6.3&apos;, java.version: &apos;1.8.0_131&apos;
Driver info: org.openqa.selenium.chrome.ChromeDriver
Capabilities [{applicationCacheEnabled=false, rotatable=false, mobileEmulationEnabled=false, networkConnectionEnabled=false, chrome={chromedriverVersion=2.40.565498 (ea082db3280dd6843ebfb08a625e3eb905c4f5ab), userDataDir=C:\Users\NIKILK~1\AppData\Local\Temp\scoped_dir13332_9007}, takesHeapSnapshot=true, pageLoadStrategy=normal, databaseEnabled=false, handlesAlerts=true, hasTouchScreen=false, version=67.0.3396.99, platform=WIN8_1, browserConnectionEnabled=false, nativeEvents=true, acceptSslCerts=false, acceptInsecureCerts=false, locationContextEnabled=true, webStorageEnabled=true, browserName=chrome, takesScreenshot=true, javascriptEnabled=true, cssSelectorsEnabled=true, setWindowRect=true, unexpectedAlertBehaviour=}]
Session ID: 0310d83ee2a38065a6f344275d2497a3
Exception occured: org.openqa.selenium.TimeoutException: timeout
  (Session info: chrome=67.0.3396.99)
  (Driver info: chromedriver=2.40.565498 (ea082db3280dd6843ebfb08a625e3eb905c4f5ab),platform=Windows NT 6.3.9600 x86_64) (WARNING: The server did not provide any stacktrace information)
Command duration or timeout: 10.01 seconds
Build info: version: &apos;2.53.0&apos;, revision: &apos;35ae25b1534ae328c771e0856c93e187490ca824&apos;, time: &apos;2016-03-15 10:43:46&apos;
System info: host: &apos;Nikil&apos;, ip: &apos;192.168.254.4&apos;, os.name: &apos;Windows 8.1&apos;, os.arch: &apos;amd64&apos;, os.version: &apos;6.3&apos;, java.version: &apos;1.8.0_131&apos;
Driver info: org.openqa.selenium.chrome.ChromeDriver
Capabilities [{applicationCacheEnabled=false, rotatable=false, mobileEmulationEnabled=false, networkConnectionEnabled=false, chrome={chromedriverVersion=2.40.565498 (ea082db3280dd6843ebfb08a625e3eb905c4f5ab), userDataDir=C:\Users\NIKILK~1\AppData\Local\Temp\scoped_dir13332_9007}, takesHeapSnapshot=true, pageLoadStrategy=normal, databaseEnabled=false, handlesAlerts=true, hasTouchScreen=false, version=67.0.3396.99, platform=WIN8_1, browserConnectionEnabled=false, nativeEvents=true, acceptSslCerts=false, acceptInsecureCerts=false, locationContextEnabled=true, webStorageEnabled=true, browserName=chrome, takesScreenshot=true, javascriptEnabled=true, cssSelectorsEnabled=true, setWindowRect=true, unexpectedAlertBehaviour=}]
Session ID: 0310d83ee2a38065a6f344275d2497a3
Exception occured: org.openqa.selenium.TimeoutException: timeout
  (Session info: chrome=67.0.3396.99)
  (Driver info: chromedriver=2.40.565498 (ea082db3280dd6843ebfb08a625e3eb905c4f5ab),platform=Windows NT 6.3.9600 x86_64) (WARNING: The server did not provide any stacktrace information)
Command duration or timeout: 10.01 seconds
Build info: version: &apos;2.53.0&apos;, revision: &apos;35ae25b1534ae328c771e0856c93e187490ca824&apos;, time: &apos;2016-03-15 10:43:46&apos;
System info: host: &apos;Nikil&apos;, ip: &apos;192.168.254.4&apos;, os.name: &apos;Windows 8.1&apos;, os.arch: &apos;amd64&apos;, os.version: &apos;6.3&apos;, java.version: &apos;1.8.0_131&apos;
Driver info: org.openqa.selenium.chrome.ChromeDriver
Capabilities [{applicationCacheEnabled=false, rotatable=false, mobileEmulationEnabled=false, networkConnectionEnabled=false, chrome={chromedriverVersion=2.40.565498 (ea082db3280dd6843ebfb08a625e3eb905c4f5ab), userDataDir=C:\Users\NIKILK~1\AppData\Local\Temp\scoped_dir13332_9007}, takesHeapSnapshot=true, pageLoadStrategy=normal, databaseEnabled=false, handlesAlerts=true, hasTouchScreen=false, version=67.0.3396.99, platform=WIN8_1, browserConnectionEnabled=false, nativeEvents=true, acceptSslCerts=false, acceptInsecureCerts=false, locationContextEnabled=true, webStorageEnabled=true, browserName=chrome, takesScreenshot=true, javascriptEnabled=true, cssSelectorsEnabled=true, setWindowRect=true, unexpectedAlertBehaviour=}]
Session ID: 0310d83ee2a38065a6f344275d2497a3
Exception occured: org.openqa.selenium.TimeoutException: timeout
  (Session info: chrome=67.0.3396.99)
  (Driver info: chromedriver=2.40.565498 (ea082db3280dd6843ebfb08a625e3eb905c4f5ab),platform=Windows NT 6.3.9600 x86_64) (WARNING: The server did not provide any stacktrace information)
Command duration or timeout: 10.01 seconds
Build info: version: &apos;2.53.0&apos;, revision: &apos;35ae25b1534ae328c771e0856c93e187490ca824&apos;, time: &apos;2016-03-15 10:43:46&apos;
System info: host: &apos;Nikil&apos;, ip: &apos;192.168.254.4&apos;, os.name: &apos;Windows 8.1&apos;, os.arch: &apos;amd64&apos;, os.version: &apos;6.3&apos;, java.version: &apos;1.8.0_131&apos;
Driver info: org.openqa.selenium.chrome.ChromeDriver
Capabilities [{applicationCacheEnabled=false, rotatable=false, mobileEmulationEnabled=false, networkConnectionEnabled=false, chrome={chromedriverVersion=2.40.565498 (ea082db3280dd6843ebfb08a625e3eb905c4f5ab), userDataDir=C:\Users\NIKILK~1\AppData\Local\Temp\scoped_dir13332_9007}, takesHeapSnapshot=true, pageLoadStrategy=normal, databaseEnabled=false, handlesAlerts=true, hasTouchScreen=false, version=67.0.3396.99, platform=WIN8_1, browserConnectionEnabled=false, nativeEvents=true, acceptSslCerts=false, acceptInsecureCerts=false, locationContextEnabled=true, webStorageEnabled=true, browserName=chrome, takesScreenshot=true, javascriptEnabled=true, cssSelectorsEnabled=true, setWindowRect=true, unexpectedAlertBehaviour=}]
Session ID: 0310d83ee2a38065a6f344275d2497a3
Exception occured: org.openqa.selenium.TimeoutException: timeout
  (Session info: chrome=67.0.3396.99)
  (Driver info: chromedriver=2.40.565498 (ea082db3280dd6843ebfb08a625e3eb905c4f5ab),platform=Windows NT 6.3.9600 x86_64) (WARNING: The server did not provide any stacktrace information)
Command duration or timeout: 10.01 seconds
Build info: version: &apos;2.53.0&apos;, revision: &apos;35ae25b1534ae328c771e0856c93e187490ca824&apos;, time: &apos;2016-03-15 10:43:46&apos;
System info: host: &apos;Nikil&apos;, ip: &apos;192.168.254.4&apos;, os.name: &apos;Windows 8.1&apos;, os.arch: &apos;amd64&apos;, os.version: &apos;6.3&apos;, java.version: &apos;1.8.0_131&apos;
Driver info: org.openqa.selenium.chrome.ChromeDriver
Capabilities [{applicationCacheEnabled=false, rotatable=false, mobileEmulationEnabled=false, networkConnectionEnabled=false, chrome={chromedriverVersion=2.40.565498 (ea082db3280dd6843ebfb08a625e3eb905c4f5ab), userDataDir=C:\Users\NIKILK~1\AppData\Local\Temp\scoped_dir13332_9007}, takesHeapSnapshot=true, pageLoadStrategy=normal, databaseEnabled=false, handlesAlerts=true, hasTouchScreen=false, version=67.0.3396.99, platform=WIN8_1, browserConnectionEnabled=false, nativeEvents=true, acceptSslCerts=false, acceptInsecureCerts=false, locationContextEnabled=true, webStorageEnabled=true, browserName=chrome, takesScreenshot=true, javascriptEnabled=true, cssSelectorsEnabled=true, setWindowRect=true, unexpectedAlertBehaviour=}]
Session ID: 0310d83ee2a38065a6f344275d2497a3
Exception occured: org.openqa.selenium.TimeoutException: timeout
  (Session info: chrome=67.0.3396.99)
  (Driver info: chromedriver=2.40.565498 (ea082db3280dd6843ebfb08a625e3eb905c4f5ab),platform=Windows NT 6.3.9600 x86_64) (WARNING: The server did not provide any stacktrace information)
Command duration or timeout: 10.01 seconds
Build info: version: &apos;2.53.0&apos;, revision: &apos;35ae25b1534ae328c771e0856c93e187490ca824&apos;, time: &apos;2016-03-15 10:43:46&apos;
System info: host: &apos;Nikil&apos;, ip: &apos;192.168.254.4&apos;, os.name: &apos;Windows 8.1&apos;, os.arch: &apos;amd64&apos;, os.version: &apos;6.3&apos;, java.version: &apos;1.8.0_131&apos;
Driver info: org.openqa.selenium.chrome.ChromeDriver
Capabilities [{applicationCacheEnabled=false, rotatable=false, mobileEmulationEnabled=false, networkConnectionEnabled=false, chrome={chromedriverVersion=2.40.565498 (ea082db3280dd6843ebfb08a625e3eb905c4f5ab), userDataDir=C:\Users\NIKILK~1\AppData\Local\Temp\scoped_dir13332_9007}, takesHeapSnapshot=true, pageLoadStrategy=normal, databaseEnabled=false, handlesAlerts=true, hasTouchScreen=false, version=67.0.3396.99, platform=WIN8_1, browserConnectionEnabled=false, nativeEvents=true, acceptSslCerts=false, acceptInsecureCerts=false, locationContextEnabled=true, webStorageEnabled=true, browserName=chrome, takesScreenshot=true, javascriptEnabled=true, cssSelectorsEnabled=true, setWindowRect=true, unexpectedAlertBehaviour=}]
Session ID: 0310d83ee2a38065a6f344275d2497a3
Exception occured: org.openqa.selenium.TimeoutException: timeout
  (Session info: chrome=67.0.3396.99)
  (Driver info: chromedriver=2.40.565498 (ea082db3280dd6843ebfb08a625e3eb905c4f5ab),platform=Windows NT 6.3.9600 x86_64) (WARNING: The server did not provide any stacktrace information)
Command duration or timeout: 10.02 seconds
Build info: version: &apos;2.53.0&apos;, revision: &apos;35ae25b1534ae328c771e0856c93e187490ca824&apos;, time: &apos;2016-03-15 10:43:46&apos;
System info: host: &apos;Nikil&apos;, ip: &apos;192.168.254.4&apos;, os.name: &apos;Windows 8.1&apos;, os.arch: &apos;amd64&apos;, os.version: &apos;6.3&apos;, java.version: &apos;1.8.0_131&apos;
Driver info: org.openqa.selenium.chrome.ChromeDriver
Capabilities [{applicationCacheEnabled=false, rotatable=false, mobileEmulationEnabled=false, networkConnectionEnabled=false, chrome={chromedriverVersion=2.40.565498 (ea082db3280dd6843ebfb08a625e3eb905c4f5ab), userDataDir=C:\Users\NIKILK~1\AppData\Local\Temp\scoped_dir13332_9007}, takesHeapSnapshot=true, pageLoadStrategy=normal, databaseEnabled=false, handlesAlerts=true, hasTouchScreen=false, version=67.0.3396.99, platform=WIN8_1, browserConnectionEnabled=false, nativeEvents=true, acceptSslCerts=false, acceptInsecureCerts=false, locationContextEnabled=true, webStorageEnabled=true, browserName=chrome, takesScreenshot=true, javascriptEnabled=true, cssSelectorsEnabled=true, setWindowRect=true, unexpectedAlertBehaviour=}]
Session ID: 0310d83ee2a38065a6f344275d2497a3
Exception occured: org.openqa.selenium.TimeoutException: timeout
  (Session info: chrome=67.0.3396.99)
  (Driver info: chromedriver=2.40.565498 (ea082db3280dd6843ebfb08a625e3eb905c4f5ab),platform=Windows NT 6.3.9600 x86_64) (WARNING: The server did not provide any stacktrace information)
Command duration or timeout: 10.01 seconds
Build info: version: &apos;2.53.0&apos;, revision: &apos;35ae25b1534ae328c771e0856c93e187490ca824&apos;, time: &apos;2016-03-15 10:43:46&apos;
System info: host: &apos;Nikil&apos;, ip: &apos;192.168.254.4&apos;, os.name: &apos;Windows 8.1&apos;, os.arch: &apos;amd64&apos;, os.version: &apos;6.3&apos;, java.version: &apos;1.8.0_131&apos;
Driver info: org.openqa.selenium.chrome.ChromeDriver
Capabilities [{applicationCacheEnabled=false, rotatable=false, mobileEmulationEnabled=false, networkConnectionEnabled=false, chrome={chromedriverVersion=2.40.565498 (ea082db3280dd6843ebfb08a625e3eb905c4f5ab), userDataDir=C:\Users\NIKILK~1\AppData\Local\Temp\scoped_dir13332_9007}, takesHeapSnapshot=true, pageLoadStrategy=normal, databaseEnabled=false, handlesAlerts=true, hasTouchScreen=false, version=67.0.3396.99, platform=WIN8_1, browserConnectionEnabled=false, nativeEvents=true, acceptSslCerts=false, acceptInsecureCerts=false, locationContextEnabled=true, webStorageEnabled=true, browserName=chrome, takesScreenshot=true, javascriptEnabled=true, cssSelectorsEnabled=true, setWindowRect=true, unexpectedAlertBehaviour=}]
Session ID: 0310d83ee2a38065a6f344275d2497a3
Exception occured: org.openqa.selenium.TimeoutException: timeout
  (Session info: chrome=67.0.3396.99)
  (Driver info: chromedriver=2.40.565498 (ea082db3280dd6843ebfb08a625e3eb905c4f5ab),platform=Windows NT 6.3.9600 x86_64) (WARNING: The server did not provide any stacktrace information)
Command duration or timeout: 10.01 seconds
Build info: version: &apos;2.53.0&apos;, revision: &apos;35ae25b1534ae328c771e0856c93e187490ca824&apos;, time: &apos;2016-03-15 10:43:46&apos;
System info: host: &apos;Nikil&apos;, ip: &apos;192.168.254.4&apos;, os.name: &apos;Windows 8.1&apos;, os.arch: &apos;amd64&apos;, os.version: &apos;6.3&apos;, java.version: &apos;1.8.0_131&apos;
Driver info: org.openqa.selenium.chrome.ChromeDriver
Capabilities [{applicationCacheEnabled=false, rotatable=false, mobileEmulationEnabled=false, networkConnectionEnabled=false, chrome={chromedriverVersion=2.40.565498 (ea082db3280dd6843ebfb08a625e3eb905c4f5ab), userDataDir=C:\Users\NIKILK~1\AppData\Local\Temp\scoped_dir13332_9007}, takesHeapSnapshot=true, pageLoadStrategy=normal, databaseEnabled=false, handlesAlerts=true, hasTouchScreen=false, version=67.0.3396.99, platform=WIN8_1, browserConnectionEnabled=false, nativeEvents=true, acceptSslCerts=false, acceptInsecureCerts=false, locationContextEnabled=true, webStorageEnabled=true, browserName=chrome, takesScreenshot=true, javascriptEnabled=true, cssSelectorsEnabled=true, setWindowRect=true, unexpectedAlertBehaviour=}]
Session ID: 0310d83ee2a38065a6f344275d2497a3
Exception occured: org.openqa.selenium.TimeoutException: timeout
  (Session info: chrome=67.0.3396.99)
  (Driver info: chromedriver=2.40.565498 (ea082db3280dd6843ebfb08a625e3eb905c4f5ab),platform=Windows NT 6.3.9600 x86_64) (WARNING: The server did not provide any stacktrace information)
Command duration or timeout: 10.01 seconds
Build info: version: &apos;2.53.0&apos;, revision: &apos;35ae25b1534ae328c771e0856c93e187490ca824&apos;, time: &apos;2016-03-15 10:43:46&apos;
System info: host: &apos;Nikil&apos;, ip: &apos;192.168.254.4&apos;, os.name: &apos;Windows 8.1&apos;, os.arch: &apos;amd64&apos;, os.version: &apos;6.3&apos;, java.version: &apos;1.8.0_131&apos;
Driver info: org.openqa.selenium.chrome.ChromeDriver
Capabilities [{applicationCacheEnabled=false, rotatable=false, mobileEmulationEnabled=false, networkConnectionEnabled=false, chrome={chromedriverVersion=2.40.565498 (ea082db3280dd6843ebfb08a625e3eb905c4f5ab), userDataDir=C:\Users\NIKILK~1\AppData\Local\Temp\scoped_dir13332_9007}, takesHeapSnapshot=true, pageLoadStrategy=normal, databaseEnabled=false, handlesAlerts=true, hasTouchScreen=false, version=67.0.3396.99, platform=WIN8_1, browserConnectionEnabled=false, nativeEvents=true, acceptSslCerts=false, acceptInsecureCerts=false, locationContextEnabled=true, webStorageEnabled=true, browserName=chrome, takesScreenshot=true, javascriptEnabled=true, cssSelectorsEnabled=true, setWindowRect=true, unexpectedAlertBehaviour=}]
Session ID: 0310d83ee2a38065a6f344275d2497a3
Exception occured: org.openqa.selenium.TimeoutException: timeout
  (Session info: chrome=67.0.3396.99)
  (Driver info: chromedriver=2.40.565498 (ea082db3280dd6843ebfb08a625e3eb905c4f5ab),platform=Windows NT 6.3.9600 x86_64) (WARNING: The server did not provide any stacktrace information)
Command duration or timeout: 10.01 seconds
Build info: version: &apos;2.53.0&apos;, revision: &apos;35ae25b1534ae328c771e0856c93e187490ca824&apos;, time: &apos;2016-03-15 10:43:46&apos;
System info: host: &apos;Nikil&apos;, ip: &apos;192.168.254.4&apos;, os.name: &apos;Windows 8.1&apos;, os.arch: &apos;amd64&apos;, os.version: &apos;6.3&apos;, java.version: &apos;1.8.0_131&apos;
Driver info: org.openqa.selenium.chrome.ChromeDriver
Capabilities [{applicationCacheEnabled=false, rotatable=false, mobileEmulationEnabled=false, networkConnectionEnabled=false, chrome={chromedriverVersion=2.40.565498 (ea082db3280dd6843ebfb08a625e3eb905c4f5ab), userDataDir=C:\Users\NIKILK~1\AppData\Local\Temp\scoped_dir13332_9007}, takesHeapSnapshot=true, pageLoadStrategy=normal, databaseEnabled=false, handlesAlerts=true, hasTouchScreen=false, version=67.0.3396.99, platform=WIN8_1, browserConnectionEnabled=false, nativeEvents=true, acceptSslCerts=false, acceptInsecureCerts=false, locationContextEnabled=true, webStorageEnabled=true, browserName=chrome, takesScreenshot=true, javascriptEnabled=true, cssSelectorsEnabled=true, setWindowRect=true, unexpectedAlertBehaviour=}]
Session ID: 0310d83ee2a38065a6f344275d2497a3
Exception occured: org.openqa.selenium.TimeoutException: timeout
  (Session info: chrome=67.0.3396.99)
  (Driver info: chromedriver=2.40.565498 (ea082db3280dd6843ebfb08a625e3eb905c4f5ab),platform=Windows NT 6.3.9600 x86_64) (WARNING: The server did not provide any stacktrace information)
Command duration or timeout: 10.01 seconds
Build info: version: &apos;2.53.0&apos;, revision: &apos;35ae25b1534ae328c771e0856c93e187490ca824&apos;, time: &apos;2016-03-15 10:43:46&apos;
System info: host: &apos;Nikil&apos;, ip: &apos;192.168.254.4&apos;, os.name: &apos;Windows 8.1&apos;, os.arch: &apos;amd64&apos;, os.version: &apos;6.3&apos;, java.version: &apos;1.8.0_131&apos;
Driver info: org.openqa.selenium.chrome.ChromeDriver
Capabilities [{applicationCacheEnabled=false, rotatable=false, mobileEmulationEnabled=false, networkConnectionEnabled=false, chrome={chromedriverVersion=2.40.565498 (ea082db3280dd6843ebfb08a625e3eb905c4f5ab), userDataDir=C:\Users\NIKILK~1\AppData\Local\Temp\scoped_dir13332_9007}, takesHeapSnapshot=true, pageLoadStrategy=normal, databaseEnabled=false, handlesAlerts=true, hasTouchScreen=false, version=67.0.3396.99, platform=WIN8_1, browserConnectionEnabled=false, nativeEvents=true, acceptSslCerts=false, acceptInsecureCerts=false, locationContextEnabled=true, webStorageEnabled=true, browserName=chrome, takesScreenshot=true, javascriptEnabled=true, cssSelectorsEnabled=true, setWindowRect=true, unexpectedAlertBehaviour=}]
Session ID: 0310d83ee2a38065a6f344275d2497a3
Exception occured: org.openqa.selenium.TimeoutException: timeout
  (Session info: chrome=67.0.3396.99)
  (Driver info: chromedriver=2.40.565498 (ea082db3280dd6843ebfb08a625e3eb905c4f5ab),platform=Windows NT 6.3.9600 x86_64) (WARNING: The server did not provide any stacktrace information)
Command duration or timeout: 10.01 seconds
Build info: version: &apos;2.53.0&apos;, revision: &apos;35ae25b1534ae328c771e0856c93e187490ca824&apos;, time: &apos;2016-03-15 10:43:46&apos;
System info: host: &apos;Nikil&apos;, ip: &apos;192.168.254.4&apos;, os.name: &apos;Windows 8.1&apos;, os.arch: &apos;amd64&apos;, os.version: &apos;6.3&apos;, java.version: &apos;1.8.0_131&apos;
Driver info: org.openqa.selenium.chrome.ChromeDriver
Capabilities [{applicationCacheEnabled=false, rotatable=false, mobileEmulationEnabled=false, networkConnectionEnabled=false, chrome={chromedriverVersion=2.40.565498 (ea082db3280dd6843ebfb08a625e3eb905c4f5ab), userDataDir=C:\Users\NIKILK~1\AppData\Local\Temp\scoped_dir13332_9007}, takesHeapSnapshot=true, pageLoadStrategy=normal, databaseEnabled=false, handlesAlerts=true, hasTouchScreen=false, version=67.0.3396.99, platform=WIN8_1, browserConnectionEnabled=false, nativeEvents=true, acceptSslCerts=false, acceptInsecureCerts=false, locationContextEnabled=true, webStorageEnabled=true, browserName=chrome, takesScreenshot=true, javascriptEnabled=true, cssSelectorsEnabled=true, setWindowRect=true, unexpectedAlertBehaviour=}]
Session ID: 0310d83ee2a38065a6f344275d2497a3
Exception occured: org.openqa.selenium.TimeoutException: timeout
  (Session info: chrome=67.0.3396.99)
  (Driver info: chromedriver=2.40.565498 (ea082db3280dd6843ebfb08a625e3eb905c4f5ab),platform=Windows NT 6.3.9600 x86_64) (WARNING: The server did not provide any stacktrace information)
Command duration or timeout: 10.01 seconds
Build info: version: &apos;2.53.0&apos;, revision: &apos;35ae25b1534ae328c771e0856c93e187490ca824&apos;, time: &apos;2016-03-15 10:43:46&apos;
System info: host: &apos;Nikil&apos;, ip: &apos;192.168.254.4&apos;, os.name: &apos;Windows 8.1&apos;, os.arch: &apos;amd64&apos;, os.version: &apos;6.3&apos;, java.version: &apos;1.8.0_131&apos;
Driver info: org.openqa.selenium.chrome.ChromeDriver
Capabilities [{applicationCacheEnabled=false, rotatable=false, mobileEmulationEnabled=false, networkConnectionEnabled=false, chrome={chromedriverVersion=2.40.565498 (ea082db3280dd6843ebfb08a625e3eb905c4f5ab), userDataDir=C:\Users\NIKILK~1\AppData\Local\Temp\scoped_dir13332_9007}, takesHeapSnapshot=true, pageLoadStrategy=normal, databaseEnabled=false, handlesAlerts=true, hasTouchScreen=false, version=67.0.3396.99, platform=WIN8_1, browserConnectionEnabled=false, nativeEvents=true, acceptSslCerts=false, acceptInsecureCerts=false, locationContextEnabled=true, webStorageEnabled=true, browserName=chrome, takesScreenshot=true, javascriptEnabled=true, cssSelectorsEnabled=true, setWindowRect=true, unexpectedAlertBehaviour=}]
Session ID: 0310d83ee2a38065a6f344275d2497a3
Exception occured: org.openqa.selenium.TimeoutException: timeout
  (Session info: chrome=67.0.3396.99)
  (Driver info: chromedriver=2.40.565498 (ea082db3280dd6843ebfb08a625e3eb905c4f5ab),platform=Windows NT 6.3.9600 x86_64) (WARNING: The server did not provide any stacktrace information)
Command duration or timeout: 10.01 seconds
Build info: version: &apos;2.53.0&apos;, revision: &apos;35ae25b1534ae328c771e0856c93e187490ca824&apos;, time: &apos;2016-03-15 10:43:46&apos;
System info: host: &apos;Nikil&apos;, ip: &apos;192.168.254.4&apos;, os.name: &apos;Windows 8.1&apos;, os.arch: &apos;amd64&apos;, os.version: &apos;6.3&apos;, java.version: &apos;1.8.0_131&apos;
Driver info: org.openqa.selenium.chrome.ChromeDriver
Capabilities [{applicationCacheEnabled=false, rotatable=false, mobileEmulationEnabled=false, networkConnectionEnabled=false, chrome={chromedriverVersion=2.40.565498 (ea082db3280dd6843ebfb08a625e3eb905c4f5ab), userDataDir=C:\Users\NIKILK~1\AppData\Local\Temp\scoped_dir13332_9007}, takesHeapSnapshot=true, pageLoadStrategy=normal, databaseEnabled=false, handlesAlerts=true, hasTouchScreen=false, version=67.0.3396.99, platform=WIN8_1, browserConnectionEnabled=false, nativeEvents=true, acceptSslCerts=false, acceptInsecureCerts=false, locationContextEnabled=true, webStorageEnabled=true, browserName=chrome, takesScreenshot=true, javascriptEnabled=true, cssSelectorsEnabled=true, setWindowRect=true, unexpectedAlertBehaviour=}]
Session ID: 0310d83ee2a38065a6f344275d2497a3
Exception occured: org.openqa.selenium.TimeoutException: timeout
  (Session info: chrome=67.0.3396.99)
  (Driver info: chromedriver=2.40.565498 (ea082db3280dd6843ebfb08a625e3eb905c4f5ab),platform=Windows NT 6.3.9600 x86_64) (WARNING: The server did not provide any stacktrace information)
Command duration or timeout: 10.01 seconds
Build info: version: &apos;2.53.0&apos;, revision: &apos;35ae25b1534ae328c771e0856c93e187490ca824&apos;, time: &apos;2016-03-15 10:43:46&apos;
System info: host: &apos;Nikil&apos;, ip: &apos;192.168.254.4&apos;, os.name: &apos;Windows 8.1&apos;, os.arch: &apos;amd64&apos;, os.version: &apos;6.3&apos;, java.version: &apos;1.8.0_131&apos;
Driver info: org.openqa.selenium.chrome.ChromeDriver
Capabilities [{applicationCacheEnabled=false, rotatable=false, mobileEmulationEnabled=false, networkConnectionEnabled=false, chrome={chromedriverVersion=2.40.565498 (ea082db3280dd6843ebfb08a625e3eb905c4f5ab), userDataDir=C:\Users\NIKILK~1\AppData\Local\Temp\scoped_dir13332_9007}, takesHeapSnapshot=true, pageLoadStrategy=normal, databaseEnabled=false, handlesAlerts=true, hasTouchScreen=false, version=67.0.3396.99, platform=WIN8_1, browserConnectionEnabled=false, nativeEvents=true, acceptSslCerts=false, acceptInsecureCerts=false, locationContextEnabled=true, webStorageEnabled=true, browserName=chrome, takesScreenshot=true, javascriptEnabled=true, cssSelectorsEnabled=true, setWindowRect=true, unexpectedAlertBehaviour=}]
Session ID: 0310d83ee2a38065a6f344275d2497a3
Exception occured: org.openqa.selenium.TimeoutException: timeout
  (Session info: chrome=67.0.3396.99)
  (Driver info: chromedriver=2.40.565498 (ea082db3280dd6843ebfb08a625e3eb905c4f5ab),platform=Windows NT 6.3.9600 x86_64) (WARNING: The server did not provide any stacktrace information)
Command duration or timeout: 10.01 seconds
Build info: version: &apos;2.53.0&apos;, revision: &apos;35ae25b1534ae328c771e0856c93e187490ca824&apos;, time: &apos;2016-03-15 10:43:46&apos;
System info: host: &apos;Nikil&apos;, ip: &apos;192.168.254.4&apos;, os.name: &apos;Windows 8.1&apos;, os.arch: &apos;amd64&apos;, os.version: &apos;6.3&apos;, java.version: &apos;1.8.0_131&apos;
Driver info: org.openqa.selenium.chrome.ChromeDriver
Capabilities [{applicationCacheEnabled=false, rotatable=false, mobileEmulationEnabled=false, networkConnectionEnabled=false, chrome={chromedriverVersion=2.40.565498 (ea082db3280dd6843ebfb08a625e3eb905c4f5ab), userDataDir=C:\Users\NIKILK~1\AppData\Local\Temp\scoped_dir13332_9007}, takesHeapSnapshot=true, pageLoadStrategy=normal, databaseEnabled=false, handlesAlerts=true, hasTouchScreen=false, version=67.0.3396.99, platform=WIN8_1, browserConnectionEnabled=false, nativeEvents=true, acceptSslCerts=false, acceptInsecureCerts=false, locationContextEnabled=true, webStorageEnabled=true, browserName=chrome, takesScreenshot=true, javascriptEnabled=true, cssSelectorsEnabled=true, setWindowRect=true, unexpectedAlertBehaviour=}]
Session ID: 0310d83ee2a38065a6f344275d2497a3
Exception occured: org.openqa.selenium.TimeoutException: timeout
  (Session info: chrome=67.0.3396.99)
  (Driver info: chromedriver=2.40.565498 (ea082db3280dd6843ebfb08a625e3eb905c4f5ab),platform=Windows NT 6.3.9600 x86_64) (WARNING: The server did not provide any stacktrace information)
Command duration or timeout: 10.01 seconds
Build info: version: &apos;2.53.0&apos;, revision: &apos;35ae25b1534ae328c771e0856c93e187490ca824&apos;, time: &apos;2016-03-15 10:43:46&apos;
System info: host: &apos;Nikil&apos;, ip: &apos;192.168.254.4&apos;, os.name: &apos;Windows 8.1&apos;, os.arch: &apos;amd64&apos;, os.version: &apos;6.3&apos;, java.version: &apos;1.8.0_131&apos;
Driver info: org.openqa.selenium.chrome.ChromeDriver
Capabilities [{applicationCacheEnabled=false, rotatable=false, mobileEmulationEnabled=false, networkConnectionEnabled=false, chrome={chromedriverVersion=2.40.565498 (ea082db3280dd6843ebfb08a625e3eb905c4f5ab), userDataDir=C:\Users\NIKILK~1\AppData\Local\Temp\scoped_dir13332_9007}, takesHeapSnapshot=true, pageLoadStrategy=normal, databaseEnabled=false, handlesAlerts=true, hasTouchScreen=false, version=67.0.3396.99, platform=WIN8_1, browserConnectionEnabled=false, nativeEvents=true, acceptSslCerts=false, acceptInsecureCerts=false, locationContextEnabled=true, webStorageEnabled=true, browserName=chrome, takesScreenshot=true, javascriptEnabled=true, cssSelectorsEnabled=true, setWindowRect=true, unexpectedAlertBehaviour=}]
Session ID: 0310d83ee2a38065a6f344275d2497a3
Exception occured: org.openqa.selenium.TimeoutException: timeout
  (Session info: chrome=67.0.3396.99)
  (Driver info: chromedriver=2.40.565498 (ea082db3280dd6843ebfb08a625e3eb905c4f5ab),platform=Windows NT 6.3.9600 x86_64) (WARNING: The server did not provide any stacktrace information)
Command duration or timeout: 10.01 seconds
Build info: version: &apos;2.53.0&apos;, revision: &apos;35ae25b1534ae328c771e0856c93e187490ca824&apos;, time: &apos;2016-03-15 10:43:46&apos;
System info: host: &apos;Nikil&apos;, ip: &apos;192.168.254.4&apos;, os.name: &apos;Windows 8.1&apos;, os.arch: &apos;amd64&apos;, os.version: &apos;6.3&apos;, java.version: &apos;1.8.0_131&apos;
Driver info: org.openqa.selenium.chrome.ChromeDriver
Capabilities [{applicationCacheEnabled=false, rotatable=false, mobileEmulationEnabled=false, networkConnectionEnabled=false, chrome={chromedriverVersion=2.40.565498 (ea082db3280dd6843ebfb08a625e3eb905c4f5ab), userDataDir=C:\Users\NIKILK~1\AppData\Local\Temp\scoped_dir13332_9007}, takesHeapSnapshot=true, pageLoadStrategy=normal, databaseEnabled=false, handlesAlerts=true, hasTouchScreen=false, version=67.0.3396.99, platform=WIN8_1, browserConnectionEnabled=false, nativeEvents=true, acceptSslCerts=false, acceptInsecureCerts=false, locationContextEnabled=true, webStorageEnabled=true, browserName=chrome, takesScreenshot=true, javascriptEnabled=true, cssSelectorsEnabled=true, setWindowRect=true, unexpectedAlertBehaviour=}]
Session ID: 0310d83ee2a38065a6f344275d2497a3
Exception occured: org.openqa.selenium.TimeoutException: timeout
  (Session info: chrome=67.0.3396.99)
  (Driver info: chromedriver=2.40.565498 (ea082db3280dd6843ebfb08a625e3eb905c4f5ab),platform=Windows NT 6.3.9600 x86_64) (WARNING: The server did not provide any stacktrace information)
Command duration or timeout: 10.01 seconds
Build info: version: &apos;2.53.0&apos;, revision: &apos;35ae25b1534ae328c771e0856c93e187490ca824&apos;, time: &apos;2016-03-15 10:43:46&apos;
System info: host: &apos;Nikil&apos;, ip: &apos;192.168.254.4&apos;, os.name: &apos;Windows 8.1&apos;, os.arch: &apos;amd64&apos;, os.version: &apos;6.3&apos;, java.version: &apos;1.8.0_131&apos;
Driver info: org.openqa.selenium.chrome.ChromeDriver
Capabilities [{applicationCacheEnabled=false, rotatable=false, mobileEmulationEnabled=false, networkConnectionEnabled=false, chrome={chromedriverVersion=2.40.565498 (ea082db3280dd6843ebfb08a625e3eb905c4f5ab), userDataDir=C:\Users\NIKILK~1\AppData\Local\Temp\scoped_dir13332_9007}, takesHeapSnapshot=true, pageLoadStrategy=normal, databaseEnabled=false, handlesAlerts=true, hasTouchScreen=false, version=67.0.3396.99, platform=WIN8_1, browserConnectionEnabled=false, nativeEvents=true, acceptSslCerts=false, acceptInsecureCerts=false, locationContextEnabled=true, webStorageEnabled=true, browserName=chrome, takesScreenshot=true, javascriptEnabled=true, cssSelectorsEnabled=true, setWindowRect=true, unexpectedAlertBehaviour=}]
Session ID: 0310d83ee2a38065a6f344275d2497a3
Exception occured: org.openqa.selenium.TimeoutException: timeout
  (Session info: chrome=67.0.3396.99)
  (Driver info: chromedriver=2.40.565498 (ea082db3280dd6843ebfb08a625e3eb905c4f5ab),platform=Windows NT 6.3.9600 x86_64) (WARNING: The server did not provide any stacktrace information)
Command duration or timeout: 10.01 seconds
Build info: version: &apos;2.53.0&apos;, revision: &apos;35ae25b1534ae328c771e0856c93e187490ca824&apos;, time: &apos;2016-03-15 10:43:46&apos;
System info: host: &apos;Nikil&apos;, ip: &apos;192.168.254.4&apos;, os.name: &apos;Windows 8.1&apos;, os.arch: &apos;amd64&apos;, os.version: &apos;6.3&apos;, java.version: &apos;1.8.0_131&apos;
Driver info: org.openqa.selenium.chrome.ChromeDriver
Capabilities [{applicationCacheEnabled=false, rotatable=false, mobileEmulationEnabled=false, networkConnectionEnabled=false, chrome={chromedriverVersion=2.40.565498 (ea082db3280dd6843ebfb08a625e3eb905c4f5ab), userDataDir=C:\Users\NIKILK~1\AppData\Local\Temp\scoped_dir13332_9007}, takesHeapSnapshot=true, pageLoadStrategy=normal, databaseEnabled=false, handlesAlerts=true, hasTouchScreen=false, version=67.0.3396.99, platform=WIN8_1, browserConnectionEnabled=false, nativeEvents=true, acceptSslCerts=false, acceptInsecureCerts=false, locationContextEnabled=true, webStorageEnabled=true, browserName=chrome, takesScreenshot=true, javascriptEnabled=true, cssSelectorsEnabled=true, setWindowRect=true, unexpectedAlertBehaviour=}]
Session ID: 0310d83ee2a38065a6f344275d2497a3
Exception occured: org.openqa.selenium.TimeoutException: timeout
  (Session info: chrome=67.0.3396.99)
  (Driver info: chromedriver=2.40.565498 (ea082db3280dd6843ebfb08a625e3eb905c4f5ab),platform=Windows NT 6.3.9600 x86_64) (WARNING: The server did not provide any stacktrace information)
Command duration or timeout: 10.01 seconds
Build info: version: &apos;2.53.0&apos;, revision: &apos;35ae25b1534ae328c771e0856c93e187490ca824&apos;, time: &apos;2016-03-15 10:43:46&apos;
System info: host: &apos;Nikil&apos;, ip: &apos;192.168.254.4&apos;, os.name: &apos;Windows 8.1&apos;, os.arch: &apos;amd64&apos;, os.version: &apos;6.3&apos;, java.version: &apos;1.8.0_131&apos;
Driver info: org.openqa.selenium.chrome.ChromeDriver
Capabilities [{applicationCacheEnabled=false, rotatable=false, mobileEmulationEnabled=false, networkConnectionEnabled=false, chrome={chromedriverVersion=2.40.565498 (ea082db3280dd6843ebfb08a625e3eb905c4f5ab), userDataDir=C:\Users\NIKILK~1\AppData\Local\Temp\scoped_dir13332_9007}, takesHeapSnapshot=true, pageLoadStrategy=normal, databaseEnabled=false, handlesAlerts=true, hasTouchScreen=false, version=67.0.3396.99, platform=WIN8_1, browserConnectionEnabled=false, nativeEvents=true, acceptSslCerts=false, acceptInsecureCerts=false, locationContextEnabled=true, webStorageEnabled=true, browserName=chrome, takesScreenshot=true, javascriptEnabled=true, cssSelectorsEnabled=true, setWindowRect=true, unexpectedAlertBehaviour=}]
Session ID: 0310d83ee2a38065a6f344275d2497a3
Exception occured: org.openqa.selenium.TimeoutException: timeout
  (Session info: chrome=67.0.3396.99)
  (Driver info: chromedriver=2.40.565498 (ea082db3280dd6843ebfb08a625e3eb905c4f5ab),platform=Windows NT 6.3.9600 x86_64) (WARNING: The server did not provide any stacktrace information)
Command duration or timeout: 10.01 seconds
Build info: version: &apos;2.53.0&apos;, revision: &apos;35ae25b1534ae328c771e0856c93e187490ca824&apos;, time: &apos;2016-03-15 10:43:46&apos;
System info: host: &apos;Nikil&apos;, ip: &apos;192.168.254.4&apos;, os.name: &apos;Windows 8.1&apos;, os.arch: &apos;amd64&apos;, os.version: &apos;6.3&apos;, java.version: &apos;1.8.0_131&apos;
Driver info: org.openqa.selenium.chrome.ChromeDriver
Capabilities [{applicationCacheEnabled=false, rotatable=false, mobileEmulationEnabled=false, networkConnectionEnabled=false, chrome={chromedriverVersion=2.40.565498 (ea082db3280dd6843ebfb08a625e3eb905c4f5ab), userDataDir=C:\Users\NIKILK~1\AppData\Local\Temp\scoped_dir13332_9007}, takesHeapSnapshot=true, pageLoadStrategy=normal, databaseEnabled=false, handlesAlerts=true, hasTouchScreen=false, version=67.0.3396.99, platform=WIN8_1, browserConnectionEnabled=false, nativeEvents=true, acceptSslCerts=false, acceptInsecureCerts=false, locationContextEnabled=true, webStorageEnabled=true, browserName=chrome, takesScreenshot=true, javascriptEnabled=true, cssSelectorsEnabled=true, setWindowRect=true, unexpectedAlertBehaviour=}]
Session ID: 0310d83ee2a38065a6f344275d2497a3
Exception occured: org.openqa.selenium.TimeoutException: timeout
  (Session info: chrome=67.0.3396.99)
  (Driver info: chromedriver=2.40.565498 (ea082db3280dd6843ebfb08a625e3eb905c4f5ab),platform=Windows NT 6.3.9600 x86_64) (WARNING: The server did not provide any stacktrace information)
Command duration or timeout: 10.01 seconds
Build info: version: &apos;2.53.0&apos;, revision: &apos;35ae25b1534ae328c771e0856c93e187490ca824&apos;, time: &apos;2016-03-15 10:43:46&apos;
System info: host: &apos;Nikil&apos;, ip: &apos;192.168.254.4&apos;, os.name: &apos;Windows 8.1&apos;, os.arch: &apos;amd64&apos;, os.version: &apos;6.3&apos;, java.version: &apos;1.8.0_131&apos;
Driver info: org.openqa.selenium.chrome.ChromeDriver
Capabilities [{applicationCacheEnabled=false, rotatable=false, mobileEmulationEnabled=false, networkConnectionEnabled=false, chrome={chromedriverVersion=2.40.565498 (ea082db3280dd6843ebfb08a625e3eb905c4f5ab), userDataDir=C:\Users\NIKILK~1\AppData\Local\Temp\scoped_dir13332_9007}, takesHeapSnapshot=true, pageLoadStrategy=normal, databaseEnabled=false, handlesAlerts=true, hasTouchScreen=false, version=67.0.3396.99, platform=WIN8_1, browserConnectionEnabled=false, nativeEvents=true, acceptSslCerts=false, acceptInsecureCerts=false, locationContextEnabled=true, webStorageEnabled=true, browserName=chrome, takesScreenshot=true, javascriptEnabled=true, cssSelectorsEnabled=true, setWindowRect=true, unexpectedAlertBehaviour=}]
Session ID: 0310d83ee2a38065a6f344275d2497a3
Exception occured: org.openqa.selenium.TimeoutException: timeout
  (Session info: chrome=67.0.3396.99)
  (Driver info: chromedriver=2.40.565498 (ea082db3280dd6843ebfb08a625e3eb905c4f5ab),platform=Windows NT 6.3.9600 x86_64) (WARNING: The server did not provide any stacktrace information)
Command duration or timeout: 10.01 seconds
Build info: version: &apos;2.53.0&apos;, revision: &apos;35ae25b1534ae328c771e0856c93e187490ca824&apos;, time: &apos;2016-03-15 10:43:46&apos;
System info: host: &apos;Nikil&apos;, ip: &apos;192.168.254.4&apos;, os.name: &apos;Windows 8.1&apos;, os.arch: &apos;amd64&apos;, os.version: &apos;6.3&apos;, java.version: &apos;1.8.0_131&apos;
Driver info: org.openqa.selenium.chrome.ChromeDriver
Capabilities [{applicationCacheEnabled=false, rotatable=false, mobileEmulationEnabled=false, networkConnectionEnabled=false, chrome={chromedriverVersion=2.40.565498 (ea082db3280dd6843ebfb08a625e3eb905c4f5ab), userDataDir=C:\Users\NIKILK~1\AppData\Local\Temp\scoped_dir13332_9007}, takesHeapSnapshot=true, pageLoadStrategy=normal, databaseEnabled=false, handlesAlerts=true, hasTouchScreen=false, version=67.0.3396.99, platform=WIN8_1, browserConnectionEnabled=false, nativeEvents=true, acceptSslCerts=false, acceptInsecureCerts=false, locationContextEnabled=true, webStorageEnabled=true, browserName=chrome, takesScreenshot=true, javascriptEnabled=true, cssSelectorsEnabled=true, setWindowRect=true, unexpectedAlertBehaviour=}]
Session ID: 0310d83ee2a38065a6f344275d2497a3
Exception occured: org.openqa.selenium.TimeoutException: timeout
  (Session info: chrome=67.0.3396.99)
  (Driver info: chromedriver=2.40.565498 (ea082db3280dd6843ebfb08a625e3eb905c4f5ab),platform=Windows NT 6.3.9600 x86_64) (WARNING: The server did not provide any stacktrace information)
Command duration or timeout: 10.01 seconds
Build info: version: &apos;2.53.0&apos;, revision: &apos;35ae25b1534ae328c771e0856c93e187490ca824&apos;, time: &apos;2016-03-15 10:43:46&apos;
System info: host: &apos;Nikil&apos;, ip: &apos;192.168.254.4&apos;, os.name: &apos;Windows 8.1&apos;, os.arch: &apos;amd64&apos;, os.version: &apos;6.3&apos;, java.version: &apos;1.8.0_131&apos;
Driver info: org.openqa.selenium.chrome.ChromeDriver
Capabilities [{applicationCacheEnabled=false, rotatable=false, mobileEmulationEnabled=false, networkConnectionEnabled=false, chrome={chromedriverVersion=2.40.565498 (ea082db3280dd6843ebfb08a625e3eb905c4f5ab), userDataDir=C:\Users\NIKILK~1\AppData\Local\Temp\scoped_dir13332_9007}, takesHeapSnapshot=true, pageLoadStrategy=normal, databaseEnabled=false, handlesAlerts=true, hasTouchScreen=false, version=67.0.3396.99, platform=WIN8_1, browserConnectionEnabled=false, nativeEvents=true, acceptSslCerts=false, acceptInsecureCerts=false, locationContextEnabled=true, webStorageEnabled=true, browserName=chrome, takesScreenshot=true, javascriptEnabled=true, cssSelectorsEnabled=true, setWindowRect=true, unexpectedAlertBehaviour=}]
Session ID: 0310d83ee2a38065a6f344275d2497a3
Exception occured: org.openqa.selenium.TimeoutException: timeout
  (Session info: chrome=67.0.3396.99)
  (Driver info: chromedriver=2.40.565498 (ea082db3280dd6843ebfb08a625e3eb905c4f5ab),platform=Windows NT 6.3.9600 x86_64) (WARNING: The server did not provide any stacktrace information)
Command duration or timeout: 10.01 seconds
Build info: version: &apos;2.53.0&apos;, revision: &apos;35ae25b1534ae328c771e0856c93e187490ca824&apos;, time: &apos;2016-03-15 10:43:46&apos;
System info: host: &apos;Nikil&apos;, ip: &apos;192.168.254.4&apos;, os.name: &apos;Windows 8.1&apos;, os.arch: &apos;amd64&apos;, os.version: &apos;6.3&apos;, java.version: &apos;1.8.0_131&apos;
Driver info: org.openqa.selenium.chrome.ChromeDriver
Capabilities [{applicationCacheEnabled=false, rotatable=false, mobileEmulationEnabled=false, networkConnectionEnabled=false, chrome={chromedriverVersion=2.40.565498 (ea082db3280dd6843ebfb08a625e3eb905c4f5ab), userDataDir=C:\Users\NIKILK~1\AppData\Local\Temp\scoped_dir13332_9007}, takesHeapSnapshot=true, pageLoadStrategy=normal, databaseEnabled=false, handlesAlerts=true, hasTouchScreen=false, version=67.0.3396.99, platform=WIN8_1, browserConnectionEnabled=false, nativeEvents=true, acceptSslCerts=false, acceptInsecureCerts=false, locationContextEnabled=true, webStorageEnabled=true, browserName=chrome, takesScreenshot=true, javascriptEnabled=true, cssSelectorsEnabled=true, setWindowRect=true, unexpectedAlertBehaviour=}]
Session ID: 0310d83ee2a38065a6f344275d2497a3
Exception occured: org.openqa.selenium.TimeoutException: timeout
  (Session info: chrome=67.0.3396.99)
  (Driver info: chromedriver=2.40.565498 (ea082db3280dd6843ebfb08a625e3eb905c4f5ab),platform=Windows NT 6.3.9600 x86_64) (WARNING: The server did not provide any stacktrace information)
Command duration or timeout: 10.06 seconds
Build info: version: &apos;2.53.0&apos;, revision: &apos;35ae25b1534ae328c771e0856c93e187490ca824&apos;, time: &apos;2016-03-15 10:43:46&apos;
System info: host: &apos;Nikil&apos;, ip: &apos;192.168.254.4&apos;, os.name: &apos;Windows 8.1&apos;, os.arch: &apos;amd64&apos;, os.version: &apos;6.3&apos;, java.version: &apos;1.8.0_131&apos;
Driver info: org.openqa.selenium.chrome.ChromeDriver
Capabilities [{applicationCacheEnabled=false, rotatable=false, mobileEmulationEnabled=false, networkConnectionEnabled=false, chrome={chromedriverVersion=2.40.565498 (ea082db3280dd6843ebfb08a625e3eb905c4f5ab), userDataDir=C:\Users\NIKILK~1\AppData\Local\Temp\scoped_dir13332_9007}, takesHeapSnapshot=true, pageLoadStrategy=normal, databaseEnabled=false, handlesAlerts=true, hasTouchScreen=false, version=67.0.3396.99, platform=WIN8_1, browserConnectionEnabled=false, nativeEvents=true, acceptSslCerts=false, acceptInsecureCerts=false, locationContextEnabled=true, webStorageEnabled=true, browserName=chrome, takesScreenshot=true, javascriptEnabled=true, cssSelectorsEnabled=true, setWindowRect=true, unexpectedAlertBehaviour=}]
Session ID: 0310d83ee2a38065a6f344275d2497a3
Exception occured: org.openqa.selenium.TimeoutException: timeout
  (Session info: chrome=67.0.3396.99)
  (Driver info: chromedriver=2.40.565498 (ea082db3280dd6843ebfb08a625e3eb905c4f5ab),platform=Windows NT 6.3.9600 x86_64) (WARNING: The server did not provide any stacktrace information)
Command duration or timeout: 10.01 seconds
Build info: version: &apos;2.53.0&apos;, revision: &apos;35ae25b1534ae328c771e0856c93e187490ca824&apos;, time: &apos;2016-03-15 10:43:46&apos;
System info: host: &apos;Nikil&apos;, ip: &apos;192.168.254.4&apos;, os.name: &apos;Windows 8.1&apos;, os.arch: &apos;amd64&apos;, os.version: &apos;6.3&apos;, java.version: &apos;1.8.0_131&apos;
Driver info: org.openqa.selenium.chrome.ChromeDriver
Capabilities [{applicationCacheEnabled=false, rotatable=false, mobileEmulationEnabled=false, networkConnectionEnabled=false, chrome={chromedriverVersion=2.40.565498 (ea082db3280dd6843ebfb08a625e3eb905c4f5ab), userDataDir=C:\Users\NIKILK~1\AppData\Local\Temp\scoped_dir13332_9007}, takesHeapSnapshot=true, pageLoadStrategy=normal, databaseEnabled=false, handlesAlerts=true, hasTouchScreen=false, version=67.0.3396.99, platform=WIN8_1, browserConnectionEnabled=false, nativeEvents=true, acceptSslCerts=false, acceptInsecureCerts=false, locationContextEnabled=true, webStorageEnabled=true, browserName=chrome, takesScreenshot=true, javascriptEnabled=true, cssSelectorsEnabled=true, setWindowRect=true, unexpectedAlertBehaviour=}]
Session ID: 0310d83ee2a38065a6f344275d2497a3
Exception occured: org.openqa.selenium.TimeoutException: timeout
  (Session info: chrome=67.0.3396.99)
  (Driver info: chromedriver=2.40.565498 (ea082db3280dd6843ebfb08a625e3eb905c4f5ab),platform=Windows NT 6.3.9600 x86_64) (WARNING: The server did not provide any stacktrace information)
Command duration or timeout: 10.01 seconds
Build info: version: &apos;2.53.0&apos;, revision: &apos;35ae25b1534ae328c771e0856c93e187490ca824&apos;, time: &apos;2016-03-15 10:43:46&apos;
System info: host: &apos;Nikil&apos;, ip: &apos;192.168.254.4&apos;, os.name: &apos;Windows 8.1&apos;, os.arch: &apos;amd64&apos;, os.version: &apos;6.3&apos;, java.version: &apos;1.8.0_131&apos;
Driver info: org.openqa.selenium.chrome.ChromeDriver
Capabilities [{applicationCacheEnabled=false, rotatable=false, mobileEmulationEnabled=false, networkConnectionEnabled=false, chrome={chromedriverVersion=2.40.565498 (ea082db3280dd6843ebfb08a625e3eb905c4f5ab), userDataDir=C:\Users\NIKILK~1\AppData\Local\Temp\scoped_dir13332_9007}, takesHeapSnapshot=true, pageLoadStrategy=normal, databaseEnabled=false, handlesAlerts=true, hasTouchScreen=false, version=67.0.3396.99, platform=WIN8_1, browserConnectionEnabled=false, nativeEvents=true, acceptSslCerts=false, acceptInsecureCerts=false, locationContextEnabled=true, webStorageEnabled=true, browserName=chrome, takesScreenshot=true, javascriptEnabled=true, cssSelectorsEnabled=true, setWindowRect=true, unexpectedAlertBehaviour=}]
Session ID: 0310d83ee2a38065a6f344275d2497a3
Exception occured: org.openqa.selenium.TimeoutException: timeout
  (Session info: chrome=67.0.3396.99)
  (Driver info: chromedriver=2.40.565498 (ea082db3280dd6843ebfb08a625e3eb905c4f5ab),platform=Windows NT 6.3.9600 x86_64) (WARNING: The server did not provide any stacktrace information)
Command duration or timeout: 10.01 seconds
Build info: version: &apos;2.53.0&apos;, revision: &apos;35ae25b1534ae328c771e0856c93e187490ca824&apos;, time: &apos;2016-03-15 10:43:46&apos;
System info: host: &apos;Nikil&apos;, ip: &apos;192.168.254.4&apos;, os.name: &apos;Windows 8.1&apos;, os.arch: &apos;amd64&apos;, os.version: &apos;6.3&apos;, java.version: &apos;1.8.0_131&apos;
Driver info: org.openqa.selenium.chrome.ChromeDriver
Capabilities [{applicationCacheEnabled=false, rotatable=false, mobileEmulationEnabled=false, networkConnectionEnabled=false, chrome={chromedriverVersion=2.40.565498 (ea082db3280dd6843ebfb08a625e3eb905c4f5ab), userDataDir=C:\Users\NIKILK~1\AppData\Local\Temp\scoped_dir13332_9007}, takesHeapSnapshot=true, pageLoadStrategy=normal, databaseEnabled=false, handlesAlerts=true, hasTouchScreen=false, version=67.0.3396.99, platform=WIN8_1, browserConnectionEnabled=false, nativeEvents=true, acceptSslCerts=false, acceptInsecureCerts=false, locationContextEnabled=true, webStorageEnabled=true, browserName=chrome, takesScreenshot=true, javascriptEnabled=true, cssSelectorsEnabled=true, setWindowRect=true, unexpectedAlertBehaviour=}]
Session ID: 0310d83ee2a38065a6f344275d2497a3
Exception occured: org.openqa.selenium.TimeoutException: timeout
  (Session info: chrome=67.0.3396.99)
  (Driver info: chromedriver=2.40.565498 (ea082db3280dd6843ebfb08a625e3eb905c4f5ab),platform=Windows NT 6.3.9600 x86_64) (WARNING: The server did not provide any stacktrace information)
Command duration or timeout: 10.01 seconds
Build info: version: &apos;2.53.0&apos;, revision: &apos;35ae25b1534ae328c771e0856c93e187490ca824&apos;, time: &apos;2016-03-15 10:43:46&apos;
System info: host: &apos;Nikil&apos;, ip: &apos;192.168.254.4&apos;, os.name: &apos;Windows 8.1&apos;, os.arch: &apos;amd64&apos;, os.version: &apos;6.3&apos;, java.version: &apos;1.8.0_131&apos;
Driver info: org.openqa.selenium.chrome.ChromeDriver
Capabilities [{applicationCacheEnabled=false, rotatable=false, mobileEmulationEnabled=false, networkConnectionEnabled=false, chrome={chromedriverVersion=2.40.565498 (ea082db3280dd6843ebfb08a625e3eb905c4f5ab), userDataDir=C:\Users\NIKILK~1\AppData\Local\Temp\scoped_dir13332_9007}, takesHeapSnapshot=true, pageLoadStrategy=normal, databaseEnabled=false, handlesAlerts=true, hasTouchScreen=false, version=67.0.3396.99, platform=WIN8_1, browserConnectionEnabled=false, nativeEvents=true, acceptSslCerts=false, acceptInsecureCerts=false, locationContextEnabled=true, webStorageEnabled=true, browserName=chrome, takesScreenshot=true, javascriptEnabled=true, cssSelectorsEnabled=true, setWindowRect=true, unexpectedAlertBehaviour=}]
Session ID: 0310d83ee2a38065a6f344275d2497a3
Exception occured: org.openqa.selenium.TimeoutException: timeout
  (Session info: chrome=67.0.3396.99)
  (Driver info: chromedriver=2.40.565498 (ea082db3280dd6843ebfb08a625e3eb905c4f5ab),platform=Windows NT 6.3.9600 x86_64) (WARNING: The server did not provide any stacktrace information)
Command duration or timeout: 10.01 seconds
Build info: version: &apos;2.53.0&apos;, revision: &apos;35ae25b1534ae328c771e0856c93e187490ca824&apos;, time: &apos;2016-03-15 10:43:46&apos;
System info: host: &apos;Nikil&apos;, ip: &apos;192.168.254.4&apos;, os.name: &apos;Windows 8.1&apos;, os.arch: &apos;amd64&apos;, os.version: &apos;6.3&apos;, java.version: &apos;1.8.0_131&apos;
Driver info: org.openqa.selenium.chrome.ChromeDriver
Capabilities [{applicationCacheEnabled=false, rotatable=false, mobileEmulationEnabled=false, networkConnectionEnabled=false, chrome={chromedriverVersion=2.40.565498 (ea082db3280dd6843ebfb08a625e3eb905c4f5ab), userDataDir=C:\Users\NIKILK~1\AppData\Local\Temp\scoped_dir13332_9007}, takesHeapSnapshot=true, pageLoadStrategy=normal, databaseEnabled=false, handlesAlerts=true, hasTouchScreen=false, version=67.0.3396.99, platform=WIN8_1, browserConnectionEnabled=false, nativeEvents=true, acceptSslCerts=false, acceptInsecureCerts=false, locationContextEnabled=true, webStorageEnabled=true, browserName=chrome, takesScreenshot=true, javascriptEnabled=true, cssSelectorsEnabled=true, setWindowRect=true, unexpectedAlertBehaviour=}]
Session ID: 0310d83ee2a38065a6f344275d2497a3
Exception occured: org.openqa.selenium.TimeoutException: timeout
  (Session info: chrome=67.0.3396.99)
  (Driver info: chromedriver=2.40.565498 (ea082db3280dd6843ebfb08a625e3eb905c4f5ab),platform=Windows NT 6.3.9600 x86_64) (WARNING: The server did not provide any stacktrace information)
Command duration or timeout: 10.01 seconds
Build info: version: &apos;2.53.0&apos;, revision: &apos;35ae25b1534ae328c771e0856c93e187490ca824&apos;, time: &apos;2016-03-15 10:43:46&apos;
System info: host: &apos;Nikil&apos;, ip: &apos;192.168.254.4&apos;, os.name: &apos;Windows 8.1&apos;, os.arch: &apos;amd64&apos;, os.version: &apos;6.3&apos;, java.version: &apos;1.8.0_131&apos;
Driver info: org.openqa.selenium.chrome.ChromeDriver
Capabilities [{applicationCacheEnabled=false, rotatable=false, mobileEmulationEnabled=false, networkConnectionEnabled=false, chrome={chromedriverVersion=2.40.565498 (ea082db3280dd6843ebfb08a625e3eb905c4f5ab), userDataDir=C:\Users\NIKILK~1\AppData\Local\Temp\scoped_dir13332_9007}, takesHeapSnapshot=true, pageLoadStrategy=normal, databaseEnabled=false, handlesAlerts=true, hasTouchScreen=false, version=67.0.3396.99, platform=WIN8_1, browserConnectionEnabled=false, nativeEvents=true, acceptSslCerts=false, acceptInsecureCerts=false, locationContextEnabled=true, webStorageEnabled=true, browserName=chrome, takesScreenshot=true, javascriptEnabled=true, cssSelectorsEnabled=true, setWindowRect=true, unexpectedAlertBehaviour=}]
Session ID: 0310d83ee2a38065a6f344275d2497a3
Exception occured: org.openqa.selenium.TimeoutException: timeout
  (Session info: chrome=67.0.3396.99)
  (Driver info: chromedriver=2.40.565498 (ea082db3280dd6843ebfb08a625e3eb905c4f5ab),platform=Windows NT 6.3.9600 x86_64) (WARNING: The server did not provide any stacktrace information)
Command duration or timeout: 10.01 seconds
Build info: version: &apos;2.53.0&apos;, revision: &apos;35ae25b1534ae328c771e0856c93e187490ca824&apos;, time: &apos;2016-03-15 10:43:46&apos;
System info: host: &apos;Nikil&apos;, ip: &apos;192.168.254.4&apos;, os.name: &apos;Windows 8.1&apos;, os.arch: &apos;amd64&apos;, os.version: &apos;6.3&apos;, java.version: &apos;1.8.0_131&apos;
Driver info: org.openqa.selenium.chrome.ChromeDriver
Capabilities [{applicationCacheEnabled=false, rotatable=false, mobileEmulationEnabled=false, networkConnectionEnabled=false, chrome={chromedriverVersion=2.40.565498 (ea082db3280dd6843ebfb08a625e3eb905c4f5ab), userDataDir=C:\Users\NIKILK~1\AppData\Local\Temp\scoped_dir13332_9007}, takesHeapSnapshot=true, pageLoadStrategy=normal, databaseEnabled=false, handlesAlerts=true, hasTouchScreen=false, version=67.0.3396.99, platform=WIN8_1, browserConnectionEnabled=false, nativeEvents=true, acceptSslCerts=false, acceptInsecureCerts=false, locationContextEnabled=true, webStorageEnabled=true, browserName=chrome, takesScreenshot=true, javascriptEnabled=true, cssSelectorsEnabled=true, setWindowRect=true, unexpectedAlertBehaviour=}]
Session ID: 0310d83ee2a38065a6f344275d2497a3
Exception occured: org.openqa.selenium.TimeoutException: timeout
  (Session info: chrome=67.0.3396.99)
  (Driver info: chromedriver=2.40.565498 (ea082db3280dd6843ebfb08a625e3eb905c4f5ab),platform=Windows NT 6.3.9600 x86_64) (WARNING: The server did not provide any stacktrace information)
Command duration or timeout: 10.01 seconds
Build info: version: &apos;2.53.0&apos;, revision: &apos;35ae25b1534ae328c771e0856c93e187490ca824&apos;, time: &apos;2016-03-15 10:43:46&apos;
System info: host: &apos;Nikil&apos;, ip: &apos;192.168.254.4&apos;, os.name: &apos;Windows 8.1&apos;, os.arch: &apos;amd64&apos;, os.version: &apos;6.3&apos;, java.version: &apos;1.8.0_131&apos;
Driver info: org.openqa.selenium.chrome.ChromeDriver
Capabilities [{applicationCacheEnabled=false, rotatable=false, mobileEmulationEnabled=false, networkConnectionEnabled=false, chrome={chromedriverVersion=2.40.565498 (ea082db3280dd6843ebfb08a625e3eb905c4f5ab), userDataDir=C:\Users\NIKILK~1\AppData\Local\Temp\scoped_dir13332_9007}, takesHeapSnapshot=true, pageLoadStrategy=normal, databaseEnabled=false, handlesAlerts=true, hasTouchScreen=false, version=67.0.3396.99, platform=WIN8_1, browserConnectionEnabled=false, nativeEvents=true, acceptSslCerts=false, acceptInsecureCerts=false, locationContextEnabled=true, webStorageEnabled=true, browserName=chrome, takesScreenshot=true, javascriptEnabled=true, cssSelectorsEnabled=true, setWindowRect=true, unexpectedAlertBehaviour=}]
Session ID: 0310d83ee2a38065a6f344275d2497a3
Exception occured: org.openqa.selenium.TimeoutException: timeout
  (Session info: chrome=67.0.3396.99)
  (Driver info: chromedriver=2.40.565498 (ea082db3280dd6843ebfb08a625e3eb905c4f5ab),platform=Windows NT 6.3.9600 x86_64) (WARNING: The server did not provide any stacktrace information)
Command duration or timeout: 10.01 seconds
Build info: version: &apos;2.53.0&apos;, revision: &apos;35ae25b1534ae328c771e0856c93e187490ca824&apos;, time: &apos;2016-03-15 10:43:46&apos;
System info: host: &apos;Nikil&apos;, ip: &apos;192.168.254.4&apos;, os.name: &apos;Windows 8.1&apos;, os.arch: &apos;amd64&apos;, os.version: &apos;6.3&apos;, java.version: &apos;1.8.0_131&apos;
Driver info: org.openqa.selenium.chrome.ChromeDriver
Capabilities [{applicationCacheEnabled=false, rotatable=false, mobileEmulationEnabled=false, networkConnectionEnabled=false, chrome={chromedriverVersion=2.40.565498 (ea082db3280dd6843ebfb08a625e3eb905c4f5ab), userDataDir=C:\Users\NIKILK~1\AppData\Local\Temp\scoped_dir13332_9007}, takesHeapSnapshot=true, pageLoadStrategy=normal, databaseEnabled=false, handlesAlerts=true, hasTouchScreen=false, version=67.0.3396.99, platform=WIN8_1, browserConnectionEnabled=false, nativeEvents=true, acceptSslCerts=false, acceptInsecureCerts=false, locationContextEnabled=true, webStorageEnabled=true, browserName=chrome, takesScreenshot=true, javascriptEnabled=true, cssSelectorsEnabled=true, setWindowRect=true, unexpectedAlertBehaviour=}]
Session ID: 0310d83ee2a38065a6f344275d2497a3
Exception occured: org.openqa.selenium.TimeoutException: timeout
  (Session info: chrome=67.0.3396.99)
  (Driver info: chromedriver=2.40.565498 (ea082db3280dd6843ebfb08a625e3eb905c4f5ab),platform=Windows NT 6.3.9600 x86_64) (WARNING: The server did not provide any stacktrace information)
Command duration or timeout: 10.01 seconds
Build info: version: &apos;2.53.0&apos;, revision: &apos;35ae25b1534ae328c771e0856c93e187490ca824&apos;, time: &apos;2016-03-15 10:43:46&apos;
System info: host: &apos;Nikil&apos;, ip: &apos;192.168.254.4&apos;, os.name: &apos;Windows 8.1&apos;, os.arch: &apos;amd64&apos;, os.version: &apos;6.3&apos;, java.version: &apos;1.8.0_131&apos;
Driver info: org.openqa.selenium.chrome.ChromeDriver
Capabilities [{applicationCacheEnabled=false, rotatable=false, mobileEmulationEnabled=false, networkConnectionEnabled=false, chrome={chromedriverVersion=2.40.565498 (ea082db3280dd6843ebfb08a625e3eb905c4f5ab), userDataDir=C:\Users\NIKILK~1\AppData\Local\Temp\scoped_dir13332_9007}, takesHeapSnapshot=true, pageLoadStrategy=normal, databaseEnabled=false, handlesAlerts=true, hasTouchScreen=false, version=67.0.3396.99, platform=WIN8_1, browserConnectionEnabled=false, nativeEvents=true, acceptSslCerts=false, acceptInsecureCerts=false, locationContextEnabled=true, webStorageEnabled=true, browserName=chrome, takesScreenshot=true, javascriptEnabled=true, cssSelectorsEnabled=true, setWindowRect=true, unexpectedAlertBehaviour=}]
Session ID: 0310d83ee2a38065a6f344275d2497a3
Exception occured: org.openqa.selenium.TimeoutException: timeout
  (Session info: chrome=67.0.3396.99)
  (Driver info: chromedriver=2.40.565498 (ea082db3280dd6843ebfb08a625e3eb905c4f5ab),platform=Windows NT 6.3.9600 x86_64) (WARNING: The server did not provide any stacktrace information)
Command duration or timeout: 10.01 seconds
Build info: version: &apos;2.53.0&apos;, revision: &apos;35ae25b1534ae328c771e0856c93e187490ca824&apos;, time: &apos;2016-03-15 10:43:46&apos;
System info: host: &apos;Nikil&apos;, ip: &apos;192.168.254.4&apos;, os.name: &apos;Windows 8.1&apos;, os.arch: &apos;amd64&apos;, os.version: &apos;6.3&apos;, java.version: &apos;1.8.0_131&apos;
Driver info: org.openqa.selenium.chrome.ChromeDriver
Capabilities [{applicationCacheEnabled=false, rotatable=false, mobileEmulationEnabled=false, networkConnectionEnabled=false, chrome={chromedriverVersion=2.40.565498 (ea082db3280dd6843ebfb08a625e3eb905c4f5ab), userDataDir=C:\Users\NIKILK~1\AppData\Local\Temp\scoped_dir13332_9007}, takesHeapSnapshot=true, pageLoadStrategy=normal, databaseEnabled=false, handlesAlerts=true, hasTouchScreen=false, version=67.0.3396.99, platform=WIN8_1, browserConnectionEnabled=false, nativeEvents=true, acceptSslCerts=false, acceptInsecureCerts=false, locationContextEnabled=true, webStorageEnabled=true, browserName=chrome, takesScreenshot=true, javascriptEnabled=true, cssSelectorsEnabled=true, setWindowRect=true, unexpectedAlertBehaviour=}]
Session ID: 0310d83ee2a38065a6f344275d2497a3
Exception occured: org.openqa.selenium.TimeoutException: timeout
  (Session info: chrome=67.0.3396.99)
  (Driver info: chromedriver=2.40.565498 (ea082db3280dd6843ebfb08a625e3eb905c4f5ab),platform=Windows NT 6.3.9600 x86_64) (WARNING: The server did not provide any stacktrace information)
Command duration or timeout: 10.02 seconds
Build info: version: &apos;2.53.0&apos;, revision: &apos;35ae25b1534ae328c771e0856c93e187490ca824&apos;, time: &apos;2016-03-15 10:43:46&apos;
System info: host: &apos;Nikil&apos;, ip: &apos;192.168.254.4&apos;, os.name: &apos;Windows 8.1&apos;, os.arch: &apos;amd64&apos;, os.version: &apos;6.3&apos;, java.version: &apos;1.8.0_131&apos;
Driver info: org.openqa.selenium.chrome.ChromeDriver
Capabilities [{applicationCacheEnabled=false, rotatable=false, mobileEmulationEnabled=false, networkConnectionEnabled=false, chrome={chromedriverVersion=2.40.565498 (ea082db3280dd6843ebfb08a625e3eb905c4f5ab), userDataDir=C:\Users\NIKILK~1\AppData\Local\Temp\scoped_dir13332_9007}, takesHeapSnapshot=true, pageLoadStrategy=normal, databaseEnabled=false, handlesAlerts=true, hasTouchScreen=false, version=67.0.3396.99, platform=WIN8_1, browserConnectionEnabled=false, nativeEvents=true, acceptSslCerts=false, acceptInsecureCerts=false, locationContextEnabled=true, webStorageEnabled=true, browserName=chrome, takesScreenshot=true, javascriptEnabled=true, cssSelectorsEnabled=true, setWindowRect=true, unexpectedAlertBehaviour=}]
Session ID: 0310d83ee2a38065a6f344275d2497a3
Exception occured: org.openqa.selenium.TimeoutException: timeout
  (Session info: chrome=67.0.3396.99)
  (Driver info: chromedriver=2.40.565498 (ea082db3280dd6843ebfb08a625e3eb905c4f5ab),platform=Windows NT 6.3.9600 x86_64) (WARNING: The server did not provide any stacktrace information)
Command duration or timeout: 10.01 seconds
Build info: version: &apos;2.53.0&apos;, revision: &apos;35ae25b1534ae328c771e0856c93e187490ca824&apos;, time: &apos;2016-03-15 10:43:46&apos;
System info: host: &apos;Nikil&apos;, ip: &apos;192.168.254.4&apos;, os.name: &apos;Windows 8.1&apos;, os.arch: &apos;amd64&apos;, os.version: &apos;6.3&apos;, java.version: &apos;1.8.0_131&apos;
Driver info: org.openqa.selenium.chrome.ChromeDriver
Capabilities [{applicationCacheEnabled=false, rotatable=false, mobileEmulationEnabled=false, networkConnectionEnabled=false, chrome={chromedriverVersion=2.40.565498 (ea082db3280dd6843ebfb08a625e3eb905c4f5ab), userDataDir=C:\Users\NIKILK~1\AppData\Local\Temp\scoped_dir13332_9007}, takesHeapSnapshot=true, pageLoadStrategy=normal, databaseEnabled=false, handlesAlerts=true, hasTouchScreen=false, version=67.0.3396.99, platform=WIN8_1, browserConnectionEnabled=false, nativeEvents=true, acceptSslCerts=false, acceptInsecureCerts=false, locationContextEnabled=true, webStorageEnabled=true, browserName=chrome, takesScreenshot=true, javascriptEnabled=true, cssSelectorsEnabled=true, setWindowRect=true, unexpectedAlertBehaviour=}]
Session ID: 0310d83ee2a38065a6f344275d2497a3
Exception occured: org.openqa.selenium.TimeoutException: timeout
  (Session info: chrome=67.0.3396.99)
  (Driver info: chromedriver=2.40.565498 (ea082db3280dd6843ebfb08a625e3eb905c4f5ab),platform=Windows NT 6.3.9600 x86_64) (WARNING: The server did not provide any stacktrace information)
Command duration or timeout: 10.01 seconds
Build info: version: &apos;2.53.0&apos;, revision: &apos;35ae25b1534ae328c771e0856c93e187490ca824&apos;, time: &apos;2016-03-15 10:43:46&apos;
System info: host: &apos;Nikil&apos;, ip: &apos;192.168.254.4&apos;, os.name: &apos;Windows 8.1&apos;, os.arch: &apos;amd64&apos;, os.version: &apos;6.3&apos;, java.version: &apos;1.8.0_131&apos;
Driver info: org.openqa.selenium.chrome.ChromeDriver
Capabilities [{applicationCacheEnabled=false, rotatable=false, mobileEmulationEnabled=false, networkConnectionEnabled=false, chrome={chromedriverVersion=2.40.565498 (ea082db3280dd6843ebfb08a625e3eb905c4f5ab), userDataDir=C:\Users\NIKILK~1\AppData\Local\Temp\scoped_dir13332_9007}, takesHeapSnapshot=true, pageLoadStrategy=normal, databaseEnabled=false, handlesAlerts=true, hasTouchScreen=false, version=67.0.3396.99, platform=WIN8_1, browserConnectionEnabled=false, nativeEvents=true, acceptSslCerts=false, acceptInsecureCerts=false, locationContextEnabled=true, webStorageEnabled=true, browserName=chrome, takesScreenshot=true, javascriptEnabled=true, cssSelectorsEnabled=true, setWindowRect=true, unexpectedAlertBehaviour=}]
Session ID: 0310d83ee2a38065a6f344275d2497a3
Exception occured: org.openqa.selenium.TimeoutException: timeout
  (Session info: chrome=67.0.3396.99)
  (Driver info: chromedriver=2.40.565498 (ea082db3280dd6843ebfb08a625e3eb905c4f5ab),platform=Windows NT 6.3.9600 x86_64) (WARNING: The server did not provide any stacktrace information)
Command duration or timeout: 10.01 seconds
Build info: version: &apos;2.53.0&apos;, revision: &apos;35ae25b1534ae328c771e0856c93e187490ca824&apos;, time: &apos;2016-03-15 10:43:46&apos;
System info: host: &apos;Nikil&apos;, ip: &apos;192.168.254.4&apos;, os.name: &apos;Windows 8.1&apos;, os.arch: &apos;amd64&apos;, os.version: &apos;6.3&apos;, java.version: &apos;1.8.0_131&apos;
Driver info: org.openqa.selenium.chrome.ChromeDriver
Capabilities [{applicationCacheEnabled=false, rotatable=false, mobileEmulationEnabled=false, networkConnectionEnabled=false, chrome={chromedriverVersion=2.40.565498 (ea082db3280dd6843ebfb08a625e3eb905c4f5ab), userDataDir=C:\Users\NIKILK~1\AppData\Local\Temp\scoped_dir13332_9007}, takesHeapSnapshot=true, pageLoadStrategy=normal, databaseEnabled=false, handlesAlerts=true, hasTouchScreen=false, version=67.0.3396.99, platform=WIN8_1, browserConnectionEnabled=false, nativeEvents=true, acceptSslCerts=false, acceptInsecureCerts=false, locationContextEnabled=true, webStorageEnabled=true, browserName=chrome, takesScreenshot=true, javascriptEnabled=true, cssSelectorsEnabled=true, setWindowRect=true, unexpectedAlertBehaviour=}]
Session ID: 0310d83ee2a38065a6f344275d2497a3
Exception occured: org.openqa.selenium.TimeoutException: timeout
  (Session info: chrome=67.0.3396.99)
  (Driver info: chromedriver=2.40.565498 (ea082db3280dd6843ebfb08a625e3eb905c4f5ab),platform=Windows NT 6.3.9600 x86_64) (WARNING: The server did not provide any stacktrace information)
Command duration or timeout: 10.01 seconds
Build info: version: &apos;2.53.0&apos;, revision: &apos;35ae25b1534ae328c771e0856c93e187490ca824&apos;, time: &apos;2016-03-15 10:43:46&apos;
System info: host: &apos;Nikil&apos;, ip: &apos;192.168.254.4&apos;, os.name: &apos;Windows 8.1&apos;, os.arch: &apos;amd64&apos;, os.version: &apos;6.3&apos;, java.version: &apos;1.8.0_131&apos;
Driver info: org.openqa.selenium.chrome.ChromeDriver
Capabilities [{applicationCacheEnabled=false, rotatable=false, mobileEmulationEnabled=false, networkConnectionEnabled=false, chrome={chromedriverVersion=2.40.565498 (ea082db3280dd6843ebfb08a625e3eb905c4f5ab), userDataDir=C:\Users\NIKILK~1\AppData\Local\Temp\scoped_dir13332_9007}, takesHeapSnapshot=true, pageLoadStrategy=normal, databaseEnabled=false, handlesAlerts=true, hasTouchScreen=false, version=67.0.3396.99, platform=WIN8_1, browserConnectionEnabled=false, nativeEvents=true, acceptSslCerts=false, acceptInsecureCerts=false, locationContextEnabled=true, webStorageEnabled=true, browserName=chrome, takesScreenshot=true, javascriptEnabled=true, cssSelectorsEnabled=true, setWindowRect=true, unexpectedAlertBehaviour=}]
Session ID: 0310d83ee2a38065a6f344275d2497a3
Exception occured: org.openqa.selenium.TimeoutException: timeout
  (Session info: chrome=67.0.3396.99)
  (Driver info: chromedriver=2.40.565498 (ea082db3280dd6843ebfb08a625e3eb905c4f5ab),platform=Windows NT 6.3.9600 x86_64) (WARNING: The server did not provide any stacktrace information)
Command duration or timeout: 10.01 seconds
Build info: version: &apos;2.53.0&apos;, revision: &apos;35ae25b1534ae328c771e0856c93e187490ca824&apos;, time: &apos;2016-03-15 10:43:46&apos;
System info: host: &apos;Nikil&apos;, ip: &apos;192.168.254.4&apos;, os.name: &apos;Windows 8.1&apos;, os.arch: &apos;amd64&apos;, os.version: &apos;6.3&apos;, java.version: &apos;1.8.0_131&apos;
Driver info: org.openqa.selenium.chrome.ChromeDriver
Capabilities [{applicationCacheEnabled=false, rotatable=false, mobileEmulationEnabled=false, networkConnectionEnabled=false, chrome={chromedriverVersion=2.40.565498 (ea082db3280dd6843ebfb08a625e3eb905c4f5ab), userDataDir=C:\Users\NIKILK~1\AppData\Local\Temp\scoped_dir13332_9007}, takesHeapSnapshot=true, pageLoadStrategy=normal, databaseEnabled=false, handlesAlerts=true, hasTouchScreen=false, version=67.0.3396.99, platform=WIN8_1, browserConnectionEnabled=false, nativeEvents=true, acceptSslCerts=false, acceptInsecureCerts=false, locationContextEnabled=true, webStorageEnabled=true, browserName=chrome, takesScreenshot=true, javascriptEnabled=true, cssSelectorsEnabled=true, setWindowRect=true, unexpectedAlertBehaviour=}]
Session ID: 0310d83ee2a38065a6f344275d2497a3
Exception occured: org.openqa.selenium.TimeoutException: timeout
  (Session info: chrome=67.0.3396.99)
  (Driver info: chromedriver=2.40.565498 (ea082db3280dd6843ebfb08a625e3eb905c4f5ab),platform=Windows NT 6.3.9600 x86_64) (WARNING: The server did not provide any stacktrace information)
Command duration or timeout: 10.01 seconds
Build info: version: &apos;2.53.0&apos;, revision: &apos;35ae25b1534ae328c771e0856c93e187490ca824&apos;, time: &apos;2016-03-15 10:43:46&apos;
System info: host: &apos;Nikil&apos;, ip: &apos;192.168.254.4&apos;, os.name: &apos;Windows 8.1&apos;, os.arch: &apos;amd64&apos;, os.version: &apos;6.3&apos;, java.version: &apos;1.8.0_131&apos;
Driver info: org.openqa.selenium.chrome.ChromeDriver
Capabilities [{applicationCacheEnabled=false, rotatable=false, mobileEmulationEnabled=false, networkConnectionEnabled=false, chrome={chromedriverVersion=2.40.565498 (ea082db3280dd6843ebfb08a625e3eb905c4f5ab), userDataDir=C:\Users\NIKILK~1\AppData\Local\Temp\scoped_dir13332_9007}, takesHeapSnapshot=true, pageLoadStrategy=normal, databaseEnabled=false, handlesAlerts=true, hasTouchScreen=false, version=67.0.3396.99, platform=WIN8_1, browserConnectionEnabled=false, nativeEvents=true, acceptSslCerts=false, acceptInsecureCerts=false, locationContextEnabled=true, webStorageEnabled=true, browserName=chrome, takesScreenshot=true, javascriptEnabled=true, cssSelectorsEnabled=true, setWindowRect=true, unexpectedAlertBehaviour=}]
Session ID: 0310d83ee2a38065a6f344275d2497a3
Exception occured: org.openqa.selenium.TimeoutException: timeout
  (Session info: chrome=67.0.3396.99)
  (Driver info: chromedriver=2.40.565498 (ea082db3280dd6843ebfb08a625e3eb905c4f5ab),platform=Windows NT 6.3.9600 x86_64) (WARNING: The server did not provide any stacktrace information)
Command duration or timeout: 10.01 seconds
Build info: version: &apos;2.53.0&apos;, revision: &apos;35ae25b1534ae328c771e0856c93e187490ca824&apos;, time: &apos;2016-03-15 10:43:46&apos;
System info: host: &apos;Nikil&apos;, ip: &apos;192.168.254.4&apos;, os.name: &apos;Windows 8.1&apos;, os.arch: &apos;amd64&apos;, os.version: &apos;6.3&apos;, java.version: &apos;1.8.0_131&apos;
Driver info: org.openqa.selenium.chrome.ChromeDriver
Capabilities [{applicationCacheEnabled=false, rotatable=false, mobileEmulationEnabled=false, networkConnectionEnabled=false, chrome={chromedriverVersion=2.40.565498 (ea082db3280dd6843ebfb08a625e3eb905c4f5ab), userDataDir=C:\Users\NIKILK~1\AppData\Local\Temp\scoped_dir13332_9007}, takesHeapSnapshot=true, pageLoadStrategy=normal, databaseEnabled=false, handlesAlerts=true, hasTouchScreen=false, version=67.0.3396.99, platform=WIN8_1, browserConnectionEnabled=false, nativeEvents=true, acceptSslCerts=false, acceptInsecureCerts=false, locationContextEnabled=true, webStorageEnabled=true, browserName=chrome, takesScreenshot=true, javascriptEnabled=true, cssSelectorsEnabled=true, setWindowRect=true, unexpectedAlertBehaviour=}]
Session ID: 0310d83ee2a38065a6f344275d2497a3
Exception occured: org.openqa.selenium.TimeoutException: timeout
  (Session info: chrome=67.0.3396.99)
  (Driver info: chromedriver=2.40.565498 (ea082db3280dd6843ebfb08a625e3eb905c4f5ab),platform=Windows NT 6.3.9600 x86_64) (WARNING: The server did not provide any stacktrace information)
Command duration or timeout: 10.01 seconds
Build info: version: &apos;2.53.0&apos;, revision: &apos;35ae25b1534ae328c771e0856c93e187490ca824&apos;, time: &apos;2016-03-15 10:43:46&apos;
System info: host: &apos;Nikil&apos;, ip: &apos;192.168.254.4&apos;, os.name: &apos;Windows 8.1&apos;, os.arch: &apos;amd64&apos;, os.version: &apos;6.3&apos;, java.version: &apos;1.8.0_131&apos;
Driver info: org.openqa.selenium.chrome.ChromeDriver
Capabilities [{applicationCacheEnabled=false, rotatable=false, mobileEmulationEnabled=false, networkConnectionEnabled=false, chrome={chromedriverVersion=2.40.565498 (ea082db3280dd6843ebfb08a625e3eb905c4f5ab), userDataDir=C:\Users\NIKILK~1\AppData\Local\Temp\scoped_dir13332_9007}, takesHeapSnapshot=true, pageLoadStrategy=normal, databaseEnabled=false, handlesAlerts=true, hasTouchScreen=false, version=67.0.3396.99, platform=WIN8_1, browserConnectionEnabled=false, nativeEvents=true, acceptSslCerts=false, acceptInsecureCerts=false, locationContextEnabled=true, webStorageEnabled=true, browserName=chrome, takesScreenshot=true, javascriptEnabled=true, cssSelectorsEnabled=true, setWindowRect=true, unexpectedAlertBehaviour=}]
Session ID: 0310d83ee2a38065a6f344275d2497a3
Exception occured: org.openqa.selenium.TimeoutException: timeout
  (Session info: chrome=67.0.3396.99)
  (Driver info: chromedriver=2.40.565498 (ea082db3280dd6843ebfb08a625e3eb905c4f5ab),platform=Windows NT 6.3.9600 x86_64) (WARNING: The server did not provide any stacktrace information)
Command duration or timeout: 10.01 seconds
Build info: version: &apos;2.53.0&apos;, revision: &apos;35ae25b1534ae328c771e0856c93e187490ca824&apos;, time: &apos;2016-03-15 10:43:46&apos;
System info: host: &apos;Nikil&apos;, ip: &apos;192.168.254.4&apos;, os.name: &apos;Windows 8.1&apos;, os.arch: &apos;amd64&apos;, os.version: &apos;6.3&apos;, java.version: &apos;1.8.0_131&apos;
Driver info: org.openqa.selenium.chrome.ChromeDriver
Capabilities [{applicationCacheEnabled=false, rotatable=false, mobileEmulationEnabled=false, networkConnectionEnabled=false, chrome={chromedriverVersion=2.40.565498 (ea082db3280dd6843ebfb08a625e3eb905c4f5ab), userDataDir=C:\Users\NIKILK~1\AppData\Local\Temp\scoped_dir13332_9007}, takesHeapSnapshot=true, pageLoadStrategy=normal, databaseEnabled=false, handlesAlerts=true, hasTouchScreen=false, version=67.0.3396.99, platform=WIN8_1, browserConnectionEnabled=false, nativeEvents=true, acceptSslCerts=false, acceptInsecureCerts=false, locationContextEnabled=true, webStorageEnabled=true, browserName=chrome, takesScreenshot=true, javascriptEnabled=true, cssSelectorsEnabled=true, setWindowRect=true, unexpectedAlertBehaviour=}]
Session ID: 0310d83ee2a38065a6f344275d2497a3
Exception occured: org.openqa.selenium.TimeoutException: timeout
  (Session info: chrome=67.0.3396.99)
  (Driver info: chromedriver=2.40.565498 (ea082db3280dd6843ebfb08a625e3eb905c4f5ab),platform=Windows NT 6.3.9600 x86_64) (WARNING: The server did not provide any stacktrace information)
Command duration or timeout: 10.01 seconds
Build info: version: &apos;2.53.0&apos;, revision: &apos;35ae25b1534ae328c771e0856c93e187490ca824&apos;, time: &apos;2016-03-15 10:43:46&apos;
System info: host: &apos;Nikil&apos;, ip: &apos;192.168.254.4&apos;, os.name: &apos;Windows 8.1&apos;, os.arch: &apos;amd64&apos;, os.version: &apos;6.3&apos;, java.version: &apos;1.8.0_131&apos;
Driver info: org.openqa.selenium.chrome.ChromeDriver
Capabilities [{applicationCacheEnabled=false, rotatable=false, mobileEmulationEnabled=false, networkConnectionEnabled=false, chrome={chromedriverVersion=2.40.565498 (ea082db3280dd6843ebfb08a625e3eb905c4f5ab), userDataDir=C:\Users\NIKILK~1\AppData\Local\Temp\scoped_dir13332_9007}, takesHeapSnapshot=true, pageLoadStrategy=normal, databaseEnabled=false, handlesAlerts=true, hasTouchScreen=false, version=67.0.3396.99, platform=WIN8_1, browserConnectionEnabled=false, nativeEvents=true, acceptSslCerts=false, acceptInsecureCerts=false, locationContextEnabled=true, webStorageEnabled=true, browserName=chrome, takesScreenshot=true, javascriptEnabled=true, cssSelectorsEnabled=true, setWindowRect=true, unexpectedAlertBehaviour=}]
Session ID: 0310d83ee2a38065a6f344275d2497a3
Exception occured: java.lang.StackOverflowError
Exception occured: java.lang.StackOverflowError
Exception occured: java.lang.StackOverflowError
Exception occured: java.lang.StackOverflowError
Exception occured: java.lang.StackOverflowError
Exception occured: java.lang.StackOverflowError
</system-out>
    <system-err>Starting ChromeDriver 2.40.565498 (ea082db3280dd6843ebfb08a625e3eb905c4f5ab) on port 37593
Only local connections are allowed.
[1530653466.849][SEVERE]: Timed out receiving message from renderer: 5.328
[1530653466.849][SEVERE]: Timed out receiving message from renderer: -0.001
[1530653476.868][SEVERE]: Timed out receiving message from renderer: 10.000
[1530653476.869][SEVERE]: Timed out receiving message from renderer: -0.001
[1530653486.879][SEVERE]: Timed out receiving message from renderer: 10.000
[1530653486.880][SEVERE]: Timed out receiving message from renderer: -0.002
[1530653496.893][SEVERE]: Timed out receiving message from renderer: 10.000
[1530653496.894][SEVERE]: Timed out receiving message from renderer: -0.002
[1530653506.920][SEVERE]: Timed out receiving message from renderer: 10.000
[1530653506.921][SEVERE]: Timed out receiving message from renderer: -0.016
[1530653516.928][SEVERE]: Timed out receiving message from renderer: 10.000
[1530653516.930][SEVERE]: Timed out receiving message from renderer: -0.002
[1530653526.937][SEVERE]: Timed out receiving message from renderer: 10.000
[1530653526.940][SEVERE]: Timed out receiving message from renderer: -0.002
[1530653536.965][SEVERE]: Timed out receiving message from renderer: 10.000
[1530653536.967][SEVERE]: Timed out receiving message from renderer: -0.017
[1530653546.996][SEVERE]: Timed out receiving message from renderer: 10.000
[1530653546.997][SEVERE]: Timed out receiving message from renderer: -0.001
[1530653557.008][SEVERE]: Timed out receiving message from renderer: 10.000
[1530653557.009][SEVERE]: Timed out receiving message from renderer: -0.002
[1530653567.026][SEVERE]: Timed out receiving message from renderer: 10.000
[1530653567.028][SEVERE]: Timed out receiving message from renderer: -0.002
[1530653577.033][SEVERE]: Timed out receiving message from renderer: 10.000
[1530653577.035][SEVERE]: Timed out receiving message from renderer: -0.002
[1530653587.048][SEVERE]: Timed out receiving message from renderer: 10.000
[1530653587.053][SEVERE]: Timed out receiving message from renderer: -0.004
[1530653597.070][SEVERE]: Timed out receiving message from renderer: 10.000
[1530653597.072][SEVERE]: Timed out receiving message from renderer: -0.003
[1530653607.090][SEVERE]: Timed out receiving message from renderer: 10.000
[1530653607.091][SEVERE]: Timed out receiving message from renderer: -0.001
[1530653617.096][SEVERE]: Timed out receiving message from renderer: 10.000
[1530653617.103][SEVERE]: Timed out receiving message from renderer: -0.007
[1530653627.111][SEVERE]: Timed out receiving message from renderer: 10.000
[1530653627.113][SEVERE]: Timed out receiving message from renderer: -0.002
[1530653637.121][SEVERE]: Timed out receiving message from renderer: 10.000
[1530653637.125][SEVERE]: Timed out receiving message from renderer: -0.004
[1530653647.151][SEVERE]: Timed out receiving message from renderer: 10.000
[1530653647.153][SEVERE]: Timed out receiving message from renderer: -0.016
[1530653657.179][SEVERE]: Timed out receiving message from renderer: 10.000
[1530653657.181][SEVERE]: Timed out receiving message from renderer: -0.002
[1530653667.187][SEVERE]: Timed out receiving message from renderer: 10.000
[1530653667.189][SEVERE]: Timed out receiving message from renderer: -0.002
[1530653677.201][SEVERE]: Timed out receiving message from renderer: 10.000
[1530653677.203][SEVERE]: Timed out receiving message from renderer: -0.002
[1530653687.218][SEVERE]: Timed out receiving message from renderer: 10.000
[1530653687.220][SEVERE]: Timed out receiving message from renderer: -0.010
[1530653697.227][SEVERE]: Timed out receiving message from renderer: 10.000
[1530653697.229][SEVERE]: Timed out receiving message from renderer: -0.002
[1530653707.236][SEVERE]: Timed out receiving message from renderer: 10.000
[1530653707.238][SEVERE]: Timed out receiving message from renderer: -0.002
[1530653717.271][SEVERE]: Timed out receiving message from renderer: 10.000
[1530653717.273][SEVERE]: Timed out receiving message from renderer: -0.003
[1530653727.289][SEVERE]: Timed out receiving message from renderer: 10.000
[1530653727.293][SEVERE]: Timed out receiving message from renderer: -0.004
[1530653737.303][SEVERE]: Timed out receiving message from renderer: 10.000
[1530653737.304][SEVERE]: Timed out receiving message from renderer: -0.001
[1530653747.310][SEVERE]: Timed out receiving message from renderer: 10.000
[1530653747.311][SEVERE]: Timed out receiving message from renderer: -0.001
[1530653757.324][SEVERE]: Timed out receiving message from renderer: 10.000
[1530653757.332][SEVERE]: Timed out receiving message from renderer: -0.014
[1530653767.347][SEVERE]: Timed out receiving message from renderer: 10.000
[1530653767.349][SEVERE]: Timed out receiving message from renderer: -0.002
[1530653777.365][SEVERE]: Timed out receiving message from renderer: 10.000
[1530653777.366][SEVERE]: Timed out receiving message from renderer: -0.001
[1530653787.375][SEVERE]: Timed out receiving message from renderer: 10.000
[1530653787.377][SEVERE]: Timed out receiving message from renderer: -0.002
[1530653797.399][SEVERE]: Timed out receiving message from renderer: 10.000
[1530653797.413][SEVERE]: Timed out receiving message from renderer: -0.024
[1530653807.423][SEVERE]: Timed out receiving message from renderer: 10.000
[1530653807.438][SEVERE]: Timed out receiving message from renderer: -0.018
[1530653817.452][SEVERE]: Timed out receiving message from renderer: 10.000
[1530653817.454][SEVERE]: Timed out receiving message from renderer: -0.001
[1530653827.472][SEVERE]: Timed out receiving message from renderer: 10.000
[1530653827.480][SEVERE]: Timed out receiving message from renderer: -0.021
[1530653837.493][SEVERE]: Timed out receiving message from renderer: 10.000
[1530653837.496][SEVERE]: Timed out receiving message from renderer: -0.002
[1530653847.508][SEVERE]: Timed out receiving message from renderer: 10.000
[1530653847.512][SEVERE]: Timed out receiving message from renderer: -0.004
[1530653857.525][SEVERE]: Timed out receiving message from renderer: 10.000
[1530653857.526][SEVERE]: Timed out receiving message from renderer: -0.001
[1530653867.534][SEVERE]: Timed out receiving message from renderer: 10.000
[1530653867.535][SEVERE]: Timed out receiving message from renderer: -0.001
[1530653877.541][SEVERE]: Timed out receiving message from renderer: 10.000
[1530653877.544][SEVERE]: Timed out receiving message from renderer: -0.003
[1530653887.553][SEVERE]: Timed out receiving message from renderer: 10.000
[1530653887.555][SEVERE]: Timed out receiving message from renderer: -0.002
[1530653897.569][SEVERE]: Timed out receiving message from renderer: 10.000
[1530653897.572][SEVERE]: Timed out receiving message from renderer: -0.003
[1530653907.584][SEVERE]: Timed out receiving message from renderer: 10.000
[1530653907.585][SEVERE]: Timed out receiving message from renderer: -0.001
[1530653917.593][SEVERE]: Timed out receiving message from renderer: 10.000
[1530653917.594][SEVERE]: Timed out receiving message from renderer: -0.001
[1530653927.602][SEVERE]: Timed out receiving message from renderer: 10.000
[1530653927.603][SEVERE]: Timed out receiving message from renderer: -0.002
[1530653937.612][SEVERE]: Timed out receiving message from renderer: 10.000
[1530653937.614][SEVERE]: Timed out receiving message from renderer: -0.002
[1530653947.628][SEVERE]: Timed out receiving message from renderer: 10.000
[1530653947.630][SEVERE]: Timed out receiving message from renderer: -0.003
[1530653957.642][SEVERE]: Timed out receiving message from renderer: 10.000
[1530653957.643][SEVERE]: Timed out receiving message from renderer: -0.001
[1530653967.648][SEVERE]: Timed out receiving message from renderer: 10.000
[1530653967.650][SEVERE]: Timed out receiving message from renderer: -0.002
[1530653977.661][SEVERE]: Timed out receiving message from renderer: 10.000
[1530653977.664][SEVERE]: Timed out receiving message from renderer: -0.003
[1530653987.675][SEVERE]: Timed out receiving message from renderer: 10.000
[1530653987.678][SEVERE]: Timed out receiving message from renderer: -0.003
[1530653997.689][SEVERE]: Timed out receiving message from renderer: 10.000
[1530653997.691][SEVERE]: Timed out receiving message from renderer: -0.002
[1530654007.699][SEVERE]: Timed out receiving message from renderer: 10.000
[1530654007.701][SEVERE]: Timed out receiving message from renderer: -0.002
[1530654017.715][SEVERE]: Timed out receiving message from renderer: 10.000
[1530654017.716][SEVERE]: Timed out receiving message from renderer: -0.001
[1530654027.724][SEVERE]: Timed out receiving message from renderer: 10.000
[1530654027.725][SEVERE]: Timed out receiving message from renderer: -0.001
[1530654037.732][SEVERE]: Timed out receiving message from renderer: 10.000
[1530654037.736][SEVERE]: Timed out receiving message from renderer: -0.004
[1530654047.757][SEVERE]: Timed out receiving message from renderer: 10.000
[1530654047.759][SEVERE]: Timed out receiving message from renderer: -0.003
[1530654057.776][SEVERE]: Timed out receiving message from renderer: 10.000
[1530654057.778][SEVERE]: Timed out receiving message from renderer: -0.002
[1530654067.788][SEVERE]: Timed out receiving message from renderer: 10.000
[1530654067.789][SEVERE]: Timed out receiving message from renderer: -0.002
[1530654077.795][SEVERE]: Timed out receiving message from renderer: 10.000
[1530654077.797][SEVERE]: Timed out receiving message from renderer: -0.002
[1530654087.810][SEVERE]: Timed out receiving message from renderer: 10.000
[1530654087.811][SEVERE]: Timed out receiving message from renderer: -0.001
[1530654097.816][SEVERE]: Timed out receiving message from renderer: 10.000
[1530654097.817][SEVERE]: Timed out receiving message from renderer: -0.001
[1530654107.822][SEVERE]: Timed out receiving message from renderer: 10.000
[1530654107.823][SEVERE]: Timed out receiving message from renderer: -0.001
[1530654117.830][SEVERE]: Timed out receiving message from renderer: 10.000
[1530654117.832][SEVERE]: Timed out receiving message from renderer: -0.002
[1530654127.846][SEVERE]: Timed out receiving message from renderer: 10.000
[1530654127.847][SEVERE]: Timed out receiving message from renderer: -0.001
[1530654137.853][SEVERE]: Timed out receiving message from renderer: 10.000
[1530654137.854][SEVERE]: Timed out receiving message from renderer: -0.001
[1530654147.859][SEVERE]: Timed out receiving message from renderer: 10.000
[1530654147.862][SEVERE]: Timed out receiving message from renderer: -0.002
[1530654157.873][SEVERE]: Timed out receiving message from renderer: 10.000
[1530654157.875][SEVERE]: Timed out receiving message from renderer: -0.002
[1530654167.886][SEVERE]: Timed out receiving message from renderer: 10.000
[1530654167.889][SEVERE]: Timed out receiving message from renderer: -0.002
[1530654177.901][SEVERE]: Timed out receiving message from renderer: 10.000
[1530654177.903][SEVERE]: Timed out receiving message from renderer: -0.002
[1530654187.913][SEVERE]: Timed out receiving message from renderer: 10.000
[1530654187.914][SEVERE]: Timed out receiving message from renderer: -0.001
[1530654197.937][SEVERE]: Timed out receiving message from renderer: 10.000
[1530654197.938][SEVERE]: Timed out receiving message from renderer: -0.012
[1530654207.945][SEVERE]: Timed out receiving message from renderer: 10.000
[1530654207.947][SEVERE]: Timed out receiving message from renderer: -0.002
[1530654217.964][SEVERE]: Timed out receiving message from renderer: 10.000
[1530654217.969][SEVERE]: Timed out receiving message from renderer: -0.005
[1530654227.982][SEVERE]: Timed out receiving message from renderer: 10.000
[1530654227.986][SEVERE]: Timed out receiving message from renderer: -0.004
[1530654238.004][SEVERE]: Timed out receiving message from renderer: 10.000
[1530654238.006][SEVERE]: Timed out receiving message from renderer: -0.002
[1530654248.016][SEVERE]: Timed out receiving message from renderer: 10.000
[1530654248.018][SEVERE]: Timed out receiving message from renderer: -0.002
[1530654258.025][SEVERE]: Timed out receiving message from renderer: 10.000
[1530654258.031][SEVERE]: Timed out receiving message from renderer: -0.006
[1530654268.045][SEVERE]: Timed out receiving message from renderer: 10.000
[1530654268.048][SEVERE]: Timed out receiving message from renderer: -0.004
[1530654278.056][SEVERE]: Timed out receiving message from renderer: 10.000
[1530654278.058][SEVERE]: Timed out receiving message from renderer: -0.003
[1530654288.072][SEVERE]: Timed out receiving message from renderer: 10.000
[1530654288.077][SEVERE]: Timed out receiving message from renderer: -0.006
[1530654298.089][SEVERE]: Timed out receiving message from renderer: 10.000
[1530654298.090][SEVERE]: Timed out receiving message from renderer: -0.001
[1530654308.095][SEVERE]: Timed out receiving message from renderer: 10.000
[1530654308.096][SEVERE]: Timed out receiving message from renderer: -0.002
[1530654318.106][SEVERE]: Timed out receiving message from renderer: 10.000
[1530654318.107][SEVERE]: Timed out receiving message from renderer: -0.001
[1530654328.113][SEVERE]: Timed out receiving message from renderer: 10.000
[1530654328.115][SEVERE]: Timed out receiving message from renderer: -0.002
[1530654338.128][SEVERE]: Timed out receiving message from renderer: 10.000
[1530654338.129][SEVERE]: Timed out receiving message from renderer: -0.001
[1530654348.134][SEVERE]: Timed out receiving message from renderer: 10.000
[1530654348.135][SEVERE]: Timed out receiving message from renderer: -0.001
[1530654358.141][SEVERE]: Timed out receiving message from renderer: 10.000
[1530654358.143][SEVERE]: Timed out receiving message from renderer: -0.001
[1530654368.150][SEVERE]: Timed out receiving message from renderer: 10.000
[1530654368.152][SEVERE]: Timed out receiving message from renderer: -0.002
[1530654378.161][SEVERE]: Timed out receiving message from renderer: 10.000
[1530654378.163][SEVERE]: Timed out receiving message from renderer: -0.002
[1530654388.172][SEVERE]: Timed out receiving message from renderer: 10.000
[1530654388.174][SEVERE]: Timed out receiving message from renderer: -0.002
[1530654398.186][SEVERE]: Timed out receiving message from renderer: 10.000
[1530654398.196][SEVERE]: Timed out receiving message from renderer: -0.016
[1530657845.516][SEVERE]: Timed out receiving message from renderer: 10.000
[1530657845.517][SEVERE]: Timed out receiving message from renderer: -3437.316
[1530657855.542][SEVERE]: Timed out receiving message from renderer: 10.000
[1530657856.114][SEVERE]: Timed out receiving message from renderer: -0.581
[1530657866.139][SEVERE]: Timed out receiving message from renderer: 10.000
[1530657866.140][SEVERE]: Timed out receiving message from renderer: -0.005
[1530657876.146][SEVERE]: Timed out receiving message from renderer: 10.000
[1530657876.147][SEVERE]: Timed out receiving message from renderer: -0.002
[1530657886.163][SEVERE]: Timed out receiving message from renderer: 10.000
[1530657886.164][SEVERE]: Timed out receiving message from renderer: -0.013
[1530657896.178][SEVERE]: Timed out receiving message from renderer: 10.000
[1530657896.179][SEVERE]: Timed out receiving message from renderer: -0.010
[1530657906.197][SEVERE]: Timed out receiving message from renderer: 10.000
[1530657906.199][SEVERE]: Timed out receiving message from renderer: -0.015
[1530657916.207][SEVERE]: Timed out receiving message from renderer: 10.000
[1530657916.208][SEVERE]: Timed out receiving message from renderer: -0.001
[1530657926.216][SEVERE]: Timed out receiving message from renderer: 10.000
[1530657926.217][SEVERE]: Timed out receiving message from renderer: -0.003
[1530657936.227][SEVERE]: Timed out receiving message from renderer: 10.000
[1530657936.228][SEVERE]: Timed out receiving message from renderer: -0.006
[1530657946.234][SEVERE]: Timed out receiving message from renderer: 10.000
[1530657946.236][SEVERE]: Timed out receiving message from renderer: -0.003
[1530657956.267][SEVERE]: Timed out receiving message from renderer: 10.000
[1530657956.269][SEVERE]: Timed out receiving message from renderer: -0.004
[1530657966.277][SEVERE]: Timed out receiving message from renderer: 10.000
[1530657966.279][SEVERE]: Timed out receiving message from renderer: -0.004
[1530657976.286][SEVERE]: Timed out receiving message from renderer: 10.000
[1530657976.287][SEVERE]: Timed out receiving message from renderer: -0.001
[1530657986.293][SEVERE]: Timed out receiving message from renderer: 10.000
[1530657986.298][SEVERE]: Timed out receiving message from renderer: -0.005
[1530657996.308][SEVERE]: Timed out receiving message from renderer: 10.000
[1530657996.309][SEVERE]: Timed out receiving message from renderer: -0.002
[1530658006.317][SEVERE]: Timed out receiving message from renderer: 10.000
[1530658006.318][SEVERE]: Timed out receiving message from renderer: -0.001
[1530658016.323][SEVERE]: Timed out receiving message from renderer: 10.000
[1530658016.358][SEVERE]: Timed out receiving message from renderer: -0.035
[1530658026.370][SEVERE]: Timed out receiving message from renderer: 10.000
[1530658026.372][SEVERE]: Timed out receiving message from renderer: -0.002
[1530658036.382][SEVERE]: Timed out receiving message from renderer: 10.000
[1530658036.383][SEVERE]: Timed out receiving message from renderer: -0.001
[1530658046.389][SEVERE]: Timed out receiving message from renderer: 10.000
[1530658046.390][SEVERE]: Timed out receiving message from renderer: -0.001
[1530658056.397][SEVERE]: Timed out receiving message from renderer: 10.000
[1530658056.401][SEVERE]: Timed out receiving message from renderer: -0.004
[1530658066.418][SEVERE]: Timed out receiving message from renderer: 10.000
[1530658066.419][SEVERE]: Timed out receiving message from renderer: -0.002
[1530658076.427][SEVERE]: Timed out receiving message from renderer: 10.000
[1530658076.429][SEVERE]: Timed out receiving message from renderer: -0.002
[1530658086.441][SEVERE]: Timed out receiving message from renderer: 10.000
[1530658086.444][SEVERE]: Timed out receiving message from renderer: -0.003
[1530658096.456][SEVERE]: Timed out receiving message from renderer: 10.000
[1530658096.459][SEVERE]: Timed out receiving message from renderer: -0.003
[1530658106.472][SEVERE]: Timed out receiving message from renderer: 10.000
[1530658106.474][SEVERE]: Timed out receiving message from renderer: -0.002
[1530658116.489][SEVERE]: Timed out receiving message from renderer: 10.000
[1530658116.493][SEVERE]: Timed out receiving message from renderer: -0.003
[1530658126.509][SEVERE]: Timed out receiving message from renderer: 10.000
[1530658126.512][SEVERE]: Timed out receiving message from renderer: -0.002
[1530658136.525][SEVERE]: Timed out receiving message from renderer: 10.000
[1530658136.527][SEVERE]: Timed out receiving message from renderer: -0.002
[1530658146.535][SEVERE]: Timed out receiving message from renderer: 10.000
[1530658146.539][SEVERE]: Timed out receiving message from renderer: -0.004
[1530658156.550][SEVERE]: Timed out receiving message from renderer: 10.000
[1530658156.553][SEVERE]: Timed out receiving message from renderer: -0.003
[1530658166.569][SEVERE]: Timed out receiving message from renderer: 10.000
[1530658166.571][SEVERE]: Timed out receiving message from renderer: -0.003
[1530658176.585][SEVERE]: Timed out receiving message from renderer: 10.000
[1530658176.586][SEVERE]: Timed out receiving message from renderer: -0.002
[1530658186.595][SEVERE]: Timed out receiving message from renderer: 10.000
[1530658186.597][SEVERE]: Timed out receiving message from renderer: -0.002
[1530658196.613][SEVERE]: Timed out receiving message from renderer: 10.000
[1530658196.615][SEVERE]: Timed out receiving message from renderer: -0.002
[1530658206.629][SEVERE]: Timed out receiving message from renderer: 10.000
[1530658206.631][SEVERE]: Timed out receiving message from renderer: -0.002
[1530658216.640][SEVERE]: Timed out receiving message from renderer: 10.000
[1530658216.643][SEVERE]: Timed out receiving message from renderer: -0.003
[1530658226.657][SEVERE]: Timed out receiving message from renderer: 10.000
[1530658226.659][SEVERE]: Timed out receiving message from renderer: -0.002
[1530658236.672][SEVERE]: Timed out receiving message from renderer: 10.000
[1530658236.673][SEVERE]: Timed out receiving message from renderer: -0.001
[1530658246.678][SEVERE]: Timed out receiving message from renderer: 10.000
[1530658246.681][SEVERE]: Timed out receiving message from renderer: -0.003
[1530658256.695][SEVERE]: Timed out receiving message from renderer: 10.000
[1530658256.699][SEVERE]: Timed out receiving message from renderer: -0.004
[1530658266.712][SEVERE]: Timed out receiving message from renderer: 10.000
[1530658266.713][SEVERE]: Timed out receiving message from renderer: -0.002
[1530658276.720][SEVERE]: Timed out receiving message from renderer: 10.000
[1530658276.723][SEVERE]: Timed out receiving message from renderer: -0.003
[1530658286.740][SEVERE]: Timed out receiving message from renderer: 10.000
[1530658286.743][SEVERE]: Timed out receiving message from renderer: -0.003
[1530658296.755][SEVERE]: Timed out receiving message from renderer: 10.000
[1530658296.758][SEVERE]: Timed out receiving message from renderer: -0.003
[1530658306.772][SEVERE]: Timed out receiving message from renderer: 10.000
[1530658306.774][SEVERE]: Timed out receiving message from renderer: -0.002
[1530658316.785][SEVERE]: Timed out receiving message from renderer: 10.000
[1530658316.788][SEVERE]: Timed out receiving message from renderer: -0.003
[1530658326.805][SEVERE]: Timed out receiving message from renderer: 10.000
[1530658326.808][SEVERE]: Timed out receiving message from renderer: -0.003
[1530658336.820][SEVERE]: Timed out receiving message from renderer: 10.000
[1530658336.822][SEVERE]: Timed out receiving message from renderer: -0.002
[1530658346.836][SEVERE]: Timed out receiving message from renderer: 10.000
[1530658346.838][SEVERE]: Timed out receiving message from renderer: -0.002
[1530658356.851][SEVERE]: Timed out receiving message from renderer: 10.000
[1530658356.853][SEVERE]: Timed out receiving message from renderer: -0.002
[1530658366.864][SEVERE]: Timed out receiving message from renderer: 10.000
[1530658366.866][SEVERE]: Timed out receiving message from renderer: -0.002
[1530658376.879][SEVERE]: Timed out receiving message from renderer: 10.000
[1530658376.881][SEVERE]: Timed out receiving message from renderer: -0.002
[1530658386.898][SEVERE]: Timed out receiving message from renderer: 10.000
[1530658386.901][SEVERE]: Timed out receiving message from renderer: -0.002
[1530658396.915][SEVERE]: Timed out receiving message from renderer: 10.000
[1530658396.917][SEVERE]: Timed out receiving message from renderer: -0.002
[1530658406.928][SEVERE]: Timed out receiving message from renderer: 10.000
[1530658406.932][SEVERE]: Timed out receiving message from renderer: -0.004
[1530658416.944][SEVERE]: Timed out receiving message from renderer: 10.000
[1530658416.946][SEVERE]: Timed out receiving message from renderer: -0.001
[1530658426.954][SEVERE]: Timed out receiving message from renderer: 10.000
[1530658426.957][SEVERE]: Timed out receiving message from renderer: -0.003
[1530658436.970][SEVERE]: Timed out receiving message from renderer: 10.000
[1530658436.972][SEVERE]: Timed out receiving message from renderer: -0.002
[1530658446.985][SEVERE]: Timed out receiving message from renderer: 10.000
[1530658446.987][SEVERE]: Timed out receiving message from renderer: -0.002
[1530658457.002][SEVERE]: Timed out receiving message from renderer: 10.000
[1530658457.006][SEVERE]: Timed out receiving message from renderer: -0.003
[1530658467.019][SEVERE]: Timed out receiving message from renderer: 10.000
[1530658467.021][SEVERE]: Timed out receiving message from renderer: -0.002
[1530658477.035][SEVERE]: Timed out receiving message from renderer: 10.000
[1530658477.039][SEVERE]: Timed out receiving message from renderer: -0.003
[1530658487.054][SEVERE]: Timed out receiving message from renderer: 10.000
[1530658487.055][SEVERE]: Timed out receiving message from renderer: -0.001
[1530658497.062][SEVERE]: Timed out receiving message from renderer: 10.000
[1530658497.063][SEVERE]: Timed out receiving message from renderer: -0.002
[1530658507.069][SEVERE]: Timed out receiving message from renderer: 10.000
[1530658507.070][SEVERE]: Timed out receiving message from renderer: -0.002
[1530658517.076][SEVERE]: Timed out receiving message from renderer: 10.000
[1530658517.078][SEVERE]: Timed out receiving message from renderer: -0.002
[1530658527.083][SEVERE]: Timed out receiving message from renderer: 10.000
[1530658527.084][SEVERE]: Timed out receiving message from renderer: -0.001
[1530658537.091][SEVERE]: Timed out receiving message from renderer: 10.000
[1530658537.092][SEVERE]: Timed out receiving message from renderer: -0.001
[1530658547.098][SEVERE]: Timed out receiving message from renderer: 10.000
[1530658547.100][SEVERE]: Timed out receiving message from renderer: -0.002
[1530658557.108][SEVERE]: Timed out receiving message from renderer: 10.000
[1530658557.110][SEVERE]: Timed out receiving message from renderer: -0.002
[1530658567.122][SEVERE]: Timed out receiving message from renderer: 10.000
[1530658567.124][SEVERE]: Timed out receiving message from renderer: -0.002
[1530658577.139][SEVERE]: Timed out receiving message from renderer: 10.000
[1530658577.140][SEVERE]: Timed out receiving message from renderer: -0.001
[1530658587.145][SEVERE]: Timed out receiving message from renderer: 10.000
[1530658587.147][SEVERE]: Timed out receiving message from renderer: -0.002
[1530658597.160][SEVERE]: Timed out receiving message from renderer: 10.000
[1530658597.161][SEVERE]: Timed out receiving message from renderer: -0.001
[1530658607.166][SEVERE]: Timed out receiving message from renderer: 10.000
[1530658607.169][SEVERE]: Timed out receiving message from renderer: -0.003
[1530658617.182][SEVERE]: Timed out receiving message from renderer: 10.000
[1530658617.184][SEVERE]: Timed out receiving message from renderer: -0.002
[1530658627.195][SEVERE]: Timed out receiving message from renderer: 10.000
[1530658627.196][SEVERE]: Timed out receiving message from renderer: -0.002
[1530658637.201][SEVERE]: Timed out receiving message from renderer: 10.000
[1530658637.202][SEVERE]: Timed out receiving message from renderer: -0.001
[1530658647.207][SEVERE]: Timed out receiving message from renderer: 10.000
[1530658647.210][SEVERE]: Timed out receiving message from renderer: -0.003
[1530658657.223][SEVERE]: Timed out receiving message from renderer: 10.000
[1530658657.225][SEVERE]: Timed out receiving message from renderer: -0.002
[1530658667.235][SEVERE]: Timed out receiving message from renderer: 10.000
[1530658667.237][SEVERE]: Timed out receiving message from renderer: -0.002
[1530658677.249][SEVERE]: Timed out receiving message from renderer: 10.000
[1530658677.252][SEVERE]: Timed out receiving message from renderer: -0.003
[1530658687.263][SEVERE]: Timed out receiving message from renderer: 10.000
[1530658687.264][SEVERE]: Timed out receiving message from renderer: -0.001
[1530658697.268][SEVERE]: Timed out receiving message from renderer: 10.000
[1530658697.271][SEVERE]: Timed out receiving message from renderer: -0.003
[1530658707.283][SEVERE]: Timed out receiving message from renderer: 10.000
[1530658707.287][SEVERE]: Timed out receiving message from renderer: -0.004
[1530658717.299][SEVERE]: Timed out receiving message from renderer: 10.000
[1530658717.300][SEVERE]: Timed out receiving message from renderer: -0.001
[1530658727.305][SEVERE]: Timed out receiving message from renderer: 10.000
[1530658727.307][SEVERE]: Timed out receiving message from renderer: -0.002
[1530658737.316][SEVERE]: Timed out receiving message from renderer: 10.000
[1530658737.320][SEVERE]: Timed out receiving message from renderer: -0.004
[1530658747.332][SEVERE]: Timed out receiving message from renderer: 10.000
[1530658747.333][SEVERE]: Timed out receiving message from renderer: -0.002
[1530658757.346][SEVERE]: Timed out receiving message from renderer: 10.000
[1530658757.347][SEVERE]: Timed out receiving message from renderer: -0.001
[1530658767.355][SEVERE]: Timed out receiving message from renderer: 10.000
[1530658767.356][SEVERE]: Timed out receiving message from renderer: -0.001
[1530658777.364][SEVERE]: Timed out receiving message from renderer: 10.000
[1530658777.366][SEVERE]: Timed out receiving message from renderer: -0.002
[1530658787.380][SEVERE]: Timed out receiving message from renderer: 10.000
[1530658787.382][SEVERE]: Timed out receiving message from renderer: -0.002
[1530658797.392][SEVERE]: Timed out receiving message from renderer: 10.000
[1530658797.394][SEVERE]: Timed out receiving message from renderer: -0.003
[1530658807.406][SEVERE]: Timed out receiving message from renderer: 10.000
[1530658807.410][SEVERE]: Timed out receiving message from renderer: -0.004
[1530658817.425][SEVERE]: Timed out receiving message from renderer: 10.000
[1530658817.427][SEVERE]: Timed out receiving message from renderer: -0.003
[1530658827.438][SEVERE]: Timed out receiving message from renderer: 10.000
[1530658827.438][SEVERE]: Timed out receiving message from renderer: -0.001
[1530658837.443][SEVERE]: Timed out receiving message from renderer: 10.000
[1530658837.444][SEVERE]: Timed out receiving message from renderer: -0.001
[1530658847.452][SEVERE]: Timed out receiving message from renderer: 10.000
[1530658847.455][SEVERE]: Timed out receiving message from renderer: -0.003
[1530658857.466][SEVERE]: Timed out receiving message from renderer: 10.000
[1530658857.467][SEVERE]: Timed out receiving message from renderer: -0.002
[1530658867.473][SEVERE]: Timed out receiving message from renderer: 10.000
[1530658867.475][SEVERE]: Timed out receiving message from renderer: -0.003
[1530658877.488][SEVERE]: Timed out receiving message from renderer: 10.000
[1530658877.491][SEVERE]: Timed out receiving message from renderer: -0.003
[1530658887.501][SEVERE]: Timed out receiving message from renderer: 10.000
[1530658887.503][SEVERE]: Timed out receiving message from renderer: -0.002
[1530658897.510][SEVERE]: Timed out receiving message from renderer: 10.000
[1530658897.512][SEVERE]: Timed out receiving message from renderer: -0.002
[1530658907.523][SEVERE]: Timed out receiving message from renderer: 10.000
[1530658907.524][SEVERE]: Timed out receiving message from renderer: -0.002
[1530658917.537][SEVERE]: Timed out receiving message from renderer: 10.000
[1530658917.538][SEVERE]: Timed out receiving message from renderer: -0.001
[1530658927.546][SEVERE]: Timed out receiving message from renderer: 10.000
[1530658927.547][SEVERE]: Timed out receiving message from renderer: -0.001
[1530658937.552][SEVERE]: Timed out receiving message from renderer: 10.000
[1530658937.554][SEVERE]: Timed out receiving message from renderer: -0.002
[1530658947.566][SEVERE]: Timed out receiving message from renderer: 10.000
[1530658947.569][SEVERE]: Timed out receiving message from renderer: -0.003
[1530658957.577][SEVERE]: Timed out receiving message from renderer: 10.000
[1530658957.579][SEVERE]: Timed out receiving message from renderer: -0.002
[1530658967.591][SEVERE]: Timed out receiving message from renderer: 10.000
[1530658967.593][SEVERE]: Timed out receiving message from renderer: -0.003
[1530658977.606][SEVERE]: Timed out receiving message from renderer: 10.000
[1530658977.607][SEVERE]: Timed out receiving message from renderer: -0.002
[1530658987.612][SEVERE]: Timed out receiving message from renderer: 10.000
[1530658987.615][SEVERE]: Timed out receiving message from renderer: -0.002
[1530658997.626][SEVERE]: Timed out receiving message from renderer: 10.000
[1530658997.628][SEVERE]: Timed out receiving message from renderer: -0.002
[1530659007.639][SEVERE]: Timed out receiving message from renderer: 10.000
[1530659007.640][SEVERE]: Timed out receiving message from renderer: -0.001
[1530659017.648][SEVERE]: Timed out receiving message from renderer: 10.000
[1530659017.649][SEVERE]: Timed out receiving message from renderer: -0.001
[1530659027.688][SEVERE]: Timed out receiving message from renderer: 10.000
[1530659027.692][SEVERE]: Timed out receiving message from renderer: -0.004
[1530659037.707][SEVERE]: Timed out receiving message from renderer: 10.000
[1530659037.709][SEVERE]: Timed out receiving message from renderer: -0.002
[1530659047.722][SEVERE]: Timed out receiving message from renderer: 10.000
[1530659047.723][SEVERE]: Timed out receiving message from renderer: -0.001
[1530659057.732][SEVERE]: Timed out receiving message from renderer: 10.000
[1530659057.734][SEVERE]: Timed out receiving message from renderer: -0.002
[1530659067.744][SEVERE]: Timed out receiving message from renderer: 10.000
[1530659067.745][SEVERE]: Timed out receiving message from renderer: -0.002
[1530659077.750][SEVERE]: Timed out receiving message from renderer: 10.000
[1530659077.753][SEVERE]: Timed out receiving message from renderer: -0.003
[1530659087.764][SEVERE]: Timed out receiving message from renderer: 10.000
[1530659087.765][SEVERE]: Timed out receiving message from renderer: -0.001
[1530659097.770][SEVERE]: Timed out receiving message from renderer: 10.000
[1530659097.773][SEVERE]: Timed out receiving message from renderer: -0.003
[1530659107.785][SEVERE]: Timed out receiving message from renderer: 10.000
[1530659107.786][SEVERE]: Timed out receiving message from renderer: -0.001
[1530659117.791][SEVERE]: Timed out receiving message from renderer: 10.000
[1530659117.794][SEVERE]: Timed out receiving message from renderer: -0.002
[1530659127.808][SEVERE]: Timed out receiving message from renderer: 10.000
[1530659127.810][SEVERE]: Timed out receiving message from renderer: -0.002
[1530659137.822][SEVERE]: Timed out receiving message from renderer: 10.000
[1530659137.824][SEVERE]: Timed out receiving message from renderer: -0.002
[1530659147.834][SEVERE]: Timed out receiving message from renderer: 10.000
[1530659147.837][SEVERE]: Timed out receiving message from renderer: -0.002
[1530659157.850][SEVERE]: Timed out receiving message from renderer: 10.000
[1530659157.853][SEVERE]: Timed out receiving message from renderer: -0.003
[1530659167.862][SEVERE]: Timed out receiving message from renderer: 10.000
[1530659167.864][SEVERE]: Timed out receiving message from renderer: -0.003
[1530659177.876][SEVERE]: Timed out receiving message from renderer: 10.000
[1530659177.878][SEVERE]: Timed out receiving message from renderer: -0.002
[1530659187.888][SEVERE]: Timed out receiving message from renderer: 10.000
[1530659187.889][SEVERE]: Timed out receiving message from renderer: -0.001
[1530659197.897][SEVERE]: Timed out receiving message from renderer: 10.000
[1530659197.899][SEVERE]: Timed out receiving message from renderer: -0.002
[1530659207.911][SEVERE]: Timed out receiving message from renderer: 10.000
[1530659207.913][SEVERE]: Timed out receiving message from renderer: -0.003
[1530659217.926][SEVERE]: Timed out receiving message from renderer: 10.000
[1530659217.929][SEVERE]: Timed out receiving message from renderer: -0.003
[1530659227.935][SEVERE]: Timed out receiving message from renderer: 10.000
[1530659227.937][SEVERE]: Timed out receiving message from renderer: -0.001
[1530659237.943][SEVERE]: Timed out receiving message from renderer: 10.000
[1530659237.946][SEVERE]: Timed out receiving message from renderer: -0.002
[1530659247.956][SEVERE]: Timed out receiving message from renderer: 10.000
[1530659247.959][SEVERE]: Timed out receiving message from renderer: -0.003
[1530659257.972][SEVERE]: Timed out receiving message from renderer: 10.000
[1530659257.975][SEVERE]: Timed out receiving message from renderer: -0.004
[1530659267.986][SEVERE]: Timed out receiving message from renderer: 10.000
[1530659267.988][SEVERE]: Timed out receiving message from renderer: -0.002
[1530659278.001][SEVERE]: Timed out receiving message from renderer: 10.000
[1530659278.003][SEVERE]: Timed out receiving message from renderer: -0.002
[1530659288.015][SEVERE]: Timed out receiving message from renderer: 10.000
[1530659288.016][SEVERE]: Timed out receiving message from renderer: -0.001
[1530659298.021][SEVERE]: Timed out receiving message from renderer: 10.000
[1530659298.022][SEVERE]: Timed out receiving message from renderer: -0.002
[1530659308.030][SEVERE]: Timed out receiving message from renderer: 10.000
[1530659308.033][SEVERE]: Timed out receiving message from renderer: -0.003
[1530659318.045][SEVERE]: Timed out receiving message from renderer: 10.000
[1530659318.046][SEVERE]: Timed out receiving message from renderer: -0.001
[1530659328.052][SEVERE]: Timed out receiving message from renderer: 10.000
[1530659328.054][SEVERE]: Timed out receiving message from renderer: -0.002
[1530659338.064][SEVERE]: Timed out receiving message from renderer: 10.000
[1530659338.066][SEVERE]: Timed out receiving message from renderer: -0.002
[1530659348.076][SEVERE]: Timed out receiving message from renderer: 10.000
[1530659348.080][SEVERE]: Timed out receiving message from renderer: -0.004
[1530659358.092][SEVERE]: Timed out receiving message from renderer: 10.000
[1530659358.094][SEVERE]: Timed out receiving message from renderer: -0.003
[1530659368.110][SEVERE]: Timed out receiving message from renderer: 10.000
[1530659368.112][SEVERE]: Timed out receiving message from renderer: -0.002
[1530659378.121][SEVERE]: Timed out receiving message from renderer: 10.000
[1530659378.125][SEVERE]: Timed out receiving message from renderer: -0.004
[1530659388.138][SEVERE]: Timed out receiving message from renderer: 10.000
[1530659388.140][SEVERE]: Timed out receiving message from renderer: -0.002
[1530659398.157][SEVERE]: Timed out receiving message from renderer: 10.000
[1530659398.159][SEVERE]: Timed out receiving message from renderer: -0.002
[1530659408.173][SEVERE]: Timed out receiving message from renderer: 10.000
[1530659408.175][SEVERE]: Timed out receiving message from renderer: -0.002
[1530659418.189][SEVERE]: Timed out receiving message from renderer: 10.000
[1530659418.191][SEVERE]: Timed out receiving message from renderer: -0.002
[1530659428.208][SEVERE]: Timed out receiving message from renderer: 10.000
[1530659428.209][SEVERE]: Timed out receiving message from renderer: -0.001
[1530659438.213][SEVERE]: Timed out receiving message from renderer: 10.000
[1530659438.215][SEVERE]: Timed out receiving message from renderer: -0.002
[1530659448.226][SEVERE]: Timed out receiving message from renderer: 10.000
[1530659448.228][SEVERE]: Timed out receiving message from renderer: -0.002
[1530659458.240][SEVERE]: Timed out receiving message from renderer: 10.000
[1530659458.242][SEVERE]: Timed out receiving message from renderer: -0.003
[1530659468.254][SEVERE]: Timed out receiving message from renderer: 10.000
[1530659468.257][SEVERE]: Timed out receiving message from renderer: -0.002
[1530659478.268][SEVERE]: Timed out receiving message from renderer: 10.000
[1530659478.270][SEVERE]: Timed out receiving message from renderer: -0.002
[1530659488.279][SEVERE]: Timed out receiving message from renderer: 10.000
[1530659488.283][SEVERE]: Timed out receiving message from renderer: -0.004
[1530659498.294][SEVERE]: Timed out receiving message from renderer: 10.000
[1530659498.296][SEVERE]: Timed out receiving message from renderer: -0.002
[1530659508.307][SEVERE]: Timed out receiving message from renderer: 10.000
[1530659508.309][SEVERE]: Timed out receiving message from renderer: -0.002
[1530659518.321][SEVERE]: Timed out receiving message from renderer: 10.000
[1530659518.323][SEVERE]: Timed out receiving message from renderer: -0.003
[1530659528.334][SEVERE]: Timed out receiving message from renderer: 10.000
[1530659528.337][SEVERE]: Timed out receiving message from renderer: -0.003
[1530659538.347][SEVERE]: Timed out receiving message from renderer: 10.000
[1530659538.349][SEVERE]: Timed out receiving message from renderer: -0.002
[1530659548.357][SEVERE]: Timed out receiving message from renderer: 10.000
[1530659548.360][SEVERE]: Timed out receiving message from renderer: -0.003
[1530659558.371][SEVERE]: Timed out receiving message from renderer: 10.000
[1530659558.373][SEVERE]: Timed out receiving message from renderer: -0.002
[1530659568.384][SEVERE]: Timed out receiving message from renderer: 10.000
[1530659568.386][SEVERE]: Timed out receiving message from renderer: -0.002
[1530659578.396][SEVERE]: Timed out receiving message from renderer: 10.000
[1530659578.398][SEVERE]: Timed out receiving message from renderer: -0.002
[1530659588.412][SEVERE]: Timed out receiving message from renderer: 10.000
[1530659588.412][SEVERE]: Timed out receiving message from renderer: -0.001
[1530659598.418][SEVERE]: Timed out receiving message from renderer: 10.000
[1530659598.420][SEVERE]: Timed out receiving message from renderer: -0.002
[1530659608.432][SEVERE]: Timed out receiving message from renderer: 10.000
[1530659608.434][SEVERE]: Timed out receiving message from renderer: -0.002
[1530659618.445][SEVERE]: Timed out receiving message from renderer: 10.000
[1530659618.448][SEVERE]: Timed out receiving message from renderer: -0.004
[1530659628.459][SEVERE]: Timed out receiving message from renderer: 10.000
[1530659628.461][SEVERE]: Timed out receiving message from renderer: -0.002
[1530659638.471][SEVERE]: Timed out receiving message from renderer: 10.000
[1530659638.473][SEVERE]: Timed out receiving message from renderer: -0.002
[1530659648.483][SEVERE]: Timed out receiving message from renderer: 10.000
[1530659648.484][SEVERE]: Timed out receiving message from renderer: -0.001
[1530659658.489][SEVERE]: Timed out receiving message from renderer: 10.000
[1530659658.491][SEVERE]: Timed out receiving message from renderer: -0.002
[1530659668.502][SEVERE]: Timed out receiving message from renderer: 10.000
[1530659668.504][SEVERE]: Timed out receiving message from renderer: -0.002
[1530659678.517][SEVERE]: Timed out receiving message from renderer: 10.000
[1530659678.519][SEVERE]: Timed out receiving message from renderer: -0.003
[1530659688.533][SEVERE]: Timed out receiving message from renderer: 10.000
[1530659688.534][SEVERE]: Timed out receiving message from renderer: -0.001
[1530659698.539][SEVERE]: Timed out receiving message from renderer: 10.000
[1530659698.540][SEVERE]: Timed out receiving message from renderer: -0.001
[1530659708.546][SEVERE]: Timed out receiving message from renderer: 10.000
[1530659708.549][SEVERE]: Timed out receiving message from renderer: -0.003
[1530659718.559][SEVERE]: Timed out receiving message from renderer: 10.000
[1530659718.562][SEVERE]: Timed out receiving message from renderer: -0.003
[1530659728.575][SEVERE]: Timed out receiving message from renderer: 10.000
[1530659728.577][SEVERE]: Timed out receiving message from renderer: -0.001
[1530659738.583][SEVERE]: Timed out receiving message from renderer: 10.000
[1530659738.585][SEVERE]: Timed out receiving message from renderer: -0.002
[1530659748.594][SEVERE]: Timed out receiving message from renderer: 10.000
[1530659748.595][SEVERE]: Timed out receiving message from renderer: -0.001
[1530659758.598][SEVERE]: Timed out receiving message from renderer: 10.000
[1530659758.601][SEVERE]: Timed out receiving message from renderer: -0.002
[1530659768.605][SEVERE]: Timed out receiving message from renderer: 10.000
[1530659768.608][SEVERE]: Timed out receiving message from renderer: -0.003
[1530659778.621][SEVERE]: Timed out receiving message from renderer: 10.000
[1530659778.623][SEVERE]: Timed out receiving message from renderer: -0.003
[1530659788.631][SEVERE]: Timed out receiving message from renderer: 10.000
[1530659788.633][SEVERE]: Timed out receiving message from renderer: -0.002
[1530659798.642][SEVERE]: Timed out receiving message from renderer: 10.000
[1530659798.644][SEVERE]: Timed out receiving message from renderer: -0.002
[1530659808.655][SEVERE]: Timed out receiving message from renderer: 10.000
[1530659808.656][SEVERE]: Timed out receiving message from renderer: -0.002
[1530659818.664][SEVERE]: Timed out receiving message from renderer: 10.000
[1530659818.666][SEVERE]: Timed out receiving message from renderer: -0.003
[1530659828.677][SEVERE]: Timed out receiving message from renderer: 10.000
[1530659828.679][SEVERE]: Timed out receiving message from renderer: -0.003
[1530659838.691][SEVERE]: Timed out receiving message from renderer: 10.000
[1530659838.693][SEVERE]: Timed out receiving message from renderer: -0.002
[1530659848.704][SEVERE]: Timed out receiving message from renderer: 10.000
[1530659848.707][SEVERE]: Timed out receiving message from renderer: -0.003
[1530659858.719][SEVERE]: Timed out receiving message from renderer: 10.000
[1530659858.722][SEVERE]: Timed out receiving message from renderer: -0.003
[1530659868.734][SEVERE]: Timed out receiving message from renderer: 10.000
[1530659868.736][SEVERE]: Timed out receiving message from renderer: -0.002
[1530659878.747][SEVERE]: Timed out receiving message from renderer: 10.000
[1530659878.749][SEVERE]: Timed out receiving message from renderer: -0.002
[1530659888.759][SEVERE]: Timed out receiving message from renderer: 10.000
[1530659888.761][SEVERE]: Timed out receiving message from renderer: -0.002
[1530659898.773][SEVERE]: Timed out receiving message from renderer: 10.000
[1530659898.774][SEVERE]: Timed out receiving message from renderer: -0.001
[1530659908.780][SEVERE]: Timed out receiving message from renderer: 10.000
[1530659908.782][SEVERE]: Timed out receiving message from renderer: -0.003
[1530659918.794][SEVERE]: Timed out receiving message from renderer: 10.000
[1530659918.796][SEVERE]: Timed out receiving message from renderer: -0.002
[1530659928.806][SEVERE]: Timed out receiving message from renderer: 10.000
[1530659928.809][SEVERE]: Timed out receiving message from renderer: -0.003
[1530659938.822][SEVERE]: Timed out receiving message from renderer: 10.000
[1530659938.824][SEVERE]: Timed out receiving message from renderer: -0.002
[1530659948.836][SEVERE]: Timed out receiving message from renderer: 10.000
[1530659948.839][SEVERE]: Timed out receiving message from renderer: -0.003
[1530659958.850][SEVERE]: Timed out receiving message from renderer: 10.000
[1530659958.851][SEVERE]: Timed out receiving message from renderer: -0.001
[1530659968.856][SEVERE]: Timed out receiving message from renderer: 10.000
[1530659968.859][SEVERE]: Timed out receiving message from renderer: -0.003
[1530659978.869][SEVERE]: Timed out receiving message from renderer: 10.000
[1530659978.872][SEVERE]: Timed out receiving message from renderer: -0.003
[1530659988.882][SEVERE]: Timed out receiving message from renderer: 10.000
[1530659988.885][SEVERE]: Timed out receiving message from renderer: -0.003
[1530659998.896][SEVERE]: Timed out receiving message from renderer: 10.000
[1530659998.899][SEVERE]: Timed out receiving message from renderer: -0.002
[1530660008.912][SEVERE]: Timed out receiving message from renderer: 10.000
[1530660008.915][SEVERE]: Timed out receiving message from renderer: -0.003
[1530660018.927][SEVERE]: Timed out receiving message from renderer: 10.000
[1530660018.931][SEVERE]: Timed out receiving message from renderer: -0.004
[1530660028.942][SEVERE]: Timed out receiving message from renderer: 10.000
[1530660028.944][SEVERE]: Timed out receiving message from renderer: -0.002
[1530660038.955][SEVERE]: Timed out receiving message from renderer: 10.000
[1530660038.957][SEVERE]: Timed out receiving message from renderer: -0.002
[1530660048.967][SEVERE]: Timed out receiving message from renderer: 10.000
[1530660048.968][SEVERE]: Timed out receiving message from renderer: -0.002
[1530660058.982][SEVERE]: Timed out receiving message from renderer: 10.000
[1530660058.983][SEVERE]: Timed out receiving message from renderer: -0.001
[1530660068.989][SEVERE]: Timed out receiving message from renderer: 10.000
[1530660068.992][SEVERE]: Timed out receiving message from renderer: -0.003
[1530660079.004][SEVERE]: Timed out receiving message from renderer: 10.000
[1530660079.006][SEVERE]: Timed out receiving message from renderer: -0.003
[1530660089.018][SEVERE]: Timed out receiving message from renderer: 10.000
[1530660089.019][SEVERE]: Timed out receiving message from renderer: -0.001
[1530660099.025][SEVERE]: Timed out receiving message from renderer: 10.000
[1530660099.026][SEVERE]: Timed out receiving message from renderer: -0.001
[1530660109.030][SEVERE]: Timed out receiving message from renderer: 10.000
[1530660109.033][SEVERE]: Timed out receiving message from renderer: -0.003
[1530660119.043][SEVERE]: Timed out receiving message from renderer: 10.000
[1530660119.045][SEVERE]: Timed out receiving message from renderer: -0.002
[1530660129.056][SEVERE]: Timed out receiving message from renderer: 10.000
[1530660129.058][SEVERE]: Timed out receiving message from renderer: -0.002
[1530660139.068][SEVERE]: Timed out receiving message from renderer: 10.000
[1530660139.070][SEVERE]: Timed out receiving message from renderer: -0.002
[1530660149.079][SEVERE]: Timed out receiving message from renderer: 10.000
[1530660149.081][SEVERE]: Timed out receiving message from renderer: -0.002
[1530660159.090][SEVERE]: Timed out receiving message from renderer: 10.000
[1530660159.092][SEVERE]: Timed out receiving message from renderer: -0.001
[1530660169.096][SEVERE]: Timed out receiving message from renderer: 10.000
[1530660169.098][SEVERE]: Timed out receiving message from renderer: -0.002
[1530660179.108][SEVERE]: Timed out receiving message from renderer: 10.000
[1530660179.110][SEVERE]: Timed out receiving message from renderer: -0.002
[1530660189.119][SEVERE]: Timed out receiving message from renderer: 10.000
[1530660189.120][SEVERE]: Timed out receiving message from renderer: -0.002
[1530660199.130][SEVERE]: Timed out receiving message from renderer: 10.000
[1530660199.131][SEVERE]: Timed out receiving message from renderer: -0.002
[1530660209.144][SEVERE]: Timed out receiving message from renderer: 10.000
[1530660209.146][SEVERE]: Timed out receiving message from renderer: -0.003
[1530660219.158][SEVERE]: Timed out receiving message from renderer: 10.000
[1530660219.161][SEVERE]: Timed out receiving message from renderer: -0.003
[1530660229.171][SEVERE]: Timed out receiving message from renderer: 10.000
[1530660229.176][SEVERE]: Timed out receiving message from renderer: -0.004
[1530660239.187][SEVERE]: Timed out receiving message from renderer: 10.000
[1530660239.188][SEVERE]: Timed out receiving message from renderer: -0.001
[1530660249.193][SEVERE]: Timed out receiving message from renderer: 10.000
[1530660249.194][SEVERE]: Timed out receiving message from renderer: -0.002
[1530660259.203][SEVERE]: Timed out receiving message from renderer: 10.000
[1530660259.205][SEVERE]: Timed out receiving message from renderer: -0.002
[1530660269.218][SEVERE]: Timed out receiving message from renderer: 10.000
[1530660269.220][SEVERE]: Timed out receiving message from renderer: -0.003
[1530660279.232][SEVERE]: Timed out receiving message from renderer: 10.000
[1530660279.235][SEVERE]: Timed out receiving message from renderer: -0.003
[1530660289.248][SEVERE]: Timed out receiving message from renderer: 10.000
[1530660289.249][SEVERE]: Timed out receiving message from renderer: -0.002
[1530660299.255][SEVERE]: Timed out receiving message from renderer: 10.000
[1530660299.258][SEVERE]: Timed out receiving message from renderer: -0.002
[1530660309.269][SEVERE]: Timed out receiving message from renderer: 10.000
[1530660309.271][SEVERE]: Timed out receiving message from renderer: -0.002
[1530660319.280][SEVERE]: Timed out receiving message from renderer: 10.000
[1530660319.282][SEVERE]: Timed out receiving message from renderer: -0.002
[1530660329.293][SEVERE]: Timed out receiving message from renderer: 10.000
[1530660329.295][SEVERE]: Timed out receiving message from renderer: -0.002
[1530660339.303][SEVERE]: Timed out receiving message from renderer: 10.000
[1530660339.304][SEVERE]: Timed out receiving message from renderer: -0.002
[1530660349.314][SEVERE]: Timed out receiving message from renderer: 10.000
[1530660349.316][SEVERE]: Timed out receiving message from renderer: -0.002
[1530660359.326][SEVERE]: Timed out receiving message from renderer: 10.000
[1530660359.328][SEVERE]: Timed out receiving message from renderer: -0.001
[1530660369.335][SEVERE]: Timed out receiving message from renderer: 10.000
[1530660369.337][SEVERE]: Timed out receiving message from renderer: -0.002
[1530660379.350][SEVERE]: Timed out receiving message from renderer: 10.000
[1530660379.353][SEVERE]: Timed out receiving message from renderer: -0.003
[1530660389.364][SEVERE]: Timed out receiving message from renderer: 10.000
[1530660389.367][SEVERE]: Timed out receiving message from renderer: -0.003
[1530660399.379][SEVERE]: Timed out receiving message from renderer: 10.000
[1530660399.382][SEVERE]: Timed out receiving message from renderer: -0.002
[1530660409.392][SEVERE]: Timed out receiving message from renderer: 10.000
[1530660409.394][SEVERE]: Timed out receiving message from renderer: -0.002
[1530660419.406][SEVERE]: Timed out receiving message from renderer: 10.000
[1530660419.409][SEVERE]: Timed out receiving message from renderer: -0.002
[1530660429.421][SEVERE]: Timed out receiving message from renderer: 10.000
[1530660429.423][SEVERE]: Timed out receiving message from renderer: -0.003
[1530660439.432][SEVERE]: Timed out receiving message from renderer: 10.000
[1530660439.434][SEVERE]: Timed out receiving message from renderer: -0.002
[1530660449.443][SEVERE]: Timed out receiving message from renderer: 10.000
[1530660449.446][SEVERE]: Timed out receiving message from renderer: -0.003
[1530660459.457][SEVERE]: Timed out receiving message from renderer: 10.000
[1530660459.459][SEVERE]: Timed out receiving message from renderer: -0.002
[1530660469.471][SEVERE]: Timed out receiving message from renderer: 10.000
[1530660469.473][SEVERE]: Timed out receiving message from renderer: -0.002
[1530660479.486][SEVERE]: Timed out receiving message from renderer: 10.000
[1530660479.488][SEVERE]: Timed out receiving message from renderer: -0.003
[1530660489.501][SEVERE]: Timed out receiving message from renderer: 10.000
[1530660489.504][SEVERE]: Timed out receiving message from renderer: -0.003
[1530660499.515][SEVERE]: Timed out receiving message from renderer: 10.000
[1530660499.515][SEVERE]: Timed out receiving message from renderer: -0.002
[1530660509.520][SEVERE]: Timed out receiving message from renderer: 10.000
[1530660509.523][SEVERE]: Timed out receiving message from renderer: -0.003
[1530660519.534][SEVERE]: Timed out receiving message from renderer: 10.000
[1530660519.535][SEVERE]: Timed out receiving message from renderer: -0.001
[1530660529.543][SEVERE]: Timed out receiving message from renderer: 10.000
[1530660529.545][SEVERE]: Timed out receiving message from renderer: -0.002
[1530660539.556][SEVERE]: Timed out receiving message from renderer: 10.000
[1530660539.557][SEVERE]: Timed out receiving message from renderer: -0.002
[1530660549.567][SEVERE]: Timed out receiving message from renderer: 10.000
[1530660549.569][SEVERE]: Timed out receiving message from renderer: -0.002
[1530660559.580][SEVERE]: Timed out receiving message from renderer: 10.000
[1530660559.581][SEVERE]: Timed out receiving message from renderer: -0.002
[1530660569.587][SEVERE]: Timed out receiving message from renderer: 10.000
[1530660569.587][SEVERE]: Timed out receiving message from renderer: -0.001
[1530660579.593][SEVERE]: Timed out receiving message from renderer: 10.000
[1530660579.595][SEVERE]: Timed out receiving message from renderer: -0.002
[1530660589.604][SEVERE]: Timed out receiving message from renderer: 10.000
[1530660589.607][SEVERE]: Timed out receiving message from renderer: -0.002
[1530660599.618][SEVERE]: Timed out receiving message from renderer: 10.000
[1530660599.622][SEVERE]: Timed out receiving message from renderer: -0.004
[1530660609.632][SEVERE]: Timed out receiving message from renderer: 10.000
[1530660609.634][SEVERE]: Timed out receiving message from renderer: -0.003
[1530660619.645][SEVERE]: Timed out receiving message from renderer: 10.000
[1530660619.646][SEVERE]: Timed out receiving message from renderer: -0.001
[1530660629.651][SEVERE]: Timed out receiving message from renderer: 10.000
[1530660629.654][SEVERE]: Timed out receiving message from renderer: -0.002
[1530660639.663][SEVERE]: Timed out receiving message from renderer: 10.000
[1530660639.666][SEVERE]: Timed out receiving message from renderer: -0.002
[1530660649.679][SEVERE]: Timed out receiving message from renderer: 10.000
[1530660649.681][SEVERE]: Timed out receiving message from renderer: -0.002
[1530660659.692][SEVERE]: Timed out receiving message from renderer: 10.000
[1530660659.694][SEVERE]: Timed out receiving message from renderer: -0.003
[1530660669.707][SEVERE]: Timed out receiving message from renderer: 10.000
[1530660669.708][SEVERE]: Timed out receiving message from renderer: -0.001
[1530660679.713][SEVERE]: Timed out receiving message from renderer: 10.000
[1530660679.715][SEVERE]: Timed out receiving message from renderer: -0.002
[1530660689.730][SEVERE]: Timed out receiving message from renderer: 10.000
[1530660689.734][SEVERE]: Timed out receiving message from renderer: -0.004
[1530660699.749][SEVERE]: Timed out receiving message from renderer: 10.000
[1530660699.750][SEVERE]: Timed out receiving message from renderer: -0.002
[1530660709.767][SEVERE]: Timed out receiving message from renderer: 10.000
[1530660709.771][SEVERE]: Timed out receiving message from renderer: -0.004
[1530660719.783][SEVERE]: Timed out receiving message from renderer: 10.000
[1530660719.784][SEVERE]: Timed out receiving message from renderer: -0.002
[1530660729.794][SEVERE]: Timed out receiving message from renderer: 10.000
[1530660729.796][SEVERE]: Timed out receiving message from renderer: -0.002
[1530660739.806][SEVERE]: Timed out receiving message from renderer: 10.000
[1530660739.808][SEVERE]: Timed out receiving message from renderer: -0.002
[1530660749.820][SEVERE]: Timed out receiving message from renderer: 10.000
[1530660749.821][SEVERE]: Timed out receiving message from renderer: -0.002
[1530660759.826][SEVERE]: Timed out receiving message from renderer: 10.000
[1530660759.827][SEVERE]: Timed out receiving message from renderer: -0.002
[1530660769.838][SEVERE]: Timed out receiving message from renderer: 10.000
[1530660769.840][SEVERE]: Timed out receiving message from renderer: -0.002
[1530660779.853][SEVERE]: Timed out receiving message from renderer: 10.000
[1530660779.855][SEVERE]: Timed out receiving message from renderer: -0.002
[1530660789.865][SEVERE]: Timed out receiving message from renderer: 10.000
[1530660789.868][SEVERE]: Timed out receiving message from renderer: -0.003
[1530660799.879][SEVERE]: Timed out receiving message from renderer: 10.000
[1530660799.882][SEVERE]: Timed out receiving message from renderer: -0.002
[1530660809.892][SEVERE]: Timed out receiving message from renderer: 10.000
[1530660809.894][SEVERE]: Timed out receiving message from renderer: -0.003
[1530660819.908][SEVERE]: Timed out receiving message from renderer: 10.000
[1530660819.910][SEVERE]: Timed out receiving message from renderer: -0.002
[1530660829.920][SEVERE]: Timed out receiving message from renderer: 10.000
[1530660829.923][SEVERE]: Timed out receiving message from renderer: -0.003
[1530660839.935][SEVERE]: Timed out receiving message from renderer: 10.000
[1530660839.937][SEVERE]: Timed out receiving message from renderer: -0.002
[1530660849.947][SEVERE]: Timed out receiving message from renderer: 10.000
[1530660849.949][SEVERE]: Timed out receiving message from renderer: -0.002
[1530660859.959][SEVERE]: Timed out receiving message from renderer: 10.000
[1530660859.962][SEVERE]: Timed out receiving message from renderer: -0.002
[1530660869.975][SEVERE]: Timed out receiving message from renderer: 10.000
[1530660869.978][SEVERE]: Timed out receiving message from renderer: -0.002
[1530660879.987][SEVERE]: Timed out receiving message from renderer: 10.000
[1530660879.989][SEVERE]: Timed out receiving message from renderer: -0.002
[1530660889.998][SEVERE]: Timed out receiving message from renderer: 10.000
[1530660889.999][SEVERE]: Timed out receiving message from renderer: -0.001
[1530660900.005][SEVERE]: Timed out receiving message from renderer: 10.000
[1530660900.008][SEVERE]: Timed out receiving message from renderer: -0.003
[1530660910.022][SEVERE]: Timed out receiving message from renderer: 10.000
[1530660910.023][SEVERE]: Timed out receiving message from renderer: -0.002
[1530660920.032][SEVERE]: Timed out receiving message from renderer: 10.000
[1530660920.034][SEVERE]: Timed out receiving message from renderer: -0.002
[1530660930.044][SEVERE]: Timed out receiving message from renderer: 10.000
[1530660930.045][SEVERE]: Timed out receiving message from renderer: -0.002
[1530660940.055][SEVERE]: Timed out receiving message from renderer: 10.000
[1530660940.057][SEVERE]: Timed out receiving message from renderer: -0.002
[1530660950.068][SEVERE]: Timed out receiving message from renderer: 10.000
[1530660950.070][SEVERE]: Timed out receiving message from renderer: -0.002
[1530660960.081][SEVERE]: Timed out receiving message from renderer: 10.000
[1530660960.083][SEVERE]: Timed out receiving message from renderer: -0.002
[1530660970.096][SEVERE]: Timed out receiving message from renderer: 10.000
[1530660970.098][SEVERE]: Timed out receiving message from renderer: -0.002
[1530660980.107][SEVERE]: Timed out receiving message from renderer: 10.000
[1530660980.109][SEVERE]: Timed out receiving message from renderer: -0.002
[1530660990.118][SEVERE]: Timed out receiving message from renderer: 10.000
[1530660990.120][SEVERE]: Timed out receiving message from renderer: -0.002
[1530661000.131][SEVERE]: Timed out receiving message from renderer: 10.000
[1530661000.133][SEVERE]: Timed out receiving message from renderer: -0.003
[1530661010.145][SEVERE]: Timed out receiving message from renderer: 10.000
[1530661010.147][SEVERE]: Timed out receiving message from renderer: -0.003
[1530661020.158][SEVERE]: Timed out receiving message from renderer: 10.000
[1530661020.160][SEVERE]: Timed out receiving message from renderer: -0.003
[1530661030.173][SEVERE]: Timed out receiving message from renderer: 10.000
[1530661030.175][SEVERE]: Timed out receiving message from renderer: -0.002
[1530661040.185][SEVERE]: Timed out receiving message from renderer: 10.000
[1530661040.187][SEVERE]: Timed out receiving message from renderer: -0.002
[1530661050.198][SEVERE]: Timed out receiving message from renderer: 10.000
[1530661050.200][SEVERE]: Timed out receiving message from renderer: -0.003
[1530661060.210][SEVERE]: Timed out receiving message from renderer: 10.000
[1530661060.211][SEVERE]: Timed out receiving message from renderer: -0.001
[1530661070.219][SEVERE]: Timed out receiving message from renderer: 10.000
[1530661070.221][SEVERE]: Timed out receiving message from renderer: -0.002
[1530661080.233][SEVERE]: Timed out receiving message from renderer: 10.000
[1530661080.236][SEVERE]: Timed out receiving message from renderer: -0.003
[1530661090.247][SEVERE]: Timed out receiving message from renderer: 10.000
[1530661090.249][SEVERE]: Timed out receiving message from renderer: -0.002
[1530661100.258][SEVERE]: Timed out receiving message from renderer: 10.000
[1530661100.260][SEVERE]: Timed out receiving message from renderer: -0.003
[1530661110.269][SEVERE]: Timed out receiving message from renderer: 10.000
[1530661110.271][SEVERE]: Timed out receiving message from renderer: -0.002
[1530661120.280][SEVERE]: Timed out receiving message from renderer: 10.000
[1530661120.283][SEVERE]: Timed out receiving message from renderer: -0.003
[1530661130.293][SEVERE]: Timed out receiving message from renderer: 10.000
[1530661130.294][SEVERE]: Timed out receiving message from renderer: -0.001
[1530661140.298][SEVERE]: Timed out receiving message from renderer: 10.000
[1530661140.300][SEVERE]: Timed out receiving message from renderer: -0.002
[1530661150.308][SEVERE]: Timed out receiving message from renderer: 10.000
[1530661150.311][SEVERE]: Timed out receiving message from renderer: -0.002
[1530661160.320][SEVERE]: Timed out receiving message from renderer: 10.000
[1530661160.323][SEVERE]: Timed out receiving message from renderer: -0.004
[1530661170.334][SEVERE]: Timed out receiving message from renderer: 10.000
[1530661170.336][SEVERE]: Timed out receiving message from renderer: -0.002
[1530661180.345][SEVERE]: Timed out receiving message from renderer: 10.000
[1530661180.347][SEVERE]: Timed out receiving message from renderer: -0.002
[1530661190.359][SEVERE]: Timed out receiving message from renderer: 10.000
[1530661190.362][SEVERE]: Timed out receiving message from renderer: -0.002
[1530661200.374][SEVERE]: Timed out receiving message from renderer: 10.000
[1530661200.376][SEVERE]: Timed out receiving message from renderer: -0.002
[1530661210.386][SEVERE]: Timed out receiving message from renderer: 10.000
[1530661210.388][SEVERE]: Timed out receiving message from renderer: -0.002
[1530661220.398][SEVERE]: Timed out receiving message from renderer: 10.000
[1530661220.406][SEVERE]: Timed out receiving message from renderer: -0.008
[1530661230.418][SEVERE]: Timed out receiving message from renderer: 10.000
[1530661230.421][SEVERE]: Timed out receiving message from renderer: -0.003
[1530661240.431][SEVERE]: Timed out receiving message from renderer: 10.000
[1530661240.434][SEVERE]: Timed out receiving message from renderer: -0.003
[1530661250.440][SEVERE]: Timed out receiving message from renderer: 10.000
[1530661250.441][SEVERE]: Timed out receiving message from renderer: -0.002
[1530661260.446][SEVERE]: Timed out receiving message from renderer: 10.000
[1530661260.449][SEVERE]: Timed out receiving message from renderer: -0.003
[1530661270.459][SEVERE]: Timed out receiving message from renderer: 10.000
[1530661270.461][SEVERE]: Timed out receiving message from renderer: -0.002
[1530661280.471][SEVERE]: Timed out receiving message from renderer: 10.000
[1530661280.475][SEVERE]: Timed out receiving message from renderer: -0.004
[1530661290.486][SEVERE]: Timed out receiving message from renderer: 10.000
[1530661290.488][SEVERE]: Timed out receiving message from renderer: -0.002
[1530661300.498][SEVERE]: Timed out receiving message from renderer: 10.000
[1530661300.500][SEVERE]: Timed out receiving message from renderer: -0.002
[1530661310.511][SEVERE]: Timed out receiving message from renderer: 10.000
[1530661310.512][SEVERE]: Timed out receiving message from renderer: -0.001
[1530661320.518][SEVERE]: Timed out receiving message from renderer: 10.000
[1530661320.521][SEVERE]: Timed out receiving message from renderer: -0.003
[1530661330.534][SEVERE]: Timed out receiving message from renderer: 10.000
[1530661330.537][SEVERE]: Timed out receiving message from renderer: -0.002
[1530661340.546][SEVERE]: Timed out receiving message from renderer: 10.000
[1530661340.547][SEVERE]: Timed out receiving message from renderer: -0.001
[1530661350.554][SEVERE]: Timed out receiving message from renderer: 10.000
[1530661350.557][SEVERE]: Timed out receiving message from renderer: -0.004
[1530661360.573][SEVERE]: Timed out receiving message from renderer: 10.000
[1530661360.574][SEVERE]: Timed out receiving message from renderer: -0.001
[1530661370.582][SEVERE]: Timed out receiving message from renderer: 10.000
[1530661370.584][SEVERE]: Timed out receiving message from renderer: -0.002
[1530661380.593][SEVERE]: Timed out receiving message from renderer: 10.000
[1530661380.595][SEVERE]: Timed out receiving message from renderer: -0.001
[1530661390.600][SEVERE]: Timed out receiving message from renderer: 10.000
[1530661390.603][SEVERE]: Timed out receiving message from renderer: -0.004
[1530661400.614][SEVERE]: Timed out receiving message from renderer: 10.000
[1530661400.615][SEVERE]: Timed out receiving message from renderer: -0.001
[1530661410.622][SEVERE]: Timed out receiving message from renderer: 10.000
[1530661410.623][SEVERE]: Timed out receiving message from renderer: -0.002
[1530661420.634][SEVERE]: Timed out receiving message from renderer: 10.000
[1530661420.636][SEVERE]: Timed out receiving message from renderer: -0.002
[1530661430.647][SEVERE]: Timed out receiving message from renderer: 10.000
[1530661430.648][SEVERE]: Timed out receiving message from renderer: -0.001
[1530661440.654][SEVERE]: Timed out receiving message from renderer: 10.000
[1530661440.655][SEVERE]: Timed out receiving message from renderer: -0.001
[1530661450.661][SEVERE]: Timed out receiving message from renderer: 10.000
[1530661450.664][SEVERE]: Timed out receiving message from renderer: -0.003
[1530661460.675][SEVERE]: Timed out receiving message from renderer: 10.000
[1530661460.677][SEVERE]: Timed out receiving message from renderer: -0.002
[1530661470.689][SEVERE]: Timed out receiving message from renderer: 10.000
[1530661470.691][SEVERE]: Timed out receiving message from renderer: -0.002
[1530661480.695][SEVERE]: Timed out receiving message from renderer: 10.000
[1530661480.696][SEVERE]: Timed out receiving message from renderer: -0.002
[1530661490.707][SEVERE]: Timed out receiving message from renderer: 10.000
[1530661490.709][SEVERE]: Timed out receiving message from renderer: -0.002
[1530661500.719][SEVERE]: Timed out receiving message from renderer: 10.000
[1530661500.720][SEVERE]: Timed out receiving message from renderer: -0.001
[1530661510.727][SEVERE]: Timed out receiving message from renderer: 10.000
[1530661510.729][SEVERE]: Timed out receiving message from renderer: -0.002
[1530661520.740][SEVERE]: Timed out receiving message from renderer: 10.000
[1530661520.743][SEVERE]: Timed out receiving message from renderer: -0.003
[1530661530.753][SEVERE]: Timed out receiving message from renderer: 10.000
[1530661530.755][SEVERE]: Timed out receiving message from renderer: -0.002
[1530661540.760][SEVERE]: Timed out receiving message from renderer: 10.000
[1530661540.763][SEVERE]: Timed out receiving message from renderer: -0.002
[1530661550.774][SEVERE]: Timed out receiving message from renderer: 10.000
[1530661550.776][SEVERE]: Timed out receiving message from renderer: -0.003
[1530661560.785][SEVERE]: Timed out receiving message from renderer: 10.000
[1530661560.786][SEVERE]: Timed out receiving message from renderer: -0.001
[1530661570.793][SEVERE]: Timed out receiving message from renderer: 10.000
[1530661570.795][SEVERE]: Timed out receiving message from renderer: -0.003
[1530661580.807][SEVERE]: Timed out receiving message from renderer: 10.000
[1530661580.810][SEVERE]: Timed out receiving message from renderer: -0.003
[1530661590.819][SEVERE]: Timed out receiving message from renderer: 10.000
[1530661590.821][SEVERE]: Timed out receiving message from renderer: -0.002
[1530661600.831][SEVERE]: Timed out receiving message from renderer: 10.000
[1530661600.833][SEVERE]: Timed out receiving message from renderer: -0.002
[1530661610.844][SEVERE]: Timed out receiving message from renderer: 10.000
[1530661610.845][SEVERE]: Timed out receiving message from renderer: -0.002
[1530661620.856][SEVERE]: Timed out receiving message from renderer: 10.000
[1530661620.859][SEVERE]: Timed out receiving message from renderer: -0.003
[1530661630.869][SEVERE]: Timed out receiving message from renderer: 10.000
[1530661630.871][SEVERE]: Timed out receiving message from renderer: -0.003
[1530661640.882][SEVERE]: Timed out receiving message from renderer: 10.000
[1530661640.883][SEVERE]: Timed out receiving message from renderer: -0.001
[1530661650.887][SEVERE]: Timed out receiving message from renderer: 10.000
[1530661650.889][SEVERE]: Timed out receiving message from renderer: -0.002
[1530661660.896][SEVERE]: Timed out receiving message from renderer: 10.000
[1530661660.900][SEVERE]: Timed out receiving message from renderer: -0.004
[1530661670.911][SEVERE]: Timed out receiving message from renderer: 10.000
[1530661670.912][SEVERE]: Timed out receiving message from renderer: -0.001
[1530661680.918][SEVERE]: Timed out receiving message from renderer: 10.000
[1530661680.920][SEVERE]: Timed out receiving message from renderer: -0.002
[1530661690.930][SEVERE]: Timed out receiving message from renderer: 10.000
[1530661690.933][SEVERE]: Timed out receiving message from renderer: -0.002
[1530661700.942][SEVERE]: Timed out receiving message from renderer: 10.000
[1530661700.944][SEVERE]: Timed out receiving message from renderer: -0.002
[1530661710.953][SEVERE]: Timed out receiving message from renderer: 10.000
[1530661710.956][SEVERE]: Timed out receiving message from renderer: -0.003
[1530661720.965][SEVERE]: Timed out receiving message from renderer: 10.000
[1530661720.967][SEVERE]: Timed out receiving message from renderer: -0.002
[1530661730.980][SEVERE]: Timed out receiving message from renderer: 10.000
[1530661730.981][SEVERE]: Timed out receiving message from renderer: -0.001
[1530661740.985][SEVERE]: Timed out receiving message from renderer: 10.000
[1530661740.987][SEVERE]: Timed out receiving message from renderer: -0.002
[1530661750.997][SEVERE]: Timed out receiving message from renderer: 10.000
[1530661750.999][SEVERE]: Timed out receiving message from renderer: -0.002
[1530661761.009][SEVERE]: Timed out receiving message from renderer: 10.000
[1530661761.010][SEVERE]: Timed out receiving message from renderer: -0.002
[1530661771.014][SEVERE]: Timed out receiving message from renderer: 10.000
[1530661771.016][SEVERE]: Timed out receiving message from renderer: -0.002
[1530661781.026][SEVERE]: Timed out receiving message from renderer: 10.000
[1530661781.028][SEVERE]: Timed out receiving message from renderer: -0.003
[1530661791.037][SEVERE]: Timed out receiving message from renderer: 10.000
[1530661791.039][SEVERE]: Timed out receiving message from renderer: -0.002
[1530661801.048][SEVERE]: Timed out receiving message from renderer: 10.000
[1530661801.050][SEVERE]: Timed out receiving message from renderer: -0.003
[1530661811.060][SEVERE]: Timed out receiving message from renderer: 10.000
[1530661811.061][SEVERE]: Timed out receiving message from renderer: -0.001
[1530661821.069][SEVERE]: Timed out receiving message from renderer: 10.000
[1530661821.071][SEVERE]: Timed out receiving message from renderer: -0.003
[1530661831.082][SEVERE]: Timed out receiving message from renderer: 10.000
[1530661831.083][SEVERE]: Timed out receiving message from renderer: -0.002
[1530661841.092][SEVERE]: Timed out receiving message from renderer: 10.000
[1530661841.094][SEVERE]: Timed out receiving message from renderer: -0.003
[1530661851.103][SEVERE]: Timed out receiving message from renderer: 10.000
[1530661851.104][SEVERE]: Timed out receiving message from renderer: -0.002
[1530661861.114][SEVERE]: Timed out receiving message from renderer: 10.000
[1530661861.116][SEVERE]: Timed out receiving message from renderer: -0.002
[1530661871.126][SEVERE]: Timed out receiving message from renderer: 10.000
[1530661871.128][SEVERE]: Timed out receiving message from renderer: -0.002
[1530661881.136][SEVERE]: Timed out receiving message from renderer: 10.000
[1530661881.138][SEVERE]: Timed out receiving message from renderer: -0.002
[1530661891.188][SEVERE]: Timed out receiving message from renderer: 10.000
[1530661891.190][SEVERE]: Timed out receiving message from renderer: -0.002
[1530661901.200][SEVERE]: Timed out receiving message from renderer: 10.000
[1530661901.202][SEVERE]: Timed out receiving message from renderer: -0.002
[1530661911.211][SEVERE]: Timed out receiving message from renderer: 10.000
[1530661911.213][SEVERE]: Timed out receiving message from renderer: -0.002
[1530661921.223][SEVERE]: Timed out receiving message from renderer: 10.000
[1530661921.225][SEVERE]: Timed out receiving message from renderer: -0.002
[1530661931.234][SEVERE]: Timed out receiving message from renderer: 10.000
[1530661931.236][SEVERE]: Timed out receiving message from renderer: -0.001
[1530661941.241][SEVERE]: Timed out receiving message from renderer: 10.000
[1530661941.244][SEVERE]: Timed out receiving message from renderer: -0.002
[1530661951.253][SEVERE]: Timed out receiving message from renderer: 10.000
[1530661951.255][SEVERE]: Timed out receiving message from renderer: -0.002
[1530661961.265][SEVERE]: Timed out receiving message from renderer: 10.000
[1530661961.267][SEVERE]: Timed out receiving message from renderer: -0.002
[1530661971.277][SEVERE]: Timed out receiving message from renderer: 10.000
[1530661971.279][SEVERE]: Timed out receiving message from renderer: -0.002
[1530661981.294][SEVERE]: Timed out receiving message from renderer: 10.000
[1530661981.296][SEVERE]: Timed out receiving message from renderer: -0.002
[1530661991.308][SEVERE]: Timed out receiving message from renderer: 10.000
[1530661991.310][SEVERE]: Timed out receiving message from renderer: -0.002
[1530662001.323][SEVERE]: Timed out receiving message from renderer: 10.000
[1530662001.324][SEVERE]: Timed out receiving message from renderer: -0.002
[1530662011.334][SEVERE]: Timed out receiving message from renderer: 10.000
[1530662011.335][SEVERE]: Timed out receiving message from renderer: -0.002
[1530662021.344][SEVERE]: Timed out receiving message from renderer: 10.000
[1530662021.345][SEVERE]: Timed out receiving message from renderer: -0.002
[1530662031.356][SEVERE]: Timed out receiving message from renderer: 10.000
[1530662031.358][SEVERE]: Timed out receiving message from renderer: -0.002
[1530662041.368][SEVERE]: Timed out receiving message from renderer: 10.000
[1530662041.370][SEVERE]: Timed out receiving message from renderer: -0.003
[1530662051.379][SEVERE]: Timed out receiving message from renderer: 10.000
[1530662051.381][SEVERE]: Timed out receiving message from renderer: -0.002
[1530662061.391][SEVERE]: Timed out receiving message from renderer: 10.000
[1530662061.393][SEVERE]: Timed out receiving message from renderer: -0.003
[1530662071.404][SEVERE]: Timed out receiving message from renderer: 10.000
[1530662071.407][SEVERE]: Timed out receiving message from renderer: -0.002
[1530662081.417][SEVERE]: Timed out receiving message from renderer: 10.000
[1530662081.419][SEVERE]: Timed out receiving message from renderer: -0.002
[1530662091.428][SEVERE]: Timed out receiving message from renderer: 10.000
[1530662091.430][SEVERE]: Timed out receiving message from renderer: -0.002
[1530662101.439][SEVERE]: Timed out receiving message from renderer: 10.000
[1530662101.441][SEVERE]: Timed out receiving message from renderer: -0.002
[1530662111.451][SEVERE]: Timed out receiving message from renderer: 10.000
[1530662111.453][SEVERE]: Timed out receiving message from renderer: -0.002
[1530662121.462][SEVERE]: Timed out receiving message from renderer: 10.000
[1530662121.464][SEVERE]: Timed out receiving message from renderer: -0.002
[1530662131.473][SEVERE]: Timed out receiving message from renderer: 10.000
[1530662131.475][SEVERE]: Timed out receiving message from renderer: -0.002
[1530662141.484][SEVERE]: Timed out receiving message from renderer: 10.000
[1530662141.485][SEVERE]: Timed out receiving message from renderer: -0.002
[1530662151.494][SEVERE]: Timed out receiving message from renderer: 10.000
[1530662151.496][SEVERE]: Timed out receiving message from renderer: -0.002
[1530662161.506][SEVERE]: Timed out receiving message from renderer: 10.000
[1530662161.508][SEVERE]: Timed out receiving message from renderer: -0.002
[1530662171.517][SEVERE]: Timed out receiving message from renderer: 10.000
[1530662171.520][SEVERE]: Timed out receiving message from renderer: -0.003
[1530662181.530][SEVERE]: Timed out receiving message from renderer: 10.000
[1530662181.531][SEVERE]: Timed out receiving message from renderer: -0.001
[1530662191.535][SEVERE]: Timed out receiving message from renderer: 10.000
[1530662191.537][SEVERE]: Timed out receiving message from renderer: -0.002
[1530662201.545][SEVERE]: Timed out receiving message from renderer: 10.000
[1530662201.547][SEVERE]: Timed out receiving message from renderer: -0.002
[1530662211.559][SEVERE]: Timed out receiving message from renderer: 10.000
[1530662211.561][SEVERE]: Timed out receiving message from renderer: -0.003
[1530662221.572][SEVERE]: Timed out receiving message from renderer: 10.000
[1530662221.574][SEVERE]: Timed out receiving message from renderer: -0.002
[1530662231.582][SEVERE]: Timed out receiving message from renderer: 10.000
[1530662231.584][SEVERE]: Timed out receiving message from renderer: -0.002
[1530662241.594][SEVERE]: Timed out receiving message from renderer: 10.000
[1530662241.595][SEVERE]: Timed out receiving message from renderer: -0.002
[1530662251.606][SEVERE]: Timed out receiving message from renderer: 10.000
[1530662251.608][SEVERE]: Timed out receiving message from renderer: -0.002
[1530662261.617][SEVERE]: Timed out receiving message from renderer: 10.000
[1530662261.619][SEVERE]: Timed out receiving message from renderer: -0.002
[1530662271.627][SEVERE]: Timed out receiving message from renderer: 10.000
[1530662271.629][SEVERE]: Timed out receiving message from renderer: -0.002
[1530662281.640][SEVERE]: Timed out receiving message from renderer: 10.000
[1530662281.640][SEVERE]: Timed out receiving message from renderer: -0.001
[1530662291.645][SEVERE]: Timed out receiving message from renderer: 10.000
[1530662291.647][SEVERE]: Timed out receiving message from renderer: -0.002
[1530662301.656][SEVERE]: Timed out receiving message from renderer: 10.000
[1530662301.658][SEVERE]: Timed out receiving message from renderer: -0.002
[1530662311.668][SEVERE]: Timed out receiving message from renderer: 10.000
[1530662311.671][SEVERE]: Timed out receiving message from renderer: -0.002
[1530662321.680][SEVERE]: Timed out receiving message from renderer: 10.000
[1530662321.682][SEVERE]: Timed out receiving message from renderer: -0.003
[1530662331.692][SEVERE]: Timed out receiving message from renderer: 10.000
[1530662331.694][SEVERE]: Timed out receiving message from renderer: -0.002
[1530662341.704][SEVERE]: Timed out receiving message from renderer: 10.000
[1530662341.706][SEVERE]: Timed out receiving message from renderer: -0.002
[1530662351.716][SEVERE]: Timed out receiving message from renderer: 10.000
[1530662351.717][SEVERE]: Timed out receiving message from renderer: -0.002
[1530662361.726][SEVERE]: Timed out receiving message from renderer: 10.000
[1530662361.728][SEVERE]: Timed out receiving message from renderer: -0.002
[1530662371.738][SEVERE]: Timed out receiving message from renderer: 10.000
[1530662371.740][SEVERE]: Timed out receiving message from renderer: -0.003
[1530662381.752][SEVERE]: Timed out receiving message from renderer: 10.000
[1530662381.754][SEVERE]: Timed out receiving message from renderer: -0.003
[1530662391.763][SEVERE]: Timed out receiving message from renderer: 10.000
[1530662391.765][SEVERE]: Timed out receiving message from renderer: -0.002
[1530662401.774][SEVERE]: Timed out receiving message from renderer: 10.000
[1530662401.776][SEVERE]: Timed out receiving message from renderer: -0.002
[1530662411.785][SEVERE]: Timed out receiving message from renderer: 10.000
[1530662411.787][SEVERE]: Timed out receiving message from renderer: -0.002
[1530662421.798][SEVERE]: Timed out receiving message from renderer: 10.000
[1530662421.801][SEVERE]: Timed out receiving message from renderer: -0.002
[1530662431.810][SEVERE]: Timed out receiving message from renderer: 10.000
[1530662431.812][SEVERE]: Timed out receiving message from renderer: -0.002
[1530662441.821][SEVERE]: Timed out receiving message from renderer: 10.000
[1530662441.823][SEVERE]: Timed out receiving message from renderer: -0.002
[1530662451.832][SEVERE]: Timed out receiving message from renderer: 10.000
[1530662451.834][SEVERE]: Timed out receiving message from renderer: -0.002
[1530662461.845][SEVERE]: Timed out receiving message from renderer: 10.000
[1530662461.847][SEVERE]: Timed out receiving message from renderer: -0.002
[1530662471.857][SEVERE]: Timed out receiving message from renderer: 10.000
[1530662471.859][SEVERE]: Timed out receiving message from renderer: -0.002
[1530662481.867][SEVERE]: Timed out receiving message from renderer: 10.000
[1530662481.868][SEVERE]: Timed out receiving message from renderer: -0.002
[1530662491.878][SEVERE]: Timed out receiving message from renderer: 10.000
[1530662491.880][SEVERE]: Timed out receiving message from renderer: -0.003
[1530662501.890][SEVERE]: Timed out receiving message from renderer: 10.000
[1530662501.892][SEVERE]: Timed out receiving message from renderer: -0.003
[1530662511.903][SEVERE]: Timed out receiving message from renderer: 10.000
[1530662511.905][SEVERE]: Timed out receiving message from renderer: -0.002
[1530662521.913][SEVERE]: Timed out receiving message from renderer: 10.000
[1530662521.914][SEVERE]: Timed out receiving message from renderer: -0.001
[1530662531.918][SEVERE]: Timed out receiving message from renderer: 10.000
[1530662531.920][SEVERE]: Timed out receiving message from renderer: -0.002
[1530662541.928][SEVERE]: Timed out receiving message from renderer: 10.000
[1530662541.930][SEVERE]: Timed out receiving message from renderer: -0.002
[1530662551.940][SEVERE]: Timed out receiving message from renderer: 10.000
[1530662551.942][SEVERE]: Timed out receiving message from renderer: -0.002
[1530662561.952][SEVERE]: Timed out receiving message from renderer: 10.000
[1530662561.954][SEVERE]: Timed out receiving message from renderer: -0.003
[1530662571.963][SEVERE]: Timed out receiving message from renderer: 10.000
[1530662571.965][SEVERE]: Timed out receiving message from renderer: -0.002
[1530662581.975][SEVERE]: Timed out receiving message from renderer: 10.000
[1530662581.976][SEVERE]: Timed out receiving message from renderer: -0.002
[1530662591.987][SEVERE]: Timed out receiving message from renderer: 10.000
[1530662591.987][SEVERE]: Timed out receiving message from renderer: -0.001
[1530662601.993][SEVERE]: Timed out receiving message from renderer: 10.000
[1530662601.995][SEVERE]: Timed out receiving message from renderer: -0.002
[1530662612.005][SEVERE]: Timed out receiving message from renderer: 10.000
[1530662612.007][SEVERE]: Timed out receiving message from renderer: -0.002
[1530662622.016][SEVERE]: Timed out receiving message from renderer: 10.000
[1530662622.018][SEVERE]: Timed out receiving message from renderer: -0.002
[1530662632.030][SEVERE]: Timed out receiving message from renderer: 10.000
[1530662632.032][SEVERE]: Timed out receiving message from renderer: -0.003
[1530662642.042][SEVERE]: Timed out receiving message from renderer: 10.000
[1530662642.045][SEVERE]: Timed out receiving message from renderer: -0.003
[1530662652.055][SEVERE]: Timed out receiving message from renderer: 10.000
[1530662652.056][SEVERE]: Timed out receiving message from renderer: -0.002
[1530662662.066][SEVERE]: Timed out receiving message from renderer: 10.000
[1530662662.068][SEVERE]: Timed out receiving message from renderer: -0.002
[1530662672.078][SEVERE]: Timed out receiving message from renderer: 10.000
[1530662672.080][SEVERE]: Timed out receiving message from renderer: -0.002
[1530662682.091][SEVERE]: Timed out receiving message from renderer: 10.000
[1530662682.093][SEVERE]: Timed out receiving message from renderer: -0.002
[1530662692.103][SEVERE]: Timed out receiving message from renderer: 10.000
[1530662692.105][SEVERE]: Timed out receiving message from renderer: -0.002
[1530662702.114][SEVERE]: Timed out receiving message from renderer: 10.000
[1530662702.116][SEVERE]: Timed out receiving message from renderer: -0.002
[1530662712.126][SEVERE]: Timed out receiving message from renderer: 10.000
[1530662712.129][SEVERE]: Timed out receiving message from renderer: -0.003
[1530662722.139][SEVERE]: Timed out receiving message from renderer: 10.000
[1530662722.141][SEVERE]: Timed out receiving message from renderer: -0.003
[1530662732.150][SEVERE]: Timed out receiving message from renderer: 10.000
[1530662732.152][SEVERE]: Timed out receiving message from renderer: -0.002
[1530662742.162][SEVERE]: Timed out receiving message from renderer: 10.000
[1530662742.164][SEVERE]: Timed out receiving message from renderer: -0.003
[1530662752.173][SEVERE]: Timed out receiving message from renderer: 10.000
[1530662752.175][SEVERE]: Timed out receiving message from renderer: -0.003
[1530662762.185][SEVERE]: Timed out receiving message from renderer: 10.000
[1530662762.187][SEVERE]: Timed out receiving message from renderer: -0.002
[1530662772.196][SEVERE]: Timed out receiving message from renderer: 10.000
[1530662772.198][SEVERE]: Timed out receiving message from renderer: -0.002
[1530662782.206][SEVERE]: Timed out receiving message from renderer: 10.000
[1530662782.208][SEVERE]: Timed out receiving message from renderer: -0.002
[1530662792.217][SEVERE]: Timed out receiving message from renderer: 10.000
[1530662792.219][SEVERE]: Timed out receiving message from renderer: -0.002
[1530662802.228][SEVERE]: Timed out receiving message from renderer: 10.000
[1530662802.230][SEVERE]: Timed out receiving message from renderer: -0.002
[1530662812.240][SEVERE]: Timed out receiving message from renderer: 10.000
[1530662812.241][SEVERE]: Timed out receiving message from renderer: -0.002
[1530662822.250][SEVERE]: Timed out receiving message from renderer: 10.000
[1530662822.252][SEVERE]: Timed out receiving message from renderer: -0.002
[1530662832.260][SEVERE]: Timed out receiving message from renderer: 10.000
[1530662832.262][SEVERE]: Timed out receiving message from renderer: -0.002
[1530662842.271][SEVERE]: Timed out receiving message from renderer: 10.000
[1530662842.273][SEVERE]: Timed out receiving message from renderer: -0.002
[1530662852.284][SEVERE]: Timed out receiving message from renderer: 10.000
[1530662852.286][SEVERE]: Timed out receiving message from renderer: -0.002
[1530662862.296][SEVERE]: Timed out receiving message from renderer: 10.000
[1530662862.298][SEVERE]: Timed out receiving message from renderer: -0.002
[1530662872.307][SEVERE]: Timed out receiving message from renderer: 10.000
[1530662872.309][SEVERE]: Timed out receiving message from renderer: -0.002
[1530662882.318][SEVERE]: Timed out receiving message from renderer: 10.000
[1530662882.320][SEVERE]: Timed out receiving message from renderer: -0.002
[1530662892.330][SEVERE]: Timed out receiving message from renderer: 10.000
[1530662892.332][SEVERE]: Timed out receiving message from renderer: -0.002
[1530662902.343][SEVERE]: Timed out receiving message from renderer: 10.000
[1530662902.344][SEVERE]: Timed out receiving message from renderer: -0.002
[1530662912.354][SEVERE]: Timed out receiving message from renderer: 10.000
[1530662912.356][SEVERE]: Timed out receiving message from renderer: -0.002
[1530662922.366][SEVERE]: Timed out receiving message from renderer: 10.000
[1530662922.369][SEVERE]: Timed out receiving message from renderer: -0.002
[1530662932.379][SEVERE]: Timed out receiving message from renderer: 10.000
[1530662932.381][SEVERE]: Timed out receiving message from renderer: -0.002
[1530662942.389][SEVERE]: Timed out receiving message from renderer: 10.000
[1530662942.391][SEVERE]: Timed out receiving message from renderer: -0.002
[1530662952.401][SEVERE]: Timed out receiving message from renderer: 10.000
[1530662952.403][SEVERE]: Timed out receiving message from renderer: -0.002
[1530662962.413][SEVERE]: Timed out receiving message from renderer: 10.000
[1530662962.415][SEVERE]: Timed out receiving message from renderer: -0.002
[1530662972.426][SEVERE]: Timed out receiving message from renderer: 10.000
[1530662972.428][SEVERE]: Timed out receiving message from renderer: -0.002
[1530662982.437][SEVERE]: Timed out receiving message from renderer: 10.000
[1530662982.439][SEVERE]: Timed out receiving message from renderer: -0.002
[1530662992.448][SEVERE]: Timed out receiving message from renderer: 10.000
[1530662992.450][SEVERE]: Timed out receiving message from renderer: -0.002
[1530663002.460][SEVERE]: Timed out receiving message from renderer: 10.000
[1530663002.462][SEVERE]: Timed out receiving message from renderer: -0.002
[1530663012.472][SEVERE]: Timed out receiving message from renderer: 10.000
[1530663012.474][SEVERE]: Timed out receiving message from renderer: -0.001
[1530663022.479][SEVERE]: Timed out receiving message from renderer: 10.000
[1530663022.481][SEVERE]: Timed out receiving message from renderer: -0.002
[1530663032.490][SEVERE]: Timed out receiving message from renderer: 10.000
[1530663032.491][SEVERE]: Timed out receiving message from renderer: -0.001
[1530663042.497][SEVERE]: Timed out receiving message from renderer: 10.000
[1530663042.498][SEVERE]: Timed out receiving message from renderer: -0.002
[1530663052.507][SEVERE]: Timed out receiving message from renderer: 10.000
[1530663052.508][SEVERE]: Timed out receiving message from renderer: -0.002
[1530663062.518][SEVERE]: Timed out receiving message from renderer: 10.000
[1530663062.520][SEVERE]: Timed out receiving message from renderer: -0.002
[1530663072.530][SEVERE]: Timed out receiving message from renderer: 10.000
[1530663072.532][SEVERE]: Timed out receiving message from renderer: -0.002
[1530663082.542][SEVERE]: Timed out receiving message from renderer: 10.000
[1530663082.544][SEVERE]: Timed out receiving message from renderer: -0.002
[1530663092.552][SEVERE]: Timed out receiving message from renderer: 10.000
[1530663092.554][SEVERE]: Timed out receiving message from renderer: -0.002
[1530663102.563][SEVERE]: Timed out receiving message from renderer: 10.000
[1530663102.565][SEVERE]: Timed out receiving message from renderer: -0.002
[1530663112.575][SEVERE]: Timed out receiving message from renderer: 10.000
[1530663112.577][SEVERE]: Timed out receiving message from renderer: -0.002
[1530663122.587][SEVERE]: Timed out receiving message from renderer: 10.000
[1530663122.588][SEVERE]: Timed out receiving message from renderer: -0.001
[1530663132.593][SEVERE]: Timed out receiving message from renderer: 10.000
[1530663132.595][SEVERE]: Timed out receiving message from renderer: -0.002
[1530663142.603][SEVERE]: Timed out receiving message from renderer: 10.000
[1530663142.606][SEVERE]: Timed out receiving message from renderer: -0.003
[1530663152.616][SEVERE]: Timed out receiving message from renderer: 10.000
[1530663152.618][SEVERE]: Timed out receiving message from renderer: -0.003
[1530663162.627][SEVERE]: Timed out receiving message from renderer: 10.000
[1530663162.629][SEVERE]: Timed out receiving message from renderer: -0.002
[1530663172.641][SEVERE]: Timed out receiving message from renderer: 10.000
[1530663172.643][SEVERE]: Timed out receiving message from renderer: -0.003
[1530663182.651][SEVERE]: Timed out receiving message from renderer: 10.000
[1530663182.652][SEVERE]: Timed out receiving message from renderer: -0.002
[1530663192.662][SEVERE]: Timed out receiving message from renderer: 10.000
[1530663192.664][SEVERE]: Timed out receiving message from renderer: -0.002
[1530663202.674][SEVERE]: Timed out receiving message from renderer: 10.000
[1530663202.675][SEVERE]: Timed out receiving message from renderer: -0.002
[1530663212.683][SEVERE]: Timed out receiving message from renderer: 10.000
[1530663212.685][SEVERE]: Timed out receiving message from renderer: -0.004
[1530663222.695][SEVERE]: Timed out receiving message from renderer: 10.000
[1530663222.697][SEVERE]: Timed out receiving message from renderer: -0.002
[1530663232.705][SEVERE]: Timed out receiving message from renderer: 10.000
[1530663232.707][SEVERE]: Timed out receiving message from renderer: -0.002
[1530663242.716][SEVERE]: Timed out receiving message from renderer: 10.000
[1530663242.718][SEVERE]: Timed out receiving message from renderer: -0.002
[1530663252.729][SEVERE]: Timed out receiving message from renderer: 10.000
[1530663252.730][SEVERE]: Timed out receiving message from renderer: -0.001
[1530663262.735][SEVERE]: Timed out receiving message from renderer: 10.000
[1530663262.738][SEVERE]: Timed out receiving message from renderer: -0.003
[1530663272.748][SEVERE]: Timed out receiving message from renderer: 10.000
[1530663272.750][SEVERE]: Timed out receiving message from renderer: -0.002
[1530663282.759][SEVERE]: Timed out receiving message from renderer: 10.000
[1530663282.760][SEVERE]: Timed out receiving message from renderer: -0.002
[1530663292.770][SEVERE]: Timed out receiving message from renderer: 10.000
[1530663292.772][SEVERE]: Timed out receiving message from renderer: -0.002
[1530663302.781][SEVERE]: Timed out receiving message from renderer: 10.000
[1530663302.784][SEVERE]: Timed out receiving message from renderer: -0.002
[1530663312.797][SEVERE]: Timed out receiving message from renderer: 10.000
[1530663312.805][SEVERE]: Timed out receiving message from renderer: -0.009
[1530737442.303][SEVERE]: Timed out receiving message from renderer: 10.000
[1530737442.304][SEVERE]: Timed out receiving message from renderer: -74119.490
[1530737452.312][SEVERE]: Timed out receiving message from renderer: 10.000
[1530737452.313][SEVERE]: Timed out receiving message from renderer: -0.003
[1530737462.318][SEVERE]: Timed out receiving message from renderer: 10.000
[1530737462.319][SEVERE]: Timed out receiving message from renderer: -0.002
[1530737472.361][SEVERE]: Timed out receiving message from renderer: 10.000
[1530737472.362][SEVERE]: Timed out receiving message from renderer: -0.003
[1530737482.368][SEVERE]: Timed out receiving message from renderer: 10.000
[1530737482.369][SEVERE]: Timed out receiving message from renderer: -0.002
[1530737492.373][SEVERE]: Timed out receiving message from renderer: 10.000
[1530737492.374][SEVERE]: Timed out receiving message from renderer: -0.001
[1530737502.381][SEVERE]: Timed out receiving message from renderer: 10.000
[1530737502.382][SEVERE]: Timed out receiving message from renderer: -0.004
[1530737512.388][SEVERE]: Timed out receiving message from renderer: 10.000
[1530737512.389][SEVERE]: Timed out receiving message from renderer: -0.002
[1530737522.393][SEVERE]: Timed out receiving message from renderer: 10.000
[1530737522.394][SEVERE]: Timed out receiving message from renderer: -0.001
[1530737532.400][SEVERE]: Timed out receiving message from renderer: 10.000
[1530737532.402][SEVERE]: Timed out receiving message from renderer: -0.003
[1530737542.411][SEVERE]: Timed out receiving message from renderer: 10.000
[1530737542.414][SEVERE]: Timed out receiving message from renderer: -0.004
[1530737552.423][SEVERE]: Timed out receiving message from renderer: 10.000
[1530737552.424][SEVERE]: Timed out receiving message from renderer: -0.002
[1530737562.435][SEVERE]: Timed out receiving message from renderer: 10.000
[1530737562.436][SEVERE]: Timed out receiving message from renderer: -0.002
[1530737572.447][SEVERE]: Timed out receiving message from renderer: 10.000
[1530737572.448][SEVERE]: Timed out receiving message from renderer: -0.002
[1530737582.456][SEVERE]: Timed out receiving message from renderer: 10.000
[1530737582.458][SEVERE]: Timed out receiving message from renderer: -0.003
[1530737592.468][SEVERE]: Timed out receiving message from renderer: 10.000
[1530737592.469][SEVERE]: Timed out receiving message from renderer: -0.002
[1530737602.481][SEVERE]: Timed out receiving message from renderer: 10.000
[1530737602.483][SEVERE]: Timed out receiving message from renderer: -0.003
[1530737612.497][SEVERE]: Timed out receiving message from renderer: 10.000
[1530737612.499][SEVERE]: Timed out receiving message from renderer: -0.002
[1530737622.509][SEVERE]: Timed out receiving message from renderer: 10.000
[1530737622.511][SEVERE]: Timed out receiving message from renderer: -0.001
[1530737632.517][SEVERE]: Timed out receiving message from renderer: 10.000
[1530737632.519][SEVERE]: Timed out receiving message from renderer: -0.002
[1530737642.528][SEVERE]: Timed out receiving message from renderer: 10.000
[1530737642.529][SEVERE]: Timed out receiving message from renderer: -0.001
[1530737652.536][SEVERE]: Timed out receiving message from renderer: 10.000
[1530737652.537][SEVERE]: Timed out receiving message from renderer: -0.001
[1530737662.543][SEVERE]: Timed out receiving message from renderer: 10.000
[1530737662.547][SEVERE]: Timed out receiving message from renderer: -0.005
[1530737672.561][SEVERE]: Timed out receiving message from renderer: 10.000
[1530737672.563][SEVERE]: Timed out receiving message from renderer: -0.003
[1530737682.573][SEVERE]: Timed out receiving message from renderer: 10.000
[1530737682.576][SEVERE]: Timed out receiving message from renderer: -0.004
[1530737692.584][SEVERE]: Timed out receiving message from renderer: 10.000
[1530737692.586][SEVERE]: Timed out receiving message from renderer: -0.002
[1530737702.602][SEVERE]: Timed out receiving message from renderer: 10.000
[1530737702.604][SEVERE]: Timed out receiving message from renderer: -0.003
[1530737712.609][SEVERE]: Timed out receiving message from renderer: 10.000
[1530737712.610][SEVERE]: Timed out receiving message from renderer: -0.001
[1530737722.615][SEVERE]: Timed out receiving message from renderer: 10.000
[1530737722.617][SEVERE]: Timed out receiving message from renderer: -0.003
[1530737732.625][SEVERE]: Timed out receiving message from renderer: 10.000
[1530737732.627][SEVERE]: Timed out receiving message from renderer: -0.003
[1530737742.636][SEVERE]: Timed out receiving message from renderer: 10.000
[1530737742.640][SEVERE]: Timed out receiving message from renderer: -0.005
[1530737752.652][SEVERE]: Timed out receiving message from renderer: 10.000
[1530737752.653][SEVERE]: Timed out receiving message from renderer: -0.002
[1530737762.660][SEVERE]: Timed out receiving message from renderer: 10.000
[1530737762.661][SEVERE]: Timed out receiving message from renderer: -0.004
[1530737772.670][SEVERE]: Timed out receiving message from renderer: 10.000
[1530737772.671][SEVERE]: Timed out receiving message from renderer: -0.002
[1530737782.680][SEVERE]: Timed out receiving message from renderer: 10.000
[1530737782.682][SEVERE]: Timed out receiving message from renderer: -0.002
[1530737792.694][SEVERE]: Timed out receiving message from renderer: 10.000
[1530737792.698][SEVERE]: Timed out receiving message from renderer: -0.006
[1530737802.710][SEVERE]: Timed out receiving message from renderer: 10.000
[1530737802.711][SEVERE]: Timed out receiving message from renderer: -0.003
[1530737812.722][SEVERE]: Timed out receiving message from renderer: 10.000
[1530737812.724][SEVERE]: Timed out receiving message from renderer: -0.005
[1530737822.736][SEVERE]: Timed out receiving message from renderer: 10.000
[1530737822.738][SEVERE]: Timed out receiving message from renderer: -0.003
[1530737832.746][SEVERE]: Timed out receiving message from renderer: 10.000
[1530737832.749][SEVERE]: Timed out receiving message from renderer: -0.003
[1530737842.759][SEVERE]: Timed out receiving message from renderer: 10.000
[1530737842.760][SEVERE]: Timed out receiving message from renderer: -0.003
[1530737852.770][SEVERE]: Timed out receiving message from renderer: 10.000
[1530737852.772][SEVERE]: Timed out receiving message from renderer: -0.002
[1530737862.782][SEVERE]: Timed out receiving message from renderer: 10.000
[1530737862.784][SEVERE]: Timed out receiving message from renderer: -0.004
[1530737872.793][SEVERE]: Timed out receiving message from renderer: 10.000
[1530737872.795][SEVERE]: Timed out receiving message from renderer: -0.003
[1530737882.812][SEVERE]: Timed out receiving message from renderer: 10.000
[1530737882.814][SEVERE]: Timed out receiving message from renderer: -0.005
[1530737892.823][SEVERE]: Timed out receiving message from renderer: 10.000
[1530737892.825][SEVERE]: Timed out receiving message from renderer: -0.002
[1530737902.835][SEVERE]: Timed out receiving message from renderer: 10.000
[1530737902.837][SEVERE]: Timed out receiving message from renderer: -0.002
[1530737912.846][SEVERE]: Timed out receiving message from renderer: 10.000
[1530737912.848][SEVERE]: Timed out receiving message from renderer: -0.002
[1530737922.858][SEVERE]: Timed out receiving message from renderer: 10.000
[1530737922.860][SEVERE]: Timed out receiving message from renderer: -0.003
[1530737932.872][SEVERE]: Timed out receiving message from renderer: 10.000
[1530737932.875][SEVERE]: Timed out receiving message from renderer: -0.005
[1530737942.887][SEVERE]: Timed out receiving message from renderer: 10.000
[1530737942.888][SEVERE]: Timed out receiving message from renderer: -0.003
[1530737952.898][SEVERE]: Timed out receiving message from renderer: 10.000
[1530737952.900][SEVERE]: Timed out receiving message from renderer: -0.003
[1530737962.911][SEVERE]: Timed out receiving message from renderer: 10.000
[1530737962.913][SEVERE]: Timed out receiving message from renderer: -0.005
[1530737972.921][SEVERE]: Timed out receiving message from renderer: 10.000
[1530737972.923][SEVERE]: Timed out receiving message from renderer: -0.002
[1530737982.933][SEVERE]: Timed out receiving message from renderer: 10.000
[1530737982.935][SEVERE]: Timed out receiving message from renderer: -0.002
[1530737992.945][SEVERE]: Timed out receiving message from renderer: 10.000
[1530737992.947][SEVERE]: Timed out receiving message from renderer: -0.003
[1530738002.956][SEVERE]: Timed out receiving message from renderer: 10.000
[1530738002.958][SEVERE]: Timed out receiving message from renderer: -0.003
[1530738012.968][SEVERE]: Timed out receiving message from renderer: 10.000
[1530738012.969][SEVERE]: Timed out receiving message from renderer: -0.002
[1530738022.982][SEVERE]: Timed out receiving message from renderer: 10.000
[1530738022.983][SEVERE]: Timed out receiving message from renderer: -0.004
[1530738032.992][SEVERE]: Timed out receiving message from renderer: 10.000
[1530738032.994][SEVERE]: Timed out receiving message from renderer: -0.002
[1530738043.003][SEVERE]: Timed out receiving message from renderer: 10.000
[1530738043.006][SEVERE]: Timed out receiving message from renderer: -0.003
[1530738053.017][SEVERE]: Timed out receiving message from renderer: 10.000
[1530738053.019][SEVERE]: Timed out receiving message from renderer: -0.004
[1530738063.027][SEVERE]: Timed out receiving message from renderer: 10.000
[1530738063.029][SEVERE]: Timed out receiving message from renderer: -0.002
[1530738073.038][SEVERE]: Timed out receiving message from renderer: 10.000
[1530738073.042][SEVERE]: Timed out receiving message from renderer: -0.004
[1530738083.052][SEVERE]: Timed out receiving message from renderer: 10.000
[1530738083.053][SEVERE]: Timed out receiving message from renderer: -0.002
[1530738093.064][SEVERE]: Timed out receiving message from renderer: 10.000
[1530738093.066][SEVERE]: Timed out receiving message from renderer: -0.002
[1530738103.075][SEVERE]: Timed out receiving message from renderer: 10.000
[1530738103.078][SEVERE]: Timed out receiving message from renderer: -0.003
[1530738113.086][SEVERE]: Timed out receiving message from renderer: 10.000
[1530738113.089][SEVERE]: Timed out receiving message from renderer: -0.002
[1530738123.100][SEVERE]: Timed out receiving message from renderer: 10.000
[1530738123.103][SEVERE]: Timed out receiving message from renderer: -0.004
[1530738133.114][SEVERE]: Timed out receiving message from renderer: 10.000
[1530738133.116][SEVERE]: Timed out receiving message from renderer: -0.003
[1530738143.129][SEVERE]: Timed out receiving message from renderer: 10.000
[1530738143.130][SEVERE]: Timed out receiving message from renderer: -0.003
[1530738153.138][SEVERE]: Timed out receiving message from renderer: 10.000
[1530738153.140][SEVERE]: Timed out receiving message from renderer: -0.004
[1530738163.151][SEVERE]: Timed out receiving message from renderer: 10.000
[1530738163.152][SEVERE]: Timed out receiving message from renderer: -0.003
[1530738173.160][SEVERE]: Timed out receiving message from renderer: 10.000
[1530738173.161][SEVERE]: Timed out receiving message from renderer: -0.004
[1530738183.166][SEVERE]: Timed out receiving message from renderer: 10.000
[1530738183.168][SEVERE]: Timed out receiving message from renderer: -0.003
[1530738193.176][SEVERE]: Timed out receiving message from renderer: 10.000
[1530738193.177][SEVERE]: Timed out receiving message from renderer: -0.003
[1530738203.188][SEVERE]: Timed out receiving message from renderer: 10.000
[1530738203.190][SEVERE]: Timed out receiving message from renderer: -0.004
[1530738213.205][SEVERE]: Timed out receiving message from renderer: 10.000
[1530738213.206][SEVERE]: Timed out receiving message from renderer: -0.003
[1530738223.214][SEVERE]: Timed out receiving message from renderer: 10.000
[1530738223.216][SEVERE]: Timed out receiving message from renderer: -0.005
[1530738233.227][SEVERE]: Timed out receiving message from renderer: 10.000
[1530738233.228][SEVERE]: Timed out receiving message from renderer: -0.003
[1530738243.238][SEVERE]: Timed out receiving message from renderer: 10.000
[1530738243.240][SEVERE]: Timed out receiving message from renderer: -0.002
[1530738253.248][SEVERE]: Timed out receiving message from renderer: 10.000
[1530738253.250][SEVERE]: Timed out receiving message from renderer: -0.002
[1530738263.261][SEVERE]: Timed out receiving message from renderer: 10.000
[1530738263.263][SEVERE]: Timed out receiving message from renderer: -0.005
[1530738273.275][SEVERE]: Timed out receiving message from renderer: 10.000
[1530738273.277][SEVERE]: Timed out receiving message from renderer: -0.003
[1530738283.288][SEVERE]: Timed out receiving message from renderer: 10.000
[1530738283.289][SEVERE]: Timed out receiving message from renderer: -0.004
[1530738293.298][SEVERE]: Timed out receiving message from renderer: 10.000
[1530738293.300][SEVERE]: Timed out receiving message from renderer: -0.002
[1530738303.311][SEVERE]: Timed out receiving message from renderer: 10.000
[1530738303.314][SEVERE]: Timed out receiving message from renderer: -0.005
[1530738313.323][SEVERE]: Timed out receiving message from renderer: 10.000
[1530738313.325][SEVERE]: Timed out receiving message from renderer: -0.002
[1530738323.335][SEVERE]: Timed out receiving message from renderer: 10.000
[1530738323.336][SEVERE]: Timed out receiving message from renderer: -0.002
[1530738333.347][SEVERE]: Timed out receiving message from renderer: 10.000
[1530738333.349][SEVERE]: Timed out receiving message from renderer: -0.005
[1530738343.358][SEVERE]: Timed out receiving message from renderer: 10.000
[1530738343.359][SEVERE]: Timed out receiving message from renderer: -0.002
[1530738353.371][SEVERE]: Timed out receiving message from renderer: 10.000
[1530738353.373][SEVERE]: Timed out receiving message from renderer: -0.003
[1530738363.381][SEVERE]: Timed out receiving message from renderer: 10.000
[1530738363.383][SEVERE]: Timed out receiving message from renderer: -0.002
[1530738373.393][SEVERE]: Timed out receiving message from renderer: 10.000
[1530738373.396][SEVERE]: Timed out receiving message from renderer: -0.004
[1530738383.406][SEVERE]: Timed out receiving message from renderer: 10.000
[1530738383.408][SEVERE]: Timed out receiving message from renderer: -0.004
[1530738393.420][SEVERE]: Timed out receiving message from renderer: 10.000
[1530738393.421][SEVERE]: Timed out receiving message from renderer: -0.004
[1530738403.433][SEVERE]: Timed out receiving message from renderer: 10.000
[1530738403.435][SEVERE]: Timed out receiving message from renderer: -0.003
[1530738413.445][SEVERE]: Timed out receiving message from renderer: 10.000
[1530738413.447][SEVERE]: Timed out receiving message from renderer: -0.004
[1530738423.458][SEVERE]: Timed out receiving message from renderer: 10.000
[1530738423.461][SEVERE]: Timed out receiving message from renderer: -0.005
[1530738433.473][SEVERE]: Timed out receiving message from renderer: 10.000
[1530738433.475][SEVERE]: Timed out receiving message from renderer: -0.005
[1530738443.485][SEVERE]: Timed out receiving message from renderer: 10.000
[1530738443.487][SEVERE]: Timed out receiving message from renderer: -0.002
[1530738453.499][SEVERE]: Timed out receiving message from renderer: 10.000
[1530738453.501][SEVERE]: Timed out receiving message from renderer: -0.004
[1530738463.509][SEVERE]: Timed out receiving message from renderer: 10.000
[1530738463.511][SEVERE]: Timed out receiving message from renderer: -0.002
[1530738473.521][SEVERE]: Timed out receiving message from renderer: 10.000
[1530738473.523][SEVERE]: Timed out receiving message from renderer: -0.004
[1530738483.533][SEVERE]: Timed out receiving message from renderer: 10.000
[1530738483.535][SEVERE]: Timed out receiving message from renderer: -0.003
[1530738493.545][SEVERE]: Timed out receiving message from renderer: 10.000
[1530738493.546][SEVERE]: Timed out receiving message from renderer: -0.002
[1530738503.557][SEVERE]: Timed out receiving message from renderer: 10.000
[1530738503.559][SEVERE]: Timed out receiving message from renderer: -0.004
[1530738513.567][SEVERE]: Timed out receiving message from renderer: 10.000
[1530738513.569][SEVERE]: Timed out receiving message from renderer: -0.002
[1530738523.580][SEVERE]: Timed out receiving message from renderer: 10.000
[1530738523.582][SEVERE]: Timed out receiving message from renderer: -0.002
[1530738533.595][SEVERE]: Timed out receiving message from renderer: 10.000
[1530738533.596][SEVERE]: Timed out receiving message from renderer: -0.004
[1530738543.605][SEVERE]: Timed out receiving message from renderer: 10.000
[1530738543.607][SEVERE]: Timed out receiving message from renderer: -0.003
[1530738553.616][SEVERE]: Timed out receiving message from renderer: 10.000
[1530738553.619][SEVERE]: Timed out receiving message from renderer: -0.003
[1530738563.628][SEVERE]: Timed out receiving message from renderer: 10.000
[1530738563.630][SEVERE]: Timed out receiving message from renderer: -0.003
[1530738573.639][SEVERE]: Timed out receiving message from renderer: 10.000
[1530738573.641][SEVERE]: Timed out receiving message from renderer: -0.002
[1530738583.651][SEVERE]: Timed out receiving message from renderer: 10.000
[1530738583.653][SEVERE]: Timed out receiving message from renderer: -0.004
[1530738593.664][SEVERE]: Timed out receiving message from renderer: 10.000
[1530738593.665][SEVERE]: Timed out receiving message from renderer: -0.003
[1530738603.676][SEVERE]: Timed out receiving message from renderer: 10.000
[1530738603.678][SEVERE]: Timed out receiving message from renderer: -0.004
[1530738613.689][SEVERE]: Timed out receiving message from renderer: 10.000
[1530738613.691][SEVERE]: Timed out receiving message from renderer: -0.005
[1530738623.700][SEVERE]: Timed out receiving message from renderer: 10.000
[1530738623.703][SEVERE]: Timed out receiving message from renderer: -0.003
[1530738633.713][SEVERE]: Timed out receiving message from renderer: 10.000
[1530738633.715][SEVERE]: Timed out receiving message from renderer: -0.003
[1530738643.724][SEVERE]: Timed out receiving message from renderer: 10.000
[1530738643.726][SEVERE]: Timed out receiving message from renderer: -0.002
[1530738653.737][SEVERE]: Timed out receiving message from renderer: 10.000
[1530738653.739][SEVERE]: Timed out receiving message from renderer: -0.003
[1530738663.759][SEVERE]: Timed out receiving message from renderer: 10.000
[1530738663.761][SEVERE]: Timed out receiving message from renderer: -0.004
[1530738673.776][SEVERE]: Timed out receiving message from renderer: 10.000
[1530738673.778][SEVERE]: Timed out receiving message from renderer: -0.002
[1530738683.789][SEVERE]: Timed out receiving message from renderer: 10.000
[1530738683.791][SEVERE]: Timed out receiving message from renderer: -0.004
[1530738693.802][SEVERE]: Timed out receiving message from renderer: 10.000
[1530738693.804][SEVERE]: Timed out receiving message from renderer: -0.004
[1530738703.816][SEVERE]: Timed out receiving message from renderer: 10.000
[1530738703.818][SEVERE]: Timed out receiving message from renderer: -0.005
[1530738713.830][SEVERE]: Timed out receiving message from renderer: 10.000
[1530738713.832][SEVERE]: Timed out receiving message from renderer: -0.005
[1530738723.842][SEVERE]: Timed out receiving message from renderer: 10.000
[1530738723.845][SEVERE]: Timed out receiving message from renderer: -0.004
[1530738733.857][SEVERE]: Timed out receiving message from renderer: 10.000
[1530738733.858][SEVERE]: Timed out receiving message from renderer: -0.004
[1530738743.870][SEVERE]: Timed out receiving message from renderer: 10.000
[1530738743.872][SEVERE]: Timed out receiving message from renderer: -0.004
[1530738753.880][SEVERE]: Timed out receiving message from renderer: 10.000
[1530738753.882][SEVERE]: Timed out receiving message from renderer: -0.002
[1530738763.892][SEVERE]: Timed out receiving message from renderer: 10.000
[1530738763.895][SEVERE]: Timed out receiving message from renderer: -0.004
[1530738773.905][SEVERE]: Timed out receiving message from renderer: 10.000
[1530738773.907][SEVERE]: Timed out receiving message from renderer: -0.004
[1530738783.919][SEVERE]: Timed out receiving message from renderer: 10.000
[1530738783.920][SEVERE]: Timed out receiving message from renderer: -0.002
[1530738793.931][SEVERE]: Timed out receiving message from renderer: 10.000
[1530738793.933][SEVERE]: Timed out receiving message from renderer: -0.004
[1530738803.941][SEVERE]: Timed out receiving message from renderer: 10.000
[1530738803.944][SEVERE]: Timed out receiving message from renderer: -0.003
[1530738813.954][SEVERE]: Timed out receiving message from renderer: 10.000
[1530738813.956][SEVERE]: Timed out receiving message from renderer: -0.002
[1530738823.965][SEVERE]: Timed out receiving message from renderer: 10.000
[1530738823.967][SEVERE]: Timed out receiving message from renderer: -0.002
[1530738833.978][SEVERE]: Timed out receiving message from renderer: 10.000
[1530738833.980][SEVERE]: Timed out receiving message from renderer: -0.005
[1530738843.991][SEVERE]: Timed out receiving message from renderer: 10.000
[1530738843.993][SEVERE]: Timed out receiving message from renderer: -0.005
[1530738854.002][SEVERE]: Timed out receiving message from renderer: 10.000
[1530738854.004][SEVERE]: Timed out receiving message from renderer: -0.002
[1530738864.013][SEVERE]: Timed out receiving message from renderer: 10.000
[1530738864.015][SEVERE]: Timed out receiving message from renderer: -0.002
[1530738874.026][SEVERE]: Timed out receiving message from renderer: 10.000
[1530738874.028][SEVERE]: Timed out receiving message from renderer: -0.004
[1530738884.084][SEVERE]: Timed out receiving message from renderer: 10.000
[1530738884.086][SEVERE]: Timed out receiving message from renderer: -0.004
[1530738894.097][SEVERE]: Timed out receiving message from renderer: 10.000
[1530738894.099][SEVERE]: Timed out receiving message from renderer: -0.003
[1530738904.109][SEVERE]: Timed out receiving message from renderer: 10.000
[1530738904.111][SEVERE]: Timed out receiving message from renderer: -0.003
[1530738914.122][SEVERE]: Timed out receiving message from renderer: 10.000
[1530738914.124][SEVERE]: Timed out receiving message from renderer: -0.004
[1530738924.134][SEVERE]: Timed out receiving message from renderer: 10.000
[1530738924.135][SEVERE]: Timed out receiving message from renderer: -0.003
[1530738934.149][SEVERE]: Timed out receiving message from renderer: 10.000
[1530738934.150][SEVERE]: Timed out receiving message from renderer: -0.004
[1530738944.160][SEVERE]: Timed out receiving message from renderer: 10.000
[1530738944.162][SEVERE]: Timed out receiving message from renderer: -0.003
[1530738954.170][SEVERE]: Timed out receiving message from renderer: 10.000
[1530738954.172][SEVERE]: Timed out receiving message from renderer: -0.002
[1530738964.181][SEVERE]: Timed out receiving message from renderer: 10.000
[1530738964.182][SEVERE]: Timed out receiving message from renderer: -0.002
[1530738974.193][SEVERE]: Timed out receiving message from renderer: 10.000
[1530738974.195][SEVERE]: Timed out receiving message from renderer: -0.002
[1530738984.206][SEVERE]: Timed out receiving message from renderer: 10.000
[1530738984.208][SEVERE]: Timed out receiving message from renderer: -0.002
[1530738994.219][SEVERE]: Timed out receiving message from renderer: 10.000
[1530738994.221][SEVERE]: Timed out receiving message from renderer: -0.004
[1530739004.231][SEVERE]: Timed out receiving message from renderer: 10.000
[1530739004.233][SEVERE]: Timed out receiving message from renderer: -0.003
[1530739014.244][SEVERE]: Timed out receiving message from renderer: 10.000
[1530739014.246][SEVERE]: Timed out receiving message from renderer: -0.005
[1530739024.257][SEVERE]: Timed out receiving message from renderer: 10.000
[1530739024.259][SEVERE]: Timed out receiving message from renderer: -0.003
[1530739034.270][SEVERE]: Timed out receiving message from renderer: 10.000
[1530739034.273][SEVERE]: Timed out receiving message from renderer: -0.005
[1530739044.281][SEVERE]: Timed out receiving message from renderer: 10.000
[1530739044.283][SEVERE]: Timed out receiving message from renderer: -0.002
[1530739054.293][SEVERE]: Timed out receiving message from renderer: 10.000
[1530739054.295][SEVERE]: Timed out receiving message from renderer: -0.002
[1530739064.305][SEVERE]: Timed out receiving message from renderer: 10.000
[1530739064.307][SEVERE]: Timed out receiving message from renderer: -0.004
[1530739074.316][SEVERE]: Timed out receiving message from renderer: 10.000
[1530739074.319][SEVERE]: Timed out receiving message from renderer: -0.004
[1530739084.327][SEVERE]: Timed out receiving message from renderer: 10.000
[1530739084.328][SEVERE]: Timed out receiving message from renderer: -0.001
[1530739094.335][SEVERE]: Timed out receiving message from renderer: 10.000
[1530739094.336][SEVERE]: Timed out receiving message from renderer: -0.002
</system-err>
  </testcase>
  <testcase classname="com.crm.testcases.ContactsPageTest" name="Newcontact" time="0">
    <skipped/>
  </testcase>
  <testcase classname="com.crm.testcases.ContactsPageTest" name="quit" time="0">
    <skipped/>
  </testcase>
  <testcase classname="com.crm.testcases.ContactsPageTest" name="setup" time="0">
    <skipped/>
  </testcase>
  <testcase classname="com.crm.testcases.ContactsPageTest" name="Newcontact" time="0">
    <skipped/>
  </testcase>
  <testcase classname="com.crm.testcases.ContactsPageTest" name="quit" time="0">
    <skipped/>
  </testcase>
  <testcase classname="com.crm.testcases.LoginTest" name="crmlogotest" time="0.076"/>
  <testcase classname="com.crm.testcases.LoginTest" name="loginpagetest" time="8.686"/>
  <testcase classname="com.crm.testcases.LoginTest" name="loginpagetitletest" time="0.029"/>
  <testcase classname="com.crm.testcases.HomePageTest" name="verifyhometitle" time="0.18"/>
  <testcase classname="com.crm.testcases.HomePageTest" name="click" time="2,000.857">
    <failure message="no such element: Unable to locate element: {&quot;method&quot;:&quot;xpath&quot;,&quot;selector&quot;:&quot;//a[contains(text(),&apos;Contacts&apos;)]&quot;}
  (Session info: chrome=67.0.3396.99)
  (Driver info: chromedriver=2.40.565498 (ea082db3280dd6843ebfb08a625e3eb905c4f5ab),platform=Windows NT 6.3.9600 x86_64) (WARNING: The server did not provide any stacktrace information)
Command duration or timeout: 2000.07 seconds
For documentation on this error, please visit: http://seleniumhq.org/exceptions/no_such_element.html
Build info: version: &apos;2.53.0&apos;, revision: &apos;35ae25b1534ae328c771e0856c93e187490ca824&apos;, time: &apos;2016-03-15 10:43:46&apos;
System info: host: &apos;Nikil&apos;, ip: &apos;192.168.254.4&apos;, os.name: &apos;Windows 8.1&apos;, os.arch: &apos;amd64&apos;, os.version: &apos;6.3&apos;, java.version: &apos;1.8.0_131&apos;
Driver info: org.openqa.selenium.chrome.ChromeDriver
Capabilities [{applicationCacheEnabled=false, rotatable=false, mobileEmulationEnabled=false, networkConnectionEnabled=false, chrome={chromedriverVersion=2.40.565498 (ea082db3280dd6843ebfb08a625e3eb905c4f5ab), userDataDir=C:\Users\NIKILK~1\AppData\Local\Temp\scoped_dir18940_18254}, takesHeapSnapshot=true, pageLoadStrategy=normal, databaseEnabled=false, handlesAlerts=true, hasTouchScreen=false, version=67.0.3396.99, platform=WIN8_1, browserConnectionEnabled=false, nativeEvents=true, acceptSslCerts=false, acceptInsecureCerts=false, locationContextEnabled=true, webStorageEnabled=true, browserName=chrome, takesScreenshot=true, javascriptEnabled=true, cssSelectorsEnabled=true, setWindowRect=true, unexpectedAlertBehaviour=}]
Session ID: 8cfcb14ecdaa60d4a3cc1fb10f37befb
*** Element info: {Using=xpath, value=//a[contains(text(),&apos;Contacts&apos;)]}" type="org.openqa.selenium.NoSuchElementException">org.openqa.selenium.NoSuchElementException: no such element: Unable to locate element: {&quot;method&quot;:&quot;xpath&quot;,&quot;selector&quot;:&quot;//a[contains(text(),&apos;Contacts&apos;)]&quot;}
  (Session info: chrome=67.0.3396.99)
  (Driver info: chromedriver=2.40.565498 (ea082db3280dd6843ebfb08a625e3eb905c4f5ab),platform=Windows NT 6.3.9600 x86_64) (WARNING: The server did not provide any stacktrace information)
Command duration or timeout: 2000.07 seconds
For documentation on this error, please visit: http://seleniumhq.org/exceptions/no_such_element.html
Build info: version: &apos;2.53.0&apos;, revision: &apos;35ae25b1534ae328c771e0856c93e187490ca824&apos;, time: &apos;2016-03-15 10:43:46&apos;
System info: host: &apos;Nikil&apos;, ip: &apos;192.168.254.4&apos;, os.name: &apos;Windows 8.1&apos;, os.arch: &apos;amd64&apos;, os.version: &apos;6.3&apos;, java.version: &apos;1.8.0_131&apos;
Driver info: org.openqa.selenium.chrome.ChromeDriver
Capabilities [{applicationCacheEnabled=false, rotatable=false, mobileEmulationEnabled=false, networkConnectionEnabled=false, chrome={chromedriverVersion=2.40.565498 (ea082db3280dd6843ebfb08a625e3eb905c4f5ab), userDataDir=C:\Users\NIKILK~1\AppData\Local\Temp\scoped_dir18940_18254}, takesHeapSnapshot=true, pageLoadStrategy=normal, databaseEnabled=false, handlesAlerts=true, hasTouchScreen=false, version=67.0.3396.99, platform=WIN8_1, browserConnectionEnabled=false, nativeEvents=true, acceptSslCerts=false, acceptInsecureCerts=false, locationContextEnabled=true, webStorageEnabled=true, browserName=chrome, takesScreenshot=true, javascriptEnabled=true, cssSelectorsEnabled=true, setWindowRect=true, unexpectedAlertBehaviour=}]
Session ID: 8cfcb14ecdaa60d4a3cc1fb10f37befb
*** Element info: {Using=xpath, value=//a[contains(text(),&apos;Contacts&apos;)]}
	at sun.reflect.NativeConstructorAccessorImpl.newInstance0(Native Method)
	at sun.reflect.NativeConstructorAccessorImpl.newInstance(NativeConstructorAccessorImpl.java:62)
	at sun.reflect.DelegatingConstructorAccessorImpl.newInstance(DelegatingConstructorAccessorImpl.java:45)
	at java.lang.reflect.Constructor.newInstance(Constructor.java:423)
	at org.openqa.selenium.remote.ErrorHandler.createThrowable(ErrorHandler.java:206)
	at org.openqa.selenium.remote.ErrorHandler.throwIfResponseFailed(ErrorHandler.java:158)
	at org.openqa.selenium.remote.RemoteWebDriver.execute(RemoteWebDriver.java:678)
	at org.openqa.selenium.remote.RemoteWebDriver.findElement(RemoteWebDriver.java:363)
	at org.openqa.selenium.remote.RemoteWebDriver.findElementByXPath(RemoteWebDriver.java:500)
	at org.openqa.selenium.By$ByXPath.findElement(By.java:361)
	at org.openqa.selenium.remote.RemoteWebDriver.findElement(RemoteWebDriver.java:355)
	at sun.reflect.NativeMethodAccessorImpl.invoke0(Native Method)
	at sun.reflect.NativeMethodAccessorImpl.invoke(NativeMethodAccessorImpl.java:62)
	at sun.reflect.DelegatingMethodAccessorImpl.invoke(DelegatingMethodAccessorImpl.java:43)
	at java.lang.reflect.Method.invoke(Method.java:498)
	at org.openqa.selenium.support.events.EventFiringWebDriver$2.invoke(EventFiringWebDriver.java:103)
	at com.sun.proxy.$Proxy6.findElement(Unknown Source)
	at org.openqa.selenium.support.events.EventFiringWebDriver.findElement(EventFiringWebDriver.java:188)
	at org.openqa.selenium.support.pagefactory.DefaultElementLocator.findElement(DefaultElementLocator.java:69)
	at org.openqa.selenium.support.pagefactory.internal.LocatingElementHandler.invoke(LocatingElementHandler.java:38)
	at com.sun.proxy.$Proxy8.click(Unknown Source)
	at com.crm.pages.HomePage.clickonContacts(HomePage.java:51)
	at com.crm.testcases.HomePageTest.click(HomePageTest.java:45)
</failure>
    <system-out>Before navigating to: &apos;https://www.freecrm.com/&apos;
Navigated to:&apos;https://www.freecrm.com/&apos;
Trying to find Element By : By.xpath: //input[@name=&apos;username&apos;]
Found Element By : By.xpath: //input[@name=&apos;username&apos;]
Value of the:[[ChromeDriver: chrome on WIN8_1 (8cfcb14ecdaa60d4a3cc1fb10f37befb)] -&gt; xpath: //input[@name=&apos;username&apos;]] before any changes made
Element value changed to: [[ChromeDriver: chrome on WIN8_1 (8cfcb14ecdaa60d4a3cc1fb10f37befb)] -&gt; xpath: //input[@name=&apos;username&apos;]]
Trying to find Element By : By.xpath: //input[@name=&apos;password&apos;]
Found Element By : By.xpath: //input[@name=&apos;password&apos;]
Value of the:[[ChromeDriver: chrome on WIN8_1 (8cfcb14ecdaa60d4a3cc1fb10f37befb)] -&gt; xpath: //input[@name=&apos;password&apos;]] before any changes made
Element value changed to: [[ChromeDriver: chrome on WIN8_1 (8cfcb14ecdaa60d4a3cc1fb10f37befb)] -&gt; xpath: //input[@name=&apos;password&apos;]]
Trying to find Element By : By.xpath: //input[@type=&apos;submit&apos;]
Found Element By : By.xpath: //input[@type=&apos;submit&apos;]
Trying to find Element By : By.xpath: //a[contains(text(),&apos;Contacts&apos;)]
Exception occured: org.openqa.selenium.NoSuchElementException: no such element: Unable to locate element: {&quot;method&quot;:&quot;xpath&quot;,&quot;selector&quot;:&quot;//a[contains(text(),&apos;Contacts&apos;)]&quot;}
  (Session info: chrome=67.0.3396.99)
  (Driver info: chromedriver=2.40.565498 (ea082db3280dd6843ebfb08a625e3eb905c4f5ab),platform=Windows NT 6.3.9600 x86_64) (WARNING: The server did not provide any stacktrace information)
Command duration or timeout: 2000.07 seconds
For documentation on this error, please visit: http://seleniumhq.org/exceptions/no_such_element.html
Build info: version: &apos;2.53.0&apos;, revision: &apos;35ae25b1534ae328c771e0856c93e187490ca824&apos;, time: &apos;2016-03-15 10:43:46&apos;
System info: host: &apos;Nikil&apos;, ip: &apos;192.168.254.4&apos;, os.name: &apos;Windows 8.1&apos;, os.arch: &apos;amd64&apos;, os.version: &apos;6.3&apos;, java.version: &apos;1.8.0_131&apos;
Driver info: org.openqa.selenium.chrome.ChromeDriver
Capabilities [{applicationCacheEnabled=false, rotatable=false, mobileEmulationEnabled=false, networkConnectionEnabled=false, chrome={chromedriverVersion=2.40.565498 (ea082db3280dd6843ebfb08a625e3eb905c4f5ab), userDataDir=C:\Users\NIKILK~1\AppData\Local\Temp\scoped_dir18940_18254}, takesHeapSnapshot=true, pageLoadStrategy=normal, databaseEnabled=false, handlesAlerts=true, hasTouchScreen=false, version=67.0.3396.99, platform=WIN8_1, browserConnectionEnabled=false, nativeEvents=true, acceptSslCerts=false, acceptInsecureCerts=false, locationContextEnabled=true, webStorageEnabled=true, browserName=chrome, takesScreenshot=true, javascriptEnabled=true, cssSelectorsEnabled=true, setWindowRect=true, unexpectedAlertBehaviour=}]
Session ID: 8cfcb14ecdaa60d4a3cc1fb10f37befb
*** Element info: {Using=xpath, value=//a[contains(text(),&apos;Contacts&apos;)]}
</system-out>
    <system-err>Starting ChromeDriver 2.40.565498 (ea082db3280dd6843ebfb08a625e3eb905c4f5ab) on port 40225
Only local connections are allowed.
</system-err>
  </testcase>
</testsuite>