<?xml version="1.0" encoding="UTF-8"?>
<!-- Generated by org.testng.reporters.JUnitReportReporter -->
<testsuite hostname="Nikil" name="com.crm.testcases.HomePageTest" tests="2" failures="0" timestamp="5 Jul 2018 15:41:52 GMT" time="38.198" errors="0">
  <testcase name="click" time="24.446" classname="com.crm.testcases.HomePageTest"/>
  <testcase name="verifyhometitle" time="13.752" classname="com.crm.testcases.HomePageTest"/>
</testsuite> <!-- com.crm.testcases.HomePageTest -->
