<?xml version="1.0" encoding="UTF-8"?>
<!-- Generated by org.testng.reporters.JUnitReportReporter -->
<testsuite hostname="Nikil" name="com.crm.testcases.LoginTest" tests="3" failures="0" timestamp="5 Jul 2018 14:38:15 GMT" time="25.261" errors="0">
  <testcase name="crmlogotest" time="7.049" classname="com.crm.testcases.LoginTest"/>
  <testcase name="loginpagetest" time="12.211" classname="com.crm.testcases.LoginTest"/>
  <testcase name="loginpagetitletest" time="6.001" classname="com.crm.testcases.LoginTest"/>
</testsuite> <!-- com.crm.testcases.LoginTest -->
