<?xml version="1.0" encoding="UTF-8"?>
<!-- Generated by org.testng.reporters.JUnitReportReporter -->
<testsuite hostname="Nikil" name="com.crm.testcases.LoginTest" tests="3" failures="0" timestamp="3 Jul 2018 19:49:15 GMT" time="35.317" errors="0">
  <testcase name="crmlogotest" time="7.511" classname="com.crm.testcases.LoginTest"/>
  <testcase name="loginpagetitletest" time="8.550" classname="com.crm.testcases.LoginTest"/>
  <testcase name="loginpagetest" time="19.256" classname="com.crm.testcases.LoginTest"/>
</testsuite> <!-- com.crm.testcases.LoginTest -->
