<?xml version="1.0" encoding="UTF-8"?>
<!-- Generated by org.testng.reporters.JUnitReportReporter -->
<testsuite hostname="Nikil" name="com.crm.testcases.ContactsPageTest" tests="2" failures="0" timestamp="5 Jul 2018 14:38:15 GMT" time="23.962" errors="0">
  <testcase name="Newcontact" time="13.805" classname="com.crm.testcases.ContactsPageTest"/>
  <testcase name="Newcontact" time="10.157" classname="com.crm.testcases.ContactsPageTest"/>
</testsuite> <!-- com.crm.testcases.ContactsPageTest -->
