<?xml version="1.0" encoding="UTF-8"?>
<!-- Generated by org.testng.reporters.JUnitReportReporter -->
<testsuite hostname="Nikil" name="com.crm.util.SendMail" tests="1" failures="0" timestamp="5 Jul 2018 15:41:52 GMT" time="4.063" errors="0">
  <testcase name="SendMail" time="4.063" classname="com.crm.util.SendMail"/>
</testsuite> <!-- com.crm.util.SendMail -->
