<?xml version="1.0" encoding="UTF-8"?>
<!-- Generated by org.testng.reporters.JUnitReportReporter -->
<testsuite hostname="Nikil" name="com.crm.testcases.LoginTest" tests="3" failures="0" timestamp="5 Jul 2018 15:41:52 GMT" time="26.086" errors="0">
  <testcase name="loginpagetitletest" time="6.451" classname="com.crm.testcases.LoginTest"/>
  <testcase name="loginpagetest" time="13.734" classname="com.crm.testcases.LoginTest"/>
  <testcase name="crmlogotest" time="5.901" classname="com.crm.testcases.LoginTest"/>
</testsuite> <!-- com.crm.testcases.LoginTest -->
