<?xml version="1.0" encoding="UTF-8"?>
<!-- Generated by org.testng.reporters.JUnitReportReporter -->
<testsuite hostname="Nikil" name="com.crm.testcases.ContactsPageTest" tests="2" failures="0" timestamp="5 Jul 2018 15:41:52 GMT" time="22.360" errors="0">
  <testcase name="Newcontact" time="9.813" classname="com.crm.testcases.ContactsPageTest"/>
  <testcase name="Newcontact" time="12.547" classname="com.crm.testcases.ContactsPageTest"/>
</testsuite> <!-- com.crm.testcases.ContactsPageTest -->
