<?xml version="1.0" encoding="UTF-8"?>
<!-- Generated by org.testng.reporters.JUnitReportReporter -->
<testsuite hostname="Nikil" name="com.crm.testcases.LoginTest" tests="3" failures="0" timestamp="5 Jul 2018 14:57:44 GMT" time="21.982" errors="0">
  <testcase name="loginpagetest" time="9.789" classname="com.crm.testcases.LoginTest"/>
  <testcase name="loginpagetitletest" time="5.966" classname="com.crm.testcases.LoginTest"/>
  <testcase name="crmlogotest" time="6.227" classname="com.crm.testcases.LoginTest"/>
</testsuite> <!-- com.crm.testcases.LoginTest -->
