<?xml version="1.0" encoding="UTF-8"?>
<!-- Generated by org.testng.reporters.JUnitReportReporter -->
<testsuite hostname="Nikil" name="com.crm.testcases.ContactsPageTest" tests="2" failures="0" timestamp="5 Jul 2018 14:57:44 GMT" time="35.820" errors="0">
  <testcase name="Newcontact" time="13.250" classname="com.crm.testcases.ContactsPageTest"/>
  <testcase name="Newcontact" time="22.570" classname="com.crm.testcases.ContactsPageTest"/>
</testsuite> <!-- com.crm.testcases.ContactsPageTest -->
