<?xml version="1.0" encoding="UTF-8"?>
<!-- Generated by org.testng.reporters.JUnitReportReporter -->
<testsuite hostname="Nikil" name="com.crm.testcases.ContactsPageTest" tests="2" failures="0" timestamp="3 Jul 2018 21:10:52 GMT" time="45.500" errors="0">
  <testcase name="Newcontact" time="19.133" classname="com.crm.testcases.ContactsPageTest"/>
  <testcase name="Newcontact" time="26.367" classname="com.crm.testcases.ContactsPageTest"/>
</testsuite> <!-- com.crm.testcases.ContactsPageTest -->
