<?xml version="1.0" encoding="UTF-8"?>
<!-- Generated by org.testng.reporters.JUnitReportReporter -->
<testsuite hostname="Nikil" name="com.crm.testcases.LoginTest" tests="3" failures="0" timestamp="3 Jul 2018 21:10:52 GMT" time="29.711" errors="0">
  <testcase name="loginpagetest" time="19.372" classname="com.crm.testcases.LoginTest"/>
  <testcase name="loginpagetitletest" time="5.283" classname="com.crm.testcases.LoginTest"/>
  <testcase name="crmlogotest" time="5.056" classname="com.crm.testcases.LoginTest"/>
</testsuite> <!-- com.crm.testcases.LoginTest -->
