<?xml version="1.0" encoding="UTF-8"?>
<!-- Generated by org.testng.reporters.JUnitReportReporter -->
<testsuite hostname="Nikil" name="com.crm.testcases.LoginTest" tests="3" failures="0" timestamp="5 Jul 2018 14:41:25 GMT" time="24.533" errors="0">
  <testcase name="loginpagetest" time="11.792" classname="com.crm.testcases.LoginTest"/>
  <testcase name="loginpagetitletest" time="6.340" classname="com.crm.testcases.LoginTest"/>
  <testcase name="crmlogotest" time="6.401" classname="com.crm.testcases.LoginTest"/>
</testsuite> <!-- com.crm.testcases.LoginTest -->
