<?xml version="1.0" encoding="UTF-8"?>
<!-- Generated by org.testng.reporters.JUnitReportReporter -->
<testsuite hostname="Nikil" name="com.crm.testcases.LoginTest" tests="3" failures="0" timestamp="5 Jul 2018 15:16:51 GMT" time="20.497" errors="0">
  <testcase name="crmlogotest" time="5.042" classname="com.crm.testcases.LoginTest"/>
  <testcase name="loginpagetitletest" time="5.451" classname="com.crm.testcases.LoginTest"/>
  <testcase name="loginpagetest" time="10.004" classname="com.crm.testcases.LoginTest"/>
</testsuite> <!-- com.crm.testcases.LoginTest -->
