<?xml version="1.0" encoding="UTF-8"?>
<!-- Generated by org.testng.reporters.JUnitReportReporter -->
<testsuite hostname="Nikil" name="com.crm.testcases.ContactsPageTest" tests="2" failures="0" timestamp="5 Jul 2018 15:16:51 GMT" time="25.539" errors="0">
  <testcase name="Newcontact" time="15.752" classname="com.crm.testcases.ContactsPageTest"/>
  <testcase name="Newcontact" time="9.787" classname="com.crm.testcases.ContactsPageTest"/>
</testsuite> <!-- com.crm.testcases.ContactsPageTest -->
