<?xml version="1.0" encoding="UTF-8"?>
<!-- Generated by org.testng.reporters.JUnitReportReporter -->
<testsuite hostname="Nikil" name="com.crm.testcases.LoginTest" tests="3" failures="0" timestamp="4 Jul 2018 21:52:30 GMT" time="34.825" errors="0">
  <testcase name="loginpagetest" time="16.739" classname="com.crm.testcases.LoginTest"/>
  <testcase name="crmlogotest" time="11.101" classname="com.crm.testcases.LoginTest"/>
  <testcase name="loginpagetitletest" time="6.985" classname="com.crm.testcases.LoginTest"/>
</testsuite> <!-- com.crm.testcases.LoginTest -->
