<?xml version="1.0" encoding="UTF-8"?>
<!-- Generated by org.testng.reporters.JUnitReportReporter -->
<testsuite hostname="Nikil" name="com.crm.testcases.HomePageTest" tests="2" failures="0" timestamp="5 Jul 2018 15:16:51 GMT" time="16.959" errors="0">
  <testcase name="click" time="8.855" classname="com.crm.testcases.HomePageTest"/>
  <testcase name="verifyhometitle" time="8.104" classname="com.crm.testcases.HomePageTest"/>
</testsuite> <!-- com.crm.testcases.HomePageTest -->
